nn5.py, two encoders + one decoder
Tuning process for lr=3e-05
----------------------------------------------------------
lr=3e-05, lamb=0, num_epoch=200
Epoch: 1 	Training Cost: 13027.190345	 Valid Acc: 0.676545300592718 	Best Valid Acc: 0.676545
Epoch: 2 	Training Cost: 11646.629344	 Valid Acc: 0.6824724809483489 	Best Valid Acc: 0.682472
Epoch: 3 	Training Cost: 11460.749120	 Valid Acc: 0.682895850973751 	Best Valid Acc: 0.682896
Epoch: 4 	Training Cost: 11396.795712	 Valid Acc: 0.6845893310753599 	Best Valid Acc: 0.684589
Epoch: 5 	Training Cost: 11346.354872	 Valid Acc: 0.6858594411515665 	Best Valid Acc: 0.685859
Epoch: 6 	Training Cost: 11272.559884	 Valid Acc: 0.6857183178097658 	Best Valid Acc: 0.685859
Epoch: 7 	Training Cost: 11149.200488	 Valid Acc: 0.6868473045441716 	Best Valid Acc: 0.686847
Epoch: 8 	Training Cost: 10984.511725	 Valid Acc: 0.6958791984194186 	Best Valid Acc: 0.695879
Epoch: 9 	Training Cost: 10805.008108	 Valid Acc: 0.6989839119390348 	Best Valid Acc: 0.698984
Epoch: 10 	Training Cost: 10638.408897	 Valid Acc: 0.7012418854078465 	Best Valid Acc: 0.701242
Epoch: 11 	Training Cost: 10502.557458	 Valid Acc: 0.7044877222692634 	Best Valid Acc: 0.704488
Epoch: 12 	Training Cost: 10395.245385	 Valid Acc: 0.7067456957380751 	Best Valid Acc: 0.706746
Epoch: 13 	Training Cost: 10308.848869	 Valid Acc: 0.7087214225232854 	Best Valid Acc: 0.708721
Epoch: 14 	Training Cost: 10237.048725	 Valid Acc: 0.7084391758396839 	Best Valid Acc: 0.708721
Epoch: 15 	Training Cost: 10176.333734	 Valid Acc: 0.7092859158904883 	Best Valid Acc: 0.709286
Epoch: 16 	Training Cost: 10122.738294	 Valid Acc: 0.7087214225232854 	Best Valid Acc: 0.709286
Epoch: 17 	Training Cost: 10073.831594	 Valid Acc: 0.709991532599492 	Best Valid Acc: 0.709992
Epoch: 18 	Training Cost: 10029.105781	 Valid Acc: 0.7088625458650861 	Best Valid Acc: 0.709992
Epoch: 19 	Training Cost: 9988.425554	 Valid Acc: 0.7106971493084956 	Best Valid Acc: 0.710697
Epoch: 20 	Training Cost: 9951.447515	 Valid Acc: 0.7122495060683037 	Best Valid Acc: 0.712250
Epoch: 21 	Training Cost: 9917.534019	 Valid Acc: 0.7126728760937059 	Best Valid Acc: 0.712673
Epoch: 22 	Training Cost: 9885.999026	 Valid Acc: 0.7132373694609089 	Best Valid Acc: 0.713237
Epoch: 23 	Training Cost: 9856.629656	 Valid Acc: 0.713096246119108 	Best Valid Acc: 0.713237
Epoch: 24 	Training Cost: 9828.910361	 Valid Acc: 0.7128139994355066 	Best Valid Acc: 0.713237
Epoch: 25 	Training Cost: 9802.656561	 Valid Acc: 0.7118261360429015 	Best Valid Acc: 0.713237
Epoch: 26 	Training Cost: 9777.435596	 Valid Acc: 0.7128139994355066 	Best Valid Acc: 0.713237
Epoch: 27 	Training Cost: 9752.742956	 Valid Acc: 0.7129551227773073 	Best Valid Acc: 0.713237
Epoch: 28 	Training Cost: 9727.980633	 Valid Acc: 0.7133784928027096 	Best Valid Acc: 0.713378
Epoch: 29 	Training Cost: 9702.614086	 Valid Acc: 0.713660739486311 	Best Valid Acc: 0.713661
Epoch: 30 	Training Cost: 9675.710287	 Valid Acc: 0.7138018628281118 	Best Valid Acc: 0.713802
Epoch: 31 	Training Cost: 9645.878968	 Valid Acc: 0.7140841095117132 	Best Valid Acc: 0.714084
Epoch: 32 	Training Cost: 9612.782172	 Valid Acc: 0.7138018628281118 	Best Valid Acc: 0.714084
Epoch: 33 	Training Cost: 9577.002096	 Valid Acc: 0.713096246119108 	Best Valid Acc: 0.714084
Epoch: 34 	Training Cost: 9539.970647	 Valid Acc: 0.7135196161445103 	Best Valid Acc: 0.714084
Epoch: 35 	Training Cost: 9503.645497	 Valid Acc: 0.7133784928027096 	Best Valid Acc: 0.714084
Epoch: 36 	Training Cost: 9468.537460	 Valid Acc: 0.7133784928027096 	Best Valid Acc: 0.714084
Epoch: 37 	Training Cost: 9435.580461	 Valid Acc: 0.7132373694609089 	Best Valid Acc: 0.714084
Epoch: 38 	Training Cost: 9403.866315	 Valid Acc: 0.7128139994355066 	Best Valid Acc: 0.714084
Epoch: 39 	Training Cost: 9373.490806	 Valid Acc: 0.7129551227773073 	Best Valid Acc: 0.714084
Epoch: 40 	Training Cost: 9344.546013	 Valid Acc: 0.7116850127011007 	Best Valid Acc: 0.714084
Epoch: 41 	Training Cost: 9316.280409	 Valid Acc: 0.7108382726502963 	Best Valid Acc: 0.714084
Epoch: 42 	Training Cost: 9288.944455	 Valid Acc: 0.7105560259666949 	Best Valid Acc: 0.714084
Epoch: 43 	Training Cost: 9260.823298	 Valid Acc: 0.7097092859158904 	Best Valid Acc: 0.714084
Epoch: 44 	Training Cost: 9231.289835	 Valid Acc: 0.7085802991814846 	Best Valid Acc: 0.714084
Epoch: 45 	Training Cost: 9200.443713	 Valid Acc: 0.7085802991814846 	Best Valid Acc: 0.714084
Epoch: 46 	Training Cost: 9166.184069	 Valid Acc: 0.7058989556872707 	Best Valid Acc: 0.714084
Epoch: 47 	Training Cost: 9127.849259	 Valid Acc: 0.7081569291560824 	Best Valid Acc: 0.714084
Epoch: 48 	Training Cost: 9084.947323	 Valid Acc: 0.7061812023708721 	Best Valid Acc: 0.714084
Epoch: 49 	Training Cost: 9037.403922	 Valid Acc: 0.7077335591306803 	Best Valid Acc: 0.714084
Epoch: 50 	Training Cost: 8985.396771	 Valid Acc: 0.7053344623200677 	Best Valid Acc: 0.714084
Epoch: 51 	Training Cost: 8931.758868	 Valid Acc: 0.7063223257126728 	Best Valid Acc: 0.714084
Epoch: 52 	Training Cost: 8875.188663	 Valid Acc: 0.707310189105278 	Best Valid Acc: 0.714084
Epoch: 53 	Training Cost: 8818.220583	 Valid Acc: 0.7050522156364663 	Best Valid Acc: 0.714084
Epoch: 54 	Training Cost: 8762.046277	 Valid Acc: 0.7050522156364663 	Best Valid Acc: 0.714084
Epoch: 55 	Training Cost: 8705.981324	 Valid Acc: 0.7042054755856618 	Best Valid Acc: 0.714084
Epoch: 56 	Training Cost: 8650.312399	 Valid Acc: 0.7020886254586508 	Best Valid Acc: 0.714084
Epoch: 57 	Training Cost: 8596.780954	 Valid Acc: 0.7015241320914479 	Best Valid Acc: 0.714084
Epoch: 58 	Training Cost: 8543.283009	 Valid Acc: 0.703076488851256 	Best Valid Acc: 0.714084
Epoch: 59 	Training Cost: 8493.796849	 Valid Acc: 0.6998306519898391 	Best Valid Acc: 0.714084
Epoch: 60 	Training Cost: 8443.342251	 Valid Acc: 0.7015241320914479 	Best Valid Acc: 0.714084
Epoch: 61 	Training Cost: 8397.879065	 Valid Acc: 0.7005362686988428 	Best Valid Acc: 0.714084
Epoch: 62 	Training Cost: 8353.353150	 Valid Acc: 0.7001128986734406 	Best Valid Acc: 0.714084
Epoch: 63 	Training Cost: 8312.511426	 Valid Acc: 0.6995484053062376 	Best Valid Acc: 0.714084
Epoch: 64 	Training Cost: 8271.529580	 Valid Acc: 0.7001128986734406 	Best Valid Acc: 0.714084
Epoch: 65 	Training Cost: 8234.163808	 Valid Acc: 0.6998306519898391 	Best Valid Acc: 0.714084
Epoch: 66 	Training Cost: 8197.574271	 Valid Acc: 0.6996895286480384 	Best Valid Acc: 0.714084
Epoch: 67 	Training Cost: 8163.264436	 Valid Acc: 0.6977138018628282 	Best Valid Acc: 0.714084
Epoch: 68 	Training Cost: 8129.493405	 Valid Acc: 0.6981371718882303 	Best Valid Acc: 0.714084
Epoch: 69 	Training Cost: 8098.183358	 Valid Acc: 0.6957380750776179 	Best Valid Acc: 0.714084
Epoch: 70 	Training Cost: 8065.580059	 Valid Acc: 0.6971493084956252 	Best Valid Acc: 0.714084
Epoch: 71 	Training Cost: 8035.416416	 Valid Acc: 0.6950324583686142 	Best Valid Acc: 0.714084
Epoch: 72 	Training Cost: 8004.185870	 Valid Acc: 0.6968670618120237 	Best Valid Acc: 0.714084
Epoch: 73 	Training Cost: 7975.362090	 Valid Acc: 0.6941857183178097 	Best Valid Acc: 0.714084
Epoch: 74 	Training Cost: 7944.715456	 Valid Acc: 0.6944679650014113 	Best Valid Acc: 0.714084
Epoch: 75 	Training Cost: 7915.733268	 Valid Acc: 0.6944679650014113 	Best Valid Acc: 0.714084
Epoch: 76 	Training Cost: 7885.963094	 Valid Acc: 0.6948913350268134 	Best Valid Acc: 0.714084
Epoch: 77 	Training Cost: 7857.432404	 Valid Acc: 0.694044594976009 	Best Valid Acc: 0.714084
Epoch: 78 	Training Cost: 7827.115795	 Valid Acc: 0.6934801016088061 	Best Valid Acc: 0.714084
Epoch: 79 	Training Cost: 7797.229306	 Valid Acc: 0.6936212249506069 	Best Valid Acc: 0.714084
Epoch: 80 	Training Cost: 7766.843627	 Valid Acc: 0.6910810047981937 	Best Valid Acc: 0.714084
Epoch: 81 	Training Cost: 7735.683167	 Valid Acc: 0.6915043748235958 	Best Valid Acc: 0.714084
Epoch: 82 	Training Cost: 7703.808205	 Valid Acc: 0.6896697713801863 	Best Valid Acc: 0.714084
Epoch: 83 	Training Cost: 7671.313661	 Valid Acc: 0.689810894721987 	Best Valid Acc: 0.714084
Epoch: 84 	Training Cost: 7637.393681	 Valid Acc: 0.6895286480383855 	Best Valid Acc: 0.714084
Epoch: 85 	Training Cost: 7603.290838	 Valid Acc: 0.69037538808919 	Best Valid Acc: 0.714084
Epoch: 86 	Training Cost: 7567.709419	 Valid Acc: 0.6912221281399944 	Best Valid Acc: 0.714084
Epoch: 87 	Training Cost: 7533.953532	 Valid Acc: 0.6886819079875811 	Best Valid Acc: 0.714084
Epoch: 88 	Training Cost: 7499.150668	 Valid Acc: 0.6907987581145921 	Best Valid Acc: 0.714084
Epoch: 89 	Training Cost: 7462.554392	 Valid Acc: 0.6885407846457804 	Best Valid Acc: 0.714084
Epoch: 90 	Training Cost: 7427.480436	 Valid Acc: 0.6916454981653966 	Best Valid Acc: 0.714084
Epoch: 91 	Training Cost: 7391.233421	 Valid Acc: 0.69037538808919 	Best Valid Acc: 0.714084
Epoch: 92 	Training Cost: 7357.891885	 Valid Acc: 0.6889641546711827 	Best Valid Acc: 0.714084
Epoch: 93 	Training Cost: 7322.359891	 Valid Acc: 0.6871295512277731 	Best Valid Acc: 0.714084
Epoch: 94 	Training Cost: 7288.127474	 Valid Acc: 0.6857183178097658 	Best Valid Acc: 0.714084
Epoch: 95 	Training Cost: 7254.649120	 Valid Acc: 0.6851538244425628 	Best Valid Acc: 0.714084
Epoch: 96 	Training Cost: 7222.473621	 Valid Acc: 0.6850127011007621 	Best Valid Acc: 0.714084
Epoch: 97 	Training Cost: 7190.538940	 Valid Acc: 0.6819079875811459 	Best Valid Acc: 0.714084
Epoch: 98 	Training Cost: 7158.984421	 Valid Acc: 0.6830369743155518 	Best Valid Acc: 0.714084
Epoch: 99 	Training Cost: 7127.556940	 Valid Acc: 0.6837425910245555 	Best Valid Acc: 0.714084
Epoch: 100 	Training Cost: 7096.459291	 Valid Acc: 0.683460344340954 	Best Valid Acc: 0.714084
Epoch: 101 	Training Cost: 7064.803582	 Valid Acc: 0.6826136042901496 	Best Valid Acc: 0.714084
Epoch: 102 	Training Cost: 7035.652771	 Valid Acc: 0.6837425910245555 	Best Valid Acc: 0.714084
Epoch: 103 	Training Cost: 7004.948596	 Valid Acc: 0.6823313576065482 	Best Valid Acc: 0.714084
Epoch: 104 	Training Cost: 6973.692930	 Valid Acc: 0.6838837143663562 	Best Valid Acc: 0.714084
Epoch: 105 	Training Cost: 6943.347499	 Valid Acc: 0.6810612475303415 	Best Valid Acc: 0.714084
Epoch: 106 	Training Cost: 6911.907766	 Valid Acc: 0.6837425910245555 	Best Valid Acc: 0.714084
Epoch: 107 	Training Cost: 6883.066585	 Valid Acc: 0.6821902342647473 	Best Valid Acc: 0.714084
Epoch: 108 	Training Cost: 6850.817399	 Valid Acc: 0.6820491109229466 	Best Valid Acc: 0.714084
Epoch: 109 	Training Cost: 6821.392647	 Valid Acc: 0.6821902342647473 	Best Valid Acc: 0.714084
Epoch: 110 	Training Cost: 6788.149430	 Valid Acc: 0.6819079875811459 	Best Valid Acc: 0.714084
Epoch: 111 	Training Cost: 6753.734884	 Valid Acc: 0.68077900084674 	Best Valid Acc: 0.714084
Epoch: 112 	Training Cost: 6721.973473	 Valid Acc: 0.6812023708721423 	Best Valid Acc: 0.714084
Epoch: 113 	Training Cost: 6691.818815	 Valid Acc: 0.6810612475303415 	Best Valid Acc: 0.714084
Epoch: 114 	Training Cost: 6653.316603	 Valid Acc: 0.6800733841377364 	Best Valid Acc: 0.714084
Epoch: 115 	Training Cost: 6620.880974	 Valid Acc: 0.68077900084674 	Best Valid Acc: 0.714084
Epoch: 116 	Training Cost: 6583.235994	 Valid Acc: 0.6800733841377364 	Best Valid Acc: 0.714084
Epoch: 117 	Training Cost: 6549.476773	 Valid Acc: 0.6800733841377364 	Best Valid Acc: 0.714084
Epoch: 118 	Training Cost: 6510.002525	 Valid Acc: 0.6804967541631386 	Best Valid Acc: 0.714084
Epoch: 119 	Training Cost: 6473.615670	 Valid Acc: 0.6800733841377364 	Best Valid Acc: 0.714084
Epoch: 120 	Training Cost: 6438.504957	 Valid Acc: 0.677109793959921 	Best Valid Acc: 0.714084
Epoch: 121 	Training Cost: 6402.962436	 Valid Acc: 0.6799322607959356 	Best Valid Acc: 0.714084
Epoch: 122 	Training Cost: 6364.402542	 Valid Acc: 0.6789443974033305 	Best Valid Acc: 0.714084
Epoch: 123 	Training Cost: 6328.071190	 Valid Acc: 0.6782387806943269 	Best Valid Acc: 0.714084
Epoch: 124 	Training Cost: 6292.063050	 Valid Acc: 0.6783799040361276 	Best Valid Acc: 0.714084
Epoch: 125 	Training Cost: 6254.964413	 Valid Acc: 0.6778154106689246 	Best Valid Acc: 0.714084
Epoch: 126 	Training Cost: 6219.373993	 Valid Acc: 0.6773920406435224 	Best Valid Acc: 0.714084
Epoch: 127 	Training Cost: 6181.012117	 Valid Acc: 0.6761219305673158 	Best Valid Acc: 0.714084
Epoch: 128 	Training Cost: 6144.821136	 Valid Acc: 0.6778154106689246 	Best Valid Acc: 0.714084
Epoch: 129 	Training Cost: 6104.799743	 Valid Acc: 0.6758396838837144 	Best Valid Acc: 0.714084
Epoch: 130 	Training Cost: 6069.003772	 Valid Acc: 0.6742873271239063 	Best Valid Acc: 0.714084
Epoch: 131 	Training Cost: 6029.427442	 Valid Acc: 0.6738639570985041 	Best Valid Acc: 0.714084
Epoch: 132 	Training Cost: 5995.143361	 Valid Acc: 0.672876093705899 	Best Valid Acc: 0.714084
Epoch: 133 	Training Cost: 5956.641149	 Valid Acc: 0.6731583403895004 	Best Valid Acc: 0.714084
Epoch: 134 	Training Cost: 5919.982919	 Valid Acc: 0.6718882303132938 	Best Valid Acc: 0.714084
Epoch: 135 	Training Cost: 5882.293512	 Valid Acc: 0.6727349703640982 	Best Valid Acc: 0.714084
Epoch: 136 	Training Cost: 5845.807148	 Valid Acc: 0.6713237369460909 	Best Valid Acc: 0.714084
Epoch: 137 	Training Cost: 5808.247115	 Valid Acc: 0.6737228337567034 	Best Valid Acc: 0.714084
Epoch: 138 	Training Cost: 5771.871714	 Valid Acc: 0.6690657634772792 	Best Valid Acc: 0.714084
Epoch: 139 	Training Cost: 5738.813391	 Valid Acc: 0.6724527236804968 	Best Valid Acc: 0.714084
Epoch: 140 	Training Cost: 5699.125792	 Valid Acc: 0.6690657634772792 	Best Valid Acc: 0.714084
Epoch: 141 	Training Cost: 5663.775498	 Valid Acc: 0.6727349703640982 	Best Valid Acc: 0.714084
Epoch: 142 	Training Cost: 5626.863980	 Valid Acc: 0.6700536268698842 	Best Valid Acc: 0.714084
Epoch: 143 	Training Cost: 5592.406429	 Valid Acc: 0.672876093705899 	Best Valid Acc: 0.714084
Epoch: 144 	Training Cost: 5556.678366	 Valid Acc: 0.6696302568444821 	Best Valid Acc: 0.714084
Epoch: 145 	Training Cost: 5522.945911	 Valid Acc: 0.6709003669206887 	Best Valid Acc: 0.714084
Epoch: 146 	Training Cost: 5486.863384	 Valid Acc: 0.6690657634772792 	Best Valid Acc: 0.714084
Epoch: 147 	Training Cost: 5452.582327	 Valid Acc: 0.6716059836296924 	Best Valid Acc: 0.714084
Epoch: 148 	Training Cost: 5419.731057	 Valid Acc: 0.6686423934518769 	Best Valid Acc: 0.714084
Epoch: 149 	Training Cost: 5383.076051	 Valid Acc: 0.6697713801862828 	Best Valid Acc: 0.714084
Epoch: 150 	Training Cost: 5347.218338	 Valid Acc: 0.6686423934518769 	Best Valid Acc: 0.714084
Epoch: 151 	Training Cost: 5315.777618	 Valid Acc: 0.6696302568444821 	Best Valid Acc: 0.714084
Epoch: 152 	Training Cost: 5282.761529	 Valid Acc: 0.6669489133502682 	Best Valid Acc: 0.714084
Epoch: 153 	Training Cost: 5249.370501	 Valid Acc: 0.6686423934518769 	Best Valid Acc: 0.714084
Epoch: 154 	Training Cost: 5217.834031	 Valid Acc: 0.6655376799322608 	Best Valid Acc: 0.714084
Epoch: 155 	Training Cost: 5181.711420	 Valid Acc: 0.6677956534010725 	Best Valid Acc: 0.714084
Epoch: 156 	Training Cost: 5150.344691	 Valid Acc: 0.6677956534010725 	Best Valid Acc: 0.714084
Epoch: 157 	Training Cost: 5123.315160	 Valid Acc: 0.6670900366920689 	Best Valid Acc: 0.714084
Epoch: 158 	Training Cost: 5089.825119	 Valid Acc: 0.6668077900084673 	Best Valid Acc: 0.714084
Epoch: 159 	Training Cost: 5059.351519	 Valid Acc: 0.66539655659046 	Best Valid Acc: 0.714084
Epoch: 160 	Training Cost: 5028.406347	 Valid Acc: 0.6652554332486593 	Best Valid Acc: 0.714084
Epoch: 161 	Training Cost: 5002.516669	 Valid Acc: 0.6670900366920689 	Best Valid Acc: 0.714084
Epoch: 162 	Training Cost: 4970.590196	 Valid Acc: 0.6645498165396556 	Best Valid Acc: 0.714084
Epoch: 163 	Training Cost: 4940.590044	 Valid Acc: 0.663844199830652 	Best Valid Acc: 0.714084
Epoch: 164 	Training Cost: 4912.892234	 Valid Acc: 0.6644086931978549 	Best Valid Acc: 0.714084
Epoch: 165 	Training Cost: 4883.276240	 Valid Acc: 0.6635619531470506 	Best Valid Acc: 0.714084
Epoch: 166 	Training Cost: 4857.456637	 Valid Acc: 0.6637030764888513 	Best Valid Acc: 0.714084
Epoch: 167 	Training Cost: 4831.587900	 Valid Acc: 0.6634208298052497 	Best Valid Acc: 0.714084
Epoch: 168 	Training Cost: 4802.864482	 Valid Acc: 0.6622918430708439 	Best Valid Acc: 0.714084
Epoch: 169 	Training Cost: 4773.318429	 Valid Acc: 0.6594693762348293 	Best Valid Acc: 0.714084
Epoch: 170 	Training Cost: 4750.810595	 Valid Acc: 0.661727349703641 	Best Valid Acc: 0.714084
Epoch: 171 	Training Cost: 4727.535060	 Valid Acc: 0.6608806096528366 	Best Valid Acc: 0.714084
Epoch: 172 	Training Cost: 4695.772573	 Valid Acc: 0.6608806096528366 	Best Valid Acc: 0.714084
Epoch: 173 	Training Cost: 4669.408945	 Valid Acc: 0.6610217329946373 	Best Valid Acc: 0.714084
Epoch: 174 	Training Cost: 4650.334667	 Valid Acc: 0.6621507197290432 	Best Valid Acc: 0.714084
Epoch: 175 	Training Cost: 4620.571157	 Valid Acc: 0.6601749929438329 	Best Valid Acc: 0.714084
Epoch: 176 	Training Cost: 4593.167833	 Valid Acc: 0.6620095963872424 	Best Valid Acc: 0.714084
Epoch: 177 	Training Cost: 4572.808804	 Valid Acc: 0.659046006209427 	Best Valid Acc: 0.714084
Epoch: 178 	Training Cost: 4547.680193	 Valid Acc: 0.6601749929438329 	Best Valid Acc: 0.714084
Epoch: 179 	Training Cost: 4519.395198	 Valid Acc: 0.6600338696020321 	Best Valid Acc: 0.714084
Epoch: 180 	Training Cost: 4498.338814	 Valid Acc: 0.6593282528930285 	Best Valid Acc: 0.714084
Epoch: 181 	Training Cost: 4476.655109	 Valid Acc: 0.659046006209427 	Best Valid Acc: 0.714084
Epoch: 182 	Training Cost: 4450.808404	 Valid Acc: 0.6600338696020321 	Best Valid Acc: 0.714084
Epoch: 183 	Training Cost: 4429.144782	 Valid Acc: 0.6587637595258256 	Best Valid Acc: 0.714084
Epoch: 184 	Training Cost: 4407.236468	 Valid Acc: 0.6598927462602314 	Best Valid Acc: 0.714084
Epoch: 185 	Training Cost: 4382.232246	 Valid Acc: 0.6597516229184307 	Best Valid Acc: 0.714084
Epoch: 186 	Training Cost: 4361.517555	 Valid Acc: 0.6601749929438329 	Best Valid Acc: 0.714084
Epoch: 187 	Training Cost: 4339.911827	 Valid Acc: 0.6587637595258256 	Best Valid Acc: 0.714084
Epoch: 188 	Training Cost: 4313.472678	 Valid Acc: 0.6604572396274344 	Best Valid Acc: 0.714084
Epoch: 189 	Training Cost: 4295.285906	 Valid Acc: 0.658058142816822 	Best Valid Acc: 0.714084
Epoch: 190 	Training Cost: 4270.919163	 Valid Acc: 0.6607394863110359 	Best Valid Acc: 0.714084
Epoch: 191 	Training Cost: 4252.850864	 Valid Acc: 0.657493649449619 	Best Valid Acc: 0.714084
Epoch: 192 	Training Cost: 4226.326425	 Valid Acc: 0.6608806096528366 	Best Valid Acc: 0.714084
Epoch: 193 	Training Cost: 4208.874383	 Valid Acc: 0.657493649449619 	Best Valid Acc: 0.714084
Epoch: 194 	Training Cost: 4187.256679	 Valid Acc: 0.6587637595258256 	Best Valid Acc: 0.714084
Epoch: 195 	Training Cost: 4170.496566	 Valid Acc: 0.6565057860570138 	Best Valid Acc: 0.714084
Epoch: 196 	Training Cost: 4149.731333	 Valid Acc: 0.6584815128422241 	Best Valid Acc: 0.714084
Epoch: 197 	Training Cost: 4128.740224	 Valid Acc: 0.6583403895004234 	Best Valid Acc: 0.714084
Epoch: 198 	Training Cost: 4106.187645	 Valid Acc: 0.6563646627152131 	Best Valid Acc: 0.714084
Epoch: 199 	Training Cost: 4090.570248	 Valid Acc: 0.659046006209427 	Best Valid Acc: 0.714084
Epoch: 200 	Training Cost: 4069.129022	 Valid Acc: 0.6563646627152131 	Best Valid Acc: 0.714084
lr=3e-05, lamb=0, num_epoch=200, test_acc=0.655376799322608
----------------------------------------------------------
----------------------------------------------------------
lr=3e-05, lamb=0.0001, num_epoch=200
Epoch: 1 	Training Cost: 12905.301830	 Valid Acc: 0.672876093705899 	Best Valid Acc: 0.672876
Epoch: 2 	Training Cost: 11642.929741	 Valid Acc: 0.6768275472763196 	Best Valid Acc: 0.676828
Epoch: 3 	Training Cost: 11471.825301	 Valid Acc: 0.6802145074795372 	Best Valid Acc: 0.680215
Epoch: 4 	Training Cost: 11409.788949	 Valid Acc: 0.6830369743155518 	Best Valid Acc: 0.683037
Epoch: 5 	Training Cost: 11356.624977	 Valid Acc: 0.6852949477843635 	Best Valid Acc: 0.685295
Epoch: 6 	Training Cost: 11274.473025	 Valid Acc: 0.6844482077335591 	Best Valid Acc: 0.685295
Epoch: 7 	Training Cost: 11127.938108	 Valid Acc: 0.6905165114309907 	Best Valid Acc: 0.690517
Epoch: 8 	Training Cost: 10929.728904	 Valid Acc: 0.6971493084956252 	Best Valid Acc: 0.697149
Epoch: 9 	Training Cost: 10728.455350	 Valid Acc: 0.703076488851256 	Best Valid Acc: 0.703076
Epoch: 10 	Training Cost: 10560.651772	 Valid Acc: 0.7064634490544736 	Best Valid Acc: 0.706463
Epoch: 11 	Training Cost: 10435.278877	 Valid Acc: 0.707310189105278 	Best Valid Acc: 0.707310
Epoch: 12 	Training Cost: 10342.372499	 Valid Acc: 0.7104149026248942 	Best Valid Acc: 0.710415
Epoch: 13 	Training Cost: 10270.257215	 Valid Acc: 0.7115438893593 	Best Valid Acc: 0.711544
Epoch: 14 	Training Cost: 10211.903739	 Valid Acc: 0.7106971493084956 	Best Valid Acc: 0.711544
Epoch: 15 	Training Cost: 10163.131642	 Valid Acc: 0.7092859158904883 	Best Valid Acc: 0.711544
Epoch: 16 	Training Cost: 10121.307881	 Valid Acc: 0.7095681625740897 	Best Valid Acc: 0.711544
Epoch: 17 	Training Cost: 10084.372326	 Valid Acc: 0.7109793959920971 	Best Valid Acc: 0.711544
Epoch: 18 	Training Cost: 10050.794711	 Valid Acc: 0.7118261360429015 	Best Valid Acc: 0.711826
Epoch: 19 	Training Cost: 10020.142278	 Valid Acc: 0.7122495060683037 	Best Valid Acc: 0.712250
Epoch: 20 	Training Cost: 9991.336292	 Valid Acc: 0.714225232853514 	Best Valid Acc: 0.714225
Epoch: 21 	Training Cost: 9964.697297	 Valid Acc: 0.7149308495625176 	Best Valid Acc: 0.714931
Epoch: 22 	Training Cost: 9939.255573	 Valid Acc: 0.713660739486311 	Best Valid Acc: 0.714931
Epoch: 23 	Training Cost: 9915.467526	 Valid Acc: 0.7138018628281118 	Best Valid Acc: 0.714931
Epoch: 24 	Training Cost: 9892.837696	 Valid Acc: 0.7128139994355066 	Best Valid Acc: 0.714931
Epoch: 25 	Training Cost: 9871.549100	 Valid Acc: 0.7135196161445103 	Best Valid Acc: 0.714931
Epoch: 26 	Training Cost: 9851.132653	 Valid Acc: 0.713660739486311 	Best Valid Acc: 0.714931
Epoch: 27 	Training Cost: 9831.497565	 Valid Acc: 0.7145074795371155 	Best Valid Acc: 0.714931
Epoch: 28 	Training Cost: 9812.593419	 Valid Acc: 0.7138018628281118 	Best Valid Acc: 0.714931
Epoch: 29 	Training Cost: 9794.172073	 Valid Acc: 0.7145074795371155 	Best Valid Acc: 0.714931
Epoch: 30 	Training Cost: 9776.142978	 Valid Acc: 0.713096246119108 	Best Valid Acc: 0.714931
Epoch: 31 	Training Cost: 9758.390960	 Valid Acc: 0.7135196161445103 	Best Valid Acc: 0.714931
Epoch: 32 	Training Cost: 9740.863025	 Valid Acc: 0.7143663561953147 	Best Valid Acc: 0.714931
Epoch: 33 	Training Cost: 9723.058806	 Valid Acc: 0.7140841095117132 	Best Valid Acc: 0.714931
Epoch: 34 	Training Cost: 9704.547555	 Valid Acc: 0.7146486028789162 	Best Valid Acc: 0.714931
Epoch: 35 	Training Cost: 9684.386418	 Valid Acc: 0.7146486028789162 	Best Valid Acc: 0.714931
Epoch: 36 	Training Cost: 9661.576197	 Valid Acc: 0.7143663561953147 	Best Valid Acc: 0.714931
Epoch: 37 	Training Cost: 9635.285992	 Valid Acc: 0.7154953429297206 	Best Valid Acc: 0.715495
Epoch: 38 	Training Cost: 9605.292851	 Valid Acc: 0.7150719729043183 	Best Valid Acc: 0.715495
Epoch: 39 	Training Cost: 9573.018041	 Valid Acc: 0.7143663561953147 	Best Valid Acc: 0.715495
Epoch: 40 	Training Cost: 9540.056391	 Valid Acc: 0.7126728760937059 	Best Valid Acc: 0.715495
Epoch: 41 	Training Cost: 9509.630831	 Valid Acc: 0.7119672593847022 	Best Valid Acc: 0.715495
Epoch: 42 	Training Cost: 9479.756475	 Valid Acc: 0.7111205193338979 	Best Valid Acc: 0.715495
Epoch: 43 	Training Cost: 9453.095063	 Valid Acc: 0.712108382726503 	Best Valid Acc: 0.715495
Epoch: 44 	Training Cost: 9427.115267	 Valid Acc: 0.7104149026248942 	Best Valid Acc: 0.715495
Epoch: 45 	Training Cost: 9404.881072	 Valid Acc: 0.7087214225232854 	Best Valid Acc: 0.715495
Epoch: 46 	Training Cost: 9383.431585	 Valid Acc: 0.7101326559412927 	Best Valid Acc: 0.715495
Epoch: 47 	Training Cost: 9361.565885	 Valid Acc: 0.7087214225232854 	Best Valid Acc: 0.715495
Epoch: 48 	Training Cost: 9344.936743	 Valid Acc: 0.7080158058142817 	Best Valid Acc: 0.715495
Epoch: 49 	Training Cost: 9323.845896	 Valid Acc: 0.7080158058142817 	Best Valid Acc: 0.715495
Epoch: 50 	Training Cost: 9306.919733	 Valid Acc: 0.7068868190798758 	Best Valid Acc: 0.715495
Epoch: 51 	Training Cost: 9291.845128	 Valid Acc: 0.7068868190798758 	Best Valid Acc: 0.715495
Epoch: 52 	Training Cost: 9274.506507	 Valid Acc: 0.705193338978267 	Best Valid Acc: 0.715495
Epoch: 53 	Training Cost: 9259.005291	 Valid Acc: 0.705193338978267 	Best Valid Acc: 0.715495
Epoch: 54 	Training Cost: 9242.953635	 Valid Acc: 0.7053344623200677 	Best Valid Acc: 0.715495
Epoch: 55 	Training Cost: 9228.223742	 Valid Acc: 0.70575783234547 	Best Valid Acc: 0.715495
Epoch: 56 	Training Cost: 9213.675693	 Valid Acc: 0.7056167090036692 	Best Valid Acc: 0.715495
Epoch: 57 	Training Cost: 9199.741170	 Valid Acc: 0.7053344623200677 	Best Valid Acc: 0.715495
Epoch: 58 	Training Cost: 9183.407513	 Valid Acc: 0.7068868190798758 	Best Valid Acc: 0.715495
Epoch: 59 	Training Cost: 9170.818499	 Valid Acc: 0.7071690657634773 	Best Valid Acc: 0.715495
Epoch: 60 	Training Cost: 9156.064648	 Valid Acc: 0.7068868190798758 	Best Valid Acc: 0.715495
Epoch: 61 	Training Cost: 9141.757059	 Valid Acc: 0.7067456957380751 	Best Valid Acc: 0.715495
Epoch: 62 	Training Cost: 9124.515721	 Valid Acc: 0.7061812023708721 	Best Valid Acc: 0.715495
Epoch: 63 	Training Cost: 9109.583599	 Valid Acc: 0.7087214225232854 	Best Valid Acc: 0.715495
Epoch: 64 	Training Cost: 9091.911787	 Valid Acc: 0.7084391758396839 	Best Valid Acc: 0.715495
Epoch: 65 	Training Cost: 9070.934399	 Valid Acc: 0.7067456957380751 	Best Valid Acc: 0.715495
Epoch: 66 	Training Cost: 9048.973620	 Valid Acc: 0.7066045723962744 	Best Valid Acc: 0.715495
Epoch: 67 	Training Cost: 9022.519555	 Valid Acc: 0.7090036692068868 	Best Valid Acc: 0.715495
Epoch: 68 	Training Cost: 8994.759425	 Valid Acc: 0.7043465989274627 	Best Valid Acc: 0.715495
Epoch: 69 	Training Cost: 8960.582353	 Valid Acc: 0.7082980524978831 	Best Valid Acc: 0.715495
Epoch: 70 	Training Cost: 8924.387287	 Valid Acc: 0.7058989556872707 	Best Valid Acc: 0.715495
Epoch: 71 	Training Cost: 8889.786607	 Valid Acc: 0.7061812023708721 	Best Valid Acc: 0.715495
Epoch: 72 	Training Cost: 8851.860755	 Valid Acc: 0.7056167090036692 	Best Valid Acc: 0.715495
Epoch: 73 	Training Cost: 8815.351336	 Valid Acc: 0.7060400790290714 	Best Valid Acc: 0.715495
Epoch: 74 	Training Cost: 8781.796676	 Valid Acc: 0.7066045723962744 	Best Valid Acc: 0.715495
Epoch: 75 	Training Cost: 8750.081853	 Valid Acc: 0.7032176121930568 	Best Valid Acc: 0.715495
Epoch: 76 	Training Cost: 8721.212222	 Valid Acc: 0.7056167090036692 	Best Valid Acc: 0.715495
Epoch: 77 	Training Cost: 8692.841282	 Valid Acc: 0.7026531188258538 	Best Valid Acc: 0.715495
Epoch: 78 	Training Cost: 8668.089841	 Valid Acc: 0.7047699689528648 	Best Valid Acc: 0.715495
Epoch: 79 	Training Cost: 8642.668674	 Valid Acc: 0.7037821055602597 	Best Valid Acc: 0.715495
Epoch: 80 	Training Cost: 8618.806682	 Valid Acc: 0.7046288456110641 	Best Valid Acc: 0.715495
Epoch: 81 	Training Cost: 8597.764831	 Valid Acc: 0.7039232289020604 	Best Valid Acc: 0.715495
Epoch: 82 	Training Cost: 8577.979504	 Valid Acc: 0.7039232289020604 	Best Valid Acc: 0.715495
Epoch: 83 	Training Cost: 8556.552364	 Valid Acc: 0.7012418854078465 	Best Valid Acc: 0.715495
Epoch: 84 	Training Cost: 8536.126050	 Valid Acc: 0.7012418854078465 	Best Valid Acc: 0.715495
Epoch: 85 	Training Cost: 8515.639739	 Valid Acc: 0.7003951453570421 	Best Valid Acc: 0.715495
Epoch: 86 	Training Cost: 8496.596435	 Valid Acc: 0.6999717753316399 	Best Valid Acc: 0.715495
Epoch: 87 	Training Cost: 8475.529952	 Valid Acc: 0.6999717753316399 	Best Valid Acc: 0.715495
Epoch: 88 	Training Cost: 8456.820475	 Valid Acc: 0.7006773920406435 	Best Valid Acc: 0.715495
Epoch: 89 	Training Cost: 8438.364499	 Valid Acc: 0.6984194185718318 	Best Valid Acc: 0.715495
Epoch: 90 	Training Cost: 8418.271309	 Valid Acc: 0.7001128986734406 	Best Valid Acc: 0.715495
Epoch: 91 	Training Cost: 8400.188413	 Valid Acc: 0.6978549252046289 	Best Valid Acc: 0.715495
Epoch: 92 	Training Cost: 8383.115469	 Valid Acc: 0.6979960485464296 	Best Valid Acc: 0.715495
Epoch: 93 	Training Cost: 8367.277393	 Valid Acc: 0.6971493084956252 	Best Valid Acc: 0.715495
Epoch: 94 	Training Cost: 8346.075098	 Valid Acc: 0.6977138018628282 	Best Valid Acc: 0.715495
Epoch: 95 	Training Cost: 8327.121986	 Valid Acc: 0.6954558283940163 	Best Valid Acc: 0.715495
Epoch: 96 	Training Cost: 8310.017457	 Valid Acc: 0.6947502116850127 	Best Valid Acc: 0.715495
Epoch: 97 	Training Cost: 8291.995262	 Valid Acc: 0.6960203217612193 	Best Valid Acc: 0.715495
Epoch: 98 	Training Cost: 8273.424312	 Valid Acc: 0.6941857183178097 	Best Valid Acc: 0.715495
Epoch: 99 	Training Cost: 8254.282727	 Valid Acc: 0.6957380750776179 	Best Valid Acc: 0.715495
Epoch: 100 	Training Cost: 8233.077049	 Valid Acc: 0.6955969517358171 	Best Valid Acc: 0.715495
Epoch: 101 	Training Cost: 8212.236710	 Valid Acc: 0.6964436917866215 	Best Valid Acc: 0.715495
Epoch: 102 	Training Cost: 8192.235061	 Valid Acc: 0.6953147050522156 	Best Valid Acc: 0.715495
Epoch: 103 	Training Cost: 8169.389782	 Valid Acc: 0.6931978549252046 	Best Valid Acc: 0.715495
Epoch: 104 	Training Cost: 8141.563183	 Valid Acc: 0.6958791984194186 	Best Valid Acc: 0.715495
Epoch: 105 	Training Cost: 8115.354779	 Valid Acc: 0.6931978549252046 	Best Valid Acc: 0.715495
Epoch: 106 	Training Cost: 8086.672855	 Valid Acc: 0.6955969517358171 	Best Valid Acc: 0.715495
Epoch: 107 	Training Cost: 8056.407748	 Valid Acc: 0.6939034716342083 	Best Valid Acc: 0.715495
Epoch: 108 	Training Cost: 8024.306433	 Valid Acc: 0.6943268416596104 	Best Valid Acc: 0.715495
Epoch: 109 	Training Cost: 7994.536619	 Valid Acc: 0.6930567315834039 	Best Valid Acc: 0.715495
Epoch: 110 	Training Cost: 7961.492782	 Valid Acc: 0.6930567315834039 	Best Valid Acc: 0.715495
Epoch: 111 	Training Cost: 7932.929725	 Valid Acc: 0.6912221281399944 	Best Valid Acc: 0.715495
Epoch: 112 	Training Cost: 7905.140095	 Valid Acc: 0.6916454981653966 	Best Valid Acc: 0.715495
Epoch: 113 	Training Cost: 7878.114736	 Valid Acc: 0.6881174146203782 	Best Valid Acc: 0.715495
Epoch: 114 	Training Cost: 7851.088369	 Valid Acc: 0.6900931414055885 	Best Valid Acc: 0.715495
Epoch: 115 	Training Cost: 7828.072341	 Valid Acc: 0.6878351679367768 	Best Valid Acc: 0.715495
Epoch: 116 	Training Cost: 7802.916472	 Valid Acc: 0.6891052780129834 	Best Valid Acc: 0.715495
Epoch: 117 	Training Cost: 7778.788903	 Valid Acc: 0.6888230313293818 	Best Valid Acc: 0.715495
Epoch: 118 	Training Cost: 7756.885771	 Valid Acc: 0.6878351679367768 	Best Valid Acc: 0.715495
Epoch: 119 	Training Cost: 7735.008721	 Valid Acc: 0.6879762912785775 	Best Valid Acc: 0.715495
Epoch: 120 	Training Cost: 7711.169016	 Valid Acc: 0.6883996613039797 	Best Valid Acc: 0.715495
Epoch: 121 	Training Cost: 7691.417444	 Valid Acc: 0.6883996613039797 	Best Valid Acc: 0.715495
Epoch: 122 	Training Cost: 7669.862952	 Valid Acc: 0.6879762912785775 	Best Valid Acc: 0.715495
Epoch: 123 	Training Cost: 7649.757426	 Valid Acc: 0.6861416878351679 	Best Valid Acc: 0.715495
Epoch: 124 	Training Cost: 7628.267585	 Valid Acc: 0.6885407846457804 	Best Valid Acc: 0.715495
Epoch: 125 	Training Cost: 7608.854763	 Valid Acc: 0.6864239345187694 	Best Valid Acc: 0.715495
Epoch: 126 	Training Cost: 7588.300770	 Valid Acc: 0.6879762912785775 	Best Valid Acc: 0.715495
Epoch: 127 	Training Cost: 7568.351664	 Valid Acc: 0.6868473045441716 	Best Valid Acc: 0.715495
Epoch: 128 	Training Cost: 7547.087431	 Valid Acc: 0.6852949477843635 	Best Valid Acc: 0.715495
Epoch: 129 	Training Cost: 7527.682339	 Valid Acc: 0.6855771944679651 	Best Valid Acc: 0.715495
Epoch: 130 	Training Cost: 7507.466254	 Valid Acc: 0.6850127011007621 	Best Valid Acc: 0.715495
Epoch: 131 	Training Cost: 7488.264522	 Valid Acc: 0.6848715777589613 	Best Valid Acc: 0.715495
Epoch: 132 	Training Cost: 7469.566937	 Valid Acc: 0.6860005644933672 	Best Valid Acc: 0.715495
Epoch: 133 	Training Cost: 7448.460038	 Valid Acc: 0.6843070843917584 	Best Valid Acc: 0.715495
Epoch: 134 	Training Cost: 7428.392436	 Valid Acc: 0.6836014676827548 	Best Valid Acc: 0.715495
Epoch: 135 	Training Cost: 7409.263836	 Valid Acc: 0.682895850973751 	Best Valid Acc: 0.715495
Epoch: 136 	Training Cost: 7388.679068	 Valid Acc: 0.6821902342647473 	Best Valid Acc: 0.715495
Epoch: 137 	Training Cost: 7367.450203	 Valid Acc: 0.68077900084674 	Best Valid Acc: 0.715495
Epoch: 138 	Training Cost: 7347.779219	 Valid Acc: 0.6830369743155518 	Best Valid Acc: 0.715495
Epoch: 139 	Training Cost: 7327.008145	 Valid Acc: 0.6803556308213379 	Best Valid Acc: 0.715495
Epoch: 140 	Training Cost: 7307.500492	 Valid Acc: 0.6809201241885408 	Best Valid Acc: 0.715495
Epoch: 141 	Training Cost: 7284.402938	 Valid Acc: 0.6789443974033305 	Best Valid Acc: 0.715495
Epoch: 142 	Training Cost: 7262.019516	 Valid Acc: 0.6776742873271239 	Best Valid Acc: 0.715495
Epoch: 143 	Training Cost: 7237.888960	 Valid Acc: 0.6803556308213379 	Best Valid Acc: 0.715495
Epoch: 144 	Training Cost: 7216.872731	 Valid Acc: 0.6772509173017217 	Best Valid Acc: 0.715495
Epoch: 145 	Training Cost: 7189.046485	 Valid Acc: 0.678662150719729 	Best Valid Acc: 0.715495
Epoch: 146 	Training Cost: 7166.332727	 Valid Acc: 0.6768275472763196 	Best Valid Acc: 0.715495
Epoch: 147 	Training Cost: 7138.324631	 Valid Acc: 0.6789443974033305 	Best Valid Acc: 0.715495
Epoch: 148 	Training Cost: 7111.097964	 Valid Acc: 0.6754163138583121 	Best Valid Acc: 0.715495
Epoch: 149 	Training Cost: 7080.619777	 Valid Acc: 0.6778154106689246 	Best Valid Acc: 0.715495
Epoch: 150 	Training Cost: 7055.535329	 Valid Acc: 0.6762630539091166 	Best Valid Acc: 0.715495
Epoch: 151 	Training Cost: 7023.177431	 Valid Acc: 0.6766864239345187 	Best Valid Acc: 0.715495
Epoch: 152 	Training Cost: 6993.134660	 Valid Acc: 0.6732994637313011 	Best Valid Acc: 0.715495
Epoch: 153 	Training Cost: 6960.905936	 Valid Acc: 0.6747106971493085 	Best Valid Acc: 0.715495
Epoch: 154 	Training Cost: 6930.280374	 Valid Acc: 0.6730172170476997 	Best Valid Acc: 0.715495
Epoch: 155 	Training Cost: 6897.423003	 Valid Acc: 0.6737228337567034 	Best Valid Acc: 0.715495
Epoch: 156 	Training Cost: 6868.338851	 Valid Acc: 0.6730172170476997 	Best Valid Acc: 0.715495
Epoch: 157 	Training Cost: 6833.581859	 Valid Acc: 0.6748518204911093 	Best Valid Acc: 0.715495
Epoch: 158 	Training Cost: 6803.611056	 Valid Acc: 0.6720293536550945 	Best Valid Acc: 0.715495
Epoch: 159 	Training Cost: 6772.744839	 Valid Acc: 0.6740050804403048 	Best Valid Acc: 0.715495
Epoch: 160 	Training Cost: 6741.037260	 Valid Acc: 0.6716059836296924 	Best Valid Acc: 0.715495
Epoch: 161 	Training Cost: 6710.187907	 Valid Acc: 0.6742873271239063 	Best Valid Acc: 0.715495
Epoch: 162 	Training Cost: 6679.240104	 Valid Acc: 0.672311600338696 	Best Valid Acc: 0.715495
Epoch: 163 	Training Cost: 6649.295832	 Valid Acc: 0.6721704769968952 	Best Valid Acc: 0.715495
Epoch: 164 	Training Cost: 6622.181753	 Valid Acc: 0.6721704769968952 	Best Valid Acc: 0.715495
Epoch: 165 	Training Cost: 6589.497774	 Valid Acc: 0.6711826136042901 	Best Valid Acc: 0.715495
Epoch: 166 	Training Cost: 6560.852985	 Valid Acc: 0.6711826136042901 	Best Valid Acc: 0.715495
Epoch: 167 	Training Cost: 6531.116698	 Valid Acc: 0.6704769968952865 	Best Valid Acc: 0.715495
Epoch: 168 	Training Cost: 6508.023783	 Valid Acc: 0.6699125035280835 	Best Valid Acc: 0.715495
Epoch: 169 	Training Cost: 6475.128105	 Valid Acc: 0.6710414902624894 	Best Valid Acc: 0.715495
Epoch: 170 	Training Cost: 6447.755191	 Valid Acc: 0.6699125035280835 	Best Valid Acc: 0.715495
Epoch: 171 	Training Cost: 6421.927385	 Valid Acc: 0.6710414902624894 	Best Valid Acc: 0.715495
Epoch: 172 	Training Cost: 6396.260591	 Valid Acc: 0.6686423934518769 	Best Valid Acc: 0.715495
Epoch: 173 	Training Cost: 6370.393593	 Valid Acc: 0.6703358735534858 	Best Valid Acc: 0.715495
Epoch: 174 	Training Cost: 6343.585227	 Valid Acc: 0.6683601467682755 	Best Valid Acc: 0.715495
Epoch: 175 	Training Cost: 6315.688101	 Valid Acc: 0.6699125035280835 	Best Valid Acc: 0.715495
Epoch: 176 	Training Cost: 6292.535598	 Valid Acc: 0.6704769968952865 	Best Valid Acc: 0.715495
Epoch: 177 	Training Cost: 6266.978665	 Valid Acc: 0.6692068868190799 	Best Valid Acc: 0.715495
Epoch: 178 	Training Cost: 6238.942624	 Valid Acc: 0.6696302568444821 	Best Valid Acc: 0.715495
Epoch: 179 	Training Cost: 6213.957038	 Valid Acc: 0.6706181202370872 	Best Valid Acc: 0.715495
Epoch: 180 	Training Cost: 6191.579757	 Valid Acc: 0.6687835167936776 	Best Valid Acc: 0.715495
Epoch: 181 	Training Cost: 6162.432353	 Valid Acc: 0.6690657634772792 	Best Valid Acc: 0.715495
Epoch: 182 	Training Cost: 6138.742255	 Valid Acc: 0.6693480101608806 	Best Valid Acc: 0.715495
Epoch: 183 	Training Cost: 6116.538265	 Valid Acc: 0.6699125035280835 	Best Valid Acc: 0.715495
Epoch: 184 	Training Cost: 6091.283740	 Valid Acc: 0.6694891335026814 	Best Valid Acc: 0.715495
Epoch: 185 	Training Cost: 6060.853070	 Valid Acc: 0.6685012701100762 	Best Valid Acc: 0.715495
Epoch: 186 	Training Cost: 6037.661581	 Valid Acc: 0.6692068868190799 	Best Valid Acc: 0.715495
Epoch: 187 	Training Cost: 6015.158647	 Valid Acc: 0.6689246401354784 	Best Valid Acc: 0.715495
Epoch: 188 	Training Cost: 5987.960526	 Valid Acc: 0.6700536268698842 	Best Valid Acc: 0.715495
Epoch: 189 	Training Cost: 5962.356571	 Valid Acc: 0.6685012701100762 	Best Valid Acc: 0.715495
Epoch: 190 	Training Cost: 5936.630248	 Valid Acc: 0.6693480101608806 	Best Valid Acc: 0.715495
Epoch: 191 	Training Cost: 5916.867932	 Valid Acc: 0.6672311600338696 	Best Valid Acc: 0.715495
Epoch: 192 	Training Cost: 5886.804639	 Valid Acc: 0.6696302568444821 	Best Valid Acc: 0.715495
Epoch: 193 	Training Cost: 5860.438849	 Valid Acc: 0.6668077900084673 	Best Valid Acc: 0.715495
Epoch: 194 	Training Cost: 5840.233468	 Valid Acc: 0.6694891335026814 	Best Valid Acc: 0.715495
Epoch: 195 	Training Cost: 5811.835937	 Valid Acc: 0.6670900366920689 	Best Valid Acc: 0.715495
Epoch: 196 	Training Cost: 5787.671024	 Valid Acc: 0.6665255433248659 	Best Valid Acc: 0.715495
Epoch: 197 	Training Cost: 5764.437589	 Valid Acc: 0.6668077900084673 	Best Valid Acc: 0.715495
Epoch: 198 	Training Cost: 5741.673392	 Valid Acc: 0.6642675698560542 	Best Valid Acc: 0.715495
Epoch: 199 	Training Cost: 5713.492998	 Valid Acc: 0.6665255433248659 	Best Valid Acc: 0.715495
Epoch: 200 	Training Cost: 5693.971793	 Valid Acc: 0.6644086931978549 	Best Valid Acc: 0.715495
lr=3e-05, lamb=0.0001, num_epoch=200, test_acc=0.6613039796782387
----------------------------------------------------------
----------------------------------------------------------
lr=3e-05, lamb=0.001, num_epoch=200
Epoch: 1 	Training Cost: 13323.306223	 Valid Acc: 0.6677956534010725 	Best Valid Acc: 0.667796
Epoch: 2 	Training Cost: 11827.078924	 Valid Acc: 0.6816257408975445 	Best Valid Acc: 0.681626
Epoch: 3 	Training Cost: 11636.190473	 Valid Acc: 0.6824724809483489 	Best Valid Acc: 0.682472
Epoch: 4 	Training Cost: 11566.815255	 Valid Acc: 0.6827547276319503 	Best Valid Acc: 0.682755
Epoch: 5 	Training Cost: 11513.188577	 Valid Acc: 0.6840248377081569 	Best Valid Acc: 0.684025
Epoch: 6 	Training Cost: 11444.208198	 Valid Acc: 0.6850127011007621 	Best Valid Acc: 0.685013
Epoch: 7 	Training Cost: 11326.995187	 Valid Acc: 0.6872706745695738 	Best Valid Acc: 0.687271
Epoch: 8 	Training Cost: 11149.867678	 Valid Acc: 0.691927744848998 	Best Valid Acc: 0.691928
Epoch: 9 	Training Cost: 10940.945563	 Valid Acc: 0.696725938470223 	Best Valid Acc: 0.696726
Epoch: 10 	Training Cost: 10750.815514	 Valid Acc: 0.7033587355348575 	Best Valid Acc: 0.703359
Epoch: 11 	Training Cost: 10607.924828	 Valid Acc: 0.7064634490544736 	Best Valid Acc: 0.706463
Epoch: 12 	Training Cost: 10504.656602	 Valid Acc: 0.7080158058142817 	Best Valid Acc: 0.708016
Epoch: 13 	Training Cost: 10426.841387	 Valid Acc: 0.7095681625740897 	Best Valid Acc: 0.709568
Epoch: 14 	Training Cost: 10365.767737	 Valid Acc: 0.7108382726502963 	Best Valid Acc: 0.710838
Epoch: 15 	Training Cost: 10317.101832	 Valid Acc: 0.7106971493084956 	Best Valid Acc: 0.710838
Epoch: 16 	Training Cost: 10277.393539	 Valid Acc: 0.712108382726503 	Best Valid Acc: 0.712108
Epoch: 17 	Training Cost: 10244.595744	 Valid Acc: 0.7126728760937059 	Best Valid Acc: 0.712673
Epoch: 18 	Training Cost: 10217.237545	 Valid Acc: 0.7128139994355066 	Best Valid Acc: 0.712814
Epoch: 19 	Training Cost: 10193.276812	 Valid Acc: 0.7143663561953147 	Best Valid Acc: 0.714366
Epoch: 20 	Training Cost: 10172.227522	 Valid Acc: 0.7147897262207169 	Best Valid Acc: 0.714790
Epoch: 21 	Training Cost: 10153.773700	 Valid Acc: 0.7150719729043183 	Best Valid Acc: 0.715072
Epoch: 22 	Training Cost: 10135.835823	 Valid Acc: 0.715777589613322 	Best Valid Acc: 0.715778
Epoch: 23 	Training Cost: 10119.840151	 Valid Acc: 0.7156364662715213 	Best Valid Acc: 0.715778
Epoch: 24 	Training Cost: 10104.117930	 Valid Acc: 0.7146486028789162 	Best Valid Acc: 0.715778
Epoch: 25 	Training Cost: 10089.185803	 Valid Acc: 0.7147897262207169 	Best Valid Acc: 0.715778
Epoch: 26 	Training Cost: 10075.070240	 Valid Acc: 0.7147897262207169 	Best Valid Acc: 0.715778
Epoch: 27 	Training Cost: 10060.880215	 Valid Acc: 0.7152130962461191 	Best Valid Acc: 0.715778
Epoch: 28 	Training Cost: 10047.056220	 Valid Acc: 0.7147897262207169 	Best Valid Acc: 0.715778
Epoch: 29 	Training Cost: 10033.674429	 Valid Acc: 0.7154953429297206 	Best Valid Acc: 0.715778
Epoch: 30 	Training Cost: 10020.317702	 Valid Acc: 0.7149308495625176 	Best Valid Acc: 0.715778
Epoch: 31 	Training Cost: 10007.403412	 Valid Acc: 0.7145074795371155 	Best Valid Acc: 0.715778
Epoch: 32 	Training Cost: 9994.691371	 Valid Acc: 0.7129551227773073 	Best Valid Acc: 0.715778
Epoch: 33 	Training Cost: 9982.006559	 Valid Acc: 0.7123906294101044 	Best Valid Acc: 0.715778
Epoch: 34 	Training Cost: 9970.835757	 Valid Acc: 0.7125317527519052 	Best Valid Acc: 0.715778
Epoch: 35 	Training Cost: 9958.971062	 Valid Acc: 0.7123906294101044 	Best Valid Acc: 0.715778
Epoch: 36 	Training Cost: 9947.342421	 Valid Acc: 0.7132373694609089 	Best Valid Acc: 0.715778
Epoch: 37 	Training Cost: 9937.744681	 Valid Acc: 0.7133784928027096 	Best Valid Acc: 0.715778
Epoch: 38 	Training Cost: 9927.576123	 Valid Acc: 0.714225232853514 	Best Valid Acc: 0.715778
Epoch: 39 	Training Cost: 9917.799249	 Valid Acc: 0.7140841095117132 	Best Valid Acc: 0.715778
Epoch: 40 	Training Cost: 9908.243246	 Valid Acc: 0.7154953429297206 	Best Valid Acc: 0.715778
Epoch: 41 	Training Cost: 9900.556929	 Valid Acc: 0.7159187129551228 	Best Valid Acc: 0.715919
Epoch: 42 	Training Cost: 9892.267505	 Valid Acc: 0.715777589613322 	Best Valid Acc: 0.715919
Epoch: 43 	Training Cost: 9884.061932	 Valid Acc: 0.713660739486311 	Best Valid Acc: 0.715919
Epoch: 44 	Training Cost: 9877.240286	 Valid Acc: 0.713096246119108 	Best Valid Acc: 0.715919
Epoch: 45 	Training Cost: 9870.374881	 Valid Acc: 0.7128139994355066 	Best Valid Acc: 0.715919
Epoch: 46 	Training Cost: 9863.907282	 Valid Acc: 0.7128139994355066 	Best Valid Acc: 0.715919
Epoch: 47 	Training Cost: 9859.673727	 Valid Acc: 0.7129551227773073 	Best Valid Acc: 0.715919
Epoch: 48 	Training Cost: 9854.698309	 Valid Acc: 0.7140841095117132 	Best Valid Acc: 0.715919
Epoch: 49 	Training Cost: 9850.936449	 Valid Acc: 0.7153542195879199 	Best Valid Acc: 0.715919
Epoch: 50 	Training Cost: 9845.201889	 Valid Acc: 0.7150719729043183 	Best Valid Acc: 0.715919
Epoch: 51 	Training Cost: 9842.498816	 Valid Acc: 0.715777589613322 	Best Valid Acc: 0.715919
Epoch: 52 	Training Cost: 9838.096534	 Valid Acc: 0.7143663561953147 	Best Valid Acc: 0.715919
Epoch: 53 	Training Cost: 9833.428224	 Valid Acc: 0.7154953429297206 	Best Valid Acc: 0.715919
Epoch: 54 	Training Cost: 9830.243766	 Valid Acc: 0.7146486028789162 	Best Valid Acc: 0.715919
Epoch: 55 	Training Cost: 9827.403040	 Valid Acc: 0.7160598362969235 	Best Valid Acc: 0.716060
Epoch: 56 	Training Cost: 9822.590406	 Valid Acc: 0.7150719729043183 	Best Valid Acc: 0.716060
Epoch: 57 	Training Cost: 9819.109223	 Valid Acc: 0.7152130962461191 	Best Valid Acc: 0.716060
Epoch: 58 	Training Cost: 9816.465968	 Valid Acc: 0.7156364662715213 	Best Valid Acc: 0.716060
Epoch: 59 	Training Cost: 9813.208793	 Valid Acc: 0.7160598362969235 	Best Valid Acc: 0.716060
Epoch: 60 	Training Cost: 9810.264337	 Valid Acc: 0.7159187129551228 	Best Valid Acc: 0.716060
Epoch: 61 	Training Cost: 9807.649453	 Valid Acc: 0.715777589613322 	Best Valid Acc: 0.716060
Epoch: 62 	Training Cost: 9805.590234	 Valid Acc: 0.7178944397403331 	Best Valid Acc: 0.717894
Epoch: 63 	Training Cost: 9802.926220	 Valid Acc: 0.7154953429297206 	Best Valid Acc: 0.717894
Epoch: 64 	Training Cost: 9799.729292	 Valid Acc: 0.7163420829805249 	Best Valid Acc: 0.717894
Epoch: 65 	Training Cost: 9798.950451	 Valid Acc: 0.7171888230313294 	Best Valid Acc: 0.717894
Epoch: 66 	Training Cost: 9795.656085	 Valid Acc: 0.7177533163985323 	Best Valid Acc: 0.717894
Epoch: 67 	Training Cost: 9794.549849	 Valid Acc: 0.7166243296641265 	Best Valid Acc: 0.717894
Epoch: 68 	Training Cost: 9790.363338	 Valid Acc: 0.7174710697149308 	Best Valid Acc: 0.717894
Epoch: 69 	Training Cost: 9787.855165	 Valid Acc: 0.7171888230313294 	Best Valid Acc: 0.717894
Epoch: 70 	Training Cost: 9786.309047	 Valid Acc: 0.7171888230313294 	Best Valid Acc: 0.717894
Epoch: 71 	Training Cost: 9785.845343	 Valid Acc: 0.7177533163985323 	Best Valid Acc: 0.717894
Epoch: 72 	Training Cost: 9780.645263	 Valid Acc: 0.7176121930567316 	Best Valid Acc: 0.717894
Epoch: 73 	Training Cost: 9780.250132	 Valid Acc: 0.7173299463731301 	Best Valid Acc: 0.717894
Epoch: 74 	Training Cost: 9776.857704	 Valid Acc: 0.7177533163985323 	Best Valid Acc: 0.717894
Epoch: 75 	Training Cost: 9774.642022	 Valid Acc: 0.7171888230313294 	Best Valid Acc: 0.717894
Epoch: 76 	Training Cost: 9771.437586	 Valid Acc: 0.7174710697149308 	Best Valid Acc: 0.717894
Epoch: 77 	Training Cost: 9769.715475	 Valid Acc: 0.7181766864239345 	Best Valid Acc: 0.718177
Epoch: 78 	Training Cost: 9765.950635	 Valid Acc: 0.7174710697149308 	Best Valid Acc: 0.718177
Epoch: 79 	Training Cost: 9761.970686	 Valid Acc: 0.7167654530059272 	Best Valid Acc: 0.718177
Epoch: 80 	Training Cost: 9757.224589	 Valid Acc: 0.7167654530059272 	Best Valid Acc: 0.718177
Epoch: 81 	Training Cost: 9753.412631	 Valid Acc: 0.7170476996895286 	Best Valid Acc: 0.718177
Epoch: 82 	Training Cost: 9747.668375	 Valid Acc: 0.7178944397403331 	Best Valid Acc: 0.718177
Epoch: 83 	Training Cost: 9740.717895	 Valid Acc: 0.7167654530059272 	Best Valid Acc: 0.718177
Epoch: 84 	Training Cost: 9731.112228	 Valid Acc: 0.7176121930567316 	Best Valid Acc: 0.718177
Epoch: 85 	Training Cost: 9720.214498	 Valid Acc: 0.715777589613322 	Best Valid Acc: 0.718177
Epoch: 86 	Training Cost: 9707.122504	 Valid Acc: 0.7174710697149308 	Best Valid Acc: 0.718177
Epoch: 87 	Training Cost: 9690.257487	 Valid Acc: 0.7153542195879199 	Best Valid Acc: 0.718177
Epoch: 88 	Training Cost: 9670.076244	 Valid Acc: 0.7162009596387242 	Best Valid Acc: 0.718177
Epoch: 89 	Training Cost: 9649.239288	 Valid Acc: 0.7156364662715213 	Best Valid Acc: 0.718177
Epoch: 90 	Training Cost: 9628.140997	 Valid Acc: 0.7149308495625176 	Best Valid Acc: 0.718177
Epoch: 91 	Training Cost: 9607.090355	 Valid Acc: 0.7163420829805249 	Best Valid Acc: 0.718177
Epoch: 92 	Training Cost: 9587.379473	 Valid Acc: 0.713660739486311 	Best Valid Acc: 0.718177
Epoch: 93 	Training Cost: 9568.293745	 Valid Acc: 0.7164832063223258 	Best Valid Acc: 0.718177
Epoch: 94 	Training Cost: 9550.005797	 Valid Acc: 0.7143663561953147 	Best Valid Acc: 0.718177
Epoch: 95 	Training Cost: 9533.063068	 Valid Acc: 0.7147897262207169 	Best Valid Acc: 0.718177
Epoch: 96 	Training Cost: 9515.857028	 Valid Acc: 0.7139429861699125 	Best Valid Acc: 0.718177
Epoch: 97 	Training Cost: 9499.518152	 Valid Acc: 0.7146486028789162 	Best Valid Acc: 0.718177
Epoch: 98 	Training Cost: 9483.296808	 Valid Acc: 0.713660739486311 	Best Valid Acc: 0.718177
Epoch: 99 	Training Cost: 9468.535538	 Valid Acc: 0.7118261360429015 	Best Valid Acc: 0.718177
Epoch: 100 	Training Cost: 9454.836107	 Valid Acc: 0.712108382726503 	Best Valid Acc: 0.718177
Epoch: 101 	Training Cost: 9441.704115	 Valid Acc: 0.7111205193338979 	Best Valid Acc: 0.718177
Epoch: 102 	Training Cost: 9427.656845	 Valid Acc: 0.7111205193338979 	Best Valid Acc: 0.718177
Epoch: 103 	Training Cost: 9415.190433	 Valid Acc: 0.7104149026248942 	Best Valid Acc: 0.718177
Epoch: 104 	Training Cost: 9403.782502	 Valid Acc: 0.7097092859158904 	Best Valid Acc: 0.718177
Epoch: 105 	Training Cost: 9393.039686	 Valid Acc: 0.7105560259666949 	Best Valid Acc: 0.718177
Epoch: 106 	Training Cost: 9382.391351	 Valid Acc: 0.7092859158904883 	Best Valid Acc: 0.718177
Epoch: 107 	Training Cost: 9372.380621	 Valid Acc: 0.7087214225232854 	Best Valid Acc: 0.718177
Epoch: 108 	Training Cost: 9362.013179	 Valid Acc: 0.7092859158904883 	Best Valid Acc: 0.718177
Epoch: 109 	Training Cost: 9351.632688	 Valid Acc: 0.7085802991814846 	Best Valid Acc: 0.718177
Epoch: 110 	Training Cost: 9343.100162	 Valid Acc: 0.707874682472481 	Best Valid Acc: 0.718177
Epoch: 111 	Training Cost: 9335.420725	 Valid Acc: 0.7085802991814846 	Best Valid Acc: 0.718177
Epoch: 112 	Training Cost: 9326.301132	 Valid Acc: 0.7070279424216765 	Best Valid Acc: 0.718177
Epoch: 113 	Training Cost: 9317.952332	 Valid Acc: 0.707874682472481 	Best Valid Acc: 0.718177
Epoch: 114 	Training Cost: 9308.767186	 Valid Acc: 0.7067456957380751 	Best Valid Acc: 0.718177
Epoch: 115 	Training Cost: 9301.644029	 Valid Acc: 0.707874682472481 	Best Valid Acc: 0.718177
Epoch: 116 	Training Cost: 9293.037861	 Valid Acc: 0.7060400790290714 	Best Valid Acc: 0.718177
Epoch: 117 	Training Cost: 9286.215923	 Valid Acc: 0.7070279424216765 	Best Valid Acc: 0.718177
Epoch: 118 	Training Cost: 9278.926811	 Valid Acc: 0.7046288456110641 	Best Valid Acc: 0.718177
Epoch: 119 	Training Cost: 9271.340254	 Valid Acc: 0.7064634490544736 	Best Valid Acc: 0.718177
Epoch: 120 	Training Cost: 9263.471674	 Valid Acc: 0.7042054755856618 	Best Valid Acc: 0.718177
Epoch: 121 	Training Cost: 9256.421919	 Valid Acc: 0.7071690657634773 	Best Valid Acc: 0.718177
Epoch: 122 	Training Cost: 9249.599160	 Valid Acc: 0.7044877222692634 	Best Valid Acc: 0.718177
Epoch: 123 	Training Cost: 9242.615181	 Valid Acc: 0.707310189105278 	Best Valid Acc: 0.718177
Epoch: 124 	Training Cost: 9236.449639	 Valid Acc: 0.7043465989274627 	Best Valid Acc: 0.718177
Epoch: 125 	Training Cost: 9229.022431	 Valid Acc: 0.705193338978267 	Best Valid Acc: 0.718177
Epoch: 126 	Training Cost: 9222.561375	 Valid Acc: 0.7029353655094552 	Best Valid Acc: 0.718177
Epoch: 127 	Training Cost: 9215.760083	 Valid Acc: 0.705193338978267 	Best Valid Acc: 0.718177
Epoch: 128 	Training Cost: 9210.319886	 Valid Acc: 0.7029353655094552 	Best Valid Acc: 0.718177
Epoch: 129 	Training Cost: 9203.924134	 Valid Acc: 0.705193338978267 	Best Valid Acc: 0.718177
Epoch: 130 	Training Cost: 9197.317834	 Valid Acc: 0.7034998588766582 	Best Valid Acc: 0.718177
Epoch: 131 	Training Cost: 9191.224389	 Valid Acc: 0.7037821055602597 	Best Valid Acc: 0.718177
Epoch: 132 	Training Cost: 9184.581494	 Valid Acc: 0.7033587355348575 	Best Valid Acc: 0.718177
Epoch: 133 	Training Cost: 9179.450791	 Valid Acc: 0.7039232289020604 	Best Valid Acc: 0.718177
Epoch: 134 	Training Cost: 9173.780061	 Valid Acc: 0.7029353655094552 	Best Valid Acc: 0.718177
Epoch: 135 	Training Cost: 9168.274540	 Valid Acc: 0.7037821055602597 	Best Valid Acc: 0.718177
Epoch: 136 	Training Cost: 9160.754724	 Valid Acc: 0.7019475021168501 	Best Valid Acc: 0.718177
Epoch: 137 	Training Cost: 9156.722684	 Valid Acc: 0.7027942421676545 	Best Valid Acc: 0.718177
Epoch: 138 	Training Cost: 9150.688116	 Valid Acc: 0.7049110922946655 	Best Valid Acc: 0.718177
Epoch: 139 	Training Cost: 9145.341129	 Valid Acc: 0.7029353655094552 	Best Valid Acc: 0.718177
Epoch: 140 	Training Cost: 9140.134036	 Valid Acc: 0.7042054755856618 	Best Valid Acc: 0.718177
Epoch: 141 	Training Cost: 9135.435872	 Valid Acc: 0.7042054755856618 	Best Valid Acc: 0.718177
Epoch: 142 	Training Cost: 9130.063758	 Valid Acc: 0.7049110922946655 	Best Valid Acc: 0.718177
Epoch: 143 	Training Cost: 9124.602420	 Valid Acc: 0.7040643522438611 	Best Valid Acc: 0.718177
Epoch: 144 	Training Cost: 9119.084863	 Valid Acc: 0.7029353655094552 	Best Valid Acc: 0.718177
Epoch: 145 	Training Cost: 9115.863273	 Valid Acc: 0.7040643522438611 	Best Valid Acc: 0.718177
Epoch: 146 	Training Cost: 9110.432577	 Valid Acc: 0.7040643522438611 	Best Valid Acc: 0.718177
Epoch: 147 	Training Cost: 9105.841773	 Valid Acc: 0.7033587355348575 	Best Valid Acc: 0.718177
Epoch: 148 	Training Cost: 9102.464159	 Valid Acc: 0.7023708721422524 	Best Valid Acc: 0.718177
Epoch: 149 	Training Cost: 9097.834655	 Valid Acc: 0.7033587355348575 	Best Valid Acc: 0.718177
Epoch: 150 	Training Cost: 9093.587904	 Valid Acc: 0.7042054755856618 	Best Valid Acc: 0.718177
Epoch: 151 	Training Cost: 9089.313722	 Valid Acc: 0.7053344623200677 	Best Valid Acc: 0.718177
Epoch: 152 	Training Cost: 9084.516445	 Valid Acc: 0.7042054755856618 	Best Valid Acc: 0.718177
Epoch: 153 	Training Cost: 9082.954803	 Valid Acc: 0.7047699689528648 	Best Valid Acc: 0.718177
Epoch: 154 	Training Cost: 9077.956734	 Valid Acc: 0.7039232289020604 	Best Valid Acc: 0.718177
Epoch: 155 	Training Cost: 9073.270935	 Valid Acc: 0.7047699689528648 	Best Valid Acc: 0.718177
Epoch: 156 	Training Cost: 9067.501379	 Valid Acc: 0.7040643522438611 	Best Valid Acc: 0.718177
Epoch: 157 	Training Cost: 9066.417875	 Valid Acc: 0.70575783234547 	Best Valid Acc: 0.718177
Epoch: 158 	Training Cost: 9062.366492	 Valid Acc: 0.7046288456110641 	Best Valid Acc: 0.718177
Epoch: 159 	Training Cost: 9057.632251	 Valid Acc: 0.7047699689528648 	Best Valid Acc: 0.718177
Epoch: 160 	Training Cost: 9054.258188	 Valid Acc: 0.7053344623200677 	Best Valid Acc: 0.718177
Epoch: 161 	Training Cost: 9051.572292	 Valid Acc: 0.7047699689528648 	Best Valid Acc: 0.718177
Epoch: 162 	Training Cost: 9048.183724	 Valid Acc: 0.7054755856618685 	Best Valid Acc: 0.718177
Epoch: 163 	Training Cost: 9043.119142	 Valid Acc: 0.7046288456110641 	Best Valid Acc: 0.718177
Epoch: 164 	Training Cost: 9041.319780	 Valid Acc: 0.7047699689528648 	Best Valid Acc: 0.718177
Epoch: 165 	Training Cost: 9036.822173	 Valid Acc: 0.7046288456110641 	Best Valid Acc: 0.718177
Epoch: 166 	Training Cost: 9033.523325	 Valid Acc: 0.7044877222692634 	Best Valid Acc: 0.718177
Epoch: 167 	Training Cost: 9030.478680	 Valid Acc: 0.7043465989274627 	Best Valid Acc: 0.718177
Epoch: 168 	Training Cost: 9029.160205	 Valid Acc: 0.7049110922946655 	Best Valid Acc: 0.718177
Epoch: 169 	Training Cost: 9023.449831	 Valid Acc: 0.70575783234547 	Best Valid Acc: 0.718177
Epoch: 170 	Training Cost: 9022.430493	 Valid Acc: 0.7050522156364663 	Best Valid Acc: 0.718177
Epoch: 171 	Training Cost: 9017.409217	 Valid Acc: 0.7060400790290714 	Best Valid Acc: 0.718177
Epoch: 172 	Training Cost: 9015.230345	 Valid Acc: 0.7036409822184589 	Best Valid Acc: 0.718177
Epoch: 173 	Training Cost: 9012.407654	 Valid Acc: 0.7054755856618685 	Best Valid Acc: 0.718177
Epoch: 174 	Training Cost: 9009.461866	 Valid Acc: 0.7034998588766582 	Best Valid Acc: 0.718177
Epoch: 175 	Training Cost: 9004.010516	 Valid Acc: 0.70575783234547 	Best Valid Acc: 0.718177
Epoch: 176 	Training Cost: 9003.352412	 Valid Acc: 0.7039232289020604 	Best Valid Acc: 0.718177
Epoch: 177 	Training Cost: 9000.120705	 Valid Acc: 0.705193338978267 	Best Valid Acc: 0.718177
Epoch: 178 	Training Cost: 8997.337751	 Valid Acc: 0.7022297488004516 	Best Valid Acc: 0.718177
Epoch: 179 	Training Cost: 8992.643823	 Valid Acc: 0.7023708721422524 	Best Valid Acc: 0.718177
Epoch: 180 	Training Cost: 8990.994279	 Valid Acc: 0.703076488851256 	Best Valid Acc: 0.718177
Epoch: 181 	Training Cost: 8988.170527	 Valid Acc: 0.7049110922946655 	Best Valid Acc: 0.718177
Epoch: 182 	Training Cost: 8985.685111	 Valid Acc: 0.7050522156364663 	Best Valid Acc: 0.718177
Epoch: 183 	Training Cost: 8981.637441	 Valid Acc: 0.7036409822184589 	Best Valid Acc: 0.718177
Epoch: 184 	Training Cost: 8978.932449	 Valid Acc: 0.7033587355348575 	Best Valid Acc: 0.718177
Epoch: 185 	Training Cost: 8977.889240	 Valid Acc: 0.7063223257126728 	Best Valid Acc: 0.718177
Epoch: 186 	Training Cost: 8972.924884	 Valid Acc: 0.7040643522438611 	Best Valid Acc: 0.718177
Epoch: 187 	Training Cost: 8970.744367	 Valid Acc: 0.7042054755856618 	Best Valid Acc: 0.718177
Epoch: 188 	Training Cost: 8965.524201	 Valid Acc: 0.7043465989274627 	Best Valid Acc: 0.718177
Epoch: 189 	Training Cost: 8965.787173	 Valid Acc: 0.7033587355348575 	Best Valid Acc: 0.718177
Epoch: 190 	Training Cost: 8964.692888	 Valid Acc: 0.7063223257126728 	Best Valid Acc: 0.718177
Epoch: 191 	Training Cost: 8958.322659	 Valid Acc: 0.7018063787750494 	Best Valid Acc: 0.718177
Epoch: 192 	Training Cost: 8956.771238	 Valid Acc: 0.70575783234547 	Best Valid Acc: 0.718177
Epoch: 193 	Training Cost: 8955.363574	 Valid Acc: 0.7025119954840531 	Best Valid Acc: 0.718177
Epoch: 194 	Training Cost: 8950.302488	 Valid Acc: 0.7053344623200677 	Best Valid Acc: 0.718177
Epoch: 195 	Training Cost: 8948.385787	 Valid Acc: 0.703076488851256 	Best Valid Acc: 0.718177
Epoch: 196 	Training Cost: 8945.421889	 Valid Acc: 0.7049110922946655 	Best Valid Acc: 0.718177
Epoch: 197 	Training Cost: 8943.941000	 Valid Acc: 0.7027942421676545 	Best Valid Acc: 0.718177
Epoch: 198 	Training Cost: 8939.953800	 Valid Acc: 0.7056167090036692 	Best Valid Acc: 0.718177
Epoch: 199 	Training Cost: 8936.847618	 Valid Acc: 0.70575783234547 	Best Valid Acc: 0.718177
Epoch: 200 	Training Cost: 8936.224463	 Valid Acc: 0.7044877222692634 	Best Valid Acc: 0.718177
lr=3e-05, lamb=0.001, num_epoch=200, test_acc=0.6943268416596104
----------------------------------------------------------
lr=3e-05, lamb=0, best_valid_acc=([13027.190344810486, 11646.629343509674, 11460.749120354652, 11396.795712351799, 11346.354871869087, 11272.559884488583, 11149.20048803091, 10984.511725306511, 10805.008107662201, 10638.408897221088, 10502.557457745075, 10395.245384573936, 10308.848868727684, 10237.048725485802, 10176.333733767271, 10122.73829370737, 10073.831593930721, 10029.105781108141, 9988.425554275513, 9951.447514533997, 9917.534019231796, 9885.999026149511, 9856.629656046629, 9828.91036105156, 9802.656560644507, 9777.435595542192, 9752.742956399918, 9727.980632781982, 9702.614085912704, 9675.710286721587, 9645.878967627883, 9612.78217214346, 9577.00209607184, 9539.97064705193, 9503.64549665898, 9468.537459626794, 9435.580461114645, 9403.866315461695, 9373.490805648267, 9344.54601304233, 9316.280408620834, 9288.944455310702, 9260.82329787314, 9231.289835333824, 9200.443713303655, 9166.184069078416, 9127.849259395152, 9084.947323378175, 9037.403922419995, 8985.396770644933, 8931.758868094534, 8875.188663259149, 8818.22058321163, 8762.046277370304, 8705.981323972344, 8650.312398545444, 8596.780954264104, 8543.283008798957, 8493.79684920609, 8443.342250704765, 8397.879064645618, 8353.353150077164, 8312.511426085606, 8271.529580419883, 8234.163807682693, 8197.574271205813, 8163.264435660094, 8129.493404939771, 8098.18335836567, 8065.580059211701, 8035.416415736079, 8004.185870068148, 7975.36208973825, 7944.715455502272, 7915.733268108219, 7885.963093807921, 7857.432404182851, 7827.1157953534275, 7797.229305861518, 7766.843627061695, 7735.683166991919, 7703.808205245063, 7671.313660677522, 7637.393680984154, 7603.290837839246, 7567.709418851882, 7533.953531669453, 7499.150668112561, 7462.554392382503, 7427.480436291546, 7391.233420658857, 7357.891885343939, 7322.359890654683, 7288.127474298701, 7254.649119602516, 7222.473621128127, 7190.538939915597, 7158.984420835972, 7127.556940285489, 7096.459291035309, 7064.803581567481, 7035.652771230787, 7004.948595812544, 6973.692929845303, 6943.347499173135, 6911.907765816897, 6883.06658539176, 6850.817398604006, 6821.392647441477, 6788.149429922923, 6753.73488434311, 6721.973473408259, 6691.8188149807975, 6653.316603099927, 6620.880974278785, 6583.2359935948625, 6549.4767734701745, 6510.002525161952, 6473.615669783205, 6438.504957489669, 6402.9624362634495, 6364.402541704476, 6328.071189569309, 6292.063050184865, 6254.964413459878, 6219.373992518522, 6181.01211724896, 6144.821136403829, 6104.799742524046, 6069.003772404045, 6029.427442429587, 5995.143361469731, 5956.641148948576, 5919.982918729074, 5882.293512183242, 5845.807148494525, 5808.247115250211, 5771.871713799657, 5738.813390950672, 5699.125791592989, 5663.775498393923, 5626.8639801247045, 5592.406428594608, 5556.67836584989, 5522.945910992334, 5486.863384365104, 5452.5823269516695, 5419.731057455647, 5383.076051470707, 5347.218338009203, 5315.7776183430105, 5282.761528923991, 5249.370501314988, 5217.834030784492, 5181.711420246866, 5150.344690931495, 5123.315159792197, 5089.825118563487, 5059.351519221731, 5028.40634660807, 5002.516669255332, 4970.590196161938, 4940.590044390963, 4912.892234306841, 4883.276239907544, 4857.456636774819, 4831.587899517617, 4802.864481782599, 4773.318429044244, 4750.810595159506, 4727.53505989055, 4695.772572713846, 4669.408944580995, 4650.334666968993, 4620.57115663337, 4593.167832925596, 4572.808804235086, 4547.680193469161, 4519.395198405953, 4498.338813852271, 4476.655109357525, 4450.8084038132365, 4429.144781548952, 4407.236468153511, 4382.232245970379, 4361.5175546891405, 4339.911827199874, 4313.47267810168, 4295.285906204532, 4270.919163444527, 4252.850863971784, 4226.326425268075, 4208.874382975235, 4187.256679174709, 4170.49656626636, 4149.731332941337, 4128.740224159701, 4106.187645275997, 4090.570247912765, 4069.1290220329356], [0.676545300592718, 0.6824724809483489, 0.682895850973751, 0.6845893310753599, 0.6858594411515665, 0.6857183178097658, 0.6868473045441716, 0.6958791984194186, 0.6989839119390348, 0.7012418854078465, 0.7044877222692634, 0.7067456957380751, 0.7087214225232854, 0.7084391758396839, 0.7092859158904883, 0.7087214225232854, 0.709991532599492, 0.7088625458650861, 0.7106971493084956, 0.7122495060683037, 0.7126728760937059, 0.7132373694609089, 0.713096246119108, 0.7128139994355066, 0.7118261360429015, 0.7128139994355066, 0.7129551227773073, 0.7133784928027096, 0.713660739486311, 0.7138018628281118, 0.7140841095117132, 0.7138018628281118, 0.713096246119108, 0.7135196161445103, 0.7133784928027096, 0.7133784928027096, 0.7132373694609089, 0.7128139994355066, 0.7129551227773073, 0.7116850127011007, 0.7108382726502963, 0.7105560259666949, 0.7097092859158904, 0.7085802991814846, 0.7085802991814846, 0.7058989556872707, 0.7081569291560824, 0.7061812023708721, 0.7077335591306803, 0.7053344623200677, 0.7063223257126728, 0.707310189105278, 0.7050522156364663, 0.7050522156364663, 0.7042054755856618, 0.7020886254586508, 0.7015241320914479, 0.703076488851256, 0.6998306519898391, 0.7015241320914479, 0.7005362686988428, 0.7001128986734406, 0.6995484053062376, 0.7001128986734406, 0.6998306519898391, 0.6996895286480384, 0.6977138018628282, 0.6981371718882303, 0.6957380750776179, 0.6971493084956252, 0.6950324583686142, 0.6968670618120237, 0.6941857183178097, 0.6944679650014113, 0.6944679650014113, 0.6948913350268134, 0.694044594976009, 0.6934801016088061, 0.6936212249506069, 0.6910810047981937, 0.6915043748235958, 0.6896697713801863, 0.689810894721987, 0.6895286480383855, 0.69037538808919, 0.6912221281399944, 0.6886819079875811, 0.6907987581145921, 0.6885407846457804, 0.6916454981653966, 0.69037538808919, 0.6889641546711827, 0.6871295512277731, 0.6857183178097658, 0.6851538244425628, 0.6850127011007621, 0.6819079875811459, 0.6830369743155518, 0.6837425910245555, 0.683460344340954, 0.6826136042901496, 0.6837425910245555, 0.6823313576065482, 0.6838837143663562, 0.6810612475303415, 0.6837425910245555, 0.6821902342647473, 0.6820491109229466, 0.6821902342647473, 0.6819079875811459, 0.68077900084674, 0.6812023708721423, 0.6810612475303415, 0.6800733841377364, 0.68077900084674, 0.6800733841377364, 0.6800733841377364, 0.6804967541631386, 0.6800733841377364, 0.677109793959921, 0.6799322607959356, 0.6789443974033305, 0.6782387806943269, 0.6783799040361276, 0.6778154106689246, 0.6773920406435224, 0.6761219305673158, 0.6778154106689246, 0.6758396838837144, 0.6742873271239063, 0.6738639570985041, 0.672876093705899, 0.6731583403895004, 0.6718882303132938, 0.6727349703640982, 0.6713237369460909, 0.6737228337567034, 0.6690657634772792, 0.6724527236804968, 0.6690657634772792, 0.6727349703640982, 0.6700536268698842, 0.672876093705899, 0.6696302568444821, 0.6709003669206887, 0.6690657634772792, 0.6716059836296924, 0.6686423934518769, 0.6697713801862828, 0.6686423934518769, 0.6696302568444821, 0.6669489133502682, 0.6686423934518769, 0.6655376799322608, 0.6677956534010725, 0.6677956534010725, 0.6670900366920689, 0.6668077900084673, 0.66539655659046, 0.6652554332486593, 0.6670900366920689, 0.6645498165396556, 0.663844199830652, 0.6644086931978549, 0.6635619531470506, 0.6637030764888513, 0.6634208298052497, 0.6622918430708439, 0.6594693762348293, 0.661727349703641, 0.6608806096528366, 0.6608806096528366, 0.6610217329946373, 0.6621507197290432, 0.6601749929438329, 0.6620095963872424, 0.659046006209427, 0.6601749929438329, 0.6600338696020321, 0.6593282528930285, 0.659046006209427, 0.6600338696020321, 0.6587637595258256, 0.6598927462602314, 0.6597516229184307, 0.6601749929438329, 0.6587637595258256, 0.6604572396274344, 0.658058142816822, 0.6607394863110359, 0.657493649449619, 0.6608806096528366, 0.657493649449619, 0.6587637595258256, 0.6565057860570138, 0.6584815128422241, 0.6583403895004234, 0.6563646627152131, 0.659046006209427, 0.6563646627152131])
lr=3e-05, lamb=0.0001, best_valid_acc=([12905.301830410957, 11642.929741442204, 11471.825300514698, 11409.788949370384, 11356.624976694584, 11274.473024606705, 11127.93810814619, 10929.728903830051, 10728.455350220203, 10560.651771962643, 10435.278876900673, 10342.37249916792, 10270.257214963436, 10211.90373930335, 10163.131641745567, 10121.307881116867, 10084.372326225042, 10050.794711351395, 10020.142278432846, 9991.336292430758, 9964.697297170758, 9939.255572527647, 9915.46752564609, 9892.83769632876, 9871.549100339413, 9851.132653102279, 9831.497564584017, 9812.593419224024, 9794.172072723508, 9776.142978340387, 9758.390959590673, 9740.863025322556, 9723.058805987239, 9704.547554694116, 9684.38641756773, 9661.576196655631, 9635.285992302, 9605.292850904167, 9573.018040813506, 9540.056390985847, 9509.630830504, 9479.756474934518, 9453.09506302327, 9427.11526735127, 9404.88107214868, 9383.431584618986, 9361.565884679556, 9344.936743363738, 9323.845895595849, 9306.919732816517, 9291.845127649605, 9274.506506808102, 9259.005290985107, 9242.953634873033, 9228.223741717637, 9213.67569283396, 9199.741169720888, 9183.407512746751, 9170.81849912554, 9156.06464778632, 9141.757058531046, 9124.515720687807, 9109.583598710597, 9091.911786600947, 9070.934399493039, 9048.973619662225, 9022.519554719329, 8994.75942543149, 8960.582353256643, 8924.387287072837, 8889.786607176065, 8851.86075539887, 8815.351336151361, 8781.796675547957, 8750.081853248179, 8721.21222152561, 8692.841281726956, 8668.08984079957, 8642.668673932552, 8618.806682482362, 8597.764831125736, 8577.979504399002, 8556.552363619208, 8536.126049637794, 8515.63973928988, 8496.59643521905, 8475.529952347279, 8456.820475153625, 8438.364498693496, 8418.271309010684, 8400.188412629068, 8383.11546857655, 8367.277392607182, 8346.07509842515, 8327.121985733509, 8310.017456673086, 8291.995262239128, 8273.42431153357, 8254.282727345824, 8233.077049255371, 8212.236710079014, 8192.235060960054, 8169.389782331884, 8141.56318256259, 8115.354778885841, 8086.672854539007, 8056.407747641206, 8024.306433059275, 7994.536618866026, 7961.492782257497, 7932.929724559188, 7905.140094984323, 7878.114736106247, 7851.088368840516, 7828.07234146446, 7802.916472449899, 7778.788903120905, 7756.885770633817, 7735.008720561862, 7711.169016011059, 7691.417444374412, 7669.862951669842, 7649.75742623955, 7628.26758467406, 7608.854763451964, 7588.300769932568, 7568.351663630456, 7547.087431129068, 7527.682338550687, 7507.46625430882, 7488.264522168785, 7469.566937200725, 7448.460037972778, 7428.3924356512725, 7409.263835970312, 7388.679067563266, 7367.450203150511, 7347.779218863696, 7327.008144810796, 7307.500491511077, 7284.402938451618, 7262.019516009837, 7237.8889602944255, 7216.872730974108, 7189.046485379338, 7166.332727313042, 7138.324631098658, 7111.097964387387, 7080.619777403772, 7055.535328801721, 7023.177431497723, 6993.13466007635, 6960.905936200172, 6930.2803738974035, 6897.423002757132, 6868.338850792497, 6833.581858735532, 6803.61105600372, 6772.744838625193, 6741.0372604765, 6710.187907028943, 6679.240104354918, 6649.295832488686, 6622.181753478944, 6589.49777360633, 6560.852985385805, 6531.116698328406, 6508.02378315106, 6475.128105130047, 6447.755190793425, 6421.92738456279, 6396.260591086, 6370.393592637032, 6343.585227333009, 6315.688100684434, 6292.535598184913, 6266.978665418923, 6238.942624472082, 6213.957037620246, 6191.579757079482, 6162.432352766395, 6138.74225499481, 6116.538265027106, 6091.283739641309, 6060.853070363402, 6037.661581352353, 6015.158647432923, 5987.960526153445, 5962.356571026146, 5936.630248181522, 5916.867931999266, 5886.804639302194, 5860.438848510385, 5840.233467631042, 5811.835936717689, 5787.671023756266, 5764.437589406967, 5741.673392139375, 5713.492998056114, 5693.97179261595], [0.672876093705899, 0.6768275472763196, 0.6802145074795372, 0.6830369743155518, 0.6852949477843635, 0.6844482077335591, 0.6905165114309907, 0.6971493084956252, 0.703076488851256, 0.7064634490544736, 0.707310189105278, 0.7104149026248942, 0.7115438893593, 0.7106971493084956, 0.7092859158904883, 0.7095681625740897, 0.7109793959920971, 0.7118261360429015, 0.7122495060683037, 0.714225232853514, 0.7149308495625176, 0.713660739486311, 0.7138018628281118, 0.7128139994355066, 0.7135196161445103, 0.713660739486311, 0.7145074795371155, 0.7138018628281118, 0.7145074795371155, 0.713096246119108, 0.7135196161445103, 0.7143663561953147, 0.7140841095117132, 0.7146486028789162, 0.7146486028789162, 0.7143663561953147, 0.7154953429297206, 0.7150719729043183, 0.7143663561953147, 0.7126728760937059, 0.7119672593847022, 0.7111205193338979, 0.712108382726503, 0.7104149026248942, 0.7087214225232854, 0.7101326559412927, 0.7087214225232854, 0.7080158058142817, 0.7080158058142817, 0.7068868190798758, 0.7068868190798758, 0.705193338978267, 0.705193338978267, 0.7053344623200677, 0.70575783234547, 0.7056167090036692, 0.7053344623200677, 0.7068868190798758, 0.7071690657634773, 0.7068868190798758, 0.7067456957380751, 0.7061812023708721, 0.7087214225232854, 0.7084391758396839, 0.7067456957380751, 0.7066045723962744, 0.7090036692068868, 0.7043465989274627, 0.7082980524978831, 0.7058989556872707, 0.7061812023708721, 0.7056167090036692, 0.7060400790290714, 0.7066045723962744, 0.7032176121930568, 0.7056167090036692, 0.7026531188258538, 0.7047699689528648, 0.7037821055602597, 0.7046288456110641, 0.7039232289020604, 0.7039232289020604, 0.7012418854078465, 0.7012418854078465, 0.7003951453570421, 0.6999717753316399, 0.6999717753316399, 0.7006773920406435, 0.6984194185718318, 0.7001128986734406, 0.6978549252046289, 0.6979960485464296, 0.6971493084956252, 0.6977138018628282, 0.6954558283940163, 0.6947502116850127, 0.6960203217612193, 0.6941857183178097, 0.6957380750776179, 0.6955969517358171, 0.6964436917866215, 0.6953147050522156, 0.6931978549252046, 0.6958791984194186, 0.6931978549252046, 0.6955969517358171, 0.6939034716342083, 0.6943268416596104, 0.6930567315834039, 0.6930567315834039, 0.6912221281399944, 0.6916454981653966, 0.6881174146203782, 0.6900931414055885, 0.6878351679367768, 0.6891052780129834, 0.6888230313293818, 0.6878351679367768, 0.6879762912785775, 0.6883996613039797, 0.6883996613039797, 0.6879762912785775, 0.6861416878351679, 0.6885407846457804, 0.6864239345187694, 0.6879762912785775, 0.6868473045441716, 0.6852949477843635, 0.6855771944679651, 0.6850127011007621, 0.6848715777589613, 0.6860005644933672, 0.6843070843917584, 0.6836014676827548, 0.682895850973751, 0.6821902342647473, 0.68077900084674, 0.6830369743155518, 0.6803556308213379, 0.6809201241885408, 0.6789443974033305, 0.6776742873271239, 0.6803556308213379, 0.6772509173017217, 0.678662150719729, 0.6768275472763196, 0.6789443974033305, 0.6754163138583121, 0.6778154106689246, 0.6762630539091166, 0.6766864239345187, 0.6732994637313011, 0.6747106971493085, 0.6730172170476997, 0.6737228337567034, 0.6730172170476997, 0.6748518204911093, 0.6720293536550945, 0.6740050804403048, 0.6716059836296924, 0.6742873271239063, 0.672311600338696, 0.6721704769968952, 0.6721704769968952, 0.6711826136042901, 0.6711826136042901, 0.6704769968952865, 0.6699125035280835, 0.6710414902624894, 0.6699125035280835, 0.6710414902624894, 0.6686423934518769, 0.6703358735534858, 0.6683601467682755, 0.6699125035280835, 0.6704769968952865, 0.6692068868190799, 0.6696302568444821, 0.6706181202370872, 0.6687835167936776, 0.6690657634772792, 0.6693480101608806, 0.6699125035280835, 0.6694891335026814, 0.6685012701100762, 0.6692068868190799, 0.6689246401354784, 0.6700536268698842, 0.6685012701100762, 0.6693480101608806, 0.6672311600338696, 0.6696302568444821, 0.6668077900084673, 0.6694891335026814, 0.6670900366920689, 0.6665255433248659, 0.6668077900084673, 0.6642675698560542, 0.6665255433248659, 0.6644086931978549])
lr=3e-05, lamb=0.001, best_valid_acc=([13323.306223392487, 11827.07892370224, 11636.190473258495, 11566.815255105495, 11513.18857729435, 11444.208198189735, 11326.995187282562, 11149.867678165436, 10940.945563077927, 10750.815514266491, 10607.924828231335, 10504.656601667404, 10426.841387033463, 10365.767737030983, 10317.101832181215, 10277.393538594246, 10244.595743596554, 10217.2375446558, 10193.27681183815, 10172.227521598339, 10153.77370017767, 10135.83582264185, 10119.84015133977, 10104.117929503322, 10089.185802847147, 10075.070239543915, 10060.880215346813, 10047.05621998012, 10033.674429416656, 10020.317702353, 10007.40341246128, 9994.69137057662, 9982.006559491158, 9970.835756599903, 9958.971062004566, 9947.342420905828, 9937.744681209326, 9927.576122924685, 9917.799248814583, 9908.24324555695, 9900.556929215789, 9892.2675049752, 9884.06193229556, 9877.240285515785, 9870.374881267548, 9863.90728226304, 9859.673727363348, 9854.698308706284, 9850.936449021101, 9845.201889306307, 9842.49881631136, 9838.096534147859, 9833.42822393775, 9830.243765681982, 9827.403040111065, 9822.590406298637, 9819.109222754836, 9816.46596764028, 9813.208793193102, 9810.264336913824, 9807.64945307374, 9805.590234398842, 9802.926220297813, 9799.729291930795, 9798.950450897217, 9795.656084612012, 9794.549848854542, 9790.363337680697, 9787.855164527893, 9786.309046775103, 9785.84534303844, 9780.645262733102, 9780.250131994486, 9776.857704177499, 9774.642022415996, 9771.437586247921, 9769.7154751122, 9765.950635284185, 9761.97068604827, 9757.22458896041, 9753.412630528212, 9747.668375253677, 9740.717894732952, 9731.11222782731, 9720.214498311281, 9707.122503727674, 9690.257487013936, 9670.076244175434, 9649.23928758502, 9628.140996560454, 9607.09035539627, 9587.379473149776, 9568.293745160103, 9550.005797058344, 9533.063067793846, 9515.857028394938, 9499.518152147532, 9483.296808227897, 9468.53553763032, 9454.836107417941, 9441.704114884138, 9427.656845211983, 9415.19043251872, 9403.78250208497, 9393.03968590498, 9382.391351103783, 9372.380621254444, 9362.013179004192, 9351.632688194513, 9343.10016155243, 9335.42072531581, 9326.301132023335, 9317.952332109213, 9308.767185792327, 9301.644028514624, 9293.037860825658, 9286.215922653675, 9278.92681080103, 9271.340254157782, 9263.471673861146, 9256.421919494867, 9249.599160462618, 9242.615181207657, 9236.449639081955, 9229.022430554032, 9222.561375021935, 9215.760082945228, 9210.319885790348, 9203.924134463072, 9197.317834109068, 9191.224388733506, 9184.581494018435, 9179.450790733099, 9173.780061081052, 9168.274540111423, 9160.754724115133, 9156.72268384695, 9150.688115745783, 9145.341129228473, 9140.134035795927, 9135.435871854424, 9130.063758343458, 9124.602419808507, 9119.084863230586, 9115.863272950053, 9110.43257662654, 9105.841772645712, 9102.464159473777, 9097.834655225277, 9093.587903916836, 9089.313721805811, 9084.516445249319, 9082.954802691936, 9077.95673429966, 9073.270935431123, 9067.501379147172, 9066.417874723673, 9062.366492331028, 9057.632250964642, 9054.25818786025, 9051.572291880846, 9048.183724299073, 9043.119142383337, 9041.319780349731, 9036.82217349112, 9033.523325040936, 9030.478679865599, 9029.160205081105, 9023.449830636382, 9022.430492728949, 9017.409217432141, 9015.230345129967, 9012.407653912902, 9009.46186594665, 9004.010515883565, 9003.352412194014, 9000.120704978704, 8997.337751030922, 8992.64382264018, 8990.994278624654, 8988.170527219772, 8985.685111150146, 8981.637441337109, 8978.93244932592, 8977.889239922166, 8972.9248842597, 8970.744366794825, 8965.524200677872, 8965.787172704935, 8964.69288817048, 8958.322658836842, 8956.7712379992, 8955.363574311137, 8950.302488461137, 8948.385786786675, 8945.421888783574, 8943.941000059247, 8939.953799664974, 8936.847618028522, 8936.224462509155], [0.6677956534010725, 0.6816257408975445, 0.6824724809483489, 0.6827547276319503, 0.6840248377081569, 0.6850127011007621, 0.6872706745695738, 0.691927744848998, 0.696725938470223, 0.7033587355348575, 0.7064634490544736, 0.7080158058142817, 0.7095681625740897, 0.7108382726502963, 0.7106971493084956, 0.712108382726503, 0.7126728760937059, 0.7128139994355066, 0.7143663561953147, 0.7147897262207169, 0.7150719729043183, 0.715777589613322, 0.7156364662715213, 0.7146486028789162, 0.7147897262207169, 0.7147897262207169, 0.7152130962461191, 0.7147897262207169, 0.7154953429297206, 0.7149308495625176, 0.7145074795371155, 0.7129551227773073, 0.7123906294101044, 0.7125317527519052, 0.7123906294101044, 0.7132373694609089, 0.7133784928027096, 0.714225232853514, 0.7140841095117132, 0.7154953429297206, 0.7159187129551228, 0.715777589613322, 0.713660739486311, 0.713096246119108, 0.7128139994355066, 0.7128139994355066, 0.7129551227773073, 0.7140841095117132, 0.7153542195879199, 0.7150719729043183, 0.715777589613322, 0.7143663561953147, 0.7154953429297206, 0.7146486028789162, 0.7160598362969235, 0.7150719729043183, 0.7152130962461191, 0.7156364662715213, 0.7160598362969235, 0.7159187129551228, 0.715777589613322, 0.7178944397403331, 0.7154953429297206, 0.7163420829805249, 0.7171888230313294, 0.7177533163985323, 0.7166243296641265, 0.7174710697149308, 0.7171888230313294, 0.7171888230313294, 0.7177533163985323, 0.7176121930567316, 0.7173299463731301, 0.7177533163985323, 0.7171888230313294, 0.7174710697149308, 0.7181766864239345, 0.7174710697149308, 0.7167654530059272, 0.7167654530059272, 0.7170476996895286, 0.7178944397403331, 0.7167654530059272, 0.7176121930567316, 0.715777589613322, 0.7174710697149308, 0.7153542195879199, 0.7162009596387242, 0.7156364662715213, 0.7149308495625176, 0.7163420829805249, 0.713660739486311, 0.7164832063223258, 0.7143663561953147, 0.7147897262207169, 0.7139429861699125, 0.7146486028789162, 0.713660739486311, 0.7118261360429015, 0.712108382726503, 0.7111205193338979, 0.7111205193338979, 0.7104149026248942, 0.7097092859158904, 0.7105560259666949, 0.7092859158904883, 0.7087214225232854, 0.7092859158904883, 0.7085802991814846, 0.707874682472481, 0.7085802991814846, 0.7070279424216765, 0.707874682472481, 0.7067456957380751, 0.707874682472481, 0.7060400790290714, 0.7070279424216765, 0.7046288456110641, 0.7064634490544736, 0.7042054755856618, 0.7071690657634773, 0.7044877222692634, 0.707310189105278, 0.7043465989274627, 0.705193338978267, 0.7029353655094552, 0.705193338978267, 0.7029353655094552, 0.705193338978267, 0.7034998588766582, 0.7037821055602597, 0.7033587355348575, 0.7039232289020604, 0.7029353655094552, 0.7037821055602597, 0.7019475021168501, 0.7027942421676545, 0.7049110922946655, 0.7029353655094552, 0.7042054755856618, 0.7042054755856618, 0.7049110922946655, 0.7040643522438611, 0.7029353655094552, 0.7040643522438611, 0.7040643522438611, 0.7033587355348575, 0.7023708721422524, 0.7033587355348575, 0.7042054755856618, 0.7053344623200677, 0.7042054755856618, 0.7047699689528648, 0.7039232289020604, 0.7047699689528648, 0.7040643522438611, 0.70575783234547, 0.7046288456110641, 0.7047699689528648, 0.7053344623200677, 0.7047699689528648, 0.7054755856618685, 0.7046288456110641, 0.7047699689528648, 0.7046288456110641, 0.7044877222692634, 0.7043465989274627, 0.7049110922946655, 0.70575783234547, 0.7050522156364663, 0.7060400790290714, 0.7036409822184589, 0.7054755856618685, 0.7034998588766582, 0.70575783234547, 0.7039232289020604, 0.705193338978267, 0.7022297488004516, 0.7023708721422524, 0.703076488851256, 0.7049110922946655, 0.7050522156364663, 0.7036409822184589, 0.7033587355348575, 0.7063223257126728, 0.7040643522438611, 0.7042054755856618, 0.7043465989274627, 0.7033587355348575, 0.7063223257126728, 0.7018063787750494, 0.70575783234547, 0.7025119954840531, 0.7053344623200677, 0.703076488851256, 0.7049110922946655, 0.7027942421676545, 0.7056167090036692, 0.70575783234547, 0.7044877222692634])
