nn5.py, two encoders + one decoder
Tuning process for lr=1e-05
----------------------------------------------------------
lr=1e-05, lamb=0, num_epoch=200
Epoch: 1 	Training Cost: 13877.014106	 Valid Acc: 0.6277166243296641 	Best Valid Acc: 0.627717
Epoch: 2 	Training Cost: 12976.003782	 Valid Acc: 0.6562235393734124 	Best Valid Acc: 0.656224
Epoch: 3 	Training Cost: 12119.044286	 Valid Acc: 0.6707592435788879 	Best Valid Acc: 0.670759
Epoch: 4 	Training Cost: 11744.508237	 Valid Acc: 0.6809201241885408 	Best Valid Acc: 0.680920
Epoch: 5 	Training Cost: 11585.038299	 Valid Acc: 0.6824724809483489 	Best Valid Acc: 0.682472
Epoch: 6 	Training Cost: 11498.853374	 Valid Acc: 0.681343494213943 	Best Valid Acc: 0.682472
Epoch: 7 	Training Cost: 11445.908644	 Valid Acc: 0.6820491109229466 	Best Valid Acc: 0.682472
Epoch: 8 	Training Cost: 11410.835067	 Valid Acc: 0.6830369743155518 	Best Valid Acc: 0.683037
Epoch: 9 	Training Cost: 11385.951560	 Valid Acc: 0.6831780976573525 	Best Valid Acc: 0.683178
Epoch: 10 	Training Cost: 11366.960631	 Valid Acc: 0.6831780976573525 	Best Valid Acc: 0.683178
Epoch: 11 	Training Cost: 11351.332074	 Valid Acc: 0.6833192209991532 	Best Valid Acc: 0.683319
Epoch: 12 	Training Cost: 11337.324028	 Valid Acc: 0.6833192209991532 	Best Valid Acc: 0.683319
Epoch: 13 	Training Cost: 11323.836260	 Valid Acc: 0.6845893310753599 	Best Valid Acc: 0.684589
Epoch: 14 	Training Cost: 11310.058770	 Valid Acc: 0.6852949477843635 	Best Valid Acc: 0.685295
Epoch: 15 	Training Cost: 11295.145978	 Valid Acc: 0.6854360711261642 	Best Valid Acc: 0.685436
Epoch: 16 	Training Cost: 11278.130130	 Valid Acc: 0.6847304544171606 	Best Valid Acc: 0.685436
Epoch: 17 	Training Cost: 11258.047301	 Valid Acc: 0.6837425910245555 	Best Valid Acc: 0.685436
Epoch: 18 	Training Cost: 11233.393167	 Valid Acc: 0.683460344340954 	Best Valid Acc: 0.685436
Epoch: 19 	Training Cost: 11202.265323	 Valid Acc: 0.6840248377081569 	Best Valid Acc: 0.685436
Epoch: 20 	Training Cost: 11163.899271	 Valid Acc: 0.6848715777589613 	Best Valid Acc: 0.685436
Epoch: 21 	Training Cost: 11119.045531	 Valid Acc: 0.6852949477843635 	Best Valid Acc: 0.685436
Epoch: 22 	Training Cost: 11068.056146	 Valid Acc: 0.6858594411515665 	Best Valid Acc: 0.685859
Epoch: 23 	Training Cost: 11012.177678	 Valid Acc: 0.6886819079875811 	Best Valid Acc: 0.688682
Epoch: 24 	Training Cost: 10953.290904	 Valid Acc: 0.6909398814563928 	Best Valid Acc: 0.690940
Epoch: 25 	Training Cost: 10893.090105	 Valid Acc: 0.6926333615580017 	Best Valid Acc: 0.692633
Epoch: 26 	Training Cost: 10832.723806	 Valid Acc: 0.694609088343212 	Best Valid Acc: 0.694609
Epoch: 27 	Training Cost: 10772.972687	 Valid Acc: 0.69616144510302 	Best Valid Acc: 0.696161
Epoch: 28 	Training Cost: 10714.526870	 Valid Acc: 0.6974315551792266 	Best Valid Acc: 0.697432
Epoch: 29 	Training Cost: 10658.388832	 Valid Acc: 0.698278295230031 	Best Valid Acc: 0.698278
Epoch: 30 	Training Cost: 10605.410767	 Valid Acc: 0.6987016652554332 	Best Valid Acc: 0.698702
Epoch: 31 	Training Cost: 10555.467108	 Valid Acc: 0.6985605419136325 	Best Valid Acc: 0.698702
Epoch: 32 	Training Cost: 10509.243573	 Valid Acc: 0.7008185153824442 	Best Valid Acc: 0.700819
Epoch: 33 	Training Cost: 10466.436290	 Valid Acc: 0.7034998588766582 	Best Valid Acc: 0.703500
Epoch: 34 	Training Cost: 10426.541379	 Valid Acc: 0.7049110922946655 	Best Valid Acc: 0.704911
Epoch: 35 	Training Cost: 10389.141726	 Valid Acc: 0.7068868190798758 	Best Valid Acc: 0.706887
Epoch: 36 	Training Cost: 10353.756961	 Valid Acc: 0.7070279424216765 	Best Valid Acc: 0.707028
Epoch: 37 	Training Cost: 10320.360974	 Valid Acc: 0.7071690657634773 	Best Valid Acc: 0.707169
Epoch: 38 	Training Cost: 10289.124227	 Valid Acc: 0.7084391758396839 	Best Valid Acc: 0.708439
Epoch: 39 	Training Cost: 10260.042600	 Valid Acc: 0.7090036692068868 	Best Valid Acc: 0.709004
Epoch: 40 	Training Cost: 10232.736238	 Valid Acc: 0.7091447925486876 	Best Valid Acc: 0.709145
Epoch: 41 	Training Cost: 10207.123414	 Valid Acc: 0.7091447925486876 	Best Valid Acc: 0.709145
Epoch: 42 	Training Cost: 10183.031295	 Valid Acc: 0.7092859158904883 	Best Valid Acc: 0.709286
Epoch: 43 	Training Cost: 10160.264538	 Valid Acc: 0.709427039232289 	Best Valid Acc: 0.709427
Epoch: 44 	Training Cost: 10138.666469	 Valid Acc: 0.709427039232289 	Best Valid Acc: 0.709427
Epoch: 45 	Training Cost: 10118.107730	 Valid Acc: 0.7098504092576913 	Best Valid Acc: 0.709850
Epoch: 46 	Training Cost: 10098.439196	 Valid Acc: 0.709427039232289 	Best Valid Acc: 0.709850
Epoch: 47 	Training Cost: 10079.606633	 Valid Acc: 0.7091447925486876 	Best Valid Acc: 0.709850
Epoch: 48 	Training Cost: 10061.481623	 Valid Acc: 0.7087214225232854 	Best Valid Acc: 0.709850
Epoch: 49 	Training Cost: 10043.937778	 Valid Acc: 0.7081569291560824 	Best Valid Acc: 0.709850
Epoch: 50 	Training Cost: 10026.955376	 Valid Acc: 0.7084391758396839 	Best Valid Acc: 0.709850
Epoch: 51 	Training Cost: 10010.541102	 Valid Acc: 0.7085802991814846 	Best Valid Acc: 0.709850
Epoch: 52 	Training Cost: 9994.646636	 Valid Acc: 0.7088625458650861 	Best Valid Acc: 0.709850
Epoch: 53 	Training Cost: 9979.278014	 Valid Acc: 0.7082980524978831 	Best Valid Acc: 0.709850
Epoch: 54 	Training Cost: 9964.408973	 Valid Acc: 0.7082980524978831 	Best Valid Acc: 0.709850
Epoch: 55 	Training Cost: 9950.008206	 Valid Acc: 0.707874682472481 	Best Valid Acc: 0.709850
Epoch: 56 	Training Cost: 9936.092643	 Valid Acc: 0.7080158058142817 	Best Valid Acc: 0.709850
Epoch: 57 	Training Cost: 9922.608107	 Valid Acc: 0.7077335591306803 	Best Valid Acc: 0.709850
Epoch: 58 	Training Cost: 9909.510459	 Valid Acc: 0.7081569291560824 	Best Valid Acc: 0.709850
Epoch: 59 	Training Cost: 9896.776733	 Valid Acc: 0.7088625458650861 	Best Valid Acc: 0.709850
Epoch: 60 	Training Cost: 9884.409356	 Valid Acc: 0.7102737792830934 	Best Valid Acc: 0.710274
Epoch: 61 	Training Cost: 9872.363833	 Valid Acc: 0.7105560259666949 	Best Valid Acc: 0.710556
Epoch: 62 	Training Cost: 9860.785083	 Valid Acc: 0.7118261360429015 	Best Valid Acc: 0.711826
Epoch: 63 	Training Cost: 9849.341014	 Valid Acc: 0.7128139994355066 	Best Valid Acc: 0.712814
Epoch: 64 	Training Cost: 9838.245601	 Valid Acc: 0.7123906294101044 	Best Valid Acc: 0.712814
Epoch: 65 	Training Cost: 9827.428691	 Valid Acc: 0.7125317527519052 	Best Valid Acc: 0.712814
Epoch: 66 	Training Cost: 9816.873716	 Valid Acc: 0.7126728760937059 	Best Valid Acc: 0.712814
Epoch: 67 	Training Cost: 9806.576132	 Valid Acc: 0.7125317527519052 	Best Valid Acc: 0.712814
Epoch: 68 	Training Cost: 9796.502025	 Valid Acc: 0.713096246119108 	Best Valid Acc: 0.713096
Epoch: 69 	Training Cost: 9786.584043	 Valid Acc: 0.713096246119108 	Best Valid Acc: 0.713096
Epoch: 70 	Training Cost: 9776.868536	 Valid Acc: 0.7128139994355066 	Best Valid Acc: 0.713096
Epoch: 71 	Training Cost: 9767.370835	 Valid Acc: 0.7126728760937059 	Best Valid Acc: 0.713096
Epoch: 72 	Training Cost: 9757.999872	 Valid Acc: 0.7132373694609089 	Best Valid Acc: 0.713237
Epoch: 73 	Training Cost: 9748.837298	 Valid Acc: 0.7132373694609089 	Best Valid Acc: 0.713237
Epoch: 74 	Training Cost: 9739.778263	 Valid Acc: 0.7135196161445103 	Best Valid Acc: 0.713520
Epoch: 75 	Training Cost: 9730.868335	 Valid Acc: 0.7143663561953147 	Best Valid Acc: 0.714366
Epoch: 76 	Training Cost: 9722.053036	 Valid Acc: 0.7147897262207169 	Best Valid Acc: 0.714790
Epoch: 77 	Training Cost: 9713.229393	 Valid Acc: 0.7138018628281118 	Best Valid Acc: 0.714790
Epoch: 78 	Training Cost: 9704.499537	 Valid Acc: 0.7138018628281118 	Best Valid Acc: 0.714790
Epoch: 79 	Training Cost: 9695.837433	 Valid Acc: 0.7133784928027096 	Best Valid Acc: 0.714790
Epoch: 80 	Training Cost: 9687.208532	 Valid Acc: 0.7126728760937059 	Best Valid Acc: 0.714790
Epoch: 81 	Training Cost: 9678.525019	 Valid Acc: 0.713660739486311 	Best Valid Acc: 0.714790
Epoch: 82 	Training Cost: 9669.798531	 Valid Acc: 0.7138018628281118 	Best Valid Acc: 0.714790
Epoch: 83 	Training Cost: 9661.011075	 Valid Acc: 0.7140841095117132 	Best Valid Acc: 0.714790
Epoch: 84 	Training Cost: 9652.085095	 Valid Acc: 0.713096246119108 	Best Valid Acc: 0.714790
Epoch: 85 	Training Cost: 9642.990066	 Valid Acc: 0.7129551227773073 	Best Valid Acc: 0.714790
Epoch: 86 	Training Cost: 9633.701647	 Valid Acc: 0.7126728760937059 	Best Valid Acc: 0.714790
Epoch: 87 	Training Cost: 9624.141281	 Valid Acc: 0.7129551227773073 	Best Valid Acc: 0.714790
Epoch: 88 	Training Cost: 9614.319958	 Valid Acc: 0.7122495060683037 	Best Valid Acc: 0.714790
Epoch: 89 	Training Cost: 9604.158619	 Valid Acc: 0.7129551227773073 	Best Valid Acc: 0.714790
Epoch: 90 	Training Cost: 9593.585928	 Valid Acc: 0.7135196161445103 	Best Valid Acc: 0.714790
Epoch: 91 	Training Cost: 9582.627213	 Valid Acc: 0.7133784928027096 	Best Valid Acc: 0.714790
Epoch: 92 	Training Cost: 9571.270058	 Valid Acc: 0.7132373694609089 	Best Valid Acc: 0.714790
Epoch: 93 	Training Cost: 9559.514290	 Valid Acc: 0.7140841095117132 	Best Valid Acc: 0.714790
Epoch: 94 	Training Cost: 9547.401220	 Valid Acc: 0.7146486028789162 	Best Valid Acc: 0.714790
Epoch: 95 	Training Cost: 9534.978111	 Valid Acc: 0.7138018628281118 	Best Valid Acc: 0.714790
Epoch: 96 	Training Cost: 9522.201804	 Valid Acc: 0.7143663561953147 	Best Valid Acc: 0.714790
Epoch: 97 	Training Cost: 9509.190921	 Valid Acc: 0.7143663561953147 	Best Valid Acc: 0.714790
Epoch: 98 	Training Cost: 9496.037803	 Valid Acc: 0.7143663561953147 	Best Valid Acc: 0.714790
Epoch: 99 	Training Cost: 9482.808622	 Valid Acc: 0.7154953429297206 	Best Valid Acc: 0.715495
Epoch: 100 	Training Cost: 9469.517367	 Valid Acc: 0.7154953429297206 	Best Valid Acc: 0.715495
Epoch: 101 	Training Cost: 9456.238076	 Valid Acc: 0.7152130962461191 	Best Valid Acc: 0.715495
Epoch: 102 	Training Cost: 9443.104951	 Valid Acc: 0.7145074795371155 	Best Valid Acc: 0.715495
Epoch: 103 	Training Cost: 9430.094364	 Valid Acc: 0.713660739486311 	Best Valid Acc: 0.715495
Epoch: 104 	Training Cost: 9417.254286	 Valid Acc: 0.7133784928027096 	Best Valid Acc: 0.715495
Epoch: 105 	Training Cost: 9404.704499	 Valid Acc: 0.7126728760937059 	Best Valid Acc: 0.715495
Epoch: 106 	Training Cost: 9392.356104	 Valid Acc: 0.7122495060683037 	Best Valid Acc: 0.715495
Epoch: 107 	Training Cost: 9380.367189	 Valid Acc: 0.7128139994355066 	Best Valid Acc: 0.715495
Epoch: 108 	Training Cost: 9368.566821	 Valid Acc: 0.7126728760937059 	Best Valid Acc: 0.715495
Epoch: 109 	Training Cost: 9357.046373	 Valid Acc: 0.7123906294101044 	Best Valid Acc: 0.715495
Epoch: 110 	Training Cost: 9345.761213	 Valid Acc: 0.7118261360429015 	Best Valid Acc: 0.715495
Epoch: 111 	Training Cost: 9334.723759	 Valid Acc: 0.712108382726503 	Best Valid Acc: 0.715495
Epoch: 112 	Training Cost: 9323.955325	 Valid Acc: 0.7119672593847022 	Best Valid Acc: 0.715495
Epoch: 113 	Training Cost: 9313.433824	 Valid Acc: 0.7126728760937059 	Best Valid Acc: 0.715495
Epoch: 114 	Training Cost: 9303.080871	 Valid Acc: 0.7132373694609089 	Best Valid Acc: 0.715495
Epoch: 115 	Training Cost: 9292.964045	 Valid Acc: 0.7129551227773073 	Best Valid Acc: 0.715495
Epoch: 116 	Training Cost: 9282.980326	 Valid Acc: 0.713660739486311 	Best Valid Acc: 0.715495
Epoch: 117 	Training Cost: 9273.179794	 Valid Acc: 0.7139429861699125 	Best Valid Acc: 0.715495
Epoch: 118 	Training Cost: 9263.452712	 Valid Acc: 0.7138018628281118 	Best Valid Acc: 0.715495
Epoch: 119 	Training Cost: 9253.850872	 Valid Acc: 0.7133784928027096 	Best Valid Acc: 0.715495
Epoch: 120 	Training Cost: 9244.320190	 Valid Acc: 0.7138018628281118 	Best Valid Acc: 0.715495
Epoch: 121 	Training Cost: 9234.839855	 Valid Acc: 0.7128139994355066 	Best Valid Acc: 0.715495
Epoch: 122 	Training Cost: 9225.431394	 Valid Acc: 0.7122495060683037 	Best Valid Acc: 0.715495
Epoch: 123 	Training Cost: 9216.094145	 Valid Acc: 0.7123906294101044 	Best Valid Acc: 0.715495
Epoch: 124 	Training Cost: 9206.701194	 Valid Acc: 0.7125317527519052 	Best Valid Acc: 0.715495
Epoch: 125 	Training Cost: 9197.375238	 Valid Acc: 0.7135196161445103 	Best Valid Acc: 0.715495
Epoch: 126 	Training Cost: 9188.068478	 Valid Acc: 0.7133784928027096 	Best Valid Acc: 0.715495
Epoch: 127 	Training Cost: 9178.642525	 Valid Acc: 0.7139429861699125 	Best Valid Acc: 0.715495
Epoch: 128 	Training Cost: 9169.243283	 Valid Acc: 0.7146486028789162 	Best Valid Acc: 0.715495
Epoch: 129 	Training Cost: 9159.734578	 Valid Acc: 0.7143663561953147 	Best Valid Acc: 0.715495
Epoch: 130 	Training Cost: 9150.056788	 Valid Acc: 0.714225232853514 	Best Valid Acc: 0.715495
Epoch: 131 	Training Cost: 9140.293161	 Valid Acc: 0.7132373694609089 	Best Valid Acc: 0.715495
Epoch: 132 	Training Cost: 9130.373016	 Valid Acc: 0.7145074795371155 	Best Valid Acc: 0.715495
Epoch: 133 	Training Cost: 9120.227474	 Valid Acc: 0.7145074795371155 	Best Valid Acc: 0.715495
Epoch: 134 	Training Cost: 9109.779954	 Valid Acc: 0.7139429861699125 	Best Valid Acc: 0.715495
Epoch: 135 	Training Cost: 9099.012824	 Valid Acc: 0.7139429861699125 	Best Valid Acc: 0.715495
Epoch: 136 	Training Cost: 9087.909255	 Valid Acc: 0.7133784928027096 	Best Valid Acc: 0.715495
Epoch: 137 	Training Cost: 9076.405198	 Valid Acc: 0.7125317527519052 	Best Valid Acc: 0.715495
Epoch: 138 	Training Cost: 9064.521511	 Valid Acc: 0.7125317527519052 	Best Valid Acc: 0.715495
Epoch: 139 	Training Cost: 9052.304830	 Valid Acc: 0.7128139994355066 	Best Valid Acc: 0.715495
Epoch: 140 	Training Cost: 9039.371404	 Valid Acc: 0.7115438893593 	Best Valid Acc: 0.715495
Epoch: 141 	Training Cost: 9025.895821	 Valid Acc: 0.7118261360429015 	Best Valid Acc: 0.715495
Epoch: 142 	Training Cost: 9011.778439	 Valid Acc: 0.7106971493084956 	Best Valid Acc: 0.715495
Epoch: 143 	Training Cost: 8996.847628	 Valid Acc: 0.7115438893593 	Best Valid Acc: 0.715495
Epoch: 144 	Training Cost: 8981.281005	 Valid Acc: 0.7112616426756986 	Best Valid Acc: 0.715495
Epoch: 145 	Training Cost: 8964.650299	 Valid Acc: 0.7111205193338979 	Best Valid Acc: 0.715495
Epoch: 146 	Training Cost: 8947.339014	 Valid Acc: 0.7101326559412927 	Best Valid Acc: 0.715495
Epoch: 147 	Training Cost: 8929.203906	 Valid Acc: 0.7108382726502963 	Best Valid Acc: 0.715495
Epoch: 148 	Training Cost: 8910.339898	 Valid Acc: 0.7106971493084956 	Best Valid Acc: 0.715495
Epoch: 149 	Training Cost: 8890.516721	 Valid Acc: 0.7088625458650861 	Best Valid Acc: 0.715495
Epoch: 150 	Training Cost: 8870.254380	 Valid Acc: 0.709427039232289 	Best Valid Acc: 0.715495
Epoch: 151 	Training Cost: 8849.368765	 Valid Acc: 0.7081569291560824 	Best Valid Acc: 0.715495
Epoch: 152 	Training Cost: 8827.966996	 Valid Acc: 0.7077335591306803 	Best Valid Acc: 0.715495
Epoch: 153 	Training Cost: 8806.236479	 Valid Acc: 0.7075924357888794 	Best Valid Acc: 0.715495
Epoch: 154 	Training Cost: 8784.088216	 Valid Acc: 0.7075924357888794 	Best Valid Acc: 0.715495
Epoch: 155 	Training Cost: 8761.751328	 Valid Acc: 0.707310189105278 	Best Valid Acc: 0.715495
Epoch: 156 	Training Cost: 8739.224482	 Valid Acc: 0.7077335591306803 	Best Valid Acc: 0.715495
Epoch: 157 	Training Cost: 8716.490649	 Valid Acc: 0.7064634490544736 	Best Valid Acc: 0.715495
Epoch: 158 	Training Cost: 8693.853702	 Valid Acc: 0.7058989556872707 	Best Valid Acc: 0.715495
Epoch: 159 	Training Cost: 8670.884501	 Valid Acc: 0.705193338978267 	Best Valid Acc: 0.715495
Epoch: 160 	Training Cost: 8648.221805	 Valid Acc: 0.70575783234547 	Best Valid Acc: 0.715495
Epoch: 161 	Training Cost: 8625.368501	 Valid Acc: 0.7054755856618685 	Best Valid Acc: 0.715495
Epoch: 162 	Training Cost: 8602.802268	 Valid Acc: 0.7054755856618685 	Best Valid Acc: 0.715495
Epoch: 163 	Training Cost: 8580.359109	 Valid Acc: 0.7050522156364663 	Best Valid Acc: 0.715495
Epoch: 164 	Training Cost: 8558.104555	 Valid Acc: 0.7047699689528648 	Best Valid Acc: 0.715495
Epoch: 165 	Training Cost: 8536.061669	 Valid Acc: 0.7043465989274627 	Best Valid Acc: 0.715495
Epoch: 166 	Training Cost: 8514.434640	 Valid Acc: 0.7042054755856618 	Best Valid Acc: 0.715495
Epoch: 167 	Training Cost: 8492.824197	 Valid Acc: 0.7042054755856618 	Best Valid Acc: 0.715495
Epoch: 168 	Training Cost: 8471.855371	 Valid Acc: 0.7047699689528648 	Best Valid Acc: 0.715495
Epoch: 169 	Training Cost: 8450.849124	 Valid Acc: 0.7022297488004516 	Best Valid Acc: 0.715495
Epoch: 170 	Training Cost: 8430.535824	 Valid Acc: 0.7020886254586508 	Best Valid Acc: 0.715495
Epoch: 171 	Training Cost: 8410.244090	 Valid Acc: 0.7025119954840531 	Best Valid Acc: 0.715495
Epoch: 172 	Training Cost: 8390.721825	 Valid Acc: 0.7022297488004516 	Best Valid Acc: 0.715495
Epoch: 173 	Training Cost: 8371.085028	 Valid Acc: 0.7015241320914479 	Best Valid Acc: 0.715495
Epoch: 174 	Training Cost: 8352.215978	 Valid Acc: 0.7011007620660458 	Best Valid Acc: 0.715495
Epoch: 175 	Training Cost: 8333.275031	 Valid Acc: 0.7006773920406435 	Best Valid Acc: 0.715495
Epoch: 176 	Training Cost: 8315.136970	 Valid Acc: 0.7008185153824442 	Best Valid Acc: 0.715495
Epoch: 177 	Training Cost: 8296.978020	 Valid Acc: 0.7005362686988428 	Best Valid Acc: 0.715495
Epoch: 178 	Training Cost: 8279.590759	 Valid Acc: 0.7011007620660458 	Best Valid Acc: 0.715495
Epoch: 179 	Training Cost: 8262.150359	 Valid Acc: 0.7002540220152413 	Best Valid Acc: 0.715495
Epoch: 180 	Training Cost: 8245.366927	 Valid Acc: 0.6996895286480384 	Best Valid Acc: 0.715495
Epoch: 181 	Training Cost: 8228.596852	 Valid Acc: 0.6995484053062376 	Best Valid Acc: 0.715495
Epoch: 182 	Training Cost: 8212.313145	 Valid Acc: 0.6984194185718318 	Best Valid Acc: 0.715495
Epoch: 183 	Training Cost: 8195.977058	 Valid Acc: 0.6992661586226362 	Best Valid Acc: 0.715495
Epoch: 184 	Training Cost: 8180.240262	 Valid Acc: 0.6968670618120237 	Best Valid Acc: 0.715495
Epoch: 185 	Training Cost: 8164.407897	 Valid Acc: 0.6972904318374259 	Best Valid Acc: 0.715495
Epoch: 186 	Training Cost: 8149.184845	 Valid Acc: 0.6965848151284222 	Best Valid Acc: 0.715495
Epoch: 187 	Training Cost: 8133.885641	 Valid Acc: 0.6968670618120237 	Best Valid Acc: 0.715495
Epoch: 188 	Training Cost: 8119.064970	 Valid Acc: 0.6957380750776179 	Best Valid Acc: 0.715495
Epoch: 189 	Training Cost: 8104.160341	 Valid Acc: 0.6954558283940163 	Best Valid Acc: 0.715495
Epoch: 190 	Training Cost: 8089.657245	 Valid Acc: 0.6953147050522156 	Best Valid Acc: 0.715495
Epoch: 191 	Training Cost: 8075.094830	 Valid Acc: 0.6955969517358171 	Best Valid Acc: 0.715495
Epoch: 192 	Training Cost: 8060.877118	 Valid Acc: 0.6953147050522156 	Best Valid Acc: 0.715495
Epoch: 193 	Training Cost: 8046.512329	 Valid Acc: 0.6953147050522156 	Best Valid Acc: 0.715495
Epoch: 194 	Training Cost: 8032.530716	 Valid Acc: 0.6957380750776179 	Best Valid Acc: 0.715495
Epoch: 195 	Training Cost: 8018.321722	 Valid Acc: 0.6958791984194186 	Best Valid Acc: 0.715495
Epoch: 196 	Training Cost: 8004.503568	 Valid Acc: 0.6943268416596104 	Best Valid Acc: 0.715495
Epoch: 197 	Training Cost: 7990.375604	 Valid Acc: 0.6951735817104149 	Best Valid Acc: 0.715495
Epoch: 198 	Training Cost: 7976.586347	 Valid Acc: 0.694044594976009 	Best Valid Acc: 0.715495
Epoch: 199 	Training Cost: 7962.538612	 Valid Acc: 0.6950324583686142 	Best Valid Acc: 0.715495
Epoch: 200 	Training Cost: 7948.793672	 Valid Acc: 0.6944679650014113 	Best Valid Acc: 0.715495
lr=1e-05, lamb=0, num_epoch=200, test_acc=0.6979960485464296
----------------------------------------------------------
----------------------------------------------------------
lr=1e-05, lamb=0.0001, num_epoch=200
Epoch: 1 	Training Cost: 13761.039816	 Valid Acc: 0.6378775049393169 	Best Valid Acc: 0.637878
Epoch: 2 	Training Cost: 12753.478808	 Valid Acc: 0.6603161162856337 	Best Valid Acc: 0.660316
Epoch: 3 	Training Cost: 12004.341841	 Valid Acc: 0.6711826136042901 	Best Valid Acc: 0.671183
Epoch: 4 	Training Cost: 11704.503968	 Valid Acc: 0.6741462037821055 	Best Valid Acc: 0.674146
Epoch: 5 	Training Cost: 11571.702889	 Valid Acc: 0.6762630539091166 	Best Valid Acc: 0.676263
Epoch: 6 	Training Cost: 11497.266806	 Valid Acc: 0.6773920406435224 	Best Valid Acc: 0.677392
Epoch: 7 	Training Cost: 11450.067654	 Valid Acc: 0.679226644086932 	Best Valid Acc: 0.679227
Epoch: 8 	Training Cost: 11418.230191	 Valid Acc: 0.6793677674287327 	Best Valid Acc: 0.679368
Epoch: 9 	Training Cost: 11395.510959	 Valid Acc: 0.6796500141123342 	Best Valid Acc: 0.679650
Epoch: 10 	Training Cost: 11377.908746	 Valid Acc: 0.6802145074795372 	Best Valid Acc: 0.680215
Epoch: 11 	Training Cost: 11363.280660	 Valid Acc: 0.68077900084674 	Best Valid Acc: 0.680779
Epoch: 12 	Training Cost: 11349.888097	 Valid Acc: 0.6806378775049393 	Best Valid Acc: 0.680779
Epoch: 13 	Training Cost: 11336.328065	 Valid Acc: 0.6817668642393452 	Best Valid Acc: 0.681767
Epoch: 14 	Training Cost: 11321.485259	 Valid Acc: 0.682895850973751 	Best Valid Acc: 0.682896
Epoch: 15 	Training Cost: 11304.402965	 Valid Acc: 0.6821902342647473 	Best Valid Acc: 0.682896
Epoch: 16 	Training Cost: 11283.763893	 Valid Acc: 0.6819079875811459 	Best Valid Acc: 0.682896
Epoch: 17 	Training Cost: 11257.631024	 Valid Acc: 0.6826136042901496 	Best Valid Acc: 0.682896
Epoch: 18 	Training Cost: 11224.009834	 Valid Acc: 0.6817668642393452 	Best Valid Acc: 0.682896
Epoch: 19 	Training Cost: 11180.219453	 Valid Acc: 0.6830369743155518 	Best Valid Acc: 0.683037
Epoch: 20 	Training Cost: 11124.028793	 Valid Acc: 0.6860005644933672 	Best Valid Acc: 0.686001
Epoch: 21 	Training Cost: 11054.090994	 Valid Acc: 0.689810894721987 	Best Valid Acc: 0.689811
Epoch: 22 	Training Cost: 10971.847474	 Valid Acc: 0.694044594976009 	Best Valid Acc: 0.694045
Epoch: 23 	Training Cost: 10881.618746	 Valid Acc: 0.6977138018628282 	Best Valid Acc: 0.697714
Epoch: 24 	Training Cost: 10788.678667	 Valid Acc: 0.6996895286480384 	Best Valid Acc: 0.699690
Epoch: 25 	Training Cost: 10698.061826	 Valid Acc: 0.7015241320914479 	Best Valid Acc: 0.701524
Epoch: 26 	Training Cost: 10614.126495	 Valid Acc: 0.7027942421676545 	Best Valid Acc: 0.702794
Epoch: 27 	Training Cost: 10539.381662	 Valid Acc: 0.7047699689528648 	Best Valid Acc: 0.704770
Epoch: 28 	Training Cost: 10474.523392	 Valid Acc: 0.7053344623200677 	Best Valid Acc: 0.705334
Epoch: 29 	Training Cost: 10418.875250	 Valid Acc: 0.7068868190798758 	Best Valid Acc: 0.706887
Epoch: 30 	Training Cost: 10371.098749	 Valid Acc: 0.7070279424216765 	Best Valid Acc: 0.707028
Epoch: 31 	Training Cost: 10329.701625	 Valid Acc: 0.7066045723962744 	Best Valid Acc: 0.707028
Epoch: 32 	Training Cost: 10293.260862	 Valid Acc: 0.7088625458650861 	Best Valid Acc: 0.708863
Epoch: 33 	Training Cost: 10260.745227	 Valid Acc: 0.7091447925486876 	Best Valid Acc: 0.709145
Epoch: 34 	Training Cost: 10231.361317	 Valid Acc: 0.7109793959920971 	Best Valid Acc: 0.710979
Epoch: 35 	Training Cost: 10204.552154	 Valid Acc: 0.7111205193338979 	Best Valid Acc: 0.711121
Epoch: 36 	Training Cost: 10179.913286	 Valid Acc: 0.7101326559412927 	Best Valid Acc: 0.711121
Epoch: 37 	Training Cost: 10157.171123	 Valid Acc: 0.7112616426756986 	Best Valid Acc: 0.711262
Epoch: 38 	Training Cost: 10136.079150	 Valid Acc: 0.7102737792830934 	Best Valid Acc: 0.711262
Epoch: 39 	Training Cost: 10116.419752	 Valid Acc: 0.7092859158904883 	Best Valid Acc: 0.711262
Epoch: 40 	Training Cost: 10098.128429	 Valid Acc: 0.7091447925486876 	Best Valid Acc: 0.711262
Epoch: 41 	Training Cost: 10081.061588	 Valid Acc: 0.7092859158904883 	Best Valid Acc: 0.711262
Epoch: 42 	Training Cost: 10065.059986	 Valid Acc: 0.7090036692068868 	Best Valid Acc: 0.711262
Epoch: 43 	Training Cost: 10050.002590	 Valid Acc: 0.709427039232289 	Best Valid Acc: 0.711262
Epoch: 44 	Training Cost: 10035.793674	 Valid Acc: 0.7105560259666949 	Best Valid Acc: 0.711262
Epoch: 45 	Training Cost: 10022.329599	 Valid Acc: 0.7106971493084956 	Best Valid Acc: 0.711262
Epoch: 46 	Training Cost: 10009.540283	 Valid Acc: 0.7118261360429015 	Best Valid Acc: 0.711826
Epoch: 47 	Training Cost: 9997.383255	 Valid Acc: 0.7122495060683037 	Best Valid Acc: 0.712250
Epoch: 48 	Training Cost: 9985.719742	 Valid Acc: 0.7123906294101044 	Best Valid Acc: 0.712391
Epoch: 49 	Training Cost: 9974.602054	 Valid Acc: 0.713096246119108 	Best Valid Acc: 0.713096
Epoch: 50 	Training Cost: 9963.932969	 Valid Acc: 0.7132373694609089 	Best Valid Acc: 0.713237
Epoch: 51 	Training Cost: 9953.681039	 Valid Acc: 0.7140841095117132 	Best Valid Acc: 0.714084
Epoch: 52 	Training Cost: 9943.803644	 Valid Acc: 0.714225232853514 	Best Valid Acc: 0.714225
Epoch: 53 	Training Cost: 9934.241218	 Valid Acc: 0.7145074795371155 	Best Valid Acc: 0.714507
Epoch: 54 	Training Cost: 9924.998461	 Valid Acc: 0.7140841095117132 	Best Valid Acc: 0.714507
Epoch: 55 	Training Cost: 9916.020761	 Valid Acc: 0.7146486028789162 	Best Valid Acc: 0.714649
Epoch: 56 	Training Cost: 9907.266648	 Valid Acc: 0.715777589613322 	Best Valid Acc: 0.715778
Epoch: 57 	Training Cost: 9898.738362	 Valid Acc: 0.715777589613322 	Best Valid Acc: 0.715778
Epoch: 58 	Training Cost: 9890.413082	 Valid Acc: 0.7156364662715213 	Best Valid Acc: 0.715778
Epoch: 59 	Training Cost: 9882.260245	 Valid Acc: 0.7152130962461191 	Best Valid Acc: 0.715778
Epoch: 60 	Training Cost: 9874.258238	 Valid Acc: 0.7153542195879199 	Best Valid Acc: 0.715778
Epoch: 61 	Training Cost: 9866.376448	 Valid Acc: 0.7147897262207169 	Best Valid Acc: 0.715778
Epoch: 62 	Training Cost: 9858.607977	 Valid Acc: 0.7143663561953147 	Best Valid Acc: 0.715778
Epoch: 63 	Training Cost: 9850.986851	 Valid Acc: 0.7140841095117132 	Best Valid Acc: 0.715778
Epoch: 64 	Training Cost: 9843.421300	 Valid Acc: 0.7135196161445103 	Best Valid Acc: 0.715778
Epoch: 65 	Training Cost: 9835.951742	 Valid Acc: 0.7139429861699125 	Best Valid Acc: 0.715778
Epoch: 66 	Training Cost: 9828.578192	 Valid Acc: 0.7135196161445103 	Best Valid Acc: 0.715778
Epoch: 67 	Training Cost: 9821.280453	 Valid Acc: 0.7138018628281118 	Best Valid Acc: 0.715778
Epoch: 68 	Training Cost: 9814.089907	 Valid Acc: 0.7140841095117132 	Best Valid Acc: 0.715778
Epoch: 69 	Training Cost: 9806.958010	 Valid Acc: 0.7149308495625176 	Best Valid Acc: 0.715778
Epoch: 70 	Training Cost: 9799.922020	 Valid Acc: 0.7153542195879199 	Best Valid Acc: 0.715778
Epoch: 71 	Training Cost: 9792.976565	 Valid Acc: 0.7153542195879199 	Best Valid Acc: 0.715778
Epoch: 72 	Training Cost: 9786.133768	 Valid Acc: 0.7152130962461191 	Best Valid Acc: 0.715778
Epoch: 73 	Training Cost: 9779.384342	 Valid Acc: 0.7152130962461191 	Best Valid Acc: 0.715778
Epoch: 74 	Training Cost: 9772.736269	 Valid Acc: 0.7156364662715213 	Best Valid Acc: 0.715778
Epoch: 75 	Training Cost: 9766.184129	 Valid Acc: 0.7162009596387242 	Best Valid Acc: 0.716201
Epoch: 76 	Training Cost: 9759.719969	 Valid Acc: 0.7159187129551228 	Best Valid Acc: 0.716201
Epoch: 77 	Training Cost: 9753.379475	 Valid Acc: 0.7164832063223258 	Best Valid Acc: 0.716483
Epoch: 78 	Training Cost: 9747.141992	 Valid Acc: 0.7167654530059272 	Best Valid Acc: 0.716765
Epoch: 79 	Training Cost: 9741.023064	 Valid Acc: 0.7164832063223258 	Best Valid Acc: 0.716765
Epoch: 80 	Training Cost: 9735.021266	 Valid Acc: 0.7160598362969235 	Best Valid Acc: 0.716765
Epoch: 81 	Training Cost: 9729.151749	 Valid Acc: 0.7156364662715213 	Best Valid Acc: 0.716765
Epoch: 82 	Training Cost: 9723.350801	 Valid Acc: 0.7149308495625176 	Best Valid Acc: 0.716765
Epoch: 83 	Training Cost: 9717.680066	 Valid Acc: 0.7149308495625176 	Best Valid Acc: 0.716765
Epoch: 84 	Training Cost: 9712.158315	 Valid Acc: 0.7146486028789162 	Best Valid Acc: 0.716765
Epoch: 85 	Training Cost: 9706.729719	 Valid Acc: 0.7147897262207169 	Best Valid Acc: 0.716765
Epoch: 86 	Training Cost: 9701.441726	 Valid Acc: 0.7150719729043183 	Best Valid Acc: 0.716765
Epoch: 87 	Training Cost: 9696.293296	 Valid Acc: 0.7143663561953147 	Best Valid Acc: 0.716765
Epoch: 88 	Training Cost: 9691.220663	 Valid Acc: 0.7149308495625176 	Best Valid Acc: 0.716765
Epoch: 89 	Training Cost: 9686.264253	 Valid Acc: 0.7154953429297206 	Best Valid Acc: 0.716765
Epoch: 90 	Training Cost: 9681.401665	 Valid Acc: 0.7149308495625176 	Best Valid Acc: 0.716765
Epoch: 91 	Training Cost: 9676.647621	 Valid Acc: 0.7153542195879199 	Best Valid Acc: 0.716765
Epoch: 92 	Training Cost: 9671.988822	 Valid Acc: 0.7149308495625176 	Best Valid Acc: 0.716765
Epoch: 93 	Training Cost: 9667.392606	 Valid Acc: 0.7152130962461191 	Best Valid Acc: 0.716765
Epoch: 94 	Training Cost: 9662.859304	 Valid Acc: 0.7153542195879199 	Best Valid Acc: 0.716765
Epoch: 95 	Training Cost: 9658.415750	 Valid Acc: 0.7143663561953147 	Best Valid Acc: 0.716765
Epoch: 96 	Training Cost: 9653.991057	 Valid Acc: 0.7145074795371155 	Best Valid Acc: 0.716765
Epoch: 97 	Training Cost: 9649.642301	 Valid Acc: 0.7143663561953147 	Best Valid Acc: 0.716765
Epoch: 98 	Training Cost: 9645.289771	 Valid Acc: 0.7143663561953147 	Best Valid Acc: 0.716765
Epoch: 99 	Training Cost: 9640.947022	 Valid Acc: 0.714225232853514 	Best Valid Acc: 0.716765
Epoch: 100 	Training Cost: 9636.633389	 Valid Acc: 0.7145074795371155 	Best Valid Acc: 0.716765
Epoch: 101 	Training Cost: 9632.335200	 Valid Acc: 0.7154953429297206 	Best Valid Acc: 0.716765
Epoch: 102 	Training Cost: 9627.960987	 Valid Acc: 0.7153542195879199 	Best Valid Acc: 0.716765
Epoch: 103 	Training Cost: 9623.548242	 Valid Acc: 0.7160598362969235 	Best Valid Acc: 0.716765
Epoch: 104 	Training Cost: 9619.048410	 Valid Acc: 0.7156364662715213 	Best Valid Acc: 0.716765
Epoch: 105 	Training Cost: 9614.437167	 Valid Acc: 0.7153542195879199 	Best Valid Acc: 0.716765
Epoch: 106 	Training Cost: 9609.633774	 Valid Acc: 0.7147897262207169 	Best Valid Acc: 0.716765
Epoch: 107 	Training Cost: 9604.596849	 Valid Acc: 0.7150719729043183 	Best Valid Acc: 0.716765
Epoch: 108 	Training Cost: 9599.232271	 Valid Acc: 0.7152130962461191 	Best Valid Acc: 0.716765
Epoch: 109 	Training Cost: 9593.455257	 Valid Acc: 0.7147897262207169 	Best Valid Acc: 0.716765
Epoch: 110 	Training Cost: 9587.229863	 Valid Acc: 0.7156364662715213 	Best Valid Acc: 0.716765
Epoch: 111 	Training Cost: 9580.373320	 Valid Acc: 0.7154953429297206 	Best Valid Acc: 0.716765
Epoch: 112 	Training Cost: 9572.768337	 Valid Acc: 0.7150719729043183 	Best Valid Acc: 0.716765
Epoch: 113 	Training Cost: 9564.352489	 Valid Acc: 0.7145074795371155 	Best Valid Acc: 0.716765
Epoch: 114 	Training Cost: 9554.797706	 Valid Acc: 0.7138018628281118 	Best Valid Acc: 0.716765
Epoch: 115 	Training Cost: 9544.446129	 Valid Acc: 0.7145074795371155 	Best Valid Acc: 0.716765
Epoch: 116 	Training Cost: 9532.725061	 Valid Acc: 0.7152130962461191 	Best Valid Acc: 0.716765
Epoch: 117 	Training Cost: 9520.692341	 Valid Acc: 0.7150719729043183 	Best Valid Acc: 0.716765
Epoch: 118 	Training Cost: 9507.646725	 Valid Acc: 0.7147897262207169 	Best Valid Acc: 0.716765
Epoch: 119 	Training Cost: 9494.647753	 Valid Acc: 0.7147897262207169 	Best Valid Acc: 0.716765
Epoch: 120 	Training Cost: 9481.285579	 Valid Acc: 0.7145074795371155 	Best Valid Acc: 0.716765
Epoch: 121 	Training Cost: 9467.993054	 Valid Acc: 0.7140841095117132 	Best Valid Acc: 0.716765
Epoch: 122 	Training Cost: 9454.864165	 Valid Acc: 0.7138018628281118 	Best Valid Acc: 0.716765
Epoch: 123 	Training Cost: 9441.863836	 Valid Acc: 0.713096246119108 	Best Valid Acc: 0.716765
Epoch: 124 	Training Cost: 9429.037764	 Valid Acc: 0.7122495060683037 	Best Valid Acc: 0.716765
Epoch: 125 	Training Cost: 9416.500018	 Valid Acc: 0.7116850127011007 	Best Valid Acc: 0.716765
Epoch: 126 	Training Cost: 9404.227442	 Valid Acc: 0.7111205193338979 	Best Valid Acc: 0.716765
Epoch: 127 	Training Cost: 9392.261657	 Valid Acc: 0.709991532599492 	Best Valid Acc: 0.716765
Epoch: 128 	Training Cost: 9380.667351	 Valid Acc: 0.7104149026248942 	Best Valid Acc: 0.716765
Epoch: 129 	Training Cost: 9369.412396	 Valid Acc: 0.7106971493084956 	Best Valid Acc: 0.716765
Epoch: 130 	Training Cost: 9358.248312	 Valid Acc: 0.7106971493084956 	Best Valid Acc: 0.716765
Epoch: 131 	Training Cost: 9347.690012	 Valid Acc: 0.7098504092576913 	Best Valid Acc: 0.716765
Epoch: 132 	Training Cost: 9337.329390	 Valid Acc: 0.7105560259666949 	Best Valid Acc: 0.716765
Epoch: 133 	Training Cost: 9327.213383	 Valid Acc: 0.7104149026248942 	Best Valid Acc: 0.716765
Epoch: 134 	Training Cost: 9317.099964	 Valid Acc: 0.7098504092576913 	Best Valid Acc: 0.716765
Epoch: 135 	Training Cost: 9307.536791	 Valid Acc: 0.7097092859158904 	Best Valid Acc: 0.716765
Epoch: 136 	Training Cost: 9298.159295	 Valid Acc: 0.7090036692068868 	Best Valid Acc: 0.716765
Epoch: 137 	Training Cost: 9288.874108	 Valid Acc: 0.7105560259666949 	Best Valid Acc: 0.716765
Epoch: 138 	Training Cost: 9279.788760	 Valid Acc: 0.7080158058142817 	Best Valid Acc: 0.716765
Epoch: 139 	Training Cost: 9270.875915	 Valid Acc: 0.7092859158904883 	Best Valid Acc: 0.716765
Epoch: 140 	Training Cost: 9262.300662	 Valid Acc: 0.7081569291560824 	Best Valid Acc: 0.716765
Epoch: 141 	Training Cost: 9253.980329	 Valid Acc: 0.707310189105278 	Best Valid Acc: 0.716765
Epoch: 142 	Training Cost: 9245.323805	 Valid Acc: 0.7085802991814846 	Best Valid Acc: 0.716765
Epoch: 143 	Training Cost: 9237.052261	 Valid Acc: 0.707874682472481 	Best Valid Acc: 0.716765
Epoch: 144 	Training Cost: 9228.896416	 Valid Acc: 0.7092859158904883 	Best Valid Acc: 0.716765
Epoch: 145 	Training Cost: 9220.856615	 Valid Acc: 0.7066045723962744 	Best Valid Acc: 0.716765
Epoch: 146 	Training Cost: 9212.985114	 Valid Acc: 0.7077335591306803 	Best Valid Acc: 0.716765
Epoch: 147 	Training Cost: 9205.286420	 Valid Acc: 0.7058989556872707 	Best Valid Acc: 0.716765
Epoch: 148 	Training Cost: 9197.123055	 Valid Acc: 0.7074513124470787 	Best Valid Acc: 0.716765
Epoch: 149 	Training Cost: 9189.654470	 Valid Acc: 0.7056167090036692 	Best Valid Acc: 0.716765
Epoch: 150 	Training Cost: 9181.633804	 Valid Acc: 0.7082980524978831 	Best Valid Acc: 0.716765
Epoch: 151 	Training Cost: 9174.001926	 Valid Acc: 0.7068868190798758 	Best Valid Acc: 0.716765
Epoch: 152 	Training Cost: 9166.022302	 Valid Acc: 0.707874682472481 	Best Valid Acc: 0.716765
Epoch: 153 	Training Cost: 9158.177987	 Valid Acc: 0.7060400790290714 	Best Valid Acc: 0.716765
Epoch: 154 	Training Cost: 9150.393675	 Valid Acc: 0.7060400790290714 	Best Valid Acc: 0.716765
Epoch: 155 	Training Cost: 9142.606564	 Valid Acc: 0.7054755856618685 	Best Valid Acc: 0.716765
Epoch: 156 	Training Cost: 9134.156143	 Valid Acc: 0.705193338978267 	Best Valid Acc: 0.716765
Epoch: 157 	Training Cost: 9126.036078	 Valid Acc: 0.7046288456110641 	Best Valid Acc: 0.716765
Epoch: 158 	Training Cost: 9117.827029	 Valid Acc: 0.7040643522438611 	Best Valid Acc: 0.716765
Epoch: 159 	Training Cost: 9109.256858	 Valid Acc: 0.7025119954840531 	Best Valid Acc: 0.716765
Epoch: 160 	Training Cost: 9100.364169	 Valid Acc: 0.7032176121930568 	Best Valid Acc: 0.716765
Epoch: 161 	Training Cost: 9091.570658	 Valid Acc: 0.7015241320914479 	Best Valid Acc: 0.716765
Epoch: 162 	Training Cost: 9082.088400	 Valid Acc: 0.7025119954840531 	Best Valid Acc: 0.716765
Epoch: 163 	Training Cost: 9072.749149	 Valid Acc: 0.7015241320914479 	Best Valid Acc: 0.716765
Epoch: 164 	Training Cost: 9062.613398	 Valid Acc: 0.7026531188258538 	Best Valid Acc: 0.716765
Epoch: 165 	Training Cost: 9052.377978	 Valid Acc: 0.7020886254586508 	Best Valid Acc: 0.716765
Epoch: 166 	Training Cost: 9041.530979	 Valid Acc: 0.7034998588766582 	Best Valid Acc: 0.716765
Epoch: 167 	Training Cost: 9030.385482	 Valid Acc: 0.7019475021168501 	Best Valid Acc: 0.716765
Epoch: 168 	Training Cost: 9018.747950	 Valid Acc: 0.7039232289020604 	Best Valid Acc: 0.716765
Epoch: 169 	Training Cost: 9006.497108	 Valid Acc: 0.7027942421676545 	Best Valid Acc: 0.716765
Epoch: 170 	Training Cost: 8993.979667	 Valid Acc: 0.7034998588766582 	Best Valid Acc: 0.716765
Epoch: 171 	Training Cost: 8980.620876	 Valid Acc: 0.7027942421676545 	Best Valid Acc: 0.716765
Epoch: 172 	Training Cost: 8967.158717	 Valid Acc: 0.7050522156364663 	Best Valid Acc: 0.716765
Epoch: 173 	Training Cost: 8952.856069	 Valid Acc: 0.703076488851256 	Best Valid Acc: 0.716765
Epoch: 174 	Training Cost: 8938.606449	 Valid Acc: 0.7039232289020604 	Best Valid Acc: 0.716765
Epoch: 175 	Training Cost: 8923.394577	 Valid Acc: 0.7034998588766582 	Best Valid Acc: 0.716765
Epoch: 176 	Training Cost: 8908.683255	 Valid Acc: 0.7029353655094552 	Best Valid Acc: 0.716765
Epoch: 177 	Training Cost: 8893.103613	 Valid Acc: 0.7036409822184589 	Best Valid Acc: 0.716765
Epoch: 178 	Training Cost: 8878.095198	 Valid Acc: 0.7029353655094552 	Best Valid Acc: 0.716765
Epoch: 179 	Training Cost: 8862.397643	 Valid Acc: 0.7027942421676545 	Best Valid Acc: 0.716765
Epoch: 180 	Training Cost: 8847.520663	 Valid Acc: 0.7029353655094552 	Best Valid Acc: 0.716765
Epoch: 181 	Training Cost: 8832.228474	 Valid Acc: 0.7023708721422524 	Best Valid Acc: 0.716765
Epoch: 182 	Training Cost: 8817.751524	 Valid Acc: 0.7029353655094552 	Best Valid Acc: 0.716765
Epoch: 183 	Training Cost: 8802.800852	 Valid Acc: 0.7023708721422524 	Best Valid Acc: 0.716765
Epoch: 184 	Training Cost: 8788.758637	 Valid Acc: 0.7029353655094552 	Best Valid Acc: 0.716765
Epoch: 185 	Training Cost: 8774.454341	 Valid Acc: 0.7025119954840531 	Best Valid Acc: 0.716765
Epoch: 186 	Training Cost: 8761.117911	 Valid Acc: 0.7020886254586508 	Best Valid Acc: 0.716765
Epoch: 187 	Training Cost: 8747.476829	 Valid Acc: 0.7027942421676545 	Best Valid Acc: 0.716765
Epoch: 188 	Training Cost: 8734.698709	 Valid Acc: 0.7018063787750494 	Best Valid Acc: 0.716765
Epoch: 189 	Training Cost: 8721.807146	 Valid Acc: 0.7020886254586508 	Best Valid Acc: 0.716765
Epoch: 190 	Training Cost: 8709.642847	 Valid Acc: 0.7022297488004516 	Best Valid Acc: 0.716765
Epoch: 191 	Training Cost: 8697.513739	 Valid Acc: 0.7018063787750494 	Best Valid Acc: 0.716765
Epoch: 192 	Training Cost: 8685.975535	 Valid Acc: 0.7011007620660458 	Best Valid Acc: 0.716765
Epoch: 193 	Training Cost: 8674.279433	 Valid Acc: 0.703076488851256 	Best Valid Acc: 0.716765
Epoch: 194 	Training Cost: 8663.200646	 Valid Acc: 0.7012418854078465 	Best Valid Acc: 0.716765
Epoch: 195 	Training Cost: 8652.061809	 Valid Acc: 0.7018063787750494 	Best Valid Acc: 0.716765
Epoch: 196 	Training Cost: 8641.470026	 Valid Acc: 0.7023708721422524 	Best Valid Acc: 0.716765
Epoch: 197 	Training Cost: 8630.691412	 Valid Acc: 0.7026531188258538 	Best Valid Acc: 0.716765
Epoch: 198 	Training Cost: 8620.383716	 Valid Acc: 0.7032176121930568 	Best Valid Acc: 0.716765
Epoch: 199 	Training Cost: 8609.896581	 Valid Acc: 0.7022297488004516 	Best Valid Acc: 0.716765
Epoch: 200 	Training Cost: 8599.906401	 Valid Acc: 0.7032176121930568 	Best Valid Acc: 0.716765
lr=1e-05, lamb=0.0001, num_epoch=200, test_acc=0.689810894721987
----------------------------------------------------------
----------------------------------------------------------
lr=1e-05, lamb=0.001, num_epoch=200
Epoch: 1 	Training Cost: 14287.676542	 Valid Acc: 0.600197572678521 	Best Valid Acc: 0.600198
Epoch: 2 	Training Cost: 13259.549843	 Valid Acc: 0.647897262207169 	Best Valid Acc: 0.647897
Epoch: 3 	Training Cost: 12332.834377	 Valid Acc: 0.6615862263618403 	Best Valid Acc: 0.661586
Epoch: 4 	Training Cost: 11933.471447	 Valid Acc: 0.6756985605419137 	Best Valid Acc: 0.675699
Epoch: 5 	Training Cost: 11763.944789	 Valid Acc: 0.6780976573525261 	Best Valid Acc: 0.678098
Epoch: 6 	Training Cost: 11671.709576	 Valid Acc: 0.6804967541631386 	Best Valid Acc: 0.680497
Epoch: 7 	Training Cost: 11614.069076	 Valid Acc: 0.6817668642393452 	Best Valid Acc: 0.681767
Epoch: 8 	Training Cost: 11576.251147	 Valid Acc: 0.6827547276319503 	Best Valid Acc: 0.682755
Epoch: 9 	Training Cost: 11550.216804	 Valid Acc: 0.683460344340954 	Best Valid Acc: 0.683460
Epoch: 10 	Training Cost: 11531.262488	 Valid Acc: 0.6831780976573525 	Best Valid Acc: 0.683460
Epoch: 11 	Training Cost: 11516.153371	 Valid Acc: 0.6833192209991532 	Best Valid Acc: 0.683460
Epoch: 12 	Training Cost: 11503.053473	 Valid Acc: 0.6827547276319503 	Best Valid Acc: 0.683460
Epoch: 13 	Training Cost: 11490.462002	 Valid Acc: 0.682895850973751 	Best Valid Acc: 0.683460
Epoch: 14 	Training Cost: 11477.521812	 Valid Acc: 0.6840248377081569 	Best Valid Acc: 0.684025
Epoch: 15 	Training Cost: 11463.674489	 Valid Acc: 0.683460344340954 	Best Valid Acc: 0.684025
Epoch: 16 	Training Cost: 11448.042693	 Valid Acc: 0.682895850973751 	Best Valid Acc: 0.684025
Epoch: 17 	Training Cost: 11429.877481	 Valid Acc: 0.6827547276319503 	Best Valid Acc: 0.684025
Epoch: 18 	Training Cost: 11407.906516	 Valid Acc: 0.683460344340954 	Best Valid Acc: 0.684025
Epoch: 19 	Training Cost: 11380.612721	 Valid Acc: 0.6837425910245555 	Best Valid Acc: 0.684025
Epoch: 20 	Training Cost: 11345.694835	 Valid Acc: 0.6845893310753599 	Best Valid Acc: 0.684589
Epoch: 21 	Training Cost: 11300.796292	 Valid Acc: 0.6858594411515665 	Best Valid Acc: 0.685859
Epoch: 22 	Training Cost: 11243.285445	 Valid Acc: 0.6875529212531752 	Best Valid Acc: 0.687553
Epoch: 23 	Training Cost: 11171.622031	 Valid Acc: 0.6893875246965848 	Best Valid Acc: 0.689388
Epoch: 24 	Training Cost: 11087.516246	 Valid Acc: 0.6923511148744003 	Best Valid Acc: 0.692351
Epoch: 25 	Training Cost: 10995.183283	 Valid Acc: 0.6941857183178097 	Best Valid Acc: 0.694186
Epoch: 26 	Training Cost: 10901.453820	 Valid Acc: 0.698842788597234 	Best Valid Acc: 0.698843
Epoch: 27 	Training Cost: 10812.767534	 Valid Acc: 0.7001128986734406 	Best Valid Acc: 0.700113
Epoch: 28 	Training Cost: 10733.365632	 Valid Acc: 0.7018063787750494 	Best Valid Acc: 0.701806
Epoch: 29 	Training Cost: 10664.590557	 Valid Acc: 0.7023708721422524 	Best Valid Acc: 0.702371
Epoch: 30 	Training Cost: 10605.734152	 Valid Acc: 0.7044877222692634 	Best Valid Acc: 0.704488
Epoch: 31 	Training Cost: 10555.281435	 Valid Acc: 0.7046288456110641 	Best Valid Acc: 0.704629
Epoch: 32 	Training Cost: 10511.419759	 Valid Acc: 0.7060400790290714 	Best Valid Acc: 0.706040
Epoch: 33 	Training Cost: 10472.714610	 Valid Acc: 0.7071690657634773 	Best Valid Acc: 0.707169
Epoch: 34 	Training Cost: 10438.173532	 Valid Acc: 0.7088625458650861 	Best Valid Acc: 0.708863
Epoch: 35 	Training Cost: 10407.023399	 Valid Acc: 0.7077335591306803 	Best Valid Acc: 0.708863
Epoch: 36 	Training Cost: 10378.769061	 Valid Acc: 0.7077335591306803 	Best Valid Acc: 0.708863
Epoch: 37 	Training Cost: 10353.017198	 Valid Acc: 0.7084391758396839 	Best Valid Acc: 0.708863
Epoch: 38 	Training Cost: 10329.398837	 Valid Acc: 0.709991532599492 	Best Valid Acc: 0.709992
Epoch: 39 	Training Cost: 10307.688423	 Valid Acc: 0.7105560259666949 	Best Valid Acc: 0.710556
Epoch: 40 	Training Cost: 10287.714106	 Valid Acc: 0.7105560259666949 	Best Valid Acc: 0.710556
Epoch: 41 	Training Cost: 10269.243275	 Valid Acc: 0.7111205193338979 	Best Valid Acc: 0.711121
Epoch: 42 	Training Cost: 10252.039820	 Valid Acc: 0.7109793959920971 	Best Valid Acc: 0.711121
Epoch: 43 	Training Cost: 10236.058674	 Valid Acc: 0.7116850127011007 	Best Valid Acc: 0.711685
Epoch: 44 	Training Cost: 10221.205681	 Valid Acc: 0.7122495060683037 	Best Valid Acc: 0.712250
Epoch: 45 	Training Cost: 10207.407069	 Valid Acc: 0.7125317527519052 	Best Valid Acc: 0.712532
Epoch: 46 	Training Cost: 10194.424733	 Valid Acc: 0.7123906294101044 	Best Valid Acc: 0.712532
Epoch: 47 	Training Cost: 10182.247273	 Valid Acc: 0.7129551227773073 	Best Valid Acc: 0.712955
Epoch: 48 	Training Cost: 10170.937903	 Valid Acc: 0.712108382726503 	Best Valid Acc: 0.712955
Epoch: 49 	Training Cost: 10160.166195	 Valid Acc: 0.712108382726503 	Best Valid Acc: 0.712955
Epoch: 50 	Training Cost: 10149.983581	 Valid Acc: 0.7133784928027096 	Best Valid Acc: 0.713378
Epoch: 51 	Training Cost: 10140.378653	 Valid Acc: 0.714225232853514 	Best Valid Acc: 0.714225
Epoch: 52 	Training Cost: 10131.211347	 Valid Acc: 0.7153542195879199 	Best Valid Acc: 0.715354
Epoch: 53 	Training Cost: 10122.492806	 Valid Acc: 0.7152130962461191 	Best Valid Acc: 0.715354
Epoch: 54 	Training Cost: 10114.168438	 Valid Acc: 0.7152130962461191 	Best Valid Acc: 0.715354
Epoch: 55 	Training Cost: 10106.136613	 Valid Acc: 0.7154953429297206 	Best Valid Acc: 0.715495
Epoch: 56 	Training Cost: 10098.478283	 Valid Acc: 0.7159187129551228 	Best Valid Acc: 0.715919
Epoch: 57 	Training Cost: 10091.033163	 Valid Acc: 0.7170476996895286 	Best Valid Acc: 0.717048
Epoch: 58 	Training Cost: 10083.858719	 Valid Acc: 0.7169065763477279 	Best Valid Acc: 0.717048
Epoch: 59 	Training Cost: 10076.892204	 Valid Acc: 0.7163420829805249 	Best Valid Acc: 0.717048
Epoch: 60 	Training Cost: 10070.136752	 Valid Acc: 0.7163420829805249 	Best Valid Acc: 0.717048
Epoch: 61 	Training Cost: 10063.580295	 Valid Acc: 0.7163420829805249 	Best Valid Acc: 0.717048
Epoch: 62 	Training Cost: 10057.170864	 Valid Acc: 0.715777589613322 	Best Valid Acc: 0.717048
Epoch: 63 	Training Cost: 10050.903323	 Valid Acc: 0.715777589613322 	Best Valid Acc: 0.717048
Epoch: 64 	Training Cost: 10044.786303	 Valid Acc: 0.7160598362969235 	Best Valid Acc: 0.717048
Epoch: 65 	Training Cost: 10038.783836	 Valid Acc: 0.7163420829805249 	Best Valid Acc: 0.717048
Epoch: 66 	Training Cost: 10032.908975	 Valid Acc: 0.7164832063223258 	Best Valid Acc: 0.717048
Epoch: 67 	Training Cost: 10027.131949	 Valid Acc: 0.7163420829805249 	Best Valid Acc: 0.717048
Epoch: 68 	Training Cost: 10021.462599	 Valid Acc: 0.7166243296641265 	Best Valid Acc: 0.717048
Epoch: 69 	Training Cost: 10015.879258	 Valid Acc: 0.7166243296641265 	Best Valid Acc: 0.717048
Epoch: 70 	Training Cost: 10010.409736	 Valid Acc: 0.7169065763477279 	Best Valid Acc: 0.717048
Epoch: 71 	Training Cost: 10005.076128	 Valid Acc: 0.7162009596387242 	Best Valid Acc: 0.717048
Epoch: 72 	Training Cost: 9999.687513	 Valid Acc: 0.7163420829805249 	Best Valid Acc: 0.717048
Epoch: 73 	Training Cost: 9994.376063	 Valid Acc: 0.7167654530059272 	Best Valid Acc: 0.717048
Epoch: 74 	Training Cost: 9989.172329	 Valid Acc: 0.7166243296641265 	Best Valid Acc: 0.717048
Epoch: 75 	Training Cost: 9983.983391	 Valid Acc: 0.7162009596387242 	Best Valid Acc: 0.717048
Epoch: 76 	Training Cost: 9978.899789	 Valid Acc: 0.7162009596387242 	Best Valid Acc: 0.717048
Epoch: 77 	Training Cost: 9973.843198	 Valid Acc: 0.7152130962461191 	Best Valid Acc: 0.717048
Epoch: 78 	Training Cost: 9968.825983	 Valid Acc: 0.7149308495625176 	Best Valid Acc: 0.717048
Epoch: 79 	Training Cost: 9963.897637	 Valid Acc: 0.7140841095117132 	Best Valid Acc: 0.717048
Epoch: 80 	Training Cost: 9959.005879	 Valid Acc: 0.7138018628281118 	Best Valid Acc: 0.717048
Epoch: 81 	Training Cost: 9954.182432	 Valid Acc: 0.7140841095117132 	Best Valid Acc: 0.717048
Epoch: 82 	Training Cost: 9949.401571	 Valid Acc: 0.7143663561953147 	Best Valid Acc: 0.717048
Epoch: 83 	Training Cost: 9944.650498	 Valid Acc: 0.7150719729043183 	Best Valid Acc: 0.717048
Epoch: 84 	Training Cost: 9940.107076	 Valid Acc: 0.7154953429297206 	Best Valid Acc: 0.717048
Epoch: 85 	Training Cost: 9935.409747	 Valid Acc: 0.7152130962461191 	Best Valid Acc: 0.717048
Epoch: 86 	Training Cost: 9930.893757	 Valid Acc: 0.7147897262207169 	Best Valid Acc: 0.717048
Epoch: 87 	Training Cost: 9926.415867	 Valid Acc: 0.7145074795371155 	Best Valid Acc: 0.717048
Epoch: 88 	Training Cost: 9922.029245	 Valid Acc: 0.7146486028789162 	Best Valid Acc: 0.717048
Epoch: 89 	Training Cost: 9917.722275	 Valid Acc: 0.7138018628281118 	Best Valid Acc: 0.717048
Epoch: 90 	Training Cost: 9913.493440	 Valid Acc: 0.7140841095117132 	Best Valid Acc: 0.717048
Epoch: 91 	Training Cost: 9909.346325	 Valid Acc: 0.7139429861699125 	Best Valid Acc: 0.717048
Epoch: 92 	Training Cost: 9905.307835	 Valid Acc: 0.7143663561953147 	Best Valid Acc: 0.717048
Epoch: 93 	Training Cost: 9901.321060	 Valid Acc: 0.7145074795371155 	Best Valid Acc: 0.717048
Epoch: 94 	Training Cost: 9897.434273	 Valid Acc: 0.7143663561953147 	Best Valid Acc: 0.717048
Epoch: 95 	Training Cost: 9893.644157	 Valid Acc: 0.7143663561953147 	Best Valid Acc: 0.717048
Epoch: 96 	Training Cost: 9889.902874	 Valid Acc: 0.7140841095117132 	Best Valid Acc: 0.717048
Epoch: 97 	Training Cost: 9886.289433	 Valid Acc: 0.7143663561953147 	Best Valid Acc: 0.717048
Epoch: 98 	Training Cost: 9882.737576	 Valid Acc: 0.7145074795371155 	Best Valid Acc: 0.717048
Epoch: 99 	Training Cost: 9879.288087	 Valid Acc: 0.7149308495625176 	Best Valid Acc: 0.717048
Epoch: 100 	Training Cost: 9875.921632	 Valid Acc: 0.7149308495625176 	Best Valid Acc: 0.717048
Epoch: 101 	Training Cost: 9872.596391	 Valid Acc: 0.7146486028789162 	Best Valid Acc: 0.717048
Epoch: 102 	Training Cost: 9869.401702	 Valid Acc: 0.7146486028789162 	Best Valid Acc: 0.717048
Epoch: 103 	Training Cost: 9866.251527	 Valid Acc: 0.7143663561953147 	Best Valid Acc: 0.717048
Epoch: 104 	Training Cost: 9863.193339	 Valid Acc: 0.7139429861699125 	Best Valid Acc: 0.717048
Epoch: 105 	Training Cost: 9860.213637	 Valid Acc: 0.7143663561953147 	Best Valid Acc: 0.717048
Epoch: 106 	Training Cost: 9857.290223	 Valid Acc: 0.714225232853514 	Best Valid Acc: 0.717048
Epoch: 107 	Training Cost: 9854.463606	 Valid Acc: 0.7143663561953147 	Best Valid Acc: 0.717048
Epoch: 108 	Training Cost: 9851.721792	 Valid Acc: 0.7147897262207169 	Best Valid Acc: 0.717048
Epoch: 109 	Training Cost: 9849.049620	 Valid Acc: 0.7149308495625176 	Best Valid Acc: 0.717048
Epoch: 110 	Training Cost: 9846.428618	 Valid Acc: 0.7147897262207169 	Best Valid Acc: 0.717048
Epoch: 111 	Training Cost: 9843.892701	 Valid Acc: 0.7146486028789162 	Best Valid Acc: 0.717048
Epoch: 112 	Training Cost: 9841.404746	 Valid Acc: 0.7140841095117132 	Best Valid Acc: 0.717048
Epoch: 113 	Training Cost: 9838.979827	 Valid Acc: 0.7145074795371155 	Best Valid Acc: 0.717048
Epoch: 114 	Training Cost: 9836.600378	 Valid Acc: 0.7145074795371155 	Best Valid Acc: 0.717048
Epoch: 115 	Training Cost: 9834.285655	 Valid Acc: 0.7149308495625176 	Best Valid Acc: 0.717048
Epoch: 116 	Training Cost: 9832.000489	 Valid Acc: 0.7149308495625176 	Best Valid Acc: 0.717048
Epoch: 117 	Training Cost: 9829.803264	 Valid Acc: 0.7152130962461191 	Best Valid Acc: 0.717048
Epoch: 118 	Training Cost: 9827.665476	 Valid Acc: 0.7150719729043183 	Best Valid Acc: 0.717048
Epoch: 119 	Training Cost: 9825.567931	 Valid Acc: 0.7147897262207169 	Best Valid Acc: 0.717048
Epoch: 120 	Training Cost: 9823.531598	 Valid Acc: 0.7147897262207169 	Best Valid Acc: 0.717048
Epoch: 121 	Training Cost: 9821.609208	 Valid Acc: 0.7152130962461191 	Best Valid Acc: 0.717048
Epoch: 122 	Training Cost: 9819.704479	 Valid Acc: 0.7152130962461191 	Best Valid Acc: 0.717048
Epoch: 123 	Training Cost: 9817.884660	 Valid Acc: 0.7153542195879199 	Best Valid Acc: 0.717048
Epoch: 124 	Training Cost: 9816.068752	 Valid Acc: 0.7156364662715213 	Best Valid Acc: 0.717048
Epoch: 125 	Training Cost: 9814.332957	 Valid Acc: 0.715777589613322 	Best Valid Acc: 0.717048
Epoch: 126 	Training Cost: 9812.640113	 Valid Acc: 0.7160598362969235 	Best Valid Acc: 0.717048
Epoch: 127 	Training Cost: 9810.944706	 Valid Acc: 0.7160598362969235 	Best Valid Acc: 0.717048
Epoch: 128 	Training Cost: 9809.331488	 Valid Acc: 0.7162009596387242 	Best Valid Acc: 0.717048
Epoch: 129 	Training Cost: 9807.741634	 Valid Acc: 0.7160598362969235 	Best Valid Acc: 0.717048
Epoch: 130 	Training Cost: 9806.186936	 Valid Acc: 0.7160598362969235 	Best Valid Acc: 0.717048
Epoch: 131 	Training Cost: 9804.698829	 Valid Acc: 0.7159187129551228 	Best Valid Acc: 0.717048
Epoch: 132 	Training Cost: 9803.197526	 Valid Acc: 0.7160598362969235 	Best Valid Acc: 0.717048
Epoch: 133 	Training Cost: 9801.758631	 Valid Acc: 0.7160598362969235 	Best Valid Acc: 0.717048
Epoch: 134 	Training Cost: 9800.333737	 Valid Acc: 0.7164832063223258 	Best Valid Acc: 0.717048
Epoch: 135 	Training Cost: 9798.960803	 Valid Acc: 0.7162009596387242 	Best Valid Acc: 0.717048
Epoch: 136 	Training Cost: 9797.606226	 Valid Acc: 0.7160598362969235 	Best Valid Acc: 0.717048
Epoch: 137 	Training Cost: 9796.265564	 Valid Acc: 0.7159187129551228 	Best Valid Acc: 0.717048
Epoch: 138 	Training Cost: 9795.041802	 Valid Acc: 0.7160598362969235 	Best Valid Acc: 0.717048
Epoch: 139 	Training Cost: 9793.678947	 Valid Acc: 0.7166243296641265 	Best Valid Acc: 0.717048
Epoch: 140 	Training Cost: 9792.515032	 Valid Acc: 0.7162009596387242 	Best Valid Acc: 0.717048
Epoch: 141 	Training Cost: 9791.226541	 Valid Acc: 0.7171888230313294 	Best Valid Acc: 0.717189
Epoch: 142 	Training Cost: 9790.088548	 Valid Acc: 0.715777589613322 	Best Valid Acc: 0.717189
Epoch: 143 	Training Cost: 9788.825654	 Valid Acc: 0.7160598362969235 	Best Valid Acc: 0.717189
Epoch: 144 	Training Cost: 9787.769117	 Valid Acc: 0.7166243296641265 	Best Valid Acc: 0.717189
Epoch: 145 	Training Cost: 9786.646084	 Valid Acc: 0.715777589613322 	Best Valid Acc: 0.717189
Epoch: 146 	Training Cost: 9785.522331	 Valid Acc: 0.7164832063223258 	Best Valid Acc: 0.717189
Epoch: 147 	Training Cost: 9784.479325	 Valid Acc: 0.7156364662715213 	Best Valid Acc: 0.717189
Epoch: 148 	Training Cost: 9783.311177	 Valid Acc: 0.7162009596387242 	Best Valid Acc: 0.717189
Epoch: 149 	Training Cost: 9782.326379	 Valid Acc: 0.7159187129551228 	Best Valid Acc: 0.717189
Epoch: 150 	Training Cost: 9781.173238	 Valid Acc: 0.7163420829805249 	Best Valid Acc: 0.717189
Epoch: 151 	Training Cost: 9780.266244	 Valid Acc: 0.7154953429297206 	Best Valid Acc: 0.717189
Epoch: 152 	Training Cost: 9779.140033	 Valid Acc: 0.7162009596387242 	Best Valid Acc: 0.717189
Epoch: 153 	Training Cost: 9778.308219	 Valid Acc: 0.7153542195879199 	Best Valid Acc: 0.717189
Epoch: 154 	Training Cost: 9777.205500	 Valid Acc: 0.7159187129551228 	Best Valid Acc: 0.717189
Epoch: 155 	Training Cost: 9776.407287	 Valid Acc: 0.7153542195879199 	Best Valid Acc: 0.717189
Epoch: 156 	Training Cost: 9775.248409	 Valid Acc: 0.7159187129551228 	Best Valid Acc: 0.717189
Epoch: 157 	Training Cost: 9774.564732	 Valid Acc: 0.7149308495625176 	Best Valid Acc: 0.717189
Epoch: 158 	Training Cost: 9773.483016	 Valid Acc: 0.715777589613322 	Best Valid Acc: 0.717189
Epoch: 159 	Training Cost: 9772.850662	 Valid Acc: 0.7154953429297206 	Best Valid Acc: 0.717189
Epoch: 160 	Training Cost: 9771.841208	 Valid Acc: 0.7160598362969235 	Best Valid Acc: 0.717189
Epoch: 161 	Training Cost: 9771.143883	 Valid Acc: 0.7156364662715213 	Best Valid Acc: 0.717189
Epoch: 162 	Training Cost: 9770.310667	 Valid Acc: 0.7163420829805249 	Best Valid Acc: 0.717189
Epoch: 163 	Training Cost: 9769.514859	 Valid Acc: 0.7156364662715213 	Best Valid Acc: 0.717189
Epoch: 164 	Training Cost: 9768.627853	 Valid Acc: 0.7159187129551228 	Best Valid Acc: 0.717189
Epoch: 165 	Training Cost: 9767.841026	 Valid Acc: 0.7160598362969235 	Best Valid Acc: 0.717189
Epoch: 166 	Training Cost: 9767.110065	 Valid Acc: 0.7160598362969235 	Best Valid Acc: 0.717189
Epoch: 167 	Training Cost: 9766.301600	 Valid Acc: 0.7160598362969235 	Best Valid Acc: 0.717189
Epoch: 168 	Training Cost: 9765.726542	 Valid Acc: 0.715777589613322 	Best Valid Acc: 0.717189
Epoch: 169 	Training Cost: 9764.843286	 Valid Acc: 0.7156364662715213 	Best Valid Acc: 0.717189
Epoch: 170 	Training Cost: 9764.280260	 Valid Acc: 0.7164832063223258 	Best Valid Acc: 0.717189
Epoch: 171 	Training Cost: 9763.519455	 Valid Acc: 0.7162009596387242 	Best Valid Acc: 0.717189
Epoch: 172 	Training Cost: 9762.895681	 Valid Acc: 0.7166243296641265 	Best Valid Acc: 0.717189
Epoch: 173 	Training Cost: 9762.069893	 Valid Acc: 0.7154953429297206 	Best Valid Acc: 0.717189
Epoch: 174 	Training Cost: 9761.524532	 Valid Acc: 0.715777589613322 	Best Valid Acc: 0.717189
Epoch: 175 	Training Cost: 9760.724307	 Valid Acc: 0.7156364662715213 	Best Valid Acc: 0.717189
Epoch: 176 	Training Cost: 9760.116204	 Valid Acc: 0.7159187129551228 	Best Valid Acc: 0.717189
Epoch: 177 	Training Cost: 9759.333340	 Valid Acc: 0.7156364662715213 	Best Valid Acc: 0.717189
Epoch: 178 	Training Cost: 9758.844707	 Valid Acc: 0.7160598362969235 	Best Valid Acc: 0.717189
Epoch: 179 	Training Cost: 9758.127890	 Valid Acc: 0.7153542195879199 	Best Valid Acc: 0.717189
Epoch: 180 	Training Cost: 9757.489126	 Valid Acc: 0.7166243296641265 	Best Valid Acc: 0.717189
Epoch: 181 	Training Cost: 9756.787481	 Valid Acc: 0.7159187129551228 	Best Valid Acc: 0.717189
Epoch: 182 	Training Cost: 9756.265054	 Valid Acc: 0.7160598362969235 	Best Valid Acc: 0.717189
Epoch: 183 	Training Cost: 9755.559741	 Valid Acc: 0.7156364662715213 	Best Valid Acc: 0.717189
Epoch: 184 	Training Cost: 9754.991971	 Valid Acc: 0.7163420829805249 	Best Valid Acc: 0.717189
Epoch: 185 	Training Cost: 9754.273216	 Valid Acc: 0.7160598362969235 	Best Valid Acc: 0.717189
Epoch: 186 	Training Cost: 9753.703408	 Valid Acc: 0.7160598362969235 	Best Valid Acc: 0.717189
Epoch: 187 	Training Cost: 9752.995079	 Valid Acc: 0.7162009596387242 	Best Valid Acc: 0.717189
Epoch: 188 	Training Cost: 9752.410643	 Valid Acc: 0.7170476996895286 	Best Valid Acc: 0.717189
Epoch: 189 	Training Cost: 9751.701309	 Valid Acc: 0.7160598362969235 	Best Valid Acc: 0.717189
Epoch: 190 	Training Cost: 9751.132711	 Valid Acc: 0.7173299463731301 	Best Valid Acc: 0.717330
Epoch: 191 	Training Cost: 9750.440389	 Valid Acc: 0.7164832063223258 	Best Valid Acc: 0.717330
Epoch: 192 	Training Cost: 9749.906593	 Valid Acc: 0.7167654530059272 	Best Valid Acc: 0.717330
Epoch: 193 	Training Cost: 9749.253611	 Valid Acc: 0.7162009596387242 	Best Valid Acc: 0.717330
Epoch: 194 	Training Cost: 9748.724806	 Valid Acc: 0.7180355630821338 	Best Valid Acc: 0.718036
Epoch: 195 	Training Cost: 9748.091837	 Valid Acc: 0.7163420829805249 	Best Valid Acc: 0.718036
Epoch: 196 	Training Cost: 9747.644459	 Valid Acc: 0.7176121930567316 	Best Valid Acc: 0.718036
Epoch: 197 	Training Cost: 9747.012167	 Valid Acc: 0.7170476996895286 	Best Valid Acc: 0.718036
Epoch: 198 	Training Cost: 9746.544218	 Valid Acc: 0.7174710697149308 	Best Valid Acc: 0.718036
Epoch: 199 	Training Cost: 9745.952555	 Valid Acc: 0.7167654530059272 	Best Valid Acc: 0.718036
Epoch: 200 	Training Cost: 9745.430642	 Valid Acc: 0.7183178097657352 	Best Valid Acc: 0.718318
lr=1e-05, lamb=0.001, num_epoch=200, test_acc=0.7070279424216765
----------------------------------------------------------
lr=1e-05, lamb=0, best_valid_acc=([13877.014106154442, 12976.00378215313, 12119.044286251068, 11744.508236646652, 11585.03829908371, 11498.853373885155, 11445.908644497395, 11410.835067391396, 11385.951560378075, 11366.960630655289, 11351.332074046135, 11337.324028491974, 11323.836260020733, 11310.058769702911, 11295.145977556705, 11278.130129933357, 11258.047300994396, 11233.393167078495, 11202.26532292366, 11163.899270832539, 11119.045531094074, 11068.056145727634, 11012.177677810192, 10953.2909039855, 10893.090105354786, 10832.723806321621, 10772.97268742323, 10714.526869773865, 10658.388832092285, 10605.410767018795, 10555.467108011246, 10509.243573188782, 10466.436290323734, 10426.541378617287, 10389.141725540161, 10353.756961286068, 10320.36097419262, 10289.124227404594, 10260.04259955883, 10232.736238121986, 10207.123413741589, 10183.031294971704, 10160.264537751675, 10138.666468530893, 10118.107730060816, 10098.43919569254, 10079.606632649899, 10061.481622815132, 10043.937778264284, 10026.955376207829, 10010.541102468967, 9994.646636277437, 9979.27801373601, 9964.408973306417, 9950.008205652237, 9936.092643141747, 9922.608107089996, 9909.510459005833, 9896.77673330903, 9884.409355819225, 9872.363833218813, 9860.785082757473, 9849.341013655066, 9838.24560137093, 9827.428690701723, 9816.873716041446, 9806.57613247633, 9796.502025291324, 9786.584042936563, 9776.868536174297, 9767.37083505094, 9757.99987232685, 9748.837298095226, 9739.77826321125, 9730.868334636092, 9722.053035855293, 9713.229392558336, 9704.499537467957, 9695.837432801723, 9687.208532094955, 9678.525018826127, 9669.798530757427, 9661.011074841022, 9652.08509504795, 9642.99006587267, 9633.701646968722, 9624.141280859709, 9614.3199583143, 9604.158618658781, 9593.585927814245, 9582.627212800086, 9571.270058058202, 9559.514289915562, 9547.401220194995, 9534.978111445904, 9522.201804444194, 9509.190921068192, 9496.037803381681, 9482.808622255921, 9469.517366707325, 9456.238075785339, 9443.104950979352, 9430.094364151359, 9417.254286110401, 9404.704498536885, 9392.356104329228, 9380.367189116776, 9368.566821105778, 9357.046372547746, 9345.761213347316, 9334.723759360611, 9323.955325171351, 9313.433824419975, 9303.0808711797, 9292.964045077562, 9282.980325736105, 9273.17979402095, 9263.452712029219, 9253.850871928036, 9244.320189505816, 9234.83985491842, 9225.431393764913, 9216.094144709408, 9206.701193585992, 9197.375238135457, 9188.06847845018, 9178.64252526313, 9169.243282943964, 9159.73457813263, 9150.05678769201, 9140.293160945177, 9130.373015515506, 9120.227474056184, 9109.779953561723, 9099.012823753059, 9087.909254509956, 9076.405197583139, 9064.521511100233, 9052.304830037057, 9039.371404130012, 9025.895821321756, 9011.778438679874, 8996.847627818584, 8981.281004808843, 8964.65029899776, 8947.339014027268, 8929.2039055489, 8910.339898128062, 8890.516721360385, 8870.254380397499, 8849.368765383959, 8827.96699583903, 8806.236479140818, 8784.088215567172, 8761.751328341663, 8739.224481794983, 8716.490649096668, 8693.853701550514, 8670.884500797838, 8648.221805293113, 8625.368501413614, 8602.802268058062, 8580.359108950943, 8558.104554645717, 8536.061668679118, 8514.43464018777, 8492.824197288603, 8471.85537127778, 8450.84912427701, 8430.535824231803, 8410.244090097025, 8390.721825432032, 8371.085027508438, 8352.21597839892, 8333.27503069304, 8315.13696956262, 8296.978019978851, 8279.59075941518, 8262.150359284133, 8245.366926601157, 8228.596851777285, 8212.313145440072, 8195.977057723328, 8180.2402622029185, 8164.407897198573, 8149.184845253825, 8133.885641083121, 8119.064969781786, 8104.160340800881, 8089.657244794071, 8075.094829779118, 8060.877117970958, 8046.512328904122, 8032.5307162851095, 8018.32172203064, 8004.503567861393, 7990.375604284927, 7976.586346628144, 7962.5386116262525, 7948.79367207177], [0.6277166243296641, 0.6562235393734124, 0.6707592435788879, 0.6809201241885408, 0.6824724809483489, 0.681343494213943, 0.6820491109229466, 0.6830369743155518, 0.6831780976573525, 0.6831780976573525, 0.6833192209991532, 0.6833192209991532, 0.6845893310753599, 0.6852949477843635, 0.6854360711261642, 0.6847304544171606, 0.6837425910245555, 0.683460344340954, 0.6840248377081569, 0.6848715777589613, 0.6852949477843635, 0.6858594411515665, 0.6886819079875811, 0.6909398814563928, 0.6926333615580017, 0.694609088343212, 0.69616144510302, 0.6974315551792266, 0.698278295230031, 0.6987016652554332, 0.6985605419136325, 0.7008185153824442, 0.7034998588766582, 0.7049110922946655, 0.7068868190798758, 0.7070279424216765, 0.7071690657634773, 0.7084391758396839, 0.7090036692068868, 0.7091447925486876, 0.7091447925486876, 0.7092859158904883, 0.709427039232289, 0.709427039232289, 0.7098504092576913, 0.709427039232289, 0.7091447925486876, 0.7087214225232854, 0.7081569291560824, 0.7084391758396839, 0.7085802991814846, 0.7088625458650861, 0.7082980524978831, 0.7082980524978831, 0.707874682472481, 0.7080158058142817, 0.7077335591306803, 0.7081569291560824, 0.7088625458650861, 0.7102737792830934, 0.7105560259666949, 0.7118261360429015, 0.7128139994355066, 0.7123906294101044, 0.7125317527519052, 0.7126728760937059, 0.7125317527519052, 0.713096246119108, 0.713096246119108, 0.7128139994355066, 0.7126728760937059, 0.7132373694609089, 0.7132373694609089, 0.7135196161445103, 0.7143663561953147, 0.7147897262207169, 0.7138018628281118, 0.7138018628281118, 0.7133784928027096, 0.7126728760937059, 0.713660739486311, 0.7138018628281118, 0.7140841095117132, 0.713096246119108, 0.7129551227773073, 0.7126728760937059, 0.7129551227773073, 0.7122495060683037, 0.7129551227773073, 0.7135196161445103, 0.7133784928027096, 0.7132373694609089, 0.7140841095117132, 0.7146486028789162, 0.7138018628281118, 0.7143663561953147, 0.7143663561953147, 0.7143663561953147, 0.7154953429297206, 0.7154953429297206, 0.7152130962461191, 0.7145074795371155, 0.713660739486311, 0.7133784928027096, 0.7126728760937059, 0.7122495060683037, 0.7128139994355066, 0.7126728760937059, 0.7123906294101044, 0.7118261360429015, 0.712108382726503, 0.7119672593847022, 0.7126728760937059, 0.7132373694609089, 0.7129551227773073, 0.713660739486311, 0.7139429861699125, 0.7138018628281118, 0.7133784928027096, 0.7138018628281118, 0.7128139994355066, 0.7122495060683037, 0.7123906294101044, 0.7125317527519052, 0.7135196161445103, 0.7133784928027096, 0.7139429861699125, 0.7146486028789162, 0.7143663561953147, 0.714225232853514, 0.7132373694609089, 0.7145074795371155, 0.7145074795371155, 0.7139429861699125, 0.7139429861699125, 0.7133784928027096, 0.7125317527519052, 0.7125317527519052, 0.7128139994355066, 0.7115438893593, 0.7118261360429015, 0.7106971493084956, 0.7115438893593, 0.7112616426756986, 0.7111205193338979, 0.7101326559412927, 0.7108382726502963, 0.7106971493084956, 0.7088625458650861, 0.709427039232289, 0.7081569291560824, 0.7077335591306803, 0.7075924357888794, 0.7075924357888794, 0.707310189105278, 0.7077335591306803, 0.7064634490544736, 0.7058989556872707, 0.705193338978267, 0.70575783234547, 0.7054755856618685, 0.7054755856618685, 0.7050522156364663, 0.7047699689528648, 0.7043465989274627, 0.7042054755856618, 0.7042054755856618, 0.7047699689528648, 0.7022297488004516, 0.7020886254586508, 0.7025119954840531, 0.7022297488004516, 0.7015241320914479, 0.7011007620660458, 0.7006773920406435, 0.7008185153824442, 0.7005362686988428, 0.7011007620660458, 0.7002540220152413, 0.6996895286480384, 0.6995484053062376, 0.6984194185718318, 0.6992661586226362, 0.6968670618120237, 0.6972904318374259, 0.6965848151284222, 0.6968670618120237, 0.6957380750776179, 0.6954558283940163, 0.6953147050522156, 0.6955969517358171, 0.6953147050522156, 0.6953147050522156, 0.6957380750776179, 0.6958791984194186, 0.6943268416596104, 0.6951735817104149, 0.694044594976009, 0.6950324583686142, 0.6944679650014113])
lr=1e-05, lamb=0.0001, best_valid_acc=([13761.03981590271, 12753.478807806969, 12004.341840863228, 11704.503967881203, 11571.702889323235, 11497.266806483269, 11450.067654252052, 11418.23019117117, 11395.510959148407, 11377.9087459445, 11363.28066009283, 11349.888097286224, 11336.328065156937, 11321.485258638859, 11304.402965247631, 11283.763893067837, 11257.631023645401, 11224.009833931923, 11180.219453215599, 11124.028793036938, 11054.090994000435, 10971.847473740578, 10881.618745684624, 10788.678666949272, 10698.061826109886, 10614.126494884491, 10539.381661951542, 10474.523391842842, 10418.87525010109, 10371.098749101162, 10329.701625406742, 10293.26086217165, 10260.745227456093, 10231.361316561699, 10204.552153587341, 10179.913286328316, 10157.17112326622, 10136.07914981246, 10116.419751554728, 10098.128428816795, 10081.061588019133, 10065.059986025095, 10050.002590209246, 10035.793673694134, 10022.329598605633, 10009.54028326273, 9997.38325548172, 9985.719741612673, 9974.602053672075, 9963.932969421148, 9953.681039080024, 9943.803644284606, 9934.241218209267, 9924.998461276293, 9916.020760580897, 9907.266647741199, 9898.738362044096, 9890.413081914186, 9882.260245278478, 9874.258237719536, 9866.376448214054, 9858.607977181673, 9850.986851006746, 9843.421299859881, 9835.95174151659, 9828.578192323446, 9821.280452802777, 9814.089906692505, 9806.958009585738, 9799.922020077705, 9792.976565107703, 9786.133767947555, 9779.384341821074, 9772.736269235611, 9766.184129267931, 9759.719968691468, 9753.3794747442, 9747.141992017627, 9741.023064419627, 9735.021265596151, 9729.15174895525, 9723.350800916553, 9717.680066064, 9712.158315166831, 9706.729719348252, 9701.441725932062, 9696.293295755982, 9691.220662765205, 9686.264253035188, 9681.401665493846, 9676.647621393204, 9671.988822422922, 9667.392605863512, 9662.85930351913, 9658.415750131011, 9653.991056829691, 9649.642301268876, 9645.28977111727, 9640.947022095323, 9636.633388757706, 9632.335200123489, 9627.960987254977, 9623.548241585493, 9619.048409998417, 9614.437166973948, 9609.63377391547, 9604.596848890185, 9599.232270561159, 9593.455256648362, 9587.229863330722, 9580.373319506645, 9572.768336683512, 9564.352488860488, 9554.797706410289, 9544.446129478514, 9532.72506082058, 9520.692340537906, 9507.646725073457, 9494.647752642632, 9481.2855790779, 9467.993054427207, 9454.864164620638, 9441.863836295903, 9429.037764132023, 9416.500017732382, 9404.227442413568, 9392.26165689528, 9380.667351342738, 9369.412396237254, 9358.248312175274, 9347.690011814237, 9337.329389736056, 9327.21338288486, 9317.099964231253, 9307.53679062426, 9298.159295283258, 9288.874108299613, 9279.788759976625, 9270.87591548264, 9262.300661563873, 9253.980328544974, 9245.323804959655, 9237.052261039615, 9228.896416477859, 9220.85661546141, 9212.985113687813, 9205.286420434713, 9197.123054794967, 9189.654469572008, 9181.63380406797, 9174.001926496625, 9166.022301629186, 9158.177986562252, 9150.393674768507, 9142.606564328074, 9134.156142577529, 9126.036078229547, 9117.827029407024, 9109.256858214736, 9100.364168688655, 9091.57065769285, 9082.088399663568, 9072.749148763716, 9062.613397754729, 9052.377977579832, 9041.530978694558, 9030.385481908917, 9018.747950270772, 9006.49710790068, 8993.97966682911, 8980.620876275003, 8967.15871746093, 8952.856068775058, 8938.60644941777, 8923.394577026367, 8908.683254793286, 8893.10361263156, 8878.095197588205, 8862.397643387318, 8847.520662911236, 8832.22847378999, 8817.75152438879, 8802.800851628184, 8788.758636660874, 8774.454341098666, 8761.117910817266, 8747.476828813553, 8734.69870941341, 8721.807146064937, 8709.642847068608, 8697.513739436865, 8685.97553499043, 8674.279433466494, 8663.200646445155, 8652.061809122562, 8641.470026090741, 8630.691412001848, 8620.383716247976, 8609.896581172943, 8599.906401321292], [0.6378775049393169, 0.6603161162856337, 0.6711826136042901, 0.6741462037821055, 0.6762630539091166, 0.6773920406435224, 0.679226644086932, 0.6793677674287327, 0.6796500141123342, 0.6802145074795372, 0.68077900084674, 0.6806378775049393, 0.6817668642393452, 0.682895850973751, 0.6821902342647473, 0.6819079875811459, 0.6826136042901496, 0.6817668642393452, 0.6830369743155518, 0.6860005644933672, 0.689810894721987, 0.694044594976009, 0.6977138018628282, 0.6996895286480384, 0.7015241320914479, 0.7027942421676545, 0.7047699689528648, 0.7053344623200677, 0.7068868190798758, 0.7070279424216765, 0.7066045723962744, 0.7088625458650861, 0.7091447925486876, 0.7109793959920971, 0.7111205193338979, 0.7101326559412927, 0.7112616426756986, 0.7102737792830934, 0.7092859158904883, 0.7091447925486876, 0.7092859158904883, 0.7090036692068868, 0.709427039232289, 0.7105560259666949, 0.7106971493084956, 0.7118261360429015, 0.7122495060683037, 0.7123906294101044, 0.713096246119108, 0.7132373694609089, 0.7140841095117132, 0.714225232853514, 0.7145074795371155, 0.7140841095117132, 0.7146486028789162, 0.715777589613322, 0.715777589613322, 0.7156364662715213, 0.7152130962461191, 0.7153542195879199, 0.7147897262207169, 0.7143663561953147, 0.7140841095117132, 0.7135196161445103, 0.7139429861699125, 0.7135196161445103, 0.7138018628281118, 0.7140841095117132, 0.7149308495625176, 0.7153542195879199, 0.7153542195879199, 0.7152130962461191, 0.7152130962461191, 0.7156364662715213, 0.7162009596387242, 0.7159187129551228, 0.7164832063223258, 0.7167654530059272, 0.7164832063223258, 0.7160598362969235, 0.7156364662715213, 0.7149308495625176, 0.7149308495625176, 0.7146486028789162, 0.7147897262207169, 0.7150719729043183, 0.7143663561953147, 0.7149308495625176, 0.7154953429297206, 0.7149308495625176, 0.7153542195879199, 0.7149308495625176, 0.7152130962461191, 0.7153542195879199, 0.7143663561953147, 0.7145074795371155, 0.7143663561953147, 0.7143663561953147, 0.714225232853514, 0.7145074795371155, 0.7154953429297206, 0.7153542195879199, 0.7160598362969235, 0.7156364662715213, 0.7153542195879199, 0.7147897262207169, 0.7150719729043183, 0.7152130962461191, 0.7147897262207169, 0.7156364662715213, 0.7154953429297206, 0.7150719729043183, 0.7145074795371155, 0.7138018628281118, 0.7145074795371155, 0.7152130962461191, 0.7150719729043183, 0.7147897262207169, 0.7147897262207169, 0.7145074795371155, 0.7140841095117132, 0.7138018628281118, 0.713096246119108, 0.7122495060683037, 0.7116850127011007, 0.7111205193338979, 0.709991532599492, 0.7104149026248942, 0.7106971493084956, 0.7106971493084956, 0.7098504092576913, 0.7105560259666949, 0.7104149026248942, 0.7098504092576913, 0.7097092859158904, 0.7090036692068868, 0.7105560259666949, 0.7080158058142817, 0.7092859158904883, 0.7081569291560824, 0.707310189105278, 0.7085802991814846, 0.707874682472481, 0.7092859158904883, 0.7066045723962744, 0.7077335591306803, 0.7058989556872707, 0.7074513124470787, 0.7056167090036692, 0.7082980524978831, 0.7068868190798758, 0.707874682472481, 0.7060400790290714, 0.7060400790290714, 0.7054755856618685, 0.705193338978267, 0.7046288456110641, 0.7040643522438611, 0.7025119954840531, 0.7032176121930568, 0.7015241320914479, 0.7025119954840531, 0.7015241320914479, 0.7026531188258538, 0.7020886254586508, 0.7034998588766582, 0.7019475021168501, 0.7039232289020604, 0.7027942421676545, 0.7034998588766582, 0.7027942421676545, 0.7050522156364663, 0.703076488851256, 0.7039232289020604, 0.7034998588766582, 0.7029353655094552, 0.7036409822184589, 0.7029353655094552, 0.7027942421676545, 0.7029353655094552, 0.7023708721422524, 0.7029353655094552, 0.7023708721422524, 0.7029353655094552, 0.7025119954840531, 0.7020886254586508, 0.7027942421676545, 0.7018063787750494, 0.7020886254586508, 0.7022297488004516, 0.7018063787750494, 0.7011007620660458, 0.703076488851256, 0.7012418854078465, 0.7018063787750494, 0.7023708721422524, 0.7026531188258538, 0.7032176121930568, 0.7022297488004516, 0.7032176121930568])
lr=1e-05, lamb=0.001, best_valid_acc=([14287.676541686058, 13259.549842953682, 12332.834377169609, 11933.471446633339, 11763.944789171219, 11671.709576308727, 11614.069075703621, 11576.251147389412, 11550.216803967953, 11531.262487530708, 11516.153371155262, 11503.053473114967, 11490.462001979351, 11477.521811902523, 11463.674489021301, 11448.042692661285, 11429.877481400967, 11407.906515538692, 11380.612720906734, 11345.69483524561, 11300.796292364597, 11243.285444676876, 11171.622031211853, 11087.516246378422, 10995.18328332901, 10901.453819692135, 10812.76753360033, 10733.36563193798, 10664.590556561947, 10605.73415195942, 10555.281434595585, 10511.419759392738, 10472.714610159397, 10438.173532485962, 10407.023398637772, 10378.76906055212, 10353.017197847366, 10329.398837089539, 10307.688423067331, 10287.714106202126, 10269.243275046349, 10252.039819598198, 10236.058674395084, 10221.205680668354, 10207.407068789005, 10194.424732536077, 10182.2472730577, 10170.937902629375, 10160.166194677353, 10149.983581155539, 10140.378653347492, 10131.211346834898, 10122.492805600166, 10114.16843777895, 10106.13661339879, 10098.478283166885, 10091.033162534237, 10083.858719497919, 10076.892204135656, 10070.13675224781, 10063.580295085907, 10057.170863986015, 10050.903322666883, 10044.786303341389, 10038.783835798502, 10032.908975422382, 10027.131949037313, 10021.462599128485, 10015.879258081317, 10010.40973559022, 10005.076128393412, 9999.687512934208, 9994.376063346863, 9989.172328814864, 9983.983390852809, 9978.899789005518, 9973.843197986484, 9968.82598349452, 9963.897637218237, 9959.005878672004, 9954.182432070374, 9949.401571303606, 9944.650498092175, 9940.10707566142, 9935.4097468853, 9930.893757119775, 9926.415867209435, 9922.029245197773, 9917.722274661064, 9913.493439793587, 9909.346324786544, 9905.307834759355, 9901.321060225368, 9897.4342725873, 9893.64415678382, 9889.902873933315, 9886.289432749152, 9882.737575620413, 9879.288087055087, 9875.921632260084, 9872.596390753984, 9869.401701897383, 9866.25152669847, 9863.193339318037, 9860.213637143373, 9857.290223151445, 9854.463606387377, 9851.721792057157, 9849.049619913101, 9846.428617864847, 9843.892700955272, 9841.40474562347, 9838.979827299714, 9836.600377857685, 9834.285655409098, 9832.000488713384, 9829.803263500333, 9827.665475547314, 9825.56793051958, 9823.531597688794, 9821.60920804739, 9819.704478815198, 9817.884659737349, 9816.06875231862, 9814.332957178354, 9812.64011272788, 9810.944705605507, 9809.331487834454, 9807.741634488106, 9806.186935544014, 9804.698828592896, 9803.197525978088, 9801.75863084197, 9800.33373695612, 9798.960802525282, 9797.606225758791, 9796.265564352274, 9795.041801840067, 9793.678946822882, 9792.515031918883, 9791.226541131735, 9790.08854842186, 9788.825653895736, 9787.769116669893, 9786.646083578467, 9785.522331252694, 9784.47932498157, 9783.3111769557, 9782.326378688216, 9781.17323845625, 9780.266244098544, 9779.140032529831, 9778.308219090104, 9777.205500274897, 9776.407287329435, 9775.248408704996, 9774.564732089639, 9773.483015716076, 9772.850661873817, 9771.841208174825, 9771.143882662058, 9770.310667186975, 9769.514858603477, 9768.627852648497, 9767.841025948524, 9767.110065191984, 9766.30160009861, 9765.726541727781, 9764.843285799026, 9764.280260264874, 9763.519454538822, 9762.895680516958, 9762.06989261508, 9761.524532169104, 9760.724306866527, 9760.116203963757, 9759.333339959383, 9758.844706773758, 9758.12789016962, 9757.489126294851, 9756.787481069565, 9756.265053540468, 9755.559740781784, 9754.991971239448, 9754.273215785623, 9753.703408330679, 9752.995079159737, 9752.410642802715, 9751.70130893588, 9751.132711082697, 9750.440389484167, 9749.90659300983, 9749.25361123681, 9748.724806025624, 9748.091836810112, 9747.644459232688, 9747.012166768312, 9746.544218480587, 9745.95255458355, 9745.430641919374], [0.600197572678521, 0.647897262207169, 0.6615862263618403, 0.6756985605419137, 0.6780976573525261, 0.6804967541631386, 0.6817668642393452, 0.6827547276319503, 0.683460344340954, 0.6831780976573525, 0.6833192209991532, 0.6827547276319503, 0.682895850973751, 0.6840248377081569, 0.683460344340954, 0.682895850973751, 0.6827547276319503, 0.683460344340954, 0.6837425910245555, 0.6845893310753599, 0.6858594411515665, 0.6875529212531752, 0.6893875246965848, 0.6923511148744003, 0.6941857183178097, 0.698842788597234, 0.7001128986734406, 0.7018063787750494, 0.7023708721422524, 0.7044877222692634, 0.7046288456110641, 0.7060400790290714, 0.7071690657634773, 0.7088625458650861, 0.7077335591306803, 0.7077335591306803, 0.7084391758396839, 0.709991532599492, 0.7105560259666949, 0.7105560259666949, 0.7111205193338979, 0.7109793959920971, 0.7116850127011007, 0.7122495060683037, 0.7125317527519052, 0.7123906294101044, 0.7129551227773073, 0.712108382726503, 0.712108382726503, 0.7133784928027096, 0.714225232853514, 0.7153542195879199, 0.7152130962461191, 0.7152130962461191, 0.7154953429297206, 0.7159187129551228, 0.7170476996895286, 0.7169065763477279, 0.7163420829805249, 0.7163420829805249, 0.7163420829805249, 0.715777589613322, 0.715777589613322, 0.7160598362969235, 0.7163420829805249, 0.7164832063223258, 0.7163420829805249, 0.7166243296641265, 0.7166243296641265, 0.7169065763477279, 0.7162009596387242, 0.7163420829805249, 0.7167654530059272, 0.7166243296641265, 0.7162009596387242, 0.7162009596387242, 0.7152130962461191, 0.7149308495625176, 0.7140841095117132, 0.7138018628281118, 0.7140841095117132, 0.7143663561953147, 0.7150719729043183, 0.7154953429297206, 0.7152130962461191, 0.7147897262207169, 0.7145074795371155, 0.7146486028789162, 0.7138018628281118, 0.7140841095117132, 0.7139429861699125, 0.7143663561953147, 0.7145074795371155, 0.7143663561953147, 0.7143663561953147, 0.7140841095117132, 0.7143663561953147, 0.7145074795371155, 0.7149308495625176, 0.7149308495625176, 0.7146486028789162, 0.7146486028789162, 0.7143663561953147, 0.7139429861699125, 0.7143663561953147, 0.714225232853514, 0.7143663561953147, 0.7147897262207169, 0.7149308495625176, 0.7147897262207169, 0.7146486028789162, 0.7140841095117132, 0.7145074795371155, 0.7145074795371155, 0.7149308495625176, 0.7149308495625176, 0.7152130962461191, 0.7150719729043183, 0.7147897262207169, 0.7147897262207169, 0.7152130962461191, 0.7152130962461191, 0.7153542195879199, 0.7156364662715213, 0.715777589613322, 0.7160598362969235, 0.7160598362969235, 0.7162009596387242, 0.7160598362969235, 0.7160598362969235, 0.7159187129551228, 0.7160598362969235, 0.7160598362969235, 0.7164832063223258, 0.7162009596387242, 0.7160598362969235, 0.7159187129551228, 0.7160598362969235, 0.7166243296641265, 0.7162009596387242, 0.7171888230313294, 0.715777589613322, 0.7160598362969235, 0.7166243296641265, 0.715777589613322, 0.7164832063223258, 0.7156364662715213, 0.7162009596387242, 0.7159187129551228, 0.7163420829805249, 0.7154953429297206, 0.7162009596387242, 0.7153542195879199, 0.7159187129551228, 0.7153542195879199, 0.7159187129551228, 0.7149308495625176, 0.715777589613322, 0.7154953429297206, 0.7160598362969235, 0.7156364662715213, 0.7163420829805249, 0.7156364662715213, 0.7159187129551228, 0.7160598362969235, 0.7160598362969235, 0.7160598362969235, 0.715777589613322, 0.7156364662715213, 0.7164832063223258, 0.7162009596387242, 0.7166243296641265, 0.7154953429297206, 0.715777589613322, 0.7156364662715213, 0.7159187129551228, 0.7156364662715213, 0.7160598362969235, 0.7153542195879199, 0.7166243296641265, 0.7159187129551228, 0.7160598362969235, 0.7156364662715213, 0.7163420829805249, 0.7160598362969235, 0.7160598362969235, 0.7162009596387242, 0.7170476996895286, 0.7160598362969235, 0.7173299463731301, 0.7164832063223258, 0.7167654530059272, 0.7162009596387242, 0.7180355630821338, 0.7163420829805249, 0.7176121930567316, 0.7170476996895286, 0.7174710697149308, 0.7167654530059272, 0.7183178097657352])
