nn7.py, same as nn4.py, but no question info
Tuning process for lr=3e-05
----------------------------------------------------------
lr=3e-05, lamb=0, num_epoch=200
Epoch: 1 	Training Cost: 12959.738870	 Valid Acc: 0.6689246401354784 	Best Valid Acc: 0.668925
Epoch: 2 	Training Cost: 11591.539749	 Valid Acc: 0.6810612475303415 	Best Valid Acc: 0.681061
Epoch: 3 	Training Cost: 11432.299071	 Valid Acc: 0.6831780976573525 	Best Valid Acc: 0.683178
Epoch: 4 	Training Cost: 11362.085801	 Valid Acc: 0.6836014676827548 	Best Valid Acc: 0.683601
Epoch: 5 	Training Cost: 11285.950347	 Valid Acc: 0.6836014676827548 	Best Valid Acc: 0.683601
Epoch: 6 	Training Cost: 11162.054176	 Valid Acc: 0.6845893310753599 	Best Valid Acc: 0.684589
Epoch: 7 	Training Cost: 11017.805531	 Valid Acc: 0.6875529212531752 	Best Valid Acc: 0.687553
Epoch: 8 	Training Cost: 10864.811603	 Valid Acc: 0.6965848151284222 	Best Valid Acc: 0.696585
Epoch: 9 	Training Cost: 10669.523739	 Valid Acc: 0.7012418854078465 	Best Valid Acc: 0.701242
Epoch: 10 	Training Cost: 10468.589749	 Valid Acc: 0.7037821055602597 	Best Valid Acc: 0.703782
Epoch: 11 	Training Cost: 10315.319605	 Valid Acc: 0.7058989556872707 	Best Valid Acc: 0.705899
Epoch: 12 	Training Cost: 10205.431420	 Valid Acc: 0.7071690657634773 	Best Valid Acc: 0.707169
Epoch: 13 	Training Cost: 10123.469240	 Valid Acc: 0.7068868190798758 	Best Valid Acc: 0.707169
Epoch: 14 	Training Cost: 10058.647985	 Valid Acc: 0.7061812023708721 	Best Valid Acc: 0.707169
Epoch: 15 	Training Cost: 10003.913509	 Valid Acc: 0.7081569291560824 	Best Valid Acc: 0.708157
Epoch: 16 	Training Cost: 9955.575224	 Valid Acc: 0.7115438893593 	Best Valid Acc: 0.711544
Epoch: 17 	Training Cost: 9911.875002	 Valid Acc: 0.7122495060683037 	Best Valid Acc: 0.712250
Epoch: 18 	Training Cost: 9871.211095	 Valid Acc: 0.713096246119108 	Best Valid Acc: 0.713096
Epoch: 19 	Training Cost: 9833.459169	 Valid Acc: 0.714225232853514 	Best Valid Acc: 0.714225
Epoch: 20 	Training Cost: 9798.792500	 Valid Acc: 0.7147897262207169 	Best Valid Acc: 0.714790
Epoch: 21 	Training Cost: 9766.940524	 Valid Acc: 0.7150719729043183 	Best Valid Acc: 0.715072
Epoch: 22 	Training Cost: 9737.964289	 Valid Acc: 0.7150719729043183 	Best Valid Acc: 0.715072
Epoch: 23 	Training Cost: 9710.827113	 Valid Acc: 0.7154953429297206 	Best Valid Acc: 0.715495
Epoch: 24 	Training Cost: 9684.498789	 Valid Acc: 0.7162009596387242 	Best Valid Acc: 0.716201
Epoch: 25 	Training Cost: 9659.080608	 Valid Acc: 0.7169065763477279 	Best Valid Acc: 0.716907
Epoch: 26 	Training Cost: 9632.130275	 Valid Acc: 0.715777589613322 	Best Valid Acc: 0.716907
Epoch: 27 	Training Cost: 9604.895563	 Valid Acc: 0.7156364662715213 	Best Valid Acc: 0.716907
Epoch: 28 	Training Cost: 9575.858932	 Valid Acc: 0.7166243296641265 	Best Valid Acc: 0.716907
Epoch: 29 	Training Cost: 9544.330252	 Valid Acc: 0.7162009596387242 	Best Valid Acc: 0.716907
Epoch: 30 	Training Cost: 9512.495458	 Valid Acc: 0.7153542195879199 	Best Valid Acc: 0.716907
Epoch: 31 	Training Cost: 9480.378290	 Valid Acc: 0.7150719729043183 	Best Valid Acc: 0.716907
Epoch: 32 	Training Cost: 9453.616250	 Valid Acc: 0.713660739486311 	Best Valid Acc: 0.716907
Epoch: 33 	Training Cost: 9427.913939	 Valid Acc: 0.7135196161445103 	Best Valid Acc: 0.716907
Epoch: 34 	Training Cost: 9401.554865	 Valid Acc: 0.7125317527519052 	Best Valid Acc: 0.716907
Epoch: 35 	Training Cost: 9377.843000	 Valid Acc: 0.7132373694609089 	Best Valid Acc: 0.716907
Epoch: 36 	Training Cost: 9358.313200	 Valid Acc: 0.713660739486311 	Best Valid Acc: 0.716907
Epoch: 37 	Training Cost: 9331.078029	 Valid Acc: 0.7126728760937059 	Best Valid Acc: 0.716907
Epoch: 38 	Training Cost: 9307.392494	 Valid Acc: 0.7138018628281118 	Best Valid Acc: 0.716907
Epoch: 39 	Training Cost: 9283.655454	 Valid Acc: 0.7106971493084956 	Best Valid Acc: 0.716907
Epoch: 40 	Training Cost: 9255.467588	 Valid Acc: 0.7098504092576913 	Best Valid Acc: 0.716907
Epoch: 41 	Training Cost: 9229.557350	 Valid Acc: 0.7102737792830934 	Best Valid Acc: 0.716907
Epoch: 42 	Training Cost: 9206.007217	 Valid Acc: 0.7104149026248942 	Best Valid Acc: 0.716907
Epoch: 43 	Training Cost: 9180.907091	 Valid Acc: 0.7097092859158904 	Best Valid Acc: 0.716907
Epoch: 44 	Training Cost: 9151.377584	 Valid Acc: 0.7092859158904883 	Best Valid Acc: 0.716907
Epoch: 45 	Training Cost: 9129.749515	 Valid Acc: 0.7084391758396839 	Best Valid Acc: 0.716907
Epoch: 46 	Training Cost: 9105.246792	 Valid Acc: 0.7085802991814846 	Best Valid Acc: 0.716907
Epoch: 47 	Training Cost: 9077.030507	 Valid Acc: 0.7071690657634773 	Best Valid Acc: 0.716907
Epoch: 48 	Training Cost: 9054.600573	 Valid Acc: 0.7071690657634773 	Best Valid Acc: 0.716907
Epoch: 49 	Training Cost: 9030.990336	 Valid Acc: 0.7049110922946655 	Best Valid Acc: 0.716907
Epoch: 50 	Training Cost: 9007.289335	 Valid Acc: 0.7060400790290714 	Best Valid Acc: 0.716907
Epoch: 51 	Training Cost: 8987.054061	 Valid Acc: 0.7071690657634773 	Best Valid Acc: 0.716907
Epoch: 52 	Training Cost: 8962.745764	 Valid Acc: 0.7047699689528648 	Best Valid Acc: 0.716907
Epoch: 53 	Training Cost: 8936.829929	 Valid Acc: 0.7043465989274627 	Best Valid Acc: 0.716907
Epoch: 54 	Training Cost: 8915.577293	 Valid Acc: 0.7053344623200677 	Best Valid Acc: 0.716907
Epoch: 55 	Training Cost: 8895.508765	 Valid Acc: 0.7040643522438611 	Best Valid Acc: 0.716907
Epoch: 56 	Training Cost: 8873.412944	 Valid Acc: 0.7027942421676545 	Best Valid Acc: 0.716907
Epoch: 57 	Training Cost: 8850.754826	 Valid Acc: 0.7029353655094552 	Best Valid Acc: 0.716907
Epoch: 58 	Training Cost: 8829.973110	 Valid Acc: 0.7023708721422524 	Best Valid Acc: 0.716907
Epoch: 59 	Training Cost: 8808.262722	 Valid Acc: 0.7039232289020604 	Best Valid Acc: 0.716907
Epoch: 60 	Training Cost: 8785.470365	 Valid Acc: 0.7025119954840531 	Best Valid Acc: 0.716907
Epoch: 61 	Training Cost: 8765.679210	 Valid Acc: 0.7046288456110641 	Best Valid Acc: 0.716907
Epoch: 62 	Training Cost: 8745.653375	 Valid Acc: 0.7037821055602597 	Best Valid Acc: 0.716907
Epoch: 63 	Training Cost: 8721.179675	 Valid Acc: 0.7040643522438611 	Best Valid Acc: 0.716907
Epoch: 64 	Training Cost: 8701.574469	 Valid Acc: 0.7050522156364663 	Best Valid Acc: 0.716907
Epoch: 65 	Training Cost: 8681.438125	 Valid Acc: 0.7029353655094552 	Best Valid Acc: 0.716907
Epoch: 66 	Training Cost: 8660.942472	 Valid Acc: 0.7033587355348575 	Best Valid Acc: 0.716907
Epoch: 67 	Training Cost: 8640.245375	 Valid Acc: 0.7019475021168501 	Best Valid Acc: 0.716907
Epoch: 68 	Training Cost: 8617.342136	 Valid Acc: 0.7043465989274627 	Best Valid Acc: 0.716907
Epoch: 69 	Training Cost: 8596.376734	 Valid Acc: 0.7006773920406435 	Best Valid Acc: 0.716907
Epoch: 70 	Training Cost: 8577.291349	 Valid Acc: 0.7026531188258538 	Best Valid Acc: 0.716907
Epoch: 71 	Training Cost: 8552.718653	 Valid Acc: 0.7029353655094552 	Best Valid Acc: 0.716907
Epoch: 72 	Training Cost: 8534.067950	 Valid Acc: 0.7009596387242449 	Best Valid Acc: 0.716907
Epoch: 73 	Training Cost: 8510.358965	 Valid Acc: 0.7013830087496472 	Best Valid Acc: 0.716907
Epoch: 74 	Training Cost: 8490.258578	 Valid Acc: 0.7009596387242449 	Best Valid Acc: 0.716907
Epoch: 75 	Training Cost: 8470.608585	 Valid Acc: 0.6981371718882303 	Best Valid Acc: 0.716907
Epoch: 76 	Training Cost: 8443.711740	 Valid Acc: 0.7001128986734406 	Best Valid Acc: 0.716907
Epoch: 77 	Training Cost: 8424.060811	 Valid Acc: 0.7013830087496472 	Best Valid Acc: 0.716907
Epoch: 78 	Training Cost: 8402.560932	 Valid Acc: 0.6981371718882303 	Best Valid Acc: 0.716907
Epoch: 79 	Training Cost: 8379.448625	 Valid Acc: 0.7005362686988428 	Best Valid Acc: 0.716907
Epoch: 80 	Training Cost: 8354.454760	 Valid Acc: 0.6985605419136325 	Best Valid Acc: 0.716907
Epoch: 81 	Training Cost: 8329.677786	 Valid Acc: 0.6979960485464296 	Best Valid Acc: 0.716907
Epoch: 82 	Training Cost: 8304.607977	 Valid Acc: 0.7015241320914479 	Best Valid Acc: 0.716907
Epoch: 83 	Training Cost: 8276.983556	 Valid Acc: 0.69616144510302 	Best Valid Acc: 0.716907
Epoch: 84 	Training Cost: 8249.814353	 Valid Acc: 0.6985605419136325 	Best Valid Acc: 0.716907
Epoch: 85 	Training Cost: 8218.764997	 Valid Acc: 0.6975726785210273 	Best Valid Acc: 0.716907
Epoch: 86 	Training Cost: 8184.789627	 Valid Acc: 0.7011007620660458 	Best Valid Acc: 0.716907
Epoch: 87 	Training Cost: 8151.514491	 Valid Acc: 0.696725938470223 	Best Valid Acc: 0.716907
Epoch: 88 	Training Cost: 8112.587528	 Valid Acc: 0.6998306519898391 	Best Valid Acc: 0.716907
Epoch: 89 	Training Cost: 8072.180192	 Valid Acc: 0.6965848151284222 	Best Valid Acc: 0.716907
Epoch: 90 	Training Cost: 8038.548369	 Valid Acc: 0.6970081851538245 	Best Valid Acc: 0.716907
Epoch: 91 	Training Cost: 7999.953366	 Valid Acc: 0.6977138018628282 	Best Valid Acc: 0.716907
Epoch: 92 	Training Cost: 7958.988630	 Valid Acc: 0.6960203217612193 	Best Valid Acc: 0.716907
Epoch: 93 	Training Cost: 7922.484864	 Valid Acc: 0.6955969517358171 	Best Valid Acc: 0.716907
Epoch: 94 	Training Cost: 7891.269569	 Valid Acc: 0.6943268416596104 	Best Valid Acc: 0.716907
Epoch: 95 	Training Cost: 7852.993549	 Valid Acc: 0.6927744848998024 	Best Valid Acc: 0.716907
Epoch: 96 	Training Cost: 7821.481750	 Valid Acc: 0.6931978549252046 	Best Valid Acc: 0.716907
Epoch: 97 	Training Cost: 7788.940618	 Valid Acc: 0.6907987581145921 	Best Valid Acc: 0.716907
Epoch: 98 	Training Cost: 7758.656406	 Valid Acc: 0.6912221281399944 	Best Valid Acc: 0.716907
Epoch: 99 	Training Cost: 7722.962660	 Valid Acc: 0.6907987581145921 	Best Valid Acc: 0.716907
Epoch: 100 	Training Cost: 7696.148222	 Valid Acc: 0.6906576347727914 	Best Valid Acc: 0.716907
Epoch: 101 	Training Cost: 7665.517409	 Valid Acc: 0.6907987581145921 	Best Valid Acc: 0.716907
Epoch: 102 	Training Cost: 7638.950278	 Valid Acc: 0.6920688681907987 	Best Valid Acc: 0.716907
Epoch: 103 	Training Cost: 7606.658602	 Valid Acc: 0.6923511148744003 	Best Valid Acc: 0.716907
Epoch: 104 	Training Cost: 7575.820495	 Valid Acc: 0.692492238216201 	Best Valid Acc: 0.716907
Epoch: 105 	Training Cost: 7550.540891	 Valid Acc: 0.6913632514817951 	Best Valid Acc: 0.716907
Epoch: 106 	Training Cost: 7520.304693	 Valid Acc: 0.692492238216201 	Best Valid Acc: 0.716907
Epoch: 107 	Training Cost: 7491.053767	 Valid Acc: 0.6906576347727914 	Best Valid Acc: 0.716907
Epoch: 108 	Training Cost: 7467.489741	 Valid Acc: 0.6910810047981937 	Best Valid Acc: 0.716907
Epoch: 109 	Training Cost: 7439.301646	 Valid Acc: 0.6891052780129834 	Best Valid Acc: 0.716907
Epoch: 110 	Training Cost: 7414.323492	 Valid Acc: 0.694609088343212 	Best Valid Acc: 0.716907
Epoch: 111 	Training Cost: 7378.702378	 Valid Acc: 0.6883996613039797 	Best Valid Acc: 0.716907
Epoch: 112 	Training Cost: 7358.347761	 Valid Acc: 0.6915043748235958 	Best Valid Acc: 0.716907
Epoch: 113 	Training Cost: 7335.855138	 Valid Acc: 0.69037538808919 	Best Valid Acc: 0.716907
Epoch: 114 	Training Cost: 7294.724463	 Valid Acc: 0.6899520180637877 	Best Valid Acc: 0.716907
Epoch: 115 	Training Cost: 7274.762148	 Valid Acc: 0.6900931414055885 	Best Valid Acc: 0.716907
Epoch: 116 	Training Cost: 7250.921868	 Valid Acc: 0.6871295512277731 	Best Valid Acc: 0.716907
Epoch: 117 	Training Cost: 7223.148920	 Valid Acc: 0.6899520180637877 	Best Valid Acc: 0.716907
Epoch: 118 	Training Cost: 7195.574369	 Valid Acc: 0.6861416878351679 	Best Valid Acc: 0.716907
Epoch: 119 	Training Cost: 7170.511502	 Valid Acc: 0.687694044594976 	Best Valid Acc: 0.716907
Epoch: 120 	Training Cost: 7144.314046	 Valid Acc: 0.6872706745695738 	Best Valid Acc: 0.716907
Epoch: 121 	Training Cost: 7120.653328	 Valid Acc: 0.6865650578605701 	Best Valid Acc: 0.716907
Epoch: 122 	Training Cost: 7096.718644	 Valid Acc: 0.683460344340954 	Best Valid Acc: 0.716907
Epoch: 123 	Training Cost: 7063.803498	 Valid Acc: 0.6855771944679651 	Best Valid Acc: 0.716907
Epoch: 124 	Training Cost: 7039.573701	 Valid Acc: 0.6841659610499576 	Best Valid Acc: 0.716907
Epoch: 125 	Training Cost: 7019.260702	 Valid Acc: 0.6833192209991532 	Best Valid Acc: 0.716907
Epoch: 126 	Training Cost: 6990.386612	 Valid Acc: 0.6838837143663562 	Best Valid Acc: 0.716907
Epoch: 127 	Training Cost: 6964.206781	 Valid Acc: 0.6840248377081569 	Best Valid Acc: 0.716907
Epoch: 128 	Training Cost: 6936.305129	 Valid Acc: 0.6821902342647473 	Best Valid Acc: 0.716907
Epoch: 129 	Training Cost: 6913.680483	 Valid Acc: 0.6833192209991532 	Best Valid Acc: 0.716907
Epoch: 130 	Training Cost: 6881.045575	 Valid Acc: 0.6840248377081569 	Best Valid Acc: 0.716907
Epoch: 131 	Training Cost: 6859.992940	 Valid Acc: 0.681343494213943 	Best Valid Acc: 0.716907
Epoch: 132 	Training Cost: 6825.411774	 Valid Acc: 0.6802145074795372 	Best Valid Acc: 0.716907
Epoch: 133 	Training Cost: 6806.918000	 Valid Acc: 0.6820491109229466 	Best Valid Acc: 0.716907
Epoch: 134 	Training Cost: 6778.115481	 Valid Acc: 0.677109793959921 	Best Valid Acc: 0.716907
Epoch: 135 	Training Cost: 6750.564176	 Valid Acc: 0.6799322607959356 	Best Valid Acc: 0.716907
Epoch: 136 	Training Cost: 6721.176103	 Valid Acc: 0.676545300592718 	Best Valid Acc: 0.716907
Epoch: 137 	Training Cost: 6703.979484	 Valid Acc: 0.6768275472763196 	Best Valid Acc: 0.716907
Epoch: 138 	Training Cost: 6673.542182	 Valid Acc: 0.6766864239345187 	Best Valid Acc: 0.716907
Epoch: 139 	Training Cost: 6641.128807	 Valid Acc: 0.676545300592718 	Best Valid Acc: 0.716907
Epoch: 140 	Training Cost: 6605.112768	 Valid Acc: 0.6778154106689246 	Best Valid Acc: 0.716907
Epoch: 141 	Training Cost: 6594.579854	 Valid Acc: 0.6762630539091166 	Best Valid Acc: 0.716907
Epoch: 142 	Training Cost: 6555.590782	 Valid Acc: 0.6754163138583121 	Best Valid Acc: 0.716907
Epoch: 143 	Training Cost: 6531.361309	 Valid Acc: 0.674428450465707 	Best Valid Acc: 0.716907
Epoch: 144 	Training Cost: 6496.318668	 Valid Acc: 0.6740050804403048 	Best Valid Acc: 0.716907
Epoch: 145 	Training Cost: 6472.996567	 Valid Acc: 0.6732994637313011 	Best Valid Acc: 0.716907
Epoch: 146 	Training Cost: 6450.057222	 Valid Acc: 0.6735817104149027 	Best Valid Acc: 0.716907
Epoch: 147 	Training Cost: 6418.142247	 Valid Acc: 0.6737228337567034 	Best Valid Acc: 0.716907
Epoch: 148 	Training Cost: 6388.647862	 Valid Acc: 0.672311600338696 	Best Valid Acc: 0.716907
Epoch: 149 	Training Cost: 6368.815066	 Valid Acc: 0.6745695738075078 	Best Valid Acc: 0.716907
Epoch: 150 	Training Cost: 6343.624123	 Valid Acc: 0.6732994637313011 	Best Valid Acc: 0.716907
Epoch: 151 	Training Cost: 6309.307428	 Valid Acc: 0.6752751905165114 	Best Valid Acc: 0.716907
Epoch: 152 	Training Cost: 6279.403885	 Valid Acc: 0.6721704769968952 	Best Valid Acc: 0.716907
Epoch: 153 	Training Cost: 6265.599667	 Valid Acc: 0.6735817104149027 	Best Valid Acc: 0.716907
Epoch: 154 	Training Cost: 6229.603040	 Valid Acc: 0.6741462037821055 	Best Valid Acc: 0.716907
Epoch: 155 	Training Cost: 6205.607331	 Valid Acc: 0.6745695738075078 	Best Valid Acc: 0.716907
Epoch: 156 	Training Cost: 6176.083310	 Valid Acc: 0.6732994637313011 	Best Valid Acc: 0.716907
Epoch: 157 	Training Cost: 6151.879703	 Valid Acc: 0.6735817104149027 	Best Valid Acc: 0.716907
Epoch: 158 	Training Cost: 6124.689553	 Valid Acc: 0.6721704769968952 	Best Valid Acc: 0.716907
Epoch: 159 	Training Cost: 6097.117810	 Valid Acc: 0.6730172170476997 	Best Valid Acc: 0.716907
Epoch: 160 	Training Cost: 6063.321834	 Valid Acc: 0.6752751905165114 	Best Valid Acc: 0.716907
Epoch: 161 	Training Cost: 6046.464651	 Valid Acc: 0.6714648602878917 	Best Valid Acc: 0.716907
Epoch: 162 	Training Cost: 6024.225426	 Valid Acc: 0.6768275472763196 	Best Valid Acc: 0.716907
Epoch: 163 	Training Cost: 5994.788966	 Valid Acc: 0.6720293536550945 	Best Valid Acc: 0.716907
Epoch: 164 	Training Cost: 5971.208825	 Valid Acc: 0.6735817104149027 	Best Valid Acc: 0.716907
Epoch: 165 	Training Cost: 5935.682282	 Valid Acc: 0.6685012701100762 	Best Valid Acc: 0.716907
Epoch: 166 	Training Cost: 5910.898182	 Valid Acc: 0.6745695738075078 	Best Valid Acc: 0.716907
Epoch: 167 	Training Cost: 5894.194296	 Valid Acc: 0.6721704769968952 	Best Valid Acc: 0.716907
Epoch: 168 	Training Cost: 5864.056908	 Valid Acc: 0.6714648602878917 	Best Valid Acc: 0.716907
Epoch: 169 	Training Cost: 5845.361448	 Valid Acc: 0.6758396838837144 	Best Valid Acc: 0.716907
Epoch: 170 	Training Cost: 5815.354286	 Valid Acc: 0.6711826136042901 	Best Valid Acc: 0.716907
Epoch: 171 	Training Cost: 5783.022286	 Valid Acc: 0.6734405870731018 	Best Valid Acc: 0.716907
Epoch: 172 	Training Cost: 5766.526346	 Valid Acc: 0.6703358735534858 	Best Valid Acc: 0.716907
Epoch: 173 	Training Cost: 5742.210669	 Valid Acc: 0.6714648602878917 	Best Valid Acc: 0.716907
Epoch: 174 	Training Cost: 5716.368565	 Valid Acc: 0.6694891335026814 	Best Valid Acc: 0.716907
Epoch: 175 	Training Cost: 5684.609591	 Valid Acc: 0.6710414902624894 	Best Valid Acc: 0.716907
Epoch: 176 	Training Cost: 5668.079752	 Valid Acc: 0.6685012701100762 	Best Valid Acc: 0.716907
Epoch: 177 	Training Cost: 5640.569351	 Valid Acc: 0.6713237369460909 	Best Valid Acc: 0.716907
Epoch: 178 	Training Cost: 5617.500346	 Valid Acc: 0.6694891335026814 	Best Valid Acc: 0.716907
Epoch: 179 	Training Cost: 5596.014860	 Valid Acc: 0.6700536268698842 	Best Valid Acc: 0.716907
Epoch: 180 	Training Cost: 5568.280265	 Valid Acc: 0.6711826136042901 	Best Valid Acc: 0.716907
Epoch: 181 	Training Cost: 5550.681393	 Valid Acc: 0.6689246401354784 	Best Valid Acc: 0.716907
Epoch: 182 	Training Cost: 5525.698523	 Valid Acc: 0.6711826136042901 	Best Valid Acc: 0.716907
Epoch: 183 	Training Cost: 5496.140178	 Valid Acc: 0.6692068868190799 	Best Valid Acc: 0.716907
Epoch: 184 	Training Cost: 5477.224398	 Valid Acc: 0.6701947502116851 	Best Valid Acc: 0.716907
Epoch: 185 	Training Cost: 5456.622971	 Valid Acc: 0.6685012701100762 	Best Valid Acc: 0.716907
Epoch: 186 	Training Cost: 5425.782592	 Valid Acc: 0.6706181202370872 	Best Valid Acc: 0.716907
Epoch: 187 	Training Cost: 5407.298345	 Valid Acc: 0.6682190234264748 	Best Valid Acc: 0.716907
Epoch: 188 	Training Cost: 5386.063829	 Valid Acc: 0.6693480101608806 	Best Valid Acc: 0.716907
Epoch: 189 	Training Cost: 5355.125650	 Valid Acc: 0.6676545300592718 	Best Valid Acc: 0.716907
Epoch: 190 	Training Cost: 5338.609849	 Valid Acc: 0.6672311600338696 	Best Valid Acc: 0.716907
Epoch: 191 	Training Cost: 5308.069581	 Valid Acc: 0.6676545300592718 	Best Valid Acc: 0.716907
Epoch: 192 	Training Cost: 5295.134013	 Valid Acc: 0.6672311600338696 	Best Valid Acc: 0.716907
Epoch: 193 	Training Cost: 5276.447405	 Valid Acc: 0.6675134067174711 	Best Valid Acc: 0.716907
Epoch: 194 	Training Cost: 5250.429385	 Valid Acc: 0.668077900084674 	Best Valid Acc: 0.716907
Epoch: 195 	Training Cost: 5219.441947	 Valid Acc: 0.6672311600338696 	Best Valid Acc: 0.716907
Epoch: 196 	Training Cost: 5207.442992	 Valid Acc: 0.6676545300592718 	Best Valid Acc: 0.716907
Epoch: 197 	Training Cost: 5171.651636	 Valid Acc: 0.6690657634772792 	Best Valid Acc: 0.716907
Epoch: 198 	Training Cost: 5157.277385	 Valid Acc: 0.6679367767428732 	Best Valid Acc: 0.716907
Epoch: 199 	Training Cost: 5146.521028	 Valid Acc: 0.6699125035280835 	Best Valid Acc: 0.716907
Epoch: 200 	Training Cost: 5107.859348	 Valid Acc: 0.6670900366920689 	Best Valid Acc: 0.716907
lr=3e-05, lamb=0, num_epoch=200, test_acc=0.6663844199830652
----------------------------------------------------------
----------------------------------------------------------
lr=3e-05, lamb=0.0001, num_epoch=200
Epoch: 1 	Training Cost: 13006.727826	 Valid Acc: 0.6724527236804968 	Best Valid Acc: 0.672453
Epoch: 2 	Training Cost: 11606.291536	 Valid Acc: 0.6796500141123342 	Best Valid Acc: 0.679650
Epoch: 3 	Training Cost: 11458.026400	 Valid Acc: 0.6802145074795372 	Best Valid Acc: 0.680215
Epoch: 4 	Training Cost: 11390.809986	 Valid Acc: 0.6809201241885408 	Best Valid Acc: 0.680920
Epoch: 5 	Training Cost: 11320.025579	 Valid Acc: 0.6790855207451313 	Best Valid Acc: 0.680920
Epoch: 6 	Training Cost: 11210.452517	 Valid Acc: 0.68077900084674 	Best Valid Acc: 0.680920
Epoch: 7 	Training Cost: 11079.134361	 Valid Acc: 0.6844482077335591 	Best Valid Acc: 0.684448
Epoch: 8 	Training Cost: 10928.092648	 Valid Acc: 0.6957380750776179 	Best Valid Acc: 0.695738
Epoch: 9 	Training Cost: 10703.189856	 Valid Acc: 0.7025119954840531 	Best Valid Acc: 0.702512
Epoch: 10 	Training Cost: 10479.332646	 Valid Acc: 0.703076488851256 	Best Valid Acc: 0.703076
Epoch: 11 	Training Cost: 10328.290643	 Valid Acc: 0.7050522156364663 	Best Valid Acc: 0.705052
Epoch: 12 	Training Cost: 10225.035742	 Valid Acc: 0.7085802991814846 	Best Valid Acc: 0.708580
Epoch: 13 	Training Cost: 10148.430113	 Valid Acc: 0.7082980524978831 	Best Valid Acc: 0.708580
Epoch: 14 	Training Cost: 10088.617535	 Valid Acc: 0.7098504092576913 	Best Valid Acc: 0.709850
Epoch: 15 	Training Cost: 10039.128348	 Valid Acc: 0.7108382726502963 	Best Valid Acc: 0.710838
Epoch: 16 	Training Cost: 9996.544869	 Valid Acc: 0.7125317527519052 	Best Valid Acc: 0.712532
Epoch: 17 	Training Cost: 9958.619265	 Valid Acc: 0.7128139994355066 	Best Valid Acc: 0.712814
Epoch: 18 	Training Cost: 9923.764738	 Valid Acc: 0.713096246119108 	Best Valid Acc: 0.713096
Epoch: 19 	Training Cost: 9890.989792	 Valid Acc: 0.7135196161445103 	Best Valid Acc: 0.713520
Epoch: 20 	Training Cost: 9859.578202	 Valid Acc: 0.7139429861699125 	Best Valid Acc: 0.713943
Epoch: 21 	Training Cost: 9829.751157	 Valid Acc: 0.7132373694609089 	Best Valid Acc: 0.713943
Epoch: 22 	Training Cost: 9801.721335	 Valid Acc: 0.7143663561953147 	Best Valid Acc: 0.714366
Epoch: 23 	Training Cost: 9775.255280	 Valid Acc: 0.7153542195879199 	Best Valid Acc: 0.715354
Epoch: 24 	Training Cost: 9749.587288	 Valid Acc: 0.7166243296641265 	Best Valid Acc: 0.716624
Epoch: 25 	Training Cost: 9723.763285	 Valid Acc: 0.7159187129551228 	Best Valid Acc: 0.716624
Epoch: 26 	Training Cost: 9696.831379	 Valid Acc: 0.714225232853514 	Best Valid Acc: 0.716624
Epoch: 27 	Training Cost: 9667.317549	 Valid Acc: 0.7146486028789162 	Best Valid Acc: 0.716624
Epoch: 28 	Training Cost: 9634.280708	 Valid Acc: 0.7135196161445103 	Best Valid Acc: 0.716624
Epoch: 29 	Training Cost: 9600.599213	 Valid Acc: 0.7133784928027096 	Best Valid Acc: 0.716624
Epoch: 30 	Training Cost: 9571.423265	 Valid Acc: 0.7143663561953147 	Best Valid Acc: 0.716624
Epoch: 31 	Training Cost: 9545.167294	 Valid Acc: 0.7132373694609089 	Best Valid Acc: 0.716624
Epoch: 32 	Training Cost: 9521.761830	 Valid Acc: 0.7122495060683037 	Best Valid Acc: 0.716624
Epoch: 33 	Training Cost: 9499.643155	 Valid Acc: 0.7119672593847022 	Best Valid Acc: 0.716624
Epoch: 34 	Training Cost: 9473.944273	 Valid Acc: 0.7106971493084956 	Best Valid Acc: 0.716624
Epoch: 35 	Training Cost: 9453.279412	 Valid Acc: 0.7116850127011007 	Best Valid Acc: 0.716624
Epoch: 36 	Training Cost: 9432.350080	 Valid Acc: 0.709427039232289 	Best Valid Acc: 0.716624
Epoch: 37 	Training Cost: 9406.147852	 Valid Acc: 0.7098504092576913 	Best Valid Acc: 0.716624
Epoch: 38 	Training Cost: 9382.463422	 Valid Acc: 0.7095681625740897 	Best Valid Acc: 0.716624
Epoch: 39 	Training Cost: 9359.212138	 Valid Acc: 0.7080158058142817 	Best Valid Acc: 0.716624
Epoch: 40 	Training Cost: 9333.206633	 Valid Acc: 0.7097092859158904 	Best Valid Acc: 0.716624
Epoch: 41 	Training Cost: 9307.421688	 Valid Acc: 0.7085802991814846 	Best Valid Acc: 0.716624
Epoch: 42 	Training Cost: 9286.661902	 Valid Acc: 0.7082980524978831 	Best Valid Acc: 0.716624
Epoch: 43 	Training Cost: 9259.999860	 Valid Acc: 0.7074513124470787 	Best Valid Acc: 0.716624
Epoch: 44 	Training Cost: 9237.969165	 Valid Acc: 0.7060400790290714 	Best Valid Acc: 0.716624
Epoch: 45 	Training Cost: 9214.469769	 Valid Acc: 0.7050522156364663 	Best Valid Acc: 0.716624
Epoch: 46 	Training Cost: 9195.011673	 Valid Acc: 0.7054755856618685 	Best Valid Acc: 0.716624
Epoch: 47 	Training Cost: 9174.554896	 Valid Acc: 0.7034998588766582 	Best Valid Acc: 0.716624
Epoch: 48 	Training Cost: 9153.238372	 Valid Acc: 0.705193338978267 	Best Valid Acc: 0.716624
Epoch: 49 	Training Cost: 9132.105489	 Valid Acc: 0.7046288456110641 	Best Valid Acc: 0.716624
Epoch: 50 	Training Cost: 9114.528268	 Valid Acc: 0.7022297488004516 	Best Valid Acc: 0.716624
Epoch: 51 	Training Cost: 9095.550927	 Valid Acc: 0.7036409822184589 	Best Valid Acc: 0.716624
Epoch: 52 	Training Cost: 9080.699769	 Valid Acc: 0.7011007620660458 	Best Valid Acc: 0.716624
Epoch: 53 	Training Cost: 9060.821851	 Valid Acc: 0.7033587355348575 	Best Valid Acc: 0.716624
Epoch: 54 	Training Cost: 9044.696011	 Valid Acc: 0.7033587355348575 	Best Valid Acc: 0.716624
Epoch: 55 	Training Cost: 9026.426030	 Valid Acc: 0.7029353655094552 	Best Valid Acc: 0.716624
Epoch: 56 	Training Cost: 9008.521923	 Valid Acc: 0.7033587355348575 	Best Valid Acc: 0.716624
Epoch: 57 	Training Cost: 8993.633976	 Valid Acc: 0.7029353655094552 	Best Valid Acc: 0.716624
Epoch: 58 	Training Cost: 8975.240858	 Valid Acc: 0.7037821055602597 	Best Valid Acc: 0.716624
Epoch: 59 	Training Cost: 8957.435965	 Valid Acc: 0.7054755856618685 	Best Valid Acc: 0.716624
Epoch: 60 	Training Cost: 8940.520504	 Valid Acc: 0.7016652554332486 	Best Valid Acc: 0.716624
Epoch: 61 	Training Cost: 8923.821625	 Valid Acc: 0.7026531188258538 	Best Valid Acc: 0.716624
Epoch: 62 	Training Cost: 8904.291940	 Valid Acc: 0.7049110922946655 	Best Valid Acc: 0.716624
Epoch: 63 	Training Cost: 8889.077318	 Valid Acc: 0.7037821055602597 	Best Valid Acc: 0.716624
Epoch: 64 	Training Cost: 8878.340433	 Valid Acc: 0.7046288456110641 	Best Valid Acc: 0.716624
Epoch: 65 	Training Cost: 8855.374501	 Valid Acc: 0.7053344623200677 	Best Valid Acc: 0.716624
Epoch: 66 	Training Cost: 8836.604898	 Valid Acc: 0.7054755856618685 	Best Valid Acc: 0.716624
Epoch: 67 	Training Cost: 8820.440124	 Valid Acc: 0.7040643522438611 	Best Valid Acc: 0.716624
Epoch: 68 	Training Cost: 8806.661413	 Valid Acc: 0.7023708721422524 	Best Valid Acc: 0.716624
Epoch: 69 	Training Cost: 8790.901471	 Valid Acc: 0.7043465989274627 	Best Valid Acc: 0.716624
Epoch: 70 	Training Cost: 8770.192006	 Valid Acc: 0.7037821055602597 	Best Valid Acc: 0.716624
Epoch: 71 	Training Cost: 8754.058692	 Valid Acc: 0.7040643522438611 	Best Valid Acc: 0.716624
Epoch: 72 	Training Cost: 8737.479964	 Valid Acc: 0.7047699689528648 	Best Valid Acc: 0.716624
Epoch: 73 	Training Cost: 8721.115218	 Valid Acc: 0.7023708721422524 	Best Valid Acc: 0.716624
Epoch: 74 	Training Cost: 8703.404590	 Valid Acc: 0.7043465989274627 	Best Valid Acc: 0.716624
Epoch: 75 	Training Cost: 8685.144531	 Valid Acc: 0.6996895286480384 	Best Valid Acc: 0.716624
Epoch: 76 	Training Cost: 8673.941913	 Valid Acc: 0.7026531188258538 	Best Valid Acc: 0.716624
Epoch: 77 	Training Cost: 8651.825201	 Valid Acc: 0.6999717753316399 	Best Valid Acc: 0.716624
Epoch: 78 	Training Cost: 8636.941882	 Valid Acc: 0.7006773920406435 	Best Valid Acc: 0.716624
Epoch: 79 	Training Cost: 8622.189180	 Valid Acc: 0.6998306519898391 	Best Valid Acc: 0.716624
Epoch: 80 	Training Cost: 8603.306781	 Valid Acc: 0.6992661586226362 	Best Valid Acc: 0.716624
Epoch: 81 	Training Cost: 8585.005899	 Valid Acc: 0.6992661586226362 	Best Valid Acc: 0.716624
Epoch: 82 	Training Cost: 8571.086662	 Valid Acc: 0.6977138018628282 	Best Valid Acc: 0.716624
Epoch: 83 	Training Cost: 8554.415153	 Valid Acc: 0.6955969517358171 	Best Valid Acc: 0.716624
Epoch: 84 	Training Cost: 8539.970104	 Valid Acc: 0.694609088343212 	Best Valid Acc: 0.716624
Epoch: 85 	Training Cost: 8524.998708	 Valid Acc: 0.694609088343212 	Best Valid Acc: 0.716624
Epoch: 86 	Training Cost: 8507.334861	 Valid Acc: 0.6933389782670054 	Best Valid Acc: 0.716624
Epoch: 87 	Training Cost: 8496.555825	 Valid Acc: 0.691927744848998 	Best Valid Acc: 0.716624
Epoch: 88 	Training Cost: 8476.136112	 Valid Acc: 0.6920688681907987 	Best Valid Acc: 0.716624
Epoch: 89 	Training Cost: 8460.356675	 Valid Acc: 0.6931978549252046 	Best Valid Acc: 0.716624
Epoch: 90 	Training Cost: 8444.738312	 Valid Acc: 0.6933389782670054 	Best Valid Acc: 0.716624
Epoch: 91 	Training Cost: 8433.776041	 Valid Acc: 0.6896697713801863 	Best Valid Acc: 0.716624
Epoch: 92 	Training Cost: 8419.552425	 Valid Acc: 0.6926333615580017 	Best Valid Acc: 0.716624
Epoch: 93 	Training Cost: 8403.230041	 Valid Acc: 0.6871295512277731 	Best Valid Acc: 0.716624
Epoch: 94 	Training Cost: 8392.159035	 Valid Acc: 0.6920688681907987 	Best Valid Acc: 0.716624
Epoch: 95 	Training Cost: 8377.260125	 Valid Acc: 0.6869884278859724 	Best Valid Acc: 0.716624
Epoch: 96 	Training Cost: 8361.588008	 Valid Acc: 0.6910810047981937 	Best Valid Acc: 0.716624
Epoch: 97 	Training Cost: 8348.871542	 Valid Acc: 0.6878351679367768 	Best Valid Acc: 0.716624
Epoch: 98 	Training Cost: 8334.035479	 Valid Acc: 0.6896697713801863 	Best Valid Acc: 0.716624
Epoch: 99 	Training Cost: 8321.434967	 Valid Acc: 0.6892464013547841 	Best Valid Acc: 0.716624
Epoch: 100 	Training Cost: 8305.962601	 Valid Acc: 0.6902342647473892 	Best Valid Acc: 0.716624
Epoch: 101 	Training Cost: 8293.607663	 Valid Acc: 0.6860005644933672 	Best Valid Acc: 0.716624
Epoch: 102 	Training Cost: 8286.350206	 Valid Acc: 0.6899520180637877 	Best Valid Acc: 0.716624
Epoch: 103 	Training Cost: 8271.804610	 Valid Acc: 0.6854360711261642 	Best Valid Acc: 0.716624
Epoch: 104 	Training Cost: 8255.374026	 Valid Acc: 0.6900931414055885 	Best Valid Acc: 0.716624
Epoch: 105 	Training Cost: 8242.326503	 Valid Acc: 0.6867061812023709 	Best Valid Acc: 0.716624
Epoch: 106 	Training Cost: 8230.051717	 Valid Acc: 0.6857183178097658 	Best Valid Acc: 0.716624
Epoch: 107 	Training Cost: 8222.623773	 Valid Acc: 0.6875529212531752 	Best Valid Acc: 0.716624
Epoch: 108 	Training Cost: 8207.482534	 Valid Acc: 0.6885407846457804 	Best Valid Acc: 0.716624
Epoch: 109 	Training Cost: 8191.128080	 Valid Acc: 0.6860005644933672 	Best Valid Acc: 0.716624
Epoch: 110 	Training Cost: 8183.505113	 Valid Acc: 0.687694044594976 	Best Valid Acc: 0.716624
Epoch: 111 	Training Cost: 8171.900867	 Valid Acc: 0.6858594411515665 	Best Valid Acc: 0.716624
Epoch: 112 	Training Cost: 8159.146151	 Valid Acc: 0.6860005644933672 	Best Valid Acc: 0.716624
Epoch: 113 	Training Cost: 8147.181502	 Valid Acc: 0.6851538244425628 	Best Valid Acc: 0.716624
Epoch: 114 	Training Cost: 8134.187039	 Valid Acc: 0.6857183178097658 	Best Valid Acc: 0.716624
Epoch: 115 	Training Cost: 8123.393244	 Valid Acc: 0.6867061812023709 	Best Valid Acc: 0.716624
Epoch: 116 	Training Cost: 8111.639570	 Valid Acc: 0.6831780976573525 	Best Valid Acc: 0.716624
Epoch: 117 	Training Cost: 8096.145842	 Valid Acc: 0.6838837143663562 	Best Valid Acc: 0.716624
Epoch: 118 	Training Cost: 8092.361654	 Valid Acc: 0.6826136042901496 	Best Valid Acc: 0.716624
Epoch: 119 	Training Cost: 8078.585892	 Valid Acc: 0.6850127011007621 	Best Valid Acc: 0.716624
Epoch: 120 	Training Cost: 8062.188959	 Valid Acc: 0.6809201241885408 	Best Valid Acc: 0.716624
Epoch: 121 	Training Cost: 8053.475425	 Valid Acc: 0.6836014676827548 	Best Valid Acc: 0.716624
Epoch: 122 	Training Cost: 8039.570722	 Valid Acc: 0.6823313576065482 	Best Valid Acc: 0.716624
Epoch: 123 	Training Cost: 8026.505598	 Valid Acc: 0.6827547276319503 	Best Valid Acc: 0.716624
Epoch: 124 	Training Cost: 8016.156775	 Valid Acc: 0.6812023708721423 	Best Valid Acc: 0.716624
Epoch: 125 	Training Cost: 8003.790456	 Valid Acc: 0.6809201241885408 	Best Valid Acc: 0.716624
Epoch: 126 	Training Cost: 7990.573099	 Valid Acc: 0.6831780976573525 	Best Valid Acc: 0.716624
Epoch: 127 	Training Cost: 7978.712625	 Valid Acc: 0.6810612475303415 	Best Valid Acc: 0.716624
Epoch: 128 	Training Cost: 7962.585582	 Valid Acc: 0.6833192209991532 	Best Valid Acc: 0.716624
Epoch: 129 	Training Cost: 7954.938461	 Valid Acc: 0.6812023708721423 	Best Valid Acc: 0.716624
Epoch: 130 	Training Cost: 7947.779506	 Valid Acc: 0.6804967541631386 	Best Valid Acc: 0.716624
Epoch: 131 	Training Cost: 7924.514504	 Valid Acc: 0.679226644086932 	Best Valid Acc: 0.716624
Epoch: 132 	Training Cost: 7911.361809	 Valid Acc: 0.6830369743155518 	Best Valid Acc: 0.716624
Epoch: 133 	Training Cost: 7903.568729	 Valid Acc: 0.6789443974033305 	Best Valid Acc: 0.716624
Epoch: 134 	Training Cost: 7888.923690	 Valid Acc: 0.6823313576065482 	Best Valid Acc: 0.716624
Epoch: 135 	Training Cost: 7870.108689	 Valid Acc: 0.6783799040361276 	Best Valid Acc: 0.716624
Epoch: 136 	Training Cost: 7862.003168	 Valid Acc: 0.6803556308213379 	Best Valid Acc: 0.716624
Epoch: 137 	Training Cost: 7849.292406	 Valid Acc: 0.6775331639853232 	Best Valid Acc: 0.716624
Epoch: 138 	Training Cost: 7831.752865	 Valid Acc: 0.6800733841377364 	Best Valid Acc: 0.716624
Epoch: 139 	Training Cost: 7822.174653	 Valid Acc: 0.6740050804403048 	Best Valid Acc: 0.716624
Epoch: 140 	Training Cost: 7805.000694	 Valid Acc: 0.6796500141123342 	Best Valid Acc: 0.716624
Epoch: 141 	Training Cost: 7787.587891	 Valid Acc: 0.6752751905165114 	Best Valid Acc: 0.716624
Epoch: 142 	Training Cost: 7777.339172	 Valid Acc: 0.6778154106689246 	Best Valid Acc: 0.716624
Epoch: 143 	Training Cost: 7757.728789	 Valid Acc: 0.6776742873271239 	Best Valid Acc: 0.716624
Epoch: 144 	Training Cost: 7741.231108	 Valid Acc: 0.6762630539091166 	Best Valid Acc: 0.716624
Epoch: 145 	Training Cost: 7722.625171	 Valid Acc: 0.6755574372001129 	Best Valid Acc: 0.716624
Epoch: 146 	Training Cost: 7702.679602	 Valid Acc: 0.6775331639853232 	Best Valid Acc: 0.716624
Epoch: 147 	Training Cost: 7690.087322	 Valid Acc: 0.67499294383291 	Best Valid Acc: 0.716624
Epoch: 148 	Training Cost: 7675.785625	 Valid Acc: 0.6762630539091166 	Best Valid Acc: 0.716624
Epoch: 149 	Training Cost: 7654.355408	 Valid Acc: 0.6782387806943269 	Best Valid Acc: 0.716624
Epoch: 150 	Training Cost: 7630.186275	 Valid Acc: 0.6755574372001129 	Best Valid Acc: 0.716624
Epoch: 151 	Training Cost: 7621.554243	 Valid Acc: 0.6769686706181203 	Best Valid Acc: 0.716624
Epoch: 152 	Training Cost: 7591.438709	 Valid Acc: 0.6773920406435224 	Best Valid Acc: 0.716624
Epoch: 153 	Training Cost: 7575.302178	 Valid Acc: 0.6755574372001129 	Best Valid Acc: 0.716624
Epoch: 154 	Training Cost: 7566.499273	 Valid Acc: 0.6759808072255151 	Best Valid Acc: 0.716624
Epoch: 155 	Training Cost: 7537.636804	 Valid Acc: 0.6732994637313011 	Best Valid Acc: 0.716624
Epoch: 156 	Training Cost: 7522.888507	 Valid Acc: 0.6785210273779283 	Best Valid Acc: 0.716624
Epoch: 157 	Training Cost: 7509.360150	 Valid Acc: 0.6738639570985041 	Best Valid Acc: 0.716624
Epoch: 158 	Training Cost: 7488.714455	 Valid Acc: 0.6754163138583121 	Best Valid Acc: 0.716624
Epoch: 159 	Training Cost: 7463.378213	 Valid Acc: 0.6731583403895004 	Best Valid Acc: 0.716624
Epoch: 160 	Training Cost: 7451.550743	 Valid Acc: 0.6738639570985041 	Best Valid Acc: 0.716624
Epoch: 161 	Training Cost: 7430.392213	 Valid Acc: 0.672876093705899 	Best Valid Acc: 0.716624
Epoch: 162 	Training Cost: 7407.764755	 Valid Acc: 0.6737228337567034 	Best Valid Acc: 0.716624
Epoch: 163 	Training Cost: 7389.465528	 Valid Acc: 0.6738639570985041 	Best Valid Acc: 0.716624
Epoch: 164 	Training Cost: 7380.135777	 Valid Acc: 0.6721704769968952 	Best Valid Acc: 0.716624
Epoch: 165 	Training Cost: 7354.505248	 Valid Acc: 0.672876093705899 	Best Valid Acc: 0.716624
Epoch: 166 	Training Cost: 7339.387392	 Valid Acc: 0.6711826136042901 	Best Valid Acc: 0.716624
Epoch: 167 	Training Cost: 7326.872898	 Valid Acc: 0.6721704769968952 	Best Valid Acc: 0.716624
Epoch: 168 	Training Cost: 7302.401564	 Valid Acc: 0.6710414902624894 	Best Valid Acc: 0.716624
Epoch: 169 	Training Cost: 7294.456143	 Valid Acc: 0.6709003669206887 	Best Valid Acc: 0.716624
Epoch: 170 	Training Cost: 7272.460613	 Valid Acc: 0.672311600338696 	Best Valid Acc: 0.716624
Epoch: 171 	Training Cost: 7256.851448	 Valid Acc: 0.6742873271239063 	Best Valid Acc: 0.716624
Epoch: 172 	Training Cost: 7245.280701	 Valid Acc: 0.6710414902624894 	Best Valid Acc: 0.716624
Epoch: 173 	Training Cost: 7229.677128	 Valid Acc: 0.6735817104149027 	Best Valid Acc: 0.716624
Epoch: 174 	Training Cost: 7216.986240	 Valid Acc: 0.6741462037821055 	Best Valid Acc: 0.716624
Epoch: 175 	Training Cost: 7194.618190	 Valid Acc: 0.6714648602878917 	Best Valid Acc: 0.716624
Epoch: 176 	Training Cost: 7174.927833	 Valid Acc: 0.6716059836296924 	Best Valid Acc: 0.716624
Epoch: 177 	Training Cost: 7162.728849	 Valid Acc: 0.6699125035280835 	Best Valid Acc: 0.716624
Epoch: 178 	Training Cost: 7160.362634	 Valid Acc: 0.6745695738075078 	Best Valid Acc: 0.716624
Epoch: 179 	Training Cost: 7127.222953	 Valid Acc: 0.6693480101608806 	Best Valid Acc: 0.716624
Epoch: 180 	Training Cost: 7115.784516	 Valid Acc: 0.6703358735534858 	Best Valid Acc: 0.716624
Epoch: 181 	Training Cost: 7112.554000	 Valid Acc: 0.6683601467682755 	Best Valid Acc: 0.716624
Epoch: 182 	Training Cost: 7083.504107	 Valid Acc: 0.6714648602878917 	Best Valid Acc: 0.716624
Epoch: 183 	Training Cost: 7066.722496	 Valid Acc: 0.6690657634772792 	Best Valid Acc: 0.716624
Epoch: 184 	Training Cost: 7065.691265	 Valid Acc: 0.6692068868190799 	Best Valid Acc: 0.716624
Epoch: 185 	Training Cost: 7043.579128	 Valid Acc: 0.6690657634772792 	Best Valid Acc: 0.716624
Epoch: 186 	Training Cost: 7026.786335	 Valid Acc: 0.6673722833756703 	Best Valid Acc: 0.716624
Epoch: 187 	Training Cost: 7011.539972	 Valid Acc: 0.6666666666666666 	Best Valid Acc: 0.716624
Epoch: 188 	Training Cost: 7005.198893	 Valid Acc: 0.6683601467682755 	Best Valid Acc: 0.716624
Epoch: 189 	Training Cost: 6985.981281	 Valid Acc: 0.6699125035280835 	Best Valid Acc: 0.716624
Epoch: 190 	Training Cost: 6974.506695	 Valid Acc: 0.6686423934518769 	Best Valid Acc: 0.716624
Epoch: 191 	Training Cost: 6956.807706	 Valid Acc: 0.6673722833756703 	Best Valid Acc: 0.716624
Epoch: 192 	Training Cost: 6940.960400	 Valid Acc: 0.6709003669206887 	Best Valid Acc: 0.716624
Epoch: 193 	Training Cost: 6935.040735	 Valid Acc: 0.6685012701100762 	Best Valid Acc: 0.716624
Epoch: 194 	Training Cost: 6920.529609	 Valid Acc: 0.6682190234264748 	Best Valid Acc: 0.716624
Epoch: 195 	Training Cost: 6911.291974	 Valid Acc: 0.6697713801862828 	Best Valid Acc: 0.716624
Epoch: 196 	Training Cost: 6886.418648	 Valid Acc: 0.6693480101608806 	Best Valid Acc: 0.716624
Epoch: 197 	Training Cost: 6876.648611	 Valid Acc: 0.6676545300592718 	Best Valid Acc: 0.716624
Epoch: 198 	Training Cost: 6869.052878	 Valid Acc: 0.6686423934518769 	Best Valid Acc: 0.716624
Epoch: 199 	Training Cost: 6867.753042	 Valid Acc: 0.6703358735534858 	Best Valid Acc: 0.716624
Epoch: 200 	Training Cost: 6840.067258	 Valid Acc: 0.665961049957663 	Best Valid Acc: 0.716624
lr=3e-05, lamb=0.0001, num_epoch=200, test_acc=0.6689246401354784
----------------------------------------------------------
----------------------------------------------------------
lr=3e-05, lamb=0.001, num_epoch=200
Epoch: 1 	Training Cost: 13295.887986	 Valid Acc: 0.6789443974033305 	Best Valid Acc: 0.678944
Epoch: 2 	Training Cost: 11797.045871	 Valid Acc: 0.6824724809483489 	Best Valid Acc: 0.682472
Epoch: 3 	Training Cost: 11628.011854	 Valid Acc: 0.6836014676827548 	Best Valid Acc: 0.683601
Epoch: 4 	Training Cost: 11552.874681	 Valid Acc: 0.6854360711261642 	Best Valid Acc: 0.685436
Epoch: 5 	Training Cost: 11482.518000	 Valid Acc: 0.6858594411515665 	Best Valid Acc: 0.685859
Epoch: 6 	Training Cost: 11389.744478	 Valid Acc: 0.6826136042901496 	Best Valid Acc: 0.685859
Epoch: 7 	Training Cost: 11272.326493	 Valid Acc: 0.6843070843917584 	Best Valid Acc: 0.685859
Epoch: 8 	Training Cost: 11146.546730	 Valid Acc: 0.6913632514817951 	Best Valid Acc: 0.691363
Epoch: 9 	Training Cost: 10976.200281	 Valid Acc: 0.6999717753316399 	Best Valid Acc: 0.699972
Epoch: 10 	Training Cost: 10751.620880	 Valid Acc: 0.7034998588766582 	Best Valid Acc: 0.703500
Epoch: 11 	Training Cost: 10567.821068	 Valid Acc: 0.7068868190798758 	Best Valid Acc: 0.706887
Epoch: 12 	Training Cost: 10447.016107	 Valid Acc: 0.7077335591306803 	Best Valid Acc: 0.707734
Epoch: 13 	Training Cost: 10363.065754	 Valid Acc: 0.7082980524978831 	Best Valid Acc: 0.708298
Epoch: 14 	Training Cost: 10300.208533	 Valid Acc: 0.7084391758396839 	Best Valid Acc: 0.708439
Epoch: 15 	Training Cost: 10251.415388	 Valid Acc: 0.7091447925486876 	Best Valid Acc: 0.709145
Epoch: 16 	Training Cost: 10212.015856	 Valid Acc: 0.7109793959920971 	Best Valid Acc: 0.710979
Epoch: 17 	Training Cost: 10179.103186	 Valid Acc: 0.7132373694609089 	Best Valid Acc: 0.713237
Epoch: 18 	Training Cost: 10150.515530	 Valid Acc: 0.7146486028789162 	Best Valid Acc: 0.714649
Epoch: 19 	Training Cost: 10124.823765	 Valid Acc: 0.714225232853514 	Best Valid Acc: 0.714649
Epoch: 20 	Training Cost: 10101.274252	 Valid Acc: 0.7146486028789162 	Best Valid Acc: 0.714649
Epoch: 21 	Training Cost: 10079.221220	 Valid Acc: 0.7153542195879199 	Best Valid Acc: 0.715354
Epoch: 22 	Training Cost: 10058.526632	 Valid Acc: 0.7143663561953147 	Best Valid Acc: 0.715354
Epoch: 23 	Training Cost: 10038.944949	 Valid Acc: 0.7147897262207169 	Best Valid Acc: 0.715354
Epoch: 24 	Training Cost: 10020.222446	 Valid Acc: 0.7146486028789162 	Best Valid Acc: 0.715354
Epoch: 25 	Training Cost: 10002.260968	 Valid Acc: 0.7139429861699125 	Best Valid Acc: 0.715354
Epoch: 26 	Training Cost: 9985.137369	 Valid Acc: 0.7149308495625176 	Best Valid Acc: 0.715354
Epoch: 27 	Training Cost: 9968.921243	 Valid Acc: 0.7156364662715213 	Best Valid Acc: 0.715636
Epoch: 28 	Training Cost: 9953.696805	 Valid Acc: 0.7153542195879199 	Best Valid Acc: 0.715636
Epoch: 29 	Training Cost: 9939.134573	 Valid Acc: 0.715777589613322 	Best Valid Acc: 0.715778
Epoch: 30 	Training Cost: 9925.632661	 Valid Acc: 0.715777589613322 	Best Valid Acc: 0.715778
Epoch: 31 	Training Cost: 9912.873746	 Valid Acc: 0.7159187129551228 	Best Valid Acc: 0.715919
Epoch: 32 	Training Cost: 9901.113909	 Valid Acc: 0.7166243296641265 	Best Valid Acc: 0.716624
Epoch: 33 	Training Cost: 9889.880888	 Valid Acc: 0.7150719729043183 	Best Valid Acc: 0.716624
Epoch: 34 	Training Cost: 9880.520779	 Valid Acc: 0.7164832063223258 	Best Valid Acc: 0.716624
Epoch: 35 	Training Cost: 9872.207637	 Valid Acc: 0.7152130962461191 	Best Valid Acc: 0.716624
Epoch: 36 	Training Cost: 9864.309435	 Valid Acc: 0.7167654530059272 	Best Valid Acc: 0.716765
Epoch: 37 	Training Cost: 9854.572567	 Valid Acc: 0.7154953429297206 	Best Valid Acc: 0.716765
Epoch: 38 	Training Cost: 9846.948653	 Valid Acc: 0.7166243296641265 	Best Valid Acc: 0.716765
Epoch: 39 	Training Cost: 9836.172429	 Valid Acc: 0.7133784928027096 	Best Valid Acc: 0.716765
Epoch: 40 	Training Cost: 9827.452947	 Valid Acc: 0.7162009596387242 	Best Valid Acc: 0.716765
Epoch: 41 	Training Cost: 9819.867234	 Valid Acc: 0.7138018628281118 	Best Valid Acc: 0.716765
Epoch: 42 	Training Cost: 9807.487489	 Valid Acc: 0.7139429861699125 	Best Valid Acc: 0.716765
Epoch: 43 	Training Cost: 9795.224655	 Valid Acc: 0.7133784928027096 	Best Valid Acc: 0.716765
Epoch: 44 	Training Cost: 9782.302658	 Valid Acc: 0.7143663561953147 	Best Valid Acc: 0.716765
Epoch: 45 	Training Cost: 9767.111324	 Valid Acc: 0.7126728760937059 	Best Valid Acc: 0.716765
Epoch: 46 	Training Cost: 9748.284128	 Valid Acc: 0.7145074795371155 	Best Valid Acc: 0.716765
Epoch: 47 	Training Cost: 9728.451309	 Valid Acc: 0.7126728760937059 	Best Valid Acc: 0.716765
Epoch: 48 	Training Cost: 9707.867771	 Valid Acc: 0.713096246119108 	Best Valid Acc: 0.716765
Epoch: 49 	Training Cost: 9687.421980	 Valid Acc: 0.7126728760937059 	Best Valid Acc: 0.716765
Epoch: 50 	Training Cost: 9670.683419	 Valid Acc: 0.7119672593847022 	Best Valid Acc: 0.716765
Epoch: 51 	Training Cost: 9651.992501	 Valid Acc: 0.7125317527519052 	Best Valid Acc: 0.716765
Epoch: 52 	Training Cost: 9635.775738	 Valid Acc: 0.712108382726503 	Best Valid Acc: 0.716765
Epoch: 53 	Training Cost: 9620.190909	 Valid Acc: 0.7129551227773073 	Best Valid Acc: 0.716765
Epoch: 54 	Training Cost: 9601.093320	 Valid Acc: 0.712108382726503 	Best Valid Acc: 0.716765
Epoch: 55 	Training Cost: 9585.983318	 Valid Acc: 0.7135196161445103 	Best Valid Acc: 0.716765
Epoch: 56 	Training Cost: 9565.052937	 Valid Acc: 0.7129551227773073 	Best Valid Acc: 0.716765
Epoch: 57 	Training Cost: 9546.871145	 Valid Acc: 0.7132373694609089 	Best Valid Acc: 0.716765
Epoch: 58 	Training Cost: 9526.807736	 Valid Acc: 0.712108382726503 	Best Valid Acc: 0.716765
Epoch: 59 	Training Cost: 9503.806442	 Valid Acc: 0.709991532599492 	Best Valid Acc: 0.716765
Epoch: 60 	Training Cost: 9485.801753	 Valid Acc: 0.7101326559412927 	Best Valid Acc: 0.716765
Epoch: 61 	Training Cost: 9465.254605	 Valid Acc: 0.709991532599492 	Best Valid Acc: 0.716765
Epoch: 62 	Training Cost: 9445.108762	 Valid Acc: 0.7106971493084956 	Best Valid Acc: 0.716765
Epoch: 63 	Training Cost: 9424.752167	 Valid Acc: 0.7087214225232854 	Best Valid Acc: 0.716765
Epoch: 64 	Training Cost: 9406.519173	 Valid Acc: 0.7087214225232854 	Best Valid Acc: 0.716765
Epoch: 65 	Training Cost: 9386.331408	 Valid Acc: 0.7071690657634773 	Best Valid Acc: 0.716765
Epoch: 66 	Training Cost: 9369.512043	 Valid Acc: 0.7097092859158904 	Best Valid Acc: 0.716765
Epoch: 67 	Training Cost: 9352.299076	 Valid Acc: 0.7066045723962744 	Best Valid Acc: 0.716765
Epoch: 68 	Training Cost: 9335.005761	 Valid Acc: 0.7061812023708721 	Best Valid Acc: 0.716765
Epoch: 69 	Training Cost: 9320.830627	 Valid Acc: 0.7085802991814846 	Best Valid Acc: 0.716765
Epoch: 70 	Training Cost: 9304.314549	 Valid Acc: 0.705193338978267 	Best Valid Acc: 0.716765
Epoch: 71 	Training Cost: 9289.818534	 Valid Acc: 0.7054755856618685 	Best Valid Acc: 0.716765
Epoch: 72 	Training Cost: 9274.428035	 Valid Acc: 0.7053344623200677 	Best Valid Acc: 0.716765
Epoch: 73 	Training Cost: 9262.514903	 Valid Acc: 0.7042054755856618 	Best Valid Acc: 0.716765
Epoch: 74 	Training Cost: 9247.551375	 Valid Acc: 0.7046288456110641 	Best Valid Acc: 0.716765
Epoch: 75 	Training Cost: 9235.255101	 Valid Acc: 0.7066045723962744 	Best Valid Acc: 0.716765
Epoch: 76 	Training Cost: 9220.839143	 Valid Acc: 0.7044877222692634 	Best Valid Acc: 0.716765
Epoch: 77 	Training Cost: 9209.150524	 Valid Acc: 0.70575783234547 	Best Valid Acc: 0.716765
Epoch: 78 	Training Cost: 9196.450209	 Valid Acc: 0.7050522156364663 	Best Valid Acc: 0.716765
Epoch: 79 	Training Cost: 9183.396402	 Valid Acc: 0.7043465989274627 	Best Valid Acc: 0.716765
Epoch: 80 	Training Cost: 9170.639617	 Valid Acc: 0.7044877222692634 	Best Valid Acc: 0.716765
Epoch: 81 	Training Cost: 9158.928084	 Valid Acc: 0.7029353655094552 	Best Valid Acc: 0.716765
Epoch: 82 	Training Cost: 9147.605578	 Valid Acc: 0.7027942421676545 	Best Valid Acc: 0.716765
Epoch: 83 	Training Cost: 9137.464286	 Valid Acc: 0.7018063787750494 	Best Valid Acc: 0.716765
Epoch: 84 	Training Cost: 9125.497959	 Valid Acc: 0.7032176121930568 	Best Valid Acc: 0.716765
Epoch: 85 	Training Cost: 9114.696479	 Valid Acc: 0.7026531188258538 	Best Valid Acc: 0.716765
Epoch: 86 	Training Cost: 9102.197171	 Valid Acc: 0.7039232289020604 	Best Valid Acc: 0.716765
Epoch: 87 	Training Cost: 9093.994273	 Valid Acc: 0.7003951453570421 	Best Valid Acc: 0.716765
Epoch: 88 	Training Cost: 9083.723455	 Valid Acc: 0.7026531188258538 	Best Valid Acc: 0.716765
Epoch: 89 	Training Cost: 9069.911668	 Valid Acc: 0.7026531188258538 	Best Valid Acc: 0.716765
Epoch: 90 	Training Cost: 9059.951053	 Valid Acc: 0.7009596387242449 	Best Valid Acc: 0.716765
Epoch: 91 	Training Cost: 9049.976426	 Valid Acc: 0.7003951453570421 	Best Valid Acc: 0.716765
Epoch: 92 	Training Cost: 9040.194488	 Valid Acc: 0.7023708721422524 	Best Valid Acc: 0.716765
Epoch: 93 	Training Cost: 9031.050424	 Valid Acc: 0.7006773920406435 	Best Valid Acc: 0.716765
Epoch: 94 	Training Cost: 9020.933482	 Valid Acc: 0.7013830087496472 	Best Valid Acc: 0.716765
Epoch: 95 	Training Cost: 9013.091179	 Valid Acc: 0.7023708721422524 	Best Valid Acc: 0.716765
Epoch: 96 	Training Cost: 9002.079595	 Valid Acc: 0.6999717753316399 	Best Valid Acc: 0.716765
Epoch: 97 	Training Cost: 8992.079462	 Valid Acc: 0.7013830087496472 	Best Valid Acc: 0.716765
Epoch: 98 	Training Cost: 8980.059402	 Valid Acc: 0.7009596387242449 	Best Valid Acc: 0.716765
Epoch: 99 	Training Cost: 8971.997457	 Valid Acc: 0.698842788597234 	Best Valid Acc: 0.716765
Epoch: 100 	Training Cost: 8962.208051	 Valid Acc: 0.698842788597234 	Best Valid Acc: 0.716765
Epoch: 101 	Training Cost: 8954.634656	 Valid Acc: 0.7020886254586508 	Best Valid Acc: 0.716765
Epoch: 102 	Training Cost: 8941.532381	 Valid Acc: 0.69616144510302 	Best Valid Acc: 0.716765
Epoch: 103 	Training Cost: 8936.684092	 Valid Acc: 0.6992661586226362 	Best Valid Acc: 0.716765
Epoch: 104 	Training Cost: 8927.717272	 Valid Acc: 0.6996895286480384 	Best Valid Acc: 0.716765
Epoch: 105 	Training Cost: 8915.881491	 Valid Acc: 0.6992661586226362 	Best Valid Acc: 0.716765
Epoch: 106 	Training Cost: 8905.739928	 Valid Acc: 0.6989839119390348 	Best Valid Acc: 0.716765
Epoch: 107 	Training Cost: 8899.813310	 Valid Acc: 0.7006773920406435 	Best Valid Acc: 0.716765
Epoch: 108 	Training Cost: 8885.841289	 Valid Acc: 0.6968670618120237 	Best Valid Acc: 0.716765
Epoch: 109 	Training Cost: 8878.067021	 Valid Acc: 0.7011007620660458 	Best Valid Acc: 0.716765
Epoch: 110 	Training Cost: 8871.934603	 Valid Acc: 0.6977138018628282 	Best Valid Acc: 0.716765
Epoch: 111 	Training Cost: 8859.957047	 Valid Acc: 0.6979960485464296 	Best Valid Acc: 0.716765
Epoch: 112 	Training Cost: 8850.532905	 Valid Acc: 0.6987016652554332 	Best Valid Acc: 0.716765
Epoch: 113 	Training Cost: 8846.713018	 Valid Acc: 0.6987016652554332 	Best Valid Acc: 0.716765
Epoch: 114 	Training Cost: 8834.561156	 Valid Acc: 0.6985605419136325 	Best Valid Acc: 0.716765
Epoch: 115 	Training Cost: 8825.851130	 Valid Acc: 0.696725938470223 	Best Valid Acc: 0.716765
Epoch: 116 	Training Cost: 8817.391109	 Valid Acc: 0.6994072819644369 	Best Valid Acc: 0.716765
Epoch: 117 	Training Cost: 8807.919403	 Valid Acc: 0.6970081851538245 	Best Valid Acc: 0.716765
Epoch: 118 	Training Cost: 8796.024683	 Valid Acc: 0.6975726785210273 	Best Valid Acc: 0.716765
Epoch: 119 	Training Cost: 8792.678724	 Valid Acc: 0.6950324583686142 	Best Valid Acc: 0.716765
Epoch: 120 	Training Cost: 8783.643441	 Valid Acc: 0.696725938470223 	Best Valid Acc: 0.716765
Epoch: 121 	Training Cost: 8775.097137	 Valid Acc: 0.6974315551792266 	Best Valid Acc: 0.716765
Epoch: 122 	Training Cost: 8762.479224	 Valid Acc: 0.6978549252046289 	Best Valid Acc: 0.716765
Epoch: 123 	Training Cost: 8755.958360	 Valid Acc: 0.6930567315834039 	Best Valid Acc: 0.716765
Epoch: 124 	Training Cost: 8751.240145	 Valid Acc: 0.696725938470223 	Best Valid Acc: 0.716765
Epoch: 125 	Training Cost: 8743.062479	 Valid Acc: 0.6957380750776179 	Best Valid Acc: 0.716765
Epoch: 126 	Training Cost: 8732.414811	 Valid Acc: 0.6972904318374259 	Best Valid Acc: 0.716765
Epoch: 127 	Training Cost: 8726.651537	 Valid Acc: 0.6937623482924076 	Best Valid Acc: 0.716765
Epoch: 128 	Training Cost: 8716.855501	 Valid Acc: 0.6937623482924076 	Best Valid Acc: 0.716765
Epoch: 129 	Training Cost: 8710.561232	 Valid Acc: 0.6951735817104149 	Best Valid Acc: 0.716765
Epoch: 130 	Training Cost: 8700.264164	 Valid Acc: 0.6953147050522156 	Best Valid Acc: 0.716765
Epoch: 131 	Training Cost: 8697.354407	 Valid Acc: 0.6960203217612193 	Best Valid Acc: 0.716765
Epoch: 132 	Training Cost: 8685.749282	 Valid Acc: 0.6944679650014113 	Best Valid Acc: 0.716765
Epoch: 133 	Training Cost: 8675.473144	 Valid Acc: 0.6934801016088061 	Best Valid Acc: 0.716765
Epoch: 134 	Training Cost: 8670.804759	 Valid Acc: 0.6936212249506069 	Best Valid Acc: 0.716765
Epoch: 135 	Training Cost: 8667.476190	 Valid Acc: 0.6954558283940163 	Best Valid Acc: 0.716765
Epoch: 136 	Training Cost: 8656.075283	 Valid Acc: 0.6944679650014113 	Best Valid Acc: 0.716765
Epoch: 137 	Training Cost: 8651.280146	 Valid Acc: 0.6929156082416031 	Best Valid Acc: 0.716765
Epoch: 138 	Training Cost: 8644.079755	 Valid Acc: 0.6951735817104149 	Best Valid Acc: 0.716765
Epoch: 139 	Training Cost: 8637.189098	 Valid Acc: 0.6930567315834039 	Best Valid Acc: 0.716765
Epoch: 140 	Training Cost: 8626.272512	 Valid Acc: 0.6939034716342083 	Best Valid Acc: 0.716765
Epoch: 141 	Training Cost: 8625.863911	 Valid Acc: 0.692492238216201 	Best Valid Acc: 0.716765
Epoch: 142 	Training Cost: 8619.100292	 Valid Acc: 0.6936212249506069 	Best Valid Acc: 0.716765
Epoch: 143 	Training Cost: 8608.231253	 Valid Acc: 0.6907987581145921 	Best Valid Acc: 0.716765
Epoch: 144 	Training Cost: 8603.842604	 Valid Acc: 0.6934801016088061 	Best Valid Acc: 0.716765
Epoch: 145 	Training Cost: 8597.480342	 Valid Acc: 0.6934801016088061 	Best Valid Acc: 0.716765
Epoch: 146 	Training Cost: 8589.961519	 Valid Acc: 0.6930567315834039 	Best Valid Acc: 0.716765
Epoch: 147 	Training Cost: 8584.796236	 Valid Acc: 0.6934801016088061 	Best Valid Acc: 0.716765
Epoch: 148 	Training Cost: 8575.620968	 Valid Acc: 0.6922099915325995 	Best Valid Acc: 0.716765
Epoch: 149 	Training Cost: 8577.138474	 Valid Acc: 0.6913632514817951 	Best Valid Acc: 0.716765
Epoch: 150 	Training Cost: 8569.053791	 Valid Acc: 0.6883996613039797 	Best Valid Acc: 0.716765
Epoch: 151 	Training Cost: 8555.352544	 Valid Acc: 0.6920688681907987 	Best Valid Acc: 0.716765
Epoch: 152 	Training Cost: 8557.543293	 Valid Acc: 0.6893875246965848 	Best Valid Acc: 0.716765
Epoch: 153 	Training Cost: 8549.681550	 Valid Acc: 0.6910810047981937 	Best Valid Acc: 0.716765
Epoch: 154 	Training Cost: 8538.860306	 Valid Acc: 0.6915043748235958 	Best Valid Acc: 0.716765
Epoch: 155 	Training Cost: 8535.549893	 Valid Acc: 0.6892464013547841 	Best Valid Acc: 0.716765
Epoch: 156 	Training Cost: 8530.608760	 Valid Acc: 0.6912221281399944 	Best Valid Acc: 0.716765
Epoch: 157 	Training Cost: 8524.341350	 Valid Acc: 0.6893875246965848 	Best Valid Acc: 0.716765
Epoch: 158 	Training Cost: 8517.224711	 Valid Acc: 0.6899520180637877 	Best Valid Acc: 0.716765
Epoch: 159 	Training Cost: 8511.755311	 Valid Acc: 0.6893875246965848 	Best Valid Acc: 0.716765
Epoch: 160 	Training Cost: 8507.221999	 Valid Acc: 0.6906576347727914 	Best Valid Acc: 0.716765
Epoch: 161 	Training Cost: 8501.559575	 Valid Acc: 0.6902342647473892 	Best Valid Acc: 0.716765
Epoch: 162 	Training Cost: 8498.179772	 Valid Acc: 0.6867061812023709 	Best Valid Acc: 0.716765
Epoch: 163 	Training Cost: 8491.002893	 Valid Acc: 0.688258537962179 	Best Valid Acc: 0.716765
Epoch: 164 	Training Cost: 8484.990024	 Valid Acc: 0.6891052780129834 	Best Valid Acc: 0.716765
Epoch: 165 	Training Cost: 8483.550497	 Valid Acc: 0.6865650578605701 	Best Valid Acc: 0.716765
Epoch: 166 	Training Cost: 8470.993810	 Valid Acc: 0.6883996613039797 	Best Valid Acc: 0.716765
Epoch: 167 	Training Cost: 8467.777612	 Valid Acc: 0.6875529212531752 	Best Valid Acc: 0.716765
Epoch: 168 	Training Cost: 8468.726735	 Valid Acc: 0.6871295512277731 	Best Valid Acc: 0.716765
Epoch: 169 	Training Cost: 8457.168204	 Valid Acc: 0.6888230313293818 	Best Valid Acc: 0.716765
Epoch: 170 	Training Cost: 8453.823024	 Valid Acc: 0.6848715777589613 	Best Valid Acc: 0.716765
Epoch: 171 	Training Cost: 8451.053735	 Valid Acc: 0.6875529212531752 	Best Valid Acc: 0.716765
Epoch: 172 	Training Cost: 8441.315730	 Valid Acc: 0.6861416878351679 	Best Valid Acc: 0.716765
Epoch: 173 	Training Cost: 8437.150343	 Valid Acc: 0.6868473045441716 	Best Valid Acc: 0.716765
Epoch: 174 	Training Cost: 8433.605302	 Valid Acc: 0.6886819079875811 	Best Valid Acc: 0.716765
Epoch: 175 	Training Cost: 8426.615959	 Valid Acc: 0.6840248377081569 	Best Valid Acc: 0.716765
Epoch: 176 	Training Cost: 8422.126194	 Valid Acc: 0.6852949477843635 	Best Valid Acc: 0.716765
Epoch: 177 	Training Cost: 8420.391060	 Valid Acc: 0.6861416878351679 	Best Valid Acc: 0.716765
Epoch: 178 	Training Cost: 8411.659026	 Valid Acc: 0.6843070843917584 	Best Valid Acc: 0.716765
Epoch: 179 	Training Cost: 8411.758546	 Valid Acc: 0.6850127011007621 	Best Valid Acc: 0.716765
Epoch: 180 	Training Cost: 8405.598869	 Valid Acc: 0.6840248377081569 	Best Valid Acc: 0.716765
Epoch: 181 	Training Cost: 8399.764972	 Valid Acc: 0.6855771944679651 	Best Valid Acc: 0.716765
Epoch: 182 	Training Cost: 8394.528246	 Valid Acc: 0.6852949477843635 	Best Valid Acc: 0.716765
Epoch: 183 	Training Cost: 8392.230229	 Valid Acc: 0.6871295512277731 	Best Valid Acc: 0.716765
Epoch: 184 	Training Cost: 8388.807942	 Valid Acc: 0.6847304544171606 	Best Valid Acc: 0.716765
Epoch: 185 	Training Cost: 8382.358661	 Valid Acc: 0.6844482077335591 	Best Valid Acc: 0.716765
Epoch: 186 	Training Cost: 8374.935971	 Valid Acc: 0.6838837143663562 	Best Valid Acc: 0.716765
Epoch: 187 	Training Cost: 8374.761894	 Valid Acc: 0.6865650578605701 	Best Valid Acc: 0.716765
Epoch: 188 	Training Cost: 8370.414368	 Valid Acc: 0.6840248377081569 	Best Valid Acc: 0.716765
Epoch: 189 	Training Cost: 8360.507054	 Valid Acc: 0.6844482077335591 	Best Valid Acc: 0.716765
Epoch: 190 	Training Cost: 8359.376766	 Valid Acc: 0.6824724809483489 	Best Valid Acc: 0.716765
Epoch: 191 	Training Cost: 8356.938643	 Valid Acc: 0.6827547276319503 	Best Valid Acc: 0.716765
Epoch: 192 	Training Cost: 8353.437769	 Valid Acc: 0.6852949477843635 	Best Valid Acc: 0.716765
Epoch: 193 	Training Cost: 8347.722170	 Valid Acc: 0.682895850973751 	Best Valid Acc: 0.716765
Epoch: 194 	Training Cost: 8343.008355	 Valid Acc: 0.6845893310753599 	Best Valid Acc: 0.716765
Epoch: 195 	Training Cost: 8337.981438	 Valid Acc: 0.6821902342647473 	Best Valid Acc: 0.716765
Epoch: 196 	Training Cost: 8335.686061	 Valid Acc: 0.6823313576065482 	Best Valid Acc: 0.716765
Epoch: 197 	Training Cost: 8333.255977	 Valid Acc: 0.6840248377081569 	Best Valid Acc: 0.716765
Epoch: 198 	Training Cost: 8327.709894	 Valid Acc: 0.6804967541631386 	Best Valid Acc: 0.716765
Epoch: 199 	Training Cost: 8321.742233	 Valid Acc: 0.6831780976573525 	Best Valid Acc: 0.716765
Epoch: 200 	Training Cost: 8316.087438	 Valid Acc: 0.6827547276319503 	Best Valid Acc: 0.716765
lr=3e-05, lamb=0.001, num_epoch=200, test_acc=0.6804967541631386
----------------------------------------------------------
lr=3e-05, lamb=0, best_valid_acc=([12959.7388702631, 11591.539749264717, 11432.299070835114, 11362.085801243782, 11285.950346887112, 11162.054175794125, 11017.805531024933, 10864.811602711678, 10669.523739159107, 10468.58974903822, 10315.319605112076, 10205.431419938803, 10123.469240307808, 10058.64798539877, 10003.913509070873, 9955.575223863125, 9911.875001996756, 9871.211094796658, 9833.4591691643, 9798.792500466108, 9766.940524101257, 9737.964289084077, 9710.827112719417, 9684.49878910929, 9659.080607630312, 9632.130275055766, 9604.895562782884, 9575.858932416886, 9544.330252178013, 9512.49545833841, 9480.378289744258, 9453.616249810904, 9427.91393943131, 9401.554864633828, 9377.84299993515, 9358.313199605793, 9331.078028837219, 9307.392493929714, 9283.6554537341, 9255.467588257045, 9229.557349588722, 9206.007216906175, 9180.90709066391, 9151.377584492788, 9129.749515231699, 9105.246791971847, 9077.03050668165, 9054.60057342425, 9030.990336151794, 9007.289335303009, 8987.054060997441, 8962.745764406398, 8936.829929023981, 8915.577293436974, 8895.508764778264, 8873.41294404678, 8850.754825530574, 8829.973109635524, 8808.262722370215, 8785.47036457248, 8765.679209934548, 8745.653374784626, 8721.179674533196, 8701.574469049461, 8681.438124548644, 8660.942471746355, 8640.245374999009, 8617.3421356529, 8596.376734182239, 8577.291349148378, 8552.718653481454, 8534.06795008853, 8510.358964549378, 8490.25857840851, 8470.608584969305, 8443.711739952676, 8424.060810934752, 8402.560932002962, 8379.44862494152, 8354.454760208726, 8329.677786459215, 8304.607976733707, 8276.983555823565, 8249.81435254775, 8218.764996575192, 8184.789627284743, 8151.514491173439, 8112.587528256699, 8072.180191963911, 8038.5483690025285, 7999.95336598251, 7958.988629855216, 7922.484864003025, 7891.269569431432, 7852.99354894273, 7821.4817504487, 7788.940618213266, 7758.6564059713855, 7722.962659880519, 7696.148222345859, 7665.517409374937, 7638.9502778258175, 7606.658602340147, 7575.820495100692, 7550.540890939534, 7520.3046934301965, 7491.053766507655, 7467.489741038531, 7439.301646152511, 7414.323491952382, 7378.702377579175, 7358.347761481069, 7335.855137839913, 7294.724463065155, 7274.762147959322, 7250.921867565252, 7223.148920116946, 7195.574369199574, 7170.511502422392, 7144.31404640805, 7120.653328387998, 7096.718643576838, 7063.8034980921075, 7039.573701268062, 7019.260702125728, 6990.386611984577, 6964.2067813510075, 6936.305129248183, 6913.680483336095, 6881.045575487427, 6859.992940000258, 6825.411773855332, 6806.917999634985, 6778.115480972454, 6750.56417615572, 6721.17610339541, 6703.979484366719, 6673.542181839701, 6641.128806623165, 6605.112767684041, 6594.579854481388, 6555.590782030486, 6531.36130865314, 6496.318667945452, 6472.996566844871, 6450.057221500087, 6418.142247265554, 6388.647861553007, 6368.815066240029, 6343.62412342336, 6309.307427962311, 6279.403884713654, 6265.599667146045, 6229.60303960694, 6205.607330861676, 6176.083310316782, 6151.879703240469, 6124.689553325996, 6097.117810156255, 6063.321833701833, 6046.4646506196, 6024.2254263586365, 5994.788966293505, 5971.208824718793, 5935.682281925168, 5910.898181846467, 5894.194295710331, 5864.056907520353, 5845.36144779731, 5815.354285840178, 5783.022286186977, 5766.526346037543, 5742.210669405671, 5716.368564855366, 5684.609590578591, 5668.079752492413, 5640.569350644655, 5617.500346099077, 5596.014859857714, 5568.280264817797, 5550.681393448929, 5525.6985226288525, 5496.140177500791, 5477.224397858357, 5456.622971060322, 5425.782592026211, 5407.2983449207895, 5386.063829064653, 5355.125649637081, 5338.609849105866, 5308.069581449385, 5295.134013162071, 5276.447404951432, 5250.42938456461, 5219.4419472584195, 5207.442992151249, 5171.651636030292, 5157.277385336865, 5146.5210282586, 5107.859347515665], [0.6689246401354784, 0.6810612475303415, 0.6831780976573525, 0.6836014676827548, 0.6836014676827548, 0.6845893310753599, 0.6875529212531752, 0.6965848151284222, 0.7012418854078465, 0.7037821055602597, 0.7058989556872707, 0.7071690657634773, 0.7068868190798758, 0.7061812023708721, 0.7081569291560824, 0.7115438893593, 0.7122495060683037, 0.713096246119108, 0.714225232853514, 0.7147897262207169, 0.7150719729043183, 0.7150719729043183, 0.7154953429297206, 0.7162009596387242, 0.7169065763477279, 0.715777589613322, 0.7156364662715213, 0.7166243296641265, 0.7162009596387242, 0.7153542195879199, 0.7150719729043183, 0.713660739486311, 0.7135196161445103, 0.7125317527519052, 0.7132373694609089, 0.713660739486311, 0.7126728760937059, 0.7138018628281118, 0.7106971493084956, 0.7098504092576913, 0.7102737792830934, 0.7104149026248942, 0.7097092859158904, 0.7092859158904883, 0.7084391758396839, 0.7085802991814846, 0.7071690657634773, 0.7071690657634773, 0.7049110922946655, 0.7060400790290714, 0.7071690657634773, 0.7047699689528648, 0.7043465989274627, 0.7053344623200677, 0.7040643522438611, 0.7027942421676545, 0.7029353655094552, 0.7023708721422524, 0.7039232289020604, 0.7025119954840531, 0.7046288456110641, 0.7037821055602597, 0.7040643522438611, 0.7050522156364663, 0.7029353655094552, 0.7033587355348575, 0.7019475021168501, 0.7043465989274627, 0.7006773920406435, 0.7026531188258538, 0.7029353655094552, 0.7009596387242449, 0.7013830087496472, 0.7009596387242449, 0.6981371718882303, 0.7001128986734406, 0.7013830087496472, 0.6981371718882303, 0.7005362686988428, 0.6985605419136325, 0.6979960485464296, 0.7015241320914479, 0.69616144510302, 0.6985605419136325, 0.6975726785210273, 0.7011007620660458, 0.696725938470223, 0.6998306519898391, 0.6965848151284222, 0.6970081851538245, 0.6977138018628282, 0.6960203217612193, 0.6955969517358171, 0.6943268416596104, 0.6927744848998024, 0.6931978549252046, 0.6907987581145921, 0.6912221281399944, 0.6907987581145921, 0.6906576347727914, 0.6907987581145921, 0.6920688681907987, 0.6923511148744003, 0.692492238216201, 0.6913632514817951, 0.692492238216201, 0.6906576347727914, 0.6910810047981937, 0.6891052780129834, 0.694609088343212, 0.6883996613039797, 0.6915043748235958, 0.69037538808919, 0.6899520180637877, 0.6900931414055885, 0.6871295512277731, 0.6899520180637877, 0.6861416878351679, 0.687694044594976, 0.6872706745695738, 0.6865650578605701, 0.683460344340954, 0.6855771944679651, 0.6841659610499576, 0.6833192209991532, 0.6838837143663562, 0.6840248377081569, 0.6821902342647473, 0.6833192209991532, 0.6840248377081569, 0.681343494213943, 0.6802145074795372, 0.6820491109229466, 0.677109793959921, 0.6799322607959356, 0.676545300592718, 0.6768275472763196, 0.6766864239345187, 0.676545300592718, 0.6778154106689246, 0.6762630539091166, 0.6754163138583121, 0.674428450465707, 0.6740050804403048, 0.6732994637313011, 0.6735817104149027, 0.6737228337567034, 0.672311600338696, 0.6745695738075078, 0.6732994637313011, 0.6752751905165114, 0.6721704769968952, 0.6735817104149027, 0.6741462037821055, 0.6745695738075078, 0.6732994637313011, 0.6735817104149027, 0.6721704769968952, 0.6730172170476997, 0.6752751905165114, 0.6714648602878917, 0.6768275472763196, 0.6720293536550945, 0.6735817104149027, 0.6685012701100762, 0.6745695738075078, 0.6721704769968952, 0.6714648602878917, 0.6758396838837144, 0.6711826136042901, 0.6734405870731018, 0.6703358735534858, 0.6714648602878917, 0.6694891335026814, 0.6710414902624894, 0.6685012701100762, 0.6713237369460909, 0.6694891335026814, 0.6700536268698842, 0.6711826136042901, 0.6689246401354784, 0.6711826136042901, 0.6692068868190799, 0.6701947502116851, 0.6685012701100762, 0.6706181202370872, 0.6682190234264748, 0.6693480101608806, 0.6676545300592718, 0.6672311600338696, 0.6676545300592718, 0.6672311600338696, 0.6675134067174711, 0.668077900084674, 0.6672311600338696, 0.6676545300592718, 0.6690657634772792, 0.6679367767428732, 0.6699125035280835, 0.6670900366920689])
lr=3e-05, lamb=0.0001, best_valid_acc=([13006.727826237679, 11606.291536092758, 11458.026399731636, 11390.809985876083, 11320.025579333305, 11210.452516674995, 11079.134361028671, 10928.092648088932, 10703.189856469631, 10479.332645952702, 10328.29064321518, 10225.035741597414, 10148.430112659931, 10088.617535054684, 10039.128348231316, 9996.544869065285, 9958.619265049696, 9923.764737516642, 9890.989791840315, 9859.578202366829, 9829.751156702638, 9801.72133499384, 9775.255279809237, 9749.587287783623, 9723.763284772635, 9696.831379160285, 9667.317549288273, 9634.280707582831, 9600.599213398993, 9571.423264913261, 9545.16729362309, 9521.761830121279, 9499.643155150115, 9473.944273300469, 9453.279411531985, 9432.350080162287, 9406.147852145135, 9382.463421829045, 9359.212137810886, 9333.206633090973, 9307.421687856317, 9286.661901652813, 9259.999859839678, 9237.969165459275, 9214.46976903081, 9195.011672750115, 9174.554895784706, 9153.238371998072, 9132.10548934713, 9114.528267581016, 9095.550926677883, 9080.699769347906, 9060.82185088098, 9044.696010854095, 9026.426030158997, 9008.521923042834, 8993.633975736797, 8975.240857742727, 8957.435965441167, 8940.520504426211, 8923.821625262499, 8904.291939586401, 8889.077318049967, 8878.340433180332, 8855.374501004815, 8836.60489808768, 8820.44012434408, 8806.661412715912, 8790.901470795274, 8770.19200597331, 8754.058692175895, 8737.479963593185, 8721.115217521787, 8703.404589816928, 8685.144531264901, 8673.941913150251, 8651.825201380998, 8636.941882174462, 8622.189180456102, 8603.306780990213, 8585.005898643285, 8571.08666152507, 8554.41515294835, 8539.970103967935, 8524.998708322644, 8507.334860570729, 8496.555825389922, 8476.136111922562, 8460.356674820185, 8444.738311927766, 8433.776041287929, 8419.552424758673, 8403.230041086674, 8392.159034769982, 8377.260125335306, 8361.588007934391, 8348.871542122215, 8334.035478919744, 8321.434966918081, 8305.96260068193, 8293.607662823051, 8286.350206363946, 8271.804609637707, 8255.374026194215, 8242.326502811164, 8230.051717150956, 8222.623772647232, 8207.482534430921, 8191.128079865128, 8183.505113258958, 8171.900867477059, 8159.146150670946, 8147.18150191009, 8134.187038648874, 8123.393243514001, 8111.639569785446, 8096.145842388272, 8092.3616539128125, 8078.585892282426, 8062.188959099352, 8053.4754254594445, 8039.570722404867, 8026.5055980198085, 8016.156774703413, 8003.790456499904, 7990.573098897934, 7978.712624900043, 7962.585581522435, 7954.938461370766, 7947.779505781829, 7924.514504365623, 7911.361809208989, 7903.568729180843, 7888.92369017005, 7870.108688928187, 7862.003167692572, 7849.292405623943, 7831.752864599228, 7822.174652848393, 7805.0006937123835, 7787.587891224772, 7777.339172050357, 7757.728789284825, 7741.231107819825, 7722.625170767307, 7702.6796022467315, 7690.0873220562935, 7675.785625364631, 7654.355408325791, 7630.186274599284, 7621.554243043065, 7591.438708823174, 7575.302177544683, 7566.499273478985, 7537.63680427894, 7522.888507176191, 7509.360150475055, 7488.71445544064, 7463.378213468939, 7451.550742667168, 7430.392213255167, 7407.764754898846, 7389.465527903289, 7380.135777387768, 7354.505248308182, 7339.38739208132, 7326.872898120433, 7302.4015638493, 7294.456142544746, 7272.460613287985, 7256.851448412985, 7245.280700933188, 7229.677128273994, 7216.986239999533, 7194.618189882487, 7174.927832785994, 7162.728848591447, 7160.362634114921, 7127.222953312099, 7115.784516118467, 7112.55399974063, 7083.5041070617735, 7066.722495827824, 7065.691264592111, 7043.57912806049, 7026.786334592849, 7011.5399720184505, 7005.198893271387, 6985.981281276792, 6974.506694626063, 6956.807705618441, 6940.960399903357, 6935.040734820068, 6920.529608625919, 6911.29197409004, 6886.418647639453, 6876.648611325771, 6869.0528782866895, 6867.753041829914, 6840.067258384079], [0.6724527236804968, 0.6796500141123342, 0.6802145074795372, 0.6809201241885408, 0.6790855207451313, 0.68077900084674, 0.6844482077335591, 0.6957380750776179, 0.7025119954840531, 0.703076488851256, 0.7050522156364663, 0.7085802991814846, 0.7082980524978831, 0.7098504092576913, 0.7108382726502963, 0.7125317527519052, 0.7128139994355066, 0.713096246119108, 0.7135196161445103, 0.7139429861699125, 0.7132373694609089, 0.7143663561953147, 0.7153542195879199, 0.7166243296641265, 0.7159187129551228, 0.714225232853514, 0.7146486028789162, 0.7135196161445103, 0.7133784928027096, 0.7143663561953147, 0.7132373694609089, 0.7122495060683037, 0.7119672593847022, 0.7106971493084956, 0.7116850127011007, 0.709427039232289, 0.7098504092576913, 0.7095681625740897, 0.7080158058142817, 0.7097092859158904, 0.7085802991814846, 0.7082980524978831, 0.7074513124470787, 0.7060400790290714, 0.7050522156364663, 0.7054755856618685, 0.7034998588766582, 0.705193338978267, 0.7046288456110641, 0.7022297488004516, 0.7036409822184589, 0.7011007620660458, 0.7033587355348575, 0.7033587355348575, 0.7029353655094552, 0.7033587355348575, 0.7029353655094552, 0.7037821055602597, 0.7054755856618685, 0.7016652554332486, 0.7026531188258538, 0.7049110922946655, 0.7037821055602597, 0.7046288456110641, 0.7053344623200677, 0.7054755856618685, 0.7040643522438611, 0.7023708721422524, 0.7043465989274627, 0.7037821055602597, 0.7040643522438611, 0.7047699689528648, 0.7023708721422524, 0.7043465989274627, 0.6996895286480384, 0.7026531188258538, 0.6999717753316399, 0.7006773920406435, 0.6998306519898391, 0.6992661586226362, 0.6992661586226362, 0.6977138018628282, 0.6955969517358171, 0.694609088343212, 0.694609088343212, 0.6933389782670054, 0.691927744848998, 0.6920688681907987, 0.6931978549252046, 0.6933389782670054, 0.6896697713801863, 0.6926333615580017, 0.6871295512277731, 0.6920688681907987, 0.6869884278859724, 0.6910810047981937, 0.6878351679367768, 0.6896697713801863, 0.6892464013547841, 0.6902342647473892, 0.6860005644933672, 0.6899520180637877, 0.6854360711261642, 0.6900931414055885, 0.6867061812023709, 0.6857183178097658, 0.6875529212531752, 0.6885407846457804, 0.6860005644933672, 0.687694044594976, 0.6858594411515665, 0.6860005644933672, 0.6851538244425628, 0.6857183178097658, 0.6867061812023709, 0.6831780976573525, 0.6838837143663562, 0.6826136042901496, 0.6850127011007621, 0.6809201241885408, 0.6836014676827548, 0.6823313576065482, 0.6827547276319503, 0.6812023708721423, 0.6809201241885408, 0.6831780976573525, 0.6810612475303415, 0.6833192209991532, 0.6812023708721423, 0.6804967541631386, 0.679226644086932, 0.6830369743155518, 0.6789443974033305, 0.6823313576065482, 0.6783799040361276, 0.6803556308213379, 0.6775331639853232, 0.6800733841377364, 0.6740050804403048, 0.6796500141123342, 0.6752751905165114, 0.6778154106689246, 0.6776742873271239, 0.6762630539091166, 0.6755574372001129, 0.6775331639853232, 0.67499294383291, 0.6762630539091166, 0.6782387806943269, 0.6755574372001129, 0.6769686706181203, 0.6773920406435224, 0.6755574372001129, 0.6759808072255151, 0.6732994637313011, 0.6785210273779283, 0.6738639570985041, 0.6754163138583121, 0.6731583403895004, 0.6738639570985041, 0.672876093705899, 0.6737228337567034, 0.6738639570985041, 0.6721704769968952, 0.672876093705899, 0.6711826136042901, 0.6721704769968952, 0.6710414902624894, 0.6709003669206887, 0.672311600338696, 0.6742873271239063, 0.6710414902624894, 0.6735817104149027, 0.6741462037821055, 0.6714648602878917, 0.6716059836296924, 0.6699125035280835, 0.6745695738075078, 0.6693480101608806, 0.6703358735534858, 0.6683601467682755, 0.6714648602878917, 0.6690657634772792, 0.6692068868190799, 0.6690657634772792, 0.6673722833756703, 0.6666666666666666, 0.6683601467682755, 0.6699125035280835, 0.6686423934518769, 0.6673722833756703, 0.6709003669206887, 0.6685012701100762, 0.6682190234264748, 0.6697713801862828, 0.6693480101608806, 0.6676545300592718, 0.6686423934518769, 0.6703358735534858, 0.665961049957663])
lr=3e-05, lamb=0.001, best_valid_acc=([13295.887986421585, 11797.045871257782, 11628.011853933334, 11552.874680578709, 11482.517999947071, 11389.744478166103, 11272.326492547989, 11146.546729803085, 10976.200281143188, 10751.620880365372, 10567.821067750454, 10447.016106545925, 10363.065753877163, 10300.208533465862, 10251.415388464928, 10212.015855759382, 10179.103186368942, 10150.515530109406, 10124.823765397072, 10101.274251788855, 10079.221219569445, 10058.526632487774, 10038.944949388504, 10020.222445935011, 10002.260967582464, 9985.13736911118, 9968.921243160963, 9953.696804836392, 9939.134573429823, 9925.632660970092, 9912.87374585867, 9901.113908976316, 9889.880887687206, 9880.520779162645, 9872.207637488842, 9864.309435352683, 9854.572567462921, 9846.94865295291, 9836.172428533435, 9827.452946648002, 9819.867234438658, 9807.487488895655, 9795.224655300379, 9782.302657559514, 9767.111323565245, 9748.28412821889, 9728.4513091892, 9707.867771416903, 9687.421980381012, 9670.68341910839, 9651.99250087142, 9635.775737971067, 9620.19090898335, 9601.093319833279, 9585.983317643404, 9565.052937030792, 9546.871145233512, 9526.80773602426, 9503.806441962719, 9485.801753103733, 9465.25460460782, 9445.10876223445, 9424.752166584134, 9406.519172891974, 9386.331407636404, 9369.51204302907, 9352.29907552898, 9335.005761414766, 9320.830627262592, 9304.31454886496, 9289.818534314632, 9274.428034752607, 9262.514902859926, 9247.5513753891, 9235.255101114511, 9220.839142873883, 9209.150524154305, 9196.450208976865, 9183.396401748061, 9170.639617055655, 9158.92808380723, 9147.605577677488, 9137.464285731316, 9125.497959136963, 9114.696478873491, 9102.197170779109, 9093.994273245335, 9083.723455175757, 9069.911668479443, 9059.95105278492, 9049.976426109672, 9040.194487810135, 9031.05042360723, 9020.933482214808, 9013.09117910266, 9002.07959496975, 8992.079462081194, 8980.059402346611, 8971.997457385063, 8962.208050951362, 8954.634655669332, 8941.53238144517, 8936.684091612697, 8927.717271983624, 8915.881491139531, 8905.739928200841, 8899.813309967518, 8885.841289028525, 8878.067020878196, 8871.934603437781, 8859.957046687603, 8850.532905340195, 8846.713017567992, 8834.561156496406, 8825.851129978895, 8817.391108736396, 8807.919403463602, 8796.024683400989, 8792.67872351408, 8783.643440634012, 8775.097136825323, 8762.479224428535, 8755.958359792829, 8751.240144729614, 8743.062479063869, 8732.41481128335, 8726.651537165046, 8716.855500772595, 8710.561231642962, 8700.26416386664, 8697.354407295585, 8685.749281570315, 8675.473143801093, 8670.804758667946, 8667.476189821959, 8656.075282633305, 8651.280146032572, 8644.079754590988, 8637.189098060131, 8626.272511795163, 8625.863911092281, 8619.100292161107, 8608.23125308752, 8603.842604383826, 8597.480341643095, 8589.961518585682, 8584.796235695481, 8575.620967954397, 8577.138474076986, 8569.053790971637, 8555.3525441885, 8557.543293267488, 8549.681549698114, 8538.860306069255, 8535.549892678857, 8530.608760356903, 8524.341350227594, 8517.224710583687, 8511.755311340094, 8507.221999078989, 8501.559575498104, 8498.179771989584, 8491.002893164754, 8484.990023508668, 8483.550496980548, 8470.993810400367, 8467.777612417936, 8468.726734742522, 8457.168203949928, 8453.823023796082, 8451.053734853864, 8441.31573009491, 8437.150343433022, 8433.605301961303, 8426.615958705544, 8422.12619394064, 8420.391060009599, 8411.659025609493, 8411.758545696735, 8405.598868981004, 8399.764972299337, 8394.528246417642, 8392.230228796601, 8388.807941928506, 8382.358660906553, 8374.935970842838, 8374.761894211173, 8370.414368107915, 8360.507054314017, 8359.376765683293, 8356.938643172383, 8353.4377694875, 8347.72217027843, 8343.008355408907, 8337.981437936425, 8335.686060726643, 8333.25597730279, 8327.7098942101, 8321.742233112454, 8316.087437808514], [0.6789443974033305, 0.6824724809483489, 0.6836014676827548, 0.6854360711261642, 0.6858594411515665, 0.6826136042901496, 0.6843070843917584, 0.6913632514817951, 0.6999717753316399, 0.7034998588766582, 0.7068868190798758, 0.7077335591306803, 0.7082980524978831, 0.7084391758396839, 0.7091447925486876, 0.7109793959920971, 0.7132373694609089, 0.7146486028789162, 0.714225232853514, 0.7146486028789162, 0.7153542195879199, 0.7143663561953147, 0.7147897262207169, 0.7146486028789162, 0.7139429861699125, 0.7149308495625176, 0.7156364662715213, 0.7153542195879199, 0.715777589613322, 0.715777589613322, 0.7159187129551228, 0.7166243296641265, 0.7150719729043183, 0.7164832063223258, 0.7152130962461191, 0.7167654530059272, 0.7154953429297206, 0.7166243296641265, 0.7133784928027096, 0.7162009596387242, 0.7138018628281118, 0.7139429861699125, 0.7133784928027096, 0.7143663561953147, 0.7126728760937059, 0.7145074795371155, 0.7126728760937059, 0.713096246119108, 0.7126728760937059, 0.7119672593847022, 0.7125317527519052, 0.712108382726503, 0.7129551227773073, 0.712108382726503, 0.7135196161445103, 0.7129551227773073, 0.7132373694609089, 0.712108382726503, 0.709991532599492, 0.7101326559412927, 0.709991532599492, 0.7106971493084956, 0.7087214225232854, 0.7087214225232854, 0.7071690657634773, 0.7097092859158904, 0.7066045723962744, 0.7061812023708721, 0.7085802991814846, 0.705193338978267, 0.7054755856618685, 0.7053344623200677, 0.7042054755856618, 0.7046288456110641, 0.7066045723962744, 0.7044877222692634, 0.70575783234547, 0.7050522156364663, 0.7043465989274627, 0.7044877222692634, 0.7029353655094552, 0.7027942421676545, 0.7018063787750494, 0.7032176121930568, 0.7026531188258538, 0.7039232289020604, 0.7003951453570421, 0.7026531188258538, 0.7026531188258538, 0.7009596387242449, 0.7003951453570421, 0.7023708721422524, 0.7006773920406435, 0.7013830087496472, 0.7023708721422524, 0.6999717753316399, 0.7013830087496472, 0.7009596387242449, 0.698842788597234, 0.698842788597234, 0.7020886254586508, 0.69616144510302, 0.6992661586226362, 0.6996895286480384, 0.6992661586226362, 0.6989839119390348, 0.7006773920406435, 0.6968670618120237, 0.7011007620660458, 0.6977138018628282, 0.6979960485464296, 0.6987016652554332, 0.6987016652554332, 0.6985605419136325, 0.696725938470223, 0.6994072819644369, 0.6970081851538245, 0.6975726785210273, 0.6950324583686142, 0.696725938470223, 0.6974315551792266, 0.6978549252046289, 0.6930567315834039, 0.696725938470223, 0.6957380750776179, 0.6972904318374259, 0.6937623482924076, 0.6937623482924076, 0.6951735817104149, 0.6953147050522156, 0.6960203217612193, 0.6944679650014113, 0.6934801016088061, 0.6936212249506069, 0.6954558283940163, 0.6944679650014113, 0.6929156082416031, 0.6951735817104149, 0.6930567315834039, 0.6939034716342083, 0.692492238216201, 0.6936212249506069, 0.6907987581145921, 0.6934801016088061, 0.6934801016088061, 0.6930567315834039, 0.6934801016088061, 0.6922099915325995, 0.6913632514817951, 0.6883996613039797, 0.6920688681907987, 0.6893875246965848, 0.6910810047981937, 0.6915043748235958, 0.6892464013547841, 0.6912221281399944, 0.6893875246965848, 0.6899520180637877, 0.6893875246965848, 0.6906576347727914, 0.6902342647473892, 0.6867061812023709, 0.688258537962179, 0.6891052780129834, 0.6865650578605701, 0.6883996613039797, 0.6875529212531752, 0.6871295512277731, 0.6888230313293818, 0.6848715777589613, 0.6875529212531752, 0.6861416878351679, 0.6868473045441716, 0.6886819079875811, 0.6840248377081569, 0.6852949477843635, 0.6861416878351679, 0.6843070843917584, 0.6850127011007621, 0.6840248377081569, 0.6855771944679651, 0.6852949477843635, 0.6871295512277731, 0.6847304544171606, 0.6844482077335591, 0.6838837143663562, 0.6865650578605701, 0.6840248377081569, 0.6844482077335591, 0.6824724809483489, 0.6827547276319503, 0.6852949477843635, 0.682895850973751, 0.6845893310753599, 0.6821902342647473, 0.6823313576065482, 0.6840248377081569, 0.6804967541631386, 0.6831780976573525, 0.6827547276319503])
