nn9.py, same as nn7.py, but add gender/age info
Tuning process for lr=1e-05
----------------------------------------------------------
lr=1e-05, lamb=0, num_epoch=200
Epoch: 1 	Training Cost: 13889.314670	 Valid Acc: 0.6255997742026531 	Best Valid Acc: 0.625600
Epoch: 2 	Training Cost: 12816.799063	 Valid Acc: 0.6679367767428732 	Best Valid Acc: 0.667937
Epoch: 3 	Training Cost: 11966.295659	 Valid Acc: 0.6766864239345187 	Best Valid Acc: 0.676686
Epoch: 4 	Training Cost: 11674.345769	 Valid Acc: 0.6793677674287327 	Best Valid Acc: 0.679368
Epoch: 5 	Training Cost: 11549.683989	 Valid Acc: 0.6803556308213379 	Best Valid Acc: 0.680356
Epoch: 6 	Training Cost: 11481.478107	 Valid Acc: 0.6823313576065482 	Best Valid Acc: 0.682331
Epoch: 7 	Training Cost: 11439.819278	 Valid Acc: 0.6824724809483489 	Best Valid Acc: 0.682472
Epoch: 8 	Training Cost: 11412.340453	 Valid Acc: 0.6817668642393452 	Best Valid Acc: 0.682472
Epoch: 9 	Training Cost: 11392.689274	 Valid Acc: 0.6826136042901496 	Best Valid Acc: 0.682614
Epoch: 10 	Training Cost: 11377.205289	 Valid Acc: 0.6823313576065482 	Best Valid Acc: 0.682614
Epoch: 11 	Training Cost: 11363.758320	 Valid Acc: 0.6830369743155518 	Best Valid Acc: 0.683037
Epoch: 12 	Training Cost: 11350.576846	 Valid Acc: 0.6837425910245555 	Best Valid Acc: 0.683743
Epoch: 13 	Training Cost: 11336.157353	 Valid Acc: 0.6840248377081569 	Best Valid Acc: 0.684025
Epoch: 14 	Training Cost: 11318.707856	 Valid Acc: 0.6845893310753599 	Best Valid Acc: 0.684589
Epoch: 15 	Training Cost: 11295.811665	 Valid Acc: 0.6843070843917584 	Best Valid Acc: 0.684589
Epoch: 16 	Training Cost: 11263.632182	 Valid Acc: 0.6838837143663562 	Best Valid Acc: 0.684589
Epoch: 17 	Training Cost: 11220.271251	 Valid Acc: 0.6840248377081569 	Best Valid Acc: 0.684589
Epoch: 18 	Training Cost: 11163.777334	 Valid Acc: 0.6837425910245555 	Best Valid Acc: 0.684589
Epoch: 19 	Training Cost: 11100.039495	 Valid Acc: 0.6838837143663562 	Best Valid Acc: 0.684589
Epoch: 20 	Training Cost: 11033.789833	 Valid Acc: 0.6861416878351679 	Best Valid Acc: 0.686142
Epoch: 21 	Training Cost: 10966.311552	 Valid Acc: 0.6892464013547841 	Best Valid Acc: 0.689246
Epoch: 22 	Training Cost: 10897.393448	 Valid Acc: 0.6910810047981937 	Best Valid Acc: 0.691081
Epoch: 23 	Training Cost: 10826.925949	 Valid Acc: 0.694609088343212 	Best Valid Acc: 0.694609
Epoch: 24 	Training Cost: 10755.083838	 Valid Acc: 0.6964436917866215 	Best Valid Acc: 0.696444
Epoch: 25 	Training Cost: 10682.384027	 Valid Acc: 0.6985605419136325 	Best Valid Acc: 0.698561
Epoch: 26 	Training Cost: 10611.865749	 Valid Acc: 0.6998306519898391 	Best Valid Acc: 0.699831
Epoch: 27 	Training Cost: 10545.671391	 Valid Acc: 0.7001128986734406 	Best Valid Acc: 0.700113
Epoch: 28 	Training Cost: 10484.584442	 Valid Acc: 0.7001128986734406 	Best Valid Acc: 0.700113
Epoch: 29 	Training Cost: 10429.095895	 Valid Acc: 0.7011007620660458 	Best Valid Acc: 0.701101
Epoch: 30 	Training Cost: 10378.588323	 Valid Acc: 0.703076488851256 	Best Valid Acc: 0.703076
Epoch: 31 	Training Cost: 10332.470153	 Valid Acc: 0.7047699689528648 	Best Valid Acc: 0.704770
Epoch: 32 	Training Cost: 10290.455867	 Valid Acc: 0.7054755856618685 	Best Valid Acc: 0.705476
Epoch: 33 	Training Cost: 10251.967016	 Valid Acc: 0.7044877222692634 	Best Valid Acc: 0.705476
Epoch: 34 	Training Cost: 10216.676930	 Valid Acc: 0.7044877222692634 	Best Valid Acc: 0.705476
Epoch: 35 	Training Cost: 10184.176753	 Valid Acc: 0.7064634490544736 	Best Valid Acc: 0.706463
Epoch: 36 	Training Cost: 10154.096907	 Valid Acc: 0.7063223257126728 	Best Valid Acc: 0.706463
Epoch: 37 	Training Cost: 10126.089300	 Valid Acc: 0.7063223257126728 	Best Valid Acc: 0.706463
Epoch: 38 	Training Cost: 10100.124911	 Valid Acc: 0.7060400790290714 	Best Valid Acc: 0.706463
Epoch: 39 	Training Cost: 10075.911234	 Valid Acc: 0.7080158058142817 	Best Valid Acc: 0.708016
Epoch: 40 	Training Cost: 10053.374514	 Valid Acc: 0.707310189105278 	Best Valid Acc: 0.708016
Epoch: 41 	Training Cost: 10032.307877	 Valid Acc: 0.7071690657634773 	Best Valid Acc: 0.708016
Epoch: 42 	Training Cost: 10012.545863	 Valid Acc: 0.707874682472481 	Best Valid Acc: 0.708016
Epoch: 43 	Training Cost: 9993.892918	 Valid Acc: 0.7090036692068868 	Best Valid Acc: 0.709004
Epoch: 44 	Training Cost: 9976.301491	 Valid Acc: 0.7084391758396839 	Best Valid Acc: 0.709004
Epoch: 45 	Training Cost: 9959.504767	 Valid Acc: 0.7095681625740897 	Best Valid Acc: 0.709568
Epoch: 46 	Training Cost: 9943.488441	 Valid Acc: 0.7105560259666949 	Best Valid Acc: 0.710556
Epoch: 47 	Training Cost: 9928.169812	 Valid Acc: 0.7104149026248942 	Best Valid Acc: 0.710556
Epoch: 48 	Training Cost: 9913.370140	 Valid Acc: 0.7116850127011007 	Best Valid Acc: 0.711685
Epoch: 49 	Training Cost: 9899.100746	 Valid Acc: 0.712108382726503 	Best Valid Acc: 0.712108
Epoch: 50 	Training Cost: 9885.293498	 Valid Acc: 0.7129551227773073 	Best Valid Acc: 0.712955
Epoch: 51 	Training Cost: 9871.945573	 Valid Acc: 0.7138018628281118 	Best Valid Acc: 0.713802
Epoch: 52 	Training Cost: 9859.051928	 Valid Acc: 0.714225232853514 	Best Valid Acc: 0.714225
Epoch: 53 	Training Cost: 9846.626819	 Valid Acc: 0.7143663561953147 	Best Valid Acc: 0.714366
Epoch: 54 	Training Cost: 9834.569259	 Valid Acc: 0.7139429861699125 	Best Valid Acc: 0.714366
Epoch: 55 	Training Cost: 9822.957436	 Valid Acc: 0.7140841095117132 	Best Valid Acc: 0.714366
Epoch: 56 	Training Cost: 9811.720240	 Valid Acc: 0.7143663561953147 	Best Valid Acc: 0.714366
Epoch: 57 	Training Cost: 9800.843988	 Valid Acc: 0.7143663561953147 	Best Valid Acc: 0.714366
Epoch: 58 	Training Cost: 9790.298875	 Valid Acc: 0.7147897262207169 	Best Valid Acc: 0.714790
Epoch: 59 	Training Cost: 9779.964212	 Valid Acc: 0.7149308495625176 	Best Valid Acc: 0.714931
Epoch: 60 	Training Cost: 9769.890376	 Valid Acc: 0.7156364662715213 	Best Valid Acc: 0.715636
Epoch: 61 	Training Cost: 9760.045174	 Valid Acc: 0.7152130962461191 	Best Valid Acc: 0.715636
Epoch: 62 	Training Cost: 9750.449874	 Valid Acc: 0.7156364662715213 	Best Valid Acc: 0.715636
Epoch: 63 	Training Cost: 9741.076203	 Valid Acc: 0.7156364662715213 	Best Valid Acc: 0.715636
Epoch: 64 	Training Cost: 9731.997869	 Valid Acc: 0.7149308495625176 	Best Valid Acc: 0.715636
Epoch: 65 	Training Cost: 9723.139018	 Valid Acc: 0.7150719729043183 	Best Valid Acc: 0.715636
Epoch: 66 	Training Cost: 9714.609054	 Valid Acc: 0.7147897262207169 	Best Valid Acc: 0.715636
Epoch: 67 	Training Cost: 9706.396619	 Valid Acc: 0.7149308495625176 	Best Valid Acc: 0.715636
Epoch: 68 	Training Cost: 9698.458458	 Valid Acc: 0.7150719729043183 	Best Valid Acc: 0.715636
Epoch: 69 	Training Cost: 9690.726318	 Valid Acc: 0.7154953429297206 	Best Valid Acc: 0.715636
Epoch: 70 	Training Cost: 9683.306498	 Valid Acc: 0.7156364662715213 	Best Valid Acc: 0.715636
Epoch: 71 	Training Cost: 9676.114851	 Valid Acc: 0.7145074795371155 	Best Valid Acc: 0.715636
Epoch: 72 	Training Cost: 9669.249239	 Valid Acc: 0.7149308495625176 	Best Valid Acc: 0.715636
Epoch: 73 	Training Cost: 9662.568282	 Valid Acc: 0.7149308495625176 	Best Valid Acc: 0.715636
Epoch: 74 	Training Cost: 9656.181235	 Valid Acc: 0.7150719729043183 	Best Valid Acc: 0.715636
Epoch: 75 	Training Cost: 9649.906302	 Valid Acc: 0.7145074795371155 	Best Valid Acc: 0.715636
Epoch: 76 	Training Cost: 9643.837020	 Valid Acc: 0.7146486028789162 	Best Valid Acc: 0.715636
Epoch: 77 	Training Cost: 9637.996450	 Valid Acc: 0.7135196161445103 	Best Valid Acc: 0.715636
Epoch: 78 	Training Cost: 9632.228158	 Valid Acc: 0.7138018628281118 	Best Valid Acc: 0.715636
Epoch: 79 	Training Cost: 9626.696491	 Valid Acc: 0.713660739486311 	Best Valid Acc: 0.715636
Epoch: 80 	Training Cost: 9621.375958	 Valid Acc: 0.7139429861699125 	Best Valid Acc: 0.715636
Epoch: 81 	Training Cost: 9616.111021	 Valid Acc: 0.7139429861699125 	Best Valid Acc: 0.715636
Epoch: 82 	Training Cost: 9611.224899	 Valid Acc: 0.7143663561953147 	Best Valid Acc: 0.715636
Epoch: 83 	Training Cost: 9606.471549	 Valid Acc: 0.714225232853514 	Best Valid Acc: 0.715636
Epoch: 84 	Training Cost: 9601.909666	 Valid Acc: 0.7146486028789162 	Best Valid Acc: 0.715636
Epoch: 85 	Training Cost: 9597.639677	 Valid Acc: 0.7132373694609089 	Best Valid Acc: 0.715636
Epoch: 86 	Training Cost: 9593.757843	 Valid Acc: 0.7140841095117132 	Best Valid Acc: 0.715636
Epoch: 87 	Training Cost: 9589.801092	 Valid Acc: 0.7143663561953147 	Best Valid Acc: 0.715636
Epoch: 88 	Training Cost: 9585.751664	 Valid Acc: 0.7143663561953147 	Best Valid Acc: 0.715636
Epoch: 89 	Training Cost: 9582.073370	 Valid Acc: 0.714225232853514 	Best Valid Acc: 0.715636
Epoch: 90 	Training Cost: 9578.682245	 Valid Acc: 0.714225232853514 	Best Valid Acc: 0.715636
Epoch: 91 	Training Cost: 9575.215296	 Valid Acc: 0.7135196161445103 	Best Valid Acc: 0.715636
Epoch: 92 	Training Cost: 9571.467308	 Valid Acc: 0.7146486028789162 	Best Valid Acc: 0.715636
Epoch: 93 	Training Cost: 9568.297477	 Valid Acc: 0.7138018628281118 	Best Valid Acc: 0.715636
Epoch: 94 	Training Cost: 9564.879465	 Valid Acc: 0.713660739486311 	Best Valid Acc: 0.715636
Epoch: 95 	Training Cost: 9561.424716	 Valid Acc: 0.7140841095117132 	Best Valid Acc: 0.715636
Epoch: 96 	Training Cost: 9558.713904	 Valid Acc: 0.7150719729043183 	Best Valid Acc: 0.715636
Epoch: 97 	Training Cost: 9555.376241	 Valid Acc: 0.7140841095117132 	Best Valid Acc: 0.715636
Epoch: 98 	Training Cost: 9551.684246	 Valid Acc: 0.7150719729043183 	Best Valid Acc: 0.715636
Epoch: 99 	Training Cost: 9548.213817	 Valid Acc: 0.7143663561953147 	Best Valid Acc: 0.715636
Epoch: 100 	Training Cost: 9545.370659	 Valid Acc: 0.7149308495625176 	Best Valid Acc: 0.715636
Epoch: 101 	Training Cost: 9541.748375	 Valid Acc: 0.7146486028789162 	Best Valid Acc: 0.715636
Epoch: 102 	Training Cost: 9538.202321	 Valid Acc: 0.7150719729043183 	Best Valid Acc: 0.715636
Epoch: 103 	Training Cost: 9535.022791	 Valid Acc: 0.7153542195879199 	Best Valid Acc: 0.715636
Epoch: 104 	Training Cost: 9531.451542	 Valid Acc: 0.7152130962461191 	Best Valid Acc: 0.715636
Epoch: 105 	Training Cost: 9527.551035	 Valid Acc: 0.7146486028789162 	Best Valid Acc: 0.715636
Epoch: 106 	Training Cost: 9524.174011	 Valid Acc: 0.7150719729043183 	Best Valid Acc: 0.715636
Epoch: 107 	Training Cost: 9520.662395	 Valid Acc: 0.7150719729043183 	Best Valid Acc: 0.715636
Epoch: 108 	Training Cost: 9516.931775	 Valid Acc: 0.7147897262207169 	Best Valid Acc: 0.715636
Epoch: 109 	Training Cost: 9512.821895	 Valid Acc: 0.713096246119108 	Best Valid Acc: 0.715636
Epoch: 110 	Training Cost: 9508.686356	 Valid Acc: 0.7149308495625176 	Best Valid Acc: 0.715636
Epoch: 111 	Training Cost: 9504.637509	 Valid Acc: 0.7135196161445103 	Best Valid Acc: 0.715636
Epoch: 112 	Training Cost: 9500.401132	 Valid Acc: 0.7143663561953147 	Best Valid Acc: 0.715636
Epoch: 113 	Training Cost: 9495.773870	 Valid Acc: 0.7146486028789162 	Best Valid Acc: 0.715636
Epoch: 114 	Training Cost: 9490.995481	 Valid Acc: 0.7146486028789162 	Best Valid Acc: 0.715636
Epoch: 115 	Training Cost: 9485.946976	 Valid Acc: 0.7140841095117132 	Best Valid Acc: 0.715636
Epoch: 116 	Training Cost: 9480.741230	 Valid Acc: 0.7135196161445103 	Best Valid Acc: 0.715636
Epoch: 117 	Training Cost: 9474.470102	 Valid Acc: 0.7143663561953147 	Best Valid Acc: 0.715636
Epoch: 118 	Training Cost: 9468.150442	 Valid Acc: 0.7150719729043183 	Best Valid Acc: 0.715636
Epoch: 119 	Training Cost: 9461.427707	 Valid Acc: 0.714225232853514 	Best Valid Acc: 0.715636
Epoch: 120 	Training Cost: 9452.887326	 Valid Acc: 0.7139429861699125 	Best Valid Acc: 0.715636
Epoch: 121 	Training Cost: 9444.664292	 Valid Acc: 0.7135196161445103 	Best Valid Acc: 0.715636
Epoch: 122 	Training Cost: 9434.957751	 Valid Acc: 0.713660739486311 	Best Valid Acc: 0.715636
Epoch: 123 	Training Cost: 9424.337757	 Valid Acc: 0.7138018628281118 	Best Valid Acc: 0.715636
Epoch: 124 	Training Cost: 9412.891342	 Valid Acc: 0.7139429861699125 	Best Valid Acc: 0.715636
Epoch: 125 	Training Cost: 9401.281693	 Valid Acc: 0.7123906294101044 	Best Valid Acc: 0.715636
Epoch: 126 	Training Cost: 9387.803185	 Valid Acc: 0.713096246119108 	Best Valid Acc: 0.715636
Epoch: 127 	Training Cost: 9374.661830	 Valid Acc: 0.713096246119108 	Best Valid Acc: 0.715636
Epoch: 128 	Training Cost: 9361.898192	 Valid Acc: 0.7125317527519052 	Best Valid Acc: 0.715636
Epoch: 129 	Training Cost: 9348.435026	 Valid Acc: 0.7122495060683037 	Best Valid Acc: 0.715636
Epoch: 130 	Training Cost: 9335.488863	 Valid Acc: 0.7133784928027096 	Best Valid Acc: 0.715636
Epoch: 131 	Training Cost: 9322.778221	 Valid Acc: 0.7115438893593 	Best Valid Acc: 0.715636
Epoch: 132 	Training Cost: 9310.995281	 Valid Acc: 0.7115438893593 	Best Valid Acc: 0.715636
Epoch: 133 	Training Cost: 9299.680713	 Valid Acc: 0.7119672593847022 	Best Valid Acc: 0.715636
Epoch: 134 	Training Cost: 9287.066569	 Valid Acc: 0.7111205193338979 	Best Valid Acc: 0.715636
Epoch: 135 	Training Cost: 9276.145450	 Valid Acc: 0.7119672593847022 	Best Valid Acc: 0.715636
Epoch: 136 	Training Cost: 9265.632232	 Valid Acc: 0.7105560259666949 	Best Valid Acc: 0.715636
Epoch: 137 	Training Cost: 9255.193794	 Valid Acc: 0.7116850127011007 	Best Valid Acc: 0.715636
Epoch: 138 	Training Cost: 9244.794793	 Valid Acc: 0.7108382726502963 	Best Valid Acc: 0.715636
Epoch: 139 	Training Cost: 9234.313881	 Valid Acc: 0.7102737792830934 	Best Valid Acc: 0.715636
Epoch: 140 	Training Cost: 9223.765152	 Valid Acc: 0.7108382726502963 	Best Valid Acc: 0.715636
Epoch: 141 	Training Cost: 9214.686659	 Valid Acc: 0.7112616426756986 	Best Valid Acc: 0.715636
Epoch: 142 	Training Cost: 9204.743972	 Valid Acc: 0.7111205193338979 	Best Valid Acc: 0.715636
Epoch: 143 	Training Cost: 9196.271739	 Valid Acc: 0.7111205193338979 	Best Valid Acc: 0.715636
Epoch: 144 	Training Cost: 9186.703411	 Valid Acc: 0.7112616426756986 	Best Valid Acc: 0.715636
Epoch: 145 	Training Cost: 9177.555986	 Valid Acc: 0.7105560259666949 	Best Valid Acc: 0.715636
Epoch: 146 	Training Cost: 9167.961233	 Valid Acc: 0.7095681625740897 	Best Valid Acc: 0.715636
Epoch: 147 	Training Cost: 9159.308563	 Valid Acc: 0.7118261360429015 	Best Valid Acc: 0.715636
Epoch: 148 	Training Cost: 9150.667209	 Valid Acc: 0.7085802991814846 	Best Valid Acc: 0.715636
Epoch: 149 	Training Cost: 9141.133594	 Valid Acc: 0.7088625458650861 	Best Valid Acc: 0.715636
Epoch: 150 	Training Cost: 9132.373459	 Valid Acc: 0.7080158058142817 	Best Valid Acc: 0.715636
Epoch: 151 	Training Cost: 9124.016996	 Valid Acc: 0.7070279424216765 	Best Valid Acc: 0.715636
Epoch: 152 	Training Cost: 9115.263443	 Valid Acc: 0.707874682472481 	Best Valid Acc: 0.715636
Epoch: 153 	Training Cost: 9107.092354	 Valid Acc: 0.7066045723962744 	Best Valid Acc: 0.715636
Epoch: 154 	Training Cost: 9098.667749	 Valid Acc: 0.7074513124470787 	Best Valid Acc: 0.715636
Epoch: 155 	Training Cost: 9089.830542	 Valid Acc: 0.7070279424216765 	Best Valid Acc: 0.715636
Epoch: 156 	Training Cost: 9082.206671	 Valid Acc: 0.7063223257126728 	Best Valid Acc: 0.715636
Epoch: 157 	Training Cost: 9074.073340	 Valid Acc: 0.7050522156364663 	Best Valid Acc: 0.715636
Epoch: 158 	Training Cost: 9064.751143	 Valid Acc: 0.70575783234547 	Best Valid Acc: 0.715636
Epoch: 159 	Training Cost: 9058.553985	 Valid Acc: 0.7053344623200677 	Best Valid Acc: 0.715636
Epoch: 160 	Training Cost: 9049.390206	 Valid Acc: 0.7064634490544736 	Best Valid Acc: 0.715636
Epoch: 161 	Training Cost: 9041.345006	 Valid Acc: 0.7046288456110641 	Best Valid Acc: 0.715636
Epoch: 162 	Training Cost: 9033.842080	 Valid Acc: 0.7049110922946655 	Best Valid Acc: 0.715636
Epoch: 163 	Training Cost: 9027.511189	 Valid Acc: 0.7033587355348575 	Best Valid Acc: 0.715636
Epoch: 164 	Training Cost: 9018.935503	 Valid Acc: 0.7044877222692634 	Best Valid Acc: 0.715636
Epoch: 165 	Training Cost: 9011.619314	 Valid Acc: 0.7036409822184589 	Best Valid Acc: 0.715636
Epoch: 166 	Training Cost: 9004.198778	 Valid Acc: 0.7047699689528648 	Best Valid Acc: 0.715636
Epoch: 167 	Training Cost: 8996.404375	 Valid Acc: 0.7027942421676545 	Best Valid Acc: 0.715636
Epoch: 168 	Training Cost: 8989.690635	 Valid Acc: 0.703076488851256 	Best Valid Acc: 0.715636
Epoch: 169 	Training Cost: 8981.395986	 Valid Acc: 0.7037821055602597 	Best Valid Acc: 0.715636
Epoch: 170 	Training Cost: 8975.374911	 Valid Acc: 0.7029353655094552 	Best Valid Acc: 0.715636
Epoch: 171 	Training Cost: 8968.055908	 Valid Acc: 0.7018063787750494 	Best Valid Acc: 0.715636
Epoch: 172 	Training Cost: 8960.898802	 Valid Acc: 0.7025119954840531 	Best Valid Acc: 0.715636
Epoch: 173 	Training Cost: 8954.766034	 Valid Acc: 0.7025119954840531 	Best Valid Acc: 0.715636
Epoch: 174 	Training Cost: 8947.487376	 Valid Acc: 0.7020886254586508 	Best Valid Acc: 0.715636
Epoch: 175 	Training Cost: 8941.435588	 Valid Acc: 0.7018063787750494 	Best Valid Acc: 0.715636
Epoch: 176 	Training Cost: 8934.175922	 Valid Acc: 0.7025119954840531 	Best Valid Acc: 0.715636
Epoch: 177 	Training Cost: 8926.940425	 Valid Acc: 0.7012418854078465 	Best Valid Acc: 0.715636
Epoch: 178 	Training Cost: 8920.566061	 Valid Acc: 0.7015241320914479 	Best Valid Acc: 0.715636
Epoch: 179 	Training Cost: 8914.111577	 Valid Acc: 0.7003951453570421 	Best Valid Acc: 0.715636
Epoch: 180 	Training Cost: 8907.934934	 Valid Acc: 0.7026531188258538 	Best Valid Acc: 0.715636
Epoch: 181 	Training Cost: 8900.129091	 Valid Acc: 0.7012418854078465 	Best Valid Acc: 0.715636
Epoch: 182 	Training Cost: 8894.822801	 Valid Acc: 0.7002540220152413 	Best Valid Acc: 0.715636
Epoch: 183 	Training Cost: 8888.056561	 Valid Acc: 0.7013830087496472 	Best Valid Acc: 0.715636
Epoch: 184 	Training Cost: 8881.228718	 Valid Acc: 0.7005362686988428 	Best Valid Acc: 0.715636
Epoch: 185 	Training Cost: 8874.367607	 Valid Acc: 0.7006773920406435 	Best Valid Acc: 0.715636
Epoch: 186 	Training Cost: 8868.478444	 Valid Acc: 0.7002540220152413 	Best Valid Acc: 0.715636
Epoch: 187 	Training Cost: 8862.019177	 Valid Acc: 0.7001128986734406 	Best Valid Acc: 0.715636
Epoch: 188 	Training Cost: 8855.314443	 Valid Acc: 0.6991250352808355 	Best Valid Acc: 0.715636
Epoch: 189 	Training Cost: 8848.478278	 Valid Acc: 0.7005362686988428 	Best Valid Acc: 0.715636
Epoch: 190 	Training Cost: 8842.730332	 Valid Acc: 0.6994072819644369 	Best Valid Acc: 0.715636
Epoch: 191 	Training Cost: 8836.808565	 Valid Acc: 0.7006773920406435 	Best Valid Acc: 0.715636
Epoch: 192 	Training Cost: 8830.029352	 Valid Acc: 0.7003951453570421 	Best Valid Acc: 0.715636
Epoch: 193 	Training Cost: 8824.171396	 Valid Acc: 0.6995484053062376 	Best Valid Acc: 0.715636
Epoch: 194 	Training Cost: 8816.806979	 Valid Acc: 0.7001128986734406 	Best Valid Acc: 0.715636
Epoch: 195 	Training Cost: 8810.392255	 Valid Acc: 0.7009596387242449 	Best Valid Acc: 0.715636
Epoch: 196 	Training Cost: 8804.462225	 Valid Acc: 0.7002540220152413 	Best Valid Acc: 0.715636
Epoch: 197 	Training Cost: 8798.345718	 Valid Acc: 0.6995484053062376 	Best Valid Acc: 0.715636
Epoch: 198 	Training Cost: 8792.109562	 Valid Acc: 0.7001128986734406 	Best Valid Acc: 0.715636
Epoch: 199 	Training Cost: 8785.017189	 Valid Acc: 0.6996895286480384 	Best Valid Acc: 0.715636
Epoch: 200 	Training Cost: 8779.375612	 Valid Acc: 0.6989839119390348 	Best Valid Acc: 0.715636
lr=1e-05, lamb=0, num_epoch=200, test_acc=0.6926333615580017
----------------------------------------------------------
----------------------------------------------------------
lr=1e-05, lamb=1e-05, num_epoch=200
Epoch: 1 	Training Cost: 13905.610193	 Valid Acc: 0.6260231442280553 	Best Valid Acc: 0.626023
Epoch: 2 	Training Cost: 12845.762711	 Valid Acc: 0.6665255433248659 	Best Valid Acc: 0.666526
Epoch: 3 	Training Cost: 11982.234662	 Valid Acc: 0.6731583403895004 	Best Valid Acc: 0.673158
Epoch: 4 	Training Cost: 11688.092959	 Valid Acc: 0.6766864239345187 	Best Valid Acc: 0.676686
Epoch: 5 	Training Cost: 11562.678188	 Valid Acc: 0.6779565340107254 	Best Valid Acc: 0.677957
Epoch: 6 	Training Cost: 11493.115375	 Valid Acc: 0.6799322607959356 	Best Valid Acc: 0.679932
Epoch: 7 	Training Cost: 11449.955342	 Valid Acc: 0.6802145074795372 	Best Valid Acc: 0.680215
Epoch: 8 	Training Cost: 11421.184121	 Valid Acc: 0.6809201241885408 	Best Valid Acc: 0.680920
Epoch: 9 	Training Cost: 11400.594291	 Valid Acc: 0.6804967541631386 	Best Valid Acc: 0.680920
Epoch: 10 	Training Cost: 11384.499516	 Valid Acc: 0.6814846175557437 	Best Valid Acc: 0.681485
Epoch: 11 	Training Cost: 11370.534278	 Valid Acc: 0.6824724809483489 	Best Valid Acc: 0.682472
Epoch: 12 	Training Cost: 11356.751771	 Valid Acc: 0.6824724809483489 	Best Valid Acc: 0.682472
Epoch: 13 	Training Cost: 11341.028872	 Valid Acc: 0.6833192209991532 	Best Valid Acc: 0.683319
Epoch: 14 	Training Cost: 11320.584598	 Valid Acc: 0.6831780976573525 	Best Valid Acc: 0.683319
Epoch: 15 	Training Cost: 11292.577747	 Valid Acc: 0.6838837143663562 	Best Valid Acc: 0.683884
Epoch: 16 	Training Cost: 11255.314309	 Valid Acc: 0.6814846175557437 	Best Valid Acc: 0.683884
Epoch: 17 	Training Cost: 11207.916500	 Valid Acc: 0.6809201241885408 	Best Valid Acc: 0.683884
Epoch: 18 	Training Cost: 11151.249105	 Valid Acc: 0.6820491109229466 	Best Valid Acc: 0.683884
Epoch: 19 	Training Cost: 11087.338104	 Valid Acc: 0.6843070843917584 	Best Valid Acc: 0.684307
Epoch: 20 	Training Cost: 11015.030553	 Valid Acc: 0.6871295512277731 	Best Valid Acc: 0.687130
Epoch: 21 	Training Cost: 10928.501115	 Valid Acc: 0.694609088343212 	Best Valid Acc: 0.694609
Epoch: 22 	Training Cost: 10825.203559	 Valid Acc: 0.6977138018628282 	Best Valid Acc: 0.697714
Epoch: 23 	Training Cost: 10711.789528	 Valid Acc: 0.6999717753316399 	Best Valid Acc: 0.699972
Epoch: 24 	Training Cost: 10600.933239	 Valid Acc: 0.7042054755856618 	Best Valid Acc: 0.704205
Epoch: 25 	Training Cost: 10503.651018	 Valid Acc: 0.705193338978267 	Best Valid Acc: 0.705193
Epoch: 26 	Training Cost: 10423.427790	 Valid Acc: 0.7054755856618685 	Best Valid Acc: 0.705476
Epoch: 27 	Training Cost: 10358.323242	 Valid Acc: 0.705193338978267 	Best Valid Acc: 0.705476
Epoch: 28 	Training Cost: 10304.712105	 Valid Acc: 0.7046288456110641 	Best Valid Acc: 0.705476
Epoch: 29 	Training Cost: 10259.418850	 Valid Acc: 0.7053344623200677 	Best Valid Acc: 0.705476
Epoch: 30 	Training Cost: 10220.073715	 Valid Acc: 0.7064634490544736 	Best Valid Acc: 0.706463
Epoch: 31 	Training Cost: 10185.032226	 Valid Acc: 0.707310189105278 	Best Valid Acc: 0.707310
Epoch: 32 	Training Cost: 10153.189656	 Valid Acc: 0.7074513124470787 	Best Valid Acc: 0.707451
Epoch: 33 	Training Cost: 10124.049221	 Valid Acc: 0.7077335591306803 	Best Valid Acc: 0.707734
Epoch: 34 	Training Cost: 10097.192179	 Valid Acc: 0.7088625458650861 	Best Valid Acc: 0.708863
Epoch: 35 	Training Cost: 10072.488416	 Valid Acc: 0.709991532599492 	Best Valid Acc: 0.709992
Epoch: 36 	Training Cost: 10049.653877	 Valid Acc: 0.7102737792830934 	Best Valid Acc: 0.710274
Epoch: 37 	Training Cost: 10028.493977	 Valid Acc: 0.709427039232289 	Best Valid Acc: 0.710274
Epoch: 38 	Training Cost: 10008.884805	 Valid Acc: 0.7095681625740897 	Best Valid Acc: 0.710274
Epoch: 39 	Training Cost: 9990.685916	 Valid Acc: 0.709991532599492 	Best Valid Acc: 0.710274
Epoch: 40 	Training Cost: 9973.755507	 Valid Acc: 0.7097092859158904 	Best Valid Acc: 0.710274
Epoch: 41 	Training Cost: 9957.982083	 Valid Acc: 0.7104149026248942 	Best Valid Acc: 0.710415
Epoch: 42 	Training Cost: 9943.129095	 Valid Acc: 0.7106971493084956 	Best Valid Acc: 0.710697
Epoch: 43 	Training Cost: 9929.156063	 Valid Acc: 0.7111205193338979 	Best Valid Acc: 0.711121
Epoch: 44 	Training Cost: 9915.961474	 Valid Acc: 0.7118261360429015 	Best Valid Acc: 0.711826
Epoch: 45 	Training Cost: 9903.421962	 Valid Acc: 0.7123906294101044 	Best Valid Acc: 0.712391
Epoch: 46 	Training Cost: 9891.402440	 Valid Acc: 0.7129551227773073 	Best Valid Acc: 0.712955
Epoch: 47 	Training Cost: 9879.864055	 Valid Acc: 0.713096246119108 	Best Valid Acc: 0.713096
Epoch: 48 	Training Cost: 9868.752944	 Valid Acc: 0.7128139994355066 	Best Valid Acc: 0.713096
Epoch: 49 	Training Cost: 9858.029027	 Valid Acc: 0.7135196161445103 	Best Valid Acc: 0.713520
Epoch: 50 	Training Cost: 9847.649301	 Valid Acc: 0.7140841095117132 	Best Valid Acc: 0.714084
Epoch: 51 	Training Cost: 9837.535447	 Valid Acc: 0.7145074795371155 	Best Valid Acc: 0.714507
Epoch: 52 	Training Cost: 9827.706961	 Valid Acc: 0.7145074795371155 	Best Valid Acc: 0.714507
Epoch: 53 	Training Cost: 9818.065741	 Valid Acc: 0.714225232853514 	Best Valid Acc: 0.714507
Epoch: 54 	Training Cost: 9808.657496	 Valid Acc: 0.7140841095117132 	Best Valid Acc: 0.714507
Epoch: 55 	Training Cost: 9799.450714	 Valid Acc: 0.7149308495625176 	Best Valid Acc: 0.714931
Epoch: 56 	Training Cost: 9790.466268	 Valid Acc: 0.7149308495625176 	Best Valid Acc: 0.714931
Epoch: 57 	Training Cost: 9781.632390	 Valid Acc: 0.7149308495625176 	Best Valid Acc: 0.714931
Epoch: 58 	Training Cost: 9772.998622	 Valid Acc: 0.7140841095117132 	Best Valid Acc: 0.714931
Epoch: 59 	Training Cost: 9764.560674	 Valid Acc: 0.7149308495625176 	Best Valid Acc: 0.714931
Epoch: 60 	Training Cost: 9756.311953	 Valid Acc: 0.7153542195879199 	Best Valid Acc: 0.715354
Epoch: 61 	Training Cost: 9748.207178	 Valid Acc: 0.715777589613322 	Best Valid Acc: 0.715778
Epoch: 62 	Training Cost: 9740.291086	 Valid Acc: 0.7154953429297206 	Best Valid Acc: 0.715778
Epoch: 63 	Training Cost: 9732.532414	 Valid Acc: 0.7140841095117132 	Best Valid Acc: 0.715778
Epoch: 64 	Training Cost: 9724.960507	 Valid Acc: 0.7138018628281118 	Best Valid Acc: 0.715778
Epoch: 65 	Training Cost: 9717.569638	 Valid Acc: 0.7140841095117132 	Best Valid Acc: 0.715778
Epoch: 66 	Training Cost: 9710.367988	 Valid Acc: 0.7140841095117132 	Best Valid Acc: 0.715778
Epoch: 67 	Training Cost: 9703.368356	 Valid Acc: 0.714225232853514 	Best Valid Acc: 0.715778
Epoch: 68 	Training Cost: 9696.636839	 Valid Acc: 0.7147897262207169 	Best Valid Acc: 0.715778
Epoch: 69 	Training Cost: 9690.114428	 Valid Acc: 0.7154953429297206 	Best Valid Acc: 0.715778
Epoch: 70 	Training Cost: 9683.828947	 Valid Acc: 0.7153542195879199 	Best Valid Acc: 0.715778
Epoch: 71 	Training Cost: 9677.740372	 Valid Acc: 0.7147897262207169 	Best Valid Acc: 0.715778
Epoch: 72 	Training Cost: 9671.898169	 Valid Acc: 0.7150719729043183 	Best Valid Acc: 0.715778
Epoch: 73 	Training Cost: 9666.255164	 Valid Acc: 0.7150719729043183 	Best Valid Acc: 0.715778
Epoch: 74 	Training Cost: 9660.804758	 Valid Acc: 0.7152130962461191 	Best Valid Acc: 0.715778
Epoch: 75 	Training Cost: 9655.581256	 Valid Acc: 0.7159187129551228 	Best Valid Acc: 0.715919
Epoch: 76 	Training Cost: 9650.568790	 Valid Acc: 0.7154953429297206 	Best Valid Acc: 0.715919
Epoch: 77 	Training Cost: 9645.717782	 Valid Acc: 0.7154953429297206 	Best Valid Acc: 0.715919
Epoch: 78 	Training Cost: 9641.076863	 Valid Acc: 0.7152130962461191 	Best Valid Acc: 0.715919
Epoch: 79 	Training Cost: 9636.579596	 Valid Acc: 0.7154953429297206 	Best Valid Acc: 0.715919
Epoch: 80 	Training Cost: 9632.221841	 Valid Acc: 0.7153542195879199 	Best Valid Acc: 0.715919
Epoch: 81 	Training Cost: 9628.084760	 Valid Acc: 0.7156364662715213 	Best Valid Acc: 0.715919
Epoch: 82 	Training Cost: 9624.038160	 Valid Acc: 0.7154953429297206 	Best Valid Acc: 0.715919
Epoch: 83 	Training Cost: 9620.212115	 Valid Acc: 0.7153542195879199 	Best Valid Acc: 0.715919
Epoch: 84 	Training Cost: 9616.525008	 Valid Acc: 0.7154953429297206 	Best Valid Acc: 0.715919
Epoch: 85 	Training Cost: 9613.041672	 Valid Acc: 0.7156364662715213 	Best Valid Acc: 0.715919
Epoch: 86 	Training Cost: 9609.792476	 Valid Acc: 0.7152130962461191 	Best Valid Acc: 0.715919
Epoch: 87 	Training Cost: 9606.639217	 Valid Acc: 0.7149308495625176 	Best Valid Acc: 0.715919
Epoch: 88 	Training Cost: 9603.399652	 Valid Acc: 0.7145074795371155 	Best Valid Acc: 0.715919
Epoch: 89 	Training Cost: 9600.402628	 Valid Acc: 0.7143663561953147 	Best Valid Acc: 0.715919
Epoch: 90 	Training Cost: 9597.930047	 Valid Acc: 0.7156364662715213 	Best Valid Acc: 0.715919
Epoch: 91 	Training Cost: 9595.077468	 Valid Acc: 0.7154953429297206 	Best Valid Acc: 0.715919
Epoch: 92 	Training Cost: 9592.567228	 Valid Acc: 0.7150719729043183 	Best Valid Acc: 0.715919
Epoch: 93 	Training Cost: 9589.728700	 Valid Acc: 0.7149308495625176 	Best Valid Acc: 0.715919
Epoch: 94 	Training Cost: 9587.777822	 Valid Acc: 0.7146486028789162 	Best Valid Acc: 0.715919
Epoch: 95 	Training Cost: 9585.170163	 Valid Acc: 0.715777589613322 	Best Valid Acc: 0.715919
Epoch: 96 	Training Cost: 9582.294834	 Valid Acc: 0.7147897262207169 	Best Valid Acc: 0.715919
Epoch: 97 	Training Cost: 9579.594603	 Valid Acc: 0.7162009596387242 	Best Valid Acc: 0.716201
Epoch: 98 	Training Cost: 9577.111000	 Valid Acc: 0.7145074795371155 	Best Valid Acc: 0.716201
Epoch: 99 	Training Cost: 9574.759659	 Valid Acc: 0.7160598362969235 	Best Valid Acc: 0.716201
Epoch: 100 	Training Cost: 9571.386265	 Valid Acc: 0.7150719729043183 	Best Valid Acc: 0.716201
Epoch: 101 	Training Cost: 9568.613257	 Valid Acc: 0.7152130962461191 	Best Valid Acc: 0.716201
Epoch: 102 	Training Cost: 9565.571554	 Valid Acc: 0.7154953429297206 	Best Valid Acc: 0.716201
Epoch: 103 	Training Cost: 9562.658932	 Valid Acc: 0.7156364662715213 	Best Valid Acc: 0.716201
Epoch: 104 	Training Cost: 9559.481064	 Valid Acc: 0.7164832063223258 	Best Valid Acc: 0.716483
Epoch: 105 	Training Cost: 9555.759456	 Valid Acc: 0.7152130962461191 	Best Valid Acc: 0.716483
Epoch: 106 	Training Cost: 9552.451116	 Valid Acc: 0.7162009596387242 	Best Valid Acc: 0.716483
Epoch: 107 	Training Cost: 9547.785900	 Valid Acc: 0.715777589613322 	Best Valid Acc: 0.716483
Epoch: 108 	Training Cost: 9543.232267	 Valid Acc: 0.7153542195879199 	Best Valid Acc: 0.716483
Epoch: 109 	Training Cost: 9538.130707	 Valid Acc: 0.7170476996895286 	Best Valid Acc: 0.717048
Epoch: 110 	Training Cost: 9532.235108	 Valid Acc: 0.7153542195879199 	Best Valid Acc: 0.717048
Epoch: 111 	Training Cost: 9524.870666	 Valid Acc: 0.7170476996895286 	Best Valid Acc: 0.717048
Epoch: 112 	Training Cost: 9516.861532	 Valid Acc: 0.7153542195879199 	Best Valid Acc: 0.717048
Epoch: 113 	Training Cost: 9507.659692	 Valid Acc: 0.7159187129551228 	Best Valid Acc: 0.717048
Epoch: 114 	Training Cost: 9497.256460	 Valid Acc: 0.7150719729043183 	Best Valid Acc: 0.717048
Epoch: 115 	Training Cost: 9486.376098	 Valid Acc: 0.7160598362969235 	Best Valid Acc: 0.717048
Epoch: 116 	Training Cost: 9474.311610	 Valid Acc: 0.7146486028789162 	Best Valid Acc: 0.717048
Epoch: 117 	Training Cost: 9460.883020	 Valid Acc: 0.7154953429297206 	Best Valid Acc: 0.717048
Epoch: 118 	Training Cost: 9448.479268	 Valid Acc: 0.7163420829805249 	Best Valid Acc: 0.717048
Epoch: 119 	Training Cost: 9435.799201	 Valid Acc: 0.7149308495625176 	Best Valid Acc: 0.717048
Epoch: 120 	Training Cost: 9422.429715	 Valid Acc: 0.7152130962461191 	Best Valid Acc: 0.717048
Epoch: 121 	Training Cost: 9411.027116	 Valid Acc: 0.7143663561953147 	Best Valid Acc: 0.717048
Epoch: 122 	Training Cost: 9399.360232	 Valid Acc: 0.713660739486311 	Best Valid Acc: 0.717048
Epoch: 123 	Training Cost: 9388.569072	 Valid Acc: 0.7139429861699125 	Best Valid Acc: 0.717048
Epoch: 124 	Training Cost: 9378.336747	 Valid Acc: 0.7133784928027096 	Best Valid Acc: 0.717048
Epoch: 125 	Training Cost: 9368.166264	 Valid Acc: 0.7145074795371155 	Best Valid Acc: 0.717048
Epoch: 126 	Training Cost: 9358.195161	 Valid Acc: 0.714225232853514 	Best Valid Acc: 0.717048
Epoch: 127 	Training Cost: 9348.375750	 Valid Acc: 0.7149308495625176 	Best Valid Acc: 0.717048
Epoch: 128 	Training Cost: 9339.521887	 Valid Acc: 0.713096246119108 	Best Valid Acc: 0.717048
Epoch: 129 	Training Cost: 9330.437732	 Valid Acc: 0.7150719729043183 	Best Valid Acc: 0.717048
Epoch: 130 	Training Cost: 9320.592534	 Valid Acc: 0.7140841095117132 	Best Valid Acc: 0.717048
Epoch: 131 	Training Cost: 9312.006565	 Valid Acc: 0.714225232853514 	Best Valid Acc: 0.717048
Epoch: 132 	Training Cost: 9302.589384	 Valid Acc: 0.7146486028789162 	Best Valid Acc: 0.717048
Epoch: 133 	Training Cost: 9293.692774	 Valid Acc: 0.714225232853514 	Best Valid Acc: 0.717048
Epoch: 134 	Training Cost: 9284.530534	 Valid Acc: 0.7133784928027096 	Best Valid Acc: 0.717048
Epoch: 135 	Training Cost: 9275.339807	 Valid Acc: 0.713660739486311 	Best Valid Acc: 0.717048
Epoch: 136 	Training Cost: 9266.486217	 Valid Acc: 0.7138018628281118 	Best Valid Acc: 0.717048
Epoch: 137 	Training Cost: 9257.252332	 Valid Acc: 0.7146486028789162 	Best Valid Acc: 0.717048
Epoch: 138 	Training Cost: 9248.275725	 Valid Acc: 0.714225232853514 	Best Valid Acc: 0.717048
Epoch: 139 	Training Cost: 9239.166432	 Valid Acc: 0.7152130962461191 	Best Valid Acc: 0.717048
Epoch: 140 	Training Cost: 9230.197409	 Valid Acc: 0.7138018628281118 	Best Valid Acc: 0.717048
Epoch: 141 	Training Cost: 9220.954773	 Valid Acc: 0.7135196161445103 	Best Valid Acc: 0.717048
Epoch: 142 	Training Cost: 9212.371925	 Valid Acc: 0.7129551227773073 	Best Valid Acc: 0.717048
Epoch: 143 	Training Cost: 9202.865669	 Valid Acc: 0.7133784928027096 	Best Valid Acc: 0.717048
Epoch: 144 	Training Cost: 9194.792034	 Valid Acc: 0.7138018628281118 	Best Valid Acc: 0.717048
Epoch: 145 	Training Cost: 9185.501886	 Valid Acc: 0.7129551227773073 	Best Valid Acc: 0.717048
Epoch: 146 	Training Cost: 9176.897806	 Valid Acc: 0.7140841095117132 	Best Valid Acc: 0.717048
Epoch: 147 	Training Cost: 9169.231041	 Valid Acc: 0.7126728760937059 	Best Valid Acc: 0.717048
Epoch: 148 	Training Cost: 9160.370941	 Valid Acc: 0.7123906294101044 	Best Valid Acc: 0.717048
Epoch: 149 	Training Cost: 9151.872974	 Valid Acc: 0.7114027660174993 	Best Valid Acc: 0.717048
Epoch: 150 	Training Cost: 9143.746900	 Valid Acc: 0.7106971493084956 	Best Valid Acc: 0.717048
Epoch: 151 	Training Cost: 9135.584078	 Valid Acc: 0.7095681625740897 	Best Valid Acc: 0.717048
Epoch: 152 	Training Cost: 9127.443023	 Valid Acc: 0.7085802991814846 	Best Valid Acc: 0.717048
Epoch: 153 	Training Cost: 9120.654385	 Valid Acc: 0.709991532599492 	Best Valid Acc: 0.717048
Epoch: 154 	Training Cost: 9112.956591	 Valid Acc: 0.707874682472481 	Best Valid Acc: 0.717048
Epoch: 155 	Training Cost: 9105.203531	 Valid Acc: 0.7070279424216765 	Best Valid Acc: 0.717048
Epoch: 156 	Training Cost: 9098.314717	 Valid Acc: 0.7081569291560824 	Best Valid Acc: 0.717048
Epoch: 157 	Training Cost: 9091.580070	 Valid Acc: 0.707310189105278 	Best Valid Acc: 0.717048
Epoch: 158 	Training Cost: 9083.732870	 Valid Acc: 0.7063223257126728 	Best Valid Acc: 0.717048
Epoch: 159 	Training Cost: 9077.025015	 Valid Acc: 0.7064634490544736 	Best Valid Acc: 0.717048
Epoch: 160 	Training Cost: 9070.503443	 Valid Acc: 0.7070279424216765 	Best Valid Acc: 0.717048
Epoch: 161 	Training Cost: 9063.883165	 Valid Acc: 0.7053344623200677 	Best Valid Acc: 0.717048
Epoch: 162 	Training Cost: 9058.102039	 Valid Acc: 0.7063223257126728 	Best Valid Acc: 0.717048
Epoch: 163 	Training Cost: 9051.831957	 Valid Acc: 0.7058989556872707 	Best Valid Acc: 0.717048
Epoch: 164 	Training Cost: 9044.668659	 Valid Acc: 0.7053344623200677 	Best Valid Acc: 0.717048
Epoch: 165 	Training Cost: 9038.565819	 Valid Acc: 0.7050522156364663 	Best Valid Acc: 0.717048
Epoch: 166 	Training Cost: 9032.674983	 Valid Acc: 0.7037821055602597 	Best Valid Acc: 0.717048
Epoch: 167 	Training Cost: 9026.859287	 Valid Acc: 0.7054755856618685 	Best Valid Acc: 0.717048
Epoch: 168 	Training Cost: 9020.473087	 Valid Acc: 0.7037821055602597 	Best Valid Acc: 0.717048
Epoch: 169 	Training Cost: 9014.545379	 Valid Acc: 0.7043465989274627 	Best Valid Acc: 0.717048
Epoch: 170 	Training Cost: 9009.323260	 Valid Acc: 0.7032176121930568 	Best Valid Acc: 0.717048
Epoch: 171 	Training Cost: 9003.030070	 Valid Acc: 0.7040643522438611 	Best Valid Acc: 0.717048
Epoch: 172 	Training Cost: 8997.663129	 Valid Acc: 0.7029353655094552 	Best Valid Acc: 0.717048
Epoch: 173 	Training Cost: 8991.685515	 Valid Acc: 0.7036409822184589 	Best Valid Acc: 0.717048
Epoch: 174 	Training Cost: 8986.029975	 Valid Acc: 0.7037821055602597 	Best Valid Acc: 0.717048
Epoch: 175 	Training Cost: 8979.766236	 Valid Acc: 0.7032176121930568 	Best Valid Acc: 0.717048
Epoch: 176 	Training Cost: 8974.330565	 Valid Acc: 0.7029353655094552 	Best Valid Acc: 0.717048
Epoch: 177 	Training Cost: 8969.343550	 Valid Acc: 0.7006773920406435 	Best Valid Acc: 0.717048
Epoch: 178 	Training Cost: 8964.325068	 Valid Acc: 0.7026531188258538 	Best Valid Acc: 0.717048
Epoch: 179 	Training Cost: 8958.439933	 Valid Acc: 0.7013830087496472 	Best Valid Acc: 0.717048
Epoch: 180 	Training Cost: 8952.929468	 Valid Acc: 0.7027942421676545 	Best Valid Acc: 0.717048
Epoch: 181 	Training Cost: 8947.435322	 Valid Acc: 0.7020886254586508 	Best Valid Acc: 0.717048
Epoch: 182 	Training Cost: 8941.965844	 Valid Acc: 0.7029353655094552 	Best Valid Acc: 0.717048
Epoch: 183 	Training Cost: 8937.614367	 Valid Acc: 0.7016652554332486 	Best Valid Acc: 0.717048
Epoch: 184 	Training Cost: 8931.979567	 Valid Acc: 0.7022297488004516 	Best Valid Acc: 0.717048
Epoch: 185 	Training Cost: 8925.667377	 Valid Acc: 0.7018063787750494 	Best Valid Acc: 0.717048
Epoch: 186 	Training Cost: 8921.333000	 Valid Acc: 0.7016652554332486 	Best Valid Acc: 0.717048
Epoch: 187 	Training Cost: 8915.419571	 Valid Acc: 0.7023708721422524 	Best Valid Acc: 0.717048
Epoch: 188 	Training Cost: 8909.988281	 Valid Acc: 0.7020886254586508 	Best Valid Acc: 0.717048
Epoch: 189 	Training Cost: 8904.078572	 Valid Acc: 0.7018063787750494 	Best Valid Acc: 0.717048
Epoch: 190 	Training Cost: 8899.178938	 Valid Acc: 0.7001128986734406 	Best Valid Acc: 0.717048
Epoch: 191 	Training Cost: 8894.378208	 Valid Acc: 0.7022297488004516 	Best Valid Acc: 0.717048
Epoch: 192 	Training Cost: 8888.870314	 Valid Acc: 0.6995484053062376 	Best Valid Acc: 0.717048
Epoch: 193 	Training Cost: 8883.989886	 Valid Acc: 0.7011007620660458 	Best Valid Acc: 0.717048
Epoch: 194 	Training Cost: 8878.785078	 Valid Acc: 0.7006773920406435 	Best Valid Acc: 0.717048
Epoch: 195 	Training Cost: 8873.337568	 Valid Acc: 0.7009596387242449 	Best Valid Acc: 0.717048
Epoch: 196 	Training Cost: 8868.589208	 Valid Acc: 0.7012418854078465 	Best Valid Acc: 0.717048
Epoch: 197 	Training Cost: 8864.433911	 Valid Acc: 0.6992661586226362 	Best Valid Acc: 0.717048
Epoch: 198 	Training Cost: 8857.697303	 Valid Acc: 0.7018063787750494 	Best Valid Acc: 0.717048
Epoch: 199 	Training Cost: 8853.223809	 Valid Acc: 0.7006773920406435 	Best Valid Acc: 0.717048
Epoch: 200 	Training Cost: 8848.222693	 Valid Acc: 0.7003951453570421 	Best Valid Acc: 0.717048
lr=1e-05, lamb=1e-05, num_epoch=200, test_acc=0.7013830087496472
----------------------------------------------------------
----------------------------------------------------------
lr=1e-05, lamb=0.0001, num_epoch=200
Epoch: 1 	Training Cost: 13928.889342	 Valid Acc: 0.6380186282811177 	Best Valid Acc: 0.638019
Epoch: 2 	Training Cost: 12840.304545	 Valid Acc: 0.6649731865650579 	Best Valid Acc: 0.664973
Epoch: 3 	Training Cost: 11997.663166	 Valid Acc: 0.6725938470222975 	Best Valid Acc: 0.672594
Epoch: 4 	Training Cost: 11707.293070	 Valid Acc: 0.6748518204911093 	Best Valid Acc: 0.674852
Epoch: 5 	Training Cost: 11580.696033	 Valid Acc: 0.6804967541631386 	Best Valid Acc: 0.680497
Epoch: 6 	Training Cost: 11510.911243	 Valid Acc: 0.6837425910245555 	Best Valid Acc: 0.683743
Epoch: 7 	Training Cost: 11468.294492	 Valid Acc: 0.6833192209991532 	Best Valid Acc: 0.683743
Epoch: 8 	Training Cost: 11440.473254	 Valid Acc: 0.6838837143663562 	Best Valid Acc: 0.683884
Epoch: 9 	Training Cost: 11420.845448	 Valid Acc: 0.683460344340954 	Best Valid Acc: 0.683884
Epoch: 10 	Training Cost: 11405.601810	 Valid Acc: 0.6838837143663562 	Best Valid Acc: 0.683884
Epoch: 11 	Training Cost: 11392.394933	 Valid Acc: 0.6841659610499576 	Best Valid Acc: 0.684166
Epoch: 12 	Training Cost: 11378.946267	 Valid Acc: 0.6845893310753599 	Best Valid Acc: 0.684589
Epoch: 13 	Training Cost: 11363.428450	 Valid Acc: 0.6845893310753599 	Best Valid Acc: 0.684589
Epoch: 14 	Training Cost: 11343.747211	 Valid Acc: 0.6844482077335591 	Best Valid Acc: 0.684589
Epoch: 15 	Training Cost: 11317.824096	 Valid Acc: 0.6830369743155518 	Best Valid Acc: 0.684589
Epoch: 16 	Training Cost: 11283.965271	 Valid Acc: 0.6817668642393452 	Best Valid Acc: 0.684589
Epoch: 17 	Training Cost: 11241.317237	 Valid Acc: 0.681343494213943 	Best Valid Acc: 0.684589
Epoch: 18 	Training Cost: 11191.322583	 Valid Acc: 0.6817668642393452 	Best Valid Acc: 0.684589
Epoch: 19 	Training Cost: 11137.051217	 Valid Acc: 0.682895850973751 	Best Valid Acc: 0.684589
Epoch: 20 	Training Cost: 11080.694968	 Valid Acc: 0.6852949477843635 	Best Valid Acc: 0.685295
Epoch: 21 	Training Cost: 11020.597033	 Valid Acc: 0.688258537962179 	Best Valid Acc: 0.688259
Epoch: 22 	Training Cost: 10951.337085	 Valid Acc: 0.6917866215071973 	Best Valid Acc: 0.691787
Epoch: 23 	Training Cost: 10868.132390	 Valid Acc: 0.6953147050522156 	Best Valid Acc: 0.695315
Epoch: 24 	Training Cost: 10773.438922	 Valid Acc: 0.6964436917866215 	Best Valid Acc: 0.696444
Epoch: 25 	Training Cost: 10676.132947	 Valid Acc: 0.6985605419136325 	Best Valid Acc: 0.698561
Epoch: 26 	Training Cost: 10584.555602	 Valid Acc: 0.7023708721422524 	Best Valid Acc: 0.702371
Epoch: 27 	Training Cost: 10503.177037	 Valid Acc: 0.7025119954840531 	Best Valid Acc: 0.702512
Epoch: 28 	Training Cost: 10433.208460	 Valid Acc: 0.703076488851256 	Best Valid Acc: 0.703076
Epoch: 29 	Training Cost: 10373.553706	 Valid Acc: 0.7053344623200677 	Best Valid Acc: 0.705334
Epoch: 30 	Training Cost: 10322.244718	 Valid Acc: 0.7070279424216765 	Best Valid Acc: 0.707028
Epoch: 31 	Training Cost: 10277.467338	 Valid Acc: 0.7061812023708721 	Best Valid Acc: 0.707028
Epoch: 32 	Training Cost: 10237.862731	 Valid Acc: 0.7068868190798758 	Best Valid Acc: 0.707028
Epoch: 33 	Training Cost: 10202.557976	 Valid Acc: 0.7088625458650861 	Best Valid Acc: 0.708863
Epoch: 34 	Training Cost: 10170.853061	 Valid Acc: 0.7081569291560824 	Best Valid Acc: 0.708863
Epoch: 35 	Training Cost: 10142.227975	 Valid Acc: 0.7074513124470787 	Best Valid Acc: 0.708863
Epoch: 36 	Training Cost: 10116.295576	 Valid Acc: 0.7075924357888794 	Best Valid Acc: 0.708863
Epoch: 37 	Training Cost: 10092.649297	 Valid Acc: 0.7082980524978831 	Best Valid Acc: 0.708863
Epoch: 38 	Training Cost: 10070.899135	 Valid Acc: 0.7085802991814846 	Best Valid Acc: 0.708863
Epoch: 39 	Training Cost: 10050.908849	 Valid Acc: 0.7092859158904883 	Best Valid Acc: 0.709286
Epoch: 40 	Training Cost: 10032.318314	 Valid Acc: 0.7101326559412927 	Best Valid Acc: 0.710133
Epoch: 41 	Training Cost: 10015.027824	 Valid Acc: 0.7098504092576913 	Best Valid Acc: 0.710133
Epoch: 42 	Training Cost: 9998.911383	 Valid Acc: 0.709427039232289 	Best Valid Acc: 0.710133
Epoch: 43 	Training Cost: 9983.771368	 Valid Acc: 0.7108382726502963 	Best Valid Acc: 0.710838
Epoch: 44 	Training Cost: 9969.555104	 Valid Acc: 0.7114027660174993 	Best Valid Acc: 0.711403
Epoch: 45 	Training Cost: 9956.076295	 Valid Acc: 0.712108382726503 	Best Valid Acc: 0.712108
Epoch: 46 	Training Cost: 9943.302770	 Valid Acc: 0.7119672593847022 	Best Valid Acc: 0.712108
Epoch: 47 	Training Cost: 9931.101881	 Valid Acc: 0.7128139994355066 	Best Valid Acc: 0.712814
Epoch: 48 	Training Cost: 9919.475469	 Valid Acc: 0.7118261360429015 	Best Valid Acc: 0.712814
Epoch: 49 	Training Cost: 9908.301315	 Valid Acc: 0.712108382726503 	Best Valid Acc: 0.712814
Epoch: 50 	Training Cost: 9897.508542	 Valid Acc: 0.712108382726503 	Best Valid Acc: 0.712814
Epoch: 51 	Training Cost: 9887.100524	 Valid Acc: 0.7133784928027096 	Best Valid Acc: 0.713378
Epoch: 52 	Training Cost: 9877.005366	 Valid Acc: 0.7135196161445103 	Best Valid Acc: 0.713520
Epoch: 53 	Training Cost: 9867.225997	 Valid Acc: 0.7147897262207169 	Best Valid Acc: 0.714790
Epoch: 54 	Training Cost: 9857.748630	 Valid Acc: 0.7149308495625176 	Best Valid Acc: 0.714931
Epoch: 55 	Training Cost: 9848.509892	 Valid Acc: 0.7153542195879199 	Best Valid Acc: 0.715354
Epoch: 56 	Training Cost: 9839.488839	 Valid Acc: 0.7139429861699125 	Best Valid Acc: 0.715354
Epoch: 57 	Training Cost: 9830.686605	 Valid Acc: 0.7139429861699125 	Best Valid Acc: 0.715354
Epoch: 58 	Training Cost: 9822.115953	 Valid Acc: 0.714225232853514 	Best Valid Acc: 0.715354
Epoch: 59 	Training Cost: 9813.771030	 Valid Acc: 0.7138018628281118 	Best Valid Acc: 0.715354
Epoch: 60 	Training Cost: 9805.635258	 Valid Acc: 0.7143663561953147 	Best Valid Acc: 0.715354
Epoch: 61 	Training Cost: 9797.685333	 Valid Acc: 0.713660739486311 	Best Valid Acc: 0.715354
Epoch: 62 	Training Cost: 9789.900590	 Valid Acc: 0.713660739486311 	Best Valid Acc: 0.715354
Epoch: 63 	Training Cost: 9782.286153	 Valid Acc: 0.7145074795371155 	Best Valid Acc: 0.715354
Epoch: 64 	Training Cost: 9774.794683	 Valid Acc: 0.7150719729043183 	Best Valid Acc: 0.715354
Epoch: 65 	Training Cost: 9767.431958	 Valid Acc: 0.7156364662715213 	Best Valid Acc: 0.715636
Epoch: 66 	Training Cost: 9760.148868	 Valid Acc: 0.7149308495625176 	Best Valid Acc: 0.715636
Epoch: 67 	Training Cost: 9752.994231	 Valid Acc: 0.714225232853514 	Best Valid Acc: 0.715636
Epoch: 68 	Training Cost: 9746.031307	 Valid Acc: 0.7147897262207169 	Best Valid Acc: 0.715636
Epoch: 69 	Training Cost: 9739.186279	 Valid Acc: 0.7147897262207169 	Best Valid Acc: 0.715636
Epoch: 70 	Training Cost: 9732.555580	 Valid Acc: 0.7147897262207169 	Best Valid Acc: 0.715636
Epoch: 71 	Training Cost: 9726.076408	 Valid Acc: 0.7156364662715213 	Best Valid Acc: 0.715636
Epoch: 72 	Training Cost: 9719.759877	 Valid Acc: 0.7146486028789162 	Best Valid Acc: 0.715636
Epoch: 73 	Training Cost: 9713.630044	 Valid Acc: 0.7143663561953147 	Best Valid Acc: 0.715636
Epoch: 74 	Training Cost: 9707.704463	 Valid Acc: 0.7147897262207169 	Best Valid Acc: 0.715636
Epoch: 75 	Training Cost: 9701.948728	 Valid Acc: 0.7149308495625176 	Best Valid Acc: 0.715636
Epoch: 76 	Training Cost: 9696.432014	 Valid Acc: 0.7145074795371155 	Best Valid Acc: 0.715636
Epoch: 77 	Training Cost: 9691.091839	 Valid Acc: 0.7146486028789162 	Best Valid Acc: 0.715636
Epoch: 78 	Training Cost: 9685.926470	 Valid Acc: 0.7149308495625176 	Best Valid Acc: 0.715636
Epoch: 79 	Training Cost: 9680.940602	 Valid Acc: 0.7153542195879199 	Best Valid Acc: 0.715636
Epoch: 80 	Training Cost: 9676.175567	 Valid Acc: 0.715777589613322 	Best Valid Acc: 0.715778
Epoch: 81 	Training Cost: 9671.586607	 Valid Acc: 0.715777589613322 	Best Valid Acc: 0.715778
Epoch: 82 	Training Cost: 9667.140380	 Valid Acc: 0.7162009596387242 	Best Valid Acc: 0.716201
Epoch: 83 	Training Cost: 9662.811798	 Valid Acc: 0.715777589613322 	Best Valid Acc: 0.716201
Epoch: 84 	Training Cost: 9658.671402	 Valid Acc: 0.7152130962461191 	Best Valid Acc: 0.716201
Epoch: 85 	Training Cost: 9654.656484	 Valid Acc: 0.7149308495625176 	Best Valid Acc: 0.716201
Epoch: 86 	Training Cost: 9650.801613	 Valid Acc: 0.7147897262207169 	Best Valid Acc: 0.716201
Epoch: 87 	Training Cost: 9647.161598	 Valid Acc: 0.7159187129551228 	Best Valid Acc: 0.716201
Epoch: 88 	Training Cost: 9643.528521	 Valid Acc: 0.7159187129551228 	Best Valid Acc: 0.716201
Epoch: 89 	Training Cost: 9640.273946	 Valid Acc: 0.7152130962461191 	Best Valid Acc: 0.716201
Epoch: 90 	Training Cost: 9636.978035	 Valid Acc: 0.715777589613322 	Best Valid Acc: 0.716201
Epoch: 91 	Training Cost: 9634.017338	 Valid Acc: 0.7156364662715213 	Best Valid Acc: 0.716201
Epoch: 92 	Training Cost: 9631.239345	 Valid Acc: 0.7159187129551228 	Best Valid Acc: 0.716201
Epoch: 93 	Training Cost: 9628.318765	 Valid Acc: 0.715777589613322 	Best Valid Acc: 0.716201
Epoch: 94 	Training Cost: 9625.970794	 Valid Acc: 0.7166243296641265 	Best Valid Acc: 0.716624
Epoch: 95 	Training Cost: 9623.099811	 Valid Acc: 0.7173299463731301 	Best Valid Acc: 0.717330
Epoch: 96 	Training Cost: 9620.791851	 Valid Acc: 0.7156364662715213 	Best Valid Acc: 0.717330
Epoch: 97 	Training Cost: 9618.392134	 Valid Acc: 0.7174710697149308 	Best Valid Acc: 0.717471
Epoch: 98 	Training Cost: 9616.069792	 Valid Acc: 0.7167654530059272 	Best Valid Acc: 0.717471
Epoch: 99 	Training Cost: 9613.827773	 Valid Acc: 0.7173299463731301 	Best Valid Acc: 0.717471
Epoch: 100 	Training Cost: 9611.771929	 Valid Acc: 0.7173299463731301 	Best Valid Acc: 0.717471
Epoch: 101 	Training Cost: 9609.646103	 Valid Acc: 0.715777589613322 	Best Valid Acc: 0.717471
Epoch: 102 	Training Cost: 9607.149943	 Valid Acc: 0.7178944397403331 	Best Valid Acc: 0.717894
Epoch: 103 	Training Cost: 9605.538431	 Valid Acc: 0.7169065763477279 	Best Valid Acc: 0.717894
Epoch: 104 	Training Cost: 9603.337788	 Valid Acc: 0.7170476996895286 	Best Valid Acc: 0.717894
Epoch: 105 	Training Cost: 9600.826340	 Valid Acc: 0.7164832063223258 	Best Valid Acc: 0.717894
Epoch: 106 	Training Cost: 9598.709082	 Valid Acc: 0.7169065763477279 	Best Valid Acc: 0.717894
Epoch: 107 	Training Cost: 9596.398891	 Valid Acc: 0.7164832063223258 	Best Valid Acc: 0.717894
Epoch: 108 	Training Cost: 9593.796239	 Valid Acc: 0.7176121930567316 	Best Valid Acc: 0.717894
Epoch: 109 	Training Cost: 9591.130966	 Valid Acc: 0.7176121930567316 	Best Valid Acc: 0.717894
Epoch: 110 	Training Cost: 9588.577896	 Valid Acc: 0.7164832063223258 	Best Valid Acc: 0.717894
Epoch: 111 	Training Cost: 9586.576208	 Valid Acc: 0.7167654530059272 	Best Valid Acc: 0.717894
Epoch: 112 	Training Cost: 9583.404940	 Valid Acc: 0.7163420829805249 	Best Valid Acc: 0.717894
Epoch: 113 	Training Cost: 9580.133895	 Valid Acc: 0.7170476996895286 	Best Valid Acc: 0.717894
Epoch: 114 	Training Cost: 9576.758378	 Valid Acc: 0.7164832063223258 	Best Valid Acc: 0.717894
Epoch: 115 	Training Cost: 9573.577691	 Valid Acc: 0.7159187129551228 	Best Valid Acc: 0.717894
Epoch: 116 	Training Cost: 9569.739127	 Valid Acc: 0.7163420829805249 	Best Valid Acc: 0.717894
Epoch: 117 	Training Cost: 9565.411497	 Valid Acc: 0.7160598362969235 	Best Valid Acc: 0.717894
Epoch: 118 	Training Cost: 9560.420595	 Valid Acc: 0.7169065763477279 	Best Valid Acc: 0.717894
Epoch: 119 	Training Cost: 9555.510137	 Valid Acc: 0.7153542195879199 	Best Valid Acc: 0.717894
Epoch: 120 	Training Cost: 9549.841450	 Valid Acc: 0.7166243296641265 	Best Valid Acc: 0.717894
Epoch: 121 	Training Cost: 9542.836765	 Valid Acc: 0.7159187129551228 	Best Valid Acc: 0.717894
Epoch: 122 	Training Cost: 9535.896423	 Valid Acc: 0.7160598362969235 	Best Valid Acc: 0.717894
Epoch: 123 	Training Cost: 9526.877943	 Valid Acc: 0.7166243296641265 	Best Valid Acc: 0.717894
Epoch: 124 	Training Cost: 9517.652233	 Valid Acc: 0.7169065763477279 	Best Valid Acc: 0.717894
Epoch: 125 	Training Cost: 9507.249259	 Valid Acc: 0.7153542195879199 	Best Valid Acc: 0.717894
Epoch: 126 	Training Cost: 9496.423747	 Valid Acc: 0.7153542195879199 	Best Valid Acc: 0.717894
Epoch: 127 	Training Cost: 9484.459073	 Valid Acc: 0.7154953429297206 	Best Valid Acc: 0.717894
Epoch: 128 	Training Cost: 9473.118835	 Valid Acc: 0.7159187129551228 	Best Valid Acc: 0.717894
Epoch: 129 	Training Cost: 9461.135266	 Valid Acc: 0.7162009596387242 	Best Valid Acc: 0.717894
Epoch: 130 	Training Cost: 9450.306364	 Valid Acc: 0.7150719729043183 	Best Valid Acc: 0.717894
Epoch: 131 	Training Cost: 9439.443137	 Valid Acc: 0.7150719729043183 	Best Valid Acc: 0.717894
Epoch: 132 	Training Cost: 9428.279263	 Valid Acc: 0.7147897262207169 	Best Valid Acc: 0.717894
Epoch: 133 	Training Cost: 9419.172752	 Valid Acc: 0.7145074795371155 	Best Valid Acc: 0.717894
Epoch: 134 	Training Cost: 9409.416033	 Valid Acc: 0.7143663561953147 	Best Valid Acc: 0.717894
Epoch: 135 	Training Cost: 9399.697479	 Valid Acc: 0.7140841095117132 	Best Valid Acc: 0.717894
Epoch: 136 	Training Cost: 9390.533874	 Valid Acc: 0.7150719729043183 	Best Valid Acc: 0.717894
Epoch: 137 	Training Cost: 9382.328034	 Valid Acc: 0.7145074795371155 	Best Valid Acc: 0.717894
Epoch: 138 	Training Cost: 9373.329763	 Valid Acc: 0.7143663561953147 	Best Valid Acc: 0.717894
Epoch: 139 	Training Cost: 9364.993665	 Valid Acc: 0.7156364662715213 	Best Valid Acc: 0.717894
Epoch: 140 	Training Cost: 9356.310296	 Valid Acc: 0.7150719729043183 	Best Valid Acc: 0.717894
Epoch: 141 	Training Cost: 9348.273622	 Valid Acc: 0.7159187129551228 	Best Valid Acc: 0.717894
Epoch: 142 	Training Cost: 9339.687803	 Valid Acc: 0.7150719729043183 	Best Valid Acc: 0.717894
Epoch: 143 	Training Cost: 9331.814548	 Valid Acc: 0.714225232853514 	Best Valid Acc: 0.717894
Epoch: 144 	Training Cost: 9323.467832	 Valid Acc: 0.7135196161445103 	Best Valid Acc: 0.717894
Epoch: 145 	Training Cost: 9315.954178	 Valid Acc: 0.713096246119108 	Best Valid Acc: 0.717894
Epoch: 146 	Training Cost: 9307.972647	 Valid Acc: 0.7139429861699125 	Best Valid Acc: 0.717894
Epoch: 147 	Training Cost: 9299.047879	 Valid Acc: 0.7132373694609089 	Best Valid Acc: 0.717894
Epoch: 148 	Training Cost: 9291.673858	 Valid Acc: 0.7128139994355066 	Best Valid Acc: 0.717894
Epoch: 149 	Training Cost: 9283.114369	 Valid Acc: 0.7129551227773073 	Best Valid Acc: 0.717894
Epoch: 150 	Training Cost: 9275.351588	 Valid Acc: 0.7140841095117132 	Best Valid Acc: 0.717894
Epoch: 151 	Training Cost: 9267.775363	 Valid Acc: 0.7126728760937059 	Best Valid Acc: 0.717894
Epoch: 152 	Training Cost: 9259.909786	 Valid Acc: 0.7119672593847022 	Best Valid Acc: 0.717894
Epoch: 153 	Training Cost: 9252.011719	 Valid Acc: 0.713096246119108 	Best Valid Acc: 0.717894
Epoch: 154 	Training Cost: 9245.274923	 Valid Acc: 0.7116850127011007 	Best Valid Acc: 0.717894
Epoch: 155 	Training Cost: 9236.631974	 Valid Acc: 0.712108382726503 	Best Valid Acc: 0.717894
Epoch: 156 	Training Cost: 9229.272902	 Valid Acc: 0.7116850127011007 	Best Valid Acc: 0.717894
Epoch: 157 	Training Cost: 9222.500627	 Valid Acc: 0.7115438893593 	Best Valid Acc: 0.717894
Epoch: 158 	Training Cost: 9214.526053	 Valid Acc: 0.7101326559412927 	Best Valid Acc: 0.717894
Epoch: 159 	Training Cost: 9206.686003	 Valid Acc: 0.7116850127011007 	Best Valid Acc: 0.717894
Epoch: 160 	Training Cost: 9199.383375	 Valid Acc: 0.7097092859158904 	Best Valid Acc: 0.717894
Epoch: 161 	Training Cost: 9191.777759	 Valid Acc: 0.7104149026248942 	Best Valid Acc: 0.717894
Epoch: 162 	Training Cost: 9184.630299	 Valid Acc: 0.7088625458650861 	Best Valid Acc: 0.717894
Epoch: 163 	Training Cost: 9177.422741	 Valid Acc: 0.7095681625740897 	Best Valid Acc: 0.717894
Epoch: 164 	Training Cost: 9169.467022	 Valid Acc: 0.7090036692068868 	Best Valid Acc: 0.717894
Epoch: 165 	Training Cost: 9162.694054	 Valid Acc: 0.7081569291560824 	Best Valid Acc: 0.717894
Epoch: 166 	Training Cost: 9156.140939	 Valid Acc: 0.7084391758396839 	Best Valid Acc: 0.717894
Epoch: 167 	Training Cost: 9148.845563	 Valid Acc: 0.7077335591306803 	Best Valid Acc: 0.717894
Epoch: 168 	Training Cost: 9141.520962	 Valid Acc: 0.7071690657634773 	Best Valid Acc: 0.717894
Epoch: 169 	Training Cost: 9134.324186	 Valid Acc: 0.7068868190798758 	Best Valid Acc: 0.717894
Epoch: 170 	Training Cost: 9127.094886	 Valid Acc: 0.7075924357888794 	Best Valid Acc: 0.717894
Epoch: 171 	Training Cost: 9120.824009	 Valid Acc: 0.7080158058142817 	Best Valid Acc: 0.717894
Epoch: 172 	Training Cost: 9113.867346	 Valid Acc: 0.7066045723962744 	Best Valid Acc: 0.717894
Epoch: 173 	Training Cost: 9107.702330	 Valid Acc: 0.707874682472481 	Best Valid Acc: 0.717894
Epoch: 174 	Training Cost: 9100.476873	 Valid Acc: 0.7054755856618685 	Best Valid Acc: 0.717894
Epoch: 175 	Training Cost: 9093.568629	 Valid Acc: 0.7075924357888794 	Best Valid Acc: 0.717894
Epoch: 176 	Training Cost: 9087.659767	 Valid Acc: 0.7058989556872707 	Best Valid Acc: 0.717894
Epoch: 177 	Training Cost: 9081.354028	 Valid Acc: 0.7060400790290714 	Best Valid Acc: 0.717894
Epoch: 178 	Training Cost: 9074.277321	 Valid Acc: 0.7053344623200677 	Best Valid Acc: 0.717894
Epoch: 179 	Training Cost: 9067.867689	 Valid Acc: 0.7049110922946655 	Best Valid Acc: 0.717894
Epoch: 180 	Training Cost: 9062.060848	 Valid Acc: 0.7043465989274627 	Best Valid Acc: 0.717894
Epoch: 181 	Training Cost: 9054.575887	 Valid Acc: 0.7050522156364663 	Best Valid Acc: 0.717894
Epoch: 182 	Training Cost: 9048.809856	 Valid Acc: 0.7044877222692634 	Best Valid Acc: 0.717894
Epoch: 183 	Training Cost: 9042.656335	 Valid Acc: 0.7066045723962744 	Best Valid Acc: 0.717894
Epoch: 184 	Training Cost: 9037.116795	 Valid Acc: 0.7040643522438611 	Best Valid Acc: 0.717894
Epoch: 185 	Training Cost: 9031.005936	 Valid Acc: 0.7047699689528648 	Best Valid Acc: 0.717894
Epoch: 186 	Training Cost: 9024.179975	 Valid Acc: 0.7039232289020604 	Best Valid Acc: 0.717894
Epoch: 187 	Training Cost: 9019.108350	 Valid Acc: 0.7053344623200677 	Best Valid Acc: 0.717894
Epoch: 188 	Training Cost: 9012.570948	 Valid Acc: 0.7050522156364663 	Best Valid Acc: 0.717894
Epoch: 189 	Training Cost: 9006.829944	 Valid Acc: 0.7049110922946655 	Best Valid Acc: 0.717894
Epoch: 190 	Training Cost: 9000.979446	 Valid Acc: 0.7036409822184589 	Best Valid Acc: 0.717894
Epoch: 191 	Training Cost: 8995.708654	 Valid Acc: 0.7043465989274627 	Best Valid Acc: 0.717894
Epoch: 192 	Training Cost: 8988.769149	 Valid Acc: 0.7032176121930568 	Best Valid Acc: 0.717894
Epoch: 193 	Training Cost: 8983.149729	 Valid Acc: 0.7044877222692634 	Best Valid Acc: 0.717894
Epoch: 194 	Training Cost: 8978.031851	 Valid Acc: 0.7034998588766582 	Best Valid Acc: 0.717894
Epoch: 195 	Training Cost: 8971.949244	 Valid Acc: 0.7036409822184589 	Best Valid Acc: 0.717894
Epoch: 196 	Training Cost: 8966.834505	 Valid Acc: 0.703076488851256 	Best Valid Acc: 0.717894
Epoch: 197 	Training Cost: 8962.093359	 Valid Acc: 0.7020886254586508 	Best Valid Acc: 0.717894
Epoch: 198 	Training Cost: 8956.023814	 Valid Acc: 0.7040643522438611 	Best Valid Acc: 0.717894
Epoch: 199 	Training Cost: 8950.209345	 Valid Acc: 0.7023708721422524 	Best Valid Acc: 0.717894
Epoch: 200 	Training Cost: 8943.971206	 Valid Acc: 0.7034998588766582 	Best Valid Acc: 0.717894
lr=1e-05, lamb=0.0001, num_epoch=200, test_acc=0.7022297488004516
----------------------------------------------------------
----------------------------------------------------------
lr=1e-05, lamb=0.001, num_epoch=200
Epoch: 1 	Training Cost: 14355.310264	 Valid Acc: 0.6322325712672876 	Best Valid Acc: 0.632233
Epoch: 2 	Training Cost: 13102.143116	 Valid Acc: 0.6701947502116851 	Best Valid Acc: 0.670195
Epoch: 3 	Training Cost: 12235.651121	 Valid Acc: 0.6734405870731018 	Best Valid Acc: 0.673441
Epoch: 4 	Training Cost: 11922.250117	 Valid Acc: 0.6780976573525261 	Best Valid Acc: 0.678098
Epoch: 5 	Training Cost: 11775.074433	 Valid Acc: 0.6809201241885408 	Best Valid Acc: 0.680920
Epoch: 6 	Training Cost: 11691.545758	 Valid Acc: 0.6803556308213379 	Best Valid Acc: 0.680920
Epoch: 7 	Training Cost: 11638.469908	 Valid Acc: 0.681343494213943 	Best Valid Acc: 0.681343
Epoch: 8 	Training Cost: 11602.409352	 Valid Acc: 0.6810612475303415 	Best Valid Acc: 0.681343
Epoch: 9 	Training Cost: 11576.871500	 Valid Acc: 0.6812023708721423 	Best Valid Acc: 0.681343
Epoch: 10 	Training Cost: 11557.467871	 Valid Acc: 0.6814846175557437 	Best Valid Acc: 0.681485
Epoch: 11 	Training Cost: 11540.933399	 Valid Acc: 0.6816257408975445 	Best Valid Acc: 0.681626
Epoch: 12 	Training Cost: 11525.175768	 Valid Acc: 0.6814846175557437 	Best Valid Acc: 0.681626
Epoch: 13 	Training Cost: 11508.922377	 Valid Acc: 0.683460344340954 	Best Valid Acc: 0.683460
Epoch: 14 	Training Cost: 11491.156729	 Valid Acc: 0.6844482077335591 	Best Valid Acc: 0.684448
Epoch: 15 	Training Cost: 11470.699987	 Valid Acc: 0.6817668642393452 	Best Valid Acc: 0.684448
Epoch: 16 	Training Cost: 11446.510266	 Valid Acc: 0.6812023708721423 	Best Valid Acc: 0.684448
Epoch: 17 	Training Cost: 11417.640596	 Valid Acc: 0.68077900084674 	Best Valid Acc: 0.684448
Epoch: 18 	Training Cost: 11383.882543	 Valid Acc: 0.6806378775049393 	Best Valid Acc: 0.684448
Epoch: 19 	Training Cost: 11346.102219	 Valid Acc: 0.6804967541631386 	Best Valid Acc: 0.684448
Epoch: 20 	Training Cost: 11305.944519	 Valid Acc: 0.68077900084674 	Best Valid Acc: 0.684448
Epoch: 21 	Training Cost: 11264.429410	 Valid Acc: 0.68077900084674 	Best Valid Acc: 0.684448
Epoch: 22 	Training Cost: 11222.057489	 Valid Acc: 0.6830369743155518 	Best Valid Acc: 0.684448
Epoch: 23 	Training Cost: 11178.618097	 Valid Acc: 0.6843070843917584 	Best Valid Acc: 0.684448
Epoch: 24 	Training Cost: 11132.725314	 Valid Acc: 0.6864239345187694 	Best Valid Acc: 0.686424
Epoch: 25 	Training Cost: 11081.817492	 Valid Acc: 0.6896697713801863 	Best Valid Acc: 0.689670
Epoch: 26 	Training Cost: 11022.303298	 Valid Acc: 0.6948913350268134 	Best Valid Acc: 0.694891
Epoch: 27 	Training Cost: 10952.305173	 Valid Acc: 0.6977138018628282 	Best Valid Acc: 0.697714
Epoch: 28 	Training Cost: 10874.049545	 Valid Acc: 0.6984194185718318 	Best Valid Acc: 0.698419
Epoch: 29 	Training Cost: 10792.017519	 Valid Acc: 0.7018063787750494 	Best Valid Acc: 0.701806
Epoch: 30 	Training Cost: 10711.815053	 Valid Acc: 0.7034998588766582 	Best Valid Acc: 0.703500
Epoch: 31 	Training Cost: 10638.325050	 Valid Acc: 0.7049110922946655 	Best Valid Acc: 0.704911
Epoch: 32 	Training Cost: 10573.641394	 Valid Acc: 0.7043465989274627 	Best Valid Acc: 0.704911
Epoch: 33 	Training Cost: 10517.654456	 Valid Acc: 0.7046288456110641 	Best Valid Acc: 0.704911
Epoch: 34 	Training Cost: 10469.187906	 Valid Acc: 0.7050522156364663 	Best Valid Acc: 0.705052
Epoch: 35 	Training Cost: 10426.842576	 Valid Acc: 0.7046288456110641 	Best Valid Acc: 0.705052
Epoch: 36 	Training Cost: 10389.410256	 Valid Acc: 0.7064634490544736 	Best Valid Acc: 0.706463
Epoch: 37 	Training Cost: 10356.026115	 Valid Acc: 0.7068868190798758 	Best Valid Acc: 0.706887
Epoch: 38 	Training Cost: 10326.047570	 Valid Acc: 0.7070279424216765 	Best Valid Acc: 0.707028
Epoch: 39 	Training Cost: 10299.169218	 Valid Acc: 0.7071690657634773 	Best Valid Acc: 0.707169
Epoch: 40 	Training Cost: 10274.858392	 Valid Acc: 0.7080158058142817 	Best Valid Acc: 0.708016
Epoch: 41 	Training Cost: 10252.878102	 Valid Acc: 0.707874682472481 	Best Valid Acc: 0.708016
Epoch: 42 	Training Cost: 10233.005146	 Valid Acc: 0.7084391758396839 	Best Valid Acc: 0.708439
Epoch: 43 	Training Cost: 10214.862730	 Valid Acc: 0.7088625458650861 	Best Valid Acc: 0.708863
Epoch: 44 	Training Cost: 10198.225198	 Valid Acc: 0.709427039232289 	Best Valid Acc: 0.709427
Epoch: 45 	Training Cost: 10182.873539	 Valid Acc: 0.709991532599492 	Best Valid Acc: 0.709992
Epoch: 46 	Training Cost: 10168.582166	 Valid Acc: 0.7098504092576913 	Best Valid Acc: 0.709992
Epoch: 47 	Training Cost: 10155.211635	 Valid Acc: 0.7108382726502963 	Best Valid Acc: 0.710838
Epoch: 48 	Training Cost: 10142.676035	 Valid Acc: 0.7116850127011007 	Best Valid Acc: 0.711685
Epoch: 49 	Training Cost: 10130.902306	 Valid Acc: 0.7125317527519052 	Best Valid Acc: 0.712532
Epoch: 50 	Training Cost: 10119.728683	 Valid Acc: 0.7129551227773073 	Best Valid Acc: 0.712955
Epoch: 51 	Training Cost: 10109.135636	 Valid Acc: 0.713660739486311 	Best Valid Acc: 0.713661
Epoch: 52 	Training Cost: 10098.996616	 Valid Acc: 0.7140841095117132 	Best Valid Acc: 0.714084
Epoch: 53 	Training Cost: 10089.296353	 Valid Acc: 0.7143663561953147 	Best Valid Acc: 0.714366
Epoch: 54 	Training Cost: 10079.974777	 Valid Acc: 0.7150719729043183 	Best Valid Acc: 0.715072
Epoch: 55 	Training Cost: 10070.982462	 Valid Acc: 0.7152130962461191 	Best Valid Acc: 0.715213
Epoch: 56 	Training Cost: 10062.244742	 Valid Acc: 0.7147897262207169 	Best Valid Acc: 0.715213
Epoch: 57 	Training Cost: 10053.779638	 Valid Acc: 0.7145074795371155 	Best Valid Acc: 0.715213
Epoch: 58 	Training Cost: 10045.524060	 Valid Acc: 0.7147897262207169 	Best Valid Acc: 0.715213
Epoch: 59 	Training Cost: 10037.492281	 Valid Acc: 0.7150719729043183 	Best Valid Acc: 0.715213
Epoch: 60 	Training Cost: 10029.664595	 Valid Acc: 0.7153542195879199 	Best Valid Acc: 0.715354
Epoch: 61 	Training Cost: 10021.980840	 Valid Acc: 0.7160598362969235 	Best Valid Acc: 0.716060
Epoch: 62 	Training Cost: 10014.456228	 Valid Acc: 0.7163420829805249 	Best Valid Acc: 0.716342
Epoch: 63 	Training Cost: 10007.103811	 Valid Acc: 0.7163420829805249 	Best Valid Acc: 0.716342
Epoch: 64 	Training Cost: 9999.919286	 Valid Acc: 0.7160598362969235 	Best Valid Acc: 0.716342
Epoch: 65 	Training Cost: 9992.875814	 Valid Acc: 0.7160598362969235 	Best Valid Acc: 0.716342
Epoch: 66 	Training Cost: 9985.996799	 Valid Acc: 0.7156364662715213 	Best Valid Acc: 0.716342
Epoch: 67 	Training Cost: 9979.231785	 Valid Acc: 0.7163420829805249 	Best Valid Acc: 0.716342
Epoch: 68 	Training Cost: 9972.600453	 Valid Acc: 0.7164832063223258 	Best Valid Acc: 0.716483
Epoch: 69 	Training Cost: 9966.060031	 Valid Acc: 0.715777589613322 	Best Valid Acc: 0.716483
Epoch: 70 	Training Cost: 9959.648175	 Valid Acc: 0.7149308495625176 	Best Valid Acc: 0.716483
Epoch: 71 	Training Cost: 9953.293183	 Valid Acc: 0.713660739486311 	Best Valid Acc: 0.716483
Epoch: 72 	Training Cost: 9947.090101	 Valid Acc: 0.7128139994355066 	Best Valid Acc: 0.716483
Epoch: 73 	Training Cost: 9941.008270	 Valid Acc: 0.713096246119108 	Best Valid Acc: 0.716483
Epoch: 74 	Training Cost: 9935.000227	 Valid Acc: 0.7135196161445103 	Best Valid Acc: 0.716483
Epoch: 75 	Training Cost: 9929.131992	 Valid Acc: 0.7135196161445103 	Best Valid Acc: 0.716483
Epoch: 76 	Training Cost: 9923.374412	 Valid Acc: 0.7129551227773073 	Best Valid Acc: 0.716483
Epoch: 77 	Training Cost: 9917.715850	 Valid Acc: 0.7132373694609089 	Best Valid Acc: 0.716483
Epoch: 78 	Training Cost: 9912.213978	 Valid Acc: 0.7135196161445103 	Best Valid Acc: 0.716483
Epoch: 79 	Training Cost: 9906.808661	 Valid Acc: 0.7135196161445103 	Best Valid Acc: 0.716483
Epoch: 80 	Training Cost: 9901.556468	 Valid Acc: 0.713096246119108 	Best Valid Acc: 0.716483
Epoch: 81 	Training Cost: 9896.399643	 Valid Acc: 0.7135196161445103 	Best Valid Acc: 0.716483
Epoch: 82 	Training Cost: 9891.401446	 Valid Acc: 0.7149308495625176 	Best Valid Acc: 0.716483
Epoch: 83 	Training Cost: 9886.469548	 Valid Acc: 0.7153542195879199 	Best Valid Acc: 0.716483
Epoch: 84 	Training Cost: 9881.701559	 Valid Acc: 0.7160598362969235 	Best Valid Acc: 0.716483
Epoch: 85 	Training Cost: 9877.105023	 Valid Acc: 0.7160598362969235 	Best Valid Acc: 0.716483
Epoch: 86 	Training Cost: 9872.609950	 Valid Acc: 0.715777589613322 	Best Valid Acc: 0.716483
Epoch: 87 	Training Cost: 9868.248050	 Valid Acc: 0.7156364662715213 	Best Valid Acc: 0.716483
Epoch: 88 	Training Cost: 9864.006882	 Valid Acc: 0.7154953429297206 	Best Valid Acc: 0.716483
Epoch: 89 	Training Cost: 9859.911204	 Valid Acc: 0.7153542195879199 	Best Valid Acc: 0.716483
Epoch: 90 	Training Cost: 9855.947402	 Valid Acc: 0.7159187129551228 	Best Valid Acc: 0.716483
Epoch: 91 	Training Cost: 9852.111847	 Valid Acc: 0.7159187129551228 	Best Valid Acc: 0.716483
Epoch: 92 	Training Cost: 9848.374205	 Valid Acc: 0.715777589613322 	Best Valid Acc: 0.716483
Epoch: 93 	Training Cost: 9844.747679	 Valid Acc: 0.715777589613322 	Best Valid Acc: 0.716483
Epoch: 94 	Training Cost: 9841.222286	 Valid Acc: 0.7163420829805249 	Best Valid Acc: 0.716483
Epoch: 95 	Training Cost: 9837.816140	 Valid Acc: 0.7164832063223258 	Best Valid Acc: 0.716483
Epoch: 96 	Training Cost: 9834.498730	 Valid Acc: 0.7163420829805249 	Best Valid Acc: 0.716483
Epoch: 97 	Training Cost: 9831.318157	 Valid Acc: 0.7163420829805249 	Best Valid Acc: 0.716483
Epoch: 98 	Training Cost: 9828.167499	 Valid Acc: 0.7164832063223258 	Best Valid Acc: 0.716483
Epoch: 99 	Training Cost: 9825.139292	 Valid Acc: 0.7163420829805249 	Best Valid Acc: 0.716483
Epoch: 100 	Training Cost: 9822.266353	 Valid Acc: 0.7162009596387242 	Best Valid Acc: 0.716483
Epoch: 101 	Training Cost: 9819.496278	 Valid Acc: 0.7163420829805249 	Best Valid Acc: 0.716483
Epoch: 102 	Training Cost: 9816.806439	 Valid Acc: 0.7156364662715213 	Best Valid Acc: 0.716483
Epoch: 103 	Training Cost: 9814.265032	 Valid Acc: 0.7150719729043183 	Best Valid Acc: 0.716483
Epoch: 104 	Training Cost: 9811.940557	 Valid Acc: 0.7159187129551228 	Best Valid Acc: 0.716483
Epoch: 105 	Training Cost: 9809.555469	 Valid Acc: 0.715777589613322 	Best Valid Acc: 0.716483
Epoch: 106 	Training Cost: 9807.324145	 Valid Acc: 0.7167654530059272 	Best Valid Acc: 0.716765
Epoch: 107 	Training Cost: 9805.010081	 Valid Acc: 0.7171888230313294 	Best Valid Acc: 0.717189
Epoch: 108 	Training Cost: 9802.912274	 Valid Acc: 0.7163420829805249 	Best Valid Acc: 0.717189
Epoch: 109 	Training Cost: 9800.746916	 Valid Acc: 0.7176121930567316 	Best Valid Acc: 0.717612
Epoch: 110 	Training Cost: 9798.691564	 Valid Acc: 0.7166243296641265 	Best Valid Acc: 0.717612
Epoch: 111 	Training Cost: 9796.669181	 Valid Acc: 0.7171888230313294 	Best Valid Acc: 0.717612
Epoch: 112 	Training Cost: 9794.761823	 Valid Acc: 0.7169065763477279 	Best Valid Acc: 0.717612
Epoch: 113 	Training Cost: 9792.991591	 Valid Acc: 0.7177533163985323 	Best Valid Acc: 0.717753
Epoch: 114 	Training Cost: 9790.887021	 Valid Acc: 0.7170476996895286 	Best Valid Acc: 0.717753
Epoch: 115 	Training Cost: 9789.397543	 Valid Acc: 0.7167654530059272 	Best Valid Acc: 0.717753
Epoch: 116 	Training Cost: 9787.312287	 Valid Acc: 0.7167654530059272 	Best Valid Acc: 0.717753
Epoch: 117 	Training Cost: 9785.657808	 Valid Acc: 0.7152130962461191 	Best Valid Acc: 0.717753
Epoch: 118 	Training Cost: 9783.747084	 Valid Acc: 0.7169065763477279 	Best Valid Acc: 0.717753
Epoch: 119 	Training Cost: 9782.252014	 Valid Acc: 0.7156364662715213 	Best Valid Acc: 0.717753
Epoch: 120 	Training Cost: 9780.441703	 Valid Acc: 0.7156364662715213 	Best Valid Acc: 0.717753
Epoch: 121 	Training Cost: 9778.632983	 Valid Acc: 0.715777589613322 	Best Valid Acc: 0.717753
Epoch: 122 	Training Cost: 9777.233325	 Valid Acc: 0.7170476996895286 	Best Valid Acc: 0.717753
Epoch: 123 	Training Cost: 9775.567040	 Valid Acc: 0.7164832063223258 	Best Valid Acc: 0.717753
Epoch: 124 	Training Cost: 9773.833037	 Valid Acc: 0.7164832063223258 	Best Valid Acc: 0.717753
Epoch: 125 	Training Cost: 9772.258299	 Valid Acc: 0.7169065763477279 	Best Valid Acc: 0.717753
Epoch: 126 	Training Cost: 9770.926293	 Valid Acc: 0.7160598362969235 	Best Valid Acc: 0.717753
Epoch: 127 	Training Cost: 9769.610753	 Valid Acc: 0.7164832063223258 	Best Valid Acc: 0.717753
Epoch: 128 	Training Cost: 9767.932575	 Valid Acc: 0.7163420829805249 	Best Valid Acc: 0.717753
Epoch: 129 	Training Cost: 9766.494430	 Valid Acc: 0.7162009596387242 	Best Valid Acc: 0.717753
Epoch: 130 	Training Cost: 9765.442880	 Valid Acc: 0.7163420829805249 	Best Valid Acc: 0.717753
Epoch: 131 	Training Cost: 9763.735888	 Valid Acc: 0.7156364662715213 	Best Valid Acc: 0.717753
Epoch: 132 	Training Cost: 9762.420019	 Valid Acc: 0.7163420829805249 	Best Valid Acc: 0.717753
Epoch: 133 	Training Cost: 9761.206822	 Valid Acc: 0.7166243296641265 	Best Valid Acc: 0.717753
Epoch: 134 	Training Cost: 9759.684499	 Valid Acc: 0.715777589613322 	Best Valid Acc: 0.717753
Epoch: 135 	Training Cost: 9758.501628	 Valid Acc: 0.7171888230313294 	Best Valid Acc: 0.717753
Epoch: 136 	Training Cost: 9757.123476	 Valid Acc: 0.7152130962461191 	Best Valid Acc: 0.717753
Epoch: 137 	Training Cost: 9755.744876	 Valid Acc: 0.7167654530059272 	Best Valid Acc: 0.717753
Epoch: 138 	Training Cost: 9754.567739	 Valid Acc: 0.7173299463731301 	Best Valid Acc: 0.717753
Epoch: 139 	Training Cost: 9753.467523	 Valid Acc: 0.715777589613322 	Best Valid Acc: 0.717753
Epoch: 140 	Training Cost: 9752.026235	 Valid Acc: 0.7173299463731301 	Best Valid Acc: 0.717753
Epoch: 141 	Training Cost: 9751.018854	 Valid Acc: 0.7153542195879199 	Best Valid Acc: 0.717753
Epoch: 142 	Training Cost: 9749.634139	 Valid Acc: 0.7178944397403331 	Best Valid Acc: 0.717894
Epoch: 143 	Training Cost: 9748.309048	 Valid Acc: 0.7163420829805249 	Best Valid Acc: 0.717894
Epoch: 144 	Training Cost: 9747.543762	 Valid Acc: 0.7173299463731301 	Best Valid Acc: 0.717894
Epoch: 145 	Training Cost: 9746.710439	 Valid Acc: 0.7160598362969235 	Best Valid Acc: 0.717894
Epoch: 146 	Training Cost: 9744.718310	 Valid Acc: 0.7183178097657352 	Best Valid Acc: 0.718318
Epoch: 147 	Training Cost: 9743.947691	 Valid Acc: 0.715777589613322 	Best Valid Acc: 0.718318
Epoch: 148 	Training Cost: 9742.991648	 Valid Acc: 0.7178944397403331 	Best Valid Acc: 0.718318
Epoch: 149 	Training Cost: 9741.724771	 Valid Acc: 0.7159187129551228 	Best Valid Acc: 0.718318
Epoch: 150 	Training Cost: 9740.756190	 Valid Acc: 0.7183178097657352 	Best Valid Acc: 0.718318
Epoch: 151 	Training Cost: 9740.242361	 Valid Acc: 0.7166243296641265 	Best Valid Acc: 0.718318
Epoch: 152 	Training Cost: 9738.665006	 Valid Acc: 0.7183178097657352 	Best Valid Acc: 0.718318
Epoch: 153 	Training Cost: 9737.425070	 Valid Acc: 0.7167654530059272 	Best Valid Acc: 0.718318
Epoch: 154 	Training Cost: 9736.475503	 Valid Acc: 0.7176121930567316 	Best Valid Acc: 0.718318
Epoch: 155 	Training Cost: 9735.880091	 Valid Acc: 0.7170476996895286 	Best Valid Acc: 0.718318
Epoch: 156 	Training Cost: 9734.383262	 Valid Acc: 0.7167654530059272 	Best Valid Acc: 0.718318
Epoch: 157 	Training Cost: 9733.277584	 Valid Acc: 0.7167654530059272 	Best Valid Acc: 0.718318
Epoch: 158 	Training Cost: 9732.357866	 Valid Acc: 0.7176121930567316 	Best Valid Acc: 0.718318
Epoch: 159 	Training Cost: 9731.178537	 Valid Acc: 0.7169065763477279 	Best Valid Acc: 0.718318
Epoch: 160 	Training Cost: 9730.339304	 Valid Acc: 0.7159187129551228 	Best Valid Acc: 0.718318
Epoch: 161 	Training Cost: 9729.618175	 Valid Acc: 0.7170476996895286 	Best Valid Acc: 0.718318
Epoch: 162 	Training Cost: 9728.387402	 Valid Acc: 0.7153542195879199 	Best Valid Acc: 0.718318
Epoch: 163 	Training Cost: 9727.572718	 Valid Acc: 0.7174710697149308 	Best Valid Acc: 0.718318
Epoch: 164 	Training Cost: 9726.505855	 Valid Acc: 0.7160598362969235 	Best Valid Acc: 0.718318
Epoch: 165 	Training Cost: 9724.995321	 Valid Acc: 0.7164832063223258 	Best Valid Acc: 0.718318
Epoch: 166 	Training Cost: 9724.744134	 Valid Acc: 0.7164832063223258 	Best Valid Acc: 0.718318
Epoch: 167 	Training Cost: 9723.716687	 Valid Acc: 0.7169065763477279 	Best Valid Acc: 0.718318
Epoch: 168 	Training Cost: 9722.796187	 Valid Acc: 0.7156364662715213 	Best Valid Acc: 0.718318
Epoch: 169 	Training Cost: 9721.347723	 Valid Acc: 0.7163420829805249 	Best Valid Acc: 0.718318
Epoch: 170 	Training Cost: 9721.013835	 Valid Acc: 0.7162009596387242 	Best Valid Acc: 0.718318
Epoch: 171 	Training Cost: 9719.728644	 Valid Acc: 0.7163420829805249 	Best Valid Acc: 0.718318
Epoch: 172 	Training Cost: 9718.830405	 Valid Acc: 0.7162009596387242 	Best Valid Acc: 0.718318
Epoch: 173 	Training Cost: 9718.031503	 Valid Acc: 0.7170476996895286 	Best Valid Acc: 0.718318
Epoch: 174 	Training Cost: 9716.902798	 Valid Acc: 0.7160598362969235 	Best Valid Acc: 0.718318
Epoch: 175 	Training Cost: 9715.965394	 Valid Acc: 0.7173299463731301 	Best Valid Acc: 0.718318
Epoch: 176 	Training Cost: 9715.112027	 Valid Acc: 0.715777589613322 	Best Valid Acc: 0.718318
Epoch: 177 	Training Cost: 9713.993319	 Valid Acc: 0.7170476996895286 	Best Valid Acc: 0.718318
Epoch: 178 	Training Cost: 9713.587702	 Valid Acc: 0.7163420829805249 	Best Valid Acc: 0.718318
Epoch: 179 	Training Cost: 9711.990769	 Valid Acc: 0.7171888230313294 	Best Valid Acc: 0.718318
Epoch: 180 	Training Cost: 9710.724080	 Valid Acc: 0.7173299463731301 	Best Valid Acc: 0.718318
Epoch: 181 	Training Cost: 9710.433072	 Valid Acc: 0.7162009596387242 	Best Valid Acc: 0.718318
Epoch: 182 	Training Cost: 9709.264396	 Valid Acc: 0.7167654530059272 	Best Valid Acc: 0.718318
Epoch: 183 	Training Cost: 9707.960675	 Valid Acc: 0.7163420829805249 	Best Valid Acc: 0.718318
Epoch: 184 	Training Cost: 9707.899216	 Valid Acc: 0.7183178097657352 	Best Valid Acc: 0.718318
Epoch: 185 	Training Cost: 9706.738578	 Valid Acc: 0.7167654530059272 	Best Valid Acc: 0.718318
Epoch: 186 	Training Cost: 9705.219546	 Valid Acc: 0.7176121930567316 	Best Valid Acc: 0.718318
Epoch: 187 	Training Cost: 9704.538564	 Valid Acc: 0.7167654530059272 	Best Valid Acc: 0.718318
Epoch: 188 	Training Cost: 9703.979933	 Valid Acc: 0.7164832063223258 	Best Valid Acc: 0.718318
Epoch: 189 	Training Cost: 9702.683265	 Valid Acc: 0.7174710697149308 	Best Valid Acc: 0.718318
Epoch: 190 	Training Cost: 9701.511089	 Valid Acc: 0.7169065763477279 	Best Valid Acc: 0.718318
Epoch: 191 	Training Cost: 9700.888568	 Valid Acc: 0.7164832063223258 	Best Valid Acc: 0.718318
Epoch: 192 	Training Cost: 9700.224165	 Valid Acc: 0.7167654530059272 	Best Valid Acc: 0.718318
Epoch: 193 	Training Cost: 9699.133164	 Valid Acc: 0.7170476996895286 	Best Valid Acc: 0.718318
Epoch: 194 	Training Cost: 9698.036298	 Valid Acc: 0.7169065763477279 	Best Valid Acc: 0.718318
Epoch: 195 	Training Cost: 9697.777025	 Valid Acc: 0.7170476996895286 	Best Valid Acc: 0.718318
Epoch: 196 	Training Cost: 9696.506122	 Valid Acc: 0.7174710697149308 	Best Valid Acc: 0.718318
Epoch: 197 	Training Cost: 9695.445578	 Valid Acc: 0.7167654530059272 	Best Valid Acc: 0.718318
Epoch: 198 	Training Cost: 9694.128723	 Valid Acc: 0.7170476996895286 	Best Valid Acc: 0.718318
Epoch: 199 	Training Cost: 9693.425942	 Valid Acc: 0.7176121930567316 	Best Valid Acc: 0.718318
Epoch: 200 	Training Cost: 9693.076924	 Valid Acc: 0.7167654530059272 	Best Valid Acc: 0.718318
lr=1e-05, lamb=0.001, num_epoch=200, test_acc=0.7087214225232854
----------------------------------------------------------
lr=1e-05, lamb=0, best_valid_acc=0.7156364662715213
lr=1e-05, lamb=1e-05, best_valid_acc=0.7170476996895286
lr=1e-05, lamb=0.0001, best_valid_acc=0.7178944397403331
lr=1e-05, lamb=0.001, best_valid_acc=0.7183178097657352
