nn9.py, same as nn7.py, but add gender/age info
Tuning process for lr=3e-05
----------------------------------------------------------
lr=3e-05, lamb=0, num_epoch=200
Epoch: 1 	Training Cost: 12940.860821	 Valid Acc: 0.6790855207451313 	Best Valid Acc: 0.679086
Epoch: 2 	Training Cost: 11617.839625	 Valid Acc: 0.68077900084674 	Best Valid Acc: 0.680779
Epoch: 3 	Training Cost: 11464.290798	 Valid Acc: 0.6826136042901496 	Best Valid Acc: 0.682614
Epoch: 4 	Training Cost: 11406.631203	 Valid Acc: 0.6823313576065482 	Best Valid Acc: 0.682614
Epoch: 5 	Training Cost: 11336.090679	 Valid Acc: 0.6841659610499576 	Best Valid Acc: 0.684166
Epoch: 6 	Training Cost: 11182.119855	 Valid Acc: 0.6850127011007621 	Best Valid Acc: 0.685013
Epoch: 7 	Training Cost: 10986.122426	 Valid Acc: 0.6910810047981937 	Best Valid Acc: 0.691081
Epoch: 8 	Training Cost: 10776.701312	 Valid Acc: 0.6999717753316399 	Best Valid Acc: 0.699972
Epoch: 9 	Training Cost: 10579.593652	 Valid Acc: 0.7005362686988428 	Best Valid Acc: 0.700536
Epoch: 10 	Training Cost: 10426.693333	 Valid Acc: 0.7036409822184589 	Best Valid Acc: 0.703641
Epoch: 11 	Training Cost: 10312.612997	 Valid Acc: 0.7034998588766582 	Best Valid Acc: 0.703641
Epoch: 12 	Training Cost: 10223.733655	 Valid Acc: 0.7047699689528648 	Best Valid Acc: 0.704770
Epoch: 13 	Training Cost: 10152.762989	 Valid Acc: 0.7042054755856618 	Best Valid Acc: 0.704770
Epoch: 14 	Training Cost: 10094.691722	 Valid Acc: 0.7066045723962744 	Best Valid Acc: 0.706605
Epoch: 15 	Training Cost: 10045.730404	 Valid Acc: 0.7081569291560824 	Best Valid Acc: 0.708157
Epoch: 16 	Training Cost: 10003.284402	 Valid Acc: 0.7091447925486876 	Best Valid Acc: 0.709145
Epoch: 17 	Training Cost: 9964.968735	 Valid Acc: 0.7105560259666949 	Best Valid Acc: 0.710556
Epoch: 18 	Training Cost: 9929.515402	 Valid Acc: 0.7128139994355066 	Best Valid Acc: 0.712814
Epoch: 19 	Training Cost: 9896.639355	 Valid Acc: 0.7135196161445103 	Best Valid Acc: 0.713520
Epoch: 20 	Training Cost: 9866.325327	 Valid Acc: 0.7138018628281118 	Best Valid Acc: 0.713802
Epoch: 21 	Training Cost: 9837.388234	 Valid Acc: 0.7138018628281118 	Best Valid Acc: 0.713802
Epoch: 22 	Training Cost: 9809.693377	 Valid Acc: 0.7139429861699125 	Best Valid Acc: 0.713943
Epoch: 23 	Training Cost: 9783.734796	 Valid Acc: 0.7126728760937059 	Best Valid Acc: 0.713943
Epoch: 24 	Training Cost: 9759.729354	 Valid Acc: 0.7145074795371155 	Best Valid Acc: 0.714507
Epoch: 25 	Training Cost: 9737.581231	 Valid Acc: 0.7174710697149308 	Best Valid Acc: 0.717471
Epoch: 26 	Training Cost: 9716.822386	 Valid Acc: 0.7171888230313294 	Best Valid Acc: 0.717471
Epoch: 27 	Training Cost: 9698.041434	 Valid Acc: 0.7170476996895286 	Best Valid Acc: 0.717471
Epoch: 28 	Training Cost: 9680.766574	 Valid Acc: 0.7156364662715213 	Best Valid Acc: 0.717471
Epoch: 29 	Training Cost: 9664.766180	 Valid Acc: 0.7132373694609089 	Best Valid Acc: 0.717471
Epoch: 30 	Training Cost: 9650.613964	 Valid Acc: 0.7152130962461191 	Best Valid Acc: 0.717471
Epoch: 31 	Training Cost: 9636.737298	 Valid Acc: 0.712108382726503 	Best Valid Acc: 0.717471
Epoch: 32 	Training Cost: 9624.867513	 Valid Acc: 0.713096246119108 	Best Valid Acc: 0.717471
Epoch: 33 	Training Cost: 9609.731839	 Valid Acc: 0.7116850127011007 	Best Valid Acc: 0.717471
Epoch: 34 	Training Cost: 9596.558890	 Valid Acc: 0.7135196161445103 	Best Valid Acc: 0.717471
Epoch: 35 	Training Cost: 9582.604640	 Valid Acc: 0.7114027660174993 	Best Valid Acc: 0.717471
Epoch: 36 	Training Cost: 9562.880224	 Valid Acc: 0.713096246119108 	Best Valid Acc: 0.717471
Epoch: 37 	Training Cost: 9541.623709	 Valid Acc: 0.7114027660174993 	Best Valid Acc: 0.717471
Epoch: 38 	Training Cost: 9517.194410	 Valid Acc: 0.7138018628281118 	Best Valid Acc: 0.717471
Epoch: 39 	Training Cost: 9487.315559	 Valid Acc: 0.712108382726503 	Best Valid Acc: 0.717471
Epoch: 40 	Training Cost: 9455.490520	 Valid Acc: 0.7118261360429015 	Best Valid Acc: 0.717471
Epoch: 41 	Training Cost: 9421.759439	 Valid Acc: 0.7125317527519052 	Best Valid Acc: 0.717471
Epoch: 42 	Training Cost: 9390.503766	 Valid Acc: 0.7111205193338979 	Best Valid Acc: 0.717471
Epoch: 43 	Training Cost: 9361.440412	 Valid Acc: 0.7115438893593 	Best Valid Acc: 0.717471
Epoch: 44 	Training Cost: 9335.786921	 Valid Acc: 0.7084391758396839 	Best Valid Acc: 0.717471
Epoch: 45 	Training Cost: 9312.532494	 Valid Acc: 0.712108382726503 	Best Valid Acc: 0.717471
Epoch: 46 	Training Cost: 9281.946378	 Valid Acc: 0.709427039232289 	Best Valid Acc: 0.717471
Epoch: 47 	Training Cost: 9257.858146	 Valid Acc: 0.7102737792830934 	Best Valid Acc: 0.717471
Epoch: 48 	Training Cost: 9236.595036	 Valid Acc: 0.7074513124470787 	Best Valid Acc: 0.717471
Epoch: 49 	Training Cost: 9211.009526	 Valid Acc: 0.7080158058142817 	Best Valid Acc: 0.717471
Epoch: 50 	Training Cost: 9190.014577	 Valid Acc: 0.70575783234547 	Best Valid Acc: 0.717471
Epoch: 51 	Training Cost: 9166.372836	 Valid Acc: 0.7047699689528648 	Best Valid Acc: 0.717471
Epoch: 52 	Training Cost: 9144.447004	 Valid Acc: 0.7033587355348575 	Best Valid Acc: 0.717471
Epoch: 53 	Training Cost: 9124.844882	 Valid Acc: 0.70575783234547 	Best Valid Acc: 0.717471
Epoch: 54 	Training Cost: 9102.713551	 Valid Acc: 0.7043465989274627 	Best Valid Acc: 0.717471
Epoch: 55 	Training Cost: 9082.509589	 Valid Acc: 0.7020886254586508 	Best Valid Acc: 0.717471
Epoch: 56 	Training Cost: 9061.428725	 Valid Acc: 0.7046288456110641 	Best Valid Acc: 0.717471
Epoch: 57 	Training Cost: 9041.296421	 Valid Acc: 0.7023708721422524 	Best Valid Acc: 0.717471
Epoch: 58 	Training Cost: 9021.774328	 Valid Acc: 0.7029353655094552 	Best Valid Acc: 0.717471
Epoch: 59 	Training Cost: 9005.080750	 Valid Acc: 0.7046288456110641 	Best Valid Acc: 0.717471
Epoch: 60 	Training Cost: 8989.506502	 Valid Acc: 0.7039232289020604 	Best Valid Acc: 0.717471
Epoch: 61 	Training Cost: 8968.657858	 Valid Acc: 0.7026531188258538 	Best Valid Acc: 0.717471
Epoch: 62 	Training Cost: 8948.189440	 Valid Acc: 0.7009596387242449 	Best Valid Acc: 0.717471
Epoch: 63 	Training Cost: 8930.173023	 Valid Acc: 0.7027942421676545 	Best Valid Acc: 0.717471
Epoch: 64 	Training Cost: 8915.919831	 Valid Acc: 0.7006773920406435 	Best Valid Acc: 0.717471
Epoch: 65 	Training Cost: 8895.548741	 Valid Acc: 0.7012418854078465 	Best Valid Acc: 0.717471
Epoch: 66 	Training Cost: 8873.921225	 Valid Acc: 0.7032176121930568 	Best Valid Acc: 0.717471
Epoch: 67 	Training Cost: 8859.266779	 Valid Acc: 0.7046288456110641 	Best Valid Acc: 0.717471
Epoch: 68 	Training Cost: 8845.360365	 Valid Acc: 0.7020886254586508 	Best Valid Acc: 0.717471
Epoch: 69 	Training Cost: 8826.516499	 Valid Acc: 0.7034998588766582 	Best Valid Acc: 0.717471
Epoch: 70 	Training Cost: 8808.310572	 Valid Acc: 0.7029353655094552 	Best Valid Acc: 0.717471
Epoch: 71 	Training Cost: 8791.546823	 Valid Acc: 0.7005362686988428 	Best Valid Acc: 0.717471
Epoch: 72 	Training Cost: 8776.721991	 Valid Acc: 0.7012418854078465 	Best Valid Acc: 0.717471
Epoch: 73 	Training Cost: 8756.532414	 Valid Acc: 0.703076488851256 	Best Valid Acc: 0.717471
Epoch: 74 	Training Cost: 8739.920913	 Valid Acc: 0.7015241320914479 	Best Valid Acc: 0.717471
Epoch: 75 	Training Cost: 8725.782023	 Valid Acc: 0.7006773920406435 	Best Valid Acc: 0.717471
Epoch: 76 	Training Cost: 8710.882691	 Valid Acc: 0.6995484053062376 	Best Valid Acc: 0.717471
Epoch: 77 	Training Cost: 8689.014552	 Valid Acc: 0.7011007620660458 	Best Valid Acc: 0.717471
Epoch: 78 	Training Cost: 8673.534124	 Valid Acc: 0.7002540220152413 	Best Valid Acc: 0.717471
Epoch: 79 	Training Cost: 8658.155443	 Valid Acc: 0.6987016652554332 	Best Valid Acc: 0.717471
Epoch: 80 	Training Cost: 8641.418968	 Valid Acc: 0.6991250352808355 	Best Valid Acc: 0.717471
Epoch: 81 	Training Cost: 8625.898959	 Valid Acc: 0.698278295230031 	Best Valid Acc: 0.717471
Epoch: 82 	Training Cost: 8610.500755	 Valid Acc: 0.6994072819644369 	Best Valid Acc: 0.717471
Epoch: 83 	Training Cost: 8595.266545	 Valid Acc: 0.6971493084956252 	Best Valid Acc: 0.717471
Epoch: 84 	Training Cost: 8574.099020	 Valid Acc: 0.6987016652554332 	Best Valid Acc: 0.717471
Epoch: 85 	Training Cost: 8562.278501	 Valid Acc: 0.6985605419136325 	Best Valid Acc: 0.717471
Epoch: 86 	Training Cost: 8543.458953	 Valid Acc: 0.6987016652554332 	Best Valid Acc: 0.717471
Epoch: 87 	Training Cost: 8525.418891	 Valid Acc: 0.6978549252046289 	Best Valid Acc: 0.717471
Epoch: 88 	Training Cost: 8511.307517	 Valid Acc: 0.6974315551792266 	Best Valid Acc: 0.717471
Epoch: 89 	Training Cost: 8493.114435	 Valid Acc: 0.6951735817104149 	Best Valid Acc: 0.717471
Epoch: 90 	Training Cost: 8478.286609	 Valid Acc: 0.6974315551792266 	Best Valid Acc: 0.717471
Epoch: 91 	Training Cost: 8462.454896	 Valid Acc: 0.6950324583686142 	Best Valid Acc: 0.717471
Epoch: 92 	Training Cost: 8444.425641	 Valid Acc: 0.6971493084956252 	Best Valid Acc: 0.717471
Epoch: 93 	Training Cost: 8429.837334	 Valid Acc: 0.6944679650014113 	Best Valid Acc: 0.717471
Epoch: 94 	Training Cost: 8412.726563	 Valid Acc: 0.6954558283940163 	Best Valid Acc: 0.717471
Epoch: 95 	Training Cost: 8395.421089	 Valid Acc: 0.6937623482924076 	Best Valid Acc: 0.717471
Epoch: 96 	Training Cost: 8381.807321	 Valid Acc: 0.69616144510302 	Best Valid Acc: 0.717471
Epoch: 97 	Training Cost: 8362.829040	 Valid Acc: 0.6951735817104149 	Best Valid Acc: 0.717471
Epoch: 98 	Training Cost: 8350.160079	 Valid Acc: 0.6944679650014113 	Best Valid Acc: 0.717471
Epoch: 99 	Training Cost: 8336.745912	 Valid Acc: 0.69616144510302 	Best Valid Acc: 0.717471
Epoch: 100 	Training Cost: 8315.155675	 Valid Acc: 0.6948913350268134 	Best Valid Acc: 0.717471
Epoch: 101 	Training Cost: 8303.571209	 Valid Acc: 0.6972904318374259 	Best Valid Acc: 0.717471
Epoch: 102 	Training Cost: 8288.988752	 Valid Acc: 0.6955969517358171 	Best Valid Acc: 0.717471
Epoch: 103 	Training Cost: 8272.213826	 Valid Acc: 0.6970081851538245 	Best Valid Acc: 0.717471
Epoch: 104 	Training Cost: 8254.459666	 Valid Acc: 0.6947502116850127 	Best Valid Acc: 0.717471
Epoch: 105 	Training Cost: 8241.344795	 Valid Acc: 0.6939034716342083 	Best Valid Acc: 0.717471
Epoch: 106 	Training Cost: 8231.038391	 Valid Acc: 0.696725938470223 	Best Valid Acc: 0.717471
Epoch: 107 	Training Cost: 8210.419503	 Valid Acc: 0.6968670618120237 	Best Valid Acc: 0.717471
Epoch: 108 	Training Cost: 8196.911436	 Valid Acc: 0.6964436917866215 	Best Valid Acc: 0.717471
Epoch: 109 	Training Cost: 8184.932513	 Valid Acc: 0.6937623482924076 	Best Valid Acc: 0.717471
Epoch: 110 	Training Cost: 8167.048261	 Valid Acc: 0.6939034716342083 	Best Valid Acc: 0.717471
Epoch: 111 	Training Cost: 8153.071479	 Valid Acc: 0.6926333615580017 	Best Valid Acc: 0.717471
Epoch: 112 	Training Cost: 8138.386863	 Valid Acc: 0.6974315551792266 	Best Valid Acc: 0.717471
Epoch: 113 	Training Cost: 8123.384263	 Valid Acc: 0.6922099915325995 	Best Valid Acc: 0.717471
Epoch: 114 	Training Cost: 8109.871909	 Valid Acc: 0.694044594976009 	Best Valid Acc: 0.717471
Epoch: 115 	Training Cost: 8093.521664	 Valid Acc: 0.6934801016088061 	Best Valid Acc: 0.717471
Epoch: 116 	Training Cost: 8075.526639	 Valid Acc: 0.6948913350268134 	Best Valid Acc: 0.717471
Epoch: 117 	Training Cost: 8062.594143	 Valid Acc: 0.6948913350268134 	Best Valid Acc: 0.717471
Epoch: 118 	Training Cost: 8051.892107	 Valid Acc: 0.6931978549252046 	Best Valid Acc: 0.717471
Epoch: 119 	Training Cost: 8032.753780	 Valid Acc: 0.694609088343212 	Best Valid Acc: 0.717471
Epoch: 120 	Training Cost: 8020.259288	 Valid Acc: 0.6929156082416031 	Best Valid Acc: 0.717471
Epoch: 121 	Training Cost: 8001.461812	 Valid Acc: 0.6965848151284222 	Best Valid Acc: 0.717471
Epoch: 122 	Training Cost: 7986.394519	 Valid Acc: 0.6905165114309907 	Best Valid Acc: 0.717471
Epoch: 123 	Training Cost: 7966.625418	 Valid Acc: 0.6960203217612193 	Best Valid Acc: 0.717471
Epoch: 124 	Training Cost: 7950.948540	 Valid Acc: 0.6905165114309907 	Best Valid Acc: 0.717471
Epoch: 125 	Training Cost: 7931.396443	 Valid Acc: 0.6920688681907987 	Best Valid Acc: 0.717471
Epoch: 126 	Training Cost: 7912.452639	 Valid Acc: 0.6912221281399944 	Best Valid Acc: 0.717471
Epoch: 127 	Training Cost: 7901.844580	 Valid Acc: 0.6906576347727914 	Best Valid Acc: 0.717471
Epoch: 128 	Training Cost: 7873.879947	 Valid Acc: 0.6906576347727914 	Best Valid Acc: 0.717471
Epoch: 129 	Training Cost: 7854.713823	 Valid Acc: 0.6930567315834039 	Best Valid Acc: 0.717471
Epoch: 130 	Training Cost: 7836.031771	 Valid Acc: 0.6899520180637877 	Best Valid Acc: 0.717471
Epoch: 131 	Training Cost: 7813.365408	 Valid Acc: 0.6893875246965848 	Best Valid Acc: 0.717471
Epoch: 132 	Training Cost: 7789.227033	 Valid Acc: 0.6915043748235958 	Best Valid Acc: 0.717471
Epoch: 133 	Training Cost: 7761.910625	 Valid Acc: 0.6888230313293818 	Best Valid Acc: 0.717471
Epoch: 134 	Training Cost: 7742.466895	 Valid Acc: 0.6915043748235958 	Best Valid Acc: 0.717471
Epoch: 135 	Training Cost: 7721.938862	 Valid Acc: 0.6886819079875811 	Best Valid Acc: 0.717471
Epoch: 136 	Training Cost: 7688.531949	 Valid Acc: 0.6891052780129834 	Best Valid Acc: 0.717471
Epoch: 137 	Training Cost: 7669.398509	 Valid Acc: 0.6888230313293818 	Best Valid Acc: 0.717471
Epoch: 138 	Training Cost: 7647.510168	 Valid Acc: 0.6902342647473892 	Best Valid Acc: 0.717471
Epoch: 139 	Training Cost: 7621.614440	 Valid Acc: 0.688258537962179 	Best Valid Acc: 0.717471
Epoch: 140 	Training Cost: 7592.686053	 Valid Acc: 0.6862828111769687 	Best Valid Acc: 0.717471
Epoch: 141 	Training Cost: 7574.175427	 Valid Acc: 0.6861416878351679 	Best Valid Acc: 0.717471
Epoch: 142 	Training Cost: 7559.385941	 Valid Acc: 0.6844482077335591 	Best Valid Acc: 0.717471
Epoch: 143 	Training Cost: 7524.590271	 Valid Acc: 0.6852949477843635 	Best Valid Acc: 0.717471
Epoch: 144 	Training Cost: 7500.050396	 Valid Acc: 0.6837425910245555 	Best Valid Acc: 0.717471
Epoch: 145 	Training Cost: 7483.617162	 Valid Acc: 0.6824724809483489 	Best Valid Acc: 0.717471
Epoch: 146 	Training Cost: 7455.307211	 Valid Acc: 0.6824724809483489 	Best Valid Acc: 0.717471
Epoch: 147 	Training Cost: 7435.988219	 Valid Acc: 0.6806378775049393 	Best Valid Acc: 0.717471
Epoch: 148 	Training Cost: 7411.783964	 Valid Acc: 0.6804967541631386 	Best Valid Acc: 0.717471
Epoch: 149 	Training Cost: 7392.298287	 Valid Acc: 0.6793677674287327 	Best Valid Acc: 0.717471
Epoch: 150 	Training Cost: 7372.113392	 Valid Acc: 0.6809201241885408 	Best Valid Acc: 0.717471
Epoch: 151 	Training Cost: 7352.394951	 Valid Acc: 0.6782387806943269 	Best Valid Acc: 0.717471
Epoch: 152 	Training Cost: 7321.143808	 Valid Acc: 0.679226644086932 	Best Valid Acc: 0.717471
Epoch: 153 	Training Cost: 7304.765869	 Valid Acc: 0.6799322607959356 	Best Valid Acc: 0.717471
Epoch: 154 	Training Cost: 7290.160683	 Valid Acc: 0.6788032740615297 	Best Valid Acc: 0.717471
Epoch: 155 	Training Cost: 7263.220260	 Valid Acc: 0.6776742873271239 	Best Valid Acc: 0.717471
Epoch: 156 	Training Cost: 7240.987252	 Valid Acc: 0.6762630539091166 	Best Valid Acc: 0.717471
Epoch: 157 	Training Cost: 7231.359443	 Valid Acc: 0.6769686706181203 	Best Valid Acc: 0.717471
Epoch: 158 	Training Cost: 7207.470346	 Valid Acc: 0.6748518204911093 	Best Valid Acc: 0.717471
Epoch: 159 	Training Cost: 7179.961488	 Valid Acc: 0.6758396838837144 	Best Valid Acc: 0.717471
Epoch: 160 	Training Cost: 7160.934440	 Valid Acc: 0.674428450465707 	Best Valid Acc: 0.717471
Epoch: 161 	Training Cost: 7142.634429	 Valid Acc: 0.67499294383291 	Best Valid Acc: 0.717471
Epoch: 162 	Training Cost: 7121.350724	 Valid Acc: 0.6742873271239063 	Best Valid Acc: 0.717471
Epoch: 163 	Training Cost: 7106.227592	 Valid Acc: 0.6747106971493085 	Best Valid Acc: 0.717471
Epoch: 164 	Training Cost: 7086.219464	 Valid Acc: 0.6742873271239063 	Best Valid Acc: 0.717471
Epoch: 165 	Training Cost: 7061.455001	 Valid Acc: 0.6734405870731018 	Best Valid Acc: 0.717471
Epoch: 166 	Training Cost: 7045.945337	 Valid Acc: 0.6731583403895004 	Best Valid Acc: 0.717471
Epoch: 167 	Training Cost: 7025.337634	 Valid Acc: 0.6707592435788879 	Best Valid Acc: 0.717471
Epoch: 168 	Training Cost: 7006.229146	 Valid Acc: 0.6714648602878917 	Best Valid Acc: 0.717471
Epoch: 169 	Training Cost: 6988.222425	 Valid Acc: 0.6717471069714931 	Best Valid Acc: 0.717471
Epoch: 170 	Training Cost: 6972.698760	 Valid Acc: 0.672311600338696 	Best Valid Acc: 0.717471
Epoch: 171 	Training Cost: 6949.390343	 Valid Acc: 0.6713237369460909 	Best Valid Acc: 0.717471
Epoch: 172 	Training Cost: 6931.895747	 Valid Acc: 0.672311600338696 	Best Valid Acc: 0.717471
Epoch: 173 	Training Cost: 6917.525669	 Valid Acc: 0.6707592435788879 	Best Valid Acc: 0.717471
Epoch: 174 	Training Cost: 6897.143426	 Valid Acc: 0.6710414902624894 	Best Valid Acc: 0.717471
Epoch: 175 	Training Cost: 6877.528965	 Valid Acc: 0.6693480101608806 	Best Valid Acc: 0.717471
Epoch: 176 	Training Cost: 6869.051992	 Valid Acc: 0.6709003669206887 	Best Valid Acc: 0.717471
Epoch: 177 	Training Cost: 6841.944748	 Valid Acc: 0.6707592435788879 	Best Valid Acc: 0.717471
Epoch: 178 	Training Cost: 6822.925754	 Valid Acc: 0.6706181202370872 	Best Valid Acc: 0.717471
Epoch: 179 	Training Cost: 6810.590818	 Valid Acc: 0.6686423934518769 	Best Valid Acc: 0.717471
Epoch: 180 	Training Cost: 6795.500917	 Valid Acc: 0.6709003669206887 	Best Valid Acc: 0.717471
Epoch: 181 	Training Cost: 6775.412871	 Valid Acc: 0.6699125035280835 	Best Valid Acc: 0.717471
Epoch: 182 	Training Cost: 6755.379595	 Valid Acc: 0.6721704769968952 	Best Valid Acc: 0.717471
Epoch: 183 	Training Cost: 6735.070241	 Valid Acc: 0.6696302568444821 	Best Valid Acc: 0.717471
Epoch: 184 	Training Cost: 6723.743210	 Valid Acc: 0.6693480101608806 	Best Valid Acc: 0.717471
Epoch: 185 	Training Cost: 6704.042274	 Valid Acc: 0.6683601467682755 	Best Valid Acc: 0.717471
Epoch: 186 	Training Cost: 6686.246267	 Valid Acc: 0.6689246401354784 	Best Valid Acc: 0.717471
Epoch: 187 	Training Cost: 6669.721842	 Valid Acc: 0.6692068868190799 	Best Valid Acc: 0.717471
Epoch: 188 	Training Cost: 6650.770066	 Valid Acc: 0.6686423934518769 	Best Valid Acc: 0.717471
Epoch: 189 	Training Cost: 6636.721386	 Valid Acc: 0.6661021732994638 	Best Valid Acc: 0.717471
Epoch: 190 	Training Cost: 6621.086508	 Valid Acc: 0.6685012701100762 	Best Valid Acc: 0.717471
Epoch: 191 	Training Cost: 6601.382074	 Valid Acc: 0.6662432966412645 	Best Valid Acc: 0.717471
Epoch: 192 	Training Cost: 6583.853488	 Valid Acc: 0.6673722833756703 	Best Valid Acc: 0.717471
Epoch: 193 	Training Cost: 6570.093267	 Valid Acc: 0.6676545300592718 	Best Valid Acc: 0.717471
Epoch: 194 	Training Cost: 6552.615388	 Valid Acc: 0.6642675698560542 	Best Valid Acc: 0.717471
Epoch: 195 	Training Cost: 6539.076918	 Valid Acc: 0.6666666666666666 	Best Valid Acc: 0.717471
Epoch: 196 	Training Cost: 6513.720681	 Valid Acc: 0.6651143099068586 	Best Valid Acc: 0.717471
Epoch: 197 	Training Cost: 6494.609780	 Valid Acc: 0.663844199830652 	Best Valid Acc: 0.717471
Epoch: 198 	Training Cost: 6494.024868	 Valid Acc: 0.665961049957663 	Best Valid Acc: 0.717471
Epoch: 199 	Training Cost: 6472.200711	 Valid Acc: 0.6676545300592718 	Best Valid Acc: 0.717471
Epoch: 200 	Training Cost: 6446.613493	 Valid Acc: 0.6677956534010725 	Best Valid Acc: 0.717471
lr=3e-05, lamb=0, num_epoch=200, test_acc=0.6644086931978549
----------------------------------------------------------
----------------------------------------------------------
lr=3e-05, lamb=1e-05, num_epoch=200
Epoch: 1 	Training Cost: 12963.814530	 Valid Acc: 0.6706181202370872 	Best Valid Acc: 0.670618
Epoch: 2 	Training Cost: 11626.529227	 Valid Acc: 0.68077900084674 	Best Valid Acc: 0.680779
Epoch: 3 	Training Cost: 11472.313099	 Valid Acc: 0.681343494213943 	Best Valid Acc: 0.681343
Epoch: 4 	Training Cost: 11413.900628	 Valid Acc: 0.6824724809483489 	Best Valid Acc: 0.682472
Epoch: 5 	Training Cost: 11342.450451	 Valid Acc: 0.6841659610499576 	Best Valid Acc: 0.684166
Epoch: 6 	Training Cost: 11195.727983	 Valid Acc: 0.6843070843917584 	Best Valid Acc: 0.684307
Epoch: 7 	Training Cost: 11008.877583	 Valid Acc: 0.6951735817104149 	Best Valid Acc: 0.695174
Epoch: 8 	Training Cost: 10771.441615	 Valid Acc: 0.7036409822184589 	Best Valid Acc: 0.703641
Epoch: 9 	Training Cost: 10538.063984	 Valid Acc: 0.7033587355348575 	Best Valid Acc: 0.703641
Epoch: 10 	Training Cost: 10378.397654	 Valid Acc: 0.7070279424216765 	Best Valid Acc: 0.707028
Epoch: 11 	Training Cost: 10271.452124	 Valid Acc: 0.7067456957380751 	Best Valid Acc: 0.707028
Epoch: 12 	Training Cost: 10191.669882	 Valid Acc: 0.7088625458650861 	Best Valid Acc: 0.708863
Epoch: 13 	Training Cost: 10128.445563	 Valid Acc: 0.7097092859158904 	Best Valid Acc: 0.709709
Epoch: 14 	Training Cost: 10076.012623	 Valid Acc: 0.709991532599492 	Best Valid Acc: 0.709992
Epoch: 15 	Training Cost: 10031.645046	 Valid Acc: 0.7111205193338979 	Best Valid Acc: 0.711121
Epoch: 16 	Training Cost: 9994.113563	 Valid Acc: 0.7119672593847022 	Best Valid Acc: 0.711967
Epoch: 17 	Training Cost: 9961.670515	 Valid Acc: 0.7128139994355066 	Best Valid Acc: 0.712814
Epoch: 18 	Training Cost: 9932.459894	 Valid Acc: 0.7135196161445103 	Best Valid Acc: 0.713520
Epoch: 19 	Training Cost: 9905.298787	 Valid Acc: 0.713660739486311 	Best Valid Acc: 0.713661
Epoch: 20 	Training Cost: 9879.435582	 Valid Acc: 0.7133784928027096 	Best Valid Acc: 0.713661
Epoch: 21 	Training Cost: 9854.606081	 Valid Acc: 0.7135196161445103 	Best Valid Acc: 0.713661
Epoch: 22 	Training Cost: 9830.754584	 Valid Acc: 0.7126728760937059 	Best Valid Acc: 0.713661
Epoch: 23 	Training Cost: 9808.231728	 Valid Acc: 0.7133784928027096 	Best Valid Acc: 0.713661
Epoch: 24 	Training Cost: 9786.965286	 Valid Acc: 0.7133784928027096 	Best Valid Acc: 0.713661
Epoch: 25 	Training Cost: 9766.676163	 Valid Acc: 0.7135196161445103 	Best Valid Acc: 0.713661
Epoch: 26 	Training Cost: 9747.813352	 Valid Acc: 0.7147897262207169 	Best Valid Acc: 0.714790
Epoch: 27 	Training Cost: 9730.009384	 Valid Acc: 0.7159187129551228 	Best Valid Acc: 0.715919
Epoch: 28 	Training Cost: 9713.625428	 Valid Acc: 0.7159187129551228 	Best Valid Acc: 0.715919
Epoch: 29 	Training Cost: 9698.632181	 Valid Acc: 0.7146486028789162 	Best Valid Acc: 0.715919
Epoch: 30 	Training Cost: 9684.708741	 Valid Acc: 0.715777589613322 	Best Valid Acc: 0.715919
Epoch: 31 	Training Cost: 9672.797048	 Valid Acc: 0.7164832063223258 	Best Valid Acc: 0.716483
Epoch: 32 	Training Cost: 9661.487306	 Valid Acc: 0.7159187129551228 	Best Valid Acc: 0.716483
Epoch: 33 	Training Cost: 9651.029775	 Valid Acc: 0.7164832063223258 	Best Valid Acc: 0.716483
Epoch: 34 	Training Cost: 9638.504830	 Valid Acc: 0.7154953429297206 	Best Valid Acc: 0.716483
Epoch: 35 	Training Cost: 9626.663774	 Valid Acc: 0.7170476996895286 	Best Valid Acc: 0.717048
Epoch: 36 	Training Cost: 9613.265868	 Valid Acc: 0.7129551227773073 	Best Valid Acc: 0.717048
Epoch: 37 	Training Cost: 9599.257407	 Valid Acc: 0.7153542195879199 	Best Valid Acc: 0.717048
Epoch: 38 	Training Cost: 9581.305267	 Valid Acc: 0.7126728760937059 	Best Valid Acc: 0.717048
Epoch: 39 	Training Cost: 9559.087545	 Valid Acc: 0.7123906294101044 	Best Valid Acc: 0.717048
Epoch: 40 	Training Cost: 9529.252434	 Valid Acc: 0.7109793959920971 	Best Valid Acc: 0.717048
Epoch: 41 	Training Cost: 9497.940537	 Valid Acc: 0.7115438893593 	Best Valid Acc: 0.717048
Epoch: 42 	Training Cost: 9466.211136	 Valid Acc: 0.7123906294101044 	Best Valid Acc: 0.717048
Epoch: 43 	Training Cost: 9433.853911	 Valid Acc: 0.7119672593847022 	Best Valid Acc: 0.717048
Epoch: 44 	Training Cost: 9408.920810	 Valid Acc: 0.7123906294101044 	Best Valid Acc: 0.717048
Epoch: 45 	Training Cost: 9386.332040	 Valid Acc: 0.7129551227773073 	Best Valid Acc: 0.717048
Epoch: 46 	Training Cost: 9357.277178	 Valid Acc: 0.7133784928027096 	Best Valid Acc: 0.717048
Epoch: 47 	Training Cost: 9335.228603	 Valid Acc: 0.7128139994355066 	Best Valid Acc: 0.717048
Epoch: 48 	Training Cost: 9310.286453	 Valid Acc: 0.714225232853514 	Best Valid Acc: 0.717048
Epoch: 49 	Training Cost: 9286.378201	 Valid Acc: 0.7135196161445103 	Best Valid Acc: 0.717048
Epoch: 50 	Training Cost: 9263.370276	 Valid Acc: 0.7114027660174993 	Best Valid Acc: 0.717048
Epoch: 51 	Training Cost: 9240.186539	 Valid Acc: 0.7111205193338979 	Best Valid Acc: 0.717048
Epoch: 52 	Training Cost: 9217.122947	 Valid Acc: 0.7091447925486876 	Best Valid Acc: 0.717048
Epoch: 53 	Training Cost: 9195.632692	 Valid Acc: 0.7109793959920971 	Best Valid Acc: 0.717048
Epoch: 54 	Training Cost: 9174.326292	 Valid Acc: 0.7104149026248942 	Best Valid Acc: 0.717048
Epoch: 55 	Training Cost: 9152.241035	 Valid Acc: 0.7090036692068868 	Best Valid Acc: 0.717048
Epoch: 56 	Training Cost: 9133.977761	 Valid Acc: 0.7087214225232854 	Best Valid Acc: 0.717048
Epoch: 57 	Training Cost: 9113.310067	 Valid Acc: 0.7090036692068868 	Best Valid Acc: 0.717048
Epoch: 58 	Training Cost: 9092.173645	 Valid Acc: 0.7061812023708721 	Best Valid Acc: 0.717048
Epoch: 59 	Training Cost: 9076.140344	 Valid Acc: 0.707874682472481 	Best Valid Acc: 0.717048
Epoch: 60 	Training Cost: 9057.733002	 Valid Acc: 0.7042054755856618 	Best Valid Acc: 0.717048
Epoch: 61 	Training Cost: 9040.230451	 Valid Acc: 0.7049110922946655 	Best Valid Acc: 0.717048
Epoch: 62 	Training Cost: 9025.413143	 Valid Acc: 0.703076488851256 	Best Valid Acc: 0.717048
Epoch: 63 	Training Cost: 9003.670371	 Valid Acc: 0.7029353655094552 	Best Valid Acc: 0.717048
Epoch: 64 	Training Cost: 8989.927867	 Valid Acc: 0.7018063787750494 	Best Valid Acc: 0.717048
Epoch: 65 	Training Cost: 8974.394541	 Valid Acc: 0.7018063787750494 	Best Valid Acc: 0.717048
Epoch: 66 	Training Cost: 8956.901504	 Valid Acc: 0.7025119954840531 	Best Valid Acc: 0.717048
Epoch: 67 	Training Cost: 8941.684515	 Valid Acc: 0.7013830087496472 	Best Valid Acc: 0.717048
Epoch: 68 	Training Cost: 8924.790807	 Valid Acc: 0.7018063787750494 	Best Valid Acc: 0.717048
Epoch: 69 	Training Cost: 8909.060927	 Valid Acc: 0.7013830087496472 	Best Valid Acc: 0.717048
Epoch: 70 	Training Cost: 8897.150298	 Valid Acc: 0.7025119954840531 	Best Valid Acc: 0.717048
Epoch: 71 	Training Cost: 8879.593677	 Valid Acc: 0.7018063787750494 	Best Valid Acc: 0.717048
Epoch: 72 	Training Cost: 8862.264370	 Valid Acc: 0.7036409822184589 	Best Valid Acc: 0.717048
Epoch: 73 	Training Cost: 8847.577765	 Valid Acc: 0.7003951453570421 	Best Valid Acc: 0.717048
Epoch: 74 	Training Cost: 8835.078373	 Valid Acc: 0.7026531188258538 	Best Valid Acc: 0.717048
Epoch: 75 	Training Cost: 8816.864986	 Valid Acc: 0.7020886254586508 	Best Valid Acc: 0.717048
Epoch: 76 	Training Cost: 8799.431846	 Valid Acc: 0.7013830087496472 	Best Valid Acc: 0.717048
Epoch: 77 	Training Cost: 8788.758609	 Valid Acc: 0.6998306519898391 	Best Valid Acc: 0.717048
Epoch: 78 	Training Cost: 8771.400897	 Valid Acc: 0.698842788597234 	Best Valid Acc: 0.717048
Epoch: 79 	Training Cost: 8756.066138	 Valid Acc: 0.6979960485464296 	Best Valid Acc: 0.717048
Epoch: 80 	Training Cost: 8742.266763	 Valid Acc: 0.696725938470223 	Best Valid Acc: 0.717048
Epoch: 81 	Training Cost: 8727.732226	 Valid Acc: 0.698278295230031 	Best Valid Acc: 0.717048
Epoch: 82 	Training Cost: 8712.105833	 Valid Acc: 0.6979960485464296 	Best Valid Acc: 0.717048
Epoch: 83 	Training Cost: 8702.317716	 Valid Acc: 0.6985605419136325 	Best Valid Acc: 0.717048
Epoch: 84 	Training Cost: 8688.902358	 Valid Acc: 0.6989839119390348 	Best Valid Acc: 0.717048
Epoch: 85 	Training Cost: 8668.457096	 Valid Acc: 0.698278295230031 	Best Valid Acc: 0.717048
Epoch: 86 	Training Cost: 8658.772831	 Valid Acc: 0.6975726785210273 	Best Valid Acc: 0.717048
Epoch: 87 	Training Cost: 8646.181009	 Valid Acc: 0.6965848151284222 	Best Valid Acc: 0.717048
Epoch: 88 	Training Cost: 8629.077355	 Valid Acc: 0.698278295230031 	Best Valid Acc: 0.717048
Epoch: 89 	Training Cost: 8615.810764	 Valid Acc: 0.6968670618120237 	Best Valid Acc: 0.717048
Epoch: 90 	Training Cost: 8603.765017	 Valid Acc: 0.6978549252046289 	Best Valid Acc: 0.717048
Epoch: 91 	Training Cost: 8591.182192	 Valid Acc: 0.6970081851538245 	Best Valid Acc: 0.717048
Epoch: 92 	Training Cost: 8574.619684	 Valid Acc: 0.6968670618120237 	Best Valid Acc: 0.717048
Epoch: 93 	Training Cost: 8562.544470	 Valid Acc: 0.6984194185718318 	Best Valid Acc: 0.717048
Epoch: 94 	Training Cost: 8549.733118	 Valid Acc: 0.696725938470223 	Best Valid Acc: 0.717048
Epoch: 95 	Training Cost: 8534.899725	 Valid Acc: 0.6974315551792266 	Best Valid Acc: 0.717048
Epoch: 96 	Training Cost: 8521.532264	 Valid Acc: 0.6975726785210273 	Best Valid Acc: 0.717048
Epoch: 97 	Training Cost: 8505.037738	 Valid Acc: 0.6944679650014113 	Best Valid Acc: 0.717048
Epoch: 98 	Training Cost: 8495.893984	 Valid Acc: 0.694609088343212 	Best Valid Acc: 0.717048
Epoch: 99 	Training Cost: 8480.027665	 Valid Acc: 0.6951735817104149 	Best Valid Acc: 0.717048
Epoch: 100 	Training Cost: 8468.340468	 Valid Acc: 0.6950324583686142 	Best Valid Acc: 0.717048
Epoch: 101 	Training Cost: 8453.712910	 Valid Acc: 0.6953147050522156 	Best Valid Acc: 0.717048
Epoch: 102 	Training Cost: 8440.259734	 Valid Acc: 0.6937623482924076 	Best Valid Acc: 0.717048
Epoch: 103 	Training Cost: 8425.878088	 Valid Acc: 0.691927744848998 	Best Valid Acc: 0.717048
Epoch: 104 	Training Cost: 8412.097149	 Valid Acc: 0.694609088343212 	Best Valid Acc: 0.717048
Epoch: 105 	Training Cost: 8402.034764	 Valid Acc: 0.691927744848998 	Best Valid Acc: 0.717048
Epoch: 106 	Training Cost: 8385.734869	 Valid Acc: 0.6951735817104149 	Best Valid Acc: 0.717048
Epoch: 107 	Training Cost: 8372.700178	 Valid Acc: 0.6902342647473892 	Best Valid Acc: 0.717048
Epoch: 108 	Training Cost: 8356.860546	 Valid Acc: 0.6893875246965848 	Best Valid Acc: 0.717048
Epoch: 109 	Training Cost: 8344.012908	 Valid Acc: 0.6907987581145921 	Best Valid Acc: 0.717048
Epoch: 110 	Training Cost: 8331.848259	 Valid Acc: 0.69037538808919 	Best Valid Acc: 0.717048
Epoch: 111 	Training Cost: 8319.501117	 Valid Acc: 0.6878351679367768 	Best Valid Acc: 0.717048
Epoch: 112 	Training Cost: 8304.099023	 Valid Acc: 0.6883996613039797 	Best Valid Acc: 0.717048
Epoch: 113 	Training Cost: 8292.020039	 Valid Acc: 0.6883996613039797 	Best Valid Acc: 0.717048
Epoch: 114 	Training Cost: 8275.712831	 Valid Acc: 0.6902342647473892 	Best Valid Acc: 0.717048
Epoch: 115 	Training Cost: 8259.990043	 Valid Acc: 0.6871295512277731 	Best Valid Acc: 0.717048
Epoch: 116 	Training Cost: 8251.865745	 Valid Acc: 0.6893875246965848 	Best Valid Acc: 0.717048
Epoch: 117 	Training Cost: 8236.101148	 Valid Acc: 0.6883996613039797 	Best Valid Acc: 0.717048
Epoch: 118 	Training Cost: 8217.196719	 Valid Acc: 0.687694044594976 	Best Valid Acc: 0.717048
Epoch: 119 	Training Cost: 8199.899980	 Valid Acc: 0.6886819079875811 	Best Valid Acc: 0.717048
Epoch: 120 	Training Cost: 8193.021982	 Valid Acc: 0.6872706745695738 	Best Valid Acc: 0.717048
Epoch: 121 	Training Cost: 8175.155212	 Valid Acc: 0.6879762912785775 	Best Valid Acc: 0.717048
Epoch: 122 	Training Cost: 8155.723320	 Valid Acc: 0.6864239345187694 	Best Valid Acc: 0.717048
Epoch: 123 	Training Cost: 8141.693733	 Valid Acc: 0.6891052780129834 	Best Valid Acc: 0.717048
Epoch: 124 	Training Cost: 8123.175197	 Valid Acc: 0.6872706745695738 	Best Valid Acc: 0.717048
Epoch: 125 	Training Cost: 8101.043997	 Valid Acc: 0.6864239345187694 	Best Valid Acc: 0.717048
Epoch: 126 	Training Cost: 8086.061509	 Valid Acc: 0.6869884278859724 	Best Valid Acc: 0.717048
Epoch: 127 	Training Cost: 8064.434990	 Valid Acc: 0.6872706745695738 	Best Valid Acc: 0.717048
Epoch: 128 	Training Cost: 8042.082699	 Valid Acc: 0.6854360711261642 	Best Valid Acc: 0.717048
Epoch: 129 	Training Cost: 8027.602497	 Valid Acc: 0.6861416878351679 	Best Valid Acc: 0.717048
Epoch: 130 	Training Cost: 7999.447446	 Valid Acc: 0.6837425910245555 	Best Valid Acc: 0.717048
Epoch: 131 	Training Cost: 7981.805476	 Valid Acc: 0.6855771944679651 	Best Valid Acc: 0.717048
Epoch: 132 	Training Cost: 7963.340604	 Valid Acc: 0.6857183178097658 	Best Valid Acc: 0.717048
Epoch: 133 	Training Cost: 7938.057350	 Valid Acc: 0.6855771944679651 	Best Valid Acc: 0.717048
Epoch: 134 	Training Cost: 7913.714840	 Valid Acc: 0.6854360711261642 	Best Valid Acc: 0.717048
Epoch: 135 	Training Cost: 7893.184695	 Valid Acc: 0.6840248377081569 	Best Valid Acc: 0.717048
Epoch: 136 	Training Cost: 7870.387555	 Valid Acc: 0.6843070843917584 	Best Valid Acc: 0.717048
Epoch: 137 	Training Cost: 7848.073331	 Valid Acc: 0.6855771944679651 	Best Valid Acc: 0.717048
Epoch: 138 	Training Cost: 7834.416713	 Valid Acc: 0.6860005644933672 	Best Valid Acc: 0.717048
Epoch: 139 	Training Cost: 7806.711133	 Valid Acc: 0.6833192209991532 	Best Valid Acc: 0.717048
Epoch: 140 	Training Cost: 7786.840698	 Valid Acc: 0.6831780976573525 	Best Valid Acc: 0.717048
Epoch: 141 	Training Cost: 7769.661246	 Valid Acc: 0.6841659610499576 	Best Valid Acc: 0.717048
Epoch: 142 	Training Cost: 7749.219956	 Valid Acc: 0.6827547276319503 	Best Valid Acc: 0.717048
Epoch: 143 	Training Cost: 7727.339704	 Valid Acc: 0.6847304544171606 	Best Valid Acc: 0.717048
Epoch: 144 	Training Cost: 7704.938758	 Valid Acc: 0.6827547276319503 	Best Valid Acc: 0.717048
Epoch: 145 	Training Cost: 7688.643786	 Valid Acc: 0.6833192209991532 	Best Valid Acc: 0.717048
Epoch: 146 	Training Cost: 7673.637981	 Valid Acc: 0.6804967541631386 	Best Valid Acc: 0.717048
Epoch: 147 	Training Cost: 7644.431622	 Valid Acc: 0.6844482077335591 	Best Valid Acc: 0.717048
Epoch: 148 	Training Cost: 7627.474938	 Valid Acc: 0.6817668642393452 	Best Valid Acc: 0.717048
Epoch: 149 	Training Cost: 7608.008277	 Valid Acc: 0.6817668642393452 	Best Valid Acc: 0.717048
Epoch: 150 	Training Cost: 7589.563606	 Valid Acc: 0.6812023708721423 	Best Valid Acc: 0.717048
Epoch: 151 	Training Cost: 7568.418111	 Valid Acc: 0.6812023708721423 	Best Valid Acc: 0.717048
Epoch: 152 	Training Cost: 7549.956372	 Valid Acc: 0.6823313576065482 	Best Valid Acc: 0.717048
Epoch: 153 	Training Cost: 7526.370102	 Valid Acc: 0.682895850973751 	Best Valid Acc: 0.717048
Epoch: 154 	Training Cost: 7509.800358	 Valid Acc: 0.679226644086932 	Best Valid Acc: 0.717048
Epoch: 155 	Training Cost: 7491.967443	 Valid Acc: 0.6816257408975445 	Best Valid Acc: 0.717048
Epoch: 156 	Training Cost: 7473.420968	 Valid Acc: 0.6812023708721423 	Best Valid Acc: 0.717048
Epoch: 157 	Training Cost: 7450.733436	 Valid Acc: 0.6793677674287327 	Best Valid Acc: 0.717048
Epoch: 158 	Training Cost: 7437.576133	 Valid Acc: 0.681343494213943 	Best Valid Acc: 0.717048
Epoch: 159 	Training Cost: 7414.997717	 Valid Acc: 0.6795088907705334 	Best Valid Acc: 0.717048
Epoch: 160 	Training Cost: 7396.962851	 Valid Acc: 0.677109793959921 	Best Valid Acc: 0.717048
Epoch: 161 	Training Cost: 7379.851249	 Valid Acc: 0.6789443974033305 	Best Valid Acc: 0.717048
Epoch: 162 	Training Cost: 7360.696723	 Valid Acc: 0.6762630539091166 	Best Valid Acc: 0.717048
Epoch: 163 	Training Cost: 7343.928816	 Valid Acc: 0.6793677674287327 	Best Valid Acc: 0.717048
Epoch: 164 	Training Cost: 7328.615587	 Valid Acc: 0.6780976573525261 	Best Valid Acc: 0.717048
Epoch: 165 	Training Cost: 7307.519008	 Valid Acc: 0.6766864239345187 	Best Valid Acc: 0.717048
Epoch: 166 	Training Cost: 7290.157589	 Valid Acc: 0.6754163138583121 	Best Valid Acc: 0.717048
Epoch: 167 	Training Cost: 7273.657840	 Valid Acc: 0.6764041772509173 	Best Valid Acc: 0.717048
Epoch: 168 	Training Cost: 7251.475390	 Valid Acc: 0.6778154106689246 	Best Valid Acc: 0.717048
Epoch: 169 	Training Cost: 7234.613210	 Valid Acc: 0.6754163138583121 	Best Valid Acc: 0.717048
Epoch: 170 	Training Cost: 7224.808147	 Valid Acc: 0.6788032740615297 	Best Valid Acc: 0.717048
Epoch: 171 	Training Cost: 7204.816633	 Valid Acc: 0.6766864239345187 	Best Valid Acc: 0.717048
Epoch: 172 	Training Cost: 7179.958365	 Valid Acc: 0.6778154106689246 	Best Valid Acc: 0.717048
Epoch: 173 	Training Cost: 7170.383541	 Valid Acc: 0.6751340671747107 	Best Valid Acc: 0.717048
Epoch: 174 	Training Cost: 7148.992052	 Valid Acc: 0.6768275472763196 	Best Valid Acc: 0.717048
Epoch: 175 	Training Cost: 7131.715431	 Valid Acc: 0.67499294383291 	Best Valid Acc: 0.717048
Epoch: 176 	Training Cost: 7118.350788	 Valid Acc: 0.6766864239345187 	Best Valid Acc: 0.717048
Epoch: 177 	Training Cost: 7103.853654	 Valid Acc: 0.6721704769968952 	Best Valid Acc: 0.717048
Epoch: 178 	Training Cost: 7082.354397	 Valid Acc: 0.6751340671747107 	Best Valid Acc: 0.717048
Epoch: 179 	Training Cost: 7065.966721	 Valid Acc: 0.6769686706181203 	Best Valid Acc: 0.717048
Epoch: 180 	Training Cost: 7050.276251	 Valid Acc: 0.6745695738075078 	Best Valid Acc: 0.717048
Epoch: 181 	Training Cost: 7039.324012	 Valid Acc: 0.6762630539091166 	Best Valid Acc: 0.717048
Epoch: 182 	Training Cost: 7019.382249	 Valid Acc: 0.6768275472763196 	Best Valid Acc: 0.717048
Epoch: 183 	Training Cost: 7003.000758	 Valid Acc: 0.67499294383291 	Best Valid Acc: 0.717048
Epoch: 184 	Training Cost: 6994.647445	 Valid Acc: 0.6761219305673158 	Best Valid Acc: 0.717048
Epoch: 185 	Training Cost: 6964.494554	 Valid Acc: 0.6778154106689246 	Best Valid Acc: 0.717048
Epoch: 186 	Training Cost: 6957.097858	 Valid Acc: 0.6758396838837144 	Best Valid Acc: 0.717048
Epoch: 187 	Training Cost: 6949.361164	 Valid Acc: 0.6761219305673158 	Best Valid Acc: 0.717048
Epoch: 188 	Training Cost: 6930.737427	 Valid Acc: 0.6747106971493085 	Best Valid Acc: 0.717048
Epoch: 189 	Training Cost: 6912.692935	 Valid Acc: 0.6721704769968952 	Best Valid Acc: 0.717048
Epoch: 190 	Training Cost: 6899.089700	 Valid Acc: 0.6762630539091166 	Best Valid Acc: 0.717048
Epoch: 191 	Training Cost: 6887.938809	 Valid Acc: 0.6714648602878917 	Best Valid Acc: 0.717048
Epoch: 192 	Training Cost: 6874.555919	 Valid Acc: 0.6752751905165114 	Best Valid Acc: 0.717048
Epoch: 193 	Training Cost: 6859.995338	 Valid Acc: 0.6755574372001129 	Best Valid Acc: 0.717048
Epoch: 194 	Training Cost: 6840.126053	 Valid Acc: 0.6714648602878917 	Best Valid Acc: 0.717048
Epoch: 195 	Training Cost: 6834.898966	 Valid Acc: 0.6737228337567034 	Best Valid Acc: 0.717048
Epoch: 196 	Training Cost: 6814.548592	 Valid Acc: 0.6704769968952865 	Best Valid Acc: 0.717048
Epoch: 197 	Training Cost: 6796.013776	 Valid Acc: 0.672876093705899 	Best Valid Acc: 0.717048
Epoch: 198 	Training Cost: 6791.864099	 Valid Acc: 0.6727349703640982 	Best Valid Acc: 0.717048
Epoch: 199 	Training Cost: 6773.271635	 Valid Acc: 0.6721704769968952 	Best Valid Acc: 0.717048
Epoch: 200 	Training Cost: 6755.109675	 Valid Acc: 0.6713237369460909 	Best Valid Acc: 0.717048
lr=3e-05, lamb=1e-05, num_epoch=200, test_acc=0.677109793959921
----------------------------------------------------------
----------------------------------------------------------
lr=3e-05, lamb=0.0001, num_epoch=200
Epoch: 1 	Training Cost: 12971.937434	 Valid Acc: 0.6721704769968952 	Best Valid Acc: 0.672170
Epoch: 2 	Training Cost: 11650.808720	 Valid Acc: 0.6823313576065482 	Best Valid Acc: 0.682331
Epoch: 3 	Training Cost: 11496.706605	 Valid Acc: 0.6848715777589613 	Best Valid Acc: 0.684872
Epoch: 4 	Training Cost: 11439.153495	 Valid Acc: 0.6836014676827548 	Best Valid Acc: 0.684872
Epoch: 5 	Training Cost: 11366.637068	 Valid Acc: 0.6838837143663562 	Best Valid Acc: 0.684872
Epoch: 6 	Training Cost: 11223.291445	 Valid Acc: 0.6826136042901496 	Best Valid Acc: 0.684872
Epoch: 7 	Training Cost: 11063.279830	 Valid Acc: 0.6895286480383855 	Best Valid Acc: 0.689529
Epoch: 8 	Training Cost: 10851.312777	 Valid Acc: 0.7003951453570421 	Best Valid Acc: 0.700395
Epoch: 9 	Training Cost: 10600.823887	 Valid Acc: 0.7032176121930568 	Best Valid Acc: 0.703218
Epoch: 10 	Training Cost: 10426.756058	 Valid Acc: 0.7054755856618685 	Best Valid Acc: 0.705476
Epoch: 11 	Training Cost: 10311.143875	 Valid Acc: 0.7080158058142817 	Best Valid Acc: 0.708016
Epoch: 12 	Training Cost: 10227.468999	 Valid Acc: 0.7071690657634773 	Best Valid Acc: 0.708016
Epoch: 13 	Training Cost: 10162.710247	 Valid Acc: 0.7080158058142817 	Best Valid Acc: 0.708016
Epoch: 14 	Training Cost: 10111.178769	 Valid Acc: 0.7088625458650861 	Best Valid Acc: 0.708863
Epoch: 15 	Training Cost: 10069.000255	 Valid Acc: 0.7101326559412927 	Best Valid Acc: 0.710133
Epoch: 16 	Training Cost: 10032.892284	 Valid Acc: 0.7111205193338979 	Best Valid Acc: 0.711121
Epoch: 17 	Training Cost: 10001.465897	 Valid Acc: 0.7108382726502963 	Best Valid Acc: 0.711121
Epoch: 18 	Training Cost: 9972.675651	 Valid Acc: 0.7111205193338979 	Best Valid Acc: 0.711121
Epoch: 19 	Training Cost: 9946.348116	 Valid Acc: 0.7118261360429015 	Best Valid Acc: 0.711826
Epoch: 20 	Training Cost: 9921.724850	 Valid Acc: 0.7135196161445103 	Best Valid Acc: 0.713520
Epoch: 21 	Training Cost: 9898.566985	 Valid Acc: 0.7135196161445103 	Best Valid Acc: 0.713520
Epoch: 22 	Training Cost: 9876.376959	 Valid Acc: 0.7138018628281118 	Best Valid Acc: 0.713802
Epoch: 23 	Training Cost: 9855.281746	 Valid Acc: 0.7139429861699125 	Best Valid Acc: 0.713943
Epoch: 24 	Training Cost: 9835.214815	 Valid Acc: 0.713660739486311 	Best Valid Acc: 0.713943
Epoch: 25 	Training Cost: 9815.860618	 Valid Acc: 0.7138018628281118 	Best Valid Acc: 0.713943
Epoch: 26 	Training Cost: 9797.061566	 Valid Acc: 0.7140841095117132 	Best Valid Acc: 0.714084
Epoch: 27 	Training Cost: 9779.234345	 Valid Acc: 0.7146486028789162 	Best Valid Acc: 0.714649
Epoch: 28 	Training Cost: 9762.554848	 Valid Acc: 0.7143663561953147 	Best Valid Acc: 0.714649
Epoch: 29 	Training Cost: 9746.597448	 Valid Acc: 0.714225232853514 	Best Valid Acc: 0.714649
Epoch: 30 	Training Cost: 9732.025046	 Valid Acc: 0.7149308495625176 	Best Valid Acc: 0.714931
Epoch: 31 	Training Cost: 9718.464447	 Valid Acc: 0.7147897262207169 	Best Valid Acc: 0.714931
Epoch: 32 	Training Cost: 9707.291899	 Valid Acc: 0.7152130962461191 	Best Valid Acc: 0.715213
Epoch: 33 	Training Cost: 9696.981399	 Valid Acc: 0.7129551227773073 	Best Valid Acc: 0.715213
Epoch: 34 	Training Cost: 9688.643913	 Valid Acc: 0.7140841095117132 	Best Valid Acc: 0.715213
Epoch: 35 	Training Cost: 9678.645493	 Valid Acc: 0.7149308495625176 	Best Valid Acc: 0.715213
Epoch: 36 	Training Cost: 9667.027894	 Valid Acc: 0.7147897262207169 	Best Valid Acc: 0.715213
Epoch: 37 	Training Cost: 9657.798636	 Valid Acc: 0.7164832063223258 	Best Valid Acc: 0.716483
Epoch: 38 	Training Cost: 9651.505702	 Valid Acc: 0.7163420829805249 	Best Valid Acc: 0.716483
Epoch: 39 	Training Cost: 9640.092064	 Valid Acc: 0.715777589613322 	Best Valid Acc: 0.716483
Epoch: 40 	Training Cost: 9628.942927	 Valid Acc: 0.7133784928027096 	Best Valid Acc: 0.716483
Epoch: 41 	Training Cost: 9616.876100	 Valid Acc: 0.713660739486311 	Best Valid Acc: 0.716483
Epoch: 42 	Training Cost: 9602.337558	 Valid Acc: 0.7154953429297206 	Best Valid Acc: 0.716483
Epoch: 43 	Training Cost: 9581.387974	 Valid Acc: 0.7140841095117132 	Best Valid Acc: 0.716483
Epoch: 44 	Training Cost: 9558.304870	 Valid Acc: 0.7145074795371155 	Best Valid Acc: 0.716483
Epoch: 45 	Training Cost: 9531.034048	 Valid Acc: 0.7146486028789162 	Best Valid Acc: 0.716483
Epoch: 46 	Training Cost: 9497.428891	 Valid Acc: 0.712108382726503 	Best Valid Acc: 0.716483
Epoch: 47 	Training Cost: 9469.922060	 Valid Acc: 0.7122495060683037 	Best Valid Acc: 0.716483
Epoch: 48 	Training Cost: 9441.670138	 Valid Acc: 0.7139429861699125 	Best Valid Acc: 0.716483
Epoch: 49 	Training Cost: 9418.681860	 Valid Acc: 0.7139429861699125 	Best Valid Acc: 0.716483
Epoch: 50 	Training Cost: 9398.389049	 Valid Acc: 0.7122495060683037 	Best Valid Acc: 0.716483
Epoch: 51 	Training Cost: 9374.873617	 Valid Acc: 0.7140841095117132 	Best Valid Acc: 0.716483
Epoch: 52 	Training Cost: 9351.212556	 Valid Acc: 0.7097092859158904 	Best Valid Acc: 0.716483
Epoch: 53 	Training Cost: 9332.222006	 Valid Acc: 0.712108382726503 	Best Valid Acc: 0.716483
Epoch: 54 	Training Cost: 9311.095879	 Valid Acc: 0.7105560259666949 	Best Valid Acc: 0.716483
Epoch: 55 	Training Cost: 9286.872026	 Valid Acc: 0.709991532599492 	Best Valid Acc: 0.716483
Epoch: 56 	Training Cost: 9267.523414	 Valid Acc: 0.7112616426756986 	Best Valid Acc: 0.716483
Epoch: 57 	Training Cost: 9245.019313	 Valid Acc: 0.7084391758396839 	Best Valid Acc: 0.716483
Epoch: 58 	Training Cost: 9221.752846	 Valid Acc: 0.7104149026248942 	Best Valid Acc: 0.716483
Epoch: 59 	Training Cost: 9202.070920	 Valid Acc: 0.7097092859158904 	Best Valid Acc: 0.716483
Epoch: 60 	Training Cost: 9183.956098	 Valid Acc: 0.707874682472481 	Best Valid Acc: 0.716483
Epoch: 61 	Training Cost: 9162.916517	 Valid Acc: 0.7070279424216765 	Best Valid Acc: 0.716483
Epoch: 62 	Training Cost: 9142.470287	 Valid Acc: 0.7036409822184589 	Best Valid Acc: 0.716483
Epoch: 63 	Training Cost: 9125.531463	 Valid Acc: 0.7042054755856618 	Best Valid Acc: 0.716483
Epoch: 64 	Training Cost: 9105.036975	 Valid Acc: 0.7027942421676545 	Best Valid Acc: 0.716483
Epoch: 65 	Training Cost: 9089.284651	 Valid Acc: 0.7018063787750494 	Best Valid Acc: 0.716483
Epoch: 66 	Training Cost: 9069.067319	 Valid Acc: 0.7050522156364663 	Best Valid Acc: 0.716483
Epoch: 67 	Training Cost: 9051.651956	 Valid Acc: 0.7016652554332486 	Best Valid Acc: 0.716483
Epoch: 68 	Training Cost: 9036.655584	 Valid Acc: 0.7026531188258538 	Best Valid Acc: 0.716483
Epoch: 69 	Training Cost: 9017.019177	 Valid Acc: 0.7009596387242449 	Best Valid Acc: 0.716483
Epoch: 70 	Training Cost: 8997.381449	 Valid Acc: 0.7025119954840531 	Best Valid Acc: 0.716483
Epoch: 71 	Training Cost: 8983.442092	 Valid Acc: 0.7016652554332486 	Best Valid Acc: 0.716483
Epoch: 72 	Training Cost: 8966.924813	 Valid Acc: 0.7032176121930568 	Best Valid Acc: 0.716483
Epoch: 73 	Training Cost: 8952.612203	 Valid Acc: 0.7005362686988428 	Best Valid Acc: 0.716483
Epoch: 74 	Training Cost: 8933.047398	 Valid Acc: 0.7012418854078465 	Best Valid Acc: 0.716483
Epoch: 75 	Training Cost: 8921.560630	 Valid Acc: 0.703076488851256 	Best Valid Acc: 0.716483
Epoch: 76 	Training Cost: 8904.644291	 Valid Acc: 0.7011007620660458 	Best Valid Acc: 0.716483
Epoch: 77 	Training Cost: 8889.464196	 Valid Acc: 0.7008185153824442 	Best Valid Acc: 0.716483
Epoch: 78 	Training Cost: 8871.621377	 Valid Acc: 0.7001128986734406 	Best Valid Acc: 0.716483
Epoch: 79 	Training Cost: 8859.887235	 Valid Acc: 0.7012418854078465 	Best Valid Acc: 0.716483
Epoch: 80 	Training Cost: 8845.320032	 Valid Acc: 0.7019475021168501 	Best Valid Acc: 0.716483
Epoch: 81 	Training Cost: 8828.512597	 Valid Acc: 0.7001128986734406 	Best Valid Acc: 0.716483
Epoch: 82 	Training Cost: 8813.796821	 Valid Acc: 0.7018063787750494 	Best Valid Acc: 0.716483
Epoch: 83 	Training Cost: 8802.712689	 Valid Acc: 0.6996895286480384 	Best Valid Acc: 0.716483
Epoch: 84 	Training Cost: 8784.880741	 Valid Acc: 0.6998306519898391 	Best Valid Acc: 0.716483
Epoch: 85 	Training Cost: 8773.844068	 Valid Acc: 0.6998306519898391 	Best Valid Acc: 0.716483
Epoch: 86 	Training Cost: 8761.523462	 Valid Acc: 0.6989839119390348 	Best Valid Acc: 0.716483
Epoch: 87 	Training Cost: 8747.340954	 Valid Acc: 0.6991250352808355 	Best Valid Acc: 0.716483
Epoch: 88 	Training Cost: 8731.846040	 Valid Acc: 0.7001128986734406 	Best Valid Acc: 0.716483
Epoch: 89 	Training Cost: 8719.889393	 Valid Acc: 0.6975726785210273 	Best Valid Acc: 0.716483
Epoch: 90 	Training Cost: 8704.820992	 Valid Acc: 0.6994072819644369 	Best Valid Acc: 0.716483
Epoch: 91 	Training Cost: 8694.819913	 Valid Acc: 0.6972904318374259 	Best Valid Acc: 0.716483
Epoch: 92 	Training Cost: 8678.960738	 Valid Acc: 0.6981371718882303 	Best Valid Acc: 0.716483
Epoch: 93 	Training Cost: 8667.837518	 Valid Acc: 0.6972904318374259 	Best Valid Acc: 0.716483
Epoch: 94 	Training Cost: 8652.477686	 Valid Acc: 0.6957380750776179 	Best Valid Acc: 0.716483
Epoch: 95 	Training Cost: 8642.562570	 Valid Acc: 0.696725938470223 	Best Valid Acc: 0.716483
Epoch: 96 	Training Cost: 8630.819361	 Valid Acc: 0.6953147050522156 	Best Valid Acc: 0.716483
Epoch: 97 	Training Cost: 8617.012433	 Valid Acc: 0.6968670618120237 	Best Valid Acc: 0.716483
Epoch: 98 	Training Cost: 8604.925526	 Valid Acc: 0.6955969517358171 	Best Valid Acc: 0.716483
Epoch: 99 	Training Cost: 8590.224428	 Valid Acc: 0.694609088343212 	Best Valid Acc: 0.716483
Epoch: 100 	Training Cost: 8579.921520	 Valid Acc: 0.6936212249506069 	Best Valid Acc: 0.716483
Epoch: 101 	Training Cost: 8567.430743	 Valid Acc: 0.6963025684448207 	Best Valid Acc: 0.716483
Epoch: 102 	Training Cost: 8554.004443	 Valid Acc: 0.6930567315834039 	Best Valid Acc: 0.716483
Epoch: 103 	Training Cost: 8540.876079	 Valid Acc: 0.6927744848998024 	Best Valid Acc: 0.716483
Epoch: 104 	Training Cost: 8531.827628	 Valid Acc: 0.6923511148744003 	Best Valid Acc: 0.716483
Epoch: 105 	Training Cost: 8518.820671	 Valid Acc: 0.6899520180637877 	Best Valid Acc: 0.716483
Epoch: 106 	Training Cost: 8501.403284	 Valid Acc: 0.6892464013547841 	Best Valid Acc: 0.716483
Epoch: 107 	Training Cost: 8490.936471	 Valid Acc: 0.6895286480383855 	Best Valid Acc: 0.716483
Epoch: 108 	Training Cost: 8479.906997	 Valid Acc: 0.6909398814563928 	Best Valid Acc: 0.716483
Epoch: 109 	Training Cost: 8466.563340	 Valid Acc: 0.6913632514817951 	Best Valid Acc: 0.716483
Epoch: 110 	Training Cost: 8451.295293	 Valid Acc: 0.6885407846457804 	Best Valid Acc: 0.716483
Epoch: 111 	Training Cost: 8441.760987	 Valid Acc: 0.69037538808919 	Best Valid Acc: 0.716483
Epoch: 112 	Training Cost: 8425.192847	 Valid Acc: 0.6852949477843635 	Best Valid Acc: 0.716483
Epoch: 113 	Training Cost: 8416.156390	 Valid Acc: 0.6906576347727914 	Best Valid Acc: 0.716483
Epoch: 114 	Training Cost: 8404.874159	 Valid Acc: 0.6874117979113745 	Best Valid Acc: 0.716483
Epoch: 115 	Training Cost: 8388.991239	 Valid Acc: 0.6895286480383855 	Best Valid Acc: 0.716483
Epoch: 116 	Training Cost: 8372.677158	 Valid Acc: 0.6902342647473892 	Best Valid Acc: 0.716483
Epoch: 117 	Training Cost: 8362.957045	 Valid Acc: 0.6888230313293818 	Best Valid Acc: 0.716483
Epoch: 118 	Training Cost: 8351.809248	 Valid Acc: 0.69037538808919 	Best Valid Acc: 0.716483
Epoch: 119 	Training Cost: 8333.699145	 Valid Acc: 0.6878351679367768 	Best Valid Acc: 0.716483
Epoch: 120 	Training Cost: 8327.392912	 Valid Acc: 0.6900931414055885 	Best Valid Acc: 0.716483
Epoch: 121 	Training Cost: 8314.732054	 Valid Acc: 0.6854360711261642 	Best Valid Acc: 0.716483
Epoch: 122 	Training Cost: 8304.657673	 Valid Acc: 0.6905165114309907 	Best Valid Acc: 0.716483
Epoch: 123 	Training Cost: 8288.086197	 Valid Acc: 0.687694044594976 	Best Valid Acc: 0.716483
Epoch: 124 	Training Cost: 8271.516121	 Valid Acc: 0.6848715777589613 	Best Valid Acc: 0.716483
Epoch: 125 	Training Cost: 8262.548729	 Valid Acc: 0.6886819079875811 	Best Valid Acc: 0.716483
Epoch: 126 	Training Cost: 8251.433546	 Valid Acc: 0.683460344340954 	Best Valid Acc: 0.716483
Epoch: 127 	Training Cost: 8234.448016	 Valid Acc: 0.6900931414055885 	Best Valid Acc: 0.716483
Epoch: 128 	Training Cost: 8222.654267	 Valid Acc: 0.6868473045441716 	Best Valid Acc: 0.716483
Epoch: 129 	Training Cost: 8213.792325	 Valid Acc: 0.6902342647473892 	Best Valid Acc: 0.716483
Epoch: 130 	Training Cost: 8202.110178	 Valid Acc: 0.6861416878351679 	Best Valid Acc: 0.716483
Epoch: 131 	Training Cost: 8184.956170	 Valid Acc: 0.6872706745695738 	Best Valid Acc: 0.716483
Epoch: 132 	Training Cost: 8171.790370	 Valid Acc: 0.6844482077335591 	Best Valid Acc: 0.716483
Epoch: 133 	Training Cost: 8161.096292	 Valid Acc: 0.6883996613039797 	Best Valid Acc: 0.716483
Epoch: 134 	Training Cost: 8149.140748	 Valid Acc: 0.6881174146203782 	Best Valid Acc: 0.716483
Epoch: 135 	Training Cost: 8133.754833	 Valid Acc: 0.6858594411515665 	Best Valid Acc: 0.716483
Epoch: 136 	Training Cost: 8124.398803	 Valid Acc: 0.6871295512277731 	Best Valid Acc: 0.716483
Epoch: 137 	Training Cost: 8104.549038	 Valid Acc: 0.6847304544171606 	Best Valid Acc: 0.716483
Epoch: 138 	Training Cost: 8095.412869	 Valid Acc: 0.6855771944679651 	Best Valid Acc: 0.716483
Epoch: 139 	Training Cost: 8080.972648	 Valid Acc: 0.6855771944679651 	Best Valid Acc: 0.716483
Epoch: 140 	Training Cost: 8065.467015	 Valid Acc: 0.6860005644933672 	Best Valid Acc: 0.716483
Epoch: 141 	Training Cost: 8047.789626	 Valid Acc: 0.6847304544171606 	Best Valid Acc: 0.716483
Epoch: 142 	Training Cost: 8032.077868	 Valid Acc: 0.6845893310753599 	Best Valid Acc: 0.716483
Epoch: 143 	Training Cost: 8018.810162	 Valid Acc: 0.6838837143663562 	Best Valid Acc: 0.716483
Epoch: 144 	Training Cost: 8006.040398	 Valid Acc: 0.6824724809483489 	Best Valid Acc: 0.716483
Epoch: 145 	Training Cost: 7989.360833	 Valid Acc: 0.6810612475303415 	Best Valid Acc: 0.716483
Epoch: 146 	Training Cost: 7972.482627	 Valid Acc: 0.6827547276319503 	Best Valid Acc: 0.716483
Epoch: 147 	Training Cost: 7958.293543	 Valid Acc: 0.6816257408975445 	Best Valid Acc: 0.716483
Epoch: 148 	Training Cost: 7944.621547	 Valid Acc: 0.6778154106689246 	Best Valid Acc: 0.716483
Epoch: 149 	Training Cost: 7929.664446	 Valid Acc: 0.6823313576065482 	Best Valid Acc: 0.716483
Epoch: 150 	Training Cost: 7907.075492	 Valid Acc: 0.6793677674287327 	Best Valid Acc: 0.716483
Epoch: 151 	Training Cost: 7900.973155	 Valid Acc: 0.6823313576065482 	Best Valid Acc: 0.716483
Epoch: 152 	Training Cost: 7876.813042	 Valid Acc: 0.6799322607959356 	Best Valid Acc: 0.716483
Epoch: 153 	Training Cost: 7863.648897	 Valid Acc: 0.6802145074795372 	Best Valid Acc: 0.716483
Epoch: 154 	Training Cost: 7846.021806	 Valid Acc: 0.6782387806943269 	Best Valid Acc: 0.716483
Epoch: 155 	Training Cost: 7831.824329	 Valid Acc: 0.6796500141123342 	Best Valid Acc: 0.716483
Epoch: 156 	Training Cost: 7818.745979	 Valid Acc: 0.677109793959921 	Best Valid Acc: 0.716483
Epoch: 157 	Training Cost: 7798.358111	 Valid Acc: 0.6800733841377364 	Best Valid Acc: 0.716483
Epoch: 158 	Training Cost: 7772.756287	 Valid Acc: 0.6788032740615297 	Best Valid Acc: 0.716483
Epoch: 159 	Training Cost: 7761.936583	 Valid Acc: 0.6762630539091166 	Best Valid Acc: 0.716483
Epoch: 160 	Training Cost: 7743.953455	 Valid Acc: 0.6803556308213379 	Best Valid Acc: 0.716483
Epoch: 161 	Training Cost: 7738.393027	 Valid Acc: 0.6775331639853232 	Best Valid Acc: 0.716483
Epoch: 162 	Training Cost: 7700.113007	 Valid Acc: 0.6788032740615297 	Best Valid Acc: 0.716483
Epoch: 163 	Training Cost: 7693.240299	 Valid Acc: 0.678662150719729 	Best Valid Acc: 0.716483
Epoch: 164 	Training Cost: 7670.597011	 Valid Acc: 0.6768275472763196 	Best Valid Acc: 0.716483
Epoch: 165 	Training Cost: 7655.399139	 Valid Acc: 0.6768275472763196 	Best Valid Acc: 0.716483
Epoch: 166 	Training Cost: 7641.335404	 Valid Acc: 0.6778154106689246 	Best Valid Acc: 0.716483
Epoch: 167 	Training Cost: 7614.219069	 Valid Acc: 0.6775331639853232 	Best Valid Acc: 0.716483
Epoch: 168 	Training Cost: 7602.436527	 Valid Acc: 0.6778154106689246 	Best Valid Acc: 0.716483
Epoch: 169 	Training Cost: 7594.831984	 Valid Acc: 0.6790855207451313 	Best Valid Acc: 0.716483
Epoch: 170 	Training Cost: 7557.085939	 Valid Acc: 0.6773920406435224 	Best Valid Acc: 0.716483
Epoch: 171 	Training Cost: 7544.959056	 Valid Acc: 0.6773920406435224 	Best Valid Acc: 0.716483
Epoch: 172 	Training Cost: 7531.401352	 Valid Acc: 0.6793677674287327 	Best Valid Acc: 0.716483
Epoch: 173 	Training Cost: 7508.967954	 Valid Acc: 0.6780976573525261 	Best Valid Acc: 0.716483
Epoch: 174 	Training Cost: 7496.287483	 Valid Acc: 0.6782387806943269 	Best Valid Acc: 0.716483
Epoch: 175 	Training Cost: 7473.156709	 Valid Acc: 0.6745695738075078 	Best Valid Acc: 0.716483
Epoch: 176 	Training Cost: 7457.442725	 Valid Acc: 0.6764041772509173 	Best Valid Acc: 0.716483
Epoch: 177 	Training Cost: 7442.045461	 Valid Acc: 0.6756985605419137 	Best Valid Acc: 0.716483
Epoch: 178 	Training Cost: 7416.690783	 Valid Acc: 0.6762630539091166 	Best Valid Acc: 0.716483
Epoch: 179 	Training Cost: 7418.635955	 Valid Acc: 0.6754163138583121 	Best Valid Acc: 0.716483
Epoch: 180 	Training Cost: 7394.438729	 Valid Acc: 0.6730172170476997 	Best Valid Acc: 0.716483
Epoch: 181 	Training Cost: 7377.818224	 Valid Acc: 0.6764041772509173 	Best Valid Acc: 0.716483
Epoch: 182 	Training Cost: 7359.424238	 Valid Acc: 0.6751340671747107 	Best Valid Acc: 0.716483
Epoch: 183 	Training Cost: 7345.681394	 Valid Acc: 0.6780976573525261 	Best Valid Acc: 0.716483
Epoch: 184 	Training Cost: 7335.486661	 Valid Acc: 0.6772509173017217 	Best Valid Acc: 0.716483
Epoch: 185 	Training Cost: 7316.048125	 Valid Acc: 0.6738639570985041 	Best Valid Acc: 0.716483
Epoch: 186 	Training Cost: 7300.453824	 Valid Acc: 0.6740050804403048 	Best Valid Acc: 0.716483
Epoch: 187 	Training Cost: 7284.591141	 Valid Acc: 0.6748518204911093 	Best Valid Acc: 0.716483
Epoch: 188 	Training Cost: 7267.490908	 Valid Acc: 0.674428450465707 	Best Valid Acc: 0.716483
Epoch: 189 	Training Cost: 7256.909279	 Valid Acc: 0.6754163138583121 	Best Valid Acc: 0.716483
Epoch: 190 	Training Cost: 7234.579325	 Valid Acc: 0.6751340671747107 	Best Valid Acc: 0.716483
Epoch: 191 	Training Cost: 7219.956205	 Valid Acc: 0.6741462037821055 	Best Valid Acc: 0.716483
Epoch: 192 	Training Cost: 7222.002675	 Valid Acc: 0.6761219305673158 	Best Valid Acc: 0.716483
Epoch: 193 	Training Cost: 7194.129812	 Valid Acc: 0.6755574372001129 	Best Valid Acc: 0.716483
Epoch: 194 	Training Cost: 7178.958230	 Valid Acc: 0.6731583403895004 	Best Valid Acc: 0.716483
Epoch: 195 	Training Cost: 7172.638931	 Valid Acc: 0.6756985605419137 	Best Valid Acc: 0.716483
Epoch: 196 	Training Cost: 7151.295591	 Valid Acc: 0.67499294383291 	Best Valid Acc: 0.716483
Epoch: 197 	Training Cost: 7142.833480	 Valid Acc: 0.6761219305673158 	Best Valid Acc: 0.716483
Epoch: 198 	Training Cost: 7121.251492	 Valid Acc: 0.6758396838837144 	Best Valid Acc: 0.716483
Epoch: 199 	Training Cost: 7118.322092	 Valid Acc: 0.674428450465707 	Best Valid Acc: 0.716483
Epoch: 200 	Training Cost: 7106.058218	 Valid Acc: 0.6764041772509173 	Best Valid Acc: 0.716483
lr=3e-05, lamb=0.0001, num_epoch=200, test_acc=0.6793677674287327
----------------------------------------------------------
----------------------------------------------------------
lr=3e-05, lamb=0.001, num_epoch=200
Epoch: 1 	Training Cost: 13272.160606	 Valid Acc: 0.6742873271239063 	Best Valid Acc: 0.674287
Epoch: 2 	Training Cost: 11843.181292	 Valid Acc: 0.6819079875811459 	Best Valid Acc: 0.681908
Epoch: 3 	Training Cost: 11660.221691	 Valid Acc: 0.6817668642393452 	Best Valid Acc: 0.681908
Epoch: 4 	Training Cost: 11587.307005	 Valid Acc: 0.6823313576065482 	Best Valid Acc: 0.682331
Epoch: 5 	Training Cost: 11514.618771	 Valid Acc: 0.6855771944679651 	Best Valid Acc: 0.685577
Epoch: 6 	Training Cost: 11401.146914	 Valid Acc: 0.6821902342647473 	Best Valid Acc: 0.685577
Epoch: 7 	Training Cost: 11262.447095	 Valid Acc: 0.6855771944679651 	Best Valid Acc: 0.685577
Epoch: 8 	Training Cost: 11108.436444	 Valid Acc: 0.6955969517358171 	Best Valid Acc: 0.695597
Epoch: 9 	Training Cost: 10882.775562	 Valid Acc: 0.7012418854078465 	Best Valid Acc: 0.701242
Epoch: 10 	Training Cost: 10668.833129	 Valid Acc: 0.7044877222692634 	Best Valid Acc: 0.704488
Epoch: 11 	Training Cost: 10527.883615	 Valid Acc: 0.7046288456110641 	Best Valid Acc: 0.704629
Epoch: 12 	Training Cost: 10431.385601	 Valid Acc: 0.7061812023708721 	Best Valid Acc: 0.706181
Epoch: 13 	Training Cost: 10359.663300	 Valid Acc: 0.7074513124470787 	Best Valid Acc: 0.707451
Epoch: 14 	Training Cost: 10305.030992	 Valid Acc: 0.707310189105278 	Best Valid Acc: 0.707451
Epoch: 15 	Training Cost: 10261.941868	 Valid Acc: 0.707874682472481 	Best Valid Acc: 0.707875
Epoch: 16 	Training Cost: 10226.962212	 Valid Acc: 0.7106971493084956 	Best Valid Acc: 0.710697
Epoch: 17 	Training Cost: 10197.177249	 Valid Acc: 0.7122495060683037 	Best Valid Acc: 0.712250
Epoch: 18 	Training Cost: 10170.997834	 Valid Acc: 0.7135196161445103 	Best Valid Acc: 0.713520
Epoch: 19 	Training Cost: 10147.548703	 Valid Acc: 0.713660739486311 	Best Valid Acc: 0.713661
Epoch: 20 	Training Cost: 10126.126068	 Valid Acc: 0.7149308495625176 	Best Valid Acc: 0.714931
Epoch: 21 	Training Cost: 10106.017180	 Valid Acc: 0.714225232853514 	Best Valid Acc: 0.714931
Epoch: 22 	Training Cost: 10087.067044	 Valid Acc: 0.7145074795371155 	Best Valid Acc: 0.714931
Epoch: 23 	Training Cost: 10068.757889	 Valid Acc: 0.7153542195879199 	Best Valid Acc: 0.715354
Epoch: 24 	Training Cost: 10051.133797	 Valid Acc: 0.7164832063223258 	Best Valid Acc: 0.716483
Epoch: 25 	Training Cost: 10034.005051	 Valid Acc: 0.7154953429297206 	Best Valid Acc: 0.716483
Epoch: 26 	Training Cost: 10017.736749	 Valid Acc: 0.7146486028789162 	Best Valid Acc: 0.716483
Epoch: 27 	Training Cost: 10001.985858	 Valid Acc: 0.7140841095117132 	Best Valid Acc: 0.716483
Epoch: 28 	Training Cost: 9987.168376	 Valid Acc: 0.7149308495625176 	Best Valid Acc: 0.716483
Epoch: 29 	Training Cost: 9972.810140	 Valid Acc: 0.7146486028789162 	Best Valid Acc: 0.716483
Epoch: 30 	Training Cost: 9959.137852	 Valid Acc: 0.7138018628281118 	Best Valid Acc: 0.716483
Epoch: 31 	Training Cost: 9946.364553	 Valid Acc: 0.7140841095117132 	Best Valid Acc: 0.716483
Epoch: 32 	Training Cost: 9933.901295	 Valid Acc: 0.7135196161445103 	Best Valid Acc: 0.716483
Epoch: 33 	Training Cost: 9922.599204	 Valid Acc: 0.7145074795371155 	Best Valid Acc: 0.716483
Epoch: 34 	Training Cost: 9911.802798	 Valid Acc: 0.7147897262207169 	Best Valid Acc: 0.716483
Epoch: 35 	Training Cost: 9901.810332	 Valid Acc: 0.7150719729043183 	Best Valid Acc: 0.716483
Epoch: 36 	Training Cost: 9893.024352	 Valid Acc: 0.7169065763477279 	Best Valid Acc: 0.716907
Epoch: 37 	Training Cost: 9886.112826	 Valid Acc: 0.715777589613322 	Best Valid Acc: 0.716907
Epoch: 38 	Training Cost: 9880.715401	 Valid Acc: 0.7156364662715213 	Best Valid Acc: 0.716907
Epoch: 39 	Training Cost: 9874.620162	 Valid Acc: 0.7147897262207169 	Best Valid Acc: 0.716907
Epoch: 40 	Training Cost: 9870.574806	 Valid Acc: 0.7150719729043183 	Best Valid Acc: 0.716907
Epoch: 41 	Training Cost: 9863.444776	 Valid Acc: 0.713660739486311 	Best Valid Acc: 0.716907
Epoch: 42 	Training Cost: 9860.649975	 Valid Acc: 0.7169065763477279 	Best Valid Acc: 0.716907
Epoch: 43 	Training Cost: 9853.741386	 Valid Acc: 0.7140841095117132 	Best Valid Acc: 0.716907
Epoch: 44 	Training Cost: 9849.857315	 Valid Acc: 0.7150719729043183 	Best Valid Acc: 0.716907
Epoch: 45 	Training Cost: 9845.003333	 Valid Acc: 0.7159187129551228 	Best Valid Acc: 0.716907
Epoch: 46 	Training Cost: 9841.562996	 Valid Acc: 0.713660739486311 	Best Valid Acc: 0.716907
Epoch: 47 	Training Cost: 9834.691328	 Valid Acc: 0.7150719729043183 	Best Valid Acc: 0.716907
Epoch: 48 	Training Cost: 9831.897478	 Valid Acc: 0.7150719729043183 	Best Valid Acc: 0.716907
Epoch: 49 	Training Cost: 9826.682584	 Valid Acc: 0.7162009596387242 	Best Valid Acc: 0.716907
Epoch: 50 	Training Cost: 9823.308365	 Valid Acc: 0.7133784928027096 	Best Valid Acc: 0.716907
Epoch: 51 	Training Cost: 9820.114686	 Valid Acc: 0.7133784928027096 	Best Valid Acc: 0.716907
Epoch: 52 	Training Cost: 9814.747307	 Valid Acc: 0.7159187129551228 	Best Valid Acc: 0.716907
Epoch: 53 	Training Cost: 9809.036725	 Valid Acc: 0.7152130962461191 	Best Valid Acc: 0.716907
Epoch: 54 	Training Cost: 9809.566724	 Valid Acc: 0.7153542195879199 	Best Valid Acc: 0.716907
Epoch: 55 	Training Cost: 9801.927080	 Valid Acc: 0.7125317527519052 	Best Valid Acc: 0.716907
Epoch: 56 	Training Cost: 9796.687545	 Valid Acc: 0.7149308495625176 	Best Valid Acc: 0.716907
Epoch: 57 	Training Cost: 9798.820838	 Valid Acc: 0.7126728760937059 	Best Valid Acc: 0.716907
Epoch: 58 	Training Cost: 9792.046258	 Valid Acc: 0.7153542195879199 	Best Valid Acc: 0.716907
Epoch: 59 	Training Cost: 9785.668087	 Valid Acc: 0.7156364662715213 	Best Valid Acc: 0.716907
Epoch: 60 	Training Cost: 9786.189264	 Valid Acc: 0.7150719729043183 	Best Valid Acc: 0.716907
Epoch: 61 	Training Cost: 9782.044502	 Valid Acc: 0.7146486028789162 	Best Valid Acc: 0.716907
Epoch: 62 	Training Cost: 9774.637093	 Valid Acc: 0.7146486028789162 	Best Valid Acc: 0.716907
Epoch: 63 	Training Cost: 9771.870888	 Valid Acc: 0.7132373694609089 	Best Valid Acc: 0.716907
Epoch: 64 	Training Cost: 9769.600763	 Valid Acc: 0.7132373694609089 	Best Valid Acc: 0.716907
Epoch: 65 	Training Cost: 9767.895255	 Valid Acc: 0.714225232853514 	Best Valid Acc: 0.716907
Epoch: 66 	Training Cost: 9760.023616	 Valid Acc: 0.7149308495625176 	Best Valid Acc: 0.716907
Epoch: 67 	Training Cost: 9757.853073	 Valid Acc: 0.7149308495625176 	Best Valid Acc: 0.716907
Epoch: 68 	Training Cost: 9756.129174	 Valid Acc: 0.7154953429297206 	Best Valid Acc: 0.716907
Epoch: 69 	Training Cost: 9749.617410	 Valid Acc: 0.7132373694609089 	Best Valid Acc: 0.716907
Epoch: 70 	Training Cost: 9746.147271	 Valid Acc: 0.7159187129551228 	Best Valid Acc: 0.716907
Epoch: 71 	Training Cost: 9748.213046	 Valid Acc: 0.7154953429297206 	Best Valid Acc: 0.716907
Epoch: 72 	Training Cost: 9740.036491	 Valid Acc: 0.7154953429297206 	Best Valid Acc: 0.716907
Epoch: 73 	Training Cost: 9735.187928	 Valid Acc: 0.7152130962461191 	Best Valid Acc: 0.716907
Epoch: 74 	Training Cost: 9733.842552	 Valid Acc: 0.7160598362969235 	Best Valid Acc: 0.716907
Epoch: 75 	Training Cost: 9728.412278	 Valid Acc: 0.7150719729043183 	Best Valid Acc: 0.716907
Epoch: 76 	Training Cost: 9725.834567	 Valid Acc: 0.7153542195879199 	Best Valid Acc: 0.716907
Epoch: 77 	Training Cost: 9725.139334	 Valid Acc: 0.7164832063223258 	Best Valid Acc: 0.716907
Epoch: 78 	Training Cost: 9718.965616	 Valid Acc: 0.7176121930567316 	Best Valid Acc: 0.717612
Epoch: 79 	Training Cost: 9713.571589	 Valid Acc: 0.7170476996895286 	Best Valid Acc: 0.717612
Epoch: 80 	Training Cost: 9712.019384	 Valid Acc: 0.7171888230313294 	Best Valid Acc: 0.717612
Epoch: 81 	Training Cost: 9709.536709	 Valid Acc: 0.715777589613322 	Best Valid Acc: 0.717612
Epoch: 82 	Training Cost: 9705.276466	 Valid Acc: 0.7164832063223258 	Best Valid Acc: 0.717612
Epoch: 83 	Training Cost: 9699.952400	 Valid Acc: 0.7143663561953147 	Best Valid Acc: 0.717612
Epoch: 84 	Training Cost: 9696.578247	 Valid Acc: 0.7159187129551228 	Best Valid Acc: 0.717612
Epoch: 85 	Training Cost: 9694.867909	 Valid Acc: 0.7170476996895286 	Best Valid Acc: 0.717612
Epoch: 86 	Training Cost: 9692.034500	 Valid Acc: 0.7140841095117132 	Best Valid Acc: 0.717612
Epoch: 87 	Training Cost: 9684.706543	 Valid Acc: 0.715777589613322 	Best Valid Acc: 0.717612
Epoch: 88 	Training Cost: 9683.444566	 Valid Acc: 0.713660739486311 	Best Valid Acc: 0.717612
Epoch: 89 	Training Cost: 9683.848395	 Valid Acc: 0.7167654530059272 	Best Valid Acc: 0.717612
Epoch: 90 	Training Cost: 9675.579546	 Valid Acc: 0.7135196161445103 	Best Valid Acc: 0.717612
Epoch: 91 	Training Cost: 9672.626975	 Valid Acc: 0.7160598362969235 	Best Valid Acc: 0.717612
Epoch: 92 	Training Cost: 9671.809616	 Valid Acc: 0.7145074795371155 	Best Valid Acc: 0.717612
Epoch: 93 	Training Cost: 9666.948047	 Valid Acc: 0.7125317527519052 	Best Valid Acc: 0.717612
Epoch: 94 	Training Cost: 9664.489999	 Valid Acc: 0.7160598362969235 	Best Valid Acc: 0.717612
Epoch: 95 	Training Cost: 9661.798431	 Valid Acc: 0.715777589613322 	Best Valid Acc: 0.717612
Epoch: 96 	Training Cost: 9656.461012	 Valid Acc: 0.7139429861699125 	Best Valid Acc: 0.717612
Epoch: 97 	Training Cost: 9654.875031	 Valid Acc: 0.7167654530059272 	Best Valid Acc: 0.717612
Epoch: 98 	Training Cost: 9655.423844	 Valid Acc: 0.7156364662715213 	Best Valid Acc: 0.717612
Epoch: 99 	Training Cost: 9649.715743	 Valid Acc: 0.7143663561953147 	Best Valid Acc: 0.717612
Epoch: 100 	Training Cost: 9642.966223	 Valid Acc: 0.7149308495625176 	Best Valid Acc: 0.717612
Epoch: 101 	Training Cost: 9644.989630	 Valid Acc: 0.7138018628281118 	Best Valid Acc: 0.717612
Epoch: 102 	Training Cost: 9644.825013	 Valid Acc: 0.7146486028789162 	Best Valid Acc: 0.717612
Epoch: 103 	Training Cost: 9635.657639	 Valid Acc: 0.7145074795371155 	Best Valid Acc: 0.717612
Epoch: 104 	Training Cost: 9637.327669	 Valid Acc: 0.7122495060683037 	Best Valid Acc: 0.717612
Epoch: 105 	Training Cost: 9634.645887	 Valid Acc: 0.7149308495625176 	Best Valid Acc: 0.717612
Epoch: 106 	Training Cost: 9628.970238	 Valid Acc: 0.7138018628281118 	Best Valid Acc: 0.717612
Epoch: 107 	Training Cost: 9625.263939	 Valid Acc: 0.7126728760937059 	Best Valid Acc: 0.717612
Epoch: 108 	Training Cost: 9627.397153	 Valid Acc: 0.7128139994355066 	Best Valid Acc: 0.717612
Epoch: 109 	Training Cost: 9623.096443	 Valid Acc: 0.7126728760937059 	Best Valid Acc: 0.717612
Epoch: 110 	Training Cost: 9618.152968	 Valid Acc: 0.713660739486311 	Best Valid Acc: 0.717612
Epoch: 111 	Training Cost: 9616.286752	 Valid Acc: 0.7139429861699125 	Best Valid Acc: 0.717612
Epoch: 112 	Training Cost: 9613.532522	 Valid Acc: 0.7135196161445103 	Best Valid Acc: 0.717612
Epoch: 113 	Training Cost: 9614.526940	 Valid Acc: 0.713096246119108 	Best Valid Acc: 0.717612
Epoch: 114 	Training Cost: 9610.983280	 Valid Acc: 0.713096246119108 	Best Valid Acc: 0.717612
Epoch: 115 	Training Cost: 9608.998923	 Valid Acc: 0.7132373694609089 	Best Valid Acc: 0.717612
Epoch: 116 	Training Cost: 9606.296967	 Valid Acc: 0.7125317527519052 	Best Valid Acc: 0.717612
Epoch: 117 	Training Cost: 9604.039156	 Valid Acc: 0.7143663561953147 	Best Valid Acc: 0.717612
Epoch: 118 	Training Cost: 9602.142110	 Valid Acc: 0.7123906294101044 	Best Valid Acc: 0.717612
Epoch: 119 	Training Cost: 9597.631919	 Valid Acc: 0.713096246119108 	Best Valid Acc: 0.717612
Epoch: 120 	Training Cost: 9597.248874	 Valid Acc: 0.7125317527519052 	Best Valid Acc: 0.717612
Epoch: 121 	Training Cost: 9594.570977	 Valid Acc: 0.7129551227773073 	Best Valid Acc: 0.717612
Epoch: 122 	Training Cost: 9591.495582	 Valid Acc: 0.7126728760937059 	Best Valid Acc: 0.717612
Epoch: 123 	Training Cost: 9588.967004	 Valid Acc: 0.714225232853514 	Best Valid Acc: 0.717612
Epoch: 124 	Training Cost: 9589.907297	 Valid Acc: 0.7125317527519052 	Best Valid Acc: 0.717612
Epoch: 125 	Training Cost: 9583.865427	 Valid Acc: 0.7122495060683037 	Best Valid Acc: 0.717612
Epoch: 126 	Training Cost: 9583.965288	 Valid Acc: 0.7129551227773073 	Best Valid Acc: 0.717612
Epoch: 127 	Training Cost: 9581.393812	 Valid Acc: 0.713096246119108 	Best Valid Acc: 0.717612
Epoch: 128 	Training Cost: 9576.937497	 Valid Acc: 0.7123906294101044 	Best Valid Acc: 0.717612
Epoch: 129 	Training Cost: 9577.035510	 Valid Acc: 0.7118261360429015 	Best Valid Acc: 0.717612
Epoch: 130 	Training Cost: 9579.737672	 Valid Acc: 0.7133784928027096 	Best Valid Acc: 0.717612
Epoch: 131 	Training Cost: 9571.114361	 Valid Acc: 0.7132373694609089 	Best Valid Acc: 0.717612
Epoch: 132 	Training Cost: 9570.724191	 Valid Acc: 0.7139429861699125 	Best Valid Acc: 0.717612
Epoch: 133 	Training Cost: 9569.232122	 Valid Acc: 0.7122495060683037 	Best Valid Acc: 0.717612
Epoch: 134 	Training Cost: 9565.875877	 Valid Acc: 0.7152130962461191 	Best Valid Acc: 0.717612
Epoch: 135 	Training Cost: 9565.435780	 Valid Acc: 0.7122495060683037 	Best Valid Acc: 0.717612
Epoch: 136 	Training Cost: 9562.176464	 Valid Acc: 0.7132373694609089 	Best Valid Acc: 0.717612
Epoch: 137 	Training Cost: 9559.931592	 Valid Acc: 0.7135196161445103 	Best Valid Acc: 0.717612
Epoch: 138 	Training Cost: 9559.199456	 Valid Acc: 0.7122495060683037 	Best Valid Acc: 0.717612
Epoch: 139 	Training Cost: 9554.951218	 Valid Acc: 0.7111205193338979 	Best Valid Acc: 0.717612
Epoch: 140 	Training Cost: 9554.289008	 Valid Acc: 0.7132373694609089 	Best Valid Acc: 0.717612
Epoch: 141 	Training Cost: 9552.112930	 Valid Acc: 0.7123906294101044 	Best Valid Acc: 0.717612
Epoch: 142 	Training Cost: 9550.528589	 Valid Acc: 0.712108382726503 	Best Valid Acc: 0.717612
Epoch: 143 	Training Cost: 9547.757431	 Valid Acc: 0.7123906294101044 	Best Valid Acc: 0.717612
Epoch: 144 	Training Cost: 9542.899853	 Valid Acc: 0.7132373694609089 	Best Valid Acc: 0.717612
Epoch: 145 	Training Cost: 9542.171548	 Valid Acc: 0.7116850127011007 	Best Valid Acc: 0.717612
Epoch: 146 	Training Cost: 9538.493985	 Valid Acc: 0.7129551227773073 	Best Valid Acc: 0.717612
Epoch: 147 	Training Cost: 9537.524770	 Valid Acc: 0.7123906294101044 	Best Valid Acc: 0.717612
Epoch: 148 	Training Cost: 9535.227578	 Valid Acc: 0.7116850127011007 	Best Valid Acc: 0.717612
Epoch: 149 	Training Cost: 9531.035368	 Valid Acc: 0.7140841095117132 	Best Valid Acc: 0.717612
Epoch: 150 	Training Cost: 9527.381467	 Valid Acc: 0.7132373694609089 	Best Valid Acc: 0.717612
Epoch: 151 	Training Cost: 9524.257660	 Valid Acc: 0.7123906294101044 	Best Valid Acc: 0.717612
Epoch: 152 	Training Cost: 9520.759341	 Valid Acc: 0.7133784928027096 	Best Valid Acc: 0.717612
Epoch: 153 	Training Cost: 9516.261286	 Valid Acc: 0.7128139994355066 	Best Valid Acc: 0.717612
Epoch: 154 	Training Cost: 9512.622402	 Valid Acc: 0.7114027660174993 	Best Valid Acc: 0.717612
Epoch: 155 	Training Cost: 9509.978692	 Valid Acc: 0.7145074795371155 	Best Valid Acc: 0.717612
Epoch: 156 	Training Cost: 9502.198246	 Valid Acc: 0.7122495060683037 	Best Valid Acc: 0.717612
Epoch: 157 	Training Cost: 9497.467471	 Valid Acc: 0.7122495060683037 	Best Valid Acc: 0.717612
Epoch: 158 	Training Cost: 9490.884663	 Valid Acc: 0.7122495060683037 	Best Valid Acc: 0.717612
Epoch: 159 	Training Cost: 9487.127045	 Valid Acc: 0.7129551227773073 	Best Valid Acc: 0.717612
Epoch: 160 	Training Cost: 9477.978845	 Valid Acc: 0.7119672593847022 	Best Valid Acc: 0.717612
Epoch: 161 	Training Cost: 9468.489384	 Valid Acc: 0.7128139994355066 	Best Valid Acc: 0.717612
Epoch: 162 	Training Cost: 9460.838113	 Valid Acc: 0.7126728760937059 	Best Valid Acc: 0.717612
Epoch: 163 	Training Cost: 9451.609521	 Valid Acc: 0.7118261360429015 	Best Valid Acc: 0.717612
Epoch: 164 	Training Cost: 9442.072797	 Valid Acc: 0.7126728760937059 	Best Valid Acc: 0.717612
Epoch: 165 	Training Cost: 9433.845788	 Valid Acc: 0.7115438893593 	Best Valid Acc: 0.717612
Epoch: 166 	Training Cost: 9423.617913	 Valid Acc: 0.7129551227773073 	Best Valid Acc: 0.717612
Epoch: 167 	Training Cost: 9414.292035	 Valid Acc: 0.7116850127011007 	Best Valid Acc: 0.717612
Epoch: 168 	Training Cost: 9405.395160	 Valid Acc: 0.7112616426756986 	Best Valid Acc: 0.717612
Epoch: 169 	Training Cost: 9399.706870	 Valid Acc: 0.7109793959920971 	Best Valid Acc: 0.717612
Epoch: 170 	Training Cost: 9390.150755	 Valid Acc: 0.7108382726502963 	Best Valid Acc: 0.717612
Epoch: 171 	Training Cost: 9377.988054	 Valid Acc: 0.7109793959920971 	Best Valid Acc: 0.717612
Epoch: 172 	Training Cost: 9373.029222	 Valid Acc: 0.7090036692068868 	Best Valid Acc: 0.717612
Epoch: 173 	Training Cost: 9363.741786	 Valid Acc: 0.7119672593847022 	Best Valid Acc: 0.717612
Epoch: 174 	Training Cost: 9354.180363	 Valid Acc: 0.709991532599492 	Best Valid Acc: 0.717612
Epoch: 175 	Training Cost: 9346.424376	 Valid Acc: 0.7118261360429015 	Best Valid Acc: 0.717612
Epoch: 176 	Training Cost: 9332.698233	 Valid Acc: 0.709427039232289 	Best Valid Acc: 0.717612
Epoch: 177 	Training Cost: 9324.983361	 Valid Acc: 0.7111205193338979 	Best Valid Acc: 0.717612
Epoch: 178 	Training Cost: 9317.045859	 Valid Acc: 0.7123906294101044 	Best Valid Acc: 0.717612
Epoch: 179 	Training Cost: 9306.316190	 Valid Acc: 0.7111205193338979 	Best Valid Acc: 0.717612
Epoch: 180 	Training Cost: 9292.508807	 Valid Acc: 0.7098504092576913 	Best Valid Acc: 0.717612
Epoch: 181 	Training Cost: 9279.249012	 Valid Acc: 0.7108382726502963 	Best Valid Acc: 0.717612
Epoch: 182 	Training Cost: 9269.391136	 Valid Acc: 0.7098504092576913 	Best Valid Acc: 0.717612
Epoch: 183 	Training Cost: 9252.814397	 Valid Acc: 0.7095681625740897 	Best Valid Acc: 0.717612
Epoch: 184 	Training Cost: 9238.092122	 Valid Acc: 0.7102737792830934 	Best Valid Acc: 0.717612
Epoch: 185 	Training Cost: 9223.668602	 Valid Acc: 0.7092859158904883 	Best Valid Acc: 0.717612
Epoch: 186 	Training Cost: 9204.659222	 Valid Acc: 0.7101326559412927 	Best Valid Acc: 0.717612
Epoch: 187 	Training Cost: 9191.951798	 Valid Acc: 0.7101326559412927 	Best Valid Acc: 0.717612
Epoch: 188 	Training Cost: 9175.386170	 Valid Acc: 0.707874682472481 	Best Valid Acc: 0.717612
Epoch: 189 	Training Cost: 9160.725240	 Valid Acc: 0.7080158058142817 	Best Valid Acc: 0.717612
Epoch: 190 	Training Cost: 9146.405385	 Valid Acc: 0.7049110922946655 	Best Valid Acc: 0.717612
Epoch: 191 	Training Cost: 9130.538950	 Valid Acc: 0.7050522156364663 	Best Valid Acc: 0.717612
Epoch: 192 	Training Cost: 9113.321708	 Valid Acc: 0.7053344623200677 	Best Valid Acc: 0.717612
Epoch: 193 	Training Cost: 9103.136963	 Valid Acc: 0.7056167090036692 	Best Valid Acc: 0.717612
Epoch: 194 	Training Cost: 9086.963513	 Valid Acc: 0.7043465989274627 	Best Valid Acc: 0.717612
Epoch: 195 	Training Cost: 9080.184193	 Valid Acc: 0.7036409822184589 	Best Valid Acc: 0.717612
Epoch: 196 	Training Cost: 9066.306540	 Valid Acc: 0.7064634490544736 	Best Valid Acc: 0.717612
Epoch: 197 	Training Cost: 9053.042089	 Valid Acc: 0.7042054755856618 	Best Valid Acc: 0.717612
Epoch: 198 	Training Cost: 9044.080969	 Valid Acc: 0.7049110922946655 	Best Valid Acc: 0.717612
Epoch: 199 	Training Cost: 9031.278558	 Valid Acc: 0.7026531188258538 	Best Valid Acc: 0.717612
Epoch: 200 	Training Cost: 9019.269050	 Valid Acc: 0.7058989556872707 	Best Valid Acc: 0.717612
lr=3e-05, lamb=0.001, num_epoch=200, test_acc=0.7047699689528648
----------------------------------------------------------
lr=3e-05, lamb=0, best_valid_acc=0.7174710697149308
lr=3e-05, lamb=1e-05, best_valid_acc=0.7170476996895286
lr=3e-05, lamb=0.0001, best_valid_acc=0.7164832063223258
lr=3e-05, lamb=0.001, best_valid_acc=0.7176121930567316
