nn3.py, Model=1024,256,256+388
Tuning process for lr=1e-05
----------------------------------------------------------
lr=1e-05, lamb=0, num_epoch=200
Epoch: 1 	Training Cost: 12598.329253	 Valid Acc: 0.6773920406435224 	Best Valid Acc: 0.677392
Epoch: 2 	Training Cost: 11612.981174	 Valid Acc: 0.6803556308213379 	Best Valid Acc: 0.680356
Epoch: 3 	Training Cost: 11486.846713	 Valid Acc: 0.6820491109229466 	Best Valid Acc: 0.682049
Epoch: 4 	Training Cost: 11451.762556	 Valid Acc: 0.6831780976573525 	Best Valid Acc: 0.683178
Epoch: 5 	Training Cost: 11433.351536	 Valid Acc: 0.683460344340954 	Best Valid Acc: 0.683460
Epoch: 6 	Training Cost: 11419.074331	 Valid Acc: 0.6848715777589613 	Best Valid Acc: 0.684872
Epoch: 7 	Training Cost: 11404.548703	 Valid Acc: 0.6851538244425628 	Best Valid Acc: 0.685154
Epoch: 8 	Training Cost: 11389.033341	 Valid Acc: 0.6854360711261642 	Best Valid Acc: 0.685436
Epoch: 9 	Training Cost: 11371.793103	 Valid Acc: 0.6855771944679651 	Best Valid Acc: 0.685577
Epoch: 10 	Training Cost: 11351.636343	 Valid Acc: 0.6867061812023709 	Best Valid Acc: 0.686706
Epoch: 11 	Training Cost: 11327.718874	 Valid Acc: 0.6878351679367768 	Best Valid Acc: 0.687835
Epoch: 12 	Training Cost: 11297.745893	 Valid Acc: 0.6871295512277731 	Best Valid Acc: 0.687835
Epoch: 13 	Training Cost: 11259.216510	 Valid Acc: 0.6868473045441716 	Best Valid Acc: 0.687835
Epoch: 14 	Training Cost: 11207.830838	 Valid Acc: 0.6878351679367768 	Best Valid Acc: 0.687835
Epoch: 15 	Training Cost: 11139.009756	 Valid Acc: 0.6875529212531752 	Best Valid Acc: 0.687835
Epoch: 16 	Training Cost: 11047.387108	 Valid Acc: 0.6907987581145921 	Best Valid Acc: 0.690799
Epoch: 17 	Training Cost: 10930.938137	 Valid Acc: 0.6931978549252046 	Best Valid Acc: 0.693198
Epoch: 18 	Training Cost: 10798.718361	 Valid Acc: 0.6953147050522156 	Best Valid Acc: 0.695315
Epoch: 19 	Training Cost: 10664.375928	 Valid Acc: 0.7005362686988428 	Best Valid Acc: 0.700536
Epoch: 20 	Training Cost: 10540.499361	 Valid Acc: 0.7018063787750494 	Best Valid Acc: 0.701806
Epoch: 21 	Training Cost: 10434.560435	 Valid Acc: 0.7029353655094552 	Best Valid Acc: 0.702935
Epoch: 22 	Training Cost: 10346.429511	 Valid Acc: 0.7037821055602597 	Best Valid Acc: 0.703782
Epoch: 23 	Training Cost: 10273.514646	 Valid Acc: 0.7043465989274627 	Best Valid Acc: 0.704347
Epoch: 24 	Training Cost: 10212.026147	 Valid Acc: 0.7061812023708721 	Best Valid Acc: 0.706181
Epoch: 25 	Training Cost: 10159.068494	 Valid Acc: 0.7074513124470787 	Best Valid Acc: 0.707451
Epoch: 26 	Training Cost: 10112.726600	 Valid Acc: 0.7106971493084956 	Best Valid Acc: 0.710697
Epoch: 27 	Training Cost: 10071.126669	 Valid Acc: 0.7109793959920971 	Best Valid Acc: 0.710979
Epoch: 28 	Training Cost: 10033.016267	 Valid Acc: 0.7126728760937059 	Best Valid Acc: 0.712673
Epoch: 29 	Training Cost: 9997.588285	 Valid Acc: 0.7114027660174993 	Best Valid Acc: 0.712673
Epoch: 30 	Training Cost: 9964.035056	 Valid Acc: 0.7111205193338979 	Best Valid Acc: 0.712673
Epoch: 31 	Training Cost: 9931.536839	 Valid Acc: 0.7115438893593 	Best Valid Acc: 0.712673
Epoch: 32 	Training Cost: 9900.179134	 Valid Acc: 0.7118261360429015 	Best Valid Acc: 0.712673
Epoch: 33 	Training Cost: 9869.494444	 Valid Acc: 0.7125317527519052 	Best Valid Acc: 0.712673
Epoch: 34 	Training Cost: 9838.948303	 Valid Acc: 0.7123906294101044 	Best Valid Acc: 0.712673
Epoch: 35 	Training Cost: 9808.330441	 Valid Acc: 0.7122495060683037 	Best Valid Acc: 0.712673
Epoch: 36 	Training Cost: 9777.273949	 Valid Acc: 0.7114027660174993 	Best Valid Acc: 0.712673
Epoch: 37 	Training Cost: 9745.632402	 Valid Acc: 0.7119672593847022 	Best Valid Acc: 0.712673
Epoch: 38 	Training Cost: 9713.639578	 Valid Acc: 0.7111205193338979 	Best Valid Acc: 0.712673
Epoch: 39 	Training Cost: 9680.356652	 Valid Acc: 0.7118261360429015 	Best Valid Acc: 0.712673
Epoch: 40 	Training Cost: 9645.913756	 Valid Acc: 0.7123906294101044 	Best Valid Acc: 0.712673
Epoch: 41 	Training Cost: 9610.721600	 Valid Acc: 0.7122495060683037 	Best Valid Acc: 0.712673
Epoch: 42 	Training Cost: 9573.979860	 Valid Acc: 0.7118261360429015 	Best Valid Acc: 0.712673
Epoch: 43 	Training Cost: 9536.531696	 Valid Acc: 0.7112616426756986 	Best Valid Acc: 0.712673
Epoch: 44 	Training Cost: 9497.596737	 Valid Acc: 0.7111205193338979 	Best Valid Acc: 0.712673
Epoch: 45 	Training Cost: 9457.481070	 Valid Acc: 0.7111205193338979 	Best Valid Acc: 0.712673
Epoch: 46 	Training Cost: 9416.305147	 Valid Acc: 0.7122495060683037 	Best Valid Acc: 0.712673
Epoch: 47 	Training Cost: 9374.423233	 Valid Acc: 0.7119672593847022 	Best Valid Acc: 0.712673
Epoch: 48 	Training Cost: 9331.314026	 Valid Acc: 0.7125317527519052 	Best Valid Acc: 0.712673
Epoch: 49 	Training Cost: 9287.134447	 Valid Acc: 0.7125317527519052 	Best Valid Acc: 0.712673
Epoch: 50 	Training Cost: 9242.036502	 Valid Acc: 0.7133784928027096 	Best Valid Acc: 0.713378
Epoch: 51 	Training Cost: 9195.956577	 Valid Acc: 0.7123906294101044 	Best Valid Acc: 0.713378
Epoch: 52 	Training Cost: 9148.764031	 Valid Acc: 0.7115438893593 	Best Valid Acc: 0.713378
Epoch: 53 	Training Cost: 9100.543576	 Valid Acc: 0.712108382726503 	Best Valid Acc: 0.713378
Epoch: 54 	Training Cost: 9051.389276	 Valid Acc: 0.7129551227773073 	Best Valid Acc: 0.713378
Epoch: 55 	Training Cost: 9001.540215	 Valid Acc: 0.713096246119108 	Best Valid Acc: 0.713378
Epoch: 56 	Training Cost: 8950.980170	 Valid Acc: 0.713096246119108 	Best Valid Acc: 0.713378
Epoch: 57 	Training Cost: 8899.714291	 Valid Acc: 0.712108382726503 	Best Valid Acc: 0.713378
Epoch: 58 	Training Cost: 8848.346224	 Valid Acc: 0.7112616426756986 	Best Valid Acc: 0.713378
Epoch: 59 	Training Cost: 8796.110178	 Valid Acc: 0.7108382726502963 	Best Valid Acc: 0.713378
Epoch: 60 	Training Cost: 8743.675731	 Valid Acc: 0.7090036692068868 	Best Valid Acc: 0.713378
Epoch: 61 	Training Cost: 8691.113604	 Valid Acc: 0.7087214225232854 	Best Valid Acc: 0.713378
Epoch: 62 	Training Cost: 8638.727004	 Valid Acc: 0.707874682472481 	Best Valid Acc: 0.713378
Epoch: 63 	Training Cost: 8586.028943	 Valid Acc: 0.7071690657634773 	Best Valid Acc: 0.713378
Epoch: 64 	Training Cost: 8533.529595	 Valid Acc: 0.7064634490544736 	Best Valid Acc: 0.713378
Epoch: 65 	Training Cost: 8481.154859	 Valid Acc: 0.7060400790290714 	Best Valid Acc: 0.713378
Epoch: 66 	Training Cost: 8428.754285	 Valid Acc: 0.7058989556872707 	Best Valid Acc: 0.713378
Epoch: 67 	Training Cost: 8376.377055	 Valid Acc: 0.7046288456110641 	Best Valid Acc: 0.713378
Epoch: 68 	Training Cost: 8323.843917	 Valid Acc: 0.7039232289020604 	Best Valid Acc: 0.713378
Epoch: 69 	Training Cost: 8271.417343	 Valid Acc: 0.7034998588766582 	Best Valid Acc: 0.713378
Epoch: 70 	Training Cost: 8218.594455	 Valid Acc: 0.7029353655094552 	Best Valid Acc: 0.713378
Epoch: 71 	Training Cost: 8165.297089	 Valid Acc: 0.7020886254586508 	Best Valid Acc: 0.713378
Epoch: 72 	Training Cost: 8111.725148	 Valid Acc: 0.7015241320914479 	Best Valid Acc: 0.713378
Epoch: 73 	Training Cost: 8057.948153	 Valid Acc: 0.7005362686988428 	Best Valid Acc: 0.713378
Epoch: 74 	Training Cost: 8003.688507	 Valid Acc: 0.6991250352808355 	Best Valid Acc: 0.713378
Epoch: 75 	Training Cost: 7949.215317	 Valid Acc: 0.6978549252046289 	Best Valid Acc: 0.713378
Epoch: 76 	Training Cost: 7894.396107	 Valid Acc: 0.6971493084956252 	Best Valid Acc: 0.713378
Epoch: 77 	Training Cost: 7839.373413	 Valid Acc: 0.6965848151284222 	Best Valid Acc: 0.713378
Epoch: 78 	Training Cost: 7784.197233	 Valid Acc: 0.69616144510302 	Best Valid Acc: 0.713378
Epoch: 79 	Training Cost: 7728.904626	 Valid Acc: 0.6951735817104149 	Best Valid Acc: 0.713378
Epoch: 80 	Training Cost: 7673.357393	 Valid Acc: 0.6947502116850127 	Best Valid Acc: 0.713378
Epoch: 81 	Training Cost: 7617.763683	 Valid Acc: 0.6934801016088061 	Best Valid Acc: 0.713378
Epoch: 82 	Training Cost: 7562.035987	 Valid Acc: 0.6922099915325995 	Best Valid Acc: 0.713378
Epoch: 83 	Training Cost: 7506.305562	 Valid Acc: 0.691927744848998 	Best Valid Acc: 0.713378
Epoch: 84 	Training Cost: 7450.548864	 Valid Acc: 0.6907987581145921 	Best Valid Acc: 0.713378
Epoch: 85 	Training Cost: 7394.884055	 Valid Acc: 0.6895286480383855 	Best Valid Acc: 0.713378
Epoch: 86 	Training Cost: 7339.175239	 Valid Acc: 0.6883996613039797 	Best Valid Acc: 0.713378
Epoch: 87 	Training Cost: 7283.471093	 Valid Acc: 0.6883996613039797 	Best Valid Acc: 0.713378
Epoch: 88 	Training Cost: 7227.659682	 Valid Acc: 0.6865650578605701 	Best Valid Acc: 0.713378
Epoch: 89 	Training Cost: 7171.892085	 Valid Acc: 0.6862828111769687 	Best Valid Acc: 0.713378
Epoch: 90 	Training Cost: 7116.121298	 Valid Acc: 0.6865650578605701 	Best Valid Acc: 0.713378
Epoch: 91 	Training Cost: 7060.210569	 Valid Acc: 0.6858594411515665 	Best Valid Acc: 0.713378
Epoch: 92 	Training Cost: 7004.530674	 Valid Acc: 0.6845893310753599 	Best Valid Acc: 0.713378
Epoch: 93 	Training Cost: 6948.922363	 Valid Acc: 0.6836014676827548 	Best Valid Acc: 0.713378
Epoch: 94 	Training Cost: 6893.436630	 Valid Acc: 0.6837425910245555 	Best Valid Acc: 0.713378
Epoch: 95 	Training Cost: 6837.898372	 Valid Acc: 0.6819079875811459 	Best Valid Acc: 0.713378
Epoch: 96 	Training Cost: 6782.486600	 Valid Acc: 0.6816257408975445 	Best Valid Acc: 0.713378
Epoch: 97 	Training Cost: 6727.113941	 Valid Acc: 0.6823313576065482 	Best Valid Acc: 0.713378
Epoch: 98 	Training Cost: 6671.981815	 Valid Acc: 0.6833192209991532 	Best Valid Acc: 0.713378
Epoch: 99 	Training Cost: 6616.856800	 Valid Acc: 0.6838837143663562 	Best Valid Acc: 0.713378
Epoch: 100 	Training Cost: 6561.879758	 Valid Acc: 0.6847304544171606 	Best Valid Acc: 0.713378
Epoch: 101 	Training Cost: 6507.019933	 Valid Acc: 0.6844482077335591 	Best Valid Acc: 0.713378
Epoch: 102 	Training Cost: 6452.507662	 Valid Acc: 0.6836014676827548 	Best Valid Acc: 0.713378
Epoch: 103 	Training Cost: 6398.127403	 Valid Acc: 0.6823313576065482 	Best Valid Acc: 0.713378
Epoch: 104 	Training Cost: 6344.143284	 Valid Acc: 0.6823313576065482 	Best Valid Acc: 0.713378
Epoch: 105 	Training Cost: 6290.327458	 Valid Acc: 0.6812023708721423 	Best Valid Acc: 0.713378
Epoch: 106 	Training Cost: 6236.820425	 Valid Acc: 0.6817668642393452 	Best Valid Acc: 0.713378
Epoch: 107 	Training Cost: 6183.639636	 Valid Acc: 0.6812023708721423 	Best Valid Acc: 0.713378
Epoch: 108 	Training Cost: 6130.916279	 Valid Acc: 0.68077900084674 	Best Valid Acc: 0.713378
Epoch: 109 	Training Cost: 6078.638000	 Valid Acc: 0.6817668642393452 	Best Valid Acc: 0.713378
Epoch: 110 	Training Cost: 6026.756885	 Valid Acc: 0.6821902342647473 	Best Valid Acc: 0.713378
Epoch: 111 	Training Cost: 5975.223938	 Valid Acc: 0.6816257408975445 	Best Valid Acc: 0.713378
Epoch: 112 	Training Cost: 5924.074548	 Valid Acc: 0.6814846175557437 	Best Valid Acc: 0.713378
Epoch: 113 	Training Cost: 5873.296463	 Valid Acc: 0.6812023708721423 	Best Valid Acc: 0.713378
Epoch: 114 	Training Cost: 5822.986215	 Valid Acc: 0.68077900084674 	Best Valid Acc: 0.713378
Epoch: 115 	Training Cost: 5773.044214	 Valid Acc: 0.6800733841377364 	Best Valid Acc: 0.713378
Epoch: 116 	Training Cost: 5723.632867	 Valid Acc: 0.6796500141123342 	Best Valid Acc: 0.713378
Epoch: 117 	Training Cost: 5674.694701	 Valid Acc: 0.6793677674287327 	Best Valid Acc: 0.713378
Epoch: 118 	Training Cost: 5626.145101	 Valid Acc: 0.6799322607959356 	Best Valid Acc: 0.713378
Epoch: 119 	Training Cost: 5578.116543	 Valid Acc: 0.6789443974033305 	Best Valid Acc: 0.713378
Epoch: 120 	Training Cost: 5530.492774	 Valid Acc: 0.6779565340107254 	Best Valid Acc: 0.713378
Epoch: 121 	Training Cost: 5483.353767	 Valid Acc: 0.6776742873271239 	Best Valid Acc: 0.713378
Epoch: 122 	Training Cost: 5436.672019	 Valid Acc: 0.6780976573525261 	Best Valid Acc: 0.713378
Epoch: 123 	Training Cost: 5390.404097	 Valid Acc: 0.6769686706181203 	Best Valid Acc: 0.713378
Epoch: 124 	Training Cost: 5344.529482	 Valid Acc: 0.676545300592718 	Best Valid Acc: 0.713378
Epoch: 125 	Training Cost: 5299.182071	 Valid Acc: 0.6766864239345187 	Best Valid Acc: 0.713378
Epoch: 126 	Training Cost: 5254.224168	 Valid Acc: 0.676545300592718 	Best Valid Acc: 0.713378
Epoch: 127 	Training Cost: 5209.703953	 Valid Acc: 0.6761219305673158 	Best Valid Acc: 0.713378
Epoch: 128 	Training Cost: 5165.446835	 Valid Acc: 0.6758396838837144 	Best Valid Acc: 0.713378
Epoch: 129 	Training Cost: 5121.552500	 Valid Acc: 0.6755574372001129 	Best Valid Acc: 0.713378
Epoch: 130 	Training Cost: 5078.087552	 Valid Acc: 0.6756985605419137 	Best Valid Acc: 0.713378
Epoch: 131 	Training Cost: 5035.084525	 Valid Acc: 0.6745695738075078 	Best Valid Acc: 0.713378
Epoch: 132 	Training Cost: 4992.425053	 Valid Acc: 0.6735817104149027 	Best Valid Acc: 0.713378
Epoch: 133 	Training Cost: 4950.149290	 Valid Acc: 0.672311600338696 	Best Valid Acc: 0.713378
Epoch: 134 	Training Cost: 4908.367097	 Valid Acc: 0.6717471069714931 	Best Valid Acc: 0.713378
Epoch: 135 	Training Cost: 4866.919764	 Valid Acc: 0.6714648602878917 	Best Valid Acc: 0.713378
Epoch: 136 	Training Cost: 4825.661494	 Valid Acc: 0.6711826136042901 	Best Valid Acc: 0.713378
Epoch: 137 	Training Cost: 4784.946866	 Valid Acc: 0.6706181202370872 	Best Valid Acc: 0.713378
Epoch: 138 	Training Cost: 4744.538574	 Valid Acc: 0.6704769968952865 	Best Valid Acc: 0.713378
Epoch: 139 	Training Cost: 4704.641890	 Valid Acc: 0.6701947502116851 	Best Valid Acc: 0.713378
Epoch: 140 	Training Cost: 4664.934426	 Valid Acc: 0.6692068868190799 	Best Valid Acc: 0.713378
Epoch: 141 	Training Cost: 4625.737029	 Valid Acc: 0.6694891335026814 	Best Valid Acc: 0.713378
Epoch: 142 	Training Cost: 4586.799536	 Valid Acc: 0.6690657634772792 	Best Valid Acc: 0.713378
Epoch: 143 	Training Cost: 4548.210297	 Valid Acc: 0.6685012701100762 	Best Valid Acc: 0.713378
Epoch: 144 	Training Cost: 4510.024022	 Valid Acc: 0.6685012701100762 	Best Valid Acc: 0.713378
Epoch: 145 	Training Cost: 4472.195639	 Valid Acc: 0.668077900084674 	Best Valid Acc: 0.713378
Epoch: 146 	Training Cost: 4434.649359	 Valid Acc: 0.6673722833756703 	Best Valid Acc: 0.713378
Epoch: 147 	Training Cost: 4397.500087	 Valid Acc: 0.6676545300592718 	Best Valid Acc: 0.713378
Epoch: 148 	Training Cost: 4360.630852	 Valid Acc: 0.6668077900084673 	Best Valid Acc: 0.713378
Epoch: 149 	Training Cost: 4324.071411	 Valid Acc: 0.6668077900084673 	Best Valid Acc: 0.713378
Epoch: 150 	Training Cost: 4287.811540	 Valid Acc: 0.6672311600338696 	Best Valid Acc: 0.713378
Epoch: 151 	Training Cost: 4251.945386	 Valid Acc: 0.6663844199830652 	Best Valid Acc: 0.713378
Epoch: 152 	Training Cost: 4216.434969	 Valid Acc: 0.6658199266158623 	Best Valid Acc: 0.713378
Epoch: 153 	Training Cost: 4181.175131	 Valid Acc: 0.6648320632232572 	Best Valid Acc: 0.713378
Epoch: 154 	Training Cost: 4146.240454	 Valid Acc: 0.6644086931978549 	Best Valid Acc: 0.713378
Epoch: 155 	Training Cost: 4111.539274	 Valid Acc: 0.6649731865650579 	Best Valid Acc: 0.713378
Epoch: 156 	Training Cost: 4077.153852	 Valid Acc: 0.663844199830652 	Best Valid Acc: 0.713378
Epoch: 157 	Training Cost: 4042.954795	 Valid Acc: 0.663844199830652 	Best Valid Acc: 0.713378
Epoch: 158 	Training Cost: 4009.086352	 Valid Acc: 0.6627152130962461 	Best Valid Acc: 0.713378
Epoch: 159 	Training Cost: 3975.535772	 Valid Acc: 0.6621507197290432 	Best Valid Acc: 0.713378
Epoch: 160 	Training Cost: 3942.267208	 Valid Acc: 0.6621507197290432 	Best Valid Acc: 0.713378
Epoch: 161 	Training Cost: 3909.201709	 Valid Acc: 0.6614451030200396 	Best Valid Acc: 0.713378
Epoch: 162 	Training Cost: 3876.450562	 Valid Acc: 0.6618684730454417 	Best Valid Acc: 0.713378
Epoch: 163 	Training Cost: 3843.899820	 Valid Acc: 0.6618684730454417 	Best Valid Acc: 0.713378
Epoch: 164 	Training Cost: 3811.628922	 Valid Acc: 0.6618684730454417 	Best Valid Acc: 0.713378
Epoch: 165 	Training Cost: 3779.609180	 Valid Acc: 0.6607394863110359 	Best Valid Acc: 0.713378
Epoch: 166 	Training Cost: 3747.794196	 Valid Acc: 0.6608806096528366 	Best Valid Acc: 0.713378
Epoch: 167 	Training Cost: 3716.243599	 Valid Acc: 0.6601749929438329 	Best Valid Acc: 0.713378
Epoch: 168 	Training Cost: 3684.908858	 Valid Acc: 0.6605983629692351 	Best Valid Acc: 0.713378
Epoch: 169 	Training Cost: 3653.778900	 Valid Acc: 0.6598927462602314 	Best Valid Acc: 0.713378
Epoch: 170 	Training Cost: 3622.911228	 Valid Acc: 0.6589048828676263 	Best Valid Acc: 0.713378
Epoch: 171 	Training Cost: 3592.272224	 Valid Acc: 0.6591871295512278 	Best Valid Acc: 0.713378
Epoch: 172 	Training Cost: 3561.895531	 Valid Acc: 0.6583403895004234 	Best Valid Acc: 0.713378
Epoch: 173 	Training Cost: 3531.663779	 Valid Acc: 0.6587637595258256 	Best Valid Acc: 0.713378
Epoch: 174 	Training Cost: 3501.582844	 Valid Acc: 0.6587637595258256 	Best Valid Acc: 0.713378
Epoch: 175 	Training Cost: 3471.825219	 Valid Acc: 0.657493649449619 	Best Valid Acc: 0.713378
Epoch: 176 	Training Cost: 3442.215446	 Valid Acc: 0.657493649449619 	Best Valid Acc: 0.713378
Epoch: 177 	Training Cost: 3412.844479	 Valid Acc: 0.658058142816822 	Best Valid Acc: 0.713378
Epoch: 178 	Training Cost: 3383.648169	 Valid Acc: 0.6579170194750211 	Best Valid Acc: 0.713378
Epoch: 179 	Training Cost: 3354.618256	 Valid Acc: 0.657493649449619 	Best Valid Acc: 0.713378
Epoch: 180 	Training Cost: 3325.857516	 Valid Acc: 0.6576347727914197 	Best Valid Acc: 0.713378
Epoch: 181 	Training Cost: 3297.268933	 Valid Acc: 0.6570702794242168 	Best Valid Acc: 0.713378
Epoch: 182 	Training Cost: 3268.901666	 Valid Acc: 0.6570702794242168 	Best Valid Acc: 0.713378
Epoch: 183 	Training Cost: 3240.729339	 Valid Acc: 0.6570702794242168 	Best Valid Acc: 0.713378
Epoch: 184 	Training Cost: 3212.720187	 Valid Acc: 0.6563646627152131 	Best Valid Acc: 0.713378
Epoch: 185 	Training Cost: 3184.957021	 Valid Acc: 0.6558001693480101 	Best Valid Acc: 0.713378
Epoch: 186 	Training Cost: 3157.260100	 Valid Acc: 0.6550945526390065 	Best Valid Acc: 0.713378
Epoch: 187 	Training Cost: 3129.856302	 Valid Acc: 0.6539655659046006 	Best Valid Acc: 0.713378
Epoch: 188 	Training Cost: 3102.608663	 Valid Acc: 0.6539655659046006 	Best Valid Acc: 0.713378
Epoch: 189 	Training Cost: 3075.557942	 Valid Acc: 0.6522720858029918 	Best Valid Acc: 0.713378
Epoch: 190 	Training Cost: 3048.636650	 Valid Acc: 0.6514253457521874 	Best Valid Acc: 0.713378
Epoch: 191 	Training Cost: 3021.947995	 Valid Acc: 0.6514253457521874 	Best Valid Acc: 0.713378
Epoch: 192 	Training Cost: 2995.386201	 Valid Acc: 0.6512842224103866 	Best Valid Acc: 0.713378
Epoch: 193 	Training Cost: 2969.044484	 Valid Acc: 0.6510019757267852 	Best Valid Acc: 0.713378
Epoch: 194 	Training Cost: 2942.853276	 Valid Acc: 0.6504374823595823 	Best Valid Acc: 0.713378
Epoch: 195 	Training Cost: 2916.833986	 Valid Acc: 0.6501552356759808 	Best Valid Acc: 0.713378
Epoch: 196 	Training Cost: 2890.972895	 Valid Acc: 0.65001411233418 	Best Valid Acc: 0.713378
Epoch: 197 	Training Cost: 2865.256313	 Valid Acc: 0.6508608523849845 	Best Valid Acc: 0.713378
Epoch: 198 	Training Cost: 2839.654732	 Valid Acc: 0.6504374823595823 	Best Valid Acc: 0.713378
Epoch: 199 	Training Cost: 2814.291804	 Valid Acc: 0.6502963590177815 	Best Valid Acc: 0.713378
Epoch: 200 	Training Cost: 2789.000515	 Valid Acc: 0.6517075924357889 	Best Valid Acc: 0.713378
lr=1e-05, lamb=0, num_epoch=200, test_acc=0.6559412926898109
----------------------------------------------------------
----------------------------------------------------------
lr=1e-05, lamb=0.0001, num_epoch=200
Epoch: 1 	Training Cost: 12750.896973	 Valid Acc: 0.676545300592718 	Best Valid Acc: 0.676545
Epoch: 2 	Training Cost: 11674.069697	 Valid Acc: 0.6820491109229466 	Best Valid Acc: 0.682049
Epoch: 3 	Training Cost: 11536.276065	 Valid Acc: 0.6836014676827548 	Best Valid Acc: 0.683601
Epoch: 4 	Training Cost: 11499.361365	 Valid Acc: 0.6843070843917584 	Best Valid Acc: 0.684307
Epoch: 5 	Training Cost: 11480.591073	 Valid Acc: 0.6847304544171606 	Best Valid Acc: 0.684730
Epoch: 6 	Training Cost: 11465.918788	 Valid Acc: 0.6845893310753599 	Best Valid Acc: 0.684730
Epoch: 7 	Training Cost: 11451.497142	 Valid Acc: 0.6847304544171606 	Best Valid Acc: 0.684730
Epoch: 8 	Training Cost: 11436.827407	 Valid Acc: 0.6841659610499576 	Best Valid Acc: 0.684730
Epoch: 9 	Training Cost: 11420.507775	 Valid Acc: 0.6848715777589613 	Best Valid Acc: 0.684872
Epoch: 10 	Training Cost: 11402.365882	 Valid Acc: 0.6851538244425628 	Best Valid Acc: 0.685154
Epoch: 11 	Training Cost: 11381.416520	 Valid Acc: 0.6851538244425628 	Best Valid Acc: 0.685154
Epoch: 12 	Training Cost: 11356.077462	 Valid Acc: 0.6850127011007621 	Best Valid Acc: 0.685154
Epoch: 13 	Training Cost: 11324.101953	 Valid Acc: 0.6851538244425628 	Best Valid Acc: 0.685154
Epoch: 14 	Training Cost: 11281.340341	 Valid Acc: 0.6860005644933672 	Best Valid Acc: 0.686001
Epoch: 15 	Training Cost: 11223.756188	 Valid Acc: 0.6865650578605701 	Best Valid Acc: 0.686565
Epoch: 16 	Training Cost: 11144.483304	 Valid Acc: 0.6886819079875811 	Best Valid Acc: 0.688682
Epoch: 17 	Training Cost: 11040.991894	 Valid Acc: 0.6926333615580017 	Best Valid Acc: 0.692633
Epoch: 18 	Training Cost: 10916.534710	 Valid Acc: 0.69616144510302 	Best Valid Acc: 0.696161
Epoch: 19 	Training Cost: 10783.112987	 Valid Acc: 0.6987016652554332 	Best Valid Acc: 0.698702
Epoch: 20 	Training Cost: 10655.520193	 Valid Acc: 0.6998306519898391 	Best Valid Acc: 0.699831
Epoch: 21 	Training Cost: 10543.432045	 Valid Acc: 0.7034998588766582 	Best Valid Acc: 0.703500
Epoch: 22 	Training Cost: 10450.073886	 Valid Acc: 0.7058989556872707 	Best Valid Acc: 0.705899
Epoch: 23 	Training Cost: 10373.507877	 Valid Acc: 0.707310189105278 	Best Valid Acc: 0.707310
Epoch: 24 	Training Cost: 10310.480835	 Valid Acc: 0.7082980524978831 	Best Valid Acc: 0.708298
Epoch: 25 	Training Cost: 10257.176199	 Valid Acc: 0.7080158058142817 	Best Valid Acc: 0.708298
Epoch: 26 	Training Cost: 10211.455890	 Valid Acc: 0.7095681625740897 	Best Valid Acc: 0.709568
Epoch: 27 	Training Cost: 10171.393775	 Valid Acc: 0.7097092859158904 	Best Valid Acc: 0.709709
Epoch: 28 	Training Cost: 10135.451557	 Valid Acc: 0.7108382726502963 	Best Valid Acc: 0.710838
Epoch: 29 	Training Cost: 10102.869904	 Valid Acc: 0.7102737792830934 	Best Valid Acc: 0.710838
Epoch: 30 	Training Cost: 10072.743701	 Valid Acc: 0.7104149026248942 	Best Valid Acc: 0.710838
Epoch: 31 	Training Cost: 10044.911457	 Valid Acc: 0.709427039232289 	Best Valid Acc: 0.710838
Epoch: 32 	Training Cost: 10018.439636	 Valid Acc: 0.7106971493084956 	Best Valid Acc: 0.710838
Epoch: 33 	Training Cost: 9993.311592	 Valid Acc: 0.7108382726502963 	Best Valid Acc: 0.710838
Epoch: 34 	Training Cost: 9969.065986	 Valid Acc: 0.7111205193338979 	Best Valid Acc: 0.711121
Epoch: 35 	Training Cost: 9945.376879	 Valid Acc: 0.7115438893593 	Best Valid Acc: 0.711544
Epoch: 36 	Training Cost: 9922.472140	 Valid Acc: 0.712108382726503 	Best Valid Acc: 0.712108
Epoch: 37 	Training Cost: 9899.333605	 Valid Acc: 0.7122495060683037 	Best Valid Acc: 0.712250
Epoch: 38 	Training Cost: 9875.928547	 Valid Acc: 0.7126728760937059 	Best Valid Acc: 0.712673
Epoch: 39 	Training Cost: 9852.683714	 Valid Acc: 0.7123906294101044 	Best Valid Acc: 0.712673
Epoch: 40 	Training Cost: 9828.860966	 Valid Acc: 0.7128139994355066 	Best Valid Acc: 0.712814
Epoch: 41 	Training Cost: 9804.306148	 Valid Acc: 0.7123906294101044 	Best Valid Acc: 0.712814
Epoch: 42 	Training Cost: 9779.207999	 Valid Acc: 0.7126728760937059 	Best Valid Acc: 0.712814
Epoch: 43 	Training Cost: 9753.125433	 Valid Acc: 0.7118261360429015 	Best Valid Acc: 0.712814
Epoch: 44 	Training Cost: 9726.054629	 Valid Acc: 0.7114027660174993 	Best Valid Acc: 0.712814
Epoch: 45 	Training Cost: 9697.978428	 Valid Acc: 0.713096246119108 	Best Valid Acc: 0.713096
Epoch: 46 	Training Cost: 9669.319031	 Valid Acc: 0.7122495060683037 	Best Valid Acc: 0.713096
Epoch: 47 	Training Cost: 9638.980401	 Valid Acc: 0.7133784928027096 	Best Valid Acc: 0.713378
Epoch: 48 	Training Cost: 9608.167455	 Valid Acc: 0.7135196161445103 	Best Valid Acc: 0.713520
Epoch: 49 	Training Cost: 9576.121699	 Valid Acc: 0.714225232853514 	Best Valid Acc: 0.714225
Epoch: 50 	Training Cost: 9543.776996	 Valid Acc: 0.7139429861699125 	Best Valid Acc: 0.714225
Epoch: 51 	Training Cost: 9510.482015	 Valid Acc: 0.7139429861699125 	Best Valid Acc: 0.714225
Epoch: 52 	Training Cost: 9476.601105	 Valid Acc: 0.7129551227773073 	Best Valid Acc: 0.714225
Epoch: 53 	Training Cost: 9442.197317	 Valid Acc: 0.7122495060683037 	Best Valid Acc: 0.714225
Epoch: 54 	Training Cost: 9407.077368	 Valid Acc: 0.712108382726503 	Best Valid Acc: 0.714225
Epoch: 55 	Training Cost: 9371.256135	 Valid Acc: 0.7125317527519052 	Best Valid Acc: 0.714225
Epoch: 56 	Training Cost: 9334.769448	 Valid Acc: 0.7123906294101044 	Best Valid Acc: 0.714225
Epoch: 57 	Training Cost: 9297.459267	 Valid Acc: 0.7119672593847022 	Best Valid Acc: 0.714225
Epoch: 58 	Training Cost: 9259.882643	 Valid Acc: 0.7112616426756986 	Best Valid Acc: 0.714225
Epoch: 59 	Training Cost: 9221.188633	 Valid Acc: 0.7111205193338979 	Best Valid Acc: 0.714225
Epoch: 60 	Training Cost: 9182.357954	 Valid Acc: 0.7105560259666949 	Best Valid Acc: 0.714225
Epoch: 61 	Training Cost: 9142.640975	 Valid Acc: 0.7102737792830934 	Best Valid Acc: 0.714225
Epoch: 62 	Training Cost: 9102.838069	 Valid Acc: 0.7105560259666949 	Best Valid Acc: 0.714225
Epoch: 63 	Training Cost: 9062.670941	 Valid Acc: 0.7098504092576913 	Best Valid Acc: 0.714225
Epoch: 64 	Training Cost: 9022.228504	 Valid Acc: 0.7106971493084956 	Best Valid Acc: 0.714225
Epoch: 65 	Training Cost: 8981.625730	 Valid Acc: 0.709991532599492 	Best Valid Acc: 0.714225
Epoch: 66 	Training Cost: 8940.898069	 Valid Acc: 0.7087214225232854 	Best Valid Acc: 0.714225
Epoch: 67 	Training Cost: 8900.076608	 Valid Acc: 0.707310189105278 	Best Valid Acc: 0.714225
Epoch: 68 	Training Cost: 8858.816274	 Valid Acc: 0.7064634490544736 	Best Valid Acc: 0.714225
Epoch: 69 	Training Cost: 8817.287737	 Valid Acc: 0.7070279424216765 	Best Valid Acc: 0.714225
Epoch: 70 	Training Cost: 8775.506762	 Valid Acc: 0.707310189105278 	Best Valid Acc: 0.714225
Epoch: 71 	Training Cost: 8733.164688	 Valid Acc: 0.7060400790290714 	Best Valid Acc: 0.714225
Epoch: 72 	Training Cost: 8690.431232	 Valid Acc: 0.7056167090036692 	Best Valid Acc: 0.714225
Epoch: 73 	Training Cost: 8647.358203	 Valid Acc: 0.7046288456110641 	Best Valid Acc: 0.714225
Epoch: 74 	Training Cost: 8603.444009	 Valid Acc: 0.7044877222692634 	Best Valid Acc: 0.714225
Epoch: 75 	Training Cost: 8559.188862	 Valid Acc: 0.7037821055602597 	Best Valid Acc: 0.714225
Epoch: 76 	Training Cost: 8514.658876	 Valid Acc: 0.7039232289020604 	Best Valid Acc: 0.714225
Epoch: 77 	Training Cost: 8469.591418	 Valid Acc: 0.7027942421676545 	Best Valid Acc: 0.714225
Epoch: 78 	Training Cost: 8424.195002	 Valid Acc: 0.7013830087496472 	Best Valid Acc: 0.714225
Epoch: 79 	Training Cost: 8378.560299	 Valid Acc: 0.7012418854078465 	Best Valid Acc: 0.714225
Epoch: 80 	Training Cost: 8332.870279	 Valid Acc: 0.7005362686988428 	Best Valid Acc: 0.714225
Epoch: 81 	Training Cost: 8287.600439	 Valid Acc: 0.6995484053062376 	Best Valid Acc: 0.714225
Epoch: 82 	Training Cost: 8241.936219	 Valid Acc: 0.6985605419136325 	Best Valid Acc: 0.714225
Epoch: 83 	Training Cost: 8196.535685	 Valid Acc: 0.6995484053062376 	Best Valid Acc: 0.714225
Epoch: 84 	Training Cost: 8151.162625	 Valid Acc: 0.6989839119390348 	Best Valid Acc: 0.714225
Epoch: 85 	Training Cost: 8105.946499	 Valid Acc: 0.6981371718882303 	Best Valid Acc: 0.714225
Epoch: 86 	Training Cost: 8060.934047	 Valid Acc: 0.6970081851538245 	Best Valid Acc: 0.714225
Epoch: 87 	Training Cost: 8016.129917	 Valid Acc: 0.6974315551792266 	Best Valid Acc: 0.714225
Epoch: 88 	Training Cost: 7971.508016	 Valid Acc: 0.6977138018628282 	Best Valid Acc: 0.714225
Epoch: 89 	Training Cost: 7926.814994	 Valid Acc: 0.6978549252046289 	Best Valid Acc: 0.714225
Epoch: 90 	Training Cost: 7882.566877	 Valid Acc: 0.6974315551792266 	Best Valid Acc: 0.714225
Epoch: 91 	Training Cost: 7838.142672	 Valid Acc: 0.6958791984194186 	Best Valid Acc: 0.714225
Epoch: 92 	Training Cost: 7794.125005	 Valid Acc: 0.6948913350268134 	Best Valid Acc: 0.714225
Epoch: 93 	Training Cost: 7749.890311	 Valid Acc: 0.694044594976009 	Best Valid Acc: 0.714225
Epoch: 94 	Training Cost: 7705.871459	 Valid Acc: 0.6933389782670054 	Best Valid Acc: 0.714225
Epoch: 95 	Training Cost: 7661.968453	 Valid Acc: 0.6939034716342083 	Best Valid Acc: 0.714225
Epoch: 96 	Training Cost: 7618.357669	 Valid Acc: 0.6931978549252046 	Best Valid Acc: 0.714225
Epoch: 97 	Training Cost: 7574.871344	 Valid Acc: 0.6929156082416031 	Best Valid Acc: 0.714225
Epoch: 98 	Training Cost: 7531.667610	 Valid Acc: 0.6916454981653966 	Best Valid Acc: 0.714225
Epoch: 99 	Training Cost: 7488.524224	 Valid Acc: 0.6905165114309907 	Best Valid Acc: 0.714225
Epoch: 100 	Training Cost: 7445.822953	 Valid Acc: 0.6912221281399944 	Best Valid Acc: 0.714225
Epoch: 101 	Training Cost: 7403.300511	 Valid Acc: 0.6916454981653966 	Best Valid Acc: 0.714225
Epoch: 102 	Training Cost: 7361.074309	 Valid Acc: 0.6906576347727914 	Best Valid Acc: 0.714225
Epoch: 103 	Training Cost: 7319.279857	 Valid Acc: 0.6900931414055885 	Best Valid Acc: 0.714225
Epoch: 104 	Training Cost: 7277.812011	 Valid Acc: 0.6893875246965848 	Best Valid Acc: 0.714225
Epoch: 105 	Training Cost: 7236.768610	 Valid Acc: 0.6889641546711827 	Best Valid Acc: 0.714225
Epoch: 106 	Training Cost: 7196.146641	 Valid Acc: 0.6886819079875811 	Best Valid Acc: 0.714225
Epoch: 107 	Training Cost: 7155.785731	 Valid Acc: 0.6878351679367768 	Best Valid Acc: 0.714225
Epoch: 108 	Training Cost: 7115.793162	 Valid Acc: 0.6868473045441716 	Best Valid Acc: 0.714225
Epoch: 109 	Training Cost: 7076.179344	 Valid Acc: 0.6861416878351679 	Best Valid Acc: 0.714225
Epoch: 110 	Training Cost: 7037.014100	 Valid Acc: 0.6855771944679651 	Best Valid Acc: 0.714225
Epoch: 111 	Training Cost: 6998.006166	 Valid Acc: 0.6855771944679651 	Best Valid Acc: 0.714225
Epoch: 112 	Training Cost: 6959.702258	 Valid Acc: 0.6852949477843635 	Best Valid Acc: 0.714225
Epoch: 113 	Training Cost: 6921.111043	 Valid Acc: 0.6845893310753599 	Best Valid Acc: 0.714225
Epoch: 114 	Training Cost: 6882.912153	 Valid Acc: 0.6841659610499576 	Best Valid Acc: 0.714225
Epoch: 115 	Training Cost: 6845.003854	 Valid Acc: 0.6833192209991532 	Best Valid Acc: 0.714225
Epoch: 116 	Training Cost: 6807.229533	 Valid Acc: 0.6837425910245555 	Best Valid Acc: 0.714225
Epoch: 117 	Training Cost: 6769.635183	 Valid Acc: 0.6837425910245555 	Best Valid Acc: 0.714225
Epoch: 118 	Training Cost: 6732.197555	 Valid Acc: 0.6831780976573525 	Best Valid Acc: 0.714225
Epoch: 119 	Training Cost: 6694.842395	 Valid Acc: 0.682895850973751 	Best Valid Acc: 0.714225
Epoch: 120 	Training Cost: 6657.556931	 Valid Acc: 0.6826136042901496 	Best Valid Acc: 0.714225
Epoch: 121 	Training Cost: 6620.345936	 Valid Acc: 0.6824724809483489 	Best Valid Acc: 0.714225
Epoch: 122 	Training Cost: 6583.241232	 Valid Acc: 0.6819079875811459 	Best Valid Acc: 0.714225
Epoch: 123 	Training Cost: 6546.149561	 Valid Acc: 0.6823313576065482 	Best Valid Acc: 0.714225
Epoch: 124 	Training Cost: 6509.142066	 Valid Acc: 0.6821902342647473 	Best Valid Acc: 0.714225
Epoch: 125 	Training Cost: 6472.255138	 Valid Acc: 0.6819079875811459 	Best Valid Acc: 0.714225
Epoch: 126 	Training Cost: 6435.326138	 Valid Acc: 0.6812023708721423 	Best Valid Acc: 0.714225
Epoch: 127 	Training Cost: 6398.588432	 Valid Acc: 0.6806378775049393 	Best Valid Acc: 0.714225
Epoch: 128 	Training Cost: 6361.795282	 Valid Acc: 0.6809201241885408 	Best Valid Acc: 0.714225
Epoch: 129 	Training Cost: 6325.141576	 Valid Acc: 0.6802145074795372 	Best Valid Acc: 0.714225
Epoch: 130 	Training Cost: 6288.693716	 Valid Acc: 0.6793677674287327 	Best Valid Acc: 0.714225
Epoch: 131 	Training Cost: 6252.087048	 Valid Acc: 0.6789443974033305 	Best Valid Acc: 0.714225
Epoch: 132 	Training Cost: 6216.007749	 Valid Acc: 0.679226644086932 	Best Valid Acc: 0.714225
Epoch: 133 	Training Cost: 6179.725732	 Valid Acc: 0.6799322607959356 	Best Valid Acc: 0.714225
Epoch: 134 	Training Cost: 6143.635403	 Valid Acc: 0.6793677674287327 	Best Valid Acc: 0.714225
Epoch: 135 	Training Cost: 6107.729857	 Valid Acc: 0.6788032740615297 	Best Valid Acc: 0.714225
Epoch: 136 	Training Cost: 6072.023223	 Valid Acc: 0.6782387806943269 	Best Valid Acc: 0.714225
Epoch: 137 	Training Cost: 6036.415872	 Valid Acc: 0.6779565340107254 	Best Valid Acc: 0.714225
Epoch: 138 	Training Cost: 6001.134213	 Valid Acc: 0.6776742873271239 	Best Valid Acc: 0.714225
Epoch: 139 	Training Cost: 5965.977893	 Valid Acc: 0.6778154106689246 	Best Valid Acc: 0.714225
Epoch: 140 	Training Cost: 5931.101151	 Valid Acc: 0.6769686706181203 	Best Valid Acc: 0.714225
Epoch: 141 	Training Cost: 5896.342863	 Valid Acc: 0.6764041772509173 	Best Valid Acc: 0.714225
Epoch: 142 	Training Cost: 5861.772229	 Valid Acc: 0.6759808072255151 	Best Valid Acc: 0.714225
Epoch: 143 	Training Cost: 5827.464122	 Valid Acc: 0.674428450465707 	Best Valid Acc: 0.714225
Epoch: 144 	Training Cost: 5793.666338	 Valid Acc: 0.674428450465707 	Best Valid Acc: 0.714225
Epoch: 145 	Training Cost: 5759.727420	 Valid Acc: 0.6748518204911093 	Best Valid Acc: 0.714225
Epoch: 146 	Training Cost: 5726.237616	 Valid Acc: 0.6745695738075078 	Best Valid Acc: 0.714225
Epoch: 147 	Training Cost: 5692.895588	 Valid Acc: 0.6735817104149027 	Best Valid Acc: 0.714225
Epoch: 148 	Training Cost: 5659.720152	 Valid Acc: 0.6730172170476997 	Best Valid Acc: 0.714225
Epoch: 149 	Training Cost: 5627.174965	 Valid Acc: 0.672876093705899 	Best Valid Acc: 0.714225
Epoch: 150 	Training Cost: 5594.479937	 Valid Acc: 0.6725938470222975 	Best Valid Acc: 0.714225
Epoch: 151 	Training Cost: 5562.196425	 Valid Acc: 0.6727349703640982 	Best Valid Acc: 0.714225
Epoch: 152 	Training Cost: 5530.248396	 Valid Acc: 0.6720293536550945 	Best Valid Acc: 0.714225
Epoch: 153 	Training Cost: 5498.322822	 Valid Acc: 0.6714648602878917 	Best Valid Acc: 0.714225
Epoch: 154 	Training Cost: 5466.829366	 Valid Acc: 0.6710414902624894 	Best Valid Acc: 0.714225
Epoch: 155 	Training Cost: 5435.495424	 Valid Acc: 0.6709003669206887 	Best Valid Acc: 0.714225
Epoch: 156 	Training Cost: 5404.415445	 Valid Acc: 0.6703358735534858 	Best Valid Acc: 0.714225
Epoch: 157 	Training Cost: 5373.640718	 Valid Acc: 0.6701947502116851 	Best Valid Acc: 0.714225
Epoch: 158 	Training Cost: 5342.968520	 Valid Acc: 0.6700536268698842 	Best Valid Acc: 0.714225
Epoch: 159 	Training Cost: 5312.645422	 Valid Acc: 0.6687835167936776 	Best Valid Acc: 0.714225
Epoch: 160 	Training Cost: 5282.515941	 Valid Acc: 0.6683601467682755 	Best Valid Acc: 0.714225
Epoch: 161 	Training Cost: 5252.546994	 Valid Acc: 0.6693480101608806 	Best Valid Acc: 0.714225
Epoch: 162 	Training Cost: 5222.741180	 Valid Acc: 0.6701947502116851 	Best Valid Acc: 0.714225
Epoch: 163 	Training Cost: 5193.333778	 Valid Acc: 0.6701947502116851 	Best Valid Acc: 0.714225
Epoch: 164 	Training Cost: 5164.024744	 Valid Acc: 0.6699125035280835 	Best Valid Acc: 0.714225
Epoch: 165 	Training Cost: 5134.913092	 Valid Acc: 0.6694891335026814 	Best Valid Acc: 0.714225
Epoch: 166 	Training Cost: 5105.956927	 Valid Acc: 0.6696302568444821 	Best Valid Acc: 0.714225
Epoch: 167 	Training Cost: 5077.196462	 Valid Acc: 0.6692068868190799 	Best Valid Acc: 0.714225
Epoch: 168 	Training Cost: 5048.606266	 Valid Acc: 0.6683601467682755 	Best Valid Acc: 0.714225
Epoch: 169 	Training Cost: 5020.165234	 Valid Acc: 0.6675134067174711 	Best Valid Acc: 0.714225
Epoch: 170 	Training Cost: 4991.942654	 Valid Acc: 0.6682190234264748 	Best Valid Acc: 0.714225
Epoch: 171 	Training Cost: 4963.876508	 Valid Acc: 0.6679367767428732 	Best Valid Acc: 0.714225
Epoch: 172 	Training Cost: 4935.923414	 Valid Acc: 0.668077900084674 	Best Valid Acc: 0.714225
Epoch: 173 	Training Cost: 4908.206662	 Valid Acc: 0.6679367767428732 	Best Valid Acc: 0.714225
Epoch: 174 	Training Cost: 4880.547081	 Valid Acc: 0.6665255433248659 	Best Valid Acc: 0.714225
Epoch: 175 	Training Cost: 4853.063913	 Valid Acc: 0.6658199266158623 	Best Valid Acc: 0.714225
Epoch: 176 	Training Cost: 4825.715845	 Valid Acc: 0.6651143099068586 	Best Valid Acc: 0.714225
Epoch: 177 	Training Cost: 4798.629056	 Valid Acc: 0.6655376799322608 	Best Valid Acc: 0.714225
Epoch: 178 	Training Cost: 4771.539355	 Valid Acc: 0.6655376799322608 	Best Valid Acc: 0.714225
Epoch: 179 	Training Cost: 4744.741822	 Valid Acc: 0.6658199266158623 	Best Valid Acc: 0.714225
Epoch: 180 	Training Cost: 4717.985309	 Valid Acc: 0.66539655659046 	Best Valid Acc: 0.714225
Epoch: 181 	Training Cost: 4691.346902	 Valid Acc: 0.6648320632232572 	Best Valid Acc: 0.714225
Epoch: 182 	Training Cost: 4664.978194	 Valid Acc: 0.6645498165396556 	Best Valid Acc: 0.714225
Epoch: 183 	Training Cost: 4638.602067	 Valid Acc: 0.6631385831216483 	Best Valid Acc: 0.714225
Epoch: 184 	Training Cost: 4612.421817	 Valid Acc: 0.6631385831216483 	Best Valid Acc: 0.714225
Epoch: 185 	Training Cost: 4586.393696	 Valid Acc: 0.6622918430708439 	Best Valid Acc: 0.714225
Epoch: 186 	Training Cost: 4560.439340	 Valid Acc: 0.6621507197290432 	Best Valid Acc: 0.714225
Epoch: 187 	Training Cost: 4534.572598	 Valid Acc: 0.6622918430708439 	Best Valid Acc: 0.714225
Epoch: 188 	Training Cost: 4508.912754	 Valid Acc: 0.6615862263618403 	Best Valid Acc: 0.714225
Epoch: 189 	Training Cost: 4483.406927	 Valid Acc: 0.6608806096528366 	Best Valid Acc: 0.714225
Epoch: 190 	Training Cost: 4457.983480	 Valid Acc: 0.6614451030200396 	Best Valid Acc: 0.714225
Epoch: 191 	Training Cost: 4432.703235	 Valid Acc: 0.6608806096528366 	Best Valid Acc: 0.714225
Epoch: 192 	Training Cost: 4407.511627	 Valid Acc: 0.6610217329946373 	Best Valid Acc: 0.714225
Epoch: 193 	Training Cost: 4382.489731	 Valid Acc: 0.6618684730454417 	Best Valid Acc: 0.714225
Epoch: 194 	Training Cost: 4357.660261	 Valid Acc: 0.6620095963872424 	Best Valid Acc: 0.714225
Epoch: 195 	Training Cost: 4332.856961	 Valid Acc: 0.6614451030200396 	Best Valid Acc: 0.714225
Epoch: 196 	Training Cost: 4308.152501	 Valid Acc: 0.6613039796782387 	Best Valid Acc: 0.714225
Epoch: 197 	Training Cost: 4283.685227	 Valid Acc: 0.661162856336438 	Best Valid Acc: 0.714225
Epoch: 198 	Training Cost: 4259.295425	 Valid Acc: 0.661162856336438 	Best Valid Acc: 0.714225
Epoch: 199 	Training Cost: 4234.917590	 Valid Acc: 0.6610217329946373 	Best Valid Acc: 0.714225
Epoch: 200 	Training Cost: 4210.915731	 Valid Acc: 0.661162856336438 	Best Valid Acc: 0.714225
lr=1e-05, lamb=0.0001, num_epoch=200, test_acc=0.6618684730454417
----------------------------------------------------------
----------------------------------------------------------
lr=1e-05, lamb=0.001, num_epoch=200
Epoch: 1 	Training Cost: 13339.793620	 Valid Acc: 0.6761219305673158 	Best Valid Acc: 0.676122
Epoch: 2 	Training Cost: 12057.327143	 Valid Acc: 0.6814846175557437 	Best Valid Acc: 0.681485
Epoch: 3 	Training Cost: 11839.611410	 Valid Acc: 0.6816257408975445 	Best Valid Acc: 0.681626
Epoch: 4 	Training Cost: 11758.671842	 Valid Acc: 0.6806378775049393 	Best Valid Acc: 0.681626
Epoch: 5 	Training Cost: 11711.556692	 Valid Acc: 0.6817668642393452 	Best Valid Acc: 0.681767
Epoch: 6 	Training Cost: 11676.560820	 Valid Acc: 0.6826136042901496 	Best Valid Acc: 0.682614
Epoch: 7 	Training Cost: 11648.880863	 Valid Acc: 0.6827547276319503 	Best Valid Acc: 0.682755
Epoch: 8 	Training Cost: 11625.538167	 Valid Acc: 0.6824724809483489 	Best Valid Acc: 0.682755
Epoch: 9 	Training Cost: 11605.761672	 Valid Acc: 0.6826136042901496 	Best Valid Acc: 0.682755
Epoch: 10 	Training Cost: 11588.549628	 Valid Acc: 0.6833192209991532 	Best Valid Acc: 0.683319
Epoch: 11 	Training Cost: 11570.865920	 Valid Acc: 0.6838837143663562 	Best Valid Acc: 0.683884
Epoch: 12 	Training Cost: 11550.602850	 Valid Acc: 0.6854360711261642 	Best Valid Acc: 0.685436
Epoch: 13 	Training Cost: 11524.659302	 Valid Acc: 0.6852949477843635 	Best Valid Acc: 0.685436
Epoch: 14 	Training Cost: 11490.073989	 Valid Acc: 0.6861416878351679 	Best Valid Acc: 0.686142
Epoch: 15 	Training Cost: 11441.226312	 Valid Acc: 0.6869884278859724 	Best Valid Acc: 0.686988
Epoch: 16 	Training Cost: 11372.331057	 Valid Acc: 0.6865650578605701 	Best Valid Acc: 0.686988
Epoch: 17 	Training Cost: 11277.153033	 Valid Acc: 0.6910810047981937 	Best Valid Acc: 0.691081
Epoch: 18 	Training Cost: 11157.883787	 Valid Acc: 0.6960203217612193 	Best Valid Acc: 0.696020
Epoch: 19 	Training Cost: 11026.287291	 Valid Acc: 0.7016652554332486 	Best Valid Acc: 0.701665
Epoch: 20 	Training Cost: 10899.868281	 Valid Acc: 0.7023708721422524 	Best Valid Acc: 0.702371
Epoch: 21 	Training Cost: 10790.677688	 Valid Acc: 0.7026531188258538 	Best Valid Acc: 0.702653
Epoch: 22 	Training Cost: 10701.648332	 Valid Acc: 0.7042054755856618 	Best Valid Acc: 0.704205
Epoch: 23 	Training Cost: 10630.008072	 Valid Acc: 0.7067456957380751 	Best Valid Acc: 0.706746
Epoch: 24 	Training Cost: 10571.508415	 Valid Acc: 0.7101326559412927 	Best Valid Acc: 0.710133
Epoch: 25 	Training Cost: 10523.516621	 Valid Acc: 0.7111205193338979 	Best Valid Acc: 0.711121
Epoch: 26 	Training Cost: 10483.261742	 Valid Acc: 0.7111205193338979 	Best Valid Acc: 0.711121
Epoch: 27 	Training Cost: 10448.206268	 Valid Acc: 0.709991532599492 	Best Valid Acc: 0.711121
Epoch: 28 	Training Cost: 10417.804646	 Valid Acc: 0.7092859158904883 	Best Valid Acc: 0.711121
Epoch: 29 	Training Cost: 10391.144925	 Valid Acc: 0.709991532599492 	Best Valid Acc: 0.711121
Epoch: 30 	Training Cost: 10367.264308	 Valid Acc: 0.7119672593847022 	Best Valid Acc: 0.711967
Epoch: 31 	Training Cost: 10346.278705	 Valid Acc: 0.7123906294101044 	Best Valid Acc: 0.712391
Epoch: 32 	Training Cost: 10327.047843	 Valid Acc: 0.7125317527519052 	Best Valid Acc: 0.712532
Epoch: 33 	Training Cost: 10309.872389	 Valid Acc: 0.7114027660174993 	Best Valid Acc: 0.712532
Epoch: 34 	Training Cost: 10294.717828	 Valid Acc: 0.7118261360429015 	Best Valid Acc: 0.712532
Epoch: 35 	Training Cost: 10280.771695	 Valid Acc: 0.712108382726503 	Best Valid Acc: 0.712532
Epoch: 36 	Training Cost: 10267.446209	 Valid Acc: 0.7111205193338979 	Best Valid Acc: 0.712532
Epoch: 37 	Training Cost: 10255.923978	 Valid Acc: 0.7116850127011007 	Best Valid Acc: 0.712532
Epoch: 38 	Training Cost: 10244.496613	 Valid Acc: 0.7105560259666949 	Best Valid Acc: 0.712532
Epoch: 39 	Training Cost: 10234.602371	 Valid Acc: 0.7108382726502963 	Best Valid Acc: 0.712532
Epoch: 40 	Training Cost: 10224.938236	 Valid Acc: 0.7109793959920971 	Best Valid Acc: 0.712532
Epoch: 41 	Training Cost: 10216.032844	 Valid Acc: 0.7119672593847022 	Best Valid Acc: 0.712532
Epoch: 42 	Training Cost: 10207.931583	 Valid Acc: 0.7114027660174993 	Best Valid Acc: 0.712532
Epoch: 43 	Training Cost: 10200.028007	 Valid Acc: 0.7118261360429015 	Best Valid Acc: 0.712532
Epoch: 44 	Training Cost: 10192.561761	 Valid Acc: 0.7122495060683037 	Best Valid Acc: 0.712532
Epoch: 45 	Training Cost: 10185.448284	 Valid Acc: 0.7118261360429015 	Best Valid Acc: 0.712532
Epoch: 46 	Training Cost: 10178.822004	 Valid Acc: 0.7116850127011007 	Best Valid Acc: 0.712532
Epoch: 47 	Training Cost: 10172.795223	 Valid Acc: 0.7114027660174993 	Best Valid Acc: 0.712532
Epoch: 48 	Training Cost: 10166.659605	 Valid Acc: 0.7112616426756986 	Best Valid Acc: 0.712532
Epoch: 49 	Training Cost: 10160.614909	 Valid Acc: 0.7115438893593 	Best Valid Acc: 0.712532
Epoch: 50 	Training Cost: 10155.268636	 Valid Acc: 0.7116850127011007 	Best Valid Acc: 0.712532
Epoch: 51 	Training Cost: 10149.504993	 Valid Acc: 0.7114027660174993 	Best Valid Acc: 0.712532
Epoch: 52 	Training Cost: 10144.640400	 Valid Acc: 0.7109793959920971 	Best Valid Acc: 0.712532
Epoch: 53 	Training Cost: 10139.775522	 Valid Acc: 0.7106971493084956 	Best Valid Acc: 0.712532
Epoch: 54 	Training Cost: 10134.921421	 Valid Acc: 0.7104149026248942 	Best Valid Acc: 0.712532
Epoch: 55 	Training Cost: 10130.419726	 Valid Acc: 0.7102737792830934 	Best Valid Acc: 0.712532
Epoch: 56 	Training Cost: 10125.861589	 Valid Acc: 0.7102737792830934 	Best Valid Acc: 0.712532
Epoch: 57 	Training Cost: 10121.758443	 Valid Acc: 0.7105560259666949 	Best Valid Acc: 0.712532
Epoch: 58 	Training Cost: 10117.409506	 Valid Acc: 0.7102737792830934 	Best Valid Acc: 0.712532
Epoch: 59 	Training Cost: 10113.312372	 Valid Acc: 0.7101326559412927 	Best Valid Acc: 0.712532
Epoch: 60 	Training Cost: 10109.298771	 Valid Acc: 0.7105560259666949 	Best Valid Acc: 0.712532
Epoch: 61 	Training Cost: 10105.169730	 Valid Acc: 0.7106971493084956 	Best Valid Acc: 0.712532
Epoch: 62 	Training Cost: 10100.846950	 Valid Acc: 0.7106971493084956 	Best Valid Acc: 0.712532
Epoch: 63 	Training Cost: 10097.253708	 Valid Acc: 0.7098504092576913 	Best Valid Acc: 0.712532
Epoch: 64 	Training Cost: 10094.157419	 Valid Acc: 0.7105560259666949 	Best Valid Acc: 0.712532
Epoch: 65 	Training Cost: 10089.801360	 Valid Acc: 0.7104149026248942 	Best Valid Acc: 0.712532
Epoch: 66 	Training Cost: 10085.886384	 Valid Acc: 0.7104149026248942 	Best Valid Acc: 0.712532
Epoch: 67 	Training Cost: 10081.696243	 Valid Acc: 0.709991532599492 	Best Valid Acc: 0.712532
Epoch: 68 	Training Cost: 10078.938916	 Valid Acc: 0.7102737792830934 	Best Valid Acc: 0.712532
Epoch: 69 	Training Cost: 10074.942083	 Valid Acc: 0.7105560259666949 	Best Valid Acc: 0.712532
Epoch: 70 	Training Cost: 10071.311846	 Valid Acc: 0.7108382726502963 	Best Valid Acc: 0.712532
Epoch: 71 	Training Cost: 10067.750537	 Valid Acc: 0.7105560259666949 	Best Valid Acc: 0.712532
Epoch: 72 	Training Cost: 10064.610200	 Valid Acc: 0.7106971493084956 	Best Valid Acc: 0.712532
Epoch: 73 	Training Cost: 10060.285528	 Valid Acc: 0.7109793959920971 	Best Valid Acc: 0.712532
Epoch: 74 	Training Cost: 10056.495352	 Valid Acc: 0.7109793959920971 	Best Valid Acc: 0.712532
Epoch: 75 	Training Cost: 10053.527473	 Valid Acc: 0.7109793959920971 	Best Valid Acc: 0.712532
Epoch: 76 	Training Cost: 10049.548356	 Valid Acc: 0.7112616426756986 	Best Valid Acc: 0.712532
Epoch: 77 	Training Cost: 10046.172132	 Valid Acc: 0.7108382726502963 	Best Valid Acc: 0.712532
Epoch: 78 	Training Cost: 10042.382690	 Valid Acc: 0.7109793959920971 	Best Valid Acc: 0.712532
Epoch: 79 	Training Cost: 10038.945486	 Valid Acc: 0.7109793959920971 	Best Valid Acc: 0.712532
Epoch: 80 	Training Cost: 10035.038630	 Valid Acc: 0.7118261360429015 	Best Valid Acc: 0.712532
Epoch: 81 	Training Cost: 10032.061193	 Valid Acc: 0.7119672593847022 	Best Valid Acc: 0.712532
Epoch: 82 	Training Cost: 10028.478393	 Valid Acc: 0.712108382726503 	Best Valid Acc: 0.712532
Epoch: 83 	Training Cost: 10024.694049	 Valid Acc: 0.7125317527519052 	Best Valid Acc: 0.712532
Epoch: 84 	Training Cost: 10021.500516	 Valid Acc: 0.7122495060683037 	Best Valid Acc: 0.712532
Epoch: 85 	Training Cost: 10017.802819	 Valid Acc: 0.712108382726503 	Best Valid Acc: 0.712532
Epoch: 86 	Training Cost: 10014.013570	 Valid Acc: 0.7128139994355066 	Best Valid Acc: 0.712814
Epoch: 87 	Training Cost: 10009.973286	 Valid Acc: 0.7126728760937059 	Best Valid Acc: 0.712814
Epoch: 88 	Training Cost: 10006.164571	 Valid Acc: 0.7126728760937059 	Best Valid Acc: 0.712814
Epoch: 89 	Training Cost: 10002.214408	 Valid Acc: 0.713096246119108 	Best Valid Acc: 0.713096
Epoch: 90 	Training Cost: 9998.047597	 Valid Acc: 0.7135196161445103 	Best Valid Acc: 0.713520
Epoch: 91 	Training Cost: 9993.915939	 Valid Acc: 0.7132373694609089 	Best Valid Acc: 0.713520
Epoch: 92 	Training Cost: 9989.797990	 Valid Acc: 0.7133784928027096 	Best Valid Acc: 0.713520
Epoch: 93 	Training Cost: 9985.211152	 Valid Acc: 0.7135196161445103 	Best Valid Acc: 0.713520
Epoch: 94 	Training Cost: 9980.977538	 Valid Acc: 0.7139429861699125 	Best Valid Acc: 0.713943
Epoch: 95 	Training Cost: 9975.957303	 Valid Acc: 0.7138018628281118 	Best Valid Acc: 0.713943
Epoch: 96 	Training Cost: 9971.288159	 Valid Acc: 0.7138018628281118 	Best Valid Acc: 0.713943
Epoch: 97 	Training Cost: 9966.082953	 Valid Acc: 0.714225232853514 	Best Valid Acc: 0.714225
Epoch: 98 	Training Cost: 9960.951594	 Valid Acc: 0.7145074795371155 	Best Valid Acc: 0.714507
Epoch: 99 	Training Cost: 9955.645869	 Valid Acc: 0.7146486028789162 	Best Valid Acc: 0.714649
Epoch: 100 	Training Cost: 9949.635232	 Valid Acc: 0.7153542195879199 	Best Valid Acc: 0.715354
Epoch: 101 	Training Cost: 9943.778406	 Valid Acc: 0.7150719729043183 	Best Valid Acc: 0.715354
Epoch: 102 	Training Cost: 9937.345258	 Valid Acc: 0.7145074795371155 	Best Valid Acc: 0.715354
Epoch: 103 	Training Cost: 9930.519111	 Valid Acc: 0.7143663561953147 	Best Valid Acc: 0.715354
Epoch: 104 	Training Cost: 9923.259470	 Valid Acc: 0.7138018628281118 	Best Valid Acc: 0.715354
Epoch: 105 	Training Cost: 9916.063280	 Valid Acc: 0.714225232853514 	Best Valid Acc: 0.715354
Epoch: 106 	Training Cost: 9908.388031	 Valid Acc: 0.7146486028789162 	Best Valid Acc: 0.715354
Epoch: 107 	Training Cost: 9900.053343	 Valid Acc: 0.7149308495625176 	Best Valid Acc: 0.715354
Epoch: 108 	Training Cost: 9891.333600	 Valid Acc: 0.7152130962461191 	Best Valid Acc: 0.715354
Epoch: 109 	Training Cost: 9882.309655	 Valid Acc: 0.7149308495625176 	Best Valid Acc: 0.715354
Epoch: 110 	Training Cost: 9872.848939	 Valid Acc: 0.7156364662715213 	Best Valid Acc: 0.715636
Epoch: 111 	Training Cost: 9862.875984	 Valid Acc: 0.7152130962461191 	Best Valid Acc: 0.715636
Epoch: 112 	Training Cost: 9852.801490	 Valid Acc: 0.7156364662715213 	Best Valid Acc: 0.715636
Epoch: 113 	Training Cost: 9841.882063	 Valid Acc: 0.7150719729043183 	Best Valid Acc: 0.715636
Epoch: 114 	Training Cost: 9830.628697	 Valid Acc: 0.7140841095117132 	Best Valid Acc: 0.715636
Epoch: 115 	Training Cost: 9820.234049	 Valid Acc: 0.7138018628281118 	Best Valid Acc: 0.715636
Epoch: 116 	Training Cost: 9808.499603	 Valid Acc: 0.7128139994355066 	Best Valid Acc: 0.715636
Epoch: 117 	Training Cost: 9797.313958	 Valid Acc: 0.713096246119108 	Best Valid Acc: 0.715636
Epoch: 118 	Training Cost: 9785.848808	 Valid Acc: 0.7129551227773073 	Best Valid Acc: 0.715636
Epoch: 119 	Training Cost: 9774.200458	 Valid Acc: 0.7123906294101044 	Best Valid Acc: 0.715636
Epoch: 120 	Training Cost: 9763.480975	 Valid Acc: 0.7119672593847022 	Best Valid Acc: 0.715636
Epoch: 121 	Training Cost: 9752.526190	 Valid Acc: 0.7114027660174993 	Best Valid Acc: 0.715636
Epoch: 122 	Training Cost: 9741.743523	 Valid Acc: 0.7105560259666949 	Best Valid Acc: 0.715636
Epoch: 123 	Training Cost: 9731.460533	 Valid Acc: 0.7102737792830934 	Best Valid Acc: 0.715636
Epoch: 124 	Training Cost: 9721.495340	 Valid Acc: 0.709991532599492 	Best Valid Acc: 0.715636
Epoch: 125 	Training Cost: 9711.935588	 Valid Acc: 0.7092859158904883 	Best Valid Acc: 0.715636
Epoch: 126 	Training Cost: 9702.748911	 Valid Acc: 0.7087214225232854 	Best Valid Acc: 0.715636
Epoch: 127 	Training Cost: 9693.706621	 Valid Acc: 0.7077335591306803 	Best Valid Acc: 0.715636
Epoch: 128 	Training Cost: 9684.970339	 Valid Acc: 0.7082980524978831 	Best Valid Acc: 0.715636
Epoch: 129 	Training Cost: 9676.584641	 Valid Acc: 0.7071690657634773 	Best Valid Acc: 0.715636
Epoch: 130 	Training Cost: 9668.418367	 Valid Acc: 0.707310189105278 	Best Valid Acc: 0.715636
Epoch: 131 	Training Cost: 9660.374478	 Valid Acc: 0.7066045723962744 	Best Valid Acc: 0.715636
Epoch: 132 	Training Cost: 9653.192576	 Valid Acc: 0.7071690657634773 	Best Valid Acc: 0.715636
Epoch: 133 	Training Cost: 9645.496039	 Valid Acc: 0.7071690657634773 	Best Valid Acc: 0.715636
Epoch: 134 	Training Cost: 9638.105601	 Valid Acc: 0.7070279424216765 	Best Valid Acc: 0.715636
Epoch: 135 	Training Cost: 9630.681074	 Valid Acc: 0.7066045723962744 	Best Valid Acc: 0.715636
Epoch: 136 	Training Cost: 9623.928377	 Valid Acc: 0.7082980524978831 	Best Valid Acc: 0.715636
Epoch: 137 	Training Cost: 9616.867159	 Valid Acc: 0.707874682472481 	Best Valid Acc: 0.715636
Epoch: 138 	Training Cost: 9610.713051	 Valid Acc: 0.7074513124470787 	Best Valid Acc: 0.715636
Epoch: 139 	Training Cost: 9603.986665	 Valid Acc: 0.7071690657634773 	Best Valid Acc: 0.715636
Epoch: 140 	Training Cost: 9597.496539	 Valid Acc: 0.707310189105278 	Best Valid Acc: 0.715636
Epoch: 141 	Training Cost: 9591.214033	 Valid Acc: 0.7071690657634773 	Best Valid Acc: 0.715636
Epoch: 142 	Training Cost: 9584.875008	 Valid Acc: 0.7068868190798758 	Best Valid Acc: 0.715636
Epoch: 143 	Training Cost: 9578.976758	 Valid Acc: 0.7067456957380751 	Best Valid Acc: 0.715636
Epoch: 144 	Training Cost: 9573.089860	 Valid Acc: 0.7064634490544736 	Best Valid Acc: 0.715636
Epoch: 145 	Training Cost: 9567.125553	 Valid Acc: 0.7063223257126728 	Best Valid Acc: 0.715636
Epoch: 146 	Training Cost: 9561.501836	 Valid Acc: 0.7056167090036692 	Best Valid Acc: 0.715636
Epoch: 147 	Training Cost: 9555.889178	 Valid Acc: 0.7060400790290714 	Best Valid Acc: 0.715636
Epoch: 148 	Training Cost: 9550.514322	 Valid Acc: 0.7054755856618685 	Best Valid Acc: 0.715636
Epoch: 149 	Training Cost: 9544.961621	 Valid Acc: 0.7056167090036692 	Best Valid Acc: 0.715636
Epoch: 150 	Training Cost: 9539.469476	 Valid Acc: 0.7058989556872707 	Best Valid Acc: 0.715636
Epoch: 151 	Training Cost: 9534.174268	 Valid Acc: 0.7061812023708721 	Best Valid Acc: 0.715636
Epoch: 152 	Training Cost: 9529.225190	 Valid Acc: 0.7064634490544736 	Best Valid Acc: 0.715636
Epoch: 153 	Training Cost: 9524.299179	 Valid Acc: 0.7061812023708721 	Best Valid Acc: 0.715636
Epoch: 154 	Training Cost: 9519.221174	 Valid Acc: 0.7063223257126728 	Best Valid Acc: 0.715636
Epoch: 155 	Training Cost: 9514.395208	 Valid Acc: 0.7060400790290714 	Best Valid Acc: 0.715636
Epoch: 156 	Training Cost: 9509.478098	 Valid Acc: 0.7058989556872707 	Best Valid Acc: 0.715636
Epoch: 157 	Training Cost: 9504.426208	 Valid Acc: 0.7063223257126728 	Best Valid Acc: 0.715636
Epoch: 158 	Training Cost: 9499.657403	 Valid Acc: 0.7066045723962744 	Best Valid Acc: 0.715636
Epoch: 159 	Training Cost: 9495.001377	 Valid Acc: 0.7063223257126728 	Best Valid Acc: 0.715636
Epoch: 160 	Training Cost: 9490.124876	 Valid Acc: 0.7060400790290714 	Best Valid Acc: 0.715636
Epoch: 161 	Training Cost: 9485.598349	 Valid Acc: 0.70575783234547 	Best Valid Acc: 0.715636
Epoch: 162 	Training Cost: 9480.872361	 Valid Acc: 0.705193338978267 	Best Valid Acc: 0.715636
Epoch: 163 	Training Cost: 9476.417710	 Valid Acc: 0.7047699689528648 	Best Valid Acc: 0.715636
Epoch: 164 	Training Cost: 9471.918848	 Valid Acc: 0.7049110922946655 	Best Valid Acc: 0.715636
Epoch: 165 	Training Cost: 9467.523508	 Valid Acc: 0.7047699689528648 	Best Valid Acc: 0.715636
Epoch: 166 	Training Cost: 9462.990591	 Valid Acc: 0.7050522156364663 	Best Valid Acc: 0.715636
Epoch: 167 	Training Cost: 9458.789488	 Valid Acc: 0.705193338978267 	Best Valid Acc: 0.715636
Epoch: 168 	Training Cost: 9454.625316	 Valid Acc: 0.7044877222692634 	Best Valid Acc: 0.715636
Epoch: 169 	Training Cost: 9450.366334	 Valid Acc: 0.7039232289020604 	Best Valid Acc: 0.715636
Epoch: 170 	Training Cost: 9446.141069	 Valid Acc: 0.7040643522438611 	Best Valid Acc: 0.715636
Epoch: 171 	Training Cost: 9442.106354	 Valid Acc: 0.7043465989274627 	Best Valid Acc: 0.715636
Epoch: 172 	Training Cost: 9438.021848	 Valid Acc: 0.7047699689528648 	Best Valid Acc: 0.715636
Epoch: 173 	Training Cost: 9434.101152	 Valid Acc: 0.7042054755856618 	Best Valid Acc: 0.715636
Epoch: 174 	Training Cost: 9430.196737	 Valid Acc: 0.7039232289020604 	Best Valid Acc: 0.715636
Epoch: 175 	Training Cost: 9426.153928	 Valid Acc: 0.7039232289020604 	Best Valid Acc: 0.715636
Epoch: 176 	Training Cost: 9422.301497	 Valid Acc: 0.7029353655094552 	Best Valid Acc: 0.715636
Epoch: 177 	Training Cost: 9418.465869	 Valid Acc: 0.7029353655094552 	Best Valid Acc: 0.715636
Epoch: 178 	Training Cost: 9414.576404	 Valid Acc: 0.7029353655094552 	Best Valid Acc: 0.715636
Epoch: 179 	Training Cost: 9410.823147	 Valid Acc: 0.7027942421676545 	Best Valid Acc: 0.715636
Epoch: 180 	Training Cost: 9407.028202	 Valid Acc: 0.7027942421676545 	Best Valid Acc: 0.715636
Epoch: 181 	Training Cost: 9403.431594	 Valid Acc: 0.7027942421676545 	Best Valid Acc: 0.715636
Epoch: 182 	Training Cost: 9399.978706	 Valid Acc: 0.7026531188258538 	Best Valid Acc: 0.715636
Epoch: 183 	Training Cost: 9396.324620	 Valid Acc: 0.7026531188258538 	Best Valid Acc: 0.715636
Epoch: 184 	Training Cost: 9393.000774	 Valid Acc: 0.7023708721422524 	Best Valid Acc: 0.715636
Epoch: 185 	Training Cost: 9389.180610	 Valid Acc: 0.7016652554332486 	Best Valid Acc: 0.715636
Epoch: 186 	Training Cost: 9385.751017	 Valid Acc: 0.7022297488004516 	Best Valid Acc: 0.715636
Epoch: 187 	Training Cost: 9382.274563	 Valid Acc: 0.7025119954840531 	Best Valid Acc: 0.715636
Epoch: 188 	Training Cost: 9378.853704	 Valid Acc: 0.7020886254586508 	Best Valid Acc: 0.715636
Epoch: 189 	Training Cost: 9375.521086	 Valid Acc: 0.7015241320914479 	Best Valid Acc: 0.715636
Epoch: 190 	Training Cost: 9372.255870	 Valid Acc: 0.7013830087496472 	Best Valid Acc: 0.715636
Epoch: 191 	Training Cost: 9368.973433	 Valid Acc: 0.7020886254586508 	Best Valid Acc: 0.715636
Epoch: 192 	Training Cost: 9365.638140	 Valid Acc: 0.7018063787750494 	Best Valid Acc: 0.715636
Epoch: 193 	Training Cost: 9362.353073	 Valid Acc: 0.7013830087496472 	Best Valid Acc: 0.715636
Epoch: 194 	Training Cost: 9359.364221	 Valid Acc: 0.7015241320914479 	Best Valid Acc: 0.715636
Epoch: 195 	Training Cost: 9356.242824	 Valid Acc: 0.7013830087496472 	Best Valid Acc: 0.715636
Epoch: 196 	Training Cost: 9353.116652	 Valid Acc: 0.7020886254586508 	Best Valid Acc: 0.715636
Epoch: 197 	Training Cost: 9350.384606	 Valid Acc: 0.7020886254586508 	Best Valid Acc: 0.715636
Epoch: 198 	Training Cost: 9347.140229	 Valid Acc: 0.7015241320914479 	Best Valid Acc: 0.715636
Epoch: 199 	Training Cost: 9344.245881	 Valid Acc: 0.7019475021168501 	Best Valid Acc: 0.715636
Epoch: 200 	Training Cost: 9341.182705	 Valid Acc: 0.7020886254586508 	Best Valid Acc: 0.715636
lr=1e-05, lamb=0.001, num_epoch=200, test_acc=0.6977138018628282
----------------------------------------------------------
lr=1e-05, lamb=0, best_valid_acc=([12598.329253315926, 11612.98117363453, 11486.84671318531, 11451.76255619526, 11433.351536273956, 11419.074330925941, 11404.548702955246, 11389.03334057331, 11371.79310297966, 11351.636343121529, 11327.718874454498, 11297.745893478394, 11259.21650981903, 11207.83083832264, 11139.009756445885, 11047.387108445168, 10930.93813675642, 10798.718361318111, 10664.375927567482, 10540.499360918999, 10434.560435295105, 10346.429511249065, 10273.514645755291, 10212.026147186756, 10159.068493664265, 10112.726600050926, 10071.126668870449, 10033.016266703606, 9997.588285446167, 9964.035055816174, 9931.536839038134, 9900.179134011269, 9869.49444425106, 9838.94830262661, 9808.330440849066, 9777.273948550224, 9745.63240212202, 9713.63957798481, 9680.356652379036, 9645.913755834103, 9610.72159960866, 9573.979860067368, 9536.531695649028, 9497.596736520529, 9457.481069639325, 9416.30514664948, 9374.423232838511, 9331.31402567029, 9287.134446933866, 9242.036502480507, 9195.95657671988, 9148.764031417668, 9100.543576017022, 9051.389276407659, 9001.540215410292, 8950.980170175433, 8899.714291214943, 8848.346224486828, 8796.110177576542, 8743.675730548799, 8691.113603912294, 8638.727004468441, 8586.028942897916, 8533.529595002532, 8481.154858849943, 8428.754285112023, 8376.377054989338, 8323.8439174667, 8271.417343162, 8218.594455376267, 8165.2970892339945, 8111.725148245692, 8057.948153249919, 8003.688506856561, 7949.215317394584, 7894.39610671252, 7839.373413465917, 7784.19723264873, 7728.904626391828, 7673.3573931492865, 7617.7636832259595, 7562.03598658368, 7506.305562179536, 7450.5488640367985, 7394.884055130184, 7339.175239305943, 7283.471093337983, 7227.6596819758415, 7171.892085168511, 7116.121298331767, 7060.210569314659, 7004.530673772097, 6948.922363102436, 6893.436630398035, 6837.898372340947, 6782.486599735916, 6727.113940812647, 6671.981814842671, 6616.856800287962, 6561.879757702351, 6507.019933193922, 6452.507661938667, 6398.127402618527, 6344.143283903599, 6290.327458053827, 6236.820424742997, 6183.639635562897, 6130.916278898716, 6078.638000071049, 6026.756884872913, 5975.223938390613, 5924.0745477974415, 5873.29646294564, 5822.986214861274, 5773.044213883579, 5723.632867448032, 5674.694700919092, 5626.145101360977, 5578.116542711854, 5530.49277408421, 5483.353767171502, 5436.672018505633, 5390.4040974751115, 5344.529482245445, 5299.18207103014, 5254.224167555571, 5209.703952856362, 5165.44683534652, 5121.5525001809, 5078.087552398443, 5035.084524530917, 4992.425052750856, 4950.149289689958, 4908.3670967668295, 4866.919764049351, 4825.661493886262, 4784.946866046637, 4744.538574200124, 4704.641889538616, 4664.934425842017, 4625.737028576434, 4586.799535900354, 4548.21029746905, 4510.024021584541, 4472.195639360696, 4434.649359393865, 4397.500086925924, 4360.6308523491025, 4324.071410924196, 4287.811540346593, 4251.945385886356, 4216.434969061986, 4181.17513082549, 4146.240453507751, 4111.539274221286, 4077.1538520157337, 4042.9547947905958, 4009.08635212481, 3975.5357723385096, 3942.267207827419, 3909.2017092965543, 3876.450561972335, 3843.8998202513903, 3811.6289221718907, 3779.6091796513647, 3747.794195678085, 3716.243599182926, 3684.908858396113, 3653.778899773024, 3622.9112278614193, 3592.272224274464, 3561.895530745387, 3531.6637793667614, 3501.582843920216, 3471.825218611397, 3442.215446463786, 3412.8444788455963, 3383.648168615997, 3354.618255747482, 3325.8575157485902, 3297.2689326656982, 3268.9016655092128, 3240.729338698089, 3212.720186999999, 3184.9570210315287, 3157.2601004010066, 3129.856302116532, 3102.6086632292718, 3075.557941575069, 3048.6366500421427, 3021.9479949264787, 2995.3862012382597, 2969.044484478887, 2942.85327575868, 2916.833985913545, 2890.972894554492, 2865.2563126492314, 2839.654731500894, 2814.2918042247184, 2789.0005148458295], [0.6773920406435224, 0.6803556308213379, 0.6820491109229466, 0.6831780976573525, 0.683460344340954, 0.6848715777589613, 0.6851538244425628, 0.6854360711261642, 0.6855771944679651, 0.6867061812023709, 0.6878351679367768, 0.6871295512277731, 0.6868473045441716, 0.6878351679367768, 0.6875529212531752, 0.6907987581145921, 0.6931978549252046, 0.6953147050522156, 0.7005362686988428, 0.7018063787750494, 0.7029353655094552, 0.7037821055602597, 0.7043465989274627, 0.7061812023708721, 0.7074513124470787, 0.7106971493084956, 0.7109793959920971, 0.7126728760937059, 0.7114027660174993, 0.7111205193338979, 0.7115438893593, 0.7118261360429015, 0.7125317527519052, 0.7123906294101044, 0.7122495060683037, 0.7114027660174993, 0.7119672593847022, 0.7111205193338979, 0.7118261360429015, 0.7123906294101044, 0.7122495060683037, 0.7118261360429015, 0.7112616426756986, 0.7111205193338979, 0.7111205193338979, 0.7122495060683037, 0.7119672593847022, 0.7125317527519052, 0.7125317527519052, 0.7133784928027096, 0.7123906294101044, 0.7115438893593, 0.712108382726503, 0.7129551227773073, 0.713096246119108, 0.713096246119108, 0.712108382726503, 0.7112616426756986, 0.7108382726502963, 0.7090036692068868, 0.7087214225232854, 0.707874682472481, 0.7071690657634773, 0.7064634490544736, 0.7060400790290714, 0.7058989556872707, 0.7046288456110641, 0.7039232289020604, 0.7034998588766582, 0.7029353655094552, 0.7020886254586508, 0.7015241320914479, 0.7005362686988428, 0.6991250352808355, 0.6978549252046289, 0.6971493084956252, 0.6965848151284222, 0.69616144510302, 0.6951735817104149, 0.6947502116850127, 0.6934801016088061, 0.6922099915325995, 0.691927744848998, 0.6907987581145921, 0.6895286480383855, 0.6883996613039797, 0.6883996613039797, 0.6865650578605701, 0.6862828111769687, 0.6865650578605701, 0.6858594411515665, 0.6845893310753599, 0.6836014676827548, 0.6837425910245555, 0.6819079875811459, 0.6816257408975445, 0.6823313576065482, 0.6833192209991532, 0.6838837143663562, 0.6847304544171606, 0.6844482077335591, 0.6836014676827548, 0.6823313576065482, 0.6823313576065482, 0.6812023708721423, 0.6817668642393452, 0.6812023708721423, 0.68077900084674, 0.6817668642393452, 0.6821902342647473, 0.6816257408975445, 0.6814846175557437, 0.6812023708721423, 0.68077900084674, 0.6800733841377364, 0.6796500141123342, 0.6793677674287327, 0.6799322607959356, 0.6789443974033305, 0.6779565340107254, 0.6776742873271239, 0.6780976573525261, 0.6769686706181203, 0.676545300592718, 0.6766864239345187, 0.676545300592718, 0.6761219305673158, 0.6758396838837144, 0.6755574372001129, 0.6756985605419137, 0.6745695738075078, 0.6735817104149027, 0.672311600338696, 0.6717471069714931, 0.6714648602878917, 0.6711826136042901, 0.6706181202370872, 0.6704769968952865, 0.6701947502116851, 0.6692068868190799, 0.6694891335026814, 0.6690657634772792, 0.6685012701100762, 0.6685012701100762, 0.668077900084674, 0.6673722833756703, 0.6676545300592718, 0.6668077900084673, 0.6668077900084673, 0.6672311600338696, 0.6663844199830652, 0.6658199266158623, 0.6648320632232572, 0.6644086931978549, 0.6649731865650579, 0.663844199830652, 0.663844199830652, 0.6627152130962461, 0.6621507197290432, 0.6621507197290432, 0.6614451030200396, 0.6618684730454417, 0.6618684730454417, 0.6618684730454417, 0.6607394863110359, 0.6608806096528366, 0.6601749929438329, 0.6605983629692351, 0.6598927462602314, 0.6589048828676263, 0.6591871295512278, 0.6583403895004234, 0.6587637595258256, 0.6587637595258256, 0.657493649449619, 0.657493649449619, 0.658058142816822, 0.6579170194750211, 0.657493649449619, 0.6576347727914197, 0.6570702794242168, 0.6570702794242168, 0.6570702794242168, 0.6563646627152131, 0.6558001693480101, 0.6550945526390065, 0.6539655659046006, 0.6539655659046006, 0.6522720858029918, 0.6514253457521874, 0.6514253457521874, 0.6512842224103866, 0.6510019757267852, 0.6504374823595823, 0.6501552356759808, 0.65001411233418, 0.6508608523849845, 0.6504374823595823, 0.6502963590177815, 0.6517075924357889])
lr=1e-05, lamb=0.0001, best_valid_acc=([12750.89697277546, 11674.069697082043, 11536.276065170765, 11499.361364543438, 11480.591073453426, 11465.91878837347, 11451.497142374516, 11436.82740676403, 11420.50777477026, 11402.365882277489, 11381.416520476341, 11356.077461659908, 11324.101953029633, 11281.340340793133, 11223.75618827343, 11144.483304202557, 11040.99189388752, 10916.53470981121, 10783.112987399101, 10655.52019315958, 10543.432045221329, 10450.07388573885, 10373.507876574993, 10310.480835318565, 10257.176198720932, 10211.455890417099, 10171.393774986267, 10135.451556831598, 10102.869903981686, 10072.743700563908, 10044.911456853151, 10018.439636290073, 9993.31159183383, 9969.065985739231, 9945.376879319549, 9922.47214013338, 9899.333604961634, 9875.928547218442, 9852.68371361494, 9828.860966280103, 9804.306147575378, 9779.20799896121, 9753.125433072448, 9726.054628908634, 9697.97842823714, 9669.319030791521, 9638.980400830507, 9608.167455464602, 9576.12169867754, 9543.776995703578, 9510.482015401125, 9476.601105444133, 9442.197316855192, 9407.077368438244, 9371.256135053933, 9334.76944808662, 9297.459267169237, 9259.882643446326, 9221.188632965088, 9182.357954189181, 9142.640974543989, 9102.8380689919, 9062.67094115913, 9022.22850395739, 8981.625729680061, 8940.898068629205, 8900.076608121395, 8858.81627445668, 8817.287736944854, 8775.50676175952, 8733.16468846798, 8690.431232243776, 8647.358203321695, 8603.44400921464, 8559.188862040639, 8514.65887568146, 8469.591417700052, 8424.195001602173, 8378.560299314559, 8332.870278634131, 8287.600438937545, 8241.936219029129, 8196.535685062408, 8151.162625312805, 8105.94649913162, 8060.934046790004, 8016.129916757345, 7971.508016437292, 7926.8149939626455, 7882.5668769702315, 7838.142672218382, 7794.125005058944, 7749.890311226249, 7705.87145884335, 7661.968453265727, 7618.357669323683, 7574.871343545616, 7531.667609557509, 7488.524224378169, 7445.822952724993, 7403.300510816276, 7361.074309334159, 7319.279857158661, 7277.812011435628, 7236.768609762192, 7196.146641045809, 7155.785730957985, 7115.793162226677, 7076.1793439388275, 7037.014099754393, 6998.006165675819, 6959.702257923782, 6921.11104260385, 6882.91215313971, 6845.003853872418, 6807.229533433914, 6769.635182932019, 6732.197555489838, 6694.842395469546, 6657.556930691004, 6620.345935933292, 6583.241231746972, 6546.149561211467, 6509.142065793276, 6472.25513792038, 6435.326137878001, 6398.5884319245815, 6361.795282296836, 6325.141576036811, 6288.693716406822, 6252.08704803139, 6216.007748737931, 6179.725732147694, 6143.635402575135, 6107.72985728085, 6072.023222871125, 6036.4158724322915, 6001.13421344012, 5965.9778930693865, 5931.101151056588, 5896.342863045633, 5861.772228889167, 5827.464122362435, 5793.66633823514, 5759.727420113981, 5726.237615719438, 5692.895588442683, 5659.72015158087, 5627.174965061247, 5594.479936607182, 5562.196424752474, 5530.248396284878, 5498.3228222206235, 5466.829366214573, 5435.495424300432, 5404.415445193648, 5373.640717849135, 5342.968519948423, 5312.645422078669, 5282.515941046178, 5252.546993687749, 5222.741179779172, 5193.333777561784, 5164.024744145572, 5134.913091562688, 5105.956926845014, 5077.196461685002, 5048.606266096234, 5020.165234223008, 4991.942653954029, 4963.876508064568, 4935.923414416611, 4908.206662476063, 4880.54708121717, 4853.063912682235, 4825.71584456414, 4798.629056215286, 4771.539354749024, 4744.741821996868, 4717.985308736563, 4691.346901856363, 4664.978193804622, 4638.602067343891, 4612.4218172729015, 4586.393696188927, 4560.439339868724, 4534.572598151863, 4508.91275408864, 4483.40692743659, 4457.983480498195, 4432.703234754503, 4407.5116269961, 4382.489731021225, 4357.660260528326, 4332.856961026788, 4308.152500502765, 4283.685227237642, 4259.295424588025, 4234.917589984834, 4210.915731072426], [0.676545300592718, 0.6820491109229466, 0.6836014676827548, 0.6843070843917584, 0.6847304544171606, 0.6845893310753599, 0.6847304544171606, 0.6841659610499576, 0.6848715777589613, 0.6851538244425628, 0.6851538244425628, 0.6850127011007621, 0.6851538244425628, 0.6860005644933672, 0.6865650578605701, 0.6886819079875811, 0.6926333615580017, 0.69616144510302, 0.6987016652554332, 0.6998306519898391, 0.7034998588766582, 0.7058989556872707, 0.707310189105278, 0.7082980524978831, 0.7080158058142817, 0.7095681625740897, 0.7097092859158904, 0.7108382726502963, 0.7102737792830934, 0.7104149026248942, 0.709427039232289, 0.7106971493084956, 0.7108382726502963, 0.7111205193338979, 0.7115438893593, 0.712108382726503, 0.7122495060683037, 0.7126728760937059, 0.7123906294101044, 0.7128139994355066, 0.7123906294101044, 0.7126728760937059, 0.7118261360429015, 0.7114027660174993, 0.713096246119108, 0.7122495060683037, 0.7133784928027096, 0.7135196161445103, 0.714225232853514, 0.7139429861699125, 0.7139429861699125, 0.7129551227773073, 0.7122495060683037, 0.712108382726503, 0.7125317527519052, 0.7123906294101044, 0.7119672593847022, 0.7112616426756986, 0.7111205193338979, 0.7105560259666949, 0.7102737792830934, 0.7105560259666949, 0.7098504092576913, 0.7106971493084956, 0.709991532599492, 0.7087214225232854, 0.707310189105278, 0.7064634490544736, 0.7070279424216765, 0.707310189105278, 0.7060400790290714, 0.7056167090036692, 0.7046288456110641, 0.7044877222692634, 0.7037821055602597, 0.7039232289020604, 0.7027942421676545, 0.7013830087496472, 0.7012418854078465, 0.7005362686988428, 0.6995484053062376, 0.6985605419136325, 0.6995484053062376, 0.6989839119390348, 0.6981371718882303, 0.6970081851538245, 0.6974315551792266, 0.6977138018628282, 0.6978549252046289, 0.6974315551792266, 0.6958791984194186, 0.6948913350268134, 0.694044594976009, 0.6933389782670054, 0.6939034716342083, 0.6931978549252046, 0.6929156082416031, 0.6916454981653966, 0.6905165114309907, 0.6912221281399944, 0.6916454981653966, 0.6906576347727914, 0.6900931414055885, 0.6893875246965848, 0.6889641546711827, 0.6886819079875811, 0.6878351679367768, 0.6868473045441716, 0.6861416878351679, 0.6855771944679651, 0.6855771944679651, 0.6852949477843635, 0.6845893310753599, 0.6841659610499576, 0.6833192209991532, 0.6837425910245555, 0.6837425910245555, 0.6831780976573525, 0.682895850973751, 0.6826136042901496, 0.6824724809483489, 0.6819079875811459, 0.6823313576065482, 0.6821902342647473, 0.6819079875811459, 0.6812023708721423, 0.6806378775049393, 0.6809201241885408, 0.6802145074795372, 0.6793677674287327, 0.6789443974033305, 0.679226644086932, 0.6799322607959356, 0.6793677674287327, 0.6788032740615297, 0.6782387806943269, 0.6779565340107254, 0.6776742873271239, 0.6778154106689246, 0.6769686706181203, 0.6764041772509173, 0.6759808072255151, 0.674428450465707, 0.674428450465707, 0.6748518204911093, 0.6745695738075078, 0.6735817104149027, 0.6730172170476997, 0.672876093705899, 0.6725938470222975, 0.6727349703640982, 0.6720293536550945, 0.6714648602878917, 0.6710414902624894, 0.6709003669206887, 0.6703358735534858, 0.6701947502116851, 0.6700536268698842, 0.6687835167936776, 0.6683601467682755, 0.6693480101608806, 0.6701947502116851, 0.6701947502116851, 0.6699125035280835, 0.6694891335026814, 0.6696302568444821, 0.6692068868190799, 0.6683601467682755, 0.6675134067174711, 0.6682190234264748, 0.6679367767428732, 0.668077900084674, 0.6679367767428732, 0.6665255433248659, 0.6658199266158623, 0.6651143099068586, 0.6655376799322608, 0.6655376799322608, 0.6658199266158623, 0.66539655659046, 0.6648320632232572, 0.6645498165396556, 0.6631385831216483, 0.6631385831216483, 0.6622918430708439, 0.6621507197290432, 0.6622918430708439, 0.6615862263618403, 0.6608806096528366, 0.6614451030200396, 0.6608806096528366, 0.6610217329946373, 0.6618684730454417, 0.6620095963872424, 0.6614451030200396, 0.6613039796782387, 0.661162856336438, 0.661162856336438, 0.6610217329946373, 0.661162856336438])
lr=1e-05, lamb=0.001, best_valid_acc=([13339.79361975193, 12057.327142596245, 11839.611409842968, 11758.67184150219, 11711.556692302227, 11676.56081956625, 11648.880863010883, 11625.538167238235, 11605.761671960354, 11588.549628317356, 11570.865920126438, 11550.602849781513, 11524.65930223465, 11490.073989152908, 11441.226312458515, 11372.331057012081, 11277.153032660484, 11157.883786678314, 11026.287291169167, 10899.868281006813, 10790.677687942982, 10701.648331522942, 10630.008071899414, 10571.50841474533, 10523.516621470451, 10483.261741876602, 10448.206268310547, 10417.804646372795, 10391.144925355911, 10367.264308333397, 10346.27870464325, 10327.047842860222, 10309.87238907814, 10294.717827916145, 10280.771694540977, 10267.446208775043, 10255.923977553844, 10244.496612906456, 10234.602371275425, 10224.938236236572, 10216.032843828201, 10207.931583106518, 10200.028006613255, 10192.561761498451, 10185.448283940554, 10178.822003543377, 10172.795223027468, 10166.659605175257, 10160.614909350872, 10155.268635511398, 10149.504992544651, 10144.640399634838, 10139.775521755219, 10134.921420961618, 10130.419726252556, 10125.861589252949, 10121.75844347477, 10117.409505963326, 10113.312371730804, 10109.298770844936, 10105.169729679823, 10100.846950232983, 10097.253708332777, 10094.157418727875, 10089.801360219717, 10085.886383801699, 10081.69624298811, 10078.93891620636, 10074.942083150148, 10071.31184604764, 10067.750536575913, 10064.610200077295, 10060.285528451204, 10056.495351791382, 10053.52747297287, 10049.548356413841, 10046.17213203013, 10042.38269020617, 10038.94548562169, 10035.038629502058, 10032.06119300425, 10028.47839345038, 10024.694048851728, 10021.500515908003, 10017.802819415927, 10014.013570278883, 10009.973285973072, 10006.164571136236, 10002.214407533407, 9998.04759682715, 9993.915938526392, 9989.797990441322, 9985.211151733994, 9980.977537810802, 9975.957303464413, 9971.288159355521, 9966.082953304052, 9960.951593905687, 9955.645869255066, 9949.635231629014, 9943.778405979276, 9937.345257997513, 9930.519111439586, 9923.259470492601, 9916.063279643655, 9908.388031095266, 9900.053343012929, 9891.333599567413, 9882.309654831886, 9872.848938673735, 9862.87598438561, 9852.8014896214, 9841.88206321001, 9830.628696680069, 9820.234049335122, 9808.499602869153, 9797.313958376646, 9785.848808154464, 9774.200458288193, 9763.480975210667, 9752.526189535856, 9741.743522882462, 9731.46053275466, 9721.495339870453, 9711.935588121414, 9702.74891141057, 9693.706620767713, 9684.970339477062, 9676.58464077115, 9668.418366670609, 9660.374478071928, 9653.192576050758, 9645.496038973331, 9638.105600744486, 9630.681073784828, 9623.928376942873, 9616.867159307003, 9610.713051065803, 9603.986665412784, 9597.496539026499, 9591.21403285861, 9584.875008434057, 9578.976757794619, 9573.08985978365, 9567.12555269897, 9561.501835927367, 9555.889177888632, 9550.514321744442, 9544.961621284485, 9539.469475656748, 9534.1742682755, 9529.225190147758, 9524.299179196358, 9519.221174314618, 9514.395208194852, 9509.478097751737, 9504.426207855344, 9499.657403409481, 9495.001377359033, 9490.124876126647, 9485.598348915577, 9480.872361153364, 9476.417710483074, 9471.91884791851, 9467.52350781858, 9462.99059125781, 9458.789487719536, 9454.62531606853, 9450.3663341403, 9446.141069293022, 9442.10635446012, 9438.021848201752, 9434.101152330637, 9430.196736723185, 9426.15392793715, 9422.301497101784, 9418.465868622065, 9414.576404005289, 9410.823146760464, 9407.02820160985, 9403.431594461203, 9399.97870567441, 9396.324620097876, 9393.000774264336, 9389.18060964346, 9385.75101712346, 9382.27456265688, 9378.853703677654, 9375.521085679531, 9372.255869671702, 9368.973433047533, 9365.638140320778, 9362.353073477745, 9359.364220812917, 9356.242823630571, 9353.116651684046, 9350.384605556726, 9347.140228688717, 9344.24588111043, 9341.18270522356], [0.6761219305673158, 0.6814846175557437, 0.6816257408975445, 0.6806378775049393, 0.6817668642393452, 0.6826136042901496, 0.6827547276319503, 0.6824724809483489, 0.6826136042901496, 0.6833192209991532, 0.6838837143663562, 0.6854360711261642, 0.6852949477843635, 0.6861416878351679, 0.6869884278859724, 0.6865650578605701, 0.6910810047981937, 0.6960203217612193, 0.7016652554332486, 0.7023708721422524, 0.7026531188258538, 0.7042054755856618, 0.7067456957380751, 0.7101326559412927, 0.7111205193338979, 0.7111205193338979, 0.709991532599492, 0.7092859158904883, 0.709991532599492, 0.7119672593847022, 0.7123906294101044, 0.7125317527519052, 0.7114027660174993, 0.7118261360429015, 0.712108382726503, 0.7111205193338979, 0.7116850127011007, 0.7105560259666949, 0.7108382726502963, 0.7109793959920971, 0.7119672593847022, 0.7114027660174993, 0.7118261360429015, 0.7122495060683037, 0.7118261360429015, 0.7116850127011007, 0.7114027660174993, 0.7112616426756986, 0.7115438893593, 0.7116850127011007, 0.7114027660174993, 0.7109793959920971, 0.7106971493084956, 0.7104149026248942, 0.7102737792830934, 0.7102737792830934, 0.7105560259666949, 0.7102737792830934, 0.7101326559412927, 0.7105560259666949, 0.7106971493084956, 0.7106971493084956, 0.7098504092576913, 0.7105560259666949, 0.7104149026248942, 0.7104149026248942, 0.709991532599492, 0.7102737792830934, 0.7105560259666949, 0.7108382726502963, 0.7105560259666949, 0.7106971493084956, 0.7109793959920971, 0.7109793959920971, 0.7109793959920971, 0.7112616426756986, 0.7108382726502963, 0.7109793959920971, 0.7109793959920971, 0.7118261360429015, 0.7119672593847022, 0.712108382726503, 0.7125317527519052, 0.7122495060683037, 0.712108382726503, 0.7128139994355066, 0.7126728760937059, 0.7126728760937059, 0.713096246119108, 0.7135196161445103, 0.7132373694609089, 0.7133784928027096, 0.7135196161445103, 0.7139429861699125, 0.7138018628281118, 0.7138018628281118, 0.714225232853514, 0.7145074795371155, 0.7146486028789162, 0.7153542195879199, 0.7150719729043183, 0.7145074795371155, 0.7143663561953147, 0.7138018628281118, 0.714225232853514, 0.7146486028789162, 0.7149308495625176, 0.7152130962461191, 0.7149308495625176, 0.7156364662715213, 0.7152130962461191, 0.7156364662715213, 0.7150719729043183, 0.7140841095117132, 0.7138018628281118, 0.7128139994355066, 0.713096246119108, 0.7129551227773073, 0.7123906294101044, 0.7119672593847022, 0.7114027660174993, 0.7105560259666949, 0.7102737792830934, 0.709991532599492, 0.7092859158904883, 0.7087214225232854, 0.7077335591306803, 0.7082980524978831, 0.7071690657634773, 0.707310189105278, 0.7066045723962744, 0.7071690657634773, 0.7071690657634773, 0.7070279424216765, 0.7066045723962744, 0.7082980524978831, 0.707874682472481, 0.7074513124470787, 0.7071690657634773, 0.707310189105278, 0.7071690657634773, 0.7068868190798758, 0.7067456957380751, 0.7064634490544736, 0.7063223257126728, 0.7056167090036692, 0.7060400790290714, 0.7054755856618685, 0.7056167090036692, 0.7058989556872707, 0.7061812023708721, 0.7064634490544736, 0.7061812023708721, 0.7063223257126728, 0.7060400790290714, 0.7058989556872707, 0.7063223257126728, 0.7066045723962744, 0.7063223257126728, 0.7060400790290714, 0.70575783234547, 0.705193338978267, 0.7047699689528648, 0.7049110922946655, 0.7047699689528648, 0.7050522156364663, 0.705193338978267, 0.7044877222692634, 0.7039232289020604, 0.7040643522438611, 0.7043465989274627, 0.7047699689528648, 0.7042054755856618, 0.7039232289020604, 0.7039232289020604, 0.7029353655094552, 0.7029353655094552, 0.7029353655094552, 0.7027942421676545, 0.7027942421676545, 0.7027942421676545, 0.7026531188258538, 0.7026531188258538, 0.7023708721422524, 0.7016652554332486, 0.7022297488004516, 0.7025119954840531, 0.7020886254586508, 0.7015241320914479, 0.7013830087496472, 0.7020886254586508, 0.7018063787750494, 0.7013830087496472, 0.7015241320914479, 0.7013830087496472, 0.7020886254586508, 0.7020886254586508, 0.7015241320914479, 0.7019475021168501, 0.7020886254586508])
