nn3.py, Model=1024,256,256+388
Tuning process for lr=2e-05
----------------------------------------------------------
lr=2e-05, lamb=0, num_epoch=200
Epoch: 1 	Training Cost: 12199.734766	 Valid Acc: 0.6802145074795372 	Best Valid Acc: 0.680215
Epoch: 2 	Training Cost: 11543.422393	 Valid Acc: 0.6814846175557437 	Best Valid Acc: 0.681485
Epoch: 3 	Training Cost: 11492.404418	 Valid Acc: 0.6819079875811459 	Best Valid Acc: 0.681908
Epoch: 4 	Training Cost: 11460.705981	 Valid Acc: 0.6817668642393452 	Best Valid Acc: 0.681908
Epoch: 5 	Training Cost: 11425.643242	 Valid Acc: 0.6831780976573525 	Best Valid Acc: 0.683178
Epoch: 6 	Training Cost: 11382.591789	 Valid Acc: 0.6837425910245555 	Best Valid Acc: 0.683743
Epoch: 7 	Training Cost: 11318.913258	 Valid Acc: 0.6864239345187694 	Best Valid Acc: 0.686424
Epoch: 8 	Training Cost: 11211.871495	 Valid Acc: 0.6875529212531752 	Best Valid Acc: 0.687553
Epoch: 9 	Training Cost: 11023.306550	 Valid Acc: 0.694044594976009 	Best Valid Acc: 0.694045
Epoch: 10 	Training Cost: 10767.372930	 Valid Acc: 0.6995484053062376 	Best Valid Acc: 0.699548
Epoch: 11 	Training Cost: 10529.755451	 Valid Acc: 0.7001128986734406 	Best Valid Acc: 0.700113
Epoch: 12 	Training Cost: 10355.472113	 Valid Acc: 0.7036409822184589 	Best Valid Acc: 0.703641
Epoch: 13 	Training Cost: 10231.138248	 Valid Acc: 0.7060400790290714 	Best Valid Acc: 0.706040
Epoch: 14 	Training Cost: 10135.707861	 Valid Acc: 0.709427039232289 	Best Valid Acc: 0.709427
Epoch: 15 	Training Cost: 10056.197189	 Valid Acc: 0.7102737792830934 	Best Valid Acc: 0.710274
Epoch: 16 	Training Cost: 9984.723245	 Valid Acc: 0.709427039232289 	Best Valid Acc: 0.710274
Epoch: 17 	Training Cost: 9916.267024	 Valid Acc: 0.7095681625740897 	Best Valid Acc: 0.710274
Epoch: 18 	Training Cost: 9849.682867	 Valid Acc: 0.7106971493084956 	Best Valid Acc: 0.710697
Epoch: 19 	Training Cost: 9783.057924	 Valid Acc: 0.7108382726502963 	Best Valid Acc: 0.710838
Epoch: 20 	Training Cost: 9714.810124	 Valid Acc: 0.7097092859158904 	Best Valid Acc: 0.710838
Epoch: 21 	Training Cost: 9645.431015	 Valid Acc: 0.7098504092576913 	Best Valid Acc: 0.710838
Epoch: 22 	Training Cost: 9574.608066	 Valid Acc: 0.7104149026248942 	Best Valid Acc: 0.710838
Epoch: 23 	Training Cost: 9502.736252	 Valid Acc: 0.7097092859158904 	Best Valid Acc: 0.710838
Epoch: 24 	Training Cost: 9429.344046	 Valid Acc: 0.7101326559412927 	Best Valid Acc: 0.710838
Epoch: 25 	Training Cost: 9354.281668	 Valid Acc: 0.7108382726502963 	Best Valid Acc: 0.710838
Epoch: 26 	Training Cost: 9277.598888	 Valid Acc: 0.7109793959920971 	Best Valid Acc: 0.710979
Epoch: 27 	Training Cost: 9198.144187	 Valid Acc: 0.7109793959920971 	Best Valid Acc: 0.710979
Epoch: 28 	Training Cost: 9114.822527	 Valid Acc: 0.7098504092576913 	Best Valid Acc: 0.710979
Epoch: 29 	Training Cost: 9028.107109	 Valid Acc: 0.7106971493084956 	Best Valid Acc: 0.710979
Epoch: 30 	Training Cost: 8938.380802	 Valid Acc: 0.709991532599492 	Best Valid Acc: 0.710979
Epoch: 31 	Training Cost: 8845.089167	 Valid Acc: 0.7077335591306803 	Best Valid Acc: 0.710979
Epoch: 32 	Training Cost: 8749.280764	 Valid Acc: 0.7044877222692634 	Best Valid Acc: 0.710979
Epoch: 33 	Training Cost: 8651.123971	 Valid Acc: 0.7034998588766582 	Best Valid Acc: 0.710979
Epoch: 34 	Training Cost: 8551.934492	 Valid Acc: 0.703076488851256 	Best Valid Acc: 0.710979
Epoch: 35 	Training Cost: 8451.926512	 Valid Acc: 0.7013830087496472 	Best Valid Acc: 0.710979
Epoch: 36 	Training Cost: 8352.039351	 Valid Acc: 0.7022297488004516 	Best Valid Acc: 0.710979
Epoch: 37 	Training Cost: 8250.950331	 Valid Acc: 0.7008185153824442 	Best Valid Acc: 0.710979
Epoch: 38 	Training Cost: 8149.037954	 Valid Acc: 0.7002540220152413 	Best Valid Acc: 0.710979
Epoch: 39 	Training Cost: 8045.746536	 Valid Acc: 0.6985605419136325 	Best Valid Acc: 0.710979
Epoch: 40 	Training Cost: 7941.884986	 Valid Acc: 0.696725938470223 	Best Valid Acc: 0.710979
Epoch: 41 	Training Cost: 7837.149717	 Valid Acc: 0.6965848151284222 	Best Valid Acc: 0.710979
Epoch: 42 	Training Cost: 7732.822061	 Valid Acc: 0.6947502116850127 	Best Valid Acc: 0.710979
Epoch: 43 	Training Cost: 7629.138669	 Valid Acc: 0.6933389782670054 	Best Valid Acc: 0.710979
Epoch: 44 	Training Cost: 7526.339424	 Valid Acc: 0.6913632514817951 	Best Valid Acc: 0.710979
Epoch: 45 	Training Cost: 7424.650887	 Valid Acc: 0.6892464013547841 	Best Valid Acc: 0.710979
Epoch: 46 	Training Cost: 7324.869085	 Valid Acc: 0.6892464013547841 	Best Valid Acc: 0.710979
Epoch: 47 	Training Cost: 7225.208419	 Valid Acc: 0.688258537962179 	Best Valid Acc: 0.710979
Epoch: 48 	Training Cost: 7126.613889	 Valid Acc: 0.6868473045441716 	Best Valid Acc: 0.710979
Epoch: 49 	Training Cost: 7028.354447	 Valid Acc: 0.6847304544171606 	Best Valid Acc: 0.710979
Epoch: 50 	Training Cost: 6930.664496	 Valid Acc: 0.6843070843917584 	Best Valid Acc: 0.710979
Epoch: 51 	Training Cost: 6832.937037	 Valid Acc: 0.682895850973751 	Best Valid Acc: 0.710979
Epoch: 52 	Training Cost: 6735.143877	 Valid Acc: 0.681343494213943 	Best Valid Acc: 0.710979
Epoch: 53 	Training Cost: 6637.575752	 Valid Acc: 0.6802145074795372 	Best Valid Acc: 0.710979
Epoch: 54 	Training Cost: 6539.487203	 Valid Acc: 0.678662150719729 	Best Valid Acc: 0.710979
Epoch: 55 	Training Cost: 6442.021501	 Valid Acc: 0.6779565340107254 	Best Valid Acc: 0.710979
Epoch: 56 	Training Cost: 6344.697635	 Valid Acc: 0.6778154106689246 	Best Valid Acc: 0.710979
Epoch: 57 	Training Cost: 6247.516626	 Valid Acc: 0.6783799040361276 	Best Valid Acc: 0.710979
Epoch: 58 	Training Cost: 6151.314628	 Valid Acc: 0.6789443974033305 	Best Valid Acc: 0.710979
Epoch: 59 	Training Cost: 6055.891392	 Valid Acc: 0.6783799040361276 	Best Valid Acc: 0.710979
Epoch: 60 	Training Cost: 5961.469311	 Valid Acc: 0.6793677674287327 	Best Valid Acc: 0.710979
Epoch: 61 	Training Cost: 5868.243927	 Valid Acc: 0.6782387806943269 	Best Valid Acc: 0.710979
Epoch: 62 	Training Cost: 5775.549573	 Valid Acc: 0.6769686706181203 	Best Valid Acc: 0.710979
Epoch: 63 	Training Cost: 5684.238908	 Valid Acc: 0.6752751905165114 	Best Valid Acc: 0.710979
Epoch: 64 	Training Cost: 5593.997508	 Valid Acc: 0.6738639570985041 	Best Valid Acc: 0.710979
Epoch: 65 	Training Cost: 5505.113486	 Valid Acc: 0.6734405870731018 	Best Valid Acc: 0.710979
Epoch: 66 	Training Cost: 5417.424322	 Valid Acc: 0.6709003669206887 	Best Valid Acc: 0.710979
Epoch: 67 	Training Cost: 5331.072591	 Valid Acc: 0.6697713801862828 	Best Valid Acc: 0.710979
Epoch: 68 	Training Cost: 5246.037478	 Valid Acc: 0.668077900084674 	Best Valid Acc: 0.710979
Epoch: 69 	Training Cost: 5162.560923	 Valid Acc: 0.6666666666666666 	Best Valid Acc: 0.710979
Epoch: 70 	Training Cost: 5080.903672	 Valid Acc: 0.6658199266158623 	Best Valid Acc: 0.710979
Epoch: 71 	Training Cost: 5000.071701	 Valid Acc: 0.6642675698560542 	Best Valid Acc: 0.710979
Epoch: 72 	Training Cost: 4921.029192	 Valid Acc: 0.6635619531470506 	Best Valid Acc: 0.710979
Epoch: 73 	Training Cost: 4843.610701	 Valid Acc: 0.6637030764888513 	Best Valid Acc: 0.710979
Epoch: 74 	Training Cost: 4767.766956	 Valid Acc: 0.6628563364380469 	Best Valid Acc: 0.710979
Epoch: 75 	Training Cost: 4693.492314	 Valid Acc: 0.6625740897544454 	Best Valid Acc: 0.710979
Epoch: 76 	Training Cost: 4620.667861	 Valid Acc: 0.6622918430708439 	Best Valid Acc: 0.710979
Epoch: 77 	Training Cost: 4548.815640	 Valid Acc: 0.6631385831216483 	Best Valid Acc: 0.710979
Epoch: 78 	Training Cost: 4478.076435	 Valid Acc: 0.663844199830652 	Best Valid Acc: 0.710979
Epoch: 79 	Training Cost: 4408.859405	 Valid Acc: 0.6625740897544454 	Best Valid Acc: 0.710979
Epoch: 80 	Training Cost: 4340.627344	 Valid Acc: 0.6635619531470506 	Best Valid Acc: 0.710979
Epoch: 81 	Training Cost: 4273.579537	 Valid Acc: 0.6625740897544454 	Best Valid Acc: 0.710979
Epoch: 82 	Training Cost: 4207.370101	 Valid Acc: 0.6610217329946373 	Best Valid Acc: 0.710979
Epoch: 83 	Training Cost: 4142.367637	 Valid Acc: 0.6603161162856337 	Best Valid Acc: 0.710979
Epoch: 84 	Training Cost: 4078.126462	 Valid Acc: 0.6593282528930285 	Best Valid Acc: 0.710979
Epoch: 85 	Training Cost: 4014.897913	 Valid Acc: 0.6591871295512278 	Best Valid Acc: 0.710979
Epoch: 86 	Training Cost: 3952.428090	 Valid Acc: 0.65961049957663 	Best Valid Acc: 0.710979
Epoch: 87 	Training Cost: 3890.714743	 Valid Acc: 0.6601749929438329 	Best Valid Acc: 0.710979
Epoch: 88 	Training Cost: 3829.942317	 Valid Acc: 0.6605983629692351 	Best Valid Acc: 0.710979
Epoch: 89 	Training Cost: 3769.866987	 Valid Acc: 0.6608806096528366 	Best Valid Acc: 0.710979
Epoch: 90 	Training Cost: 3710.518792	 Valid Acc: 0.6593282528930285 	Best Valid Acc: 0.710979
Epoch: 91 	Training Cost: 3651.847712	 Valid Acc: 0.6597516229184307 	Best Valid Acc: 0.710979
Epoch: 92 	Training Cost: 3593.704481	 Valid Acc: 0.6583403895004234 	Best Valid Acc: 0.710979
Epoch: 93 	Training Cost: 3536.375244	 Valid Acc: 0.6576347727914197 	Best Valid Acc: 0.710979
Epoch: 94 	Training Cost: 3479.601145	 Valid Acc: 0.6560824160316117 	Best Valid Acc: 0.710979
Epoch: 95 	Training Cost: 3423.356985	 Valid Acc: 0.6566469093988145 	Best Valid Acc: 0.710979
Epoch: 96 	Training Cost: 3367.785342	 Valid Acc: 0.6563646627152131 	Best Valid Acc: 0.710979
Epoch: 97 	Training Cost: 3312.714097	 Valid Acc: 0.6562235393734124 	Best Valid Acc: 0.710979
Epoch: 98 	Training Cost: 3258.429668	 Valid Acc: 0.6558001693480101 	Best Valid Acc: 0.710979
Epoch: 99 	Training Cost: 3204.701536	 Valid Acc: 0.6546711826136042 	Best Valid Acc: 0.710979
Epoch: 100 	Training Cost: 3151.315672	 Valid Acc: 0.6550945526390065 	Best Valid Acc: 0.710979
Epoch: 101 	Training Cost: 3098.641453	 Valid Acc: 0.6550945526390065 	Best Valid Acc: 0.710979
Epoch: 102 	Training Cost: 3046.458890	 Valid Acc: 0.6555179226644087 	Best Valid Acc: 0.710979
Epoch: 103 	Training Cost: 2994.964537	 Valid Acc: 0.6550945526390065 	Best Valid Acc: 0.710979
Epoch: 104 	Training Cost: 2944.021008	 Valid Acc: 0.6545300592718035 	Best Valid Acc: 0.710979
Epoch: 105 	Training Cost: 2893.663336	 Valid Acc: 0.6532599491955969 	Best Valid Acc: 0.710979
Epoch: 106 	Training Cost: 2843.891274	 Valid Acc: 0.652695455828394 	Best Valid Acc: 0.710979
Epoch: 107 	Training Cost: 2794.790471	 Valid Acc: 0.652695455828394 	Best Valid Acc: 0.710979
Epoch: 108 	Training Cost: 2746.293500	 Valid Acc: 0.652695455828394 	Best Valid Acc: 0.710979
Epoch: 109 	Training Cost: 2698.428237	 Valid Acc: 0.6525543324865933 	Best Valid Acc: 0.710979
Epoch: 110 	Training Cost: 2651.235485	 Valid Acc: 0.6514253457521874 	Best Valid Acc: 0.710979
Epoch: 111 	Training Cost: 2604.641892	 Valid Acc: 0.6511430990685859 	Best Valid Acc: 0.710979
Epoch: 112 	Training Cost: 2558.782487	 Valid Acc: 0.6514253457521874 	Best Valid Acc: 0.710979
Epoch: 113 	Training Cost: 2513.423784	 Valid Acc: 0.6508608523849845 	Best Valid Acc: 0.710979
Epoch: 114 	Training Cost: 2468.851758	 Valid Acc: 0.6507197290431838 	Best Valid Acc: 0.710979
Epoch: 115 	Training Cost: 2424.713190	 Valid Acc: 0.6498729889923793 	Best Valid Acc: 0.710979
Epoch: 116 	Training Cost: 2381.216421	 Valid Acc: 0.6490262489415749 	Best Valid Acc: 0.710979
Epoch: 117 	Training Cost: 2338.276482	 Valid Acc: 0.6490262489415749 	Best Valid Acc: 0.710979
Epoch: 118 	Training Cost: 2295.878653	 Valid Acc: 0.6487440022579735 	Best Valid Acc: 0.710979
Epoch: 119 	Training Cost: 2254.341832	 Valid Acc: 0.6473327688399662 	Best Valid Acc: 0.710979
Epoch: 120 	Training Cost: 2213.339836	 Valid Acc: 0.6471916454981654 	Best Valid Acc: 0.710979
Epoch: 121 	Training Cost: 2172.969887	 Valid Acc: 0.6464860287891617 	Best Valid Acc: 0.710979
Epoch: 122 	Training Cost: 2133.208316	 Valid Acc: 0.6460626587637596 	Best Valid Acc: 0.710979
Epoch: 123 	Training Cost: 2094.142182	 Valid Acc: 0.6454981653965566 	Best Valid Acc: 0.710979
Epoch: 124 	Training Cost: 2055.674888	 Valid Acc: 0.6454981653965566 	Best Valid Acc: 0.710979
Epoch: 125 	Training Cost: 2017.783962	 Valid Acc: 0.6456392887383573 	Best Valid Acc: 0.710979
Epoch: 126 	Training Cost: 1980.656184	 Valid Acc: 0.6454981653965566 	Best Valid Acc: 0.710979
Epoch: 127 	Training Cost: 1944.016050	 Valid Acc: 0.645780412080158 	Best Valid Acc: 0.710979
Epoch: 128 	Training Cost: 1908.066647	 Valid Acc: 0.6464860287891617 	Best Valid Acc: 0.710979
Epoch: 129 	Training Cost: 1872.666857	 Valid Acc: 0.6462037821055603 	Best Valid Acc: 0.710979
Epoch: 130 	Training Cost: 1837.682787	 Valid Acc: 0.6456392887383573 	Best Valid Acc: 0.710979
Epoch: 131 	Training Cost: 1803.144477	 Valid Acc: 0.6452159187129551 	Best Valid Acc: 0.710979
Epoch: 132 	Training Cost: 1769.232762	 Valid Acc: 0.6453570420547559 	Best Valid Acc: 0.710979
Epoch: 133 	Training Cost: 1735.921869	 Valid Acc: 0.6449336720293537 	Best Valid Acc: 0.710979
Epoch: 134 	Training Cost: 1703.187251	 Valid Acc: 0.6454981653965566 	Best Valid Acc: 0.710979
Epoch: 135 	Training Cost: 1670.955302	 Valid Acc: 0.646344905447361 	Best Valid Acc: 0.710979
Epoch: 136 	Training Cost: 1639.255920	 Valid Acc: 0.645780412080158 	Best Valid Acc: 0.710979
Epoch: 137 	Training Cost: 1608.089829	 Valid Acc: 0.6462037821055603 	Best Valid Acc: 0.710979
Epoch: 138 	Training Cost: 1577.353314	 Valid Acc: 0.6453570420547559 	Best Valid Acc: 0.710979
Epoch: 139 	Training Cost: 1547.205133	 Valid Acc: 0.6446514253457521 	Best Valid Acc: 0.710979
Epoch: 140 	Training Cost: 1517.632765	 Valid Acc: 0.643663561953147 	Best Valid Acc: 0.710979
Epoch: 141 	Training Cost: 1488.461790	 Valid Acc: 0.6435224386113463 	Best Valid Acc: 0.710979
Epoch: 142 	Training Cost: 1459.830549	 Valid Acc: 0.64422805532035 	Best Valid Acc: 0.710979
Epoch: 143 	Training Cost: 1431.551796	 Valid Acc: 0.6439458086367486 	Best Valid Acc: 0.710979
Epoch: 144 	Training Cost: 1403.781858	 Valid Acc: 0.6435224386113463 	Best Valid Acc: 0.710979
Epoch: 145 	Training Cost: 1376.423154	 Valid Acc: 0.6433813152695456 	Best Valid Acc: 0.710979
Epoch: 146 	Training Cost: 1349.458347	 Valid Acc: 0.643663561953147 	Best Valid Acc: 0.710979
Epoch: 147 	Training Cost: 1323.080378	 Valid Acc: 0.6435224386113463 	Best Valid Acc: 0.710979
Epoch: 148 	Training Cost: 1297.053429	 Valid Acc: 0.6435224386113463 	Best Valid Acc: 0.710979
Epoch: 149 	Training Cost: 1271.612059	 Valid Acc: 0.6440869319785493 	Best Valid Acc: 0.710979
Epoch: 150 	Training Cost: 1246.889592	 Valid Acc: 0.643663561953147 	Best Valid Acc: 0.710979
Epoch: 151 	Training Cost: 1222.918277	 Valid Acc: 0.6439458086367486 	Best Valid Acc: 0.710979
Epoch: 152 	Training Cost: 1199.527031	 Valid Acc: 0.6443691786621507 	Best Valid Acc: 0.710979
Epoch: 153 	Training Cost: 1176.673464	 Valid Acc: 0.6447925486875529 	Best Valid Acc: 0.710979
Epoch: 154 	Training Cost: 1154.499122	 Valid Acc: 0.6439458086367486 	Best Valid Acc: 0.710979
Epoch: 155 	Training Cost: 1132.896499	 Valid Acc: 0.64422805532035 	Best Valid Acc: 0.710979
Epoch: 156 	Training Cost: 1111.999657	 Valid Acc: 0.6440869319785493 	Best Valid Acc: 0.710979
Epoch: 157 	Training Cost: 1091.593147	 Valid Acc: 0.6439458086367486 	Best Valid Acc: 0.710979
Epoch: 158 	Training Cost: 1071.717342	 Valid Acc: 0.643663561953147 	Best Valid Acc: 0.710979
Epoch: 159 	Training Cost: 1052.483693	 Valid Acc: 0.6439458086367486 	Best Valid Acc: 0.710979
Epoch: 160 	Training Cost: 1033.823620	 Valid Acc: 0.6432401919277448 	Best Valid Acc: 0.710979
Epoch: 161 	Training Cost: 1015.816794	 Valid Acc: 0.6429579452441434 	Best Valid Acc: 0.710979
Epoch: 162 	Training Cost: 998.325876	 Valid Acc: 0.6435224386113463 	Best Valid Acc: 0.710979
Epoch: 163 	Training Cost: 981.423857	 Valid Acc: 0.6435224386113463 	Best Valid Acc: 0.710979
Epoch: 164 	Training Cost: 964.993199	 Valid Acc: 0.643663561953147 	Best Valid Acc: 0.710979
Epoch: 165 	Training Cost: 948.806154	 Valid Acc: 0.6432401919277448 	Best Valid Acc: 0.710979
Epoch: 166 	Training Cost: 933.080535	 Valid Acc: 0.6428168219023427 	Best Valid Acc: 0.710979
Epoch: 167 	Training Cost: 918.229344	 Valid Acc: 0.6428168219023427 	Best Valid Acc: 0.710979
Epoch: 168 	Training Cost: 903.557596	 Valid Acc: 0.6419700818515383 	Best Valid Acc: 0.710979
Epoch: 169 	Training Cost: 889.332507	 Valid Acc: 0.642111205193339 	Best Valid Acc: 0.710979
Epoch: 170 	Training Cost: 875.658271	 Valid Acc: 0.6414055884843353 	Best Valid Acc: 0.710979
Epoch: 171 	Training Cost: 862.774139	 Valid Acc: 0.6416878351679368 	Best Valid Acc: 0.710979
Epoch: 172 	Training Cost: 850.596649	 Valid Acc: 0.6428168219023427 	Best Valid Acc: 0.710979
Epoch: 173 	Training Cost: 839.567772	 Valid Acc: 0.6415467118261361 	Best Valid Acc: 0.710979
Epoch: 174 	Training Cost: 828.140013	 Valid Acc: 0.642111205193339 	Best Valid Acc: 0.710979
Epoch: 175 	Training Cost: 817.686576	 Valid Acc: 0.6408410951171324 	Best Valid Acc: 0.710979
Epoch: 176 	Training Cost: 806.701075	 Valid Acc: 0.6415467118261361 	Best Valid Acc: 0.710979
Epoch: 177 	Training Cost: 796.882601	 Valid Acc: 0.6398532317245272 	Best Valid Acc: 0.710979
Epoch: 178 	Training Cost: 786.807843	 Valid Acc: 0.6397121083827265 	Best Valid Acc: 0.710979
Epoch: 179 	Training Cost: 777.802424	 Valid Acc: 0.6384419983065199 	Best Valid Acc: 0.710979
Epoch: 180 	Training Cost: 767.619884	 Valid Acc: 0.6370307648885125 	Best Valid Acc: 0.710979
Epoch: 181 	Training Cost: 758.778898	 Valid Acc: 0.6378775049393169 	Best Valid Acc: 0.710979
Epoch: 182 	Training Cost: 748.269960	 Valid Acc: 0.6378775049393169 	Best Valid Acc: 0.710979
Epoch: 183 	Training Cost: 740.804332	 Valid Acc: 0.6366073948631104 	Best Valid Acc: 0.710979
Epoch: 184 	Training Cost: 732.792793	 Valid Acc: 0.6374541349139148 	Best Valid Acc: 0.710979
Epoch: 185 	Training Cost: 725.025998	 Valid Acc: 0.6366073948631104 	Best Valid Acc: 0.710979
Epoch: 186 	Training Cost: 718.248125	 Valid Acc: 0.6373130115721141 	Best Valid Acc: 0.710979
Epoch: 187 	Training Cost: 712.395826	 Valid Acc: 0.6380186282811177 	Best Valid Acc: 0.710979
Epoch: 188 	Training Cost: 705.946445	 Valid Acc: 0.6374541349139148 	Best Valid Acc: 0.710979
Epoch: 189 	Training Cost: 699.358896	 Valid Acc: 0.6371718882303133 	Best Valid Acc: 0.710979
Epoch: 190 	Training Cost: 693.103756	 Valid Acc: 0.6373130115721141 	Best Valid Acc: 0.710979
Epoch: 191 	Training Cost: 687.217078	 Valid Acc: 0.6364662715213096 	Best Valid Acc: 0.710979
Epoch: 192 	Training Cost: 681.419384	 Valid Acc: 0.6360429014959075 	Best Valid Acc: 0.710979
Epoch: 193 	Training Cost: 676.066744	 Valid Acc: 0.6377363815975162 	Best Valid Acc: 0.710979
Epoch: 194 	Training Cost: 671.759345	 Valid Acc: 0.6363251481795089 	Best Valid Acc: 0.710979
Epoch: 195 	Training Cost: 667.458762	 Valid Acc: 0.6364662715213096 	Best Valid Acc: 0.710979
Epoch: 196 	Training Cost: 662.973094	 Valid Acc: 0.6359017781541066 	Best Valid Acc: 0.710979
Epoch: 197 	Training Cost: 658.433074	 Valid Acc: 0.6354784081287045 	Best Valid Acc: 0.710979
Epoch: 198 	Training Cost: 654.738193	 Valid Acc: 0.6360429014959075 	Best Valid Acc: 0.710979
Epoch: 199 	Training Cost: 650.432058	 Valid Acc: 0.6359017781541066 	Best Valid Acc: 0.710979
Epoch: 200 	Training Cost: 646.676224	 Valid Acc: 0.6363251481795089 	Best Valid Acc: 0.710979
lr=2e-05, lamb=0, num_epoch=200, test_acc=0.6390064916737228
----------------------------------------------------------
----------------------------------------------------------
lr=2e-05, lamb=0.0001, num_epoch=200
Epoch: 1 	Training Cost: 12298.690045	 Valid Acc: 0.6796500141123342 	Best Valid Acc: 0.679650
Epoch: 2 	Training Cost: 11588.102714	 Valid Acc: 0.6824724809483489 	Best Valid Acc: 0.682472
Epoch: 3 	Training Cost: 11535.964746	 Valid Acc: 0.6819079875811459 	Best Valid Acc: 0.682472
Epoch: 4 	Training Cost: 11502.520668	 Valid Acc: 0.6831780976573525 	Best Valid Acc: 0.683178
Epoch: 5 	Training Cost: 11467.416451	 Valid Acc: 0.683460344340954 	Best Valid Acc: 0.683460
Epoch: 6 	Training Cost: 11422.860954	 Valid Acc: 0.6820491109229466 	Best Valid Acc: 0.683460
Epoch: 7 	Training Cost: 11357.201716	 Valid Acc: 0.6838837143663562 	Best Valid Acc: 0.683884
Epoch: 8 	Training Cost: 11241.452147	 Valid Acc: 0.6864239345187694 	Best Valid Acc: 0.686424
Epoch: 9 	Training Cost: 11044.798803	 Valid Acc: 0.6951735817104149 	Best Valid Acc: 0.695174
Epoch: 10 	Training Cost: 10792.001919	 Valid Acc: 0.698278295230031 	Best Valid Acc: 0.698278
Epoch: 11 	Training Cost: 10569.608676	 Valid Acc: 0.7036409822184589 	Best Valid Acc: 0.703641
Epoch: 12 	Training Cost: 10411.334085	 Valid Acc: 0.7040643522438611 	Best Valid Acc: 0.704064
Epoch: 13 	Training Cost: 10300.247614	 Valid Acc: 0.707310189105278 	Best Valid Acc: 0.707310
Epoch: 14 	Training Cost: 10216.262252	 Valid Acc: 0.7074513124470787 	Best Valid Acc: 0.707451
Epoch: 15 	Training Cost: 10146.689513	 Valid Acc: 0.7088625458650861 	Best Valid Acc: 0.708863
Epoch: 16 	Training Cost: 10086.535736	 Valid Acc: 0.7106971493084956 	Best Valid Acc: 0.710697
Epoch: 17 	Training Cost: 10032.375495	 Valid Acc: 0.7105560259666949 	Best Valid Acc: 0.710697
Epoch: 18 	Training Cost: 9980.314863	 Valid Acc: 0.7116850127011007 	Best Valid Acc: 0.711685
Epoch: 19 	Training Cost: 9929.912662	 Valid Acc: 0.7116850127011007 	Best Valid Acc: 0.711685
Epoch: 20 	Training Cost: 9878.143261	 Valid Acc: 0.7128139994355066 	Best Valid Acc: 0.712814
Epoch: 21 	Training Cost: 9825.385936	 Valid Acc: 0.7135196161445103 	Best Valid Acc: 0.713520
Epoch: 22 	Training Cost: 9770.488218	 Valid Acc: 0.713660739486311 	Best Valid Acc: 0.713661
Epoch: 23 	Training Cost: 9714.247183	 Valid Acc: 0.7115438893593 	Best Valid Acc: 0.713661
Epoch: 24 	Training Cost: 9655.900596	 Valid Acc: 0.7119672593847022 	Best Valid Acc: 0.713661
Epoch: 25 	Training Cost: 9596.787204	 Valid Acc: 0.7101326559412927 	Best Valid Acc: 0.713661
Epoch: 26 	Training Cost: 9536.877373	 Valid Acc: 0.7087214225232854 	Best Valid Acc: 0.713661
Epoch: 27 	Training Cost: 9476.125421	 Valid Acc: 0.7085802991814846 	Best Valid Acc: 0.713661
Epoch: 28 	Training Cost: 9413.304040	 Valid Acc: 0.7084391758396839 	Best Valid Acc: 0.713661
Epoch: 29 	Training Cost: 9347.909712	 Valid Acc: 0.7088625458650861 	Best Valid Acc: 0.713661
Epoch: 30 	Training Cost: 9280.878862	 Valid Acc: 0.7080158058142817 	Best Valid Acc: 0.713661
Epoch: 31 	Training Cost: 9212.507203	 Valid Acc: 0.7080158058142817 	Best Valid Acc: 0.713661
Epoch: 32 	Training Cost: 9143.707547	 Valid Acc: 0.7090036692068868 	Best Valid Acc: 0.713661
Epoch: 33 	Training Cost: 9075.116606	 Valid Acc: 0.7070279424216765 	Best Valid Acc: 0.713661
Epoch: 34 	Training Cost: 9006.860216	 Valid Acc: 0.7067456957380751 	Best Valid Acc: 0.713661
Epoch: 35 	Training Cost: 8937.738580	 Valid Acc: 0.7053344623200677 	Best Valid Acc: 0.713661
Epoch: 36 	Training Cost: 8867.728494	 Valid Acc: 0.705193338978267 	Best Valid Acc: 0.713661
Epoch: 37 	Training Cost: 8795.695710	 Valid Acc: 0.7050522156364663 	Best Valid Acc: 0.713661
Epoch: 38 	Training Cost: 8720.873831	 Valid Acc: 0.7061812023708721 	Best Valid Acc: 0.713661
Epoch: 39 	Training Cost: 8642.919614	 Valid Acc: 0.7042054755856618 	Best Valid Acc: 0.713661
Epoch: 40 	Training Cost: 8563.231599	 Valid Acc: 0.703076488851256 	Best Valid Acc: 0.713661
Epoch: 41 	Training Cost: 8481.056118	 Valid Acc: 0.7026531188258538 	Best Valid Acc: 0.713661
Epoch: 42 	Training Cost: 8398.242332	 Valid Acc: 0.7005362686988428 	Best Valid Acc: 0.713661
Epoch: 43 	Training Cost: 8314.720218	 Valid Acc: 0.6999717753316399 	Best Valid Acc: 0.713661
Epoch: 44 	Training Cost: 8231.230989	 Valid Acc: 0.6974315551792266 	Best Valid Acc: 0.713661
Epoch: 45 	Training Cost: 8148.042384	 Valid Acc: 0.6963025684448207 	Best Valid Acc: 0.713661
Epoch: 46 	Training Cost: 8065.128181	 Valid Acc: 0.6947502116850127 	Best Valid Acc: 0.713661
Epoch: 47 	Training Cost: 7984.835845	 Valid Acc: 0.6934801016088061 	Best Valid Acc: 0.713661
Epoch: 48 	Training Cost: 7903.700974	 Valid Acc: 0.694044594976009 	Best Valid Acc: 0.713661
Epoch: 49 	Training Cost: 7824.854515	 Valid Acc: 0.6922099915325995 	Best Valid Acc: 0.713661
Epoch: 50 	Training Cost: 7747.350277	 Valid Acc: 0.6926333615580017 	Best Valid Acc: 0.713661
Epoch: 51 	Training Cost: 7671.236520	 Valid Acc: 0.6916454981653966 	Best Valid Acc: 0.713661
Epoch: 52 	Training Cost: 7595.823658	 Valid Acc: 0.6899520180637877 	Best Valid Acc: 0.713661
Epoch: 53 	Training Cost: 7521.470289	 Valid Acc: 0.6895286480383855 	Best Valid Acc: 0.713661
Epoch: 54 	Training Cost: 7447.773535	 Valid Acc: 0.6889641546711827 	Best Valid Acc: 0.713661
Epoch: 55 	Training Cost: 7375.085111	 Valid Acc: 0.6874117979113745 	Best Valid Acc: 0.713661
Epoch: 56 	Training Cost: 7302.014375	 Valid Acc: 0.6862828111769687 	Best Valid Acc: 0.713661
Epoch: 57 	Training Cost: 7229.567154	 Valid Acc: 0.6865650578605701 	Best Valid Acc: 0.713661
Epoch: 58 	Training Cost: 7157.096009	 Valid Acc: 0.6868473045441716 	Best Valid Acc: 0.713661
Epoch: 59 	Training Cost: 7084.845373	 Valid Acc: 0.6871295512277731 	Best Valid Acc: 0.713661
Epoch: 60 	Training Cost: 7012.956008	 Valid Acc: 0.6871295512277731 	Best Valid Acc: 0.713661
Epoch: 61 	Training Cost: 6941.622615	 Valid Acc: 0.6868473045441716 	Best Valid Acc: 0.713661
Epoch: 62 	Training Cost: 6870.926666	 Valid Acc: 0.6848715777589613 	Best Valid Acc: 0.713661
Epoch: 63 	Training Cost: 6801.252156	 Valid Acc: 0.6841659610499576 	Best Valid Acc: 0.713661
Epoch: 64 	Training Cost: 6731.546418	 Valid Acc: 0.682895850973751 	Best Valid Acc: 0.713661
Epoch: 65 	Training Cost: 6662.519112	 Valid Acc: 0.6819079875811459 	Best Valid Acc: 0.713661
Epoch: 66 	Training Cost: 6594.176110	 Valid Acc: 0.6816257408975445 	Best Valid Acc: 0.713661
Epoch: 67 	Training Cost: 6526.319986	 Valid Acc: 0.6820491109229466 	Best Valid Acc: 0.713661
Epoch: 68 	Training Cost: 6459.242361	 Valid Acc: 0.68077900084674 	Best Valid Acc: 0.713661
Epoch: 69 	Training Cost: 6392.662185	 Valid Acc: 0.681343494213943 	Best Valid Acc: 0.713661
Epoch: 70 	Training Cost: 6326.704461	 Valid Acc: 0.6809201241885408 	Best Valid Acc: 0.713661
Epoch: 71 	Training Cost: 6261.447932	 Valid Acc: 0.6809201241885408 	Best Valid Acc: 0.713661
Epoch: 72 	Training Cost: 6197.226603	 Valid Acc: 0.68077900084674 	Best Valid Acc: 0.713661
Epoch: 73 	Training Cost: 6133.657893	 Valid Acc: 0.6806378775049393 	Best Valid Acc: 0.713661
Epoch: 74 	Training Cost: 6070.748325	 Valid Acc: 0.6806378775049393 	Best Valid Acc: 0.713661
Epoch: 75 	Training Cost: 6008.359620	 Valid Acc: 0.6810612475303415 	Best Valid Acc: 0.713661
Epoch: 76 	Training Cost: 5946.664774	 Valid Acc: 0.68077900084674 	Best Valid Acc: 0.713661
Epoch: 77 	Training Cost: 5885.734125	 Valid Acc: 0.6802145074795372 	Best Valid Acc: 0.713661
Epoch: 78 	Training Cost: 5825.209799	 Valid Acc: 0.6790855207451313 	Best Valid Acc: 0.713661
Epoch: 79 	Training Cost: 5765.193749	 Valid Acc: 0.6797911374541349 	Best Valid Acc: 0.713661
Epoch: 80 	Training Cost: 5705.337678	 Valid Acc: 0.6788032740615297 	Best Valid Acc: 0.713661
Epoch: 81 	Training Cost: 5646.215654	 Valid Acc: 0.6790855207451313 	Best Valid Acc: 0.713661
Epoch: 82 	Training Cost: 5587.386457	 Valid Acc: 0.679226644086932 	Best Valid Acc: 0.713661
Epoch: 83 	Training Cost: 5528.958896	 Valid Acc: 0.6782387806943269 	Best Valid Acc: 0.713661
Epoch: 84 	Training Cost: 5471.031169	 Valid Acc: 0.6773920406435224 	Best Valid Acc: 0.713661
Epoch: 85 	Training Cost: 5413.635363	 Valid Acc: 0.6766864239345187 	Best Valid Acc: 0.713661
Epoch: 86 	Training Cost: 5356.664586	 Valid Acc: 0.6751340671747107 	Best Valid Acc: 0.713661
Epoch: 87 	Training Cost: 5300.071104	 Valid Acc: 0.6738639570985041 	Best Valid Acc: 0.713661
Epoch: 88 	Training Cost: 5243.870256	 Valid Acc: 0.672311600338696 	Best Valid Acc: 0.713661
Epoch: 89 	Training Cost: 5188.371547	 Valid Acc: 0.6727349703640982 	Best Valid Acc: 0.713661
Epoch: 90 	Training Cost: 5133.317871	 Valid Acc: 0.6718882303132938 	Best Valid Acc: 0.713661
Epoch: 91 	Training Cost: 5078.955041	 Valid Acc: 0.6718882303132938 	Best Valid Acc: 0.713661
Epoch: 92 	Training Cost: 5025.230966	 Valid Acc: 0.6717471069714931 	Best Valid Acc: 0.713661
Epoch: 93 	Training Cost: 4971.743238	 Valid Acc: 0.6711826136042901 	Best Valid Acc: 0.713661
Epoch: 94 	Training Cost: 4918.885612	 Valid Acc: 0.6716059836296924 	Best Valid Acc: 0.713661
Epoch: 95 	Training Cost: 4866.776011	 Valid Acc: 0.6701947502116851 	Best Valid Acc: 0.713661
Epoch: 96 	Training Cost: 4815.164188	 Valid Acc: 0.6700536268698842 	Best Valid Acc: 0.713661
Epoch: 97 	Training Cost: 4763.951654	 Valid Acc: 0.6696302568444821 	Best Valid Acc: 0.713661
Epoch: 98 	Training Cost: 4713.448448	 Valid Acc: 0.6693480101608806 	Best Valid Acc: 0.713661
Epoch: 99 	Training Cost: 4663.674188	 Valid Acc: 0.6700536268698842 	Best Valid Acc: 0.713661
Epoch: 100 	Training Cost: 4614.545442	 Valid Acc: 0.6694891335026814 	Best Valid Acc: 0.713661
Epoch: 101 	Training Cost: 4565.831536	 Valid Acc: 0.6686423934518769 	Best Valid Acc: 0.713661
Epoch: 102 	Training Cost: 4517.868643	 Valid Acc: 0.6677956534010725 	Best Valid Acc: 0.713661
Epoch: 103 	Training Cost: 4470.332390	 Valid Acc: 0.6679367767428732 	Best Valid Acc: 0.713661
Epoch: 104 	Training Cost: 4423.594747	 Valid Acc: 0.6679367767428732 	Best Valid Acc: 0.713661
Epoch: 105 	Training Cost: 4377.458654	 Valid Acc: 0.6669489133502682 	Best Valid Acc: 0.713661
Epoch: 106 	Training Cost: 4331.956388	 Valid Acc: 0.6649731865650579 	Best Valid Acc: 0.713661
Epoch: 107 	Training Cost: 4287.219991	 Valid Acc: 0.6648320632232572 	Best Valid Acc: 0.713661
Epoch: 108 	Training Cost: 4242.909167	 Valid Acc: 0.6645498165396556 	Best Valid Acc: 0.713661
Epoch: 109 	Training Cost: 4199.126658	 Valid Acc: 0.6644086931978549 	Best Valid Acc: 0.713661
Epoch: 110 	Training Cost: 4155.954494	 Valid Acc: 0.6641264465142535 	Best Valid Acc: 0.713661
Epoch: 111 	Training Cost: 4113.376450	 Valid Acc: 0.663844199830652 	Best Valid Acc: 0.713661
Epoch: 112 	Training Cost: 4071.413788	 Valid Acc: 0.6634208298052497 	Best Valid Acc: 0.713661
Epoch: 113 	Training Cost: 4029.916194	 Valid Acc: 0.6625740897544454 	Best Valid Acc: 0.713661
Epoch: 114 	Training Cost: 3988.968471	 Valid Acc: 0.6625740897544454 	Best Valid Acc: 0.713661
Epoch: 115 	Training Cost: 3948.654091	 Valid Acc: 0.6629974597798476 	Best Valid Acc: 0.713661
Epoch: 116 	Training Cost: 3908.823915	 Valid Acc: 0.6622918430708439 	Best Valid Acc: 0.713661
Epoch: 117 	Training Cost: 3869.614767	 Valid Acc: 0.6624329664126446 	Best Valid Acc: 0.713661
Epoch: 118 	Training Cost: 3830.885628	 Valid Acc: 0.6624329664126446 	Best Valid Acc: 0.713661
Epoch: 119 	Training Cost: 3792.591609	 Valid Acc: 0.6627152130962461 	Best Valid Acc: 0.713661
Epoch: 120 	Training Cost: 3754.851822	 Valid Acc: 0.6621507197290432 	Best Valid Acc: 0.713661
Epoch: 121 	Training Cost: 3717.503606	 Valid Acc: 0.6614451030200396 	Best Valid Acc: 0.713661
Epoch: 122 	Training Cost: 3680.568553	 Valid Acc: 0.661162856336438 	Best Valid Acc: 0.713661
Epoch: 123 	Training Cost: 3644.087375	 Valid Acc: 0.6608806096528366 	Best Valid Acc: 0.713661
Epoch: 124 	Training Cost: 3607.858236	 Valid Acc: 0.6610217329946373 	Best Valid Acc: 0.713661
Epoch: 125 	Training Cost: 3572.193115	 Valid Acc: 0.6605983629692351 	Best Valid Acc: 0.713661
Epoch: 126 	Training Cost: 3536.721072	 Valid Acc: 0.6594693762348293 	Best Valid Acc: 0.713661
Epoch: 127 	Training Cost: 3501.761314	 Valid Acc: 0.6600338696020321 	Best Valid Acc: 0.713661
Epoch: 128 	Training Cost: 3467.062131	 Valid Acc: 0.6605983629692351 	Best Valid Acc: 0.713661
Epoch: 129 	Training Cost: 3432.732546	 Valid Acc: 0.6597516229184307 	Best Valid Acc: 0.713661
Epoch: 130 	Training Cost: 3398.752502	 Valid Acc: 0.6598927462602314 	Best Valid Acc: 0.713661
Epoch: 131 	Training Cost: 3364.983032	 Valid Acc: 0.6598927462602314 	Best Valid Acc: 0.713661
Epoch: 132 	Training Cost: 3331.705767	 Valid Acc: 0.6591871295512278 	Best Valid Acc: 0.713661
Epoch: 133 	Training Cost: 3298.620967	 Valid Acc: 0.65961049957663 	Best Valid Acc: 0.713661
Epoch: 134 	Training Cost: 3265.904093	 Valid Acc: 0.6589048828676263 	Best Valid Acc: 0.713661
Epoch: 135 	Training Cost: 3233.409214	 Valid Acc: 0.6587637595258256 	Best Valid Acc: 0.713661
Epoch: 136 	Training Cost: 3201.126294	 Valid Acc: 0.6583403895004234 	Best Valid Acc: 0.713661
Epoch: 137 	Training Cost: 3169.137706	 Valid Acc: 0.6581992661586227 	Best Valid Acc: 0.713661
Epoch: 138 	Training Cost: 3137.395646	 Valid Acc: 0.6579170194750211 	Best Valid Acc: 0.713661
Epoch: 139 	Training Cost: 3105.919331	 Valid Acc: 0.6581992661586227 	Best Valid Acc: 0.713661
Epoch: 140 	Training Cost: 3074.701566	 Valid Acc: 0.6576347727914197 	Best Valid Acc: 0.713661
Epoch: 141 	Training Cost: 3043.757860	 Valid Acc: 0.6573525261078182 	Best Valid Acc: 0.713661
Epoch: 142 	Training Cost: 3013.001479	 Valid Acc: 0.6566469093988145 	Best Valid Acc: 0.713661
Epoch: 143 	Training Cost: 2982.353215	 Valid Acc: 0.6562235393734124 	Best Valid Acc: 0.713661
Epoch: 144 	Training Cost: 2952.085253	 Valid Acc: 0.655376799322608 	Best Valid Acc: 0.713661
Epoch: 145 	Training Cost: 2921.998970	 Valid Acc: 0.6546711826136042 	Best Valid Acc: 0.713661
Epoch: 146 	Training Cost: 2891.996538	 Valid Acc: 0.6539655659046006 	Best Valid Acc: 0.713661
Epoch: 147 	Training Cost: 2861.995506	 Valid Acc: 0.6536833192209992 	Best Valid Acc: 0.713661
Epoch: 148 	Training Cost: 2832.159846	 Valid Acc: 0.6536833192209992 	Best Valid Acc: 0.713661
Epoch: 149 	Training Cost: 2802.674967	 Valid Acc: 0.6534010725373977 	Best Valid Acc: 0.713661
Epoch: 150 	Training Cost: 2773.274837	 Valid Acc: 0.6535421958791984 	Best Valid Acc: 0.713661
Epoch: 151 	Training Cost: 2744.421745	 Valid Acc: 0.6525543324865933 	Best Valid Acc: 0.713661
Epoch: 152 	Training Cost: 2715.757908	 Valid Acc: 0.6525543324865933 	Best Valid Acc: 0.713661
Epoch: 153 	Training Cost: 2687.320152	 Valid Acc: 0.6522720858029918 	Best Valid Acc: 0.713661
Epoch: 154 	Training Cost: 2659.354496	 Valid Acc: 0.6522720858029918 	Best Valid Acc: 0.713661
Epoch: 155 	Training Cost: 2631.455397	 Valid Acc: 0.6515664690939882 	Best Valid Acc: 0.713661
Epoch: 156 	Training Cost: 2604.038920	 Valid Acc: 0.6511430990685859 	Best Valid Acc: 0.713661
Epoch: 157 	Training Cost: 2576.762706	 Valid Acc: 0.6502963590177815 	Best Valid Acc: 0.713661
Epoch: 158 	Training Cost: 2549.799108	 Valid Acc: 0.6508608523849845 	Best Valid Acc: 0.713661
Epoch: 159 	Training Cost: 2523.156902	 Valid Acc: 0.6502963590177815 	Best Valid Acc: 0.713661
Epoch: 160 	Training Cost: 2496.744292	 Valid Acc: 0.6504374823595823 	Best Valid Acc: 0.713661
Epoch: 161 	Training Cost: 2470.510110	 Valid Acc: 0.6508608523849845 	Best Valid Acc: 0.713661
Epoch: 162 	Training Cost: 2444.676720	 Valid Acc: 0.6515664690939882 	Best Valid Acc: 0.713661
Epoch: 163 	Training Cost: 2418.855772	 Valid Acc: 0.6507197290431838 	Best Valid Acc: 0.713661
Epoch: 164 	Training Cost: 2393.693682	 Valid Acc: 0.6511430990685859 	Best Valid Acc: 0.713661
Epoch: 165 	Training Cost: 2368.626304	 Valid Acc: 0.650578605701383 	Best Valid Acc: 0.713661
Epoch: 166 	Training Cost: 2344.213916	 Valid Acc: 0.6502963590177815 	Best Valid Acc: 0.713661
Epoch: 167 	Training Cost: 2319.729607	 Valid Acc: 0.6493084956251765 	Best Valid Acc: 0.713661
Epoch: 168 	Training Cost: 2296.070183	 Valid Acc: 0.6490262489415749 	Best Valid Acc: 0.713661
Epoch: 169 	Training Cost: 2272.274481	 Valid Acc: 0.648461755574372 	Best Valid Acc: 0.713661
Epoch: 170 	Training Cost: 2249.183630	 Valid Acc: 0.6480383855489698 	Best Valid Acc: 0.713661
Epoch: 171 	Training Cost: 2225.832468	 Valid Acc: 0.647897262207169 	Best Valid Acc: 0.713661
Epoch: 172 	Training Cost: 2203.347337	 Valid Acc: 0.647897262207169 	Best Valid Acc: 0.713661
Epoch: 173 	Training Cost: 2180.715221	 Valid Acc: 0.648461755574372 	Best Valid Acc: 0.713661
Epoch: 174 	Training Cost: 2159.106656	 Valid Acc: 0.6469093988145639 	Best Valid Acc: 0.713661
Epoch: 175 	Training Cost: 2137.601040	 Valid Acc: 0.6481795088907706 	Best Valid Acc: 0.713661
Epoch: 176 	Training Cost: 2116.829923	 Valid Acc: 0.6467682754727632 	Best Valid Acc: 0.713661
Epoch: 177 	Training Cost: 2096.176526	 Valid Acc: 0.6470505221563647 	Best Valid Acc: 0.713661
Epoch: 178 	Training Cost: 2075.875343	 Valid Acc: 0.6466271521309624 	Best Valid Acc: 0.713661
Epoch: 179 	Training Cost: 2056.123210	 Valid Acc: 0.6476150155235676 	Best Valid Acc: 0.713661
Epoch: 180 	Training Cost: 2036.203768	 Valid Acc: 0.6452159187129551 	Best Valid Acc: 0.713661
Epoch: 181 	Training Cost: 2016.689717	 Valid Acc: 0.6476150155235676 	Best Valid Acc: 0.713661
Epoch: 182 	Training Cost: 1997.477465	 Valid Acc: 0.6459215354219587 	Best Valid Acc: 0.713661
Epoch: 183 	Training Cost: 1978.746112	 Valid Acc: 0.6469093988145639 	Best Valid Acc: 0.713661
Epoch: 184 	Training Cost: 1960.132442	 Valid Acc: 0.6453570420547559 	Best Valid Acc: 0.713661
Epoch: 185 	Training Cost: 1941.994354	 Valid Acc: 0.645780412080158 	Best Valid Acc: 0.713661
Epoch: 186 	Training Cost: 1923.921611	 Valid Acc: 0.6443691786621507 	Best Valid Acc: 0.713661
Epoch: 187 	Training Cost: 1906.520856	 Valid Acc: 0.6447925486875529 	Best Valid Acc: 0.713661
Epoch: 188 	Training Cost: 1888.709584	 Valid Acc: 0.643663561953147 	Best Valid Acc: 0.713661
Epoch: 189 	Training Cost: 1871.625256	 Valid Acc: 0.6447925486875529 	Best Valid Acc: 0.713661
Epoch: 190 	Training Cost: 1854.317508	 Valid Acc: 0.6425345752187411 	Best Valid Acc: 0.713661
Epoch: 191 	Training Cost: 1838.350397	 Valid Acc: 0.6438046852949478 	Best Valid Acc: 0.713661
Epoch: 192 	Training Cost: 1822.197120	 Valid Acc: 0.6419700818515383 	Best Valid Acc: 0.713661
Epoch: 193 	Training Cost: 1806.814886	 Valid Acc: 0.6435224386113463 	Best Valid Acc: 0.713661
Epoch: 194 	Training Cost: 1791.260424	 Valid Acc: 0.6428168219023427 	Best Valid Acc: 0.713661
Epoch: 195 	Training Cost: 1776.582928	 Valid Acc: 0.6432401919277448 	Best Valid Acc: 0.713661
Epoch: 196 	Training Cost: 1762.013398	 Valid Acc: 0.6429579452441434 	Best Valid Acc: 0.713661
Epoch: 197 	Training Cost: 1748.159011	 Valid Acc: 0.6438046852949478 	Best Valid Acc: 0.713661
Epoch: 198 	Training Cost: 1733.782861	 Valid Acc: 0.6419700818515383 	Best Valid Acc: 0.713661
Epoch: 199 	Training Cost: 1720.549277	 Valid Acc: 0.6423934518769404 	Best Valid Acc: 0.713661
Epoch: 200 	Training Cost: 1706.852844	 Valid Acc: 0.6425345752187411 	Best Valid Acc: 0.713661
lr=2e-05, lamb=0.0001, num_epoch=200, test_acc=0.6412644651425345
----------------------------------------------------------
----------------------------------------------------------
lr=2e-05, lamb=0.001, num_epoch=200
Epoch: 1 	Training Cost: 12781.072744	 Valid Acc: 0.6788032740615297 	Best Valid Acc: 0.678803
Epoch: 2 	Training Cost: 11868.939497	 Valid Acc: 0.6796500141123342 	Best Valid Acc: 0.679650
Epoch: 3 	Training Cost: 11763.765459	 Valid Acc: 0.6797911374541349 	Best Valid Acc: 0.679791
Epoch: 4 	Training Cost: 11710.877405	 Valid Acc: 0.6799322607959356 	Best Valid Acc: 0.679932
Epoch: 5 	Training Cost: 11667.453940	 Valid Acc: 0.68077900084674 	Best Valid Acc: 0.680779
Epoch: 6 	Training Cost: 11622.286033	 Valid Acc: 0.6819079875811459 	Best Valid Acc: 0.681908
Epoch: 7 	Training Cost: 11562.990511	 Valid Acc: 0.6845893310753599 	Best Valid Acc: 0.684589
Epoch: 8 	Training Cost: 11467.821682	 Valid Acc: 0.6848715777589613 	Best Valid Acc: 0.684872
Epoch: 9 	Training Cost: 11294.912451	 Valid Acc: 0.6931978549252046 	Best Valid Acc: 0.693198
Epoch: 10 	Training Cost: 11048.727659	 Valid Acc: 0.7019475021168501 	Best Valid Acc: 0.701948
Epoch: 11 	Training Cost: 10823.335059	 Valid Acc: 0.7022297488004516 	Best Valid Acc: 0.702230
Epoch: 12 	Training Cost: 10668.534978	 Valid Acc: 0.707310189105278 	Best Valid Acc: 0.707310
Epoch: 13 	Training Cost: 10564.469989	 Valid Acc: 0.7091447925486876 	Best Valid Acc: 0.709145
Epoch: 14 	Training Cost: 10489.156418	 Valid Acc: 0.709991532599492 	Best Valid Acc: 0.709992
Epoch: 15 	Training Cost: 10431.350981	 Valid Acc: 0.709427039232289 	Best Valid Acc: 0.709992
Epoch: 16 	Training Cost: 10384.998958	 Valid Acc: 0.7097092859158904 	Best Valid Acc: 0.709992
Epoch: 17 	Training Cost: 10347.660868	 Valid Acc: 0.7095681625740897 	Best Valid Acc: 0.709992
Epoch: 18 	Training Cost: 10316.710181	 Valid Acc: 0.7097092859158904 	Best Valid Acc: 0.709992
Epoch: 19 	Training Cost: 10290.683522	 Valid Acc: 0.7126728760937059 	Best Valid Acc: 0.712673
Epoch: 20 	Training Cost: 10267.244291	 Valid Acc: 0.7123906294101044 	Best Valid Acc: 0.712673
Epoch: 21 	Training Cost: 10246.765403	 Valid Acc: 0.7118261360429015 	Best Valid Acc: 0.712673
Epoch: 22 	Training Cost: 10230.148414	 Valid Acc: 0.7125317527519052 	Best Valid Acc: 0.712673
Epoch: 23 	Training Cost: 10213.731263	 Valid Acc: 0.712108382726503 	Best Valid Acc: 0.712673
Epoch: 24 	Training Cost: 10199.302676	 Valid Acc: 0.7126728760937059 	Best Valid Acc: 0.712673
Epoch: 25 	Training Cost: 10186.686896	 Valid Acc: 0.7116850127011007 	Best Valid Acc: 0.712673
Epoch: 26 	Training Cost: 10173.333433	 Valid Acc: 0.7104149026248942 	Best Valid Acc: 0.712673
Epoch: 27 	Training Cost: 10163.728339	 Valid Acc: 0.7106971493084956 	Best Valid Acc: 0.712673
Epoch: 28 	Training Cost: 10152.016333	 Valid Acc: 0.709991532599492 	Best Valid Acc: 0.712673
Epoch: 29 	Training Cost: 10141.479968	 Valid Acc: 0.7098504092576913 	Best Valid Acc: 0.712673
Epoch: 30 	Training Cost: 10132.719091	 Valid Acc: 0.7101326559412927 	Best Valid Acc: 0.712673
Epoch: 31 	Training Cost: 10122.313247	 Valid Acc: 0.7097092859158904 	Best Valid Acc: 0.712673
Epoch: 32 	Training Cost: 10113.211742	 Valid Acc: 0.7091447925486876 	Best Valid Acc: 0.712673
Epoch: 33 	Training Cost: 10105.553754	 Valid Acc: 0.7084391758396839 	Best Valid Acc: 0.712673
Epoch: 34 	Training Cost: 10096.185497	 Valid Acc: 0.7090036692068868 	Best Valid Acc: 0.712673
Epoch: 35 	Training Cost: 10088.137179	 Valid Acc: 0.7088625458650861 	Best Valid Acc: 0.712673
Epoch: 36 	Training Cost: 10078.974768	 Valid Acc: 0.7087214225232854 	Best Valid Acc: 0.712673
Epoch: 37 	Training Cost: 10072.314189	 Valid Acc: 0.709427039232289 	Best Valid Acc: 0.712673
Epoch: 38 	Training Cost: 10063.953102	 Valid Acc: 0.7092859158904883 	Best Valid Acc: 0.712673
Epoch: 39 	Training Cost: 10055.868575	 Valid Acc: 0.7095681625740897 	Best Valid Acc: 0.712673
Epoch: 40 	Training Cost: 10048.473982	 Valid Acc: 0.7092859158904883 	Best Valid Acc: 0.712673
Epoch: 41 	Training Cost: 10039.635256	 Valid Acc: 0.7087214225232854 	Best Valid Acc: 0.712673
Epoch: 42 	Training Cost: 10032.253271	 Valid Acc: 0.7087214225232854 	Best Valid Acc: 0.712673
Epoch: 43 	Training Cost: 10024.715538	 Valid Acc: 0.7092859158904883 	Best Valid Acc: 0.712673
Epoch: 44 	Training Cost: 10017.172325	 Valid Acc: 0.7084391758396839 	Best Valid Acc: 0.712673
Epoch: 45 	Training Cost: 10009.921670	 Valid Acc: 0.7077335591306803 	Best Valid Acc: 0.712673
Epoch: 46 	Training Cost: 10002.098115	 Valid Acc: 0.7081569291560824 	Best Valid Acc: 0.712673
Epoch: 47 	Training Cost: 9993.318106	 Valid Acc: 0.7088625458650861 	Best Valid Acc: 0.712673
Epoch: 48 	Training Cost: 9986.471551	 Valid Acc: 0.7095681625740897 	Best Valid Acc: 0.712673
Epoch: 49 	Training Cost: 9977.836201	 Valid Acc: 0.709991532599492 	Best Valid Acc: 0.712673
Epoch: 50 	Training Cost: 9968.740728	 Valid Acc: 0.7101326559412927 	Best Valid Acc: 0.712673
Epoch: 51 	Training Cost: 9959.425972	 Valid Acc: 0.7102737792830934 	Best Valid Acc: 0.712673
Epoch: 52 	Training Cost: 9949.797096	 Valid Acc: 0.7106971493084956 	Best Valid Acc: 0.712673
Epoch: 53 	Training Cost: 9939.175269	 Valid Acc: 0.7104149026248942 	Best Valid Acc: 0.712673
Epoch: 54 	Training Cost: 9928.552233	 Valid Acc: 0.7106971493084956 	Best Valid Acc: 0.712673
Epoch: 55 	Training Cost: 9917.924691	 Valid Acc: 0.7101326559412927 	Best Valid Acc: 0.712673
Epoch: 56 	Training Cost: 9904.919515	 Valid Acc: 0.7098504092576913 	Best Valid Acc: 0.712673
Epoch: 57 	Training Cost: 9891.684479	 Valid Acc: 0.7108382726502963 	Best Valid Acc: 0.712673
Epoch: 58 	Training Cost: 9877.448909	 Valid Acc: 0.7105560259666949 	Best Valid Acc: 0.712673
Epoch: 59 	Training Cost: 9861.823278	 Valid Acc: 0.7102737792830934 	Best Valid Acc: 0.712673
Epoch: 60 	Training Cost: 9844.674658	 Valid Acc: 0.7097092859158904 	Best Valid Acc: 0.712673
Epoch: 61 	Training Cost: 9826.005530	 Valid Acc: 0.7098504092576913 	Best Valid Acc: 0.712673
Epoch: 62 	Training Cost: 9806.813600	 Valid Acc: 0.7092859158904883 	Best Valid Acc: 0.712673
Epoch: 63 	Training Cost: 9786.750065	 Valid Acc: 0.7091447925486876 	Best Valid Acc: 0.712673
Epoch: 64 	Training Cost: 9766.698987	 Valid Acc: 0.7088625458650861 	Best Valid Acc: 0.712673
Epoch: 65 	Training Cost: 9745.886996	 Valid Acc: 0.7081569291560824 	Best Valid Acc: 0.712673
Epoch: 66 	Training Cost: 9725.290920	 Valid Acc: 0.7058989556872707 	Best Valid Acc: 0.712673
Epoch: 67 	Training Cost: 9706.156736	 Valid Acc: 0.7053344623200677 	Best Valid Acc: 0.712673
Epoch: 68 	Training Cost: 9687.700362	 Valid Acc: 0.7046288456110641 	Best Valid Acc: 0.712673
Epoch: 69 	Training Cost: 9670.502409	 Valid Acc: 0.7040643522438611 	Best Valid Acc: 0.712673
Epoch: 70 	Training Cost: 9654.035227	 Valid Acc: 0.7025119954840531 	Best Valid Acc: 0.712673
Epoch: 71 	Training Cost: 9638.504938	 Valid Acc: 0.7020886254586508 	Best Valid Acc: 0.712673
Epoch: 72 	Training Cost: 9624.261390	 Valid Acc: 0.7026531188258538 	Best Valid Acc: 0.712673
Epoch: 73 	Training Cost: 9609.685320	 Valid Acc: 0.7025119954840531 	Best Valid Acc: 0.712673
Epoch: 74 	Training Cost: 9595.872343	 Valid Acc: 0.7020886254586508 	Best Valid Acc: 0.712673
Epoch: 75 	Training Cost: 9582.392701	 Valid Acc: 0.7008185153824442 	Best Valid Acc: 0.712673
Epoch: 76 	Training Cost: 9570.213917	 Valid Acc: 0.7008185153824442 	Best Valid Acc: 0.712673
Epoch: 77 	Training Cost: 9557.963896	 Valid Acc: 0.7012418854078465 	Best Valid Acc: 0.712673
Epoch: 78 	Training Cost: 9546.013423	 Valid Acc: 0.7006773920406435 	Best Valid Acc: 0.712673
Epoch: 79 	Training Cost: 9534.499747	 Valid Acc: 0.6995484053062376 	Best Valid Acc: 0.712673
Epoch: 80 	Training Cost: 9523.633093	 Valid Acc: 0.698842788597234 	Best Valid Acc: 0.712673
Epoch: 81 	Training Cost: 9512.952602	 Valid Acc: 0.6985605419136325 	Best Valid Acc: 0.712673
Epoch: 82 	Training Cost: 9502.338887	 Valid Acc: 0.6987016652554332 	Best Valid Acc: 0.712673
Epoch: 83 	Training Cost: 9492.120035	 Valid Acc: 0.6975726785210273 	Best Valid Acc: 0.712673
Epoch: 84 	Training Cost: 9482.431475	 Valid Acc: 0.6972904318374259 	Best Valid Acc: 0.712673
Epoch: 85 	Training Cost: 9472.855697	 Valid Acc: 0.6977138018628282 	Best Valid Acc: 0.712673
Epoch: 86 	Training Cost: 9463.287969	 Valid Acc: 0.6974315551792266 	Best Valid Acc: 0.712673
Epoch: 87 	Training Cost: 9454.161359	 Valid Acc: 0.6974315551792266 	Best Valid Acc: 0.712673
Epoch: 88 	Training Cost: 9446.073220	 Valid Acc: 0.6965848151284222 	Best Valid Acc: 0.712673
Epoch: 89 	Training Cost: 9437.584353	 Valid Acc: 0.6968670618120237 	Best Valid Acc: 0.712673
Epoch: 90 	Training Cost: 9429.560043	 Valid Acc: 0.6963025684448207 	Best Valid Acc: 0.712673
Epoch: 91 	Training Cost: 9420.991074	 Valid Acc: 0.6951735817104149 	Best Valid Acc: 0.712673
Epoch: 92 	Training Cost: 9413.456603	 Valid Acc: 0.6948913350268134 	Best Valid Acc: 0.712673
Epoch: 93 	Training Cost: 9405.782464	 Valid Acc: 0.6947502116850127 	Best Valid Acc: 0.712673
Epoch: 94 	Training Cost: 9398.624654	 Valid Acc: 0.6950324583686142 	Best Valid Acc: 0.712673
Epoch: 95 	Training Cost: 9391.038094	 Valid Acc: 0.6951735817104149 	Best Valid Acc: 0.712673
Epoch: 96 	Training Cost: 9384.462764	 Valid Acc: 0.6957380750776179 	Best Valid Acc: 0.712673
Epoch: 97 	Training Cost: 9377.246584	 Valid Acc: 0.6948913350268134 	Best Valid Acc: 0.712673
Epoch: 98 	Training Cost: 9370.549041	 Valid Acc: 0.6951735817104149 	Best Valid Acc: 0.712673
Epoch: 99 	Training Cost: 9363.183796	 Valid Acc: 0.6947502116850127 	Best Valid Acc: 0.712673
Epoch: 100 	Training Cost: 9356.447015	 Valid Acc: 0.6947502116850127 	Best Valid Acc: 0.712673
Epoch: 101 	Training Cost: 9350.439552	 Valid Acc: 0.6953147050522156 	Best Valid Acc: 0.712673
Epoch: 102 	Training Cost: 9344.831885	 Valid Acc: 0.6950324583686142 	Best Valid Acc: 0.712673
Epoch: 103 	Training Cost: 9337.983353	 Valid Acc: 0.6951735817104149 	Best Valid Acc: 0.712673
Epoch: 104 	Training Cost: 9332.329681	 Valid Acc: 0.6948913350268134 	Best Valid Acc: 0.712673
Epoch: 105 	Training Cost: 9325.981224	 Valid Acc: 0.6955969517358171 	Best Valid Acc: 0.712673
Epoch: 106 	Training Cost: 9321.015358	 Valid Acc: 0.694609088343212 	Best Valid Acc: 0.712673
Epoch: 107 	Training Cost: 9313.944774	 Valid Acc: 0.6943268416596104 	Best Valid Acc: 0.712673
Epoch: 108 	Training Cost: 9309.315923	 Valid Acc: 0.6939034716342083 	Best Valid Acc: 0.712673
Epoch: 109 	Training Cost: 9302.804710	 Valid Acc: 0.6939034716342083 	Best Valid Acc: 0.712673
Epoch: 110 	Training Cost: 9298.664494	 Valid Acc: 0.6931978549252046 	Best Valid Acc: 0.712673
Epoch: 111 	Training Cost: 9292.047009	 Valid Acc: 0.6927744848998024 	Best Valid Acc: 0.712673
Epoch: 112 	Training Cost: 9287.918696	 Valid Acc: 0.6931978549252046 	Best Valid Acc: 0.712673
Epoch: 113 	Training Cost: 9281.313278	 Valid Acc: 0.6926333615580017 	Best Valid Acc: 0.712673
Epoch: 114 	Training Cost: 9277.046606	 Valid Acc: 0.6926333615580017 	Best Valid Acc: 0.712673
Epoch: 115 	Training Cost: 9271.343553	 Valid Acc: 0.6930567315834039 	Best Valid Acc: 0.712673
Epoch: 116 	Training Cost: 9266.934461	 Valid Acc: 0.6937623482924076 	Best Valid Acc: 0.712673
Epoch: 117 	Training Cost: 9261.579923	 Valid Acc: 0.6931978549252046 	Best Valid Acc: 0.712673
Epoch: 118 	Training Cost: 9256.347603	 Valid Acc: 0.6937623482924076 	Best Valid Acc: 0.712673
Epoch: 119 	Training Cost: 9251.955698	 Valid Acc: 0.6933389782670054 	Best Valid Acc: 0.712673
Epoch: 120 	Training Cost: 9247.181686	 Valid Acc: 0.6931978549252046 	Best Valid Acc: 0.712673
Epoch: 121 	Training Cost: 9243.074712	 Valid Acc: 0.6929156082416031 	Best Valid Acc: 0.712673
Epoch: 122 	Training Cost: 9238.361739	 Valid Acc: 0.6929156082416031 	Best Valid Acc: 0.712673
Epoch: 123 	Training Cost: 9234.982422	 Valid Acc: 0.6927744848998024 	Best Valid Acc: 0.712673
Epoch: 124 	Training Cost: 9230.192390	 Valid Acc: 0.6930567315834039 	Best Valid Acc: 0.712673
Epoch: 125 	Training Cost: 9224.893950	 Valid Acc: 0.6933389782670054 	Best Valid Acc: 0.712673
Epoch: 126 	Training Cost: 9220.679823	 Valid Acc: 0.6927744848998024 	Best Valid Acc: 0.712673
Epoch: 127 	Training Cost: 9217.198672	 Valid Acc: 0.6930567315834039 	Best Valid Acc: 0.712673
Epoch: 128 	Training Cost: 9213.139902	 Valid Acc: 0.6930567315834039 	Best Valid Acc: 0.712673
Epoch: 129 	Training Cost: 9209.777812	 Valid Acc: 0.6933389782670054 	Best Valid Acc: 0.712673
Epoch: 130 	Training Cost: 9206.885847	 Valid Acc: 0.6929156082416031 	Best Valid Acc: 0.712673
Epoch: 131 	Training Cost: 9202.320235	 Valid Acc: 0.6922099915325995 	Best Valid Acc: 0.712673
Epoch: 132 	Training Cost: 9199.734349	 Valid Acc: 0.6922099915325995 	Best Valid Acc: 0.712673
Epoch: 133 	Training Cost: 9194.916158	 Valid Acc: 0.6920688681907987 	Best Valid Acc: 0.712673
Epoch: 134 	Training Cost: 9192.247637	 Valid Acc: 0.6917866215071973 	Best Valid Acc: 0.712673
Epoch: 135 	Training Cost: 9187.465234	 Valid Acc: 0.6927744848998024 	Best Valid Acc: 0.712673
Epoch: 136 	Training Cost: 9184.703765	 Valid Acc: 0.6927744848998024 	Best Valid Acc: 0.712673
Epoch: 137 	Training Cost: 9181.202901	 Valid Acc: 0.692492238216201 	Best Valid Acc: 0.712673
Epoch: 138 	Training Cost: 9176.425932	 Valid Acc: 0.692492238216201 	Best Valid Acc: 0.712673
Epoch: 139 	Training Cost: 9173.927801	 Valid Acc: 0.6923511148744003 	Best Valid Acc: 0.712673
Epoch: 140 	Training Cost: 9170.335252	 Valid Acc: 0.691927744848998 	Best Valid Acc: 0.712673
Epoch: 141 	Training Cost: 9167.002264	 Valid Acc: 0.691927744848998 	Best Valid Acc: 0.712673
Epoch: 142 	Training Cost: 9163.563007	 Valid Acc: 0.6910810047981937 	Best Valid Acc: 0.712673
Epoch: 143 	Training Cost: 9159.475034	 Valid Acc: 0.6916454981653966 	Best Valid Acc: 0.712673
Epoch: 144 	Training Cost: 9155.863030	 Valid Acc: 0.6916454981653966 	Best Valid Acc: 0.712673
Epoch: 145 	Training Cost: 9153.019522	 Valid Acc: 0.691927744848998 	Best Valid Acc: 0.712673
Epoch: 146 	Training Cost: 9149.600548	 Valid Acc: 0.6913632514817951 	Best Valid Acc: 0.712673
Epoch: 147 	Training Cost: 9146.646021	 Valid Acc: 0.6915043748235958 	Best Valid Acc: 0.712673
Epoch: 148 	Training Cost: 9143.886153	 Valid Acc: 0.6907987581145921 	Best Valid Acc: 0.712673
Epoch: 149 	Training Cost: 9139.238994	 Valid Acc: 0.6906576347727914 	Best Valid Acc: 0.712673
Epoch: 150 	Training Cost: 9135.820048	 Valid Acc: 0.6912221281399944 	Best Valid Acc: 0.712673
Epoch: 151 	Training Cost: 9132.658971	 Valid Acc: 0.6912221281399944 	Best Valid Acc: 0.712673
Epoch: 152 	Training Cost: 9130.188046	 Valid Acc: 0.6910810047981937 	Best Valid Acc: 0.712673
Epoch: 153 	Training Cost: 9126.901529	 Valid Acc: 0.6916454981653966 	Best Valid Acc: 0.712673
Epoch: 154 	Training Cost: 9122.882832	 Valid Acc: 0.69037538808919 	Best Valid Acc: 0.712673
Epoch: 155 	Training Cost: 9120.643580	 Valid Acc: 0.6906576347727914 	Best Valid Acc: 0.712673
Epoch: 156 	Training Cost: 9116.923282	 Valid Acc: 0.6905165114309907 	Best Valid Acc: 0.712673
Epoch: 157 	Training Cost: 9112.927301	 Valid Acc: 0.6905165114309907 	Best Valid Acc: 0.712673
Epoch: 158 	Training Cost: 9110.108071	 Valid Acc: 0.69037538808919 	Best Valid Acc: 0.712673
Epoch: 159 	Training Cost: 9107.269343	 Valid Acc: 0.6900931414055885 	Best Valid Acc: 0.712673
Epoch: 160 	Training Cost: 9102.954057	 Valid Acc: 0.6900931414055885 	Best Valid Acc: 0.712673
Epoch: 161 	Training Cost: 9099.997988	 Valid Acc: 0.689810894721987 	Best Valid Acc: 0.712673
Epoch: 162 	Training Cost: 9096.889166	 Valid Acc: 0.6893875246965848 	Best Valid Acc: 0.712673
Epoch: 163 	Training Cost: 9093.323521	 Valid Acc: 0.6893875246965848 	Best Valid Acc: 0.712673
Epoch: 164 	Training Cost: 9088.051705	 Valid Acc: 0.689810894721987 	Best Valid Acc: 0.712673
Epoch: 165 	Training Cost: 9084.890737	 Valid Acc: 0.6893875246965848 	Best Valid Acc: 0.712673
Epoch: 166 	Training Cost: 9081.050354	 Valid Acc: 0.6893875246965848 	Best Valid Acc: 0.712673
Epoch: 167 	Training Cost: 9077.095530	 Valid Acc: 0.6896697713801863 	Best Valid Acc: 0.712673
Epoch: 168 	Training Cost: 9073.266558	 Valid Acc: 0.6895286480383855 	Best Valid Acc: 0.712673
Epoch: 169 	Training Cost: 9068.392654	 Valid Acc: 0.6893875246965848 	Best Valid Acc: 0.712673
Epoch: 170 	Training Cost: 9063.313989	 Valid Acc: 0.6889641546711827 	Best Valid Acc: 0.712673
Epoch: 171 	Training Cost: 9057.562682	 Valid Acc: 0.6891052780129834 	Best Valid Acc: 0.712673
Epoch: 172 	Training Cost: 9051.799151	 Valid Acc: 0.6892464013547841 	Best Valid Acc: 0.712673
Epoch: 173 	Training Cost: 9044.967217	 Valid Acc: 0.6893875246965848 	Best Valid Acc: 0.712673
Epoch: 174 	Training Cost: 9037.341290	 Valid Acc: 0.6889641546711827 	Best Valid Acc: 0.712673
Epoch: 175 	Training Cost: 9028.896533	 Valid Acc: 0.6892464013547841 	Best Valid Acc: 0.712673
Epoch: 176 	Training Cost: 9019.118462	 Valid Acc: 0.6895286480383855 	Best Valid Acc: 0.712673
Epoch: 177 	Training Cost: 9008.514740	 Valid Acc: 0.69037538808919 	Best Valid Acc: 0.712673
Epoch: 178 	Training Cost: 8996.007303	 Valid Acc: 0.6896697713801863 	Best Valid Acc: 0.712673
Epoch: 179 	Training Cost: 8982.371724	 Valid Acc: 0.6895286480383855 	Best Valid Acc: 0.712673
Epoch: 180 	Training Cost: 8967.384622	 Valid Acc: 0.6900931414055885 	Best Valid Acc: 0.712673
Epoch: 181 	Training Cost: 8950.999522	 Valid Acc: 0.6896697713801863 	Best Valid Acc: 0.712673
Epoch: 182 	Training Cost: 8933.079588	 Valid Acc: 0.6892464013547841 	Best Valid Acc: 0.712673
Epoch: 183 	Training Cost: 8915.106708	 Valid Acc: 0.6889641546711827 	Best Valid Acc: 0.712673
Epoch: 184 	Training Cost: 8896.447105	 Valid Acc: 0.6902342647473892 	Best Valid Acc: 0.712673
Epoch: 185 	Training Cost: 8877.883711	 Valid Acc: 0.6892464013547841 	Best Valid Acc: 0.712673
Epoch: 186 	Training Cost: 8859.398995	 Valid Acc: 0.6886819079875811 	Best Valid Acc: 0.712673
Epoch: 187 	Training Cost: 8841.645275	 Valid Acc: 0.6872706745695738 	Best Valid Acc: 0.712673
Epoch: 188 	Training Cost: 8824.433851	 Valid Acc: 0.6875529212531752 	Best Valid Acc: 0.712673
Epoch: 189 	Training Cost: 8808.219691	 Valid Acc: 0.6871295512277731 	Best Valid Acc: 0.712673
Epoch: 190 	Training Cost: 8792.700730	 Valid Acc: 0.6869884278859724 	Best Valid Acc: 0.712673
Epoch: 191 	Training Cost: 8778.074845	 Valid Acc: 0.6871295512277731 	Best Valid Acc: 0.712673
Epoch: 192 	Training Cost: 8764.121953	 Valid Acc: 0.6875529212531752 	Best Valid Acc: 0.712673
Epoch: 193 	Training Cost: 8750.908074	 Valid Acc: 0.6871295512277731 	Best Valid Acc: 0.712673
Epoch: 194 	Training Cost: 8738.376432	 Valid Acc: 0.6862828111769687 	Best Valid Acc: 0.712673
Epoch: 195 	Training Cost: 8726.469515	 Valid Acc: 0.6862828111769687 	Best Valid Acc: 0.712673
Epoch: 196 	Training Cost: 8714.433357	 Valid Acc: 0.6860005644933672 	Best Valid Acc: 0.712673
Epoch: 197 	Training Cost: 8703.529817	 Valid Acc: 0.6855771944679651 	Best Valid Acc: 0.712673
Epoch: 198 	Training Cost: 8692.661696	 Valid Acc: 0.6844482077335591 	Best Valid Acc: 0.712673
Epoch: 199 	Training Cost: 8682.506030	 Valid Acc: 0.6841659610499576 	Best Valid Acc: 0.712673
Epoch: 200 	Training Cost: 8672.682681	 Valid Acc: 0.6836014676827548 	Best Valid Acc: 0.712673
lr=2e-05, lamb=0.001, num_epoch=200, test_acc=0.6909398814563928
----------------------------------------------------------
lr=2e-05, lamb=0, best_valid_acc=([12199.734766125679, 11543.422393321991, 11492.404418170452, 11460.705981314182, 11425.643242061138, 11382.591788589954, 11318.913258492947, 11211.871494829655, 11023.306549668312, 10767.372929871082, 10529.755451023579, 10355.47211331129, 10231.138248085976, 10135.707861363888, 10056.19718915224, 9984.723244667053, 9916.26702439785, 9849.68286678195, 9783.057923853397, 9714.810123801231, 9645.431015491486, 9574.608065977693, 9502.736252486706, 9429.344046130776, 9354.281667888165, 9277.598887890577, 9198.1441873312, 9114.822526857257, 9028.107109040022, 8938.380802452564, 8845.089166663587, 8749.280763991177, 8651.123971246183, 8551.934492394328, 8451.926512345672, 8352.039351411164, 8250.950331252068, 8149.037954315543, 8045.746536210179, 7941.88498557359, 7837.149716641754, 7732.8220607452095, 7629.1386685967445, 7526.339423894882, 7424.650886692107, 7324.869085043669, 7225.208418525755, 7126.613889046013, 7028.354446772486, 6930.664495516568, 6832.937036827207, 6735.143877379596, 6637.575751543045, 6539.487203471363, 6442.021501220763, 6344.697634905577, 6247.5166256427765, 6151.314628280699, 6055.891392286867, 5961.469311207533, 5868.243927493691, 5775.549573153257, 5684.238907571882, 5593.997507989407, 5505.113485541195, 5417.424321688712, 5331.072590813041, 5246.0374782420695, 5162.560923151672, 5080.903671972454, 5000.071700852364, 4921.029192194343, 4843.610701464117, 4767.76695606485, 4693.492314208299, 4620.667861245573, 4548.815640296787, 4478.076435379684, 4408.859404930845, 4340.627344124019, 4273.579536549747, 4207.370100535452, 4142.367636954412, 4078.126461789012, 4014.89791338332, 3952.428089535795, 3890.7147429818287, 3829.9423169670627, 3769.8669871091843, 3710.5187917612493, 3651.8477123258635, 3593.7044805781916, 3536.375243762508, 3479.6011450006627, 3423.356985115446, 3367.785341511015, 3312.714096998796, 3258.429667746648, 3204.701535504777, 3151.315672368277, 3098.6414525697473, 3046.4588901982643, 2994.9645368356723, 2944.021007917123, 2893.663335988531, 2843.8912735774647, 2794.7904708255082, 2746.29349962133, 2698.42823726777, 2651.235485085519, 2604.641892039799, 2558.782486763899, 2513.423784361803, 2468.8517584389774, 2424.7131896034116, 2381.216420522367, 2338.2764815161936, 2295.8786533343955, 2254.3418316324824, 2213.339835659601, 2172.9698873097077, 2133.208316011878, 2094.1421822673874, 2055.6748881631065, 2017.783961824025, 1980.6561835947796, 1944.0160504607484, 1908.0666467371047, 1872.666857343167, 1837.6827872912982, 1803.1444768567162, 1769.2327615254617, 1735.9218689972768, 1703.1872508848028, 1670.9553019437153, 1639.255919866424, 1608.0898290460318, 1577.3533138417988, 1547.205132514784, 1517.6327654222841, 1488.4617896055133, 1459.8305493318476, 1431.5517963952807, 1403.781858224338, 1376.423153617383, 1349.4583465495998, 1323.0803784444288, 1297.0534290864798, 1271.612059111265, 1246.8895924338412, 1222.9182773335524, 1199.5270313884575, 1176.6734638274793, 1154.4991215882383, 1132.896499191767, 1111.999657479832, 1091.5931467996293, 1071.7173416112153, 1052.483692669384, 1033.8236202526007, 1015.8167939033026, 998.3258759677063, 981.4238567898801, 964.9931990655607, 948.8061543169061, 933.0805347764895, 918.2293442942581, 903.5575956898533, 889.332506507189, 875.6582711438732, 862.7741392794369, 850.5966486841298, 839.5677719056848, 828.140012880226, 817.6865763976548, 806.7010752097273, 796.8826009709944, 786.8078432540958, 777.8024242749902, 767.6198844256254, 758.778898492642, 748.2699600402176, 740.8043322558947, 732.7927932108267, 725.0259975962632, 718.24812469189, 712.3958257098802, 705.9464450484874, 699.3588960351198, 693.1037563173455, 687.2170783280834, 681.4193837333512, 676.0667441353153, 671.7593446863959, 667.4587615125434, 662.9730935236585, 658.4330742530943, 654.7381932333855, 650.4320580037227, 646.6762238028509], [0.6802145074795372, 0.6814846175557437, 0.6819079875811459, 0.6817668642393452, 0.6831780976573525, 0.6837425910245555, 0.6864239345187694, 0.6875529212531752, 0.694044594976009, 0.6995484053062376, 0.7001128986734406, 0.7036409822184589, 0.7060400790290714, 0.709427039232289, 0.7102737792830934, 0.709427039232289, 0.7095681625740897, 0.7106971493084956, 0.7108382726502963, 0.7097092859158904, 0.7098504092576913, 0.7104149026248942, 0.7097092859158904, 0.7101326559412927, 0.7108382726502963, 0.7109793959920971, 0.7109793959920971, 0.7098504092576913, 0.7106971493084956, 0.709991532599492, 0.7077335591306803, 0.7044877222692634, 0.7034998588766582, 0.703076488851256, 0.7013830087496472, 0.7022297488004516, 0.7008185153824442, 0.7002540220152413, 0.6985605419136325, 0.696725938470223, 0.6965848151284222, 0.6947502116850127, 0.6933389782670054, 0.6913632514817951, 0.6892464013547841, 0.6892464013547841, 0.688258537962179, 0.6868473045441716, 0.6847304544171606, 0.6843070843917584, 0.682895850973751, 0.681343494213943, 0.6802145074795372, 0.678662150719729, 0.6779565340107254, 0.6778154106689246, 0.6783799040361276, 0.6789443974033305, 0.6783799040361276, 0.6793677674287327, 0.6782387806943269, 0.6769686706181203, 0.6752751905165114, 0.6738639570985041, 0.6734405870731018, 0.6709003669206887, 0.6697713801862828, 0.668077900084674, 0.6666666666666666, 0.6658199266158623, 0.6642675698560542, 0.6635619531470506, 0.6637030764888513, 0.6628563364380469, 0.6625740897544454, 0.6622918430708439, 0.6631385831216483, 0.663844199830652, 0.6625740897544454, 0.6635619531470506, 0.6625740897544454, 0.6610217329946373, 0.6603161162856337, 0.6593282528930285, 0.6591871295512278, 0.65961049957663, 0.6601749929438329, 0.6605983629692351, 0.6608806096528366, 0.6593282528930285, 0.6597516229184307, 0.6583403895004234, 0.6576347727914197, 0.6560824160316117, 0.6566469093988145, 0.6563646627152131, 0.6562235393734124, 0.6558001693480101, 0.6546711826136042, 0.6550945526390065, 0.6550945526390065, 0.6555179226644087, 0.6550945526390065, 0.6545300592718035, 0.6532599491955969, 0.652695455828394, 0.652695455828394, 0.652695455828394, 0.6525543324865933, 0.6514253457521874, 0.6511430990685859, 0.6514253457521874, 0.6508608523849845, 0.6507197290431838, 0.6498729889923793, 0.6490262489415749, 0.6490262489415749, 0.6487440022579735, 0.6473327688399662, 0.6471916454981654, 0.6464860287891617, 0.6460626587637596, 0.6454981653965566, 0.6454981653965566, 0.6456392887383573, 0.6454981653965566, 0.645780412080158, 0.6464860287891617, 0.6462037821055603, 0.6456392887383573, 0.6452159187129551, 0.6453570420547559, 0.6449336720293537, 0.6454981653965566, 0.646344905447361, 0.645780412080158, 0.6462037821055603, 0.6453570420547559, 0.6446514253457521, 0.643663561953147, 0.6435224386113463, 0.64422805532035, 0.6439458086367486, 0.6435224386113463, 0.6433813152695456, 0.643663561953147, 0.6435224386113463, 0.6435224386113463, 0.6440869319785493, 0.643663561953147, 0.6439458086367486, 0.6443691786621507, 0.6447925486875529, 0.6439458086367486, 0.64422805532035, 0.6440869319785493, 0.6439458086367486, 0.643663561953147, 0.6439458086367486, 0.6432401919277448, 0.6429579452441434, 0.6435224386113463, 0.6435224386113463, 0.643663561953147, 0.6432401919277448, 0.6428168219023427, 0.6428168219023427, 0.6419700818515383, 0.642111205193339, 0.6414055884843353, 0.6416878351679368, 0.6428168219023427, 0.6415467118261361, 0.642111205193339, 0.6408410951171324, 0.6415467118261361, 0.6398532317245272, 0.6397121083827265, 0.6384419983065199, 0.6370307648885125, 0.6378775049393169, 0.6378775049393169, 0.6366073948631104, 0.6374541349139148, 0.6366073948631104, 0.6373130115721141, 0.6380186282811177, 0.6374541349139148, 0.6371718882303133, 0.6373130115721141, 0.6364662715213096, 0.6360429014959075, 0.6377363815975162, 0.6363251481795089, 0.6364662715213096, 0.6359017781541066, 0.6354784081287045, 0.6360429014959075, 0.6359017781541066, 0.6363251481795089])
lr=2e-05, lamb=0.0001, best_valid_acc=([12298.690044820309, 11588.102713942528, 11535.964746057987, 11502.520668447018, 11467.416451096535, 11422.860954105854, 11357.201715886593, 11241.452147245407, 11044.798802554607, 10792.001918971539, 10569.608675956726, 10411.33408510685, 10300.247614383698, 10216.262251734734, 10146.689512759447, 10086.535735607147, 10032.37549456954, 9980.314863443375, 9929.912661969662, 9878.143261000514, 9825.385935813189, 9770.488217890263, 9714.247183382511, 9655.900596484542, 9596.787204220891, 9536.877372786403, 9476.125421270728, 9413.304039597511, 9347.90971210599, 9280.878861665726, 9212.507203102112, 9143.707547359169, 9075.116606488824, 9006.860216096044, 8937.738579548895, 8867.728494443, 8795.69570992887, 8720.873830772936, 8642.919614300132, 8563.231599152088, 8481.056117907166, 8398.242332406342, 8314.720218196511, 8231.23098859936, 8148.042384043336, 8065.128181152046, 7984.835845284164, 7903.700974151492, 7824.854514986277, 7747.350276663899, 7671.23651984334, 7595.823658123612, 7521.470289334655, 7447.773534975946, 7375.08511094749, 7302.014375470579, 7229.567154459655, 7157.096008755267, 7084.845373183489, 7012.956007912755, 6941.622615173459, 6870.926665596664, 6801.252155967057, 6731.546417854726, 6662.51911225915, 6594.176109582186, 6526.319986179471, 6459.242361165583, 6392.662185266614, 6326.704461410642, 6261.44793176651, 6197.226602628827, 6133.657893113792, 6070.748325124383, 6008.359620146453, 5946.664774261415, 5885.734124727547, 5825.209798768163, 5765.193749323487, 5705.337678432465, 5646.2156544700265, 5587.386457301676, 5528.958895504475, 5471.031168922782, 5413.635362640023, 5356.664586164057, 5300.071104295552, 5243.870255842805, 5188.371547199786, 5133.317871212959, 5078.955041214824, 5025.230966210365, 4971.743238210678, 4918.885612338781, 4866.776011489332, 4815.1641880869865, 4763.951653696597, 4713.448448292911, 4663.674188412726, 4614.545442134142, 4565.831535995007, 4517.868642710149, 4470.332390315831, 4423.594746798277, 4377.45865406841, 4331.956387542188, 4287.219990745187, 4242.909167073667, 4199.126658424735, 4155.954493761063, 4113.376449562609, 4071.4137884005904, 4029.9161935821176, 3988.9684707298875, 3948.6540910303593, 3908.8239153325558, 3869.614767372608, 3830.885628208518, 3792.5916090905666, 3754.851821899414, 3717.503606438637, 3680.568553417921, 3644.087374538183, 3607.8582362532616, 3572.193114683032, 3536.7210724949837, 3501.76131413877, 3467.0621311217546, 3432.732546195388, 3398.752501502633, 3364.983031615615, 3331.705766618252, 3298.620966568589, 3265.904092863202, 3233.409214437008, 3201.1262938529253, 3169.137705564499, 3137.395645841956, 3105.9193314760923, 3074.7015658915043, 3043.757859751582, 3013.0014787614346, 2982.3532146066427, 2952.0852533876896, 2921.998970210552, 2891.9965379983187, 2861.9955060482025, 2832.1598461568356, 2802.674966663122, 2773.2748371958733, 2744.4217449575663, 2715.7579082995653, 2687.3201521486044, 2659.35449616611, 2631.4553970247507, 2604.038920134306, 2576.762706309557, 2549.799107596278, 2523.156902447343, 2496.744291841984, 2470.510109603405, 2444.6767203509808, 2418.8557721674442, 2393.6936823278666, 2368.626304462552, 2344.21391646564, 2319.729606613517, 2296.070183083415, 2272.2744814753532, 2249.183629900217, 2225.832468122244, 2203.3473374396563, 2180.7152206152678, 2159.1066556721926, 2137.6010402590036, 2116.8299232423306, 2096.176525682211, 2075.8753432780504, 2056.1232104301453, 2036.2037681490183, 2016.6897168159485, 1997.4774650037289, 1978.7461118251085, 1960.1324417740107, 1941.9943535476923, 1923.921610713005, 1906.5208564251661, 1888.7095838934183, 1871.6252558231354, 1854.317507520318, 1838.3503969460726, 1822.1971195191145, 1806.814886122942, 1791.2604240626097, 1776.5829283446074, 1762.013397693634, 1748.1590107828379, 1733.7828606367111, 1720.5492768883705, 1706.8528435379267], [0.6796500141123342, 0.6824724809483489, 0.6819079875811459, 0.6831780976573525, 0.683460344340954, 0.6820491109229466, 0.6838837143663562, 0.6864239345187694, 0.6951735817104149, 0.698278295230031, 0.7036409822184589, 0.7040643522438611, 0.707310189105278, 0.7074513124470787, 0.7088625458650861, 0.7106971493084956, 0.7105560259666949, 0.7116850127011007, 0.7116850127011007, 0.7128139994355066, 0.7135196161445103, 0.713660739486311, 0.7115438893593, 0.7119672593847022, 0.7101326559412927, 0.7087214225232854, 0.7085802991814846, 0.7084391758396839, 0.7088625458650861, 0.7080158058142817, 0.7080158058142817, 0.7090036692068868, 0.7070279424216765, 0.7067456957380751, 0.7053344623200677, 0.705193338978267, 0.7050522156364663, 0.7061812023708721, 0.7042054755856618, 0.703076488851256, 0.7026531188258538, 0.7005362686988428, 0.6999717753316399, 0.6974315551792266, 0.6963025684448207, 0.6947502116850127, 0.6934801016088061, 0.694044594976009, 0.6922099915325995, 0.6926333615580017, 0.6916454981653966, 0.6899520180637877, 0.6895286480383855, 0.6889641546711827, 0.6874117979113745, 0.6862828111769687, 0.6865650578605701, 0.6868473045441716, 0.6871295512277731, 0.6871295512277731, 0.6868473045441716, 0.6848715777589613, 0.6841659610499576, 0.682895850973751, 0.6819079875811459, 0.6816257408975445, 0.6820491109229466, 0.68077900084674, 0.681343494213943, 0.6809201241885408, 0.6809201241885408, 0.68077900084674, 0.6806378775049393, 0.6806378775049393, 0.6810612475303415, 0.68077900084674, 0.6802145074795372, 0.6790855207451313, 0.6797911374541349, 0.6788032740615297, 0.6790855207451313, 0.679226644086932, 0.6782387806943269, 0.6773920406435224, 0.6766864239345187, 0.6751340671747107, 0.6738639570985041, 0.672311600338696, 0.6727349703640982, 0.6718882303132938, 0.6718882303132938, 0.6717471069714931, 0.6711826136042901, 0.6716059836296924, 0.6701947502116851, 0.6700536268698842, 0.6696302568444821, 0.6693480101608806, 0.6700536268698842, 0.6694891335026814, 0.6686423934518769, 0.6677956534010725, 0.6679367767428732, 0.6679367767428732, 0.6669489133502682, 0.6649731865650579, 0.6648320632232572, 0.6645498165396556, 0.6644086931978549, 0.6641264465142535, 0.663844199830652, 0.6634208298052497, 0.6625740897544454, 0.6625740897544454, 0.6629974597798476, 0.6622918430708439, 0.6624329664126446, 0.6624329664126446, 0.6627152130962461, 0.6621507197290432, 0.6614451030200396, 0.661162856336438, 0.6608806096528366, 0.6610217329946373, 0.6605983629692351, 0.6594693762348293, 0.6600338696020321, 0.6605983629692351, 0.6597516229184307, 0.6598927462602314, 0.6598927462602314, 0.6591871295512278, 0.65961049957663, 0.6589048828676263, 0.6587637595258256, 0.6583403895004234, 0.6581992661586227, 0.6579170194750211, 0.6581992661586227, 0.6576347727914197, 0.6573525261078182, 0.6566469093988145, 0.6562235393734124, 0.655376799322608, 0.6546711826136042, 0.6539655659046006, 0.6536833192209992, 0.6536833192209992, 0.6534010725373977, 0.6535421958791984, 0.6525543324865933, 0.6525543324865933, 0.6522720858029918, 0.6522720858029918, 0.6515664690939882, 0.6511430990685859, 0.6502963590177815, 0.6508608523849845, 0.6502963590177815, 0.6504374823595823, 0.6508608523849845, 0.6515664690939882, 0.6507197290431838, 0.6511430990685859, 0.650578605701383, 0.6502963590177815, 0.6493084956251765, 0.6490262489415749, 0.648461755574372, 0.6480383855489698, 0.647897262207169, 0.647897262207169, 0.648461755574372, 0.6469093988145639, 0.6481795088907706, 0.6467682754727632, 0.6470505221563647, 0.6466271521309624, 0.6476150155235676, 0.6452159187129551, 0.6476150155235676, 0.6459215354219587, 0.6469093988145639, 0.6453570420547559, 0.645780412080158, 0.6443691786621507, 0.6447925486875529, 0.643663561953147, 0.6447925486875529, 0.6425345752187411, 0.6438046852949478, 0.6419700818515383, 0.6435224386113463, 0.6428168219023427, 0.6432401919277448, 0.6429579452441434, 0.6438046852949478, 0.6419700818515383, 0.6423934518769404, 0.6425345752187411])
lr=2e-05, lamb=0.001, best_valid_acc=([12781.072743654251, 11868.939497351646, 11763.765458762646, 11710.877405285835, 11667.453939855099, 11622.286033332348, 11562.990511476994, 11467.821682095528, 11294.912450909615, 11048.727658748627, 10823.335058510303, 10668.534978330135, 10564.469988703728, 10489.156417667866, 10431.350981354713, 10384.998957574368, 10347.66086769104, 10316.71018075943, 10290.683522105217, 10267.244291186333, 10246.765402585268, 10230.14841389656, 10213.731263041496, 10199.302676141262, 10186.686896324158, 10173.333432525396, 10163.72833916545, 10152.01633322239, 10141.479968070984, 10132.719091147184, 10122.313247323036, 10113.211741790175, 10105.553753882647, 10096.185496583581, 10088.137179285288, 10078.974768102169, 10072.314189448953, 10063.95310178399, 10055.868574798107, 10048.473982170224, 10039.635256439447, 10032.253270924091, 10024.715537533164, 10017.172324508429, 10009.921670109034, 10002.098115116358, 9993.318106412888, 9986.471550628543, 9977.836200773716, 9968.740728288889, 9959.425972118974, 9949.79709596932, 9939.17526897788, 9928.55223301053, 9917.92469072342, 9904.919515192509, 9891.684479475021, 9877.44890871644, 9861.823277622461, 9844.674658328295, 9826.005530238152, 9806.813599929214, 9786.750064820051, 9766.698987305164, 9745.88699617982, 9725.290920138359, 9706.156736359, 9687.700362458825, 9670.50240945816, 9654.035227388144, 9638.504938066006, 9624.26138958335, 9609.685319885612, 9595.872343331575, 9582.3927013278, 9570.213917195797, 9557.963895708323, 9546.013423293829, 9534.499746769667, 9523.633093059063, 9512.95260156691, 9502.338886916637, 9492.12003466487, 9482.431474670768, 9472.85569730401, 9463.287968605757, 9454.161358952522, 9446.073220342398, 9437.584352716804, 9429.56004281342, 9420.991073727608, 9413.456603348255, 9405.78246369958, 9398.62465402484, 9391.038094103336, 9384.462764248252, 9377.246583849192, 9370.549041196704, 9363.18379637599, 9356.447014987469, 9350.43955205381, 9344.83188533783, 9337.983352601528, 9332.329681441188, 9325.981224045157, 9321.01535832882, 9313.944774389267, 9309.315922886133, 9302.804709807038, 9298.66449406743, 9292.047009140253, 9287.918696090579, 9281.31327804923, 9277.0466055125, 9271.343553125858, 9266.934461206198, 9261.579922944307, 9256.347603052855, 9251.955698296428, 9247.1816855371, 9243.07471191883, 9238.361739128828, 9234.982421904802, 9230.192390114069, 9224.893950164318, 9220.67982326448, 9217.198671773076, 9213.139902234077, 9209.777812421322, 9206.885846793652, 9202.320234805346, 9199.73434945941, 9194.91615754366, 9192.247636526823, 9187.465233758092, 9184.703764691949, 9181.202900603414, 9176.425931811333, 9173.927801385522, 9170.335252299905, 9167.002264365554, 9163.563007414341, 9159.475034058094, 9155.863030448556, 9153.019522041082, 9149.60054820776, 9146.646020844579, 9143.88615320623, 9139.238993749022, 9135.820047572255, 9132.658971428871, 9130.188045606017, 9126.901529118419, 9122.882832303643, 9120.643579781055, 9116.923281520605, 9112.927300572395, 9110.10807070136, 9107.269343271852, 9102.954057067633, 9099.997988194227, 9096.889165878296, 9093.323520690203, 9088.051705151796, 9084.890736594796, 9081.050354242325, 9077.095529526472, 9073.266557991505, 9068.392653763294, 9063.31398935616, 9057.562682211399, 9051.799150645733, 9044.967216685414, 9037.341289937496, 9028.896533116698, 9019.118461713195, 9008.514740347862, 8996.00730331242, 8982.371723771095, 8967.384622097015, 8950.99952249229, 8933.07958805561, 8915.106707900763, 8896.447105422616, 8877.88371115923, 8859.398994982243, 8841.64527451992, 8824.433850884438, 8808.219691246748, 8792.700730398297, 8778.074845433235, 8764.121952950954, 8750.908074229956, 8738.376431941986, 8726.46951457858, 8714.433356791735, 8703.52981710434, 8692.661695986986, 8682.50602978468, 8672.682680875063], [0.6788032740615297, 0.6796500141123342, 0.6797911374541349, 0.6799322607959356, 0.68077900084674, 0.6819079875811459, 0.6845893310753599, 0.6848715777589613, 0.6931978549252046, 0.7019475021168501, 0.7022297488004516, 0.707310189105278, 0.7091447925486876, 0.709991532599492, 0.709427039232289, 0.7097092859158904, 0.7095681625740897, 0.7097092859158904, 0.7126728760937059, 0.7123906294101044, 0.7118261360429015, 0.7125317527519052, 0.712108382726503, 0.7126728760937059, 0.7116850127011007, 0.7104149026248942, 0.7106971493084956, 0.709991532599492, 0.7098504092576913, 0.7101326559412927, 0.7097092859158904, 0.7091447925486876, 0.7084391758396839, 0.7090036692068868, 0.7088625458650861, 0.7087214225232854, 0.709427039232289, 0.7092859158904883, 0.7095681625740897, 0.7092859158904883, 0.7087214225232854, 0.7087214225232854, 0.7092859158904883, 0.7084391758396839, 0.7077335591306803, 0.7081569291560824, 0.7088625458650861, 0.7095681625740897, 0.709991532599492, 0.7101326559412927, 0.7102737792830934, 0.7106971493084956, 0.7104149026248942, 0.7106971493084956, 0.7101326559412927, 0.7098504092576913, 0.7108382726502963, 0.7105560259666949, 0.7102737792830934, 0.7097092859158904, 0.7098504092576913, 0.7092859158904883, 0.7091447925486876, 0.7088625458650861, 0.7081569291560824, 0.7058989556872707, 0.7053344623200677, 0.7046288456110641, 0.7040643522438611, 0.7025119954840531, 0.7020886254586508, 0.7026531188258538, 0.7025119954840531, 0.7020886254586508, 0.7008185153824442, 0.7008185153824442, 0.7012418854078465, 0.7006773920406435, 0.6995484053062376, 0.698842788597234, 0.6985605419136325, 0.6987016652554332, 0.6975726785210273, 0.6972904318374259, 0.6977138018628282, 0.6974315551792266, 0.6974315551792266, 0.6965848151284222, 0.6968670618120237, 0.6963025684448207, 0.6951735817104149, 0.6948913350268134, 0.6947502116850127, 0.6950324583686142, 0.6951735817104149, 0.6957380750776179, 0.6948913350268134, 0.6951735817104149, 0.6947502116850127, 0.6947502116850127, 0.6953147050522156, 0.6950324583686142, 0.6951735817104149, 0.6948913350268134, 0.6955969517358171, 0.694609088343212, 0.6943268416596104, 0.6939034716342083, 0.6939034716342083, 0.6931978549252046, 0.6927744848998024, 0.6931978549252046, 0.6926333615580017, 0.6926333615580017, 0.6930567315834039, 0.6937623482924076, 0.6931978549252046, 0.6937623482924076, 0.6933389782670054, 0.6931978549252046, 0.6929156082416031, 0.6929156082416031, 0.6927744848998024, 0.6930567315834039, 0.6933389782670054, 0.6927744848998024, 0.6930567315834039, 0.6930567315834039, 0.6933389782670054, 0.6929156082416031, 0.6922099915325995, 0.6922099915325995, 0.6920688681907987, 0.6917866215071973, 0.6927744848998024, 0.6927744848998024, 0.692492238216201, 0.692492238216201, 0.6923511148744003, 0.691927744848998, 0.691927744848998, 0.6910810047981937, 0.6916454981653966, 0.6916454981653966, 0.691927744848998, 0.6913632514817951, 0.6915043748235958, 0.6907987581145921, 0.6906576347727914, 0.6912221281399944, 0.6912221281399944, 0.6910810047981937, 0.6916454981653966, 0.69037538808919, 0.6906576347727914, 0.6905165114309907, 0.6905165114309907, 0.69037538808919, 0.6900931414055885, 0.6900931414055885, 0.689810894721987, 0.6893875246965848, 0.6893875246965848, 0.689810894721987, 0.6893875246965848, 0.6893875246965848, 0.6896697713801863, 0.6895286480383855, 0.6893875246965848, 0.6889641546711827, 0.6891052780129834, 0.6892464013547841, 0.6893875246965848, 0.6889641546711827, 0.6892464013547841, 0.6895286480383855, 0.69037538808919, 0.6896697713801863, 0.6895286480383855, 0.6900931414055885, 0.6896697713801863, 0.6892464013547841, 0.6889641546711827, 0.6902342647473892, 0.6892464013547841, 0.6886819079875811, 0.6872706745695738, 0.6875529212531752, 0.6871295512277731, 0.6869884278859724, 0.6871295512277731, 0.6875529212531752, 0.6871295512277731, 0.6862828111769687, 0.6862828111769687, 0.6860005644933672, 0.6855771944679651, 0.6844482077335591, 0.6841659610499576, 0.6836014676827548])
