nn3.py, Model=1024,256,256+388
Tuning process for lr=1e-05
----------------------------------------------------------
lr=1e-05, lamb=0, num_epoch=110
Epoch: 1 	Training Cost: 12598.329253	 Valid Acc: 0.6773920406435224 	Best Valid Acc: 0.677392
Epoch: 2 	Training Cost: 11612.981174	 Valid Acc: 0.6803556308213379 	Best Valid Acc: 0.680356
Epoch: 3 	Training Cost: 11486.846713	 Valid Acc: 0.6820491109229466 	Best Valid Acc: 0.682049
Epoch: 4 	Training Cost: 11451.762556	 Valid Acc: 0.6831780976573525 	Best Valid Acc: 0.683178
Epoch: 5 	Training Cost: 11433.351536	 Valid Acc: 0.683460344340954 	Best Valid Acc: 0.683460
Epoch: 6 	Training Cost: 11419.074331	 Valid Acc: 0.6848715777589613 	Best Valid Acc: 0.684872
Epoch: 7 	Training Cost: 11404.548703	 Valid Acc: 0.6851538244425628 	Best Valid Acc: 0.685154
Epoch: 8 	Training Cost: 11389.033341	 Valid Acc: 0.6854360711261642 	Best Valid Acc: 0.685436
Epoch: 9 	Training Cost: 11371.793103	 Valid Acc: 0.6855771944679651 	Best Valid Acc: 0.685577
Epoch: 10 	Training Cost: 11351.636343	 Valid Acc: 0.6867061812023709 	Best Valid Acc: 0.686706
Epoch: 11 	Training Cost: 11327.718874	 Valid Acc: 0.6878351679367768 	Best Valid Acc: 0.687835
Epoch: 12 	Training Cost: 11297.745893	 Valid Acc: 0.6871295512277731 	Best Valid Acc: 0.687835
Epoch: 13 	Training Cost: 11259.216510	 Valid Acc: 0.6868473045441716 	Best Valid Acc: 0.687835
Epoch: 14 	Training Cost: 11207.830838	 Valid Acc: 0.6878351679367768 	Best Valid Acc: 0.687835
Epoch: 15 	Training Cost: 11139.009756	 Valid Acc: 0.6875529212531752 	Best Valid Acc: 0.687835
Epoch: 16 	Training Cost: 11047.387108	 Valid Acc: 0.6907987581145921 	Best Valid Acc: 0.690799
Epoch: 17 	Training Cost: 10930.938137	 Valid Acc: 0.6931978549252046 	Best Valid Acc: 0.693198
Epoch: 18 	Training Cost: 10798.718361	 Valid Acc: 0.6953147050522156 	Best Valid Acc: 0.695315
Epoch: 19 	Training Cost: 10664.375928	 Valid Acc: 0.7005362686988428 	Best Valid Acc: 0.700536
Epoch: 20 	Training Cost: 10540.499361	 Valid Acc: 0.7018063787750494 	Best Valid Acc: 0.701806
Epoch: 21 	Training Cost: 10434.560435	 Valid Acc: 0.7029353655094552 	Best Valid Acc: 0.702935
Epoch: 22 	Training Cost: 10346.429511	 Valid Acc: 0.7037821055602597 	Best Valid Acc: 0.703782
Epoch: 23 	Training Cost: 10273.514646	 Valid Acc: 0.7043465989274627 	Best Valid Acc: 0.704347
Epoch: 24 	Training Cost: 10212.026147	 Valid Acc: 0.7061812023708721 	Best Valid Acc: 0.706181
Epoch: 25 	Training Cost: 10159.068494	 Valid Acc: 0.7074513124470787 	Best Valid Acc: 0.707451
Epoch: 26 	Training Cost: 10112.726600	 Valid Acc: 0.7106971493084956 	Best Valid Acc: 0.710697
Epoch: 27 	Training Cost: 10071.126669	 Valid Acc: 0.7109793959920971 	Best Valid Acc: 0.710979
Epoch: 28 	Training Cost: 10033.016267	 Valid Acc: 0.7126728760937059 	Best Valid Acc: 0.712673
Epoch: 29 	Training Cost: 9997.588285	 Valid Acc: 0.7114027660174993 	Best Valid Acc: 0.712673
Epoch: 30 	Training Cost: 9964.035056	 Valid Acc: 0.7111205193338979 	Best Valid Acc: 0.712673
Epoch: 31 	Training Cost: 9931.536839	 Valid Acc: 0.7115438893593 	Best Valid Acc: 0.712673
Epoch: 32 	Training Cost: 9900.179134	 Valid Acc: 0.7118261360429015 	Best Valid Acc: 0.712673
Epoch: 33 	Training Cost: 9869.494444	 Valid Acc: 0.7125317527519052 	Best Valid Acc: 0.712673
Epoch: 34 	Training Cost: 9838.948303	 Valid Acc: 0.7123906294101044 	Best Valid Acc: 0.712673
Epoch: 35 	Training Cost: 9808.330441	 Valid Acc: 0.7122495060683037 	Best Valid Acc: 0.712673
Epoch: 36 	Training Cost: 9777.273949	 Valid Acc: 0.7114027660174993 	Best Valid Acc: 0.712673
Epoch: 37 	Training Cost: 9745.632402	 Valid Acc: 0.7119672593847022 	Best Valid Acc: 0.712673
Epoch: 38 	Training Cost: 9713.639578	 Valid Acc: 0.7111205193338979 	Best Valid Acc: 0.712673
Epoch: 39 	Training Cost: 9680.356652	 Valid Acc: 0.7118261360429015 	Best Valid Acc: 0.712673
Epoch: 40 	Training Cost: 9645.913756	 Valid Acc: 0.7123906294101044 	Best Valid Acc: 0.712673
Epoch: 41 	Training Cost: 9610.721600	 Valid Acc: 0.7122495060683037 	Best Valid Acc: 0.712673
Epoch: 42 	Training Cost: 9573.979860	 Valid Acc: 0.7118261360429015 	Best Valid Acc: 0.712673
Epoch: 43 	Training Cost: 9536.531696	 Valid Acc: 0.7112616426756986 	Best Valid Acc: 0.712673
Epoch: 44 	Training Cost: 9497.596737	 Valid Acc: 0.7111205193338979 	Best Valid Acc: 0.712673
Epoch: 45 	Training Cost: 9457.481070	 Valid Acc: 0.7111205193338979 	Best Valid Acc: 0.712673
Epoch: 46 	Training Cost: 9416.305147	 Valid Acc: 0.7122495060683037 	Best Valid Acc: 0.712673
Epoch: 47 	Training Cost: 9374.423233	 Valid Acc: 0.7119672593847022 	Best Valid Acc: 0.712673
Epoch: 48 	Training Cost: 9331.314026	 Valid Acc: 0.7125317527519052 	Best Valid Acc: 0.712673
Epoch: 49 	Training Cost: 9287.134447	 Valid Acc: 0.7125317527519052 	Best Valid Acc: 0.712673
Epoch: 50 	Training Cost: 9242.036502	 Valid Acc: 0.7133784928027096 	Best Valid Acc: 0.713378
Epoch: 51 	Training Cost: 9195.956577	 Valid Acc: 0.7123906294101044 	Best Valid Acc: 0.713378
Epoch: 52 	Training Cost: 9148.764031	 Valid Acc: 0.7115438893593 	Best Valid Acc: 0.713378
Epoch: 53 	Training Cost: 9100.543576	 Valid Acc: 0.712108382726503 	Best Valid Acc: 0.713378
Epoch: 54 	Training Cost: 9051.389276	 Valid Acc: 0.7129551227773073 	Best Valid Acc: 0.713378
Epoch: 55 	Training Cost: 9001.540215	 Valid Acc: 0.713096246119108 	Best Valid Acc: 0.713378
Epoch: 56 	Training Cost: 8950.980170	 Valid Acc: 0.713096246119108 	Best Valid Acc: 0.713378
Epoch: 57 	Training Cost: 8899.714291	 Valid Acc: 0.712108382726503 	Best Valid Acc: 0.713378
Epoch: 58 	Training Cost: 8848.346224	 Valid Acc: 0.7112616426756986 	Best Valid Acc: 0.713378
Epoch: 59 	Training Cost: 8796.110178	 Valid Acc: 0.7108382726502963 	Best Valid Acc: 0.713378
Epoch: 60 	Training Cost: 8743.675731	 Valid Acc: 0.7090036692068868 	Best Valid Acc: 0.713378
Epoch: 61 	Training Cost: 8691.113604	 Valid Acc: 0.7087214225232854 	Best Valid Acc: 0.713378
Epoch: 62 	Training Cost: 8638.727004	 Valid Acc: 0.707874682472481 	Best Valid Acc: 0.713378
Epoch: 63 	Training Cost: 8586.028943	 Valid Acc: 0.7071690657634773 	Best Valid Acc: 0.713378
Epoch: 64 	Training Cost: 8533.529595	 Valid Acc: 0.7064634490544736 	Best Valid Acc: 0.713378
Epoch: 65 	Training Cost: 8481.154859	 Valid Acc: 0.7060400790290714 	Best Valid Acc: 0.713378
Epoch: 66 	Training Cost: 8428.754285	 Valid Acc: 0.7058989556872707 	Best Valid Acc: 0.713378
Epoch: 67 	Training Cost: 8376.377055	 Valid Acc: 0.7046288456110641 	Best Valid Acc: 0.713378
Epoch: 68 	Training Cost: 8323.843917	 Valid Acc: 0.7039232289020604 	Best Valid Acc: 0.713378
Epoch: 69 	Training Cost: 8271.417343	 Valid Acc: 0.7034998588766582 	Best Valid Acc: 0.713378
Epoch: 70 	Training Cost: 8218.594455	 Valid Acc: 0.7029353655094552 	Best Valid Acc: 0.713378
Epoch: 71 	Training Cost: 8165.297089	 Valid Acc: 0.7020886254586508 	Best Valid Acc: 0.713378
Epoch: 72 	Training Cost: 8111.725148	 Valid Acc: 0.7015241320914479 	Best Valid Acc: 0.713378
Epoch: 73 	Training Cost: 8057.948153	 Valid Acc: 0.7005362686988428 	Best Valid Acc: 0.713378
Epoch: 74 	Training Cost: 8003.688507	 Valid Acc: 0.6991250352808355 	Best Valid Acc: 0.713378
Epoch: 75 	Training Cost: 7949.215317	 Valid Acc: 0.6978549252046289 	Best Valid Acc: 0.713378
Epoch: 76 	Training Cost: 7894.396107	 Valid Acc: 0.6971493084956252 	Best Valid Acc: 0.713378
Epoch: 77 	Training Cost: 7839.373413	 Valid Acc: 0.6965848151284222 	Best Valid Acc: 0.713378
Epoch: 78 	Training Cost: 7784.197233	 Valid Acc: 0.69616144510302 	Best Valid Acc: 0.713378
Epoch: 79 	Training Cost: 7728.904626	 Valid Acc: 0.6951735817104149 	Best Valid Acc: 0.713378
Epoch: 80 	Training Cost: 7673.357393	 Valid Acc: 0.6947502116850127 	Best Valid Acc: 0.713378
Epoch: 81 	Training Cost: 7617.763683	 Valid Acc: 0.6934801016088061 	Best Valid Acc: 0.713378
Epoch: 82 	Training Cost: 7562.035987	 Valid Acc: 0.6922099915325995 	Best Valid Acc: 0.713378
Epoch: 83 	Training Cost: 7506.305562	 Valid Acc: 0.691927744848998 	Best Valid Acc: 0.713378
Epoch: 84 	Training Cost: 7450.548864	 Valid Acc: 0.6907987581145921 	Best Valid Acc: 0.713378
Epoch: 85 	Training Cost: 7394.884055	 Valid Acc: 0.6895286480383855 	Best Valid Acc: 0.713378
Epoch: 86 	Training Cost: 7339.175239	 Valid Acc: 0.6883996613039797 	Best Valid Acc: 0.713378
Epoch: 87 	Training Cost: 7283.471093	 Valid Acc: 0.6883996613039797 	Best Valid Acc: 0.713378
Epoch: 88 	Training Cost: 7227.659682	 Valid Acc: 0.6865650578605701 	Best Valid Acc: 0.713378
Epoch: 89 	Training Cost: 7171.892085	 Valid Acc: 0.6862828111769687 	Best Valid Acc: 0.713378
Epoch: 90 	Training Cost: 7116.121298	 Valid Acc: 0.6865650578605701 	Best Valid Acc: 0.713378
Epoch: 91 	Training Cost: 7060.210569	 Valid Acc: 0.6858594411515665 	Best Valid Acc: 0.713378
Epoch: 92 	Training Cost: 7004.530674	 Valid Acc: 0.6845893310753599 	Best Valid Acc: 0.713378
Epoch: 93 	Training Cost: 6948.922363	 Valid Acc: 0.6836014676827548 	Best Valid Acc: 0.713378
Epoch: 94 	Training Cost: 6893.436630	 Valid Acc: 0.6837425910245555 	Best Valid Acc: 0.713378
Epoch: 95 	Training Cost: 6837.898372	 Valid Acc: 0.6819079875811459 	Best Valid Acc: 0.713378
Epoch: 96 	Training Cost: 6782.486600	 Valid Acc: 0.6816257408975445 	Best Valid Acc: 0.713378
Epoch: 97 	Training Cost: 6727.113941	 Valid Acc: 0.6823313576065482 	Best Valid Acc: 0.713378
Epoch: 98 	Training Cost: 6671.981815	 Valid Acc: 0.6833192209991532 	Best Valid Acc: 0.713378
Epoch: 99 	Training Cost: 6616.856800	 Valid Acc: 0.6838837143663562 	Best Valid Acc: 0.713378
Epoch: 100 	Training Cost: 6561.879758	 Valid Acc: 0.6847304544171606 	Best Valid Acc: 0.713378
Epoch: 101 	Training Cost: 6507.019933	 Valid Acc: 0.6844482077335591 	Best Valid Acc: 0.713378
Epoch: 102 	Training Cost: 6452.507662	 Valid Acc: 0.6836014676827548 	Best Valid Acc: 0.713378
Epoch: 103 	Training Cost: 6398.127403	 Valid Acc: 0.6823313576065482 	Best Valid Acc: 0.713378
Epoch: 104 	Training Cost: 6344.143284	 Valid Acc: 0.6823313576065482 	Best Valid Acc: 0.713378
Epoch: 105 	Training Cost: 6290.327458	 Valid Acc: 0.6812023708721423 	Best Valid Acc: 0.713378
Epoch: 106 	Training Cost: 6236.820425	 Valid Acc: 0.6817668642393452 	Best Valid Acc: 0.713378
Epoch: 107 	Training Cost: 6183.639636	 Valid Acc: 0.6812023708721423 	Best Valid Acc: 0.713378
Epoch: 108 	Training Cost: 6130.916279	 Valid Acc: 0.68077900084674 	Best Valid Acc: 0.713378
Epoch: 109 	Training Cost: 6078.638000	 Valid Acc: 0.6817668642393452 	Best Valid Acc: 0.713378
Epoch: 110 	Training Cost: 6026.756885	 Valid Acc: 0.6821902342647473 	Best Valid Acc: 0.713378
lr=1e-05, lamb=0, num_epoch=110, test_acc=0.6838837143663562
----------------------------------------------------------
----------------------------------------------------------
lr=1e-05, lamb=0.0001, num_epoch=110
Epoch: 1 	Training Cost: 12750.896973	 Valid Acc: 0.676545300592718 	Best Valid Acc: 0.676545
Epoch: 2 	Training Cost: 11674.069697	 Valid Acc: 0.6820491109229466 	Best Valid Acc: 0.682049
Epoch: 3 	Training Cost: 11536.276065	 Valid Acc: 0.6836014676827548 	Best Valid Acc: 0.683601
Epoch: 4 	Training Cost: 11499.361365	 Valid Acc: 0.6843070843917584 	Best Valid Acc: 0.684307
Epoch: 5 	Training Cost: 11480.591073	 Valid Acc: 0.6847304544171606 	Best Valid Acc: 0.684730
Epoch: 6 	Training Cost: 11465.918788	 Valid Acc: 0.6845893310753599 	Best Valid Acc: 0.684730
Epoch: 7 	Training Cost: 11451.497142	 Valid Acc: 0.6847304544171606 	Best Valid Acc: 0.684730
Epoch: 8 	Training Cost: 11436.827407	 Valid Acc: 0.6841659610499576 	Best Valid Acc: 0.684730
Epoch: 9 	Training Cost: 11420.507775	 Valid Acc: 0.6848715777589613 	Best Valid Acc: 0.684872
Epoch: 10 	Training Cost: 11402.365882	 Valid Acc: 0.6851538244425628 	Best Valid Acc: 0.685154
Epoch: 11 	Training Cost: 11381.416520	 Valid Acc: 0.6851538244425628 	Best Valid Acc: 0.685154
Epoch: 12 	Training Cost: 11356.077462	 Valid Acc: 0.6850127011007621 	Best Valid Acc: 0.685154
Epoch: 13 	Training Cost: 11324.101953	 Valid Acc: 0.6851538244425628 	Best Valid Acc: 0.685154
Epoch: 14 	Training Cost: 11281.340341	 Valid Acc: 0.6860005644933672 	Best Valid Acc: 0.686001
Epoch: 15 	Training Cost: 11223.756188	 Valid Acc: 0.6865650578605701 	Best Valid Acc: 0.686565
Epoch: 16 	Training Cost: 11144.483304	 Valid Acc: 0.6886819079875811 	Best Valid Acc: 0.688682
Epoch: 17 	Training Cost: 11040.991894	 Valid Acc: 0.6926333615580017 	Best Valid Acc: 0.692633
Epoch: 18 	Training Cost: 10916.534710	 Valid Acc: 0.69616144510302 	Best Valid Acc: 0.696161
Epoch: 19 	Training Cost: 10783.112987	 Valid Acc: 0.6987016652554332 	Best Valid Acc: 0.698702
Epoch: 20 	Training Cost: 10655.520193	 Valid Acc: 0.6998306519898391 	Best Valid Acc: 0.699831
Epoch: 21 	Training Cost: 10543.432045	 Valid Acc: 0.7034998588766582 	Best Valid Acc: 0.703500
Epoch: 22 	Training Cost: 10450.073886	 Valid Acc: 0.7058989556872707 	Best Valid Acc: 0.705899
Epoch: 23 	Training Cost: 10373.507877	 Valid Acc: 0.707310189105278 	Best Valid Acc: 0.707310
Epoch: 24 	Training Cost: 10310.480835	 Valid Acc: 0.7082980524978831 	Best Valid Acc: 0.708298
Epoch: 25 	Training Cost: 10257.176199	 Valid Acc: 0.7080158058142817 	Best Valid Acc: 0.708298
Epoch: 26 	Training Cost: 10211.455890	 Valid Acc: 0.7095681625740897 	Best Valid Acc: 0.709568
Epoch: 27 	Training Cost: 10171.393775	 Valid Acc: 0.7097092859158904 	Best Valid Acc: 0.709709
Epoch: 28 	Training Cost: 10135.451557	 Valid Acc: 0.7108382726502963 	Best Valid Acc: 0.710838
Epoch: 29 	Training Cost: 10102.869904	 Valid Acc: 0.7102737792830934 	Best Valid Acc: 0.710838
Epoch: 30 	Training Cost: 10072.743701	 Valid Acc: 0.7104149026248942 	Best Valid Acc: 0.710838
Epoch: 31 	Training Cost: 10044.911457	 Valid Acc: 0.709427039232289 	Best Valid Acc: 0.710838
Epoch: 32 	Training Cost: 10018.439636	 Valid Acc: 0.7106971493084956 	Best Valid Acc: 0.710838
Epoch: 33 	Training Cost: 9993.311592	 Valid Acc: 0.7108382726502963 	Best Valid Acc: 0.710838
Epoch: 34 	Training Cost: 9969.065986	 Valid Acc: 0.7111205193338979 	Best Valid Acc: 0.711121
Epoch: 35 	Training Cost: 9945.376879	 Valid Acc: 0.7115438893593 	Best Valid Acc: 0.711544
Epoch: 36 	Training Cost: 9922.472140	 Valid Acc: 0.712108382726503 	Best Valid Acc: 0.712108
Epoch: 37 	Training Cost: 9899.333605	 Valid Acc: 0.7122495060683037 	Best Valid Acc: 0.712250
Epoch: 38 	Training Cost: 9875.928547	 Valid Acc: 0.7126728760937059 	Best Valid Acc: 0.712673
Epoch: 39 	Training Cost: 9852.683714	 Valid Acc: 0.7123906294101044 	Best Valid Acc: 0.712673
Epoch: 40 	Training Cost: 9828.860966	 Valid Acc: 0.7128139994355066 	Best Valid Acc: 0.712814
Epoch: 41 	Training Cost: 9804.306148	 Valid Acc: 0.7123906294101044 	Best Valid Acc: 0.712814
Epoch: 42 	Training Cost: 9779.207999	 Valid Acc: 0.7126728760937059 	Best Valid Acc: 0.712814
Epoch: 43 	Training Cost: 9753.125433	 Valid Acc: 0.7118261360429015 	Best Valid Acc: 0.712814
Epoch: 44 	Training Cost: 9726.054629	 Valid Acc: 0.7114027660174993 	Best Valid Acc: 0.712814
Epoch: 45 	Training Cost: 9697.978428	 Valid Acc: 0.713096246119108 	Best Valid Acc: 0.713096
Epoch: 46 	Training Cost: 9669.319031	 Valid Acc: 0.7122495060683037 	Best Valid Acc: 0.713096
Epoch: 47 	Training Cost: 9638.980401	 Valid Acc: 0.7133784928027096 	Best Valid Acc: 0.713378
Epoch: 48 	Training Cost: 9608.167455	 Valid Acc: 0.7135196161445103 	Best Valid Acc: 0.713520
Epoch: 49 	Training Cost: 9576.121699	 Valid Acc: 0.714225232853514 	Best Valid Acc: 0.714225
Epoch: 50 	Training Cost: 9543.776996	 Valid Acc: 0.7139429861699125 	Best Valid Acc: 0.714225
Epoch: 51 	Training Cost: 9510.482015	 Valid Acc: 0.7139429861699125 	Best Valid Acc: 0.714225
Epoch: 52 	Training Cost: 9476.601105	 Valid Acc: 0.7129551227773073 	Best Valid Acc: 0.714225
Epoch: 53 	Training Cost: 9442.197317	 Valid Acc: 0.7122495060683037 	Best Valid Acc: 0.714225
Epoch: 54 	Training Cost: 9407.077368	 Valid Acc: 0.712108382726503 	Best Valid Acc: 0.714225
Epoch: 55 	Training Cost: 9371.256135	 Valid Acc: 0.7125317527519052 	Best Valid Acc: 0.714225
Epoch: 56 	Training Cost: 9334.769448	 Valid Acc: 0.7123906294101044 	Best Valid Acc: 0.714225
Epoch: 57 	Training Cost: 9297.459267	 Valid Acc: 0.7119672593847022 	Best Valid Acc: 0.714225
Epoch: 58 	Training Cost: 9259.882643	 Valid Acc: 0.7112616426756986 	Best Valid Acc: 0.714225
Epoch: 59 	Training Cost: 9221.188633	 Valid Acc: 0.7111205193338979 	Best Valid Acc: 0.714225
Epoch: 60 	Training Cost: 9182.357954	 Valid Acc: 0.7105560259666949 	Best Valid Acc: 0.714225
Epoch: 61 	Training Cost: 9142.640975	 Valid Acc: 0.7102737792830934 	Best Valid Acc: 0.714225
Epoch: 62 	Training Cost: 9102.838069	 Valid Acc: 0.7105560259666949 	Best Valid Acc: 0.714225
Epoch: 63 	Training Cost: 9062.670941	 Valid Acc: 0.7098504092576913 	Best Valid Acc: 0.714225
Epoch: 64 	Training Cost: 9022.228504	 Valid Acc: 0.7106971493084956 	Best Valid Acc: 0.714225
Epoch: 65 	Training Cost: 8981.625730	 Valid Acc: 0.709991532599492 	Best Valid Acc: 0.714225
Epoch: 66 	Training Cost: 8940.898069	 Valid Acc: 0.7087214225232854 	Best Valid Acc: 0.714225
Epoch: 67 	Training Cost: 8900.076608	 Valid Acc: 0.707310189105278 	Best Valid Acc: 0.714225
Epoch: 68 	Training Cost: 8858.816274	 Valid Acc: 0.7064634490544736 	Best Valid Acc: 0.714225
Epoch: 69 	Training Cost: 8817.287737	 Valid Acc: 0.7070279424216765 	Best Valid Acc: 0.714225
Epoch: 70 	Training Cost: 8775.506762	 Valid Acc: 0.707310189105278 	Best Valid Acc: 0.714225
Epoch: 71 	Training Cost: 8733.164688	 Valid Acc: 0.7060400790290714 	Best Valid Acc: 0.714225
Epoch: 72 	Training Cost: 8690.431232	 Valid Acc: 0.7056167090036692 	Best Valid Acc: 0.714225
Epoch: 73 	Training Cost: 8647.358203	 Valid Acc: 0.7046288456110641 	Best Valid Acc: 0.714225
Epoch: 74 	Training Cost: 8603.444009	 Valid Acc: 0.7044877222692634 	Best Valid Acc: 0.714225
Epoch: 75 	Training Cost: 8559.188862	 Valid Acc: 0.7037821055602597 	Best Valid Acc: 0.714225
Epoch: 76 	Training Cost: 8514.658876	 Valid Acc: 0.7039232289020604 	Best Valid Acc: 0.714225
Epoch: 77 	Training Cost: 8469.591418	 Valid Acc: 0.7027942421676545 	Best Valid Acc: 0.714225
Epoch: 78 	Training Cost: 8424.195002	 Valid Acc: 0.7013830087496472 	Best Valid Acc: 0.714225
Epoch: 79 	Training Cost: 8378.560299	 Valid Acc: 0.7012418854078465 	Best Valid Acc: 0.714225
Epoch: 80 	Training Cost: 8332.870279	 Valid Acc: 0.7005362686988428 	Best Valid Acc: 0.714225
Epoch: 81 	Training Cost: 8287.600439	 Valid Acc: 0.6995484053062376 	Best Valid Acc: 0.714225
Epoch: 82 	Training Cost: 8241.936219	 Valid Acc: 0.6985605419136325 	Best Valid Acc: 0.714225
Epoch: 83 	Training Cost: 8196.535685	 Valid Acc: 0.6995484053062376 	Best Valid Acc: 0.714225
Epoch: 84 	Training Cost: 8151.162625	 Valid Acc: 0.6989839119390348 	Best Valid Acc: 0.714225
Epoch: 85 	Training Cost: 8105.946499	 Valid Acc: 0.6981371718882303 	Best Valid Acc: 0.714225
Epoch: 86 	Training Cost: 8060.934047	 Valid Acc: 0.6970081851538245 	Best Valid Acc: 0.714225
Epoch: 87 	Training Cost: 8016.129917	 Valid Acc: 0.6974315551792266 	Best Valid Acc: 0.714225
Epoch: 88 	Training Cost: 7971.508016	 Valid Acc: 0.6977138018628282 	Best Valid Acc: 0.714225
Epoch: 89 	Training Cost: 7926.814994	 Valid Acc: 0.6978549252046289 	Best Valid Acc: 0.714225
Epoch: 90 	Training Cost: 7882.566877	 Valid Acc: 0.6974315551792266 	Best Valid Acc: 0.714225
Epoch: 91 	Training Cost: 7838.142672	 Valid Acc: 0.6958791984194186 	Best Valid Acc: 0.714225
Epoch: 92 	Training Cost: 7794.125005	 Valid Acc: 0.6948913350268134 	Best Valid Acc: 0.714225
Epoch: 93 	Training Cost: 7749.890311	 Valid Acc: 0.694044594976009 	Best Valid Acc: 0.714225
Epoch: 94 	Training Cost: 7705.871459	 Valid Acc: 0.6933389782670054 	Best Valid Acc: 0.714225
Epoch: 95 	Training Cost: 7661.968453	 Valid Acc: 0.6939034716342083 	Best Valid Acc: 0.714225
Epoch: 96 	Training Cost: 7618.357669	 Valid Acc: 0.6931978549252046 	Best Valid Acc: 0.714225
Epoch: 97 	Training Cost: 7574.871344	 Valid Acc: 0.6929156082416031 	Best Valid Acc: 0.714225
Epoch: 98 	Training Cost: 7531.667610	 Valid Acc: 0.6916454981653966 	Best Valid Acc: 0.714225
Epoch: 99 	Training Cost: 7488.524224	 Valid Acc: 0.6905165114309907 	Best Valid Acc: 0.714225
Epoch: 100 	Training Cost: 7445.822953	 Valid Acc: 0.6912221281399944 	Best Valid Acc: 0.714225
Epoch: 101 	Training Cost: 7403.300511	 Valid Acc: 0.6916454981653966 	Best Valid Acc: 0.714225
Epoch: 102 	Training Cost: 7361.074309	 Valid Acc: 0.6906576347727914 	Best Valid Acc: 0.714225
Epoch: 103 	Training Cost: 7319.279857	 Valid Acc: 0.6900931414055885 	Best Valid Acc: 0.714225
Epoch: 104 	Training Cost: 7277.812011	 Valid Acc: 0.6893875246965848 	Best Valid Acc: 0.714225
Epoch: 105 	Training Cost: 7236.768610	 Valid Acc: 0.6889641546711827 	Best Valid Acc: 0.714225
Epoch: 106 	Training Cost: 7196.146641	 Valid Acc: 0.6886819079875811 	Best Valid Acc: 0.714225
Epoch: 107 	Training Cost: 7155.785731	 Valid Acc: 0.6878351679367768 	Best Valid Acc: 0.714225
Epoch: 108 	Training Cost: 7115.793162	 Valid Acc: 0.6868473045441716 	Best Valid Acc: 0.714225
Epoch: 109 	Training Cost: 7076.179344	 Valid Acc: 0.6861416878351679 	Best Valid Acc: 0.714225
Epoch: 110 	Training Cost: 7037.014100	 Valid Acc: 0.6855771944679651 	Best Valid Acc: 0.714225
lr=1e-05, lamb=0.0001, num_epoch=110, test_acc=0.6864239345187694
----------------------------------------------------------
----------------------------------------------------------
lr=1e-05, lamb=0.001, num_epoch=110
Epoch: 1 	Training Cost: 13339.793620	 Valid Acc: 0.6761219305673158 	Best Valid Acc: 0.676122
Epoch: 2 	Training Cost: 12057.327143	 Valid Acc: 0.6814846175557437 	Best Valid Acc: 0.681485
Epoch: 3 	Training Cost: 11839.611410	 Valid Acc: 0.6816257408975445 	Best Valid Acc: 0.681626
Epoch: 4 	Training Cost: 11758.671842	 Valid Acc: 0.6806378775049393 	Best Valid Acc: 0.681626
Epoch: 5 	Training Cost: 11711.556692	 Valid Acc: 0.6817668642393452 	Best Valid Acc: 0.681767
Epoch: 6 	Training Cost: 11676.560820	 Valid Acc: 0.6826136042901496 	Best Valid Acc: 0.682614
Epoch: 7 	Training Cost: 11648.880863	 Valid Acc: 0.6827547276319503 	Best Valid Acc: 0.682755
Epoch: 8 	Training Cost: 11625.538167	 Valid Acc: 0.6824724809483489 	Best Valid Acc: 0.682755
Epoch: 9 	Training Cost: 11605.761672	 Valid Acc: 0.6826136042901496 	Best Valid Acc: 0.682755
Epoch: 10 	Training Cost: 11588.549628	 Valid Acc: 0.6833192209991532 	Best Valid Acc: 0.683319
Epoch: 11 	Training Cost: 11570.865920	 Valid Acc: 0.6838837143663562 	Best Valid Acc: 0.683884
Epoch: 12 	Training Cost: 11550.602850	 Valid Acc: 0.6854360711261642 	Best Valid Acc: 0.685436
Epoch: 13 	Training Cost: 11524.659302	 Valid Acc: 0.6852949477843635 	Best Valid Acc: 0.685436
Epoch: 14 	Training Cost: 11490.073989	 Valid Acc: 0.6861416878351679 	Best Valid Acc: 0.686142
Epoch: 15 	Training Cost: 11441.226312	 Valid Acc: 0.6869884278859724 	Best Valid Acc: 0.686988
Epoch: 16 	Training Cost: 11372.331057	 Valid Acc: 0.6865650578605701 	Best Valid Acc: 0.686988
Epoch: 17 	Training Cost: 11277.153033	 Valid Acc: 0.6910810047981937 	Best Valid Acc: 0.691081
Epoch: 18 	Training Cost: 11157.883787	 Valid Acc: 0.6960203217612193 	Best Valid Acc: 0.696020
Epoch: 19 	Training Cost: 11026.287291	 Valid Acc: 0.7016652554332486 	Best Valid Acc: 0.701665
Epoch: 20 	Training Cost: 10899.868281	 Valid Acc: 0.7023708721422524 	Best Valid Acc: 0.702371
Epoch: 21 	Training Cost: 10790.677688	 Valid Acc: 0.7026531188258538 	Best Valid Acc: 0.702653
Epoch: 22 	Training Cost: 10701.648332	 Valid Acc: 0.7042054755856618 	Best Valid Acc: 0.704205
Epoch: 23 	Training Cost: 10630.008072	 Valid Acc: 0.7067456957380751 	Best Valid Acc: 0.706746
Epoch: 24 	Training Cost: 10571.508415	 Valid Acc: 0.7101326559412927 	Best Valid Acc: 0.710133
Epoch: 25 	Training Cost: 10523.516621	 Valid Acc: 0.7111205193338979 	Best Valid Acc: 0.711121
Epoch: 26 	Training Cost: 10483.261742	 Valid Acc: 0.7111205193338979 	Best Valid Acc: 0.711121
Epoch: 27 	Training Cost: 10448.206268	 Valid Acc: 0.709991532599492 	Best Valid Acc: 0.711121
Epoch: 28 	Training Cost: 10417.804646	 Valid Acc: 0.7092859158904883 	Best Valid Acc: 0.711121
Epoch: 29 	Training Cost: 10391.144925	 Valid Acc: 0.709991532599492 	Best Valid Acc: 0.711121
Epoch: 30 	Training Cost: 10367.264308	 Valid Acc: 0.7119672593847022 	Best Valid Acc: 0.711967
Epoch: 31 	Training Cost: 10346.278705	 Valid Acc: 0.7123906294101044 	Best Valid Acc: 0.712391
Epoch: 32 	Training Cost: 10327.047843	 Valid Acc: 0.7125317527519052 	Best Valid Acc: 0.712532
Epoch: 33 	Training Cost: 10309.872389	 Valid Acc: 0.7114027660174993 	Best Valid Acc: 0.712532
Epoch: 34 	Training Cost: 10294.717828	 Valid Acc: 0.7118261360429015 	Best Valid Acc: 0.712532
Epoch: 35 	Training Cost: 10280.771695	 Valid Acc: 0.712108382726503 	Best Valid Acc: 0.712532
Epoch: 36 	Training Cost: 10267.446209	 Valid Acc: 0.7111205193338979 	Best Valid Acc: 0.712532
Epoch: 37 	Training Cost: 10255.923978	 Valid Acc: 0.7116850127011007 	Best Valid Acc: 0.712532
Epoch: 38 	Training Cost: 10244.496613	 Valid Acc: 0.7105560259666949 	Best Valid Acc: 0.712532
Epoch: 39 	Training Cost: 10234.602371	 Valid Acc: 0.7108382726502963 	Best Valid Acc: 0.712532
Epoch: 40 	Training Cost: 10224.938236	 Valid Acc: 0.7109793959920971 	Best Valid Acc: 0.712532
Epoch: 41 	Training Cost: 10216.032844	 Valid Acc: 0.7119672593847022 	Best Valid Acc: 0.712532
Epoch: 42 	Training Cost: 10207.931583	 Valid Acc: 0.7114027660174993 	Best Valid Acc: 0.712532
Epoch: 43 	Training Cost: 10200.028007	 Valid Acc: 0.7118261360429015 	Best Valid Acc: 0.712532
Epoch: 44 	Training Cost: 10192.561761	 Valid Acc: 0.7122495060683037 	Best Valid Acc: 0.712532
Epoch: 45 	Training Cost: 10185.448284	 Valid Acc: 0.7118261360429015 	Best Valid Acc: 0.712532
Epoch: 46 	Training Cost: 10178.822004	 Valid Acc: 0.7116850127011007 	Best Valid Acc: 0.712532
Epoch: 47 	Training Cost: 10172.795223	 Valid Acc: 0.7114027660174993 	Best Valid Acc: 0.712532
Epoch: 48 	Training Cost: 10166.659605	 Valid Acc: 0.7112616426756986 	Best Valid Acc: 0.712532
Epoch: 49 	Training Cost: 10160.614909	 Valid Acc: 0.7115438893593 	Best Valid Acc: 0.712532
Epoch: 50 	Training Cost: 10155.268636	 Valid Acc: 0.7116850127011007 	Best Valid Acc: 0.712532
Epoch: 51 	Training Cost: 10149.504993	 Valid Acc: 0.7114027660174993 	Best Valid Acc: 0.712532
Epoch: 52 	Training Cost: 10144.640400	 Valid Acc: 0.7109793959920971 	Best Valid Acc: 0.712532
Epoch: 53 	Training Cost: 10139.775522	 Valid Acc: 0.7106971493084956 	Best Valid Acc: 0.712532
Epoch: 54 	Training Cost: 10134.921421	 Valid Acc: 0.7104149026248942 	Best Valid Acc: 0.712532
Epoch: 55 	Training Cost: 10130.419726	 Valid Acc: 0.7102737792830934 	Best Valid Acc: 0.712532
Epoch: 56 	Training Cost: 10125.861589	 Valid Acc: 0.7102737792830934 	Best Valid Acc: 0.712532
Epoch: 57 	Training Cost: 10121.758443	 Valid Acc: 0.7105560259666949 	Best Valid Acc: 0.712532
Epoch: 58 	Training Cost: 10117.409506	 Valid Acc: 0.7102737792830934 	Best Valid Acc: 0.712532
Epoch: 59 	Training Cost: 10113.312372	 Valid Acc: 0.7101326559412927 	Best Valid Acc: 0.712532
Epoch: 60 	Training Cost: 10109.298771	 Valid Acc: 0.7105560259666949 	Best Valid Acc: 0.712532
Epoch: 61 	Training Cost: 10105.169730	 Valid Acc: 0.7106971493084956 	Best Valid Acc: 0.712532
Epoch: 62 	Training Cost: 10100.846950	 Valid Acc: 0.7106971493084956 	Best Valid Acc: 0.712532
Epoch: 63 	Training Cost: 10097.253708	 Valid Acc: 0.7098504092576913 	Best Valid Acc: 0.712532
Epoch: 64 	Training Cost: 10094.157419	 Valid Acc: 0.7105560259666949 	Best Valid Acc: 0.712532
Epoch: 65 	Training Cost: 10089.801360	 Valid Acc: 0.7104149026248942 	Best Valid Acc: 0.712532
Epoch: 66 	Training Cost: 10085.886384	 Valid Acc: 0.7104149026248942 	Best Valid Acc: 0.712532
Epoch: 67 	Training Cost: 10081.696243	 Valid Acc: 0.709991532599492 	Best Valid Acc: 0.712532
Epoch: 68 	Training Cost: 10078.938916	 Valid Acc: 0.7102737792830934 	Best Valid Acc: 0.712532
Epoch: 69 	Training Cost: 10074.942083	 Valid Acc: 0.7105560259666949 	Best Valid Acc: 0.712532
Epoch: 70 	Training Cost: 10071.311846	 Valid Acc: 0.7108382726502963 	Best Valid Acc: 0.712532
Epoch: 71 	Training Cost: 10067.750537	 Valid Acc: 0.7105560259666949 	Best Valid Acc: 0.712532
Epoch: 72 	Training Cost: 10064.610200	 Valid Acc: 0.7106971493084956 	Best Valid Acc: 0.712532
Epoch: 73 	Training Cost: 10060.285528	 Valid Acc: 0.7109793959920971 	Best Valid Acc: 0.712532
Epoch: 74 	Training Cost: 10056.495352	 Valid Acc: 0.7109793959920971 	Best Valid Acc: 0.712532
Epoch: 75 	Training Cost: 10053.527473	 Valid Acc: 0.7109793959920971 	Best Valid Acc: 0.712532
Epoch: 76 	Training Cost: 10049.548356	 Valid Acc: 0.7112616426756986 	Best Valid Acc: 0.712532
Epoch: 77 	Training Cost: 10046.172132	 Valid Acc: 0.7108382726502963 	Best Valid Acc: 0.712532
Epoch: 78 	Training Cost: 10042.382690	 Valid Acc: 0.7109793959920971 	Best Valid Acc: 0.712532
Epoch: 79 	Training Cost: 10038.945486	 Valid Acc: 0.7109793959920971 	Best Valid Acc: 0.712532
Epoch: 80 	Training Cost: 10035.038630	 Valid Acc: 0.7118261360429015 	Best Valid Acc: 0.712532
Epoch: 81 	Training Cost: 10032.061193	 Valid Acc: 0.7119672593847022 	Best Valid Acc: 0.712532
Epoch: 82 	Training Cost: 10028.478393	 Valid Acc: 0.712108382726503 	Best Valid Acc: 0.712532
Epoch: 83 	Training Cost: 10024.694049	 Valid Acc: 0.7125317527519052 	Best Valid Acc: 0.712532
Epoch: 84 	Training Cost: 10021.500516	 Valid Acc: 0.7122495060683037 	Best Valid Acc: 0.712532
Epoch: 85 	Training Cost: 10017.802819	 Valid Acc: 0.712108382726503 	Best Valid Acc: 0.712532
Epoch: 86 	Training Cost: 10014.013570	 Valid Acc: 0.7128139994355066 	Best Valid Acc: 0.712814
Epoch: 87 	Training Cost: 10009.973286	 Valid Acc: 0.7126728760937059 	Best Valid Acc: 0.712814
Epoch: 88 	Training Cost: 10006.164571	 Valid Acc: 0.7126728760937059 	Best Valid Acc: 0.712814
Epoch: 89 	Training Cost: 10002.214408	 Valid Acc: 0.713096246119108 	Best Valid Acc: 0.713096
Epoch: 90 	Training Cost: 9998.047597	 Valid Acc: 0.7135196161445103 	Best Valid Acc: 0.713520
Epoch: 91 	Training Cost: 9993.915939	 Valid Acc: 0.7132373694609089 	Best Valid Acc: 0.713520
Epoch: 92 	Training Cost: 9989.797990	 Valid Acc: 0.7133784928027096 	Best Valid Acc: 0.713520
Epoch: 93 	Training Cost: 9985.211152	 Valid Acc: 0.7135196161445103 	Best Valid Acc: 0.713520
Epoch: 94 	Training Cost: 9980.977538	 Valid Acc: 0.7139429861699125 	Best Valid Acc: 0.713943
Epoch: 95 	Training Cost: 9975.957303	 Valid Acc: 0.7138018628281118 	Best Valid Acc: 0.713943
Epoch: 96 	Training Cost: 9971.288159	 Valid Acc: 0.7138018628281118 	Best Valid Acc: 0.713943
Epoch: 97 	Training Cost: 9966.082953	 Valid Acc: 0.714225232853514 	Best Valid Acc: 0.714225
Epoch: 98 	Training Cost: 9960.951594	 Valid Acc: 0.7145074795371155 	Best Valid Acc: 0.714507
Epoch: 99 	Training Cost: 9955.645869	 Valid Acc: 0.7146486028789162 	Best Valid Acc: 0.714649
Epoch: 100 	Training Cost: 9949.635232	 Valid Acc: 0.7153542195879199 	Best Valid Acc: 0.715354
Epoch: 101 	Training Cost: 9943.778406	 Valid Acc: 0.7150719729043183 	Best Valid Acc: 0.715354
Epoch: 102 	Training Cost: 9937.345258	 Valid Acc: 0.7145074795371155 	Best Valid Acc: 0.715354
Epoch: 103 	Training Cost: 9930.519111	 Valid Acc: 0.7143663561953147 	Best Valid Acc: 0.715354
Epoch: 104 	Training Cost: 9923.259470	 Valid Acc: 0.7138018628281118 	Best Valid Acc: 0.715354
Epoch: 105 	Training Cost: 9916.063280	 Valid Acc: 0.714225232853514 	Best Valid Acc: 0.715354
Epoch: 106 	Training Cost: 9908.388031	 Valid Acc: 0.7146486028789162 	Best Valid Acc: 0.715354
Epoch: 107 	Training Cost: 9900.053343	 Valid Acc: 0.7149308495625176 	Best Valid Acc: 0.715354
Epoch: 108 	Training Cost: 9891.333600	 Valid Acc: 0.7152130962461191 	Best Valid Acc: 0.715354
Epoch: 109 	Training Cost: 9882.309655	 Valid Acc: 0.7149308495625176 	Best Valid Acc: 0.715354
Epoch: 110 	Training Cost: 9872.848939	 Valid Acc: 0.7156364662715213 	Best Valid Acc: 0.715636
lr=1e-05, lamb=0.001, num_epoch=110, test_acc=0.7081569291560824
----------------------------------------------------------
lr=1e-05, lamb=0, best_valid_acc=0.7133784928027096
lr=1e-05, lamb=0.0001, best_valid_acc=0.714225232853514
lr=1e-05, lamb=0.001, best_valid_acc=0.7156364662715213
