nn12.py, same as nn10.py, but remove a activation layer
Tuning process for lr=3e-05
----------------------------------------------------------
lr=3e-05, lamb=0, num_epoch=30
Epoch: 1 	Training Cost: 12591.247481	 Valid Acc: 0.6782387806943269 	Best Valid Acc: 0.678239
Epoch: 2 	Training Cost: 11554.039178	 Valid Acc: 0.6843070843917584 	Best Valid Acc: 0.684307
Epoch: 3 	Training Cost: 11457.791448	 Valid Acc: 0.6840248377081569 	Best Valid Acc: 0.684307
Epoch: 4 	Training Cost: 11415.309381	 Valid Acc: 0.6824724809483489 	Best Valid Acc: 0.684307
Epoch: 5 	Training Cost: 11361.617874	 Valid Acc: 0.6848715777589613 	Best Valid Acc: 0.684872
Epoch: 6 	Training Cost: 11240.931219	 Valid Acc: 0.6836014676827548 	Best Valid Acc: 0.684872
Epoch: 7 	Training Cost: 11018.062258	 Valid Acc: 0.6902342647473892 	Best Valid Acc: 0.690234
Epoch: 8 	Training Cost: 10763.876785	 Valid Acc: 0.6975726785210273 	Best Valid Acc: 0.697573
Epoch: 9 	Training Cost: 10554.998887	 Valid Acc: 0.7012418854078465 	Best Valid Acc: 0.701242
Epoch: 10 	Training Cost: 10402.392302	 Valid Acc: 0.7027942421676545 	Best Valid Acc: 0.702794
Epoch: 11 	Training Cost: 10287.949099	 Valid Acc: 0.7047699689528648 	Best Valid Acc: 0.704770
Epoch: 12 	Training Cost: 10199.637498	 Valid Acc: 0.7087214225232854 	Best Valid Acc: 0.708721
Epoch: 13 	Training Cost: 10129.659939	 Valid Acc: 0.7090036692068868 	Best Valid Acc: 0.709004
Epoch: 14 	Training Cost: 10071.926577	 Valid Acc: 0.7090036692068868 	Best Valid Acc: 0.709004
Epoch: 15 	Training Cost: 10022.800723	 Valid Acc: 0.7108382726502963 	Best Valid Acc: 0.710838
Epoch: 16 	Training Cost: 9979.326143	 Valid Acc: 0.7123906294101044 	Best Valid Acc: 0.712391
Epoch: 17 	Training Cost: 9939.809163	 Valid Acc: 0.713096246119108 	Best Valid Acc: 0.713096
Epoch: 18 	Training Cost: 9903.244446	 Valid Acc: 0.7126728760937059 	Best Valid Acc: 0.713096
Epoch: 19 	Training Cost: 9869.496994	 Valid Acc: 0.7119672593847022 	Best Valid Acc: 0.713096
Epoch: 20 	Training Cost: 9838.488421	 Valid Acc: 0.7123906294101044 	Best Valid Acc: 0.713096
Epoch: 21 	Training Cost: 9809.660454	 Valid Acc: 0.7138018628281118 	Best Valid Acc: 0.713802
Epoch: 22 	Training Cost: 9782.831255	 Valid Acc: 0.7140841095117132 	Best Valid Acc: 0.714084
Epoch: 23 	Training Cost: 9757.628963	 Valid Acc: 0.7140841095117132 	Best Valid Acc: 0.714084
Epoch: 24 	Training Cost: 9734.212959	 Valid Acc: 0.7162009596387242 	Best Valid Acc: 0.716201
Epoch: 25 	Training Cost: 9711.848112	 Valid Acc: 0.7154953429297206 	Best Valid Acc: 0.716201
Epoch: 26 	Training Cost: 9690.426759	 Valid Acc: 0.7166243296641265 	Best Valid Acc: 0.716624
Epoch: 27 	Training Cost: 9669.591980	 Valid Acc: 0.7167654530059272 	Best Valid Acc: 0.716765
Epoch: 28 	Training Cost: 9648.703407	 Valid Acc: 0.7164832063223258 	Best Valid Acc: 0.716765
Epoch: 29 	Training Cost: 9627.173459	 Valid Acc: 0.7152130962461191 	Best Valid Acc: 0.716765
Epoch: 30 	Training Cost: 9603.872566	 Valid Acc: 0.7153542195879199 	Best Valid Acc: 0.716765
lr=3e-05, lamb=0, num_epoch=30, test_acc=0.7067456957380751
----------------------------------------------------------
----------------------------------------------------------
lr=3e-05, lamb=1e-05, num_epoch=30
Epoch: 1 	Training Cost: 12599.674493	 Valid Acc: 0.678662150719729 	Best Valid Acc: 0.678662
Epoch: 2 	Training Cost: 11540.652510	 Valid Acc: 0.6804967541631386 	Best Valid Acc: 0.680497
Epoch: 3 	Training Cost: 11453.098428	 Valid Acc: 0.6824724809483489 	Best Valid Acc: 0.682472
Epoch: 4 	Training Cost: 11412.039211	 Valid Acc: 0.6836014676827548 	Best Valid Acc: 0.683601
Epoch: 5 	Training Cost: 11352.305808	 Valid Acc: 0.6836014676827548 	Best Valid Acc: 0.683601
Epoch: 6 	Training Cost: 11213.503211	 Valid Acc: 0.6851538244425628 	Best Valid Acc: 0.685154
Epoch: 7 	Training Cost: 10971.632657	 Valid Acc: 0.6933389782670054 	Best Valid Acc: 0.693339
Epoch: 8 	Training Cost: 10707.827161	 Valid Acc: 0.7025119954840531 	Best Valid Acc: 0.702512
Epoch: 9 	Training Cost: 10512.897829	 Valid Acc: 0.7006773920406435 	Best Valid Acc: 0.702512
Epoch: 10 	Training Cost: 10380.761060	 Valid Acc: 0.7022297488004516 	Best Valid Acc: 0.702512
Epoch: 11 	Training Cost: 10282.170603	 Valid Acc: 0.7050522156364663 	Best Valid Acc: 0.705052
Epoch: 12 	Training Cost: 10204.202247	 Valid Acc: 0.7071690657634773 	Best Valid Acc: 0.707169
Epoch: 13 	Training Cost: 10141.077449	 Valid Acc: 0.7074513124470787 	Best Valid Acc: 0.707451
Epoch: 14 	Training Cost: 10088.615662	 Valid Acc: 0.7084391758396839 	Best Valid Acc: 0.708439
Epoch: 15 	Training Cost: 10043.834335	 Valid Acc: 0.7106971493084956 	Best Valid Acc: 0.710697
Epoch: 16 	Training Cost: 10004.776742	 Valid Acc: 0.7125317527519052 	Best Valid Acc: 0.712532
Epoch: 17 	Training Cost: 9969.627356	 Valid Acc: 0.7139429861699125 	Best Valid Acc: 0.713943
Epoch: 18 	Training Cost: 9936.906132	 Valid Acc: 0.7150719729043183 	Best Valid Acc: 0.715072
Epoch: 19 	Training Cost: 9905.770512	 Valid Acc: 0.7145074795371155 	Best Valid Acc: 0.715072
Epoch: 20 	Training Cost: 9876.123898	 Valid Acc: 0.7135196161445103 	Best Valid Acc: 0.715072
Epoch: 21 	Training Cost: 9848.127740	 Valid Acc: 0.7128139994355066 	Best Valid Acc: 0.715072
Epoch: 22 	Training Cost: 9821.994177	 Valid Acc: 0.7139429861699125 	Best Valid Acc: 0.715072
Epoch: 23 	Training Cost: 9797.692119	 Valid Acc: 0.7147897262207169 	Best Valid Acc: 0.715072
Epoch: 24 	Training Cost: 9775.067011	 Valid Acc: 0.7146486028789162 	Best Valid Acc: 0.715072
Epoch: 25 	Training Cost: 9753.930000	 Valid Acc: 0.7147897262207169 	Best Valid Acc: 0.715072
Epoch: 26 	Training Cost: 9733.784115	 Valid Acc: 0.7146486028789162 	Best Valid Acc: 0.715072
Epoch: 27 	Training Cost: 9714.915252	 Valid Acc: 0.7153542195879199 	Best Valid Acc: 0.715354
Epoch: 28 	Training Cost: 9696.961955	 Valid Acc: 0.7160598362969235 	Best Valid Acc: 0.716060
Epoch: 29 	Training Cost: 9679.645619	 Valid Acc: 0.7152130962461191 	Best Valid Acc: 0.716060
Epoch: 30 	Training Cost: 9662.610330	 Valid Acc: 0.7145074795371155 	Best Valid Acc: 0.716060
lr=3e-05, lamb=1e-05, num_epoch=30, test_acc=0.7090036692068868
----------------------------------------------------------
----------------------------------------------------------
lr=3e-05, lamb=0.0001, num_epoch=30
Epoch: 1 	Training Cost: 12645.622113	 Valid Acc: 0.6809201241885408 	Best Valid Acc: 0.680920
Epoch: 2 	Training Cost: 11581.739839	 Valid Acc: 0.6816257408975445 	Best Valid Acc: 0.681626
Epoch: 3 	Training Cost: 11483.571995	 Valid Acc: 0.6836014676827548 	Best Valid Acc: 0.683601
Epoch: 4 	Training Cost: 11438.236651	 Valid Acc: 0.6847304544171606 	Best Valid Acc: 0.684730
Epoch: 5 	Training Cost: 11364.468921	 Valid Acc: 0.6867061812023709 	Best Valid Acc: 0.686706
Epoch: 6 	Training Cost: 11170.294732	 Valid Acc: 0.6871295512277731 	Best Valid Acc: 0.687130
Epoch: 7 	Training Cost: 10879.519894	 Valid Acc: 0.6972904318374259 	Best Valid Acc: 0.697290
Epoch: 8 	Training Cost: 10644.940887	 Valid Acc: 0.7022297488004516 	Best Valid Acc: 0.702230
Epoch: 9 	Training Cost: 10482.632776	 Valid Acc: 0.7036409822184589 	Best Valid Acc: 0.703641
Epoch: 10 	Training Cost: 10362.831274	 Valid Acc: 0.7066045723962744 	Best Valid Acc: 0.706605
Epoch: 11 	Training Cost: 10268.959558	 Valid Acc: 0.709427039232289 	Best Valid Acc: 0.709427
Epoch: 12 	Training Cost: 10194.201276	 Valid Acc: 0.709427039232289 	Best Valid Acc: 0.709427
Epoch: 13 	Training Cost: 10135.231413	 Valid Acc: 0.7112616426756986 	Best Valid Acc: 0.711262
Epoch: 14 	Training Cost: 10087.640989	 Valid Acc: 0.7111205193338979 	Best Valid Acc: 0.711262
Epoch: 15 	Training Cost: 10047.940834	 Valid Acc: 0.7118261360429015 	Best Valid Acc: 0.711826
Epoch: 16 	Training Cost: 10013.925253	 Valid Acc: 0.713660739486311 	Best Valid Acc: 0.713661
Epoch: 17 	Training Cost: 9984.202158	 Valid Acc: 0.715777589613322 	Best Valid Acc: 0.715778
Epoch: 18 	Training Cost: 9957.266333	 Valid Acc: 0.7150719729043183 	Best Valid Acc: 0.715778
Epoch: 19 	Training Cost: 9932.160114	 Valid Acc: 0.7143663561953147 	Best Valid Acc: 0.715778
Epoch: 20 	Training Cost: 9908.242620	 Valid Acc: 0.7140841095117132 	Best Valid Acc: 0.715778
Epoch: 21 	Training Cost: 9885.198141	 Valid Acc: 0.7145074795371155 	Best Valid Acc: 0.715778
Epoch: 22 	Training Cost: 9863.056440	 Valid Acc: 0.7138018628281118 	Best Valid Acc: 0.715778
Epoch: 23 	Training Cost: 9841.738993	 Valid Acc: 0.7129551227773073 	Best Valid Acc: 0.715778
Epoch: 24 	Training Cost: 9821.274031	 Valid Acc: 0.7122495060683037 	Best Valid Acc: 0.715778
Epoch: 25 	Training Cost: 9801.754787	 Valid Acc: 0.712108382726503 	Best Valid Acc: 0.715778
Epoch: 26 	Training Cost: 9783.425904	 Valid Acc: 0.7146486028789162 	Best Valid Acc: 0.715778
Epoch: 27 	Training Cost: 9766.295158	 Valid Acc: 0.7143663561953147 	Best Valid Acc: 0.715778
Epoch: 28 	Training Cost: 9750.283748	 Valid Acc: 0.7159187129551228 	Best Valid Acc: 0.715919
Epoch: 29 	Training Cost: 9735.477687	 Valid Acc: 0.7156364662715213 	Best Valid Acc: 0.715919
Epoch: 30 	Training Cost: 9721.652551	 Valid Acc: 0.7150719729043183 	Best Valid Acc: 0.715919
lr=3e-05, lamb=0.0001, num_epoch=30, test_acc=0.7070279424216765
----------------------------------------------------------
----------------------------------------------------------
lr=3e-05, lamb=0.001, num_epoch=30
Epoch: 1 	Training Cost: 12980.401722	 Valid Acc: 0.68077900084674 	Best Valid Acc: 0.680779
Epoch: 2 	Training Cost: 11823.869550	 Valid Acc: 0.683460344340954 	Best Valid Acc: 0.683460
Epoch: 3 	Training Cost: 11705.727467	 Valid Acc: 0.6854360711261642 	Best Valid Acc: 0.685436
Epoch: 4 	Training Cost: 11645.417706	 Valid Acc: 0.6860005644933672 	Best Valid Acc: 0.686001
Epoch: 5 	Training Cost: 11566.431551	 Valid Acc: 0.6850127011007621 	Best Valid Acc: 0.686001
Epoch: 6 	Training Cost: 11410.789024	 Valid Acc: 0.6885407846457804 	Best Valid Acc: 0.688541
Epoch: 7 	Training Cost: 11160.138977	 Valid Acc: 0.6950324583686142 	Best Valid Acc: 0.695032
Epoch: 8 	Training Cost: 10903.063589	 Valid Acc: 0.7026531188258538 	Best Valid Acc: 0.702653
Epoch: 9 	Training Cost: 10717.948443	 Valid Acc: 0.7026531188258538 	Best Valid Acc: 0.702653
Epoch: 10 	Training Cost: 10588.042731	 Valid Acc: 0.7056167090036692 	Best Valid Acc: 0.705617
Epoch: 11 	Training Cost: 10491.091538	 Valid Acc: 0.7074513124470787 	Best Valid Acc: 0.707451
Epoch: 12 	Training Cost: 10417.457754	 Valid Acc: 0.7067456957380751 	Best Valid Acc: 0.707451
Epoch: 13 	Training Cost: 10360.538115	 Valid Acc: 0.707874682472481 	Best Valid Acc: 0.707875
Epoch: 14 	Training Cost: 10315.573531	 Valid Acc: 0.7088625458650861 	Best Valid Acc: 0.708863
Epoch: 15 	Training Cost: 10278.805204	 Valid Acc: 0.7102737792830934 	Best Valid Acc: 0.710274
Epoch: 16 	Training Cost: 10247.701596	 Valid Acc: 0.7128139994355066 	Best Valid Acc: 0.712814
Epoch: 17 	Training Cost: 10220.288769	 Valid Acc: 0.7132373694609089 	Best Valid Acc: 0.713237
Epoch: 18 	Training Cost: 10195.593890	 Valid Acc: 0.7143663561953147 	Best Valid Acc: 0.714366
Epoch: 19 	Training Cost: 10172.567137	 Valid Acc: 0.7132373694609089 	Best Valid Acc: 0.714366
Epoch: 20 	Training Cost: 10150.734390	 Valid Acc: 0.7132373694609089 	Best Valid Acc: 0.714366
Epoch: 21 	Training Cost: 10129.904817	 Valid Acc: 0.7129551227773073 	Best Valid Acc: 0.714366
Epoch: 22 	Training Cost: 10109.820754	 Valid Acc: 0.713660739486311 	Best Valid Acc: 0.714366
Epoch: 23 	Training Cost: 10090.431314	 Valid Acc: 0.7133784928027096 	Best Valid Acc: 0.714366
Epoch: 24 	Training Cost: 10071.819214	 Valid Acc: 0.7133784928027096 	Best Valid Acc: 0.714366
Epoch: 25 	Training Cost: 10053.923625	 Valid Acc: 0.7129551227773073 	Best Valid Acc: 0.714366
Epoch: 26 	Training Cost: 10036.890523	 Valid Acc: 0.7132373694609089 	Best Valid Acc: 0.714366
Epoch: 27 	Training Cost: 10020.815820	 Valid Acc: 0.7132373694609089 	Best Valid Acc: 0.714366
Epoch: 28 	Training Cost: 10005.486441	 Valid Acc: 0.7138018628281118 	Best Valid Acc: 0.714366
Epoch: 29 	Training Cost: 9991.158438	 Valid Acc: 0.7149308495625176 	Best Valid Acc: 0.714931
Epoch: 30 	Training Cost: 9977.798161	 Valid Acc: 0.714225232853514 	Best Valid Acc: 0.714931
lr=3e-05, lamb=0.001, num_epoch=30, test_acc=0.707874682472481
----------------------------------------------------------
lr=3e-05, lamb=0, best_valid_acc=0.7167654530059272
lr=3e-05, lamb=1e-05, best_valid_acc=0.7160598362969235
lr=3e-05, lamb=0.0001, best_valid_acc=0.7159187129551228
lr=3e-05, lamb=0.001, best_valid_acc=0.7149308495625176
