nn6.py, two encoders + one decoder (map to high dimension first)
Tuning process for lr=2e-05
----------------------------------------------------------
lr=2e-05, lamb=0, num_epoch=200
Epoch: 1 	Training Cost: 13291.437124	 Valid Acc: 0.6618684730454417 	Best Valid Acc: 0.661868
Epoch: 2 	Training Cost: 11826.168367	 Valid Acc: 0.6783799040361276 	Best Valid Acc: 0.678380
Epoch: 3 	Training Cost: 11514.658604	 Valid Acc: 0.6843070843917584 	Best Valid Acc: 0.684307
Epoch: 4 	Training Cost: 11409.173801	 Valid Acc: 0.6852949477843635 	Best Valid Acc: 0.685295
Epoch: 5 	Training Cost: 11346.202985	 Valid Acc: 0.6874117979113745 	Best Valid Acc: 0.687412
Epoch: 6 	Training Cost: 11284.317124	 Valid Acc: 0.6868473045441716 	Best Valid Acc: 0.687412
Epoch: 7 	Training Cost: 11195.920428	 Valid Acc: 0.6874117979113745 	Best Valid Acc: 0.687412
Epoch: 8 	Training Cost: 11069.477737	 Valid Acc: 0.6895286480383855 	Best Valid Acc: 0.689529
Epoch: 9 	Training Cost: 10919.401859	 Valid Acc: 0.6954558283940163 	Best Valid Acc: 0.695456
Epoch: 10 	Training Cost: 10769.629374	 Valid Acc: 0.6974315551792266 	Best Valid Acc: 0.697432
Epoch: 11 	Training Cost: 10634.364025	 Valid Acc: 0.7009596387242449 	Best Valid Acc: 0.700960
Epoch: 12 	Training Cost: 10516.226137	 Valid Acc: 0.7016652554332486 	Best Valid Acc: 0.701665
Epoch: 13 	Training Cost: 10411.957148	 Valid Acc: 0.7027942421676545 	Best Valid Acc: 0.702794
Epoch: 14 	Training Cost: 10319.365968	 Valid Acc: 0.7037821055602597 	Best Valid Acc: 0.703782
Epoch: 15 	Training Cost: 10238.356039	 Valid Acc: 0.7049110922946655 	Best Valid Acc: 0.704911
Epoch: 16 	Training Cost: 10168.563258	 Valid Acc: 0.707310189105278 	Best Valid Acc: 0.707310
Epoch: 17 	Training Cost: 10108.245924	 Valid Acc: 0.7085802991814846 	Best Valid Acc: 0.708580
Epoch: 18 	Training Cost: 10055.441891	 Valid Acc: 0.7095681625740897 	Best Valid Acc: 0.709568
Epoch: 19 	Training Cost: 10008.784262	 Valid Acc: 0.7098504092576913 	Best Valid Acc: 0.709850
Epoch: 20 	Training Cost: 9966.994614	 Valid Acc: 0.7114027660174993 	Best Valid Acc: 0.711403
Epoch: 21 	Training Cost: 9929.308416	 Valid Acc: 0.712108382726503 	Best Valid Acc: 0.712108
Epoch: 22 	Training Cost: 9894.550173	 Valid Acc: 0.7122495060683037 	Best Valid Acc: 0.712250
Epoch: 23 	Training Cost: 9862.154838	 Valid Acc: 0.7116850127011007 	Best Valid Acc: 0.712250
Epoch: 24 	Training Cost: 9831.507130	 Valid Acc: 0.7123906294101044 	Best Valid Acc: 0.712391
Epoch: 25 	Training Cost: 9802.589272	 Valid Acc: 0.712108382726503 	Best Valid Acc: 0.712391
Epoch: 26 	Training Cost: 9774.733199	 Valid Acc: 0.7135196161445103 	Best Valid Acc: 0.713520
Epoch: 27 	Training Cost: 9747.461730	 Valid Acc: 0.7140841095117132 	Best Valid Acc: 0.714084
Epoch: 28 	Training Cost: 9720.180554	 Valid Acc: 0.7129551227773073 	Best Valid Acc: 0.714084
Epoch: 29 	Training Cost: 9692.612688	 Valid Acc: 0.713096246119108 	Best Valid Acc: 0.714084
Epoch: 30 	Training Cost: 9663.778398	 Valid Acc: 0.7128139994355066 	Best Valid Acc: 0.714084
Epoch: 31 	Training Cost: 9633.322697	 Valid Acc: 0.7126728760937059 	Best Valid Acc: 0.714084
Epoch: 32 	Training Cost: 9600.588331	 Valid Acc: 0.7132373694609089 	Best Valid Acc: 0.714084
Epoch: 33 	Training Cost: 9565.043432	 Valid Acc: 0.7140841095117132 	Best Valid Acc: 0.714084
Epoch: 34 	Training Cost: 9526.244702	 Valid Acc: 0.7149308495625176 	Best Valid Acc: 0.714931
Epoch: 35 	Training Cost: 9484.141777	 Valid Acc: 0.7146486028789162 	Best Valid Acc: 0.714931
Epoch: 36 	Training Cost: 9439.142672	 Valid Acc: 0.7150719729043183 	Best Valid Acc: 0.715072
Epoch: 37 	Training Cost: 9391.449533	 Valid Acc: 0.7152130962461191 	Best Valid Acc: 0.715213
Epoch: 38 	Training Cost: 9342.025795	 Valid Acc: 0.7138018628281118 	Best Valid Acc: 0.715213
Epoch: 39 	Training Cost: 9291.068332	 Valid Acc: 0.7122495060683037 	Best Valid Acc: 0.715213
Epoch: 40 	Training Cost: 9239.161582	 Valid Acc: 0.7106971493084956 	Best Valid Acc: 0.715213
Epoch: 41 	Training Cost: 9187.148581	 Valid Acc: 0.7098504092576913 	Best Valid Acc: 0.715213
Epoch: 42 	Training Cost: 9135.645212	 Valid Acc: 0.7088625458650861 	Best Valid Acc: 0.715213
Epoch: 43 	Training Cost: 9084.423883	 Valid Acc: 0.7088625458650861 	Best Valid Acc: 0.715213
Epoch: 44 	Training Cost: 9033.809751	 Valid Acc: 0.7098504092576913 	Best Valid Acc: 0.715213
Epoch: 45 	Training Cost: 8983.816795	 Valid Acc: 0.7082980524978831 	Best Valid Acc: 0.715213
Epoch: 46 	Training Cost: 8934.100373	 Valid Acc: 0.7084391758396839 	Best Valid Acc: 0.715213
Epoch: 47 	Training Cost: 8884.256918	 Valid Acc: 0.7068868190798758 	Best Valid Acc: 0.715213
Epoch: 48 	Training Cost: 8834.808569	 Valid Acc: 0.707310189105278 	Best Valid Acc: 0.715213
Epoch: 49 	Training Cost: 8784.670841	 Valid Acc: 0.7046288456110641 	Best Valid Acc: 0.715213
Epoch: 50 	Training Cost: 8734.981592	 Valid Acc: 0.7044877222692634 	Best Valid Acc: 0.715213
Epoch: 51 	Training Cost: 8684.339931	 Valid Acc: 0.703076488851256 	Best Valid Acc: 0.715213
Epoch: 52 	Training Cost: 8632.675322	 Valid Acc: 0.7026531188258538 	Best Valid Acc: 0.715213
Epoch: 53 	Training Cost: 8580.571958	 Valid Acc: 0.7008185153824442 	Best Valid Acc: 0.715213
Epoch: 54 	Training Cost: 8527.980307	 Valid Acc: 0.7009596387242449 	Best Valid Acc: 0.715213
Epoch: 55 	Training Cost: 8476.081828	 Valid Acc: 0.698842788597234 	Best Valid Acc: 0.715213
Epoch: 56 	Training Cost: 8423.125862	 Valid Acc: 0.7003951453570421 	Best Valid Acc: 0.715213
Epoch: 57 	Training Cost: 8370.010047	 Valid Acc: 0.6978549252046289 	Best Valid Acc: 0.715213
Epoch: 58 	Training Cost: 8317.254245	 Valid Acc: 0.6977138018628282 	Best Valid Acc: 0.715213
Epoch: 59 	Training Cost: 8263.418164	 Valid Acc: 0.6971493084956252 	Best Valid Acc: 0.715213
Epoch: 60 	Training Cost: 8210.138170	 Valid Acc: 0.6947502116850127 	Best Valid Acc: 0.715213
Epoch: 61 	Training Cost: 8156.540183	 Valid Acc: 0.6955969517358171 	Best Valid Acc: 0.715213
Epoch: 62 	Training Cost: 8102.859907	 Valid Acc: 0.694609088343212 	Best Valid Acc: 0.715213
Epoch: 63 	Training Cost: 8049.314770	 Valid Acc: 0.6951735817104149 	Best Valid Acc: 0.715213
Epoch: 64 	Training Cost: 7995.965208	 Valid Acc: 0.6937623482924076 	Best Valid Acc: 0.715213
Epoch: 65 	Training Cost: 7943.065888	 Valid Acc: 0.6933389782670054 	Best Valid Acc: 0.715213
Epoch: 66 	Training Cost: 7890.826107	 Valid Acc: 0.6930567315834039 	Best Valid Acc: 0.715213
Epoch: 67 	Training Cost: 7837.571727	 Valid Acc: 0.6913632514817951 	Best Valid Acc: 0.715213
Epoch: 68 	Training Cost: 7786.044516	 Valid Acc: 0.6917866215071973 	Best Valid Acc: 0.715213
Epoch: 69 	Training Cost: 7734.565868	 Valid Acc: 0.6907987581145921 	Best Valid Acc: 0.715213
Epoch: 70 	Training Cost: 7684.180047	 Valid Acc: 0.6899520180637877 	Best Valid Acc: 0.715213
Epoch: 71 	Training Cost: 7634.660900	 Valid Acc: 0.6892464013547841 	Best Valid Acc: 0.715213
Epoch: 72 	Training Cost: 7585.697709	 Valid Acc: 0.6888230313293818 	Best Valid Acc: 0.715213
Epoch: 73 	Training Cost: 7536.637265	 Valid Acc: 0.6906576347727914 	Best Valid Acc: 0.715213
Epoch: 74 	Training Cost: 7488.565715	 Valid Acc: 0.6878351679367768 	Best Valid Acc: 0.715213
Epoch: 75 	Training Cost: 7439.788178	 Valid Acc: 0.6886819079875811 	Best Valid Acc: 0.715213
Epoch: 76 	Training Cost: 7391.911797	 Valid Acc: 0.6864239345187694 	Best Valid Acc: 0.715213
Epoch: 77 	Training Cost: 7344.299165	 Valid Acc: 0.6872706745695738 	Best Valid Acc: 0.715213
Epoch: 78 	Training Cost: 7295.883317	 Valid Acc: 0.6872706745695738 	Best Valid Acc: 0.715213
Epoch: 79 	Training Cost: 7248.973393	 Valid Acc: 0.6860005644933672 	Best Valid Acc: 0.715213
Epoch: 80 	Training Cost: 7201.344480	 Valid Acc: 0.6857183178097658 	Best Valid Acc: 0.715213
Epoch: 81 	Training Cost: 7153.675897	 Valid Acc: 0.6855771944679651 	Best Valid Acc: 0.715213
Epoch: 82 	Training Cost: 7105.848777	 Valid Acc: 0.6844482077335591 	Best Valid Acc: 0.715213
Epoch: 83 	Training Cost: 7057.386607	 Valid Acc: 0.6838837143663562 	Best Valid Acc: 0.715213
Epoch: 84 	Training Cost: 7009.387511	 Valid Acc: 0.6847304544171606 	Best Valid Acc: 0.715213
Epoch: 85 	Training Cost: 6960.752469	 Valid Acc: 0.683460344340954 	Best Valid Acc: 0.715213
Epoch: 86 	Training Cost: 6912.592982	 Valid Acc: 0.6820491109229466 	Best Valid Acc: 0.715213
Epoch: 87 	Training Cost: 6865.121985	 Valid Acc: 0.6830369743155518 	Best Valid Acc: 0.715213
Epoch: 88 	Training Cost: 6815.881291	 Valid Acc: 0.6800733841377364 	Best Valid Acc: 0.715213
Epoch: 89 	Training Cost: 6767.558012	 Valid Acc: 0.6790855207451313 	Best Valid Acc: 0.715213
Epoch: 90 	Training Cost: 6718.084056	 Valid Acc: 0.6789443974033305 	Best Valid Acc: 0.715213
Epoch: 91 	Training Cost: 6669.684710	 Valid Acc: 0.6806378775049393 	Best Valid Acc: 0.715213
Epoch: 92 	Training Cost: 6620.439691	 Valid Acc: 0.6799322607959356 	Best Valid Acc: 0.715213
Epoch: 93 	Training Cost: 6572.136201	 Valid Acc: 0.6809201241885408 	Best Valid Acc: 0.715213
Epoch: 94 	Training Cost: 6522.975869	 Valid Acc: 0.6789443974033305 	Best Valid Acc: 0.715213
Epoch: 95 	Training Cost: 6473.855249	 Valid Acc: 0.6796500141123342 	Best Valid Acc: 0.715213
Epoch: 96 	Training Cost: 6424.721013	 Valid Acc: 0.6806378775049393 	Best Valid Acc: 0.715213
Epoch: 97 	Training Cost: 6376.870722	 Valid Acc: 0.6795088907705334 	Best Valid Acc: 0.715213
Epoch: 98 	Training Cost: 6329.215454	 Valid Acc: 0.6782387806943269 	Best Valid Acc: 0.715213
Epoch: 99 	Training Cost: 6281.400581	 Valid Acc: 0.6769686706181203 	Best Valid Acc: 0.715213
Epoch: 100 	Training Cost: 6233.441572	 Valid Acc: 0.678662150719729 	Best Valid Acc: 0.715213
Epoch: 101 	Training Cost: 6186.002159	 Valid Acc: 0.676545300592718 	Best Valid Acc: 0.715213
Epoch: 102 	Training Cost: 6138.714237	 Valid Acc: 0.6775331639853232 	Best Valid Acc: 0.715213
Epoch: 103 	Training Cost: 6092.509496	 Valid Acc: 0.6762630539091166 	Best Valid Acc: 0.715213
Epoch: 104 	Training Cost: 6046.616328	 Valid Acc: 0.6758396838837144 	Best Valid Acc: 0.715213
Epoch: 105 	Training Cost: 6001.486278	 Valid Acc: 0.6759808072255151 	Best Valid Acc: 0.715213
Epoch: 106 	Training Cost: 5956.598078	 Valid Acc: 0.6759808072255151 	Best Valid Acc: 0.715213
Epoch: 107 	Training Cost: 5912.069204	 Valid Acc: 0.6758396838837144 	Best Valid Acc: 0.715213
Epoch: 108 	Training Cost: 5868.439680	 Valid Acc: 0.674428450465707 	Best Valid Acc: 0.715213
Epoch: 109 	Training Cost: 5824.515995	 Valid Acc: 0.6755574372001129 	Best Valid Acc: 0.715213
Epoch: 110 	Training Cost: 5781.886879	 Valid Acc: 0.6745695738075078 	Best Valid Acc: 0.715213
Epoch: 111 	Training Cost: 5739.427108	 Valid Acc: 0.6745695738075078 	Best Valid Acc: 0.715213
Epoch: 112 	Training Cost: 5697.993588	 Valid Acc: 0.6716059836296924 	Best Valid Acc: 0.715213
Epoch: 113 	Training Cost: 5654.973579	 Valid Acc: 0.6759808072255151 	Best Valid Acc: 0.715213
Epoch: 114 	Training Cost: 5613.900900	 Valid Acc: 0.6710414902624894 	Best Valid Acc: 0.715213
Epoch: 115 	Training Cost: 5572.769569	 Valid Acc: 0.6754163138583121 	Best Valid Acc: 0.715213
Epoch: 116 	Training Cost: 5531.836468	 Valid Acc: 0.6710414902624894 	Best Valid Acc: 0.715213
Epoch: 117 	Training Cost: 5492.055914	 Valid Acc: 0.67499294383291 	Best Valid Acc: 0.715213
Epoch: 118 	Training Cost: 5451.799002	 Valid Acc: 0.6724527236804968 	Best Valid Acc: 0.715213
Epoch: 119 	Training Cost: 5412.638602	 Valid Acc: 0.67499294383291 	Best Valid Acc: 0.715213
Epoch: 120 	Training Cost: 5372.592292	 Valid Acc: 0.6725938470222975 	Best Valid Acc: 0.715213
Epoch: 121 	Training Cost: 5333.802812	 Valid Acc: 0.6745695738075078 	Best Valid Acc: 0.715213
Epoch: 122 	Training Cost: 5294.657508	 Valid Acc: 0.6721704769968952 	Best Valid Acc: 0.715213
Epoch: 123 	Training Cost: 5255.890885	 Valid Acc: 0.6727349703640982 	Best Valid Acc: 0.715213
Epoch: 124 	Training Cost: 5217.572351	 Valid Acc: 0.6707592435788879 	Best Valid Acc: 0.715213
Epoch: 125 	Training Cost: 5179.103503	 Valid Acc: 0.6727349703640982 	Best Valid Acc: 0.715213
Epoch: 126 	Training Cost: 5141.133694	 Valid Acc: 0.6697713801862828 	Best Valid Acc: 0.715213
Epoch: 127 	Training Cost: 5103.314155	 Valid Acc: 0.6703358735534858 	Best Valid Acc: 0.715213
Epoch: 128 	Training Cost: 5065.661430	 Valid Acc: 0.6685012701100762 	Best Valid Acc: 0.715213
Epoch: 129 	Training Cost: 5028.317231	 Valid Acc: 0.6689246401354784 	Best Valid Acc: 0.715213
Epoch: 130 	Training Cost: 4991.502199	 Valid Acc: 0.6669489133502682 	Best Valid Acc: 0.715213
Epoch: 131 	Training Cost: 4954.934948	 Valid Acc: 0.6677956534010725 	Best Valid Acc: 0.715213
Epoch: 132 	Training Cost: 4918.876401	 Valid Acc: 0.6672311600338696 	Best Valid Acc: 0.715213
Epoch: 133 	Training Cost: 4881.876219	 Valid Acc: 0.6675134067174711 	Best Valid Acc: 0.715213
Epoch: 134 	Training Cost: 4846.159414	 Valid Acc: 0.6668077900084673 	Best Valid Acc: 0.715213
Epoch: 135 	Training Cost: 4809.597053	 Valid Acc: 0.6676545300592718 	Best Valid Acc: 0.715213
Epoch: 136 	Training Cost: 4775.084410	 Valid Acc: 0.6663844199830652 	Best Valid Acc: 0.715213
Epoch: 137 	Training Cost: 4738.984349	 Valid Acc: 0.6655376799322608 	Best Valid Acc: 0.715213
Epoch: 138 	Training Cost: 4704.475765	 Valid Acc: 0.6670900366920689 	Best Valid Acc: 0.715213
Epoch: 139 	Training Cost: 4669.724471	 Valid Acc: 0.6669489133502682 	Best Valid Acc: 0.715213
Epoch: 140 	Training Cost: 4636.412083	 Valid Acc: 0.6677956534010725 	Best Valid Acc: 0.715213
Epoch: 141 	Training Cost: 4600.724886	 Valid Acc: 0.6677956534010725 	Best Valid Acc: 0.715213
Epoch: 142 	Training Cost: 4566.965024	 Valid Acc: 0.6682190234264748 	Best Valid Acc: 0.715213
Epoch: 143 	Training Cost: 4533.753611	 Valid Acc: 0.6665255433248659 	Best Valid Acc: 0.715213
Epoch: 144 	Training Cost: 4500.326486	 Valid Acc: 0.6683601467682755 	Best Valid Acc: 0.715213
Epoch: 145 	Training Cost: 4466.816689	 Valid Acc: 0.6666666666666666 	Best Valid Acc: 0.715213
Epoch: 146 	Training Cost: 4434.615490	 Valid Acc: 0.6694891335026814 	Best Valid Acc: 0.715213
Epoch: 147 	Training Cost: 4402.689363	 Valid Acc: 0.6646909398814564 	Best Valid Acc: 0.715213
Epoch: 148 	Training Cost: 4369.682549	 Valid Acc: 0.668077900084674 	Best Valid Acc: 0.715213
Epoch: 149 	Training Cost: 4337.171507	 Valid Acc: 0.6648320632232572 	Best Valid Acc: 0.715213
Epoch: 150 	Training Cost: 4304.879690	 Valid Acc: 0.6641264465142535 	Best Valid Acc: 0.715213
Epoch: 151 	Training Cost: 4273.481404	 Valid Acc: 0.6651143099068586 	Best Valid Acc: 0.715213
Epoch: 152 	Training Cost: 4241.603341	 Valid Acc: 0.6628563364380469 	Best Valid Acc: 0.715213
Epoch: 153 	Training Cost: 4210.649109	 Valid Acc: 0.6655376799322608 	Best Valid Acc: 0.715213
Epoch: 154 	Training Cost: 4179.679252	 Valid Acc: 0.6629974597798476 	Best Valid Acc: 0.715213
Epoch: 155 	Training Cost: 4151.211087	 Valid Acc: 0.6649731865650579 	Best Valid Acc: 0.715213
Epoch: 156 	Training Cost: 4119.737167	 Valid Acc: 0.6625740897544454 	Best Valid Acc: 0.715213
Epoch: 157 	Training Cost: 4088.428337	 Valid Acc: 0.6645498165396556 	Best Valid Acc: 0.715213
Epoch: 158 	Training Cost: 4059.665311	 Valid Acc: 0.6641264465142535 	Best Valid Acc: 0.715213
Epoch: 159 	Training Cost: 4031.022937	 Valid Acc: 0.6629974597798476 	Best Valid Acc: 0.715213
Epoch: 160 	Training Cost: 4002.276954	 Valid Acc: 0.6634208298052497 	Best Valid Acc: 0.715213
Epoch: 161 	Training Cost: 3972.927466	 Valid Acc: 0.6629974597798476 	Best Valid Acc: 0.715213
Epoch: 162 	Training Cost: 3945.478915	 Valid Acc: 0.6628563364380469 	Best Valid Acc: 0.715213
Epoch: 163 	Training Cost: 3915.368843	 Valid Acc: 0.661727349703641 	Best Valid Acc: 0.715213
Epoch: 164 	Training Cost: 3889.607875	 Valid Acc: 0.6621507197290432 	Best Valid Acc: 0.715213
Epoch: 165 	Training Cost: 3860.667518	 Valid Acc: 0.6615862263618403 	Best Valid Acc: 0.715213
Epoch: 166 	Training Cost: 3831.295230	 Valid Acc: 0.6620095963872424 	Best Valid Acc: 0.715213
Epoch: 167 	Training Cost: 3804.015170	 Valid Acc: 0.6586226361840248 	Best Valid Acc: 0.715213
Epoch: 168 	Training Cost: 3780.599148	 Valid Acc: 0.6613039796782387 	Best Valid Acc: 0.715213
Epoch: 169 	Training Cost: 3753.227505	 Valid Acc: 0.6589048828676263 	Best Valid Acc: 0.715213
Epoch: 170 	Training Cost: 3726.976796	 Valid Acc: 0.6594693762348293 	Best Valid Acc: 0.715213
Epoch: 171 	Training Cost: 3698.356456	 Valid Acc: 0.6586226361840248 	Best Valid Acc: 0.715213
Epoch: 172 	Training Cost: 3671.528315	 Valid Acc: 0.6597516229184307 	Best Valid Acc: 0.715213
Epoch: 173 	Training Cost: 3645.991179	 Valid Acc: 0.6577758961332204 	Best Valid Acc: 0.715213
Epoch: 174 	Training Cost: 3620.784188	 Valid Acc: 0.6603161162856337 	Best Valid Acc: 0.715213
Epoch: 175 	Training Cost: 3595.476266	 Valid Acc: 0.657493649449619 	Best Valid Acc: 0.715213
Epoch: 176 	Training Cost: 3572.008851	 Valid Acc: 0.6605983629692351 	Best Valid Acc: 0.715213
Epoch: 177 	Training Cost: 3545.552379	 Valid Acc: 0.6570702794242168 	Best Valid Acc: 0.715213
Epoch: 178 	Training Cost: 3522.451745	 Valid Acc: 0.6600338696020321 	Best Valid Acc: 0.715213
Epoch: 179 	Training Cost: 3495.846371	 Valid Acc: 0.6584815128422241 	Best Valid Acc: 0.715213
Epoch: 180 	Training Cost: 3472.180218	 Valid Acc: 0.6591871295512278 	Best Valid Acc: 0.715213
Epoch: 181 	Training Cost: 3447.020733	 Valid Acc: 0.6573525261078182 	Best Valid Acc: 0.715213
Epoch: 182 	Training Cost: 3424.039467	 Valid Acc: 0.6576347727914197 	Best Valid Acc: 0.715213
Epoch: 183 	Training Cost: 3399.627877	 Valid Acc: 0.657493649449619 	Best Valid Acc: 0.715213
Epoch: 184 	Training Cost: 3376.786688	 Valid Acc: 0.6593282528930285 	Best Valid Acc: 0.715213
Epoch: 185 	Training Cost: 3352.213384	 Valid Acc: 0.6548123059554051 	Best Valid Acc: 0.715213
Epoch: 186 	Training Cost: 3330.297074	 Valid Acc: 0.658058142816822 	Best Valid Acc: 0.715213
Epoch: 187 	Training Cost: 3306.014682	 Valid Acc: 0.655376799322608 	Best Valid Acc: 0.715213
Epoch: 188 	Training Cost: 3282.941348	 Valid Acc: 0.6567880327406153 	Best Valid Acc: 0.715213
Epoch: 189 	Training Cost: 3258.830392	 Valid Acc: 0.6570702794242168 	Best Valid Acc: 0.715213
Epoch: 190 	Training Cost: 3236.090038	 Valid Acc: 0.6556590460062094 	Best Valid Acc: 0.715213
Epoch: 191 	Training Cost: 3214.514881	 Valid Acc: 0.6576347727914197 	Best Valid Acc: 0.715213
Epoch: 192 	Training Cost: 3192.540825	 Valid Acc: 0.6579170194750211 	Best Valid Acc: 0.715213
Epoch: 193 	Training Cost: 3170.642157	 Valid Acc: 0.6577758961332204 	Best Valid Acc: 0.715213
Epoch: 194 	Training Cost: 3148.835627	 Valid Acc: 0.6560824160316117 	Best Valid Acc: 0.715213
Epoch: 195 	Training Cost: 3128.703152	 Valid Acc: 0.6563646627152131 	Best Valid Acc: 0.715213
Epoch: 196 	Training Cost: 3105.098702	 Valid Acc: 0.6566469093988145 	Best Valid Acc: 0.715213
Epoch: 197 	Training Cost: 3084.121112	 Valid Acc: 0.6566469093988145 	Best Valid Acc: 0.715213
Epoch: 198 	Training Cost: 3062.154825	 Valid Acc: 0.6562235393734124 	Best Valid Acc: 0.715213
Epoch: 199 	Training Cost: 3042.531595	 Valid Acc: 0.6581992661586227 	Best Valid Acc: 0.715213
Epoch: 200 	Training Cost: 3020.884325	 Valid Acc: 0.6538244425627999 	Best Valid Acc: 0.715213
lr=2e-05, lamb=0, num_epoch=200, test_acc=0.6486028789161727
----------------------------------------------------------
----------------------------------------------------------
lr=2e-05, lamb=0.0001, num_epoch=200
Epoch: 1 	Training Cost: 13338.317245	 Valid Acc: 0.6604572396274344 	Best Valid Acc: 0.660457
Epoch: 2 	Training Cost: 11870.093586	 Valid Acc: 0.6761219305673158 	Best Valid Acc: 0.676122
Epoch: 3 	Training Cost: 11561.470932	 Valid Acc: 0.6799322607959356 	Best Valid Acc: 0.679932
Epoch: 4 	Training Cost: 11460.295302	 Valid Acc: 0.6836014676827548 	Best Valid Acc: 0.683601
Epoch: 5 	Training Cost: 11405.308329	 Valid Acc: 0.6857183178097658 	Best Valid Acc: 0.685718
Epoch: 6 	Training Cost: 11359.551985	 Valid Acc: 0.6852949477843635 	Best Valid Acc: 0.685718
Epoch: 7 	Training Cost: 11302.851833	 Valid Acc: 0.6843070843917584 	Best Valid Acc: 0.685718
Epoch: 8 	Training Cost: 11220.371688	 Valid Acc: 0.6864239345187694 	Best Valid Acc: 0.686424
Epoch: 9 	Training Cost: 11106.799820	 Valid Acc: 0.6883996613039797 	Best Valid Acc: 0.688400
Epoch: 10 	Training Cost: 10966.265840	 Valid Acc: 0.6936212249506069 	Best Valid Acc: 0.693621
Epoch: 11 	Training Cost: 10805.748337	 Valid Acc: 0.6987016652554332 	Best Valid Acc: 0.698702
Epoch: 12 	Training Cost: 10645.760489	 Valid Acc: 0.7018063787750494 	Best Valid Acc: 0.701806
Epoch: 13 	Training Cost: 10506.015824	 Valid Acc: 0.7033587355348575 	Best Valid Acc: 0.703359
Epoch: 14 	Training Cost: 10392.506138	 Valid Acc: 0.7037821055602597 	Best Valid Acc: 0.703782
Epoch: 15 	Training Cost: 10300.850842	 Valid Acc: 0.7043465989274627 	Best Valid Acc: 0.704347
Epoch: 16 	Training Cost: 10226.434486	 Valid Acc: 0.7047699689528648 	Best Valid Acc: 0.704770
Epoch: 17 	Training Cost: 10164.702341	 Valid Acc: 0.70575783234547 	Best Valid Acc: 0.705758
Epoch: 18 	Training Cost: 10112.907882	 Valid Acc: 0.7064634490544736 	Best Valid Acc: 0.706463
Epoch: 19 	Training Cost: 10069.175146	 Valid Acc: 0.7082980524978831 	Best Valid Acc: 0.708298
Epoch: 20 	Training Cost: 10031.759681	 Valid Acc: 0.7108382726502963 	Best Valid Acc: 0.710838
Epoch: 21 	Training Cost: 9999.162984	 Valid Acc: 0.7111205193338979 	Best Valid Acc: 0.711121
Epoch: 22 	Training Cost: 9970.315806	 Valid Acc: 0.7109793959920971 	Best Valid Acc: 0.711121
Epoch: 23 	Training Cost: 9944.385474	 Valid Acc: 0.7109793959920971 	Best Valid Acc: 0.711121
Epoch: 24 	Training Cost: 9920.686838	 Valid Acc: 0.7108382726502963 	Best Valid Acc: 0.711121
Epoch: 25 	Training Cost: 9898.589517	 Valid Acc: 0.7119672593847022 	Best Valid Acc: 0.711967
Epoch: 26 	Training Cost: 9877.744289	 Valid Acc: 0.7132373694609089 	Best Valid Acc: 0.713237
Epoch: 27 	Training Cost: 9857.671292	 Valid Acc: 0.7125317527519052 	Best Valid Acc: 0.713237
Epoch: 28 	Training Cost: 9838.178270	 Valid Acc: 0.7126728760937059 	Best Valid Acc: 0.713237
Epoch: 29 	Training Cost: 9818.595374	 Valid Acc: 0.712108382726503 	Best Valid Acc: 0.713237
Epoch: 30 	Training Cost: 9798.881697	 Valid Acc: 0.7116850127011007 	Best Valid Acc: 0.713237
Epoch: 31 	Training Cost: 9778.809005	 Valid Acc: 0.7128139994355066 	Best Valid Acc: 0.713237
Epoch: 32 	Training Cost: 9757.961603	 Valid Acc: 0.7139429861699125 	Best Valid Acc: 0.713943
Epoch: 33 	Training Cost: 9735.794299	 Valid Acc: 0.7125317527519052 	Best Valid Acc: 0.713943
Epoch: 34 	Training Cost: 9712.065648	 Valid Acc: 0.7135196161445103 	Best Valid Acc: 0.713943
Epoch: 35 	Training Cost: 9686.271383	 Valid Acc: 0.7153542195879199 	Best Valid Acc: 0.715354
Epoch: 36 	Training Cost: 9658.262874	 Valid Acc: 0.7159187129551228 	Best Valid Acc: 0.715919
Epoch: 37 	Training Cost: 9627.889508	 Valid Acc: 0.7162009596387242 	Best Valid Acc: 0.716201
Epoch: 38 	Training Cost: 9595.278181	 Valid Acc: 0.7167654530059272 	Best Valid Acc: 0.716765
Epoch: 39 	Training Cost: 9560.544161	 Valid Acc: 0.7169065763477279 	Best Valid Acc: 0.716907
Epoch: 40 	Training Cost: 9524.207438	 Valid Acc: 0.7176121930567316 	Best Valid Acc: 0.717612
Epoch: 41 	Training Cost: 9486.498495	 Valid Acc: 0.7177533163985323 	Best Valid Acc: 0.717753
Epoch: 42 	Training Cost: 9447.751978	 Valid Acc: 0.7183178097657352 	Best Valid Acc: 0.718318
Epoch: 43 	Training Cost: 9407.909902	 Valid Acc: 0.7180355630821338 	Best Valid Acc: 0.718318
Epoch: 44 	Training Cost: 9367.063461	 Valid Acc: 0.718458933107536 	Best Valid Acc: 0.718459
Epoch: 45 	Training Cost: 9325.166533	 Valid Acc: 0.7162009596387242 	Best Valid Acc: 0.718459
Epoch: 46 	Training Cost: 9282.405670	 Valid Acc: 0.7171888230313294 	Best Valid Acc: 0.718459
Epoch: 47 	Training Cost: 9239.018809	 Valid Acc: 0.7167654530059272 	Best Valid Acc: 0.718459
Epoch: 48 	Training Cost: 9195.415886	 Valid Acc: 0.7152130962461191 	Best Valid Acc: 0.718459
Epoch: 49 	Training Cost: 9151.619087	 Valid Acc: 0.7147897262207169 	Best Valid Acc: 0.718459
Epoch: 50 	Training Cost: 9108.333818	 Valid Acc: 0.7139429861699125 	Best Valid Acc: 0.718459
Epoch: 51 	Training Cost: 9065.197559	 Valid Acc: 0.712108382726503 	Best Valid Acc: 0.718459
Epoch: 52 	Training Cost: 9022.573629	 Valid Acc: 0.709427039232289 	Best Valid Acc: 0.718459
Epoch: 53 	Training Cost: 8979.848515	 Valid Acc: 0.7101326559412927 	Best Valid Acc: 0.718459
Epoch: 54 	Training Cost: 8937.178420	 Valid Acc: 0.7068868190798758 	Best Valid Acc: 0.718459
Epoch: 55 	Training Cost: 8894.818023	 Valid Acc: 0.7077335591306803 	Best Valid Acc: 0.718459
Epoch: 56 	Training Cost: 8853.693788	 Valid Acc: 0.707310189105278 	Best Valid Acc: 0.718459
Epoch: 57 	Training Cost: 8812.173296	 Valid Acc: 0.7066045723962744 	Best Valid Acc: 0.718459
Epoch: 58 	Training Cost: 8771.575298	 Valid Acc: 0.70575783234547 	Best Valid Acc: 0.718459
Epoch: 59 	Training Cost: 8730.246877	 Valid Acc: 0.7046288456110641 	Best Valid Acc: 0.718459
Epoch: 60 	Training Cost: 8691.531854	 Valid Acc: 0.7050522156364663 	Best Valid Acc: 0.718459
Epoch: 61 	Training Cost: 8653.924714	 Valid Acc: 0.703076488851256 	Best Valid Acc: 0.718459
Epoch: 62 	Training Cost: 8613.263767	 Valid Acc: 0.7046288456110641 	Best Valid Acc: 0.718459
Epoch: 63 	Training Cost: 8576.629846	 Valid Acc: 0.7034998588766582 	Best Valid Acc: 0.718459
Epoch: 64 	Training Cost: 8537.918870	 Valid Acc: 0.703076488851256 	Best Valid Acc: 0.718459
Epoch: 65 	Training Cost: 8502.238070	 Valid Acc: 0.7033587355348575 	Best Valid Acc: 0.718459
Epoch: 66 	Training Cost: 8466.648141	 Valid Acc: 0.7036409822184589 	Best Valid Acc: 0.718459
Epoch: 67 	Training Cost: 8431.719108	 Valid Acc: 0.7029353655094552 	Best Valid Acc: 0.718459
Epoch: 68 	Training Cost: 8397.558042	 Valid Acc: 0.7040643522438611 	Best Valid Acc: 0.718459
Epoch: 69 	Training Cost: 8363.730763	 Valid Acc: 0.7043465989274627 	Best Valid Acc: 0.718459
Epoch: 70 	Training Cost: 8329.197693	 Valid Acc: 0.7019475021168501 	Best Valid Acc: 0.718459
Epoch: 71 	Training Cost: 8296.928372	 Valid Acc: 0.7020886254586508 	Best Valid Acc: 0.718459
Epoch: 72 	Training Cost: 8262.776060	 Valid Acc: 0.7018063787750494 	Best Valid Acc: 0.718459
Epoch: 73 	Training Cost: 8230.821741	 Valid Acc: 0.7022297488004516 	Best Valid Acc: 0.718459
Epoch: 74 	Training Cost: 8196.622075	 Valid Acc: 0.7011007620660458 	Best Valid Acc: 0.718459
Epoch: 75 	Training Cost: 8163.934690	 Valid Acc: 0.7005362686988428 	Best Valid Acc: 0.718459
Epoch: 76 	Training Cost: 8129.979348	 Valid Acc: 0.6998306519898391 	Best Valid Acc: 0.718459
Epoch: 77 	Training Cost: 8097.502176	 Valid Acc: 0.6999717753316399 	Best Valid Acc: 0.718459
Epoch: 78 	Training Cost: 8063.733429	 Valid Acc: 0.6989839119390348 	Best Valid Acc: 0.718459
Epoch: 79 	Training Cost: 8030.331294	 Valid Acc: 0.6987016652554332 	Best Valid Acc: 0.718459
Epoch: 80 	Training Cost: 7996.672926	 Valid Acc: 0.6995484053062376 	Best Valid Acc: 0.718459
Epoch: 81 	Training Cost: 7963.095159	 Valid Acc: 0.6981371718882303 	Best Valid Acc: 0.718459
Epoch: 82 	Training Cost: 7929.528349	 Valid Acc: 0.698278295230031 	Best Valid Acc: 0.718459
Epoch: 83 	Training Cost: 7896.554435	 Valid Acc: 0.6954558283940163 	Best Valid Acc: 0.718459
Epoch: 84 	Training Cost: 7863.257722	 Valid Acc: 0.6972904318374259 	Best Valid Acc: 0.718459
Epoch: 85 	Training Cost: 7831.226399	 Valid Acc: 0.6947502116850127 	Best Valid Acc: 0.718459
Epoch: 86 	Training Cost: 7798.416682	 Valid Acc: 0.69616144510302 	Best Valid Acc: 0.718459
Epoch: 87 	Training Cost: 7767.708344	 Valid Acc: 0.6972904318374259 	Best Valid Acc: 0.718459
Epoch: 88 	Training Cost: 7734.572503	 Valid Acc: 0.6957380750776179 	Best Valid Acc: 0.718459
Epoch: 89 	Training Cost: 7703.928173	 Valid Acc: 0.6947502116850127 	Best Valid Acc: 0.718459
Epoch: 90 	Training Cost: 7670.975974	 Valid Acc: 0.6943268416596104 	Best Valid Acc: 0.718459
Epoch: 91 	Training Cost: 7639.316701	 Valid Acc: 0.694609088343212 	Best Valid Acc: 0.718459
Epoch: 92 	Training Cost: 7606.972035	 Valid Acc: 0.6953147050522156 	Best Valid Acc: 0.718459
Epoch: 93 	Training Cost: 7575.747346	 Valid Acc: 0.694044594976009 	Best Valid Acc: 0.718459
Epoch: 94 	Training Cost: 7542.845782	 Valid Acc: 0.6922099915325995 	Best Valid Acc: 0.718459
Epoch: 95 	Training Cost: 7511.328694	 Valid Acc: 0.6929156082416031 	Best Valid Acc: 0.718459
Epoch: 96 	Training Cost: 7478.427835	 Valid Acc: 0.6912221281399944 	Best Valid Acc: 0.718459
Epoch: 97 	Training Cost: 7445.315293	 Valid Acc: 0.6900931414055885 	Best Valid Acc: 0.718459
Epoch: 98 	Training Cost: 7414.334133	 Valid Acc: 0.6907987581145921 	Best Valid Acc: 0.718459
Epoch: 99 	Training Cost: 7380.504498	 Valid Acc: 0.6893875246965848 	Best Valid Acc: 0.718459
Epoch: 100 	Training Cost: 7348.295338	 Valid Acc: 0.6889641546711827 	Best Valid Acc: 0.718459
Epoch: 101 	Training Cost: 7314.725091	 Valid Acc: 0.6865650578605701 	Best Valid Acc: 0.718459
Epoch: 102 	Training Cost: 7282.061839	 Valid Acc: 0.6871295512277731 	Best Valid Acc: 0.718459
Epoch: 103 	Training Cost: 7249.651815	 Valid Acc: 0.6855771944679651 	Best Valid Acc: 0.718459
Epoch: 104 	Training Cost: 7216.600145	 Valid Acc: 0.6865650578605701 	Best Valid Acc: 0.718459
Epoch: 105 	Training Cost: 7183.577381	 Valid Acc: 0.6861416878351679 	Best Valid Acc: 0.718459
Epoch: 106 	Training Cost: 7150.776764	 Valid Acc: 0.6867061812023709 	Best Valid Acc: 0.718459
Epoch: 107 	Training Cost: 7119.063329	 Valid Acc: 0.6848715777589613 	Best Valid Acc: 0.718459
Epoch: 108 	Training Cost: 7087.889292	 Valid Acc: 0.6848715777589613 	Best Valid Acc: 0.718459
Epoch: 109 	Training Cost: 7055.426324	 Valid Acc: 0.6855771944679651 	Best Valid Acc: 0.718459
Epoch: 110 	Training Cost: 7022.913106	 Valid Acc: 0.6855771944679651 	Best Valid Acc: 0.718459
Epoch: 111 	Training Cost: 6990.953084	 Valid Acc: 0.6862828111769687 	Best Valid Acc: 0.718459
Epoch: 112 	Training Cost: 6960.499597	 Valid Acc: 0.6864239345187694 	Best Valid Acc: 0.718459
Epoch: 113 	Training Cost: 6928.267556	 Valid Acc: 0.6871295512277731 	Best Valid Acc: 0.718459
Epoch: 114 	Training Cost: 6897.615001	 Valid Acc: 0.6848715777589613 	Best Valid Acc: 0.718459
Epoch: 115 	Training Cost: 6865.836296	 Valid Acc: 0.6858594411515665 	Best Valid Acc: 0.718459
Epoch: 116 	Training Cost: 6834.557777	 Valid Acc: 0.6864239345187694 	Best Valid Acc: 0.718459
Epoch: 117 	Training Cost: 6803.593848	 Valid Acc: 0.6857183178097658 	Best Valid Acc: 0.718459
Epoch: 118 	Training Cost: 6771.857450	 Valid Acc: 0.6864239345187694 	Best Valid Acc: 0.718459
Epoch: 119 	Training Cost: 6740.301672	 Valid Acc: 0.6845893310753599 	Best Valid Acc: 0.718459
Epoch: 120 	Training Cost: 6709.753249	 Valid Acc: 0.6874117979113745 	Best Valid Acc: 0.718459
Epoch: 121 	Training Cost: 6678.350706	 Valid Acc: 0.6869884278859724 	Best Valid Acc: 0.718459
Epoch: 122 	Training Cost: 6649.148620	 Valid Acc: 0.6871295512277731 	Best Valid Acc: 0.718459
Epoch: 123 	Training Cost: 6617.318828	 Valid Acc: 0.6874117979113745 	Best Valid Acc: 0.718459
Epoch: 124 	Training Cost: 6586.152950	 Valid Acc: 0.6858594411515665 	Best Valid Acc: 0.718459
Epoch: 125 	Training Cost: 6554.483726	 Valid Acc: 0.6868473045441716 	Best Valid Acc: 0.718459
Epoch: 126 	Training Cost: 6525.196265	 Valid Acc: 0.6847304544171606 	Best Valid Acc: 0.718459
Epoch: 127 	Training Cost: 6493.517890	 Valid Acc: 0.6875529212531752 	Best Valid Acc: 0.718459
Epoch: 128 	Training Cost: 6463.618972	 Valid Acc: 0.6844482077335591 	Best Valid Acc: 0.718459
Epoch: 129 	Training Cost: 6432.617707	 Valid Acc: 0.6858594411515665 	Best Valid Acc: 0.718459
Epoch: 130 	Training Cost: 6403.116633	 Valid Acc: 0.6855771944679651 	Best Valid Acc: 0.718459
Epoch: 131 	Training Cost: 6372.597599	 Valid Acc: 0.6848715777589613 	Best Valid Acc: 0.718459
Epoch: 132 	Training Cost: 6343.506692	 Valid Acc: 0.6850127011007621 	Best Valid Acc: 0.718459
Epoch: 133 	Training Cost: 6313.441506	 Valid Acc: 0.6857183178097658 	Best Valid Acc: 0.718459
Epoch: 134 	Training Cost: 6284.810824	 Valid Acc: 0.6845893310753599 	Best Valid Acc: 0.718459
Epoch: 135 	Training Cost: 6255.373549	 Valid Acc: 0.6858594411515665 	Best Valid Acc: 0.718459
Epoch: 136 	Training Cost: 6227.236900	 Valid Acc: 0.6836014676827548 	Best Valid Acc: 0.718459
Epoch: 137 	Training Cost: 6199.082133	 Valid Acc: 0.6871295512277731 	Best Valid Acc: 0.718459
Epoch: 138 	Training Cost: 6170.482252	 Valid Acc: 0.6838837143663562 	Best Valid Acc: 0.718459
Epoch: 139 	Training Cost: 6142.891737	 Valid Acc: 0.6852949477843635 	Best Valid Acc: 0.718459
Epoch: 140 	Training Cost: 6115.543495	 Valid Acc: 0.6838837143663562 	Best Valid Acc: 0.718459
Epoch: 141 	Training Cost: 6088.572440	 Valid Acc: 0.6840248377081569 	Best Valid Acc: 0.718459
Epoch: 142 	Training Cost: 6061.124990	 Valid Acc: 0.6848715777589613 	Best Valid Acc: 0.718459
Epoch: 143 	Training Cost: 6034.134674	 Valid Acc: 0.6843070843917584 	Best Valid Acc: 0.718459
Epoch: 144 	Training Cost: 6007.609703	 Valid Acc: 0.6837425910245555 	Best Valid Acc: 0.718459
Epoch: 145 	Training Cost: 5981.177522	 Valid Acc: 0.682895850973751 	Best Valid Acc: 0.718459
Epoch: 146 	Training Cost: 5954.743597	 Valid Acc: 0.6821902342647473 	Best Valid Acc: 0.718459
Epoch: 147 	Training Cost: 5928.482279	 Valid Acc: 0.6821902342647473 	Best Valid Acc: 0.718459
Epoch: 148 	Training Cost: 5902.303367	 Valid Acc: 0.6800733841377364 	Best Valid Acc: 0.718459
Epoch: 149 	Training Cost: 5875.513331	 Valid Acc: 0.6809201241885408 	Best Valid Acc: 0.718459
Epoch: 150 	Training Cost: 5849.729473	 Valid Acc: 0.6810612475303415 	Best Valid Acc: 0.718459
Epoch: 151 	Training Cost: 5823.491346	 Valid Acc: 0.6812023708721423 	Best Valid Acc: 0.718459
Epoch: 152 	Training Cost: 5797.514983	 Valid Acc: 0.6797911374541349 	Best Valid Acc: 0.718459
Epoch: 153 	Training Cost: 5771.154210	 Valid Acc: 0.6804967541631386 	Best Valid Acc: 0.718459
Epoch: 154 	Training Cost: 5745.389992	 Valid Acc: 0.6800733841377364 	Best Valid Acc: 0.718459
Epoch: 155 	Training Cost: 5718.228778	 Valid Acc: 0.6796500141123342 	Best Valid Acc: 0.718459
Epoch: 156 	Training Cost: 5692.548758	 Valid Acc: 0.6799322607959356 	Best Valid Acc: 0.718459
Epoch: 157 	Training Cost: 5666.034786	 Valid Acc: 0.678662150719729 	Best Valid Acc: 0.718459
Epoch: 158 	Training Cost: 5640.958016	 Valid Acc: 0.6776742873271239 	Best Valid Acc: 0.718459
Epoch: 159 	Training Cost: 5613.319499	 Valid Acc: 0.6785210273779283 	Best Valid Acc: 0.718459
Epoch: 160 	Training Cost: 5588.366954	 Valid Acc: 0.6782387806943269 	Best Valid Acc: 0.718459
Epoch: 161 	Training Cost: 5561.007818	 Valid Acc: 0.6766864239345187 	Best Valid Acc: 0.718459
Epoch: 162 	Training Cost: 5537.406815	 Valid Acc: 0.6783799040361276 	Best Valid Acc: 0.718459
Epoch: 163 	Training Cost: 5510.825246	 Valid Acc: 0.6758396838837144 	Best Valid Acc: 0.718459
Epoch: 164 	Training Cost: 5486.768557	 Valid Acc: 0.676545300592718 	Best Valid Acc: 0.718459
Epoch: 165 	Training Cost: 5459.391519	 Valid Acc: 0.674428450465707 	Best Valid Acc: 0.718459
Epoch: 166 	Training Cost: 5435.699070	 Valid Acc: 0.6761219305673158 	Best Valid Acc: 0.718459
Epoch: 167 	Training Cost: 5407.891570	 Valid Acc: 0.6727349703640982 	Best Valid Acc: 0.718459
Epoch: 168 	Training Cost: 5384.982748	 Valid Acc: 0.6754163138583121 	Best Valid Acc: 0.718459
Epoch: 169 	Training Cost: 5359.005766	 Valid Acc: 0.6710414902624894 	Best Valid Acc: 0.718459
Epoch: 170 	Training Cost: 5337.423929	 Valid Acc: 0.6735817104149027 	Best Valid Acc: 0.718459
Epoch: 171 	Training Cost: 5310.902553	 Valid Acc: 0.6696302568444821 	Best Valid Acc: 0.718459
Epoch: 172 	Training Cost: 5288.579863	 Valid Acc: 0.6720293536550945 	Best Valid Acc: 0.718459
Epoch: 173 	Training Cost: 5262.663665	 Valid Acc: 0.6703358735534858 	Best Valid Acc: 0.718459
Epoch: 174 	Training Cost: 5239.915096	 Valid Acc: 0.6718882303132938 	Best Valid Acc: 0.718459
Epoch: 175 	Training Cost: 5215.129901	 Valid Acc: 0.6682190234264748 	Best Valid Acc: 0.718459
Epoch: 176 	Training Cost: 5192.331462	 Valid Acc: 0.6707592435788879 	Best Valid Acc: 0.718459
Epoch: 177 	Training Cost: 5169.193468	 Valid Acc: 0.6675134067174711 	Best Valid Acc: 0.718459
Epoch: 178 	Training Cost: 5147.499034	 Valid Acc: 0.6687835167936776 	Best Valid Acc: 0.718459
Epoch: 179 	Training Cost: 5123.555348	 Valid Acc: 0.6673722833756703 	Best Valid Acc: 0.718459
Epoch: 180 	Training Cost: 5100.920231	 Valid Acc: 0.6694891335026814 	Best Valid Acc: 0.718459
Epoch: 181 	Training Cost: 5079.734121	 Valid Acc: 0.6666666666666666 	Best Valid Acc: 0.718459
Epoch: 182 	Training Cost: 5057.448250	 Valid Acc: 0.6686423934518769 	Best Valid Acc: 0.718459
Epoch: 183 	Training Cost: 5036.106884	 Valid Acc: 0.6669489133502682 	Best Valid Acc: 0.718459
Epoch: 184 	Training Cost: 5013.452213	 Valid Acc: 0.6673722833756703 	Best Valid Acc: 0.718459
Epoch: 185 	Training Cost: 4992.957966	 Valid Acc: 0.6670900366920689 	Best Valid Acc: 0.718459
Epoch: 186 	Training Cost: 4971.820849	 Valid Acc: 0.6673722833756703 	Best Valid Acc: 0.718459
Epoch: 187 	Training Cost: 4950.510083	 Valid Acc: 0.6672311600338696 	Best Valid Acc: 0.718459
Epoch: 188 	Training Cost: 4929.644868	 Valid Acc: 0.6668077900084673 	Best Valid Acc: 0.718459
Epoch: 189 	Training Cost: 4908.409453	 Valid Acc: 0.6668077900084673 	Best Valid Acc: 0.718459
Epoch: 190 	Training Cost: 4889.691756	 Valid Acc: 0.6658199266158623 	Best Valid Acc: 0.718459
Epoch: 191 	Training Cost: 4871.633667	 Valid Acc: 0.6670900366920689 	Best Valid Acc: 0.718459
Epoch: 192 	Training Cost: 4853.433055	 Valid Acc: 0.6641264465142535 	Best Valid Acc: 0.718459
Epoch: 193 	Training Cost: 4830.786560	 Valid Acc: 0.6648320632232572 	Best Valid Acc: 0.718459
Epoch: 194 	Training Cost: 4813.166122	 Valid Acc: 0.6656788032740615 	Best Valid Acc: 0.718459
Epoch: 195 	Training Cost: 4794.948624	 Valid Acc: 0.6655376799322608 	Best Valid Acc: 0.718459
Epoch: 196 	Training Cost: 4775.282954	 Valid Acc: 0.6656788032740615 	Best Valid Acc: 0.718459
Epoch: 197 	Training Cost: 4756.302487	 Valid Acc: 0.6658199266158623 	Best Valid Acc: 0.718459
Epoch: 198 	Training Cost: 4739.774647	 Valid Acc: 0.6649731865650579 	Best Valid Acc: 0.718459
Epoch: 199 	Training Cost: 4722.139570	 Valid Acc: 0.6651143099068586 	Best Valid Acc: 0.718459
Epoch: 200 	Training Cost: 4702.322374	 Valid Acc: 0.6663844199830652 	Best Valid Acc: 0.718459
lr=2e-05, lamb=0.0001, num_epoch=200, test_acc=0.659046006209427
----------------------------------------------------------
----------------------------------------------------------
lr=2e-05, lamb=0.001, num_epoch=200
Epoch: 1 	Training Cost: 13771.208972	 Valid Acc: 0.6539655659046006 	Best Valid Acc: 0.653966
Epoch: 2 	Training Cost: 12158.214622	 Valid Acc: 0.6738639570985041 	Best Valid Acc: 0.673864
Epoch: 3 	Training Cost: 11784.514214	 Valid Acc: 0.6838837143663562 	Best Valid Acc: 0.683884
Epoch: 4 	Training Cost: 11639.855078	 Valid Acc: 0.6841659610499576 	Best Valid Acc: 0.684166
Epoch: 5 	Training Cost: 11563.849808	 Valid Acc: 0.6855771944679651 	Best Valid Acc: 0.685577
Epoch: 6 	Training Cost: 11505.506256	 Valid Acc: 0.6858594411515665 	Best Valid Acc: 0.685859
Epoch: 7 	Training Cost: 11440.308034	 Valid Acc: 0.6838837143663562 	Best Valid Acc: 0.685859
Epoch: 8 	Training Cost: 11353.023935	 Valid Acc: 0.687694044594976 	Best Valid Acc: 0.687694
Epoch: 9 	Training Cost: 11220.413575	 Valid Acc: 0.6912221281399944 	Best Valid Acc: 0.691222
Epoch: 10 	Training Cost: 11042.954950	 Valid Acc: 0.6987016652554332 	Best Valid Acc: 0.698702
Epoch: 11 	Training Cost: 10864.349845	 Valid Acc: 0.7029353655094552 	Best Valid Acc: 0.702935
Epoch: 12 	Training Cost: 10716.207868	 Valid Acc: 0.7050522156364663 	Best Valid Acc: 0.705052
Epoch: 13 	Training Cost: 10600.280816	 Valid Acc: 0.7091447925486876 	Best Valid Acc: 0.709145
Epoch: 14 	Training Cost: 10509.533048	 Valid Acc: 0.7106971493084956 	Best Valid Acc: 0.710697
Epoch: 15 	Training Cost: 10437.504002	 Valid Acc: 0.7116850127011007 	Best Valid Acc: 0.711685
Epoch: 16 	Training Cost: 10380.707008	 Valid Acc: 0.7119672593847022 	Best Valid Acc: 0.711967
Epoch: 17 	Training Cost: 10333.979236	 Valid Acc: 0.7119672593847022 	Best Valid Acc: 0.711967
Epoch: 18 	Training Cost: 10295.709231	 Valid Acc: 0.7122495060683037 	Best Valid Acc: 0.712250
Epoch: 19 	Training Cost: 10263.920165	 Valid Acc: 0.7119672593847022 	Best Valid Acc: 0.712250
Epoch: 20 	Training Cost: 10236.724519	 Valid Acc: 0.7125317527519052 	Best Valid Acc: 0.712532
Epoch: 21 	Training Cost: 10213.443066	 Valid Acc: 0.713096246119108 	Best Valid Acc: 0.713096
Epoch: 22 	Training Cost: 10193.081779	 Valid Acc: 0.7125317527519052 	Best Valid Acc: 0.713096
Epoch: 23 	Training Cost: 10174.903145	 Valid Acc: 0.712108382726503 	Best Valid Acc: 0.713096
Epoch: 24 	Training Cost: 10158.502008	 Valid Acc: 0.7129551227773073 	Best Valid Acc: 0.713096
Epoch: 25 	Training Cost: 10143.601006	 Valid Acc: 0.7140841095117132 	Best Valid Acc: 0.714084
Epoch: 26 	Training Cost: 10129.905345	 Valid Acc: 0.7147897262207169 	Best Valid Acc: 0.714790
Epoch: 27 	Training Cost: 10117.067457	 Valid Acc: 0.7145074795371155 	Best Valid Acc: 0.714790
Epoch: 28 	Training Cost: 10104.973426	 Valid Acc: 0.713660739486311 	Best Valid Acc: 0.714790
Epoch: 29 	Training Cost: 10093.388308	 Valid Acc: 0.713096246119108 	Best Valid Acc: 0.714790
Epoch: 30 	Training Cost: 10082.486735	 Valid Acc: 0.713096246119108 	Best Valid Acc: 0.714790
Epoch: 31 	Training Cost: 10071.495111	 Valid Acc: 0.7129551227773073 	Best Valid Acc: 0.714790
Epoch: 32 	Training Cost: 10061.064114	 Valid Acc: 0.7135196161445103 	Best Valid Acc: 0.714790
Epoch: 33 	Training Cost: 10050.805887	 Valid Acc: 0.7135196161445103 	Best Valid Acc: 0.714790
Epoch: 34 	Training Cost: 10040.933578	 Valid Acc: 0.7135196161445103 	Best Valid Acc: 0.714790
Epoch: 35 	Training Cost: 10030.938701	 Valid Acc: 0.7125317527519052 	Best Valid Acc: 0.714790
Epoch: 36 	Training Cost: 10021.252525	 Valid Acc: 0.7128139994355066 	Best Valid Acc: 0.714790
Epoch: 37 	Training Cost: 10011.647282	 Valid Acc: 0.7126728760937059 	Best Valid Acc: 0.714790
Epoch: 38 	Training Cost: 10002.119426	 Valid Acc: 0.7122495060683037 	Best Valid Acc: 0.714790
Epoch: 39 	Training Cost: 9992.974817	 Valid Acc: 0.7126728760937059 	Best Valid Acc: 0.714790
Epoch: 40 	Training Cost: 9983.223264	 Valid Acc: 0.7132373694609089 	Best Valid Acc: 0.714790
Epoch: 41 	Training Cost: 9974.516595	 Valid Acc: 0.7135196161445103 	Best Valid Acc: 0.714790
Epoch: 42 	Training Cost: 9964.964283	 Valid Acc: 0.7139429861699125 	Best Valid Acc: 0.714790
Epoch: 43 	Training Cost: 9955.848279	 Valid Acc: 0.7145074795371155 	Best Valid Acc: 0.714790
Epoch: 44 	Training Cost: 9946.488368	 Valid Acc: 0.7139429861699125 	Best Valid Acc: 0.714790
Epoch: 45 	Training Cost: 9937.101078	 Valid Acc: 0.7145074795371155 	Best Valid Acc: 0.714790
Epoch: 46 	Training Cost: 9927.697950	 Valid Acc: 0.7143663561953147 	Best Valid Acc: 0.714790
Epoch: 47 	Training Cost: 9917.996683	 Valid Acc: 0.7143663561953147 	Best Valid Acc: 0.714790
Epoch: 48 	Training Cost: 9908.256612	 Valid Acc: 0.7152130962461191 	Best Valid Acc: 0.715213
Epoch: 49 	Training Cost: 9898.000406	 Valid Acc: 0.715777589613322 	Best Valid Acc: 0.715778
Epoch: 50 	Training Cost: 9887.733726	 Valid Acc: 0.7164832063223258 	Best Valid Acc: 0.716483
Epoch: 51 	Training Cost: 9876.912547	 Valid Acc: 0.7162009596387242 	Best Valid Acc: 0.716483
Epoch: 52 	Training Cost: 9865.884679	 Valid Acc: 0.7160598362969235 	Best Valid Acc: 0.716483
Epoch: 53 	Training Cost: 9853.993505	 Valid Acc: 0.7156364662715213 	Best Valid Acc: 0.716483
Epoch: 54 	Training Cost: 9842.206837	 Valid Acc: 0.715777589613322 	Best Valid Acc: 0.716483
Epoch: 55 	Training Cost: 9829.377419	 Valid Acc: 0.7156364662715213 	Best Valid Acc: 0.716483
Epoch: 56 	Training Cost: 9816.351113	 Valid Acc: 0.7150719729043183 	Best Valid Acc: 0.716483
Epoch: 57 	Training Cost: 9802.778799	 Valid Acc: 0.7147897262207169 	Best Valid Acc: 0.716483
Epoch: 58 	Training Cost: 9788.621596	 Valid Acc: 0.7143663561953147 	Best Valid Acc: 0.716483
Epoch: 59 	Training Cost: 9773.810612	 Valid Acc: 0.7147897262207169 	Best Valid Acc: 0.716483
Epoch: 60 	Training Cost: 9758.457185	 Valid Acc: 0.714225232853514 	Best Valid Acc: 0.716483
Epoch: 61 	Training Cost: 9742.594455	 Valid Acc: 0.7133784928027096 	Best Valid Acc: 0.716483
Epoch: 62 	Training Cost: 9726.216933	 Valid Acc: 0.7123906294101044 	Best Valid Acc: 0.716483
Epoch: 63 	Training Cost: 9709.821155	 Valid Acc: 0.7119672593847022 	Best Valid Acc: 0.716483
Epoch: 64 	Training Cost: 9693.169190	 Valid Acc: 0.7115438893593 	Best Valid Acc: 0.716483
Epoch: 65 	Training Cost: 9676.604117	 Valid Acc: 0.7112616426756986 	Best Valid Acc: 0.716483
Epoch: 66 	Training Cost: 9660.437978	 Valid Acc: 0.7104149026248942 	Best Valid Acc: 0.716483
Epoch: 67 	Training Cost: 9644.509756	 Valid Acc: 0.7108382726502963 	Best Valid Acc: 0.716483
Epoch: 68 	Training Cost: 9629.397725	 Valid Acc: 0.7101326559412927 	Best Valid Acc: 0.716483
Epoch: 69 	Training Cost: 9614.354308	 Valid Acc: 0.7101326559412927 	Best Valid Acc: 0.716483
Epoch: 70 	Training Cost: 9600.265267	 Valid Acc: 0.7098504092576913 	Best Valid Acc: 0.716483
Epoch: 71 	Training Cost: 9586.656501	 Valid Acc: 0.7082980524978831 	Best Valid Acc: 0.716483
Epoch: 72 	Training Cost: 9574.070371	 Valid Acc: 0.7080158058142817 	Best Valid Acc: 0.716483
Epoch: 73 	Training Cost: 9561.079643	 Valid Acc: 0.7082980524978831 	Best Valid Acc: 0.716483
Epoch: 74 	Training Cost: 9550.255885	 Valid Acc: 0.7064634490544736 	Best Valid Acc: 0.716483
Epoch: 75 	Training Cost: 9538.951167	 Valid Acc: 0.7075924357888794 	Best Valid Acc: 0.716483
Epoch: 76 	Training Cost: 9529.295573	 Valid Acc: 0.707310189105278 	Best Valid Acc: 0.716483
Epoch: 77 	Training Cost: 9517.303053	 Valid Acc: 0.7056167090036692 	Best Valid Acc: 0.716483
Epoch: 78 	Training Cost: 9506.815696	 Valid Acc: 0.7074513124470787 	Best Valid Acc: 0.716483
Epoch: 79 	Training Cost: 9496.455360	 Valid Acc: 0.7056167090036692 	Best Valid Acc: 0.716483
Epoch: 80 	Training Cost: 9487.073689	 Valid Acc: 0.7064634490544736 	Best Valid Acc: 0.716483
Epoch: 81 	Training Cost: 9476.494254	 Valid Acc: 0.7053344623200677 	Best Valid Acc: 0.716483
Epoch: 82 	Training Cost: 9468.033748	 Valid Acc: 0.7067456957380751 	Best Valid Acc: 0.716483
Epoch: 83 	Training Cost: 9458.075658	 Valid Acc: 0.7050522156364663 	Best Valid Acc: 0.716483
Epoch: 84 	Training Cost: 9449.355354	 Valid Acc: 0.7063223257126728 	Best Valid Acc: 0.716483
Epoch: 85 	Training Cost: 9440.435639	 Valid Acc: 0.7044877222692634 	Best Valid Acc: 0.716483
Epoch: 86 	Training Cost: 9432.162084	 Valid Acc: 0.7050522156364663 	Best Valid Acc: 0.716483
Epoch: 87 	Training Cost: 9423.352945	 Valid Acc: 0.7027942421676545 	Best Valid Acc: 0.716483
Epoch: 88 	Training Cost: 9415.670414	 Valid Acc: 0.7046288456110641 	Best Valid Acc: 0.716483
Epoch: 89 	Training Cost: 9407.716295	 Valid Acc: 0.7029353655094552 	Best Valid Acc: 0.716483
Epoch: 90 	Training Cost: 9400.012050	 Valid Acc: 0.7039232289020604 	Best Valid Acc: 0.716483
Epoch: 91 	Training Cost: 9392.227980	 Valid Acc: 0.7022297488004516 	Best Valid Acc: 0.716483
Epoch: 92 	Training Cost: 9384.075172	 Valid Acc: 0.7046288456110641 	Best Valid Acc: 0.716483
Epoch: 93 	Training Cost: 9376.527707	 Valid Acc: 0.7026531188258538 	Best Valid Acc: 0.716483
Epoch: 94 	Training Cost: 9368.622991	 Valid Acc: 0.7054755856618685 	Best Valid Acc: 0.716483
Epoch: 95 	Training Cost: 9361.908046	 Valid Acc: 0.7026531188258538 	Best Valid Acc: 0.716483
Epoch: 96 	Training Cost: 9354.694534	 Valid Acc: 0.70575783234547 	Best Valid Acc: 0.716483
Epoch: 97 	Training Cost: 9347.087328	 Valid Acc: 0.7037821055602597 	Best Valid Acc: 0.716483
Epoch: 98 	Training Cost: 9340.091332	 Valid Acc: 0.7040643522438611 	Best Valid Acc: 0.716483
Epoch: 99 	Training Cost: 9331.832111	 Valid Acc: 0.7042054755856618 	Best Valid Acc: 0.716483
Epoch: 100 	Training Cost: 9326.642426	 Valid Acc: 0.7037821055602597 	Best Valid Acc: 0.716483
Epoch: 101 	Training Cost: 9319.150124	 Valid Acc: 0.7040643522438611 	Best Valid Acc: 0.716483
Epoch: 102 	Training Cost: 9312.578319	 Valid Acc: 0.7042054755856618 	Best Valid Acc: 0.716483
Epoch: 103 	Training Cost: 9305.568841	 Valid Acc: 0.7042054755856618 	Best Valid Acc: 0.716483
Epoch: 104 	Training Cost: 9298.620422	 Valid Acc: 0.7033587355348575 	Best Valid Acc: 0.716483
Epoch: 105 	Training Cost: 9291.549897	 Valid Acc: 0.7049110922946655 	Best Valid Acc: 0.716483
Epoch: 106 	Training Cost: 9285.839022	 Valid Acc: 0.705193338978267 	Best Valid Acc: 0.716483
Epoch: 107 	Training Cost: 9278.651785	 Valid Acc: 0.7032176121930568 	Best Valid Acc: 0.716483
Epoch: 108 	Training Cost: 9274.138225	 Valid Acc: 0.7042054755856618 	Best Valid Acc: 0.716483
Epoch: 109 	Training Cost: 9268.056595	 Valid Acc: 0.7042054755856618 	Best Valid Acc: 0.716483
Epoch: 110 	Training Cost: 9262.466560	 Valid Acc: 0.7050522156364663 	Best Valid Acc: 0.716483
Epoch: 111 	Training Cost: 9256.315615	 Valid Acc: 0.7050522156364663 	Best Valid Acc: 0.716483
Epoch: 112 	Training Cost: 9251.453624	 Valid Acc: 0.7037821055602597 	Best Valid Acc: 0.716483
Epoch: 113 	Training Cost: 9244.981216	 Valid Acc: 0.705193338978267 	Best Valid Acc: 0.716483
Epoch: 114 	Training Cost: 9240.171621	 Valid Acc: 0.7032176121930568 	Best Valid Acc: 0.716483
Epoch: 115 	Training Cost: 9234.595989	 Valid Acc: 0.7033587355348575 	Best Valid Acc: 0.716483
Epoch: 116 	Training Cost: 9228.810110	 Valid Acc: 0.7016652554332486 	Best Valid Acc: 0.716483
Epoch: 117 	Training Cost: 9224.578002	 Valid Acc: 0.7040643522438611 	Best Valid Acc: 0.716483
Epoch: 118 	Training Cost: 9219.384426	 Valid Acc: 0.7016652554332486 	Best Valid Acc: 0.716483
Epoch: 119 	Training Cost: 9215.207667	 Valid Acc: 0.7036409822184589 	Best Valid Acc: 0.716483
Epoch: 120 	Training Cost: 9209.425023	 Valid Acc: 0.7027942421676545 	Best Valid Acc: 0.716483
Epoch: 121 	Training Cost: 9205.952526	 Valid Acc: 0.7020886254586508 	Best Valid Acc: 0.716483
Epoch: 122 	Training Cost: 9200.268119	 Valid Acc: 0.7039232289020604 	Best Valid Acc: 0.716483
Epoch: 123 	Training Cost: 9195.669556	 Valid Acc: 0.7023708721422524 	Best Valid Acc: 0.716483
Epoch: 124 	Training Cost: 9193.195571	 Valid Acc: 0.7034998588766582 	Best Valid Acc: 0.716483
Epoch: 125 	Training Cost: 9188.390363	 Valid Acc: 0.7042054755856618 	Best Valid Acc: 0.716483
Epoch: 126 	Training Cost: 9182.952448	 Valid Acc: 0.7046288456110641 	Best Valid Acc: 0.716483
Epoch: 127 	Training Cost: 9178.519360	 Valid Acc: 0.7032176121930568 	Best Valid Acc: 0.716483
Epoch: 128 	Training Cost: 9174.064162	 Valid Acc: 0.7019475021168501 	Best Valid Acc: 0.716483
Epoch: 129 	Training Cost: 9169.396770	 Valid Acc: 0.7032176121930568 	Best Valid Acc: 0.716483
Epoch: 130 	Training Cost: 9167.021361	 Valid Acc: 0.7027942421676545 	Best Valid Acc: 0.716483
Epoch: 131 	Training Cost: 9162.515481	 Valid Acc: 0.7033587355348575 	Best Valid Acc: 0.716483
Epoch: 132 	Training Cost: 9157.397810	 Valid Acc: 0.7019475021168501 	Best Valid Acc: 0.716483
Epoch: 133 	Training Cost: 9156.061805	 Valid Acc: 0.7027942421676545 	Best Valid Acc: 0.716483
Epoch: 134 	Training Cost: 9151.854563	 Valid Acc: 0.7037821055602597 	Best Valid Acc: 0.716483
Epoch: 135 	Training Cost: 9146.496218	 Valid Acc: 0.703076488851256 	Best Valid Acc: 0.716483
Epoch: 136 	Training Cost: 9143.688371	 Valid Acc: 0.7016652554332486 	Best Valid Acc: 0.716483
Epoch: 137 	Training Cost: 9139.115581	 Valid Acc: 0.7023708721422524 	Best Valid Acc: 0.716483
Epoch: 138 	Training Cost: 9136.963684	 Valid Acc: 0.7011007620660458 	Best Valid Acc: 0.716483
Epoch: 139 	Training Cost: 9132.520590	 Valid Acc: 0.7020886254586508 	Best Valid Acc: 0.716483
Epoch: 140 	Training Cost: 9127.649260	 Valid Acc: 0.7018063787750494 	Best Valid Acc: 0.716483
Epoch: 141 	Training Cost: 9126.109730	 Valid Acc: 0.7029353655094552 	Best Valid Acc: 0.716483
Epoch: 142 	Training Cost: 9121.724124	 Valid Acc: 0.7005362686988428 	Best Valid Acc: 0.716483
Epoch: 143 	Training Cost: 9119.516104	 Valid Acc: 0.7020886254586508 	Best Valid Acc: 0.716483
Epoch: 144 	Training Cost: 9116.621026	 Valid Acc: 0.7012418854078465 	Best Valid Acc: 0.716483
Epoch: 145 	Training Cost: 9112.207089	 Valid Acc: 0.7011007620660458 	Best Valid Acc: 0.716483
Epoch: 146 	Training Cost: 9108.365023	 Valid Acc: 0.7018063787750494 	Best Valid Acc: 0.716483
Epoch: 147 	Training Cost: 9106.267089	 Valid Acc: 0.7019475021168501 	Best Valid Acc: 0.716483
Epoch: 148 	Training Cost: 9103.244270	 Valid Acc: 0.7002540220152413 	Best Valid Acc: 0.716483
Epoch: 149 	Training Cost: 9098.981137	 Valid Acc: 0.7002540220152413 	Best Valid Acc: 0.716483
Epoch: 150 	Training Cost: 9094.680331	 Valid Acc: 0.7018063787750494 	Best Valid Acc: 0.716483
Epoch: 151 	Training Cost: 9093.124077	 Valid Acc: 0.6999717753316399 	Best Valid Acc: 0.716483
Epoch: 152 	Training Cost: 9090.612245	 Valid Acc: 0.7005362686988428 	Best Valid Acc: 0.716483
Epoch: 153 	Training Cost: 9086.758579	 Valid Acc: 0.7016652554332486 	Best Valid Acc: 0.716483
Epoch: 154 	Training Cost: 9082.547195	 Valid Acc: 0.7011007620660458 	Best Valid Acc: 0.716483
Epoch: 155 	Training Cost: 9080.205541	 Valid Acc: 0.6987016652554332 	Best Valid Acc: 0.716483
Epoch: 156 	Training Cost: 9078.126589	 Valid Acc: 0.7025119954840531 	Best Valid Acc: 0.716483
Epoch: 157 	Training Cost: 9075.161610	 Valid Acc: 0.6992661586226362 	Best Valid Acc: 0.716483
Epoch: 158 	Training Cost: 9069.045679	 Valid Acc: 0.7001128986734406 	Best Valid Acc: 0.716483
Epoch: 159 	Training Cost: 9068.968233	 Valid Acc: 0.6999717753316399 	Best Valid Acc: 0.716483
Epoch: 160 	Training Cost: 9067.337290	 Valid Acc: 0.6992661586226362 	Best Valid Acc: 0.716483
Epoch: 161 	Training Cost: 9062.326248	 Valid Acc: 0.7008185153824442 	Best Valid Acc: 0.716483
Epoch: 162 	Training Cost: 9057.948040	 Valid Acc: 0.7006773920406435 	Best Valid Acc: 0.716483
Epoch: 163 	Training Cost: 9055.764481	 Valid Acc: 0.7008185153824442 	Best Valid Acc: 0.716483
Epoch: 164 	Training Cost: 9052.870884	 Valid Acc: 0.7011007620660458 	Best Valid Acc: 0.716483
Epoch: 165 	Training Cost: 9050.520670	 Valid Acc: 0.698842788597234 	Best Valid Acc: 0.716483
Epoch: 166 	Training Cost: 9046.355564	 Valid Acc: 0.7011007620660458 	Best Valid Acc: 0.716483
Epoch: 167 	Training Cost: 9045.482767	 Valid Acc: 0.6999717753316399 	Best Valid Acc: 0.716483
Epoch: 168 	Training Cost: 9041.562151	 Valid Acc: 0.6995484053062376 	Best Valid Acc: 0.716483
Epoch: 169 	Training Cost: 9038.126206	 Valid Acc: 0.6992661586226362 	Best Valid Acc: 0.716483
Epoch: 170 	Training Cost: 9035.237860	 Valid Acc: 0.6995484053062376 	Best Valid Acc: 0.716483
Epoch: 171 	Training Cost: 9032.951631	 Valid Acc: 0.698842788597234 	Best Valid Acc: 0.716483
Epoch: 172 	Training Cost: 9029.193495	 Valid Acc: 0.6979960485464296 	Best Valid Acc: 0.716483
Epoch: 173 	Training Cost: 9027.176262	 Valid Acc: 0.6994072819644369 	Best Valid Acc: 0.716483
Epoch: 174 	Training Cost: 9025.166514	 Valid Acc: 0.696725938470223 	Best Valid Acc: 0.716483
Epoch: 175 	Training Cost: 9022.456057	 Valid Acc: 0.6974315551792266 	Best Valid Acc: 0.716483
Epoch: 176 	Training Cost: 9019.111452	 Valid Acc: 0.6968670618120237 	Best Valid Acc: 0.716483
Epoch: 177 	Training Cost: 9014.706488	 Valid Acc: 0.6996895286480384 	Best Valid Acc: 0.716483
Epoch: 178 	Training Cost: 9012.405210	 Valid Acc: 0.6964436917866215 	Best Valid Acc: 0.716483
Epoch: 179 	Training Cost: 9009.196429	 Valid Acc: 0.6987016652554332 	Best Valid Acc: 0.716483
Epoch: 180 	Training Cost: 9005.871692	 Valid Acc: 0.6968670618120237 	Best Valid Acc: 0.716483
Epoch: 181 	Training Cost: 9002.349923	 Valid Acc: 0.6996895286480384 	Best Valid Acc: 0.716483
Epoch: 182 	Training Cost: 8999.028591	 Valid Acc: 0.6972904318374259 	Best Valid Acc: 0.716483
Epoch: 183 	Training Cost: 8995.985047	 Valid Acc: 0.6994072819644369 	Best Valid Acc: 0.716483
Epoch: 184 	Training Cost: 8992.524650	 Valid Acc: 0.6970081851538245 	Best Valid Acc: 0.716483
Epoch: 185 	Training Cost: 8989.435794	 Valid Acc: 0.6984194185718318 	Best Valid Acc: 0.716483
Epoch: 186 	Training Cost: 8985.562364	 Valid Acc: 0.6974315551792266 	Best Valid Acc: 0.716483
Epoch: 187 	Training Cost: 8982.089617	 Valid Acc: 0.6994072819644369 	Best Valid Acc: 0.716483
Epoch: 188 	Training Cost: 8978.227748	 Valid Acc: 0.6979960485464296 	Best Valid Acc: 0.716483
Epoch: 189 	Training Cost: 8974.630849	 Valid Acc: 0.6977138018628282 	Best Valid Acc: 0.716483
Epoch: 190 	Training Cost: 8970.583853	 Valid Acc: 0.696725938470223 	Best Valid Acc: 0.716483
Epoch: 191 	Training Cost: 8966.294025	 Valid Acc: 0.6972904318374259 	Best Valid Acc: 0.716483
Epoch: 192 	Training Cost: 8961.685186	 Valid Acc: 0.6978549252046289 	Best Valid Acc: 0.716483
Epoch: 193 	Training Cost: 8957.819519	 Valid Acc: 0.6978549252046289 	Best Valid Acc: 0.716483
Epoch: 194 	Training Cost: 8953.045391	 Valid Acc: 0.6991250352808355 	Best Valid Acc: 0.716483
Epoch: 195 	Training Cost: 8949.009528	 Valid Acc: 0.6994072819644369 	Best Valid Acc: 0.716483
Epoch: 196 	Training Cost: 8943.515329	 Valid Acc: 0.6994072819644369 	Best Valid Acc: 0.716483
Epoch: 197 	Training Cost: 8939.143847	 Valid Acc: 0.6989839119390348 	Best Valid Acc: 0.716483
Epoch: 198 	Training Cost: 8933.147088	 Valid Acc: 0.7002540220152413 	Best Valid Acc: 0.716483
Epoch: 199 	Training Cost: 8927.702628	 Valid Acc: 0.6992661586226362 	Best Valid Acc: 0.716483
Epoch: 200 	Training Cost: 8921.475150	 Valid Acc: 0.698842788597234 	Best Valid Acc: 0.716483
lr=2e-05, lamb=0.001, num_epoch=200, test_acc=0.6971493084956252
----------------------------------------------------------
lr=2e-05, lamb=0, best_valid_acc=([13291.437123894691, 11826.168367147446, 11514.658603966236, 11409.173801064491, 11346.202984809875, 11284.317123830318, 11195.920428037643, 11069.477736711502, 10919.401859164238, 10769.629374086857, 10634.364024817944, 10516.226136565208, 10411.957147598267, 10319.365967571735, 10238.356039404869, 10168.56325829029, 10108.24592423439, 10055.441890895367, 10008.784262120724, 9966.994613587856, 9929.308416366577, 9894.550173163414, 9862.154837727547, 9831.507130205631, 9802.58927193284, 9774.733198598027, 9747.461729571223, 9720.180553555489, 9692.612687766552, 9663.778397902846, 9633.322697281837, 9600.588331460953, 9565.043432295322, 9526.244701847434, 9484.141776666045, 9439.1426718086, 9391.44953289628, 9342.025795415044, 9291.068331807852, 9239.161581620574, 9187.148580640554, 9135.645212113857, 9084.423883110285, 9033.809751480818, 8983.816795229912, 8934.100373245776, 8884.25691844523, 8834.80856898427, 8784.670841403306, 8734.981592036784, 8684.339930832386, 8632.675322130322, 8580.571957930923, 8527.980307385325, 8476.081827871501, 8423.125862441957, 8370.010047495365, 8317.254244834185, 8263.418164178729, 8210.138170406222, 8156.540183216333, 8102.859907023609, 8049.314769819379, 7995.965208381414, 7943.065887503326, 7890.826106630266, 7837.571726985276, 7786.044515907764, 7734.5658680945635, 7684.180046625435, 7634.6609003171325, 7585.697708882391, 7536.637264639139, 7488.565715461969, 7439.788177743554, 7391.911796756089, 7344.299164861441, 7295.883316919208, 7248.973393261433, 7201.344479575753, 7153.675896912813, 7105.848776996136, 7057.386607289314, 7009.387510977685, 6960.752469107509, 6912.592981979251, 6865.121985353529, 6815.881290599704, 6767.558012068272, 6718.084056373686, 6669.684709906578, 6620.4396908544, 6572.136200688779, 6522.975869171321, 6473.855249077082, 6424.721012596041, 6376.870721813291, 6329.215453751385, 6281.400581162423, 6233.441572446376, 6186.002159263939, 6138.714237011969, 6092.509495895356, 6046.616328440607, 6001.486278224736, 5956.5980781540275, 5912.069203555584, 5868.43968000263, 5824.515994889662, 5781.886879447848, 5739.427108235657, 5697.993587544188, 5654.973578969017, 5613.900900153443, 5572.769569443539, 5531.836467515677, 5492.055913792923, 5451.799001721665, 5412.638601665385, 5372.592292484827, 5333.802811851725, 5294.657508299686, 5255.890884556808, 5217.572350848466, 5179.103503184393, 5141.133694198914, 5103.314154754393, 5065.661430124193, 5028.317230629735, 4991.502198641188, 4954.934948205482, 4918.876400732901, 4881.8762189392, 4846.159414449707, 4809.597053366248, 4775.0844099354, 4738.984348823782, 4704.475764592178, 4669.724471444264, 4636.412083005533, 4600.724885583157, 4566.965023551602, 4533.753611351596, 4500.326485511148, 4466.81668933155, 4434.615490167402, 4402.689363015816, 4369.682549376739, 4337.1715068835765, 4304.879689971218, 4273.481403673533, 4241.60334066255, 4210.649108686252, 4179.679251578171, 4151.211087442003, 4119.737166596577, 4088.4283367185853, 4059.665311493911, 4031.022937167203, 4002.2769537770655, 3972.9274655099725, 3945.478915437474, 3915.3688428048044, 3889.6078748552827, 3860.6675176965073, 3831.295229904703, 3804.015170333092, 3780.5991475398187, 3753.2275054309284, 3726.976795577968, 3698.356455867528, 3671.5283154431963, 3645.9911792385974, 3620.7841880851192, 3595.4762656409293, 3572.0088506210013, 3545.552378960827, 3522.4517452923465, 3495.846371263324, 3472.180217578425, 3447.0207329273107, 3424.0394667607616, 3399.6278774318635, 3376.7866881521186, 3352.213383679162, 3330.297074171045, 3306.014682098641, 3282.9413480223157, 3258.830391930329, 3236.0900376270874, 3214.5148810141545, 3192.5408254873473, 3170.6421573116386, 3148.835626521264, 3128.703151810245, 3105.0987020694593, 3084.1211123826215, 3062.1548245651793, 3042.5315945759794, 3020.884325109684], [0.6618684730454417, 0.6783799040361276, 0.6843070843917584, 0.6852949477843635, 0.6874117979113745, 0.6868473045441716, 0.6874117979113745, 0.6895286480383855, 0.6954558283940163, 0.6974315551792266, 0.7009596387242449, 0.7016652554332486, 0.7027942421676545, 0.7037821055602597, 0.7049110922946655, 0.707310189105278, 0.7085802991814846, 0.7095681625740897, 0.7098504092576913, 0.7114027660174993, 0.712108382726503, 0.7122495060683037, 0.7116850127011007, 0.7123906294101044, 0.712108382726503, 0.7135196161445103, 0.7140841095117132, 0.7129551227773073, 0.713096246119108, 0.7128139994355066, 0.7126728760937059, 0.7132373694609089, 0.7140841095117132, 0.7149308495625176, 0.7146486028789162, 0.7150719729043183, 0.7152130962461191, 0.7138018628281118, 0.7122495060683037, 0.7106971493084956, 0.7098504092576913, 0.7088625458650861, 0.7088625458650861, 0.7098504092576913, 0.7082980524978831, 0.7084391758396839, 0.7068868190798758, 0.707310189105278, 0.7046288456110641, 0.7044877222692634, 0.703076488851256, 0.7026531188258538, 0.7008185153824442, 0.7009596387242449, 0.698842788597234, 0.7003951453570421, 0.6978549252046289, 0.6977138018628282, 0.6971493084956252, 0.6947502116850127, 0.6955969517358171, 0.694609088343212, 0.6951735817104149, 0.6937623482924076, 0.6933389782670054, 0.6930567315834039, 0.6913632514817951, 0.6917866215071973, 0.6907987581145921, 0.6899520180637877, 0.6892464013547841, 0.6888230313293818, 0.6906576347727914, 0.6878351679367768, 0.6886819079875811, 0.6864239345187694, 0.6872706745695738, 0.6872706745695738, 0.6860005644933672, 0.6857183178097658, 0.6855771944679651, 0.6844482077335591, 0.6838837143663562, 0.6847304544171606, 0.683460344340954, 0.6820491109229466, 0.6830369743155518, 0.6800733841377364, 0.6790855207451313, 0.6789443974033305, 0.6806378775049393, 0.6799322607959356, 0.6809201241885408, 0.6789443974033305, 0.6796500141123342, 0.6806378775049393, 0.6795088907705334, 0.6782387806943269, 0.6769686706181203, 0.678662150719729, 0.676545300592718, 0.6775331639853232, 0.6762630539091166, 0.6758396838837144, 0.6759808072255151, 0.6759808072255151, 0.6758396838837144, 0.674428450465707, 0.6755574372001129, 0.6745695738075078, 0.6745695738075078, 0.6716059836296924, 0.6759808072255151, 0.6710414902624894, 0.6754163138583121, 0.6710414902624894, 0.67499294383291, 0.6724527236804968, 0.67499294383291, 0.6725938470222975, 0.6745695738075078, 0.6721704769968952, 0.6727349703640982, 0.6707592435788879, 0.6727349703640982, 0.6697713801862828, 0.6703358735534858, 0.6685012701100762, 0.6689246401354784, 0.6669489133502682, 0.6677956534010725, 0.6672311600338696, 0.6675134067174711, 0.6668077900084673, 0.6676545300592718, 0.6663844199830652, 0.6655376799322608, 0.6670900366920689, 0.6669489133502682, 0.6677956534010725, 0.6677956534010725, 0.6682190234264748, 0.6665255433248659, 0.6683601467682755, 0.6666666666666666, 0.6694891335026814, 0.6646909398814564, 0.668077900084674, 0.6648320632232572, 0.6641264465142535, 0.6651143099068586, 0.6628563364380469, 0.6655376799322608, 0.6629974597798476, 0.6649731865650579, 0.6625740897544454, 0.6645498165396556, 0.6641264465142535, 0.6629974597798476, 0.6634208298052497, 0.6629974597798476, 0.6628563364380469, 0.661727349703641, 0.6621507197290432, 0.6615862263618403, 0.6620095963872424, 0.6586226361840248, 0.6613039796782387, 0.6589048828676263, 0.6594693762348293, 0.6586226361840248, 0.6597516229184307, 0.6577758961332204, 0.6603161162856337, 0.657493649449619, 0.6605983629692351, 0.6570702794242168, 0.6600338696020321, 0.6584815128422241, 0.6591871295512278, 0.6573525261078182, 0.6576347727914197, 0.657493649449619, 0.6593282528930285, 0.6548123059554051, 0.658058142816822, 0.655376799322608, 0.6567880327406153, 0.6570702794242168, 0.6556590460062094, 0.6576347727914197, 0.6579170194750211, 0.6577758961332204, 0.6560824160316117, 0.6563646627152131, 0.6566469093988145, 0.6566469093988145, 0.6562235393734124, 0.6581992661586227, 0.6538244425627999])
lr=2e-05, lamb=0.0001, best_valid_acc=([13338.31724536419, 11870.093585729599, 11561.470931887627, 11460.295302152634, 11405.308329045773, 11359.551985263824, 11302.851833462715, 11220.3716878891, 11106.799820184708, 10966.26583969593, 10805.748336911201, 10645.760488569736, 10506.015824258327, 10392.506138086319, 10300.850842475891, 10226.434486210346, 10164.702341109514, 10112.907882213593, 10069.175145626068, 10031.759680867195, 9999.16298443079, 9970.315805733204, 9944.38547423482, 9920.686837628484, 9898.589516669512, 9877.74428871274, 9857.67129200697, 9838.178269550204, 9818.595373734832, 9798.881696909666, 9778.809004724026, 9757.961602911353, 9735.794298887253, 9712.065647527575, 9686.271383106709, 9658.262874186039, 9627.889508411288, 9595.278180673718, 9560.54416064918, 9524.207437962294, 9486.49849538505, 9447.751978114247, 9407.909902215004, 9367.063460737467, 9325.16653290391, 9282.405670136213, 9239.018809497356, 9195.415886223316, 9151.619087144732, 9108.333817958832, 9065.197559207678, 9022.57362908125, 8979.848515301943, 8937.178420424461, 8894.818023249507, 8853.6937879771, 8812.173295788467, 8771.57529757917, 8730.246876522899, 8691.531853720546, 8653.924713611603, 8613.263766735792, 8576.62984636426, 8537.91887037456, 8502.238069728017, 8466.648140966892, 8431.719108015299, 8397.55804207921, 8363.730762958527, 8329.19769269973, 8296.928372055292, 8262.776060245931, 8230.821741476655, 8196.62207518518, 8163.9346898421645, 8129.979347705841, 8097.502175711095, 8063.733429282904, 8030.331294134259, 7996.67292586714, 7963.09515888989, 7929.52834866941, 7896.554435327649, 7863.257721602917, 7831.226399384439, 7798.416682198644, 7767.708343505859, 7734.572503373027, 7703.928172558546, 7670.975973799825, 7639.316700898111, 7606.972034923732, 7575.74734582752, 7542.845781609416, 7511.328693531454, 7478.427834697068, 7445.315292626619, 7414.3341331109405, 7380.5044981613755, 7348.295338109136, 7314.725091300905, 7282.061839334667, 7249.65181492269, 7216.600144669414, 7183.577380828559, 7150.776763923466, 7119.063328832388, 7087.889291927218, 7055.42632355541, 7022.913105525076, 6990.9530835822225, 6960.499596677721, 6928.267556428909, 6897.615001395345, 6865.836295753717, 6834.557777091861, 6803.593848459423, 6771.857449784875, 6740.301671683788, 6709.75324922055, 6678.350706137717, 6649.148619636893, 6617.318828113377, 6586.152950279415, 6554.483725756407, 6525.196264915168, 6493.517890036106, 6463.618971735239, 6432.6177069321275, 6403.116633273661, 6372.597598575056, 6343.506692364812, 6313.441506110132, 6284.810824267566, 6255.373549349606, 6227.236900113523, 6199.082132942975, 6170.482252493501, 6142.891736857593, 6115.543494991958, 6088.572440035641, 6061.124990031123, 6034.134673520923, 6007.609703116119, 5981.177521653473, 5954.743597343564, 5928.4822790026665, 5902.303366810083, 5875.513331368566, 5849.729473344982, 5823.491345562041, 5797.514983318746, 5771.154210194945, 5745.389991529286, 5718.228778459132, 5692.548757627606, 5666.034786313772, 5640.95801627636, 5613.319498740137, 5588.366953976452, 5561.007818318903, 5537.406814716756, 5510.825245521963, 5486.7685573250055, 5459.391519121826, 5435.699070028961, 5407.891570471227, 5384.982747614384, 5359.005766496062, 5337.423928506672, 5310.902553498745, 5288.5798627361655, 5262.663665190339, 5239.91509591043, 5215.129900880158, 5192.33146186173, 5169.193467639387, 5147.499034099281, 5123.555347636342, 5100.920231223106, 5079.734120763838, 5057.448250353336, 5036.106883883476, 5013.452212512493, 4992.957965999842, 4971.820848509669, 4950.51008272171, 4929.644867986441, 4908.409453079104, 4889.69175606966, 4871.633666872978, 4853.4330554232, 4830.786560446024, 4813.166122205555, 4794.948624335229, 4775.282954290509, 4756.302486941218, 4739.774646729231, 4722.139570482075, 4702.322374150157], [0.6604572396274344, 0.6761219305673158, 0.6799322607959356, 0.6836014676827548, 0.6857183178097658, 0.6852949477843635, 0.6843070843917584, 0.6864239345187694, 0.6883996613039797, 0.6936212249506069, 0.6987016652554332, 0.7018063787750494, 0.7033587355348575, 0.7037821055602597, 0.7043465989274627, 0.7047699689528648, 0.70575783234547, 0.7064634490544736, 0.7082980524978831, 0.7108382726502963, 0.7111205193338979, 0.7109793959920971, 0.7109793959920971, 0.7108382726502963, 0.7119672593847022, 0.7132373694609089, 0.7125317527519052, 0.7126728760937059, 0.712108382726503, 0.7116850127011007, 0.7128139994355066, 0.7139429861699125, 0.7125317527519052, 0.7135196161445103, 0.7153542195879199, 0.7159187129551228, 0.7162009596387242, 0.7167654530059272, 0.7169065763477279, 0.7176121930567316, 0.7177533163985323, 0.7183178097657352, 0.7180355630821338, 0.718458933107536, 0.7162009596387242, 0.7171888230313294, 0.7167654530059272, 0.7152130962461191, 0.7147897262207169, 0.7139429861699125, 0.712108382726503, 0.709427039232289, 0.7101326559412927, 0.7068868190798758, 0.7077335591306803, 0.707310189105278, 0.7066045723962744, 0.70575783234547, 0.7046288456110641, 0.7050522156364663, 0.703076488851256, 0.7046288456110641, 0.7034998588766582, 0.703076488851256, 0.7033587355348575, 0.7036409822184589, 0.7029353655094552, 0.7040643522438611, 0.7043465989274627, 0.7019475021168501, 0.7020886254586508, 0.7018063787750494, 0.7022297488004516, 0.7011007620660458, 0.7005362686988428, 0.6998306519898391, 0.6999717753316399, 0.6989839119390348, 0.6987016652554332, 0.6995484053062376, 0.6981371718882303, 0.698278295230031, 0.6954558283940163, 0.6972904318374259, 0.6947502116850127, 0.69616144510302, 0.6972904318374259, 0.6957380750776179, 0.6947502116850127, 0.6943268416596104, 0.694609088343212, 0.6953147050522156, 0.694044594976009, 0.6922099915325995, 0.6929156082416031, 0.6912221281399944, 0.6900931414055885, 0.6907987581145921, 0.6893875246965848, 0.6889641546711827, 0.6865650578605701, 0.6871295512277731, 0.6855771944679651, 0.6865650578605701, 0.6861416878351679, 0.6867061812023709, 0.6848715777589613, 0.6848715777589613, 0.6855771944679651, 0.6855771944679651, 0.6862828111769687, 0.6864239345187694, 0.6871295512277731, 0.6848715777589613, 0.6858594411515665, 0.6864239345187694, 0.6857183178097658, 0.6864239345187694, 0.6845893310753599, 0.6874117979113745, 0.6869884278859724, 0.6871295512277731, 0.6874117979113745, 0.6858594411515665, 0.6868473045441716, 0.6847304544171606, 0.6875529212531752, 0.6844482077335591, 0.6858594411515665, 0.6855771944679651, 0.6848715777589613, 0.6850127011007621, 0.6857183178097658, 0.6845893310753599, 0.6858594411515665, 0.6836014676827548, 0.6871295512277731, 0.6838837143663562, 0.6852949477843635, 0.6838837143663562, 0.6840248377081569, 0.6848715777589613, 0.6843070843917584, 0.6837425910245555, 0.682895850973751, 0.6821902342647473, 0.6821902342647473, 0.6800733841377364, 0.6809201241885408, 0.6810612475303415, 0.6812023708721423, 0.6797911374541349, 0.6804967541631386, 0.6800733841377364, 0.6796500141123342, 0.6799322607959356, 0.678662150719729, 0.6776742873271239, 0.6785210273779283, 0.6782387806943269, 0.6766864239345187, 0.6783799040361276, 0.6758396838837144, 0.676545300592718, 0.674428450465707, 0.6761219305673158, 0.6727349703640982, 0.6754163138583121, 0.6710414902624894, 0.6735817104149027, 0.6696302568444821, 0.6720293536550945, 0.6703358735534858, 0.6718882303132938, 0.6682190234264748, 0.6707592435788879, 0.6675134067174711, 0.6687835167936776, 0.6673722833756703, 0.6694891335026814, 0.6666666666666666, 0.6686423934518769, 0.6669489133502682, 0.6673722833756703, 0.6670900366920689, 0.6673722833756703, 0.6672311600338696, 0.6668077900084673, 0.6668077900084673, 0.6658199266158623, 0.6670900366920689, 0.6641264465142535, 0.6648320632232572, 0.6656788032740615, 0.6655376799322608, 0.6656788032740615, 0.6658199266158623, 0.6649731865650579, 0.6651143099068586, 0.6663844199830652])
lr=2e-05, lamb=0.001, best_valid_acc=([13771.208971977234, 12158.214621782303, 11784.514214396477, 11639.855078220367, 11563.849807679653, 11505.506256222725, 11440.308034360409, 11353.023934543133, 11220.413574695587, 11042.954950392246, 10864.34984499216, 10716.207867622375, 10600.280815541744, 10509.533047676086, 10437.504001677036, 10380.707008004189, 10333.97923630476, 10295.709231317043, 10263.920164942741, 10236.724518835545, 10213.443066358566, 10193.081778526306, 10174.903144657612, 10158.502007603645, 10143.601005673409, 10129.905345261097, 10117.067456901073, 10104.973425924778, 10093.388307869434, 10082.48673465848, 10071.495110690594, 10061.064114063978, 10050.80588722229, 10040.933577924967, 10030.93870088458, 10021.252525255084, 10011.647281974554, 10002.11942563951, 9992.974816977978, 9983.223264202476, 9974.516595199704, 9964.964283198118, 9955.848278552294, 9946.488368093967, 9937.101077765226, 9927.697950392962, 9917.996683165431, 9908.256612315774, 9898.000406354666, 9887.733726114035, 9876.912546619773, 9865.884678840637, 9853.993505090475, 9842.206836521626, 9829.377419054508, 9816.351113140583, 9802.778798729181, 9788.621596485376, 9773.81061245501, 9758.457184523344, 9742.59445488453, 9726.216933444142, 9709.82115469873, 9693.16919015348, 9676.604116931558, 9660.437977537513, 9644.509755671024, 9629.397725373507, 9614.354307681322, 9600.265266627073, 9586.65650114417, 9574.07037101686, 9561.079643338919, 9550.255885064602, 9538.951166629791, 9529.295573234558, 9517.303052842617, 9506.81569635868, 9496.455360293388, 9487.073689162731, 9476.494254469872, 9468.033747941256, 9458.075658127666, 9449.355354368687, 9440.43563902378, 9432.162083640695, 9423.352945297956, 9415.670414149761, 9407.716295138001, 9400.012049853802, 9392.227980166674, 9384.075172498822, 9376.527707219124, 9368.62299105525, 9361.908045783639, 9354.694534033537, 9347.087327733636, 9340.091332048178, 9331.832111269236, 9326.64242580533, 9319.150123551488, 9312.578318625689, 9305.568840652704, 9298.620422035456, 9291.549897193909, 9285.83902207017, 9278.651784986258, 9274.138225242496, 9268.056595295668, 9262.466559872031, 9256.315615013242, 9251.453623518348, 9244.981215804815, 9240.171621382236, 9234.5959892869, 9228.810109764338, 9224.578002050519, 9219.384426027536, 9215.207666814327, 9209.4250228405, 9205.952526032925, 9200.268118679523, 9195.669556438923, 9193.195571154356, 9188.390363261104, 9182.952447533607, 9178.519360244274, 9174.064161553979, 9169.39676989615, 9167.021361008286, 9162.515481114388, 9157.397810384631, 9156.061804741621, 9151.854563295841, 9146.49621835351, 9143.688370987773, 9139.115581169724, 9136.963683500886, 9132.520590394735, 9127.64926032722, 9126.1097304672, 9121.72412392497, 9119.516103878617, 9116.621025815606, 9112.207088962197, 9108.365022540092, 9106.267088860273, 9103.244270294905, 9098.981137126684, 9094.680331364274, 9093.124076634645, 9090.61224476993, 9086.758579298854, 9082.547194764018, 9080.205540925264, 9078.126588955522, 9075.161610469222, 9069.0456789881, 9068.968233078718, 9067.337289944291, 9062.326247617602, 9057.948040142655, 9055.764480859041, 9052.870884433389, 9050.520669668913, 9046.355564042926, 9045.482767358422, 9041.562151283026, 9038.126206308603, 9035.237859755754, 9032.95163065195, 9029.193495303392, 9027.17626234889, 9025.16651405394, 9022.456057459116, 9019.111451551318, 9014.706487715244, 9012.405210196972, 9009.196429476142, 9005.871691554785, 9002.349923118949, 8999.02859120071, 8995.985046833754, 8992.524650380015, 8989.43579390645, 8985.562364280224, 8982.08961686492, 8978.227748304605, 8974.63084897399, 8970.583852663636, 8966.294024795294, 8961.685185670853, 8957.819518521428, 8953.045391231775, 8949.009527683258, 8943.515329003334, 8939.143846645951, 8933.147087946534, 8927.702628478408, 8921.475149691105], [0.6539655659046006, 0.6738639570985041, 0.6838837143663562, 0.6841659610499576, 0.6855771944679651, 0.6858594411515665, 0.6838837143663562, 0.687694044594976, 0.6912221281399944, 0.6987016652554332, 0.7029353655094552, 0.7050522156364663, 0.7091447925486876, 0.7106971493084956, 0.7116850127011007, 0.7119672593847022, 0.7119672593847022, 0.7122495060683037, 0.7119672593847022, 0.7125317527519052, 0.713096246119108, 0.7125317527519052, 0.712108382726503, 0.7129551227773073, 0.7140841095117132, 0.7147897262207169, 0.7145074795371155, 0.713660739486311, 0.713096246119108, 0.713096246119108, 0.7129551227773073, 0.7135196161445103, 0.7135196161445103, 0.7135196161445103, 0.7125317527519052, 0.7128139994355066, 0.7126728760937059, 0.7122495060683037, 0.7126728760937059, 0.7132373694609089, 0.7135196161445103, 0.7139429861699125, 0.7145074795371155, 0.7139429861699125, 0.7145074795371155, 0.7143663561953147, 0.7143663561953147, 0.7152130962461191, 0.715777589613322, 0.7164832063223258, 0.7162009596387242, 0.7160598362969235, 0.7156364662715213, 0.715777589613322, 0.7156364662715213, 0.7150719729043183, 0.7147897262207169, 0.7143663561953147, 0.7147897262207169, 0.714225232853514, 0.7133784928027096, 0.7123906294101044, 0.7119672593847022, 0.7115438893593, 0.7112616426756986, 0.7104149026248942, 0.7108382726502963, 0.7101326559412927, 0.7101326559412927, 0.7098504092576913, 0.7082980524978831, 0.7080158058142817, 0.7082980524978831, 0.7064634490544736, 0.7075924357888794, 0.707310189105278, 0.7056167090036692, 0.7074513124470787, 0.7056167090036692, 0.7064634490544736, 0.7053344623200677, 0.7067456957380751, 0.7050522156364663, 0.7063223257126728, 0.7044877222692634, 0.7050522156364663, 0.7027942421676545, 0.7046288456110641, 0.7029353655094552, 0.7039232289020604, 0.7022297488004516, 0.7046288456110641, 0.7026531188258538, 0.7054755856618685, 0.7026531188258538, 0.70575783234547, 0.7037821055602597, 0.7040643522438611, 0.7042054755856618, 0.7037821055602597, 0.7040643522438611, 0.7042054755856618, 0.7042054755856618, 0.7033587355348575, 0.7049110922946655, 0.705193338978267, 0.7032176121930568, 0.7042054755856618, 0.7042054755856618, 0.7050522156364663, 0.7050522156364663, 0.7037821055602597, 0.705193338978267, 0.7032176121930568, 0.7033587355348575, 0.7016652554332486, 0.7040643522438611, 0.7016652554332486, 0.7036409822184589, 0.7027942421676545, 0.7020886254586508, 0.7039232289020604, 0.7023708721422524, 0.7034998588766582, 0.7042054755856618, 0.7046288456110641, 0.7032176121930568, 0.7019475021168501, 0.7032176121930568, 0.7027942421676545, 0.7033587355348575, 0.7019475021168501, 0.7027942421676545, 0.7037821055602597, 0.703076488851256, 0.7016652554332486, 0.7023708721422524, 0.7011007620660458, 0.7020886254586508, 0.7018063787750494, 0.7029353655094552, 0.7005362686988428, 0.7020886254586508, 0.7012418854078465, 0.7011007620660458, 0.7018063787750494, 0.7019475021168501, 0.7002540220152413, 0.7002540220152413, 0.7018063787750494, 0.6999717753316399, 0.7005362686988428, 0.7016652554332486, 0.7011007620660458, 0.6987016652554332, 0.7025119954840531, 0.6992661586226362, 0.7001128986734406, 0.6999717753316399, 0.6992661586226362, 0.7008185153824442, 0.7006773920406435, 0.7008185153824442, 0.7011007620660458, 0.698842788597234, 0.7011007620660458, 0.6999717753316399, 0.6995484053062376, 0.6992661586226362, 0.6995484053062376, 0.698842788597234, 0.6979960485464296, 0.6994072819644369, 0.696725938470223, 0.6974315551792266, 0.6968670618120237, 0.6996895286480384, 0.6964436917866215, 0.6987016652554332, 0.6968670618120237, 0.6996895286480384, 0.6972904318374259, 0.6994072819644369, 0.6970081851538245, 0.6984194185718318, 0.6974315551792266, 0.6994072819644369, 0.6979960485464296, 0.6977138018628282, 0.696725938470223, 0.6972904318374259, 0.6978549252046289, 0.6978549252046289, 0.6991250352808355, 0.6994072819644369, 0.6994072819644369, 0.6989839119390348, 0.7002540220152413, 0.6992661586226362, 0.698842788597234])
