nn4.py, Model=900, 256, 128, 64
Tuning process for lr=2e-05
----------------------------------------------------------
lr=2e-05, lamb=0, num_epoch=200
Epoch: 1 	Training Cost: 13268.543228	 Valid Acc: 0.6675134067174711 	Best Valid Acc: 0.667513
Epoch: 2 	Training Cost: 11831.236947	 Valid Acc: 0.6796500141123342 	Best Valid Acc: 0.679650
Epoch: 3 	Training Cost: 11555.333107	 Valid Acc: 0.6826136042901496 	Best Valid Acc: 0.682614
Epoch: 4 	Training Cost: 11477.721701	 Valid Acc: 0.682895850973751 	Best Valid Acc: 0.682896
Epoch: 5 	Training Cost: 11446.581242	 Valid Acc: 0.6837425910245555 	Best Valid Acc: 0.683743
Epoch: 6 	Training Cost: 11431.654777	 Valid Acc: 0.6840248377081569 	Best Valid Acc: 0.684025
Epoch: 7 	Training Cost: 11420.273343	 Valid Acc: 0.6836014676827548 	Best Valid Acc: 0.684025
Epoch: 8 	Training Cost: 11373.891676	 Valid Acc: 0.683460344340954 	Best Valid Acc: 0.684025
Epoch: 9 	Training Cost: 11240.811459	 Valid Acc: 0.6826136042901496 	Best Valid Acc: 0.684025
Epoch: 10 	Training Cost: 11098.102620	 Valid Acc: 0.6817668642393452 	Best Valid Acc: 0.684025
Epoch: 11 	Training Cost: 10991.037332	 Valid Acc: 0.6848715777589613 	Best Valid Acc: 0.684872
Epoch: 12 	Training Cost: 10888.499118	 Valid Acc: 0.689810894721987 	Best Valid Acc: 0.689811
Epoch: 13 	Training Cost: 10764.107331	 Valid Acc: 0.6958791984194186 	Best Valid Acc: 0.695879
Epoch: 14 	Training Cost: 10624.802296	 Valid Acc: 0.6991250352808355 	Best Valid Acc: 0.699125
Epoch: 15 	Training Cost: 10500.594597	 Valid Acc: 0.7015241320914479 	Best Valid Acc: 0.701524
Epoch: 16 	Training Cost: 10402.005792	 Valid Acc: 0.7047699689528648 	Best Valid Acc: 0.704770
Epoch: 17 	Training Cost: 10326.147007	 Valid Acc: 0.7053344623200677 	Best Valid Acc: 0.705334
Epoch: 18 	Training Cost: 10265.408476	 Valid Acc: 0.7060400790290714 	Best Valid Acc: 0.706040
Epoch: 19 	Training Cost: 10215.991157	 Valid Acc: 0.7087214225232854 	Best Valid Acc: 0.708721
Epoch: 20 	Training Cost: 10174.556563	 Valid Acc: 0.7104149026248942 	Best Valid Acc: 0.710415
Epoch: 21 	Training Cost: 10139.273356	 Valid Acc: 0.7095681625740897 	Best Valid Acc: 0.710415
Epoch: 22 	Training Cost: 10108.647682	 Valid Acc: 0.7108382726502963 	Best Valid Acc: 0.710838
Epoch: 23 	Training Cost: 10082.034954	 Valid Acc: 0.7116850127011007 	Best Valid Acc: 0.711685
Epoch: 24 	Training Cost: 10058.536961	 Valid Acc: 0.7123906294101044 	Best Valid Acc: 0.712391
Epoch: 25 	Training Cost: 10037.577704	 Valid Acc: 0.7125317527519052 	Best Valid Acc: 0.712532
Epoch: 26 	Training Cost: 10018.980118	 Valid Acc: 0.7123906294101044 	Best Valid Acc: 0.712532
Epoch: 27 	Training Cost: 10001.703875	 Valid Acc: 0.7129551227773073 	Best Valid Acc: 0.712955
Epoch: 28 	Training Cost: 9986.109232	 Valid Acc: 0.7123906294101044 	Best Valid Acc: 0.712955
Epoch: 29 	Training Cost: 9971.315327	 Valid Acc: 0.7119672593847022 	Best Valid Acc: 0.712955
Epoch: 30 	Training Cost: 9957.409436	 Valid Acc: 0.7122495060683037 	Best Valid Acc: 0.712955
Epoch: 31 	Training Cost: 9944.342052	 Valid Acc: 0.713096246119108 	Best Valid Acc: 0.713096
Epoch: 32 	Training Cost: 9931.757649	 Valid Acc: 0.7128139994355066 	Best Valid Acc: 0.713096
Epoch: 33 	Training Cost: 9919.644010	 Valid Acc: 0.7132373694609089 	Best Valid Acc: 0.713237
Epoch: 34 	Training Cost: 9907.755186	 Valid Acc: 0.713096246119108 	Best Valid Acc: 0.713237
Epoch: 35 	Training Cost: 9896.657876	 Valid Acc: 0.7139429861699125 	Best Valid Acc: 0.713943
Epoch: 36 	Training Cost: 9885.903768	 Valid Acc: 0.7140841095117132 	Best Valid Acc: 0.714084
Epoch: 37 	Training Cost: 9875.469660	 Valid Acc: 0.7133784928027096 	Best Valid Acc: 0.714084
Epoch: 38 	Training Cost: 9864.764607	 Valid Acc: 0.7133784928027096 	Best Valid Acc: 0.714084
Epoch: 39 	Training Cost: 9854.434719	 Valid Acc: 0.7128139994355066 	Best Valid Acc: 0.714084
Epoch: 40 	Training Cost: 9844.029652	 Valid Acc: 0.7126728760937059 	Best Valid Acc: 0.714084
Epoch: 41 	Training Cost: 9833.910510	 Valid Acc: 0.713096246119108 	Best Valid Acc: 0.714084
Epoch: 42 	Training Cost: 9823.404700	 Valid Acc: 0.7132373694609089 	Best Valid Acc: 0.714084
Epoch: 43 	Training Cost: 9813.588466	 Valid Acc: 0.713096246119108 	Best Valid Acc: 0.714084
Epoch: 44 	Training Cost: 9803.546892	 Valid Acc: 0.713096246119108 	Best Valid Acc: 0.714084
Epoch: 45 	Training Cost: 9793.067117	 Valid Acc: 0.7132373694609089 	Best Valid Acc: 0.714084
Epoch: 46 	Training Cost: 9783.181610	 Valid Acc: 0.713096246119108 	Best Valid Acc: 0.714084
Epoch: 47 	Training Cost: 9772.665325	 Valid Acc: 0.7133784928027096 	Best Valid Acc: 0.714084
Epoch: 48 	Training Cost: 9762.629050	 Valid Acc: 0.7129551227773073 	Best Valid Acc: 0.714084
Epoch: 49 	Training Cost: 9752.376426	 Valid Acc: 0.7129551227773073 	Best Valid Acc: 0.714084
Epoch: 50 	Training Cost: 9741.857021	 Valid Acc: 0.7129551227773073 	Best Valid Acc: 0.714084
Epoch: 51 	Training Cost: 9731.725667	 Valid Acc: 0.7132373694609089 	Best Valid Acc: 0.714084
Epoch: 52 	Training Cost: 9720.521872	 Valid Acc: 0.713660739486311 	Best Valid Acc: 0.714084
Epoch: 53 	Training Cost: 9709.781077	 Valid Acc: 0.7149308495625176 	Best Valid Acc: 0.714931
Epoch: 54 	Training Cost: 9699.107226	 Valid Acc: 0.714225232853514 	Best Valid Acc: 0.714931
Epoch: 55 	Training Cost: 9688.147662	 Valid Acc: 0.7139429861699125 	Best Valid Acc: 0.714931
Epoch: 56 	Training Cost: 9677.164072	 Valid Acc: 0.714225232853514 	Best Valid Acc: 0.714931
Epoch: 57 	Training Cost: 9665.389862	 Valid Acc: 0.713660739486311 	Best Valid Acc: 0.714931
Epoch: 58 	Training Cost: 9654.174926	 Valid Acc: 0.7140841095117132 	Best Valid Acc: 0.714931
Epoch: 59 	Training Cost: 9641.764180	 Valid Acc: 0.713096246119108 	Best Valid Acc: 0.714931
Epoch: 60 	Training Cost: 9630.314447	 Valid Acc: 0.7139429861699125 	Best Valid Acc: 0.714931
Epoch: 61 	Training Cost: 9617.650209	 Valid Acc: 0.7133784928027096 	Best Valid Acc: 0.714931
Epoch: 62 	Training Cost: 9605.315431	 Valid Acc: 0.712108382726503 	Best Valid Acc: 0.714931
Epoch: 63 	Training Cost: 9591.216123	 Valid Acc: 0.7125317527519052 	Best Valid Acc: 0.714931
Epoch: 64 	Training Cost: 9577.702967	 Valid Acc: 0.7112616426756986 	Best Valid Acc: 0.714931
Epoch: 65 	Training Cost: 9563.292423	 Valid Acc: 0.7105560259666949 	Best Valid Acc: 0.714931
Epoch: 66 	Training Cost: 9548.983392	 Valid Acc: 0.7102737792830934 	Best Valid Acc: 0.714931
Epoch: 67 	Training Cost: 9533.580263	 Valid Acc: 0.7111205193338979 	Best Valid Acc: 0.714931
Epoch: 68 	Training Cost: 9517.241445	 Valid Acc: 0.7112616426756986 	Best Valid Acc: 0.714931
Epoch: 69 	Training Cost: 9502.234672	 Valid Acc: 0.7116850127011007 	Best Valid Acc: 0.714931
Epoch: 70 	Training Cost: 9486.953772	 Valid Acc: 0.7125317527519052 	Best Valid Acc: 0.714931
Epoch: 71 	Training Cost: 9473.483813	 Valid Acc: 0.7126728760937059 	Best Valid Acc: 0.714931
Epoch: 72 	Training Cost: 9457.884389	 Valid Acc: 0.7119672593847022 	Best Valid Acc: 0.714931
Epoch: 73 	Training Cost: 9444.209672	 Valid Acc: 0.713096246119108 	Best Valid Acc: 0.714931
Epoch: 74 	Training Cost: 9430.680982	 Valid Acc: 0.7126728760937059 	Best Valid Acc: 0.714931
Epoch: 75 	Training Cost: 9417.169115	 Valid Acc: 0.7118261360429015 	Best Valid Acc: 0.714931
Epoch: 76 	Training Cost: 9401.961267	 Valid Acc: 0.7119672593847022 	Best Valid Acc: 0.714931
Epoch: 77 	Training Cost: 9387.783859	 Valid Acc: 0.7098504092576913 	Best Valid Acc: 0.714931
Epoch: 78 	Training Cost: 9372.498948	 Valid Acc: 0.7104149026248942 	Best Valid Acc: 0.714931
Epoch: 79 	Training Cost: 9357.342996	 Valid Acc: 0.7091447925486876 	Best Valid Acc: 0.714931
Epoch: 80 	Training Cost: 9343.717490	 Valid Acc: 0.7091447925486876 	Best Valid Acc: 0.714931
Epoch: 81 	Training Cost: 9333.163527	 Valid Acc: 0.7056167090036692 	Best Valid Acc: 0.714931
Epoch: 82 	Training Cost: 9317.494331	 Valid Acc: 0.7058989556872707 	Best Valid Acc: 0.714931
Epoch: 83 	Training Cost: 9303.804873	 Valid Acc: 0.7053344623200677 	Best Valid Acc: 0.714931
Epoch: 84 	Training Cost: 9290.132929	 Valid Acc: 0.7037821055602597 	Best Valid Acc: 0.714931
Epoch: 85 	Training Cost: 9270.452603	 Valid Acc: 0.7029353655094552 	Best Valid Acc: 0.714931
Epoch: 86 	Training Cost: 9253.552266	 Valid Acc: 0.7039232289020604 	Best Valid Acc: 0.714931
Epoch: 87 	Training Cost: 9239.078020	 Valid Acc: 0.7026531188258538 	Best Valid Acc: 0.714931
Epoch: 88 	Training Cost: 9222.663703	 Valid Acc: 0.7049110922946655 	Best Valid Acc: 0.714931
Epoch: 89 	Training Cost: 9207.728448	 Valid Acc: 0.7040643522438611 	Best Valid Acc: 0.714931
Epoch: 90 	Training Cost: 9191.300989	 Valid Acc: 0.7050522156364663 	Best Valid Acc: 0.714931
Epoch: 91 	Training Cost: 9177.718877	 Valid Acc: 0.7054755856618685 	Best Valid Acc: 0.714931
Epoch: 92 	Training Cost: 9167.361551	 Valid Acc: 0.7043465989274627 	Best Valid Acc: 0.714931
Epoch: 93 	Training Cost: 9154.135798	 Valid Acc: 0.7033587355348575 	Best Valid Acc: 0.714931
Epoch: 94 	Training Cost: 9137.207379	 Valid Acc: 0.7027942421676545 	Best Valid Acc: 0.714931
Epoch: 95 	Training Cost: 9123.256316	 Valid Acc: 0.7002540220152413 	Best Valid Acc: 0.714931
Epoch: 96 	Training Cost: 9110.284632	 Valid Acc: 0.7029353655094552 	Best Valid Acc: 0.714931
Epoch: 97 	Training Cost: 9097.783622	 Valid Acc: 0.7015241320914479 	Best Valid Acc: 0.714931
Epoch: 98 	Training Cost: 9086.188142	 Valid Acc: 0.6998306519898391 	Best Valid Acc: 0.714931
Epoch: 99 	Training Cost: 9069.181529	 Valid Acc: 0.6992661586226362 	Best Valid Acc: 0.714931
Epoch: 100 	Training Cost: 9053.174484	 Valid Acc: 0.7012418854078465 	Best Valid Acc: 0.714931
Epoch: 101 	Training Cost: 9042.393049	 Valid Acc: 0.7016652554332486 	Best Valid Acc: 0.714931
Epoch: 102 	Training Cost: 9026.375381	 Valid Acc: 0.7008185153824442 	Best Valid Acc: 0.714931
Epoch: 103 	Training Cost: 9012.612181	 Valid Acc: 0.7029353655094552 	Best Valid Acc: 0.714931
Epoch: 104 	Training Cost: 8997.315298	 Valid Acc: 0.7016652554332486 	Best Valid Acc: 0.714931
Epoch: 105 	Training Cost: 8983.389098	 Valid Acc: 0.6998306519898391 	Best Valid Acc: 0.714931
Epoch: 106 	Training Cost: 8968.920912	 Valid Acc: 0.6977138018628282 	Best Valid Acc: 0.714931
Epoch: 107 	Training Cost: 8958.147090	 Valid Acc: 0.7001128986734406 	Best Valid Acc: 0.714931
Epoch: 108 	Training Cost: 8945.662016	 Valid Acc: 0.6978549252046289 	Best Valid Acc: 0.714931
Epoch: 109 	Training Cost: 8929.730932	 Valid Acc: 0.6978549252046289 	Best Valid Acc: 0.714931
Epoch: 110 	Training Cost: 8915.766304	 Valid Acc: 0.6971493084956252 	Best Valid Acc: 0.714931
Epoch: 111 	Training Cost: 8904.068978	 Valid Acc: 0.6955969517358171 	Best Valid Acc: 0.714931
Epoch: 112 	Training Cost: 8894.064004	 Valid Acc: 0.6957380750776179 	Best Valid Acc: 0.714931
Epoch: 113 	Training Cost: 8879.612069	 Valid Acc: 0.6965848151284222 	Best Valid Acc: 0.714931
Epoch: 114 	Training Cost: 8869.563625	 Valid Acc: 0.6975726785210273 	Best Valid Acc: 0.714931
Epoch: 115 	Training Cost: 8859.515501	 Valid Acc: 0.6970081851538245 	Best Valid Acc: 0.714931
Epoch: 116 	Training Cost: 8844.870413	 Valid Acc: 0.7016652554332486 	Best Valid Acc: 0.714931
Epoch: 117 	Training Cost: 8834.873143	 Valid Acc: 0.6996895286480384 	Best Valid Acc: 0.714931
Epoch: 118 	Training Cost: 8821.461712	 Valid Acc: 0.7020886254586508 	Best Valid Acc: 0.714931
Epoch: 119 	Training Cost: 8809.803077	 Valid Acc: 0.6984194185718318 	Best Valid Acc: 0.714931
Epoch: 120 	Training Cost: 8795.356015	 Valid Acc: 0.6994072819644369 	Best Valid Acc: 0.714931
Epoch: 121 	Training Cost: 8791.474632	 Valid Acc: 0.698842788597234 	Best Valid Acc: 0.714931
Epoch: 122 	Training Cost: 8772.887602	 Valid Acc: 0.6987016652554332 	Best Valid Acc: 0.714931
Epoch: 123 	Training Cost: 8754.733921	 Valid Acc: 0.6987016652554332 	Best Valid Acc: 0.714931
Epoch: 124 	Training Cost: 8739.041938	 Valid Acc: 0.6991250352808355 	Best Valid Acc: 0.714931
Epoch: 125 	Training Cost: 8732.929781	 Valid Acc: 0.7002540220152413 	Best Valid Acc: 0.714931
Epoch: 126 	Training Cost: 8721.626195	 Valid Acc: 0.7005362686988428 	Best Valid Acc: 0.714931
Epoch: 127 	Training Cost: 8715.007255	 Valid Acc: 0.7018063787750494 	Best Valid Acc: 0.714931
Epoch: 128 	Training Cost: 8702.791633	 Valid Acc: 0.6995484053062376 	Best Valid Acc: 0.714931
Epoch: 129 	Training Cost: 8686.144175	 Valid Acc: 0.7005362686988428 	Best Valid Acc: 0.714931
Epoch: 130 	Training Cost: 8679.581958	 Valid Acc: 0.6991250352808355 	Best Valid Acc: 0.714931
Epoch: 131 	Training Cost: 8661.277473	 Valid Acc: 0.6977138018628282 	Best Valid Acc: 0.714931
Epoch: 132 	Training Cost: 8647.750157	 Valid Acc: 0.698278295230031 	Best Valid Acc: 0.714931
Epoch: 133 	Training Cost: 8635.004974	 Valid Acc: 0.6992661586226362 	Best Valid Acc: 0.714931
Epoch: 134 	Training Cost: 8623.638423	 Valid Acc: 0.6978549252046289 	Best Valid Acc: 0.714931
Epoch: 135 	Training Cost: 8619.834811	 Valid Acc: 0.6999717753316399 	Best Valid Acc: 0.714931
Epoch: 136 	Training Cost: 8606.467502	 Valid Acc: 0.6948913350268134 	Best Valid Acc: 0.714931
Epoch: 137 	Training Cost: 8592.345380	 Valid Acc: 0.6989839119390348 	Best Valid Acc: 0.714931
Epoch: 138 	Training Cost: 8583.500013	 Valid Acc: 0.6964436917866215 	Best Valid Acc: 0.714931
Epoch: 139 	Training Cost: 8571.882905	 Valid Acc: 0.698842788597234 	Best Valid Acc: 0.714931
Epoch: 140 	Training Cost: 8558.691106	 Valid Acc: 0.698842788597234 	Best Valid Acc: 0.714931
Epoch: 141 	Training Cost: 8543.204323	 Valid Acc: 0.7011007620660458 	Best Valid Acc: 0.714931
Epoch: 142 	Training Cost: 8533.552182	 Valid Acc: 0.6999717753316399 	Best Valid Acc: 0.714931
Epoch: 143 	Training Cost: 8521.598379	 Valid Acc: 0.698278295230031 	Best Valid Acc: 0.714931
Epoch: 144 	Training Cost: 8508.919532	 Valid Acc: 0.6989839119390348 	Best Valid Acc: 0.714931
Epoch: 145 	Training Cost: 8504.669436	 Valid Acc: 0.6995484053062376 	Best Valid Acc: 0.714931
Epoch: 146 	Training Cost: 8496.711819	 Valid Acc: 0.7001128986734406 	Best Valid Acc: 0.714931
Epoch: 147 	Training Cost: 8485.128146	 Valid Acc: 0.6992661586226362 	Best Valid Acc: 0.714931
Epoch: 148 	Training Cost: 8472.804460	 Valid Acc: 0.6977138018628282 	Best Valid Acc: 0.714931
Epoch: 149 	Training Cost: 8460.891436	 Valid Acc: 0.698842788597234 	Best Valid Acc: 0.714931
Epoch: 150 	Training Cost: 8446.200747	 Valid Acc: 0.6989839119390348 	Best Valid Acc: 0.714931
Epoch: 151 	Training Cost: 8427.952484	 Valid Acc: 0.7005362686988428 	Best Valid Acc: 0.714931
Epoch: 152 	Training Cost: 8423.836423	 Valid Acc: 0.6957380750776179 	Best Valid Acc: 0.714931
Epoch: 153 	Training Cost: 8409.956442	 Valid Acc: 0.6950324583686142 	Best Valid Acc: 0.714931
Epoch: 154 	Training Cost: 8392.240923	 Valid Acc: 0.6979960485464296 	Best Valid Acc: 0.714931
Epoch: 155 	Training Cost: 8386.313370	 Valid Acc: 0.6953147050522156 	Best Valid Acc: 0.714931
Epoch: 156 	Training Cost: 8384.883255	 Valid Acc: 0.6951735817104149 	Best Valid Acc: 0.714931
Epoch: 157 	Training Cost: 8373.969419	 Valid Acc: 0.692492238216201 	Best Valid Acc: 0.714931
Epoch: 158 	Training Cost: 8345.589665	 Valid Acc: 0.6941857183178097 	Best Valid Acc: 0.714931
Epoch: 159 	Training Cost: 8333.483586	 Valid Acc: 0.6915043748235958 	Best Valid Acc: 0.714931
Epoch: 160 	Training Cost: 8317.037353	 Valid Acc: 0.6930567315834039 	Best Valid Acc: 0.714931
Epoch: 161 	Training Cost: 8322.814435	 Valid Acc: 0.6931978549252046 	Best Valid Acc: 0.714931
Epoch: 162 	Training Cost: 8302.930602	 Valid Acc: 0.6917866215071973 	Best Valid Acc: 0.714931
Epoch: 163 	Training Cost: 8273.699751	 Valid Acc: 0.6933389782670054 	Best Valid Acc: 0.714931
Epoch: 164 	Training Cost: 8264.136771	 Valid Acc: 0.6947502116850127 	Best Valid Acc: 0.714931
Epoch: 165 	Training Cost: 8256.077232	 Valid Acc: 0.6941857183178097 	Best Valid Acc: 0.714931
Epoch: 166 	Training Cost: 8233.837053	 Valid Acc: 0.694609088343212 	Best Valid Acc: 0.714931
Epoch: 167 	Training Cost: 8226.507530	 Valid Acc: 0.6912221281399944 	Best Valid Acc: 0.714931
Epoch: 168 	Training Cost: 8208.178950	 Valid Acc: 0.6933389782670054 	Best Valid Acc: 0.714931
Epoch: 169 	Training Cost: 8217.337306	 Valid Acc: 0.6912221281399944 	Best Valid Acc: 0.714931
Epoch: 170 	Training Cost: 8185.910544	 Valid Acc: 0.6920688681907987 	Best Valid Acc: 0.714931
Epoch: 171 	Training Cost: 8177.229806	 Valid Acc: 0.6899520180637877 	Best Valid Acc: 0.714931
Epoch: 172 	Training Cost: 8157.293927	 Valid Acc: 0.6934801016088061 	Best Valid Acc: 0.714931
Epoch: 173 	Training Cost: 8140.979258	 Valid Acc: 0.6886819079875811 	Best Valid Acc: 0.714931
Epoch: 174 	Training Cost: 8133.358884	 Valid Acc: 0.6902342647473892 	Best Valid Acc: 0.714931
Epoch: 175 	Training Cost: 8115.500289	 Valid Acc: 0.6896697713801863 	Best Valid Acc: 0.714931
Epoch: 176 	Training Cost: 8098.031899	 Valid Acc: 0.6895286480383855 	Best Valid Acc: 0.714931
Epoch: 177 	Training Cost: 8074.111477	 Valid Acc: 0.6868473045441716 	Best Valid Acc: 0.714931
Epoch: 178 	Training Cost: 8049.044084	 Valid Acc: 0.6867061812023709 	Best Valid Acc: 0.714931
Epoch: 179 	Training Cost: 8046.380946	 Valid Acc: 0.6836014676827548 	Best Valid Acc: 0.714931
Epoch: 180 	Training Cost: 8027.257022	 Valid Acc: 0.6810612475303415 	Best Valid Acc: 0.714931
Epoch: 181 	Training Cost: 8001.447359	 Valid Acc: 0.6817668642393452 	Best Valid Acc: 0.714931
Epoch: 182 	Training Cost: 7968.886574	 Valid Acc: 0.6776742873271239 	Best Valid Acc: 0.714931
Epoch: 183 	Training Cost: 7937.558949	 Valid Acc: 0.6782387806943269 	Best Valid Acc: 0.714931
Epoch: 184 	Training Cost: 7928.342439	 Valid Acc: 0.6772509173017217 	Best Valid Acc: 0.714931
Epoch: 185 	Training Cost: 7908.178442	 Valid Acc: 0.6764041772509173 	Best Valid Acc: 0.714931
Epoch: 186 	Training Cost: 7877.092696	 Valid Acc: 0.6775331639853232 	Best Valid Acc: 0.714931
Epoch: 187 	Training Cost: 7848.417808	 Valid Acc: 0.6755574372001129 	Best Valid Acc: 0.714931
Epoch: 188 	Training Cost: 7827.100620	 Valid Acc: 0.6734405870731018 	Best Valid Acc: 0.714931
Epoch: 189 	Training Cost: 7803.905116	 Valid Acc: 0.6690657634772792 	Best Valid Acc: 0.714931
Epoch: 190 	Training Cost: 7779.225590	 Valid Acc: 0.6716059836296924 	Best Valid Acc: 0.714931
Epoch: 191 	Training Cost: 7759.491956	 Valid Acc: 0.6734405870731018 	Best Valid Acc: 0.714931
Epoch: 192 	Training Cost: 7735.676381	 Valid Acc: 0.6718882303132938 	Best Valid Acc: 0.714931
Epoch: 193 	Training Cost: 7706.705327	 Valid Acc: 0.672311600338696 	Best Valid Acc: 0.714931
Epoch: 194 	Training Cost: 7691.274796	 Valid Acc: 0.6727349703640982 	Best Valid Acc: 0.714931
Epoch: 195 	Training Cost: 7667.324027	 Valid Acc: 0.6689246401354784 	Best Valid Acc: 0.714931
Epoch: 196 	Training Cost: 7642.834029	 Valid Acc: 0.6730172170476997 	Best Valid Acc: 0.714931
Epoch: 197 	Training Cost: 7623.350464	 Valid Acc: 0.6737228337567034 	Best Valid Acc: 0.714931
Epoch: 198 	Training Cost: 7587.479668	 Valid Acc: 0.6707592435788879 	Best Valid Acc: 0.714931
Epoch: 199 	Training Cost: 7586.341554	 Valid Acc: 0.6703358735534858 	Best Valid Acc: 0.714931
Epoch: 200 	Training Cost: 7543.945785	 Valid Acc: 0.6718882303132938 	Best Valid Acc: 0.714931
lr=2e-05, lamb=0, num_epoch=200, test_acc=0.6788032740615297
----------------------------------------------------------
----------------------------------------------------------
lr=2e-05, lamb=0.0001, num_epoch=200
Epoch: 1 	Training Cost: 13336.832408	 Valid Acc: 0.6679367767428732 	Best Valid Acc: 0.667937
Epoch: 2 	Training Cost: 11845.608217	 Valid Acc: 0.6752751905165114 	Best Valid Acc: 0.675275
Epoch: 3 	Training Cost: 11568.797235	 Valid Acc: 0.6809201241885408 	Best Valid Acc: 0.680920
Epoch: 4 	Training Cost: 11495.182611	 Valid Acc: 0.6819079875811459 	Best Valid Acc: 0.681908
Epoch: 5 	Training Cost: 11465.513588	 Valid Acc: 0.6821902342647473 	Best Valid Acc: 0.682190
Epoch: 6 	Training Cost: 11451.378731	 Valid Acc: 0.6823313576065482 	Best Valid Acc: 0.682331
Epoch: 7 	Training Cost: 11442.229962	 Valid Acc: 0.6820491109229466 	Best Valid Acc: 0.682331
Epoch: 8 	Training Cost: 11416.261564	 Valid Acc: 0.6824724809483489 	Best Valid Acc: 0.682472
Epoch: 9 	Training Cost: 11306.378470	 Valid Acc: 0.6816257408975445 	Best Valid Acc: 0.682472
Epoch: 10 	Training Cost: 11155.968868	 Valid Acc: 0.6814846175557437 	Best Valid Acc: 0.682472
Epoch: 11 	Training Cost: 11042.845522	 Valid Acc: 0.6838837143663562 	Best Valid Acc: 0.683884
Epoch: 12 	Training Cost: 10916.655628	 Valid Acc: 0.6912221281399944 	Best Valid Acc: 0.691222
Epoch: 13 	Training Cost: 10731.361256	 Valid Acc: 0.6996895286480384 	Best Valid Acc: 0.699690
Epoch: 14 	Training Cost: 10543.450567	 Valid Acc: 0.7037821055602597 	Best Valid Acc: 0.703782
Epoch: 15 	Training Cost: 10417.823883	 Valid Acc: 0.7033587355348575 	Best Valid Acc: 0.703782
Epoch: 16 	Training Cost: 10336.494820	 Valid Acc: 0.70575783234547 	Best Valid Acc: 0.705758
Epoch: 17 	Training Cost: 10277.731395	 Valid Acc: 0.7061812023708721 	Best Valid Acc: 0.706181
Epoch: 18 	Training Cost: 10231.957348	 Valid Acc: 0.707874682472481 	Best Valid Acc: 0.707875
Epoch: 19 	Training Cost: 10194.864238	 Valid Acc: 0.7081569291560824 	Best Valid Acc: 0.708157
Epoch: 20 	Training Cost: 10163.791520	 Valid Acc: 0.7087214225232854 	Best Valid Acc: 0.708721
Epoch: 21 	Training Cost: 10137.668423	 Valid Acc: 0.709427039232289 	Best Valid Acc: 0.709427
Epoch: 22 	Training Cost: 10115.248950	 Valid Acc: 0.7109793959920971 	Best Valid Acc: 0.710979
Epoch: 23 	Training Cost: 10096.056811	 Valid Acc: 0.7126728760937059 	Best Valid Acc: 0.712673
Epoch: 24 	Training Cost: 10079.144390	 Valid Acc: 0.7138018628281118 	Best Valid Acc: 0.713802
Epoch: 25 	Training Cost: 10064.246104	 Valid Acc: 0.7129551227773073 	Best Valid Acc: 0.713802
Epoch: 26 	Training Cost: 10051.042765	 Valid Acc: 0.713096246119108 	Best Valid Acc: 0.713802
Epoch: 27 	Training Cost: 10039.207579	 Valid Acc: 0.7128139994355066 	Best Valid Acc: 0.713802
Epoch: 28 	Training Cost: 10028.337333	 Valid Acc: 0.712108382726503 	Best Valid Acc: 0.713802
Epoch: 29 	Training Cost: 10018.249913	 Valid Acc: 0.7119672593847022 	Best Valid Acc: 0.713802
Epoch: 30 	Training Cost: 10009.198059	 Valid Acc: 0.7118261360429015 	Best Valid Acc: 0.713802
Epoch: 31 	Training Cost: 10000.705030	 Valid Acc: 0.7122495060683037 	Best Valid Acc: 0.713802
Epoch: 32 	Training Cost: 9992.543307	 Valid Acc: 0.7132373694609089 	Best Valid Acc: 0.713802
Epoch: 33 	Training Cost: 9984.714772	 Valid Acc: 0.7135196161445103 	Best Valid Acc: 0.713802
Epoch: 34 	Training Cost: 9977.066179	 Valid Acc: 0.713096246119108 	Best Valid Acc: 0.713802
Epoch: 35 	Training Cost: 9969.917037	 Valid Acc: 0.7135196161445103 	Best Valid Acc: 0.713802
Epoch: 36 	Training Cost: 9962.894913	 Valid Acc: 0.7129551227773073 	Best Valid Acc: 0.713802
Epoch: 37 	Training Cost: 9955.754466	 Valid Acc: 0.713096246119108 	Best Valid Acc: 0.713802
Epoch: 38 	Training Cost: 9949.140349	 Valid Acc: 0.7138018628281118 	Best Valid Acc: 0.713802
Epoch: 39 	Training Cost: 9942.593382	 Valid Acc: 0.7132373694609089 	Best Valid Acc: 0.713802
Epoch: 40 	Training Cost: 9936.184736	 Valid Acc: 0.7126728760937059 	Best Valid Acc: 0.713802
Epoch: 41 	Training Cost: 9929.577010	 Valid Acc: 0.7128139994355066 	Best Valid Acc: 0.713802
Epoch: 42 	Training Cost: 9923.180139	 Valid Acc: 0.7116850127011007 	Best Valid Acc: 0.713802
Epoch: 43 	Training Cost: 9916.718879	 Valid Acc: 0.712108382726503 	Best Valid Acc: 0.713802
Epoch: 44 	Training Cost: 9910.011648	 Valid Acc: 0.7114027660174993 	Best Valid Acc: 0.713802
Epoch: 45 	Training Cost: 9903.618125	 Valid Acc: 0.7111205193338979 	Best Valid Acc: 0.713802
Epoch: 46 	Training Cost: 9897.010573	 Valid Acc: 0.7111205193338979 	Best Valid Acc: 0.713802
Epoch: 47 	Training Cost: 9890.035485	 Valid Acc: 0.7112616426756986 	Best Valid Acc: 0.713802
Epoch: 48 	Training Cost: 9883.346368	 Valid Acc: 0.7108382726502963 	Best Valid Acc: 0.713802
Epoch: 49 	Training Cost: 9876.522812	 Valid Acc: 0.7104149026248942 	Best Valid Acc: 0.713802
Epoch: 50 	Training Cost: 9869.584777	 Valid Acc: 0.7109793959920971 	Best Valid Acc: 0.713802
Epoch: 51 	Training Cost: 9862.030335	 Valid Acc: 0.7116850127011007 	Best Valid Acc: 0.713802
Epoch: 52 	Training Cost: 9855.156664	 Valid Acc: 0.7109793959920971 	Best Valid Acc: 0.713802
Epoch: 53 	Training Cost: 9847.807360	 Valid Acc: 0.7118261360429015 	Best Valid Acc: 0.713802
Epoch: 54 	Training Cost: 9840.699649	 Valid Acc: 0.7114027660174993 	Best Valid Acc: 0.713802
Epoch: 55 	Training Cost: 9833.292627	 Valid Acc: 0.7109793959920971 	Best Valid Acc: 0.713802
Epoch: 56 	Training Cost: 9825.722553	 Valid Acc: 0.7108382726502963 	Best Valid Acc: 0.713802
Epoch: 57 	Training Cost: 9818.215234	 Valid Acc: 0.7118261360429015 	Best Valid Acc: 0.713802
Epoch: 58 	Training Cost: 9810.330946	 Valid Acc: 0.7116850127011007 	Best Valid Acc: 0.713802
Epoch: 59 	Training Cost: 9802.661769	 Valid Acc: 0.7112616426756986 	Best Valid Acc: 0.713802
Epoch: 60 	Training Cost: 9795.163641	 Valid Acc: 0.7115438893593 	Best Valid Acc: 0.713802
Epoch: 61 	Training Cost: 9787.242881	 Valid Acc: 0.712108382726503 	Best Valid Acc: 0.713802
Epoch: 62 	Training Cost: 9779.850916	 Valid Acc: 0.7128139994355066 	Best Valid Acc: 0.713802
Epoch: 63 	Training Cost: 9771.520963	 Valid Acc: 0.713660739486311 	Best Valid Acc: 0.713802
Epoch: 64 	Training Cost: 9763.744777	 Valid Acc: 0.713660739486311 	Best Valid Acc: 0.713802
Epoch: 65 	Training Cost: 9755.947020	 Valid Acc: 0.713096246119108 	Best Valid Acc: 0.713802
Epoch: 66 	Training Cost: 9747.291334	 Valid Acc: 0.7126728760937059 	Best Valid Acc: 0.713802
Epoch: 67 	Training Cost: 9739.397006	 Valid Acc: 0.7129551227773073 	Best Valid Acc: 0.713802
Epoch: 68 	Training Cost: 9731.439402	 Valid Acc: 0.712108382726503 	Best Valid Acc: 0.713802
Epoch: 69 	Training Cost: 9723.023475	 Valid Acc: 0.7125317527519052 	Best Valid Acc: 0.713802
Epoch: 70 	Training Cost: 9714.541186	 Valid Acc: 0.713096246119108 	Best Valid Acc: 0.713802
Epoch: 71 	Training Cost: 9706.589594	 Valid Acc: 0.7135196161445103 	Best Valid Acc: 0.713802
Epoch: 72 	Training Cost: 9697.814069	 Valid Acc: 0.7132373694609089 	Best Valid Acc: 0.713802
Epoch: 73 	Training Cost: 9688.568037	 Valid Acc: 0.7129551227773073 	Best Valid Acc: 0.713802
Epoch: 74 	Training Cost: 9679.043978	 Valid Acc: 0.7129551227773073 	Best Valid Acc: 0.713802
Epoch: 75 	Training Cost: 9668.501466	 Valid Acc: 0.7135196161445103 	Best Valid Acc: 0.713802
Epoch: 76 	Training Cost: 9658.249695	 Valid Acc: 0.7135196161445103 	Best Valid Acc: 0.713802
Epoch: 77 	Training Cost: 9648.626319	 Valid Acc: 0.7132373694609089 	Best Valid Acc: 0.713802
Epoch: 78 	Training Cost: 9637.365043	 Valid Acc: 0.7135196161445103 	Best Valid Acc: 0.713802
Epoch: 79 	Training Cost: 9625.591826	 Valid Acc: 0.7129551227773073 	Best Valid Acc: 0.713802
Epoch: 80 	Training Cost: 9612.743325	 Valid Acc: 0.712108382726503 	Best Valid Acc: 0.713802
Epoch: 81 	Training Cost: 9601.967710	 Valid Acc: 0.7118261360429015 	Best Valid Acc: 0.713802
Epoch: 82 	Training Cost: 9588.424631	 Valid Acc: 0.7125317527519052 	Best Valid Acc: 0.713802
Epoch: 83 	Training Cost: 9576.624240	 Valid Acc: 0.712108382726503 	Best Valid Acc: 0.713802
Epoch: 84 	Training Cost: 9564.674070	 Valid Acc: 0.7125317527519052 	Best Valid Acc: 0.713802
Epoch: 85 	Training Cost: 9553.038922	 Valid Acc: 0.712108382726503 	Best Valid Acc: 0.713802
Epoch: 86 	Training Cost: 9541.502069	 Valid Acc: 0.7122495060683037 	Best Valid Acc: 0.713802
Epoch: 87 	Training Cost: 9529.415913	 Valid Acc: 0.7115438893593 	Best Valid Acc: 0.713802
Epoch: 88 	Training Cost: 9518.100592	 Valid Acc: 0.7108382726502963 	Best Valid Acc: 0.713802
Epoch: 89 	Training Cost: 9505.978063	 Valid Acc: 0.7111205193338979 	Best Valid Acc: 0.713802
Epoch: 90 	Training Cost: 9494.325479	 Valid Acc: 0.7105560259666949 	Best Valid Acc: 0.713802
Epoch: 91 	Training Cost: 9482.162293	 Valid Acc: 0.707874682472481 	Best Valid Acc: 0.713802
Epoch: 92 	Training Cost: 9470.938900	 Valid Acc: 0.7068868190798758 	Best Valid Acc: 0.713802
Epoch: 93 	Training Cost: 9457.749970	 Valid Acc: 0.7054755856618685 	Best Valid Acc: 0.713802
Epoch: 94 	Training Cost: 9445.122236	 Valid Acc: 0.7058989556872707 	Best Valid Acc: 0.713802
Epoch: 95 	Training Cost: 9432.753476	 Valid Acc: 0.7042054755856618 	Best Valid Acc: 0.713802
Epoch: 96 	Training Cost: 9420.835879	 Valid Acc: 0.7046288456110641 	Best Valid Acc: 0.713802
Epoch: 97 	Training Cost: 9407.805399	 Valid Acc: 0.70575783234547 	Best Valid Acc: 0.713802
Epoch: 98 	Training Cost: 9395.669925	 Valid Acc: 0.7070279424216765 	Best Valid Acc: 0.713802
Epoch: 99 	Training Cost: 9384.690918	 Valid Acc: 0.70575783234547 	Best Valid Acc: 0.713802
Epoch: 100 	Training Cost: 9369.359186	 Valid Acc: 0.7056167090036692 	Best Valid Acc: 0.713802
Epoch: 101 	Training Cost: 9358.106531	 Valid Acc: 0.7044877222692634 	Best Valid Acc: 0.713802
Epoch: 102 	Training Cost: 9349.297727	 Valid Acc: 0.7049110922946655 	Best Valid Acc: 0.713802
Epoch: 103 	Training Cost: 9335.228500	 Valid Acc: 0.7029353655094552 	Best Valid Acc: 0.713802
Epoch: 104 	Training Cost: 9321.646861	 Valid Acc: 0.7039232289020604 	Best Valid Acc: 0.713802
Epoch: 105 	Training Cost: 9309.414458	 Valid Acc: 0.7012418854078465 	Best Valid Acc: 0.713802
Epoch: 106 	Training Cost: 9297.955472	 Valid Acc: 0.7033587355348575 	Best Valid Acc: 0.713802
Epoch: 107 	Training Cost: 9286.332654	 Valid Acc: 0.7005362686988428 	Best Valid Acc: 0.713802
Epoch: 108 	Training Cost: 9274.656866	 Valid Acc: 0.7003951453570421 	Best Valid Acc: 0.713802
Epoch: 109 	Training Cost: 9261.509304	 Valid Acc: 0.6992661586226362 	Best Valid Acc: 0.713802
Epoch: 110 	Training Cost: 9250.982889	 Valid Acc: 0.6984194185718318 	Best Valid Acc: 0.713802
Epoch: 111 	Training Cost: 9237.506023	 Valid Acc: 0.7008185153824442 	Best Valid Acc: 0.713802
Epoch: 112 	Training Cost: 9223.210502	 Valid Acc: 0.6987016652554332 	Best Valid Acc: 0.713802
Epoch: 113 	Training Cost: 9212.595065	 Valid Acc: 0.7013830087496472 	Best Valid Acc: 0.713802
Epoch: 114 	Training Cost: 9205.682046	 Valid Acc: 0.6994072819644369 	Best Valid Acc: 0.713802
Epoch: 115 	Training Cost: 9192.938644	 Valid Acc: 0.6995484053062376 	Best Valid Acc: 0.713802
Epoch: 116 	Training Cost: 9182.268140	 Valid Acc: 0.703076488851256 	Best Valid Acc: 0.713802
Epoch: 117 	Training Cost: 9170.055263	 Valid Acc: 0.7012418854078465 	Best Valid Acc: 0.713802
Epoch: 118 	Training Cost: 9158.411242	 Valid Acc: 0.7009596387242449 	Best Valid Acc: 0.713802
Epoch: 119 	Training Cost: 9154.837511	 Valid Acc: 0.7009596387242449 	Best Valid Acc: 0.713802
Epoch: 120 	Training Cost: 9143.896473	 Valid Acc: 0.7018063787750494 	Best Valid Acc: 0.713802
Epoch: 121 	Training Cost: 9133.855542	 Valid Acc: 0.7020886254586508 	Best Valid Acc: 0.713802
Epoch: 122 	Training Cost: 9118.981372	 Valid Acc: 0.7013830087496472 	Best Valid Acc: 0.713802
Epoch: 123 	Training Cost: 9107.504757	 Valid Acc: 0.7008185153824442 	Best Valid Acc: 0.713802
Epoch: 124 	Training Cost: 9096.168440	 Valid Acc: 0.7008185153824442 	Best Valid Acc: 0.713802
Epoch: 125 	Training Cost: 9083.731877	 Valid Acc: 0.6998306519898391 	Best Valid Acc: 0.713802
Epoch: 126 	Training Cost: 9071.988224	 Valid Acc: 0.7022297488004516 	Best Valid Acc: 0.713802
Epoch: 127 	Training Cost: 9059.429334	 Valid Acc: 0.7011007620660458 	Best Valid Acc: 0.713802
Epoch: 128 	Training Cost: 9051.616187	 Valid Acc: 0.7026531188258538 	Best Valid Acc: 0.713802
Epoch: 129 	Training Cost: 9041.329208	 Valid Acc: 0.7012418854078465 	Best Valid Acc: 0.713802
Epoch: 130 	Training Cost: 9029.180719	 Valid Acc: 0.7013830087496472 	Best Valid Acc: 0.713802
Epoch: 131 	Training Cost: 9028.016162	 Valid Acc: 0.6987016652554332 	Best Valid Acc: 0.713802
Epoch: 132 	Training Cost: 9016.334334	 Valid Acc: 0.7008185153824442 	Best Valid Acc: 0.713802
Epoch: 133 	Training Cost: 9001.862481	 Valid Acc: 0.6987016652554332 	Best Valid Acc: 0.713802
Epoch: 134 	Training Cost: 8994.097524	 Valid Acc: 0.7023708721422524 	Best Valid Acc: 0.713802
Epoch: 135 	Training Cost: 8986.196956	 Valid Acc: 0.6994072819644369 	Best Valid Acc: 0.713802
Epoch: 136 	Training Cost: 8976.118957	 Valid Acc: 0.7009596387242449 	Best Valid Acc: 0.713802
Epoch: 137 	Training Cost: 8970.080033	 Valid Acc: 0.6998306519898391 	Best Valid Acc: 0.713802
Epoch: 138 	Training Cost: 8960.246237	 Valid Acc: 0.7026531188258538 	Best Valid Acc: 0.713802
Epoch: 139 	Training Cost: 8949.901114	 Valid Acc: 0.7026531188258538 	Best Valid Acc: 0.713802
Epoch: 140 	Training Cost: 8943.862540	 Valid Acc: 0.6995484053062376 	Best Valid Acc: 0.713802
Epoch: 141 	Training Cost: 8934.521393	 Valid Acc: 0.698842788597234 	Best Valid Acc: 0.713802
Epoch: 142 	Training Cost: 8924.990295	 Valid Acc: 0.6998306519898391 	Best Valid Acc: 0.713802
Epoch: 143 	Training Cost: 8912.144249	 Valid Acc: 0.7023708721422524 	Best Valid Acc: 0.713802
Epoch: 144 	Training Cost: 8898.956690	 Valid Acc: 0.6998306519898391 	Best Valid Acc: 0.713802
Epoch: 145 	Training Cost: 8893.101580	 Valid Acc: 0.7042054755856618 	Best Valid Acc: 0.713802
Epoch: 146 	Training Cost: 8881.294500	 Valid Acc: 0.7042054755856618 	Best Valid Acc: 0.713802
Epoch: 147 	Training Cost: 8873.081497	 Valid Acc: 0.7042054755856618 	Best Valid Acc: 0.713802
Epoch: 148 	Training Cost: 8863.990737	 Valid Acc: 0.705193338978267 	Best Valid Acc: 0.713802
Epoch: 149 	Training Cost: 8857.535530	 Valid Acc: 0.7019475021168501 	Best Valid Acc: 0.713802
Epoch: 150 	Training Cost: 8847.892995	 Valid Acc: 0.7056167090036692 	Best Valid Acc: 0.713802
Epoch: 151 	Training Cost: 8831.798413	 Valid Acc: 0.7037821055602597 	Best Valid Acc: 0.713802
Epoch: 152 	Training Cost: 8826.789314	 Valid Acc: 0.7016652554332486 	Best Valid Acc: 0.713802
Epoch: 153 	Training Cost: 8813.305333	 Valid Acc: 0.7013830087496472 	Best Valid Acc: 0.713802
Epoch: 154 	Training Cost: 8805.040700	 Valid Acc: 0.7032176121930568 	Best Valid Acc: 0.713802
Epoch: 155 	Training Cost: 8793.144904	 Valid Acc: 0.7001128986734406 	Best Valid Acc: 0.713802
Epoch: 156 	Training Cost: 8784.913079	 Valid Acc: 0.7018063787750494 	Best Valid Acc: 0.713802
Epoch: 157 	Training Cost: 8771.798964	 Valid Acc: 0.6995484053062376 	Best Valid Acc: 0.713802
Epoch: 158 	Training Cost: 8759.800260	 Valid Acc: 0.7015241320914479 	Best Valid Acc: 0.713802
Epoch: 159 	Training Cost: 8749.266943	 Valid Acc: 0.6989839119390348 	Best Valid Acc: 0.713802
Epoch: 160 	Training Cost: 8752.202805	 Valid Acc: 0.7002540220152413 	Best Valid Acc: 0.713802
Epoch: 161 	Training Cost: 8739.134734	 Valid Acc: 0.6968670618120237 	Best Valid Acc: 0.713802
Epoch: 162 	Training Cost: 8748.349759	 Valid Acc: 0.6958791984194186 	Best Valid Acc: 0.713802
Epoch: 163 	Training Cost: 8725.021042	 Valid Acc: 0.6981371718882303 	Best Valid Acc: 0.713802
Epoch: 164 	Training Cost: 8711.599909	 Valid Acc: 0.6999717753316399 	Best Valid Acc: 0.713802
Epoch: 165 	Training Cost: 8708.744096	 Valid Acc: 0.6995484053062376 	Best Valid Acc: 0.713802
Epoch: 166 	Training Cost: 8692.877937	 Valid Acc: 0.6985605419136325 	Best Valid Acc: 0.713802
Epoch: 167 	Training Cost: 8686.109497	 Valid Acc: 0.7026531188258538 	Best Valid Acc: 0.713802
Epoch: 168 	Training Cost: 8675.097253	 Valid Acc: 0.7003951453570421 	Best Valid Acc: 0.713802
Epoch: 169 	Training Cost: 8668.116339	 Valid Acc: 0.6960203217612193 	Best Valid Acc: 0.713802
Epoch: 170 	Training Cost: 8655.107259	 Valid Acc: 0.6994072819644369 	Best Valid Acc: 0.713802
Epoch: 171 	Training Cost: 8652.594114	 Valid Acc: 0.6989839119390348 	Best Valid Acc: 0.713802
Epoch: 172 	Training Cost: 8649.619777	 Valid Acc: 0.7009596387242449 	Best Valid Acc: 0.713802
Epoch: 173 	Training Cost: 8636.877722	 Valid Acc: 0.7036409822184589 	Best Valid Acc: 0.713802
Epoch: 174 	Training Cost: 8629.161423	 Valid Acc: 0.6958791984194186 	Best Valid Acc: 0.713802
Epoch: 175 	Training Cost: 8623.861374	 Valid Acc: 0.7016652554332486 	Best Valid Acc: 0.713802
Epoch: 176 	Training Cost: 8614.649362	 Valid Acc: 0.6958791984194186 	Best Valid Acc: 0.713802
Epoch: 177 	Training Cost: 8603.721933	 Valid Acc: 0.7036409822184589 	Best Valid Acc: 0.713802
Epoch: 178 	Training Cost: 8587.317126	 Valid Acc: 0.7027942421676545 	Best Valid Acc: 0.713802
Epoch: 179 	Training Cost: 8582.198041	 Valid Acc: 0.7037821055602597 	Best Valid Acc: 0.713802
Epoch: 180 	Training Cost: 8567.349090	 Valid Acc: 0.7015241320914479 	Best Valid Acc: 0.713802
Epoch: 181 	Training Cost: 8563.160745	 Valid Acc: 0.69616144510302 	Best Valid Acc: 0.713802
Epoch: 182 	Training Cost: 8548.035344	 Valid Acc: 0.7036409822184589 	Best Valid Acc: 0.713802
Epoch: 183 	Training Cost: 8542.442895	 Valid Acc: 0.7016652554332486 	Best Valid Acc: 0.713802
Epoch: 184 	Training Cost: 8524.556668	 Valid Acc: 0.7005362686988428 	Best Valid Acc: 0.713802
Epoch: 185 	Training Cost: 8516.587405	 Valid Acc: 0.7019475021168501 	Best Valid Acc: 0.713802
Epoch: 186 	Training Cost: 8521.747203	 Valid Acc: 0.698842788597234 	Best Valid Acc: 0.713802
Epoch: 187 	Training Cost: 8501.738993	 Valid Acc: 0.6992661586226362 	Best Valid Acc: 0.713802
Epoch: 188 	Training Cost: 8497.515372	 Valid Acc: 0.698842788597234 	Best Valid Acc: 0.713802
Epoch: 189 	Training Cost: 8475.928341	 Valid Acc: 0.6987016652554332 	Best Valid Acc: 0.713802
Epoch: 190 	Training Cost: 8464.558542	 Valid Acc: 0.7001128986734406 	Best Valid Acc: 0.713802
Epoch: 191 	Training Cost: 8459.817259	 Valid Acc: 0.6992661586226362 	Best Valid Acc: 0.713802
Epoch: 192 	Training Cost: 8453.163836	 Valid Acc: 0.6970081851538245 	Best Valid Acc: 0.713802
Epoch: 193 	Training Cost: 8437.672903	 Valid Acc: 0.6974315551792266 	Best Valid Acc: 0.713802
Epoch: 194 	Training Cost: 8432.871644	 Valid Acc: 0.6943268416596104 	Best Valid Acc: 0.713802
Epoch: 195 	Training Cost: 8419.778811	 Valid Acc: 0.694609088343212 	Best Valid Acc: 0.713802
Epoch: 196 	Training Cost: 8403.516610	 Valid Acc: 0.6955969517358171 	Best Valid Acc: 0.713802
Epoch: 197 	Training Cost: 8397.824931	 Valid Acc: 0.6978549252046289 	Best Valid Acc: 0.713802
Epoch: 198 	Training Cost: 8391.520372	 Valid Acc: 0.6930567315834039 	Best Valid Acc: 0.713802
Epoch: 199 	Training Cost: 8378.968593	 Valid Acc: 0.6991250352808355 	Best Valid Acc: 0.713802
Epoch: 200 	Training Cost: 8373.007058	 Valid Acc: 0.6912221281399944 	Best Valid Acc: 0.713802
lr=2e-05, lamb=0.0001, num_epoch=200, test_acc=0.6852949477843635
----------------------------------------------------------
----------------------------------------------------------
lr=2e-05, lamb=0.001, num_epoch=200
Epoch: 1 	Training Cost: 13646.391594	 Valid Acc: 0.6645498165396556 	Best Valid Acc: 0.664550
Epoch: 2 	Training Cost: 12060.421030	 Valid Acc: 0.6766864239345187 	Best Valid Acc: 0.676686
Epoch: 3 	Training Cost: 11748.595790	 Valid Acc: 0.681343494213943 	Best Valid Acc: 0.681343
Epoch: 4 	Training Cost: 11655.849134	 Valid Acc: 0.6826136042901496 	Best Valid Acc: 0.682614
Epoch: 5 	Training Cost: 11616.206048	 Valid Acc: 0.6833192209991532 	Best Valid Acc: 0.683319
Epoch: 6 	Training Cost: 11595.685295	 Valid Acc: 0.6843070843917584 	Best Valid Acc: 0.684307
Epoch: 7 	Training Cost: 11582.771746	 Valid Acc: 0.6845893310753599 	Best Valid Acc: 0.684589
Epoch: 8 	Training Cost: 11569.836668	 Valid Acc: 0.6845893310753599 	Best Valid Acc: 0.684589
Epoch: 9 	Training Cost: 11538.928161	 Valid Acc: 0.6844482077335591 	Best Valid Acc: 0.684589
Epoch: 10 	Training Cost: 11441.560205	 Valid Acc: 0.6799322607959356 	Best Valid Acc: 0.684589
Epoch: 11 	Training Cost: 11309.498346	 Valid Acc: 0.6797911374541349 	Best Valid Acc: 0.684589
Epoch: 12 	Training Cost: 11219.460276	 Valid Acc: 0.6821902342647473 	Best Valid Acc: 0.684589
Epoch: 13 	Training Cost: 11143.018003	 Valid Acc: 0.6852949477843635 	Best Valid Acc: 0.685295
Epoch: 14 	Training Cost: 11041.846470	 Valid Acc: 0.692492238216201 	Best Valid Acc: 0.692492
Epoch: 15 	Training Cost: 10893.607645	 Valid Acc: 0.7009596387242449 	Best Valid Acc: 0.700960
Epoch: 16 	Training Cost: 10731.483350	 Valid Acc: 0.7023708721422524 	Best Valid Acc: 0.702371
Epoch: 17 	Training Cost: 10605.436820	 Valid Acc: 0.7056167090036692 	Best Valid Acc: 0.705617
Epoch: 18 	Training Cost: 10518.410602	 Valid Acc: 0.7050522156364663 	Best Valid Acc: 0.705617
Epoch: 19 	Training Cost: 10455.645694	 Valid Acc: 0.7071690657634773 	Best Valid Acc: 0.707169
Epoch: 20 	Training Cost: 10406.688689	 Valid Acc: 0.7084391758396839 	Best Valid Acc: 0.708439
Epoch: 21 	Training Cost: 10366.989972	 Valid Acc: 0.7084391758396839 	Best Valid Acc: 0.708439
Epoch: 22 	Training Cost: 10334.145641	 Valid Acc: 0.7095681625740897 	Best Valid Acc: 0.709568
Epoch: 23 	Training Cost: 10306.499150	 Valid Acc: 0.7105560259666949 	Best Valid Acc: 0.710556
Epoch: 24 	Training Cost: 10283.353320	 Valid Acc: 0.7119672593847022 	Best Valid Acc: 0.711967
Epoch: 25 	Training Cost: 10263.337281	 Valid Acc: 0.713660739486311 	Best Valid Acc: 0.713661
Epoch: 26 	Training Cost: 10246.664023	 Valid Acc: 0.7135196161445103 	Best Valid Acc: 0.713661
Epoch: 27 	Training Cost: 10231.854503	 Valid Acc: 0.7132373694609089 	Best Valid Acc: 0.713661
Epoch: 28 	Training Cost: 10218.817681	 Valid Acc: 0.7132373694609089 	Best Valid Acc: 0.713661
Epoch: 29 	Training Cost: 10207.419782	 Valid Acc: 0.7123906294101044 	Best Valid Acc: 0.713661
Epoch: 30 	Training Cost: 10197.236273	 Valid Acc: 0.7123906294101044 	Best Valid Acc: 0.713661
Epoch: 31 	Training Cost: 10188.156045	 Valid Acc: 0.7123906294101044 	Best Valid Acc: 0.713661
Epoch: 32 	Training Cost: 10179.975393	 Valid Acc: 0.7126728760937059 	Best Valid Acc: 0.713661
Epoch: 33 	Training Cost: 10172.655196	 Valid Acc: 0.713096246119108 	Best Valid Acc: 0.713661
Epoch: 34 	Training Cost: 10165.804035	 Valid Acc: 0.7146486028789162 	Best Valid Acc: 0.714649
Epoch: 35 	Training Cost: 10159.529588	 Valid Acc: 0.7154953429297206 	Best Valid Acc: 0.715495
Epoch: 36 	Training Cost: 10153.853479	 Valid Acc: 0.7156364662715213 	Best Valid Acc: 0.715636
Epoch: 37 	Training Cost: 10148.472808	 Valid Acc: 0.7152130962461191 	Best Valid Acc: 0.715636
Epoch: 38 	Training Cost: 10143.594881	 Valid Acc: 0.714225232853514 	Best Valid Acc: 0.715636
Epoch: 39 	Training Cost: 10139.045503	 Valid Acc: 0.7146486028789162 	Best Valid Acc: 0.715636
Epoch: 40 	Training Cost: 10134.752824	 Valid Acc: 0.7143663561953147 	Best Valid Acc: 0.715636
Epoch: 41 	Training Cost: 10130.827685	 Valid Acc: 0.7135196161445103 	Best Valid Acc: 0.715636
Epoch: 42 	Training Cost: 10126.974767	 Valid Acc: 0.7143663561953147 	Best Valid Acc: 0.715636
Epoch: 43 	Training Cost: 10123.374705	 Valid Acc: 0.7140841095117132 	Best Valid Acc: 0.715636
Epoch: 44 	Training Cost: 10120.012559	 Valid Acc: 0.7138018628281118 	Best Valid Acc: 0.715636
Epoch: 45 	Training Cost: 10116.708545	 Valid Acc: 0.7135196161445103 	Best Valid Acc: 0.715636
Epoch: 46 	Training Cost: 10113.571558	 Valid Acc: 0.713660739486311 	Best Valid Acc: 0.715636
Epoch: 47 	Training Cost: 10110.508455	 Valid Acc: 0.713660739486311 	Best Valid Acc: 0.715636
Epoch: 48 	Training Cost: 10107.657354	 Valid Acc: 0.7139429861699125 	Best Valid Acc: 0.715636
Epoch: 49 	Training Cost: 10104.970794	 Valid Acc: 0.7143663561953147 	Best Valid Acc: 0.715636
Epoch: 50 	Training Cost: 10102.296608	 Valid Acc: 0.713660739486311 	Best Valid Acc: 0.715636
Epoch: 51 	Training Cost: 10099.597587	 Valid Acc: 0.713660739486311 	Best Valid Acc: 0.715636
Epoch: 52 	Training Cost: 10097.080946	 Valid Acc: 0.7139429861699125 	Best Valid Acc: 0.715636
Epoch: 53 	Training Cost: 10094.700654	 Valid Acc: 0.713660739486311 	Best Valid Acc: 0.715636
Epoch: 54 	Training Cost: 10092.233257	 Valid Acc: 0.7138018628281118 	Best Valid Acc: 0.715636
Epoch: 55 	Training Cost: 10089.849806	 Valid Acc: 0.7138018628281118 	Best Valid Acc: 0.715636
Epoch: 56 	Training Cost: 10087.570063	 Valid Acc: 0.7139429861699125 	Best Valid Acc: 0.715636
Epoch: 57 	Training Cost: 10085.314627	 Valid Acc: 0.713660739486311 	Best Valid Acc: 0.715636
Epoch: 58 	Training Cost: 10082.983202	 Valid Acc: 0.7139429861699125 	Best Valid Acc: 0.715636
Epoch: 59 	Training Cost: 10080.872681	 Valid Acc: 0.714225232853514 	Best Valid Acc: 0.715636
Epoch: 60 	Training Cost: 10078.766765	 Valid Acc: 0.7140841095117132 	Best Valid Acc: 0.715636
Epoch: 61 	Training Cost: 10076.682744	 Valid Acc: 0.7143663561953147 	Best Valid Acc: 0.715636
Epoch: 62 	Training Cost: 10074.650695	 Valid Acc: 0.714225232853514 	Best Valid Acc: 0.715636
Epoch: 63 	Training Cost: 10072.547092	 Valid Acc: 0.7145074795371155 	Best Valid Acc: 0.715636
Epoch: 64 	Training Cost: 10070.651492	 Valid Acc: 0.7143663561953147 	Best Valid Acc: 0.715636
Epoch: 65 	Training Cost: 10068.677410	 Valid Acc: 0.7139429861699125 	Best Valid Acc: 0.715636
Epoch: 66 	Training Cost: 10066.750717	 Valid Acc: 0.7133784928027096 	Best Valid Acc: 0.715636
Epoch: 67 	Training Cost: 10064.800325	 Valid Acc: 0.7139429861699125 	Best Valid Acc: 0.715636
Epoch: 68 	Training Cost: 10062.830473	 Valid Acc: 0.714225232853514 	Best Valid Acc: 0.715636
Epoch: 69 	Training Cost: 10060.997794	 Valid Acc: 0.7138018628281118 	Best Valid Acc: 0.715636
Epoch: 70 	Training Cost: 10058.956424	 Valid Acc: 0.7135196161445103 	Best Valid Acc: 0.715636
Epoch: 71 	Training Cost: 10057.177533	 Valid Acc: 0.7132373694609089 	Best Valid Acc: 0.715636
Epoch: 72 	Training Cost: 10055.205509	 Valid Acc: 0.7133784928027096 	Best Valid Acc: 0.715636
Epoch: 73 	Training Cost: 10053.346410	 Valid Acc: 0.7132373694609089 	Best Valid Acc: 0.715636
Epoch: 74 	Training Cost: 10051.427541	 Valid Acc: 0.713096246119108 	Best Valid Acc: 0.715636
Epoch: 75 	Training Cost: 10049.499205	 Valid Acc: 0.7126728760937059 	Best Valid Acc: 0.715636
Epoch: 76 	Training Cost: 10047.677519	 Valid Acc: 0.7128139994355066 	Best Valid Acc: 0.715636
Epoch: 77 	Training Cost: 10045.611161	 Valid Acc: 0.713096246119108 	Best Valid Acc: 0.715636
Epoch: 78 	Training Cost: 10043.778866	 Valid Acc: 0.7126728760937059 	Best Valid Acc: 0.715636
Epoch: 79 	Training Cost: 10041.722341	 Valid Acc: 0.7126728760937059 	Best Valid Acc: 0.715636
Epoch: 80 	Training Cost: 10039.852375	 Valid Acc: 0.7126728760937059 	Best Valid Acc: 0.715636
Epoch: 81 	Training Cost: 10037.784254	 Valid Acc: 0.7123906294101044 	Best Valid Acc: 0.715636
Epoch: 82 	Training Cost: 10035.752495	 Valid Acc: 0.7122495060683037 	Best Valid Acc: 0.715636
Epoch: 83 	Training Cost: 10033.695475	 Valid Acc: 0.7125317527519052 	Best Valid Acc: 0.715636
Epoch: 84 	Training Cost: 10031.500834	 Valid Acc: 0.7125317527519052 	Best Valid Acc: 0.715636
Epoch: 85 	Training Cost: 10029.319579	 Valid Acc: 0.7122495060683037 	Best Valid Acc: 0.715636
Epoch: 86 	Training Cost: 10027.144582	 Valid Acc: 0.7119672593847022 	Best Valid Acc: 0.715636
Epoch: 87 	Training Cost: 10024.968118	 Valid Acc: 0.7122495060683037 	Best Valid Acc: 0.715636
Epoch: 88 	Training Cost: 10022.768681	 Valid Acc: 0.7122495060683037 	Best Valid Acc: 0.715636
Epoch: 89 	Training Cost: 10020.566455	 Valid Acc: 0.712108382726503 	Best Valid Acc: 0.715636
Epoch: 90 	Training Cost: 10018.074648	 Valid Acc: 0.7123906294101044 	Best Valid Acc: 0.715636
Epoch: 91 	Training Cost: 10015.640303	 Valid Acc: 0.712108382726503 	Best Valid Acc: 0.715636
Epoch: 92 	Training Cost: 10013.137403	 Valid Acc: 0.7122495060683037 	Best Valid Acc: 0.715636
Epoch: 93 	Training Cost: 10010.595057	 Valid Acc: 0.7126728760937059 	Best Valid Acc: 0.715636
Epoch: 94 	Training Cost: 10007.961394	 Valid Acc: 0.713096246119108 	Best Valid Acc: 0.715636
Epoch: 95 	Training Cost: 10005.198384	 Valid Acc: 0.7135196161445103 	Best Valid Acc: 0.715636
Epoch: 96 	Training Cost: 10002.503984	 Valid Acc: 0.7132373694609089 	Best Valid Acc: 0.715636
Epoch: 97 	Training Cost: 9999.576548	 Valid Acc: 0.7132373694609089 	Best Valid Acc: 0.715636
Epoch: 98 	Training Cost: 9996.633471	 Valid Acc: 0.7133784928027096 	Best Valid Acc: 0.715636
Epoch: 99 	Training Cost: 9993.592040	 Valid Acc: 0.7133784928027096 	Best Valid Acc: 0.715636
Epoch: 100 	Training Cost: 9990.196754	 Valid Acc: 0.7133784928027096 	Best Valid Acc: 0.715636
Epoch: 101 	Training Cost: 9987.055421	 Valid Acc: 0.713096246119108 	Best Valid Acc: 0.715636
Epoch: 102 	Training Cost: 9983.768440	 Valid Acc: 0.7132373694609089 	Best Valid Acc: 0.715636
Epoch: 103 	Training Cost: 9980.126712	 Valid Acc: 0.7133784928027096 	Best Valid Acc: 0.715636
Epoch: 104 	Training Cost: 9976.611407	 Valid Acc: 0.713660739486311 	Best Valid Acc: 0.715636
Epoch: 105 	Training Cost: 9972.983568	 Valid Acc: 0.7129551227773073 	Best Valid Acc: 0.715636
Epoch: 106 	Training Cost: 9969.059705	 Valid Acc: 0.7133784928027096 	Best Valid Acc: 0.715636
Epoch: 107 	Training Cost: 9965.216539	 Valid Acc: 0.713660739486311 	Best Valid Acc: 0.715636
Epoch: 108 	Training Cost: 9961.407791	 Valid Acc: 0.7135196161445103 	Best Valid Acc: 0.715636
Epoch: 109 	Training Cost: 9957.378407	 Valid Acc: 0.7133784928027096 	Best Valid Acc: 0.715636
Epoch: 110 	Training Cost: 9953.325948	 Valid Acc: 0.7132373694609089 	Best Valid Acc: 0.715636
Epoch: 111 	Training Cost: 9948.979568	 Valid Acc: 0.713096246119108 	Best Valid Acc: 0.715636
Epoch: 112 	Training Cost: 9944.948346	 Valid Acc: 0.7126728760937059 	Best Valid Acc: 0.715636
Epoch: 113 	Training Cost: 9940.744001	 Valid Acc: 0.7126728760937059 	Best Valid Acc: 0.715636
Epoch: 114 	Training Cost: 9936.270538	 Valid Acc: 0.7132373694609089 	Best Valid Acc: 0.715636
Epoch: 115 	Training Cost: 9931.766078	 Valid Acc: 0.7129551227773073 	Best Valid Acc: 0.715636
Epoch: 116 	Training Cost: 9927.486306	 Valid Acc: 0.7138018628281118 	Best Valid Acc: 0.715636
Epoch: 117 	Training Cost: 9922.820551	 Valid Acc: 0.7139429861699125 	Best Valid Acc: 0.715636
Epoch: 118 	Training Cost: 9918.344699	 Valid Acc: 0.7135196161445103 	Best Valid Acc: 0.715636
Epoch: 119 	Training Cost: 9913.677234	 Valid Acc: 0.713096246119108 	Best Valid Acc: 0.715636
Epoch: 120 	Training Cost: 9908.978969	 Valid Acc: 0.7132373694609089 	Best Valid Acc: 0.715636
Epoch: 121 	Training Cost: 9904.389170	 Valid Acc: 0.713660739486311 	Best Valid Acc: 0.715636
Epoch: 122 	Training Cost: 9899.339880	 Valid Acc: 0.7135196161445103 	Best Valid Acc: 0.715636
Epoch: 123 	Training Cost: 9894.584966	 Valid Acc: 0.7133784928027096 	Best Valid Acc: 0.715636
Epoch: 124 	Training Cost: 9889.549719	 Valid Acc: 0.713096246119108 	Best Valid Acc: 0.715636
Epoch: 125 	Training Cost: 9884.480869	 Valid Acc: 0.7132373694609089 	Best Valid Acc: 0.715636
Epoch: 126 	Training Cost: 9879.642156	 Valid Acc: 0.713096246119108 	Best Valid Acc: 0.715636
Epoch: 127 	Training Cost: 9874.307501	 Valid Acc: 0.713660739486311 	Best Valid Acc: 0.715636
Epoch: 128 	Training Cost: 9869.478658	 Valid Acc: 0.7139429861699125 	Best Valid Acc: 0.715636
Epoch: 129 	Training Cost: 9864.315251	 Valid Acc: 0.7143663561953147 	Best Valid Acc: 0.715636
Epoch: 130 	Training Cost: 9859.043384	 Valid Acc: 0.7135196161445103 	Best Valid Acc: 0.715636
Epoch: 131 	Training Cost: 9853.603406	 Valid Acc: 0.7129551227773073 	Best Valid Acc: 0.715636
Epoch: 132 	Training Cost: 9847.883439	 Valid Acc: 0.7129551227773073 	Best Valid Acc: 0.715636
Epoch: 133 	Training Cost: 9842.153634	 Valid Acc: 0.7122495060683037 	Best Valid Acc: 0.715636
Epoch: 134 	Training Cost: 9836.297006	 Valid Acc: 0.712108382726503 	Best Valid Acc: 0.715636
Epoch: 135 	Training Cost: 9829.812013	 Valid Acc: 0.7123906294101044 	Best Valid Acc: 0.715636
Epoch: 136 	Training Cost: 9823.371033	 Valid Acc: 0.7119672593847022 	Best Valid Acc: 0.715636
Epoch: 137 	Training Cost: 9816.553071	 Valid Acc: 0.7128139994355066 	Best Valid Acc: 0.715636
Epoch: 138 	Training Cost: 9809.474226	 Valid Acc: 0.7126728760937059 	Best Valid Acc: 0.715636
Epoch: 139 	Training Cost: 9801.914667	 Valid Acc: 0.7128139994355066 	Best Valid Acc: 0.715636
Epoch: 140 	Training Cost: 9793.983514	 Valid Acc: 0.7125317527519052 	Best Valid Acc: 0.715636
Epoch: 141 	Training Cost: 9786.790662	 Valid Acc: 0.7129551227773073 	Best Valid Acc: 0.715636
Epoch: 142 	Training Cost: 9778.900200	 Valid Acc: 0.7122495060683037 	Best Valid Acc: 0.715636
Epoch: 143 	Training Cost: 9771.157508	 Valid Acc: 0.7122495060683037 	Best Valid Acc: 0.715636
Epoch: 144 	Training Cost: 9763.782743	 Valid Acc: 0.7111205193338979 	Best Valid Acc: 0.715636
Epoch: 145 	Training Cost: 9756.566276	 Valid Acc: 0.7109793959920971 	Best Valid Acc: 0.715636
Epoch: 146 	Training Cost: 9749.856570	 Valid Acc: 0.7106971493084956 	Best Valid Acc: 0.715636
Epoch: 147 	Training Cost: 9742.628250	 Valid Acc: 0.7112616426756986 	Best Valid Acc: 0.715636
Epoch: 148 	Training Cost: 9736.245700	 Valid Acc: 0.7116850127011007 	Best Valid Acc: 0.715636
Epoch: 149 	Training Cost: 9729.809919	 Valid Acc: 0.7109793959920971 	Best Valid Acc: 0.715636
Epoch: 150 	Training Cost: 9724.140439	 Valid Acc: 0.712108382726503 	Best Valid Acc: 0.715636
Epoch: 151 	Training Cost: 9717.545737	 Valid Acc: 0.7111205193338979 	Best Valid Acc: 0.715636
Epoch: 152 	Training Cost: 9711.272848	 Valid Acc: 0.7114027660174993 	Best Valid Acc: 0.715636
Epoch: 153 	Training Cost: 9705.621766	 Valid Acc: 0.7112616426756986 	Best Valid Acc: 0.715636
Epoch: 154 	Training Cost: 9699.400551	 Valid Acc: 0.7116850127011007 	Best Valid Acc: 0.715636
Epoch: 155 	Training Cost: 9693.816070	 Valid Acc: 0.7116850127011007 	Best Valid Acc: 0.715636
Epoch: 156 	Training Cost: 9687.772416	 Valid Acc: 0.7105560259666949 	Best Valid Acc: 0.715636
Epoch: 157 	Training Cost: 9682.070480	 Valid Acc: 0.7105560259666949 	Best Valid Acc: 0.715636
Epoch: 158 	Training Cost: 9675.666471	 Valid Acc: 0.7108382726502963 	Best Valid Acc: 0.715636
Epoch: 159 	Training Cost: 9669.770421	 Valid Acc: 0.7112616426756986 	Best Valid Acc: 0.715636
Epoch: 160 	Training Cost: 9663.581973	 Valid Acc: 0.7111205193338979 	Best Valid Acc: 0.715636
Epoch: 161 	Training Cost: 9657.337211	 Valid Acc: 0.7109793959920971 	Best Valid Acc: 0.715636
Epoch: 162 	Training Cost: 9651.345430	 Valid Acc: 0.7098504092576913 	Best Valid Acc: 0.715636
Epoch: 163 	Training Cost: 9644.911492	 Valid Acc: 0.709427039232289 	Best Valid Acc: 0.715636
Epoch: 164 	Training Cost: 9638.369574	 Valid Acc: 0.7090036692068868 	Best Valid Acc: 0.715636
Epoch: 165 	Training Cost: 9631.710288	 Valid Acc: 0.7101326559412927 	Best Valid Acc: 0.715636
Epoch: 166 	Training Cost: 9625.143699	 Valid Acc: 0.709991532599492 	Best Valid Acc: 0.715636
Epoch: 167 	Training Cost: 9618.405625	 Valid Acc: 0.7102737792830934 	Best Valid Acc: 0.715636
Epoch: 168 	Training Cost: 9611.090171	 Valid Acc: 0.7098504092576913 	Best Valid Acc: 0.715636
Epoch: 169 	Training Cost: 9604.187177	 Valid Acc: 0.7097092859158904 	Best Valid Acc: 0.715636
Epoch: 170 	Training Cost: 9597.048611	 Valid Acc: 0.7102737792830934 	Best Valid Acc: 0.715636
Epoch: 171 	Training Cost: 9589.427482	 Valid Acc: 0.7092859158904883 	Best Valid Acc: 0.715636
Epoch: 172 	Training Cost: 9581.481109	 Valid Acc: 0.7095681625740897 	Best Valid Acc: 0.715636
Epoch: 173 	Training Cost: 9574.279281	 Valid Acc: 0.7090036692068868 	Best Valid Acc: 0.715636
Epoch: 174 	Training Cost: 9565.964342	 Valid Acc: 0.7088625458650861 	Best Valid Acc: 0.715636
Epoch: 175 	Training Cost: 9558.021065	 Valid Acc: 0.7088625458650861 	Best Valid Acc: 0.715636
Epoch: 176 	Training Cost: 9550.265222	 Valid Acc: 0.7077335591306803 	Best Valid Acc: 0.715636
Epoch: 177 	Training Cost: 9541.431727	 Valid Acc: 0.7075924357888794 	Best Valid Acc: 0.715636
Epoch: 178 	Training Cost: 9533.344512	 Valid Acc: 0.7081569291560824 	Best Valid Acc: 0.715636
Epoch: 179 	Training Cost: 9524.626470	 Valid Acc: 0.7075924357888794 	Best Valid Acc: 0.715636
Epoch: 180 	Training Cost: 9515.776629	 Valid Acc: 0.7075924357888794 	Best Valid Acc: 0.715636
Epoch: 181 	Training Cost: 9507.369110	 Valid Acc: 0.7075924357888794 	Best Valid Acc: 0.715636
Epoch: 182 	Training Cost: 9498.056863	 Valid Acc: 0.7075924357888794 	Best Valid Acc: 0.715636
Epoch: 183 	Training Cost: 9490.052292	 Valid Acc: 0.7074513124470787 	Best Valid Acc: 0.715636
Epoch: 184 	Training Cost: 9480.840688	 Valid Acc: 0.7061812023708721 	Best Valid Acc: 0.715636
Epoch: 185 	Training Cost: 9472.875743	 Valid Acc: 0.707310189105278 	Best Valid Acc: 0.715636
Epoch: 186 	Training Cost: 9462.961381	 Valid Acc: 0.7044877222692634 	Best Valid Acc: 0.715636
Epoch: 187 	Training Cost: 9455.157719	 Valid Acc: 0.7042054755856618 	Best Valid Acc: 0.715636
Epoch: 188 	Training Cost: 9446.175290	 Valid Acc: 0.7047699689528648 	Best Valid Acc: 0.715636
Epoch: 189 	Training Cost: 9437.627096	 Valid Acc: 0.7050522156364663 	Best Valid Acc: 0.715636
Epoch: 190 	Training Cost: 9428.972370	 Valid Acc: 0.7053344623200677 	Best Valid Acc: 0.715636
Epoch: 191 	Training Cost: 9420.410824	 Valid Acc: 0.7047699689528648 	Best Valid Acc: 0.715636
Epoch: 192 	Training Cost: 9412.858808	 Valid Acc: 0.7043465989274627 	Best Valid Acc: 0.715636
Epoch: 193 	Training Cost: 9402.920085	 Valid Acc: 0.7040643522438611 	Best Valid Acc: 0.715636
Epoch: 194 	Training Cost: 9395.030125	 Valid Acc: 0.7039232289020604 	Best Valid Acc: 0.715636
Epoch: 195 	Training Cost: 9386.018805	 Valid Acc: 0.7040643522438611 	Best Valid Acc: 0.715636
Epoch: 196 	Training Cost: 9377.064195	 Valid Acc: 0.7049110922946655 	Best Valid Acc: 0.715636
Epoch: 197 	Training Cost: 9368.507664	 Valid Acc: 0.7044877222692634 	Best Valid Acc: 0.715636
Epoch: 198 	Training Cost: 9360.028388	 Valid Acc: 0.705193338978267 	Best Valid Acc: 0.715636
Epoch: 199 	Training Cost: 9352.438266	 Valid Acc: 0.7049110922946655 	Best Valid Acc: 0.715636
Epoch: 200 	Training Cost: 9343.641314	 Valid Acc: 0.7049110922946655 	Best Valid Acc: 0.715636
lr=2e-05, lamb=0.001, num_epoch=200, test_acc=0.7095681625740897
----------------------------------------------------------
lr=2e-05, lamb=0, best_valid_acc=([13268.543228387833, 11831.236947059631, 11555.333107233047, 11477.721700549126, 11446.581242084503, 11431.654777348042, 11420.273343086243, 11373.891676485538, 11240.811458945274, 11098.102620363235, 10991.037331938744, 10888.49911814928, 10764.107330858707, 10624.802296340466, 10500.594597280025, 10402.005791544914, 10326.147007465363, 10265.408476054668, 10215.991156756878, 10174.556563079357, 10139.273356378078, 10108.647681832314, 10082.034954249859, 10058.5369605124, 10037.577704370022, 10018.980118393898, 10001.703875422478, 9986.109232008457, 9971.31532689929, 9957.409436106682, 9944.342051565647, 9931.757648825645, 9919.644010484219, 9907.75518643856, 9896.65787550807, 9885.90376803279, 9875.46965971589, 9864.764607042074, 9854.43471866846, 9844.029651671648, 9833.9105104208, 9823.404699876904, 9813.588465943933, 9803.546892404556, 9793.06711652875, 9783.181609809399, 9772.665325164795, 9762.629050433636, 9752.376425594091, 9741.857021346688, 9731.72566716373, 9720.521872103214, 9709.781077370048, 9699.107226394117, 9688.147661626339, 9677.164072148502, 9665.389862179756, 9654.174925655127, 9641.76418029517, 9630.314446650445, 9617.650209337473, 9605.315431043506, 9591.216122865677, 9577.702966988087, 9563.292423434556, 9548.983391582966, 9533.58026304841, 9517.241444990039, 9502.234671719372, 9486.953771829605, 9473.483813494444, 9457.884388588369, 9444.20967207849, 9430.680982388556, 9417.169114924967, 9401.961267374456, 9387.783858783543, 9372.498947888613, 9357.3429960832, 9343.717490129173, 9333.163526579738, 9317.494330912828, 9303.80487318337, 9290.132928751409, 9270.45260322839, 9253.552265897393, 9239.078020341694, 9222.663703396916, 9207.728448018432, 9191.300988867879, 9177.71887651831, 9167.361550785601, 9154.13579812646, 9137.207379445434, 9123.25631577149, 9110.28463242203, 9097.783622406423, 9086.188141547143, 9069.181529458612, 9053.17448425293, 9042.393049295992, 9026.375381454825, 9012.612180672586, 8997.315298419446, 8983.389098424464, 8968.920911893249, 8958.147090479732, 8945.662016306072, 8929.730931654572, 8915.766303785145, 8904.068978182971, 8894.06400412321, 8879.612068630755, 8869.563624545932, 8859.515500813723, 8844.870412819088, 8834.873143106699, 8821.461711846292, 8809.80307687819, 8795.356014758348, 8791.474631771445, 8772.887602135539, 8754.733920704573, 8739.041937917471, 8732.929781027138, 8721.626194600016, 8715.007254719734, 8702.79163333401, 8686.1441751495, 8679.581958398223, 8661.277473472059, 8647.750157054514, 8635.004974238575, 8623.638422973454, 8619.834811463952, 8606.467502497137, 8592.345379687846, 8583.500012941658, 8571.882905252278, 8558.691106323153, 8543.204322580248, 8533.552182029933, 8521.598378706723, 8508.919531647116, 8504.669435575604, 8496.711818579584, 8485.1281462349, 8472.804460007697, 8460.891435869038, 8446.200746653602, 8427.952483501285, 8423.83642340824, 8409.956441972405, 8392.240923492238, 8386.313369974494, 8384.883254935965, 8373.96941878274, 8345.589664897881, 8333.48358629644, 8317.037352650426, 8322.814435306937, 8302.930601713248, 8273.699751255102, 8264.136771071702, 8256.07723154407, 8233.837052745745, 8226.507530477364, 8208.178949752357, 8217.33730561426, 8185.910544153769, 8177.229806346819, 8157.2939270641655, 8140.979257587809, 8133.358884295449, 8115.500289388001, 8098.031898996793, 8074.111477009486, 8049.044083727058, 8046.38094624551, 8027.257022006437, 8001.4473591079, 7968.886573628988, 7937.558948546648, 7928.342438573949, 7908.178442356177, 7877.092695580795, 7848.417808399536, 7827.100620254874, 7803.905116067268, 7779.2255899938755, 7759.491955562029, 7735.676380560733, 7706.705327264965, 7691.274795528501, 7667.32402729243, 7642.834029493853, 7623.350464458577, 7587.479668399319, 7586.341553589329, 7543.945784995332], [0.6675134067174711, 0.6796500141123342, 0.6826136042901496, 0.682895850973751, 0.6837425910245555, 0.6840248377081569, 0.6836014676827548, 0.683460344340954, 0.6826136042901496, 0.6817668642393452, 0.6848715777589613, 0.689810894721987, 0.6958791984194186, 0.6991250352808355, 0.7015241320914479, 0.7047699689528648, 0.7053344623200677, 0.7060400790290714, 0.7087214225232854, 0.7104149026248942, 0.7095681625740897, 0.7108382726502963, 0.7116850127011007, 0.7123906294101044, 0.7125317527519052, 0.7123906294101044, 0.7129551227773073, 0.7123906294101044, 0.7119672593847022, 0.7122495060683037, 0.713096246119108, 0.7128139994355066, 0.7132373694609089, 0.713096246119108, 0.7139429861699125, 0.7140841095117132, 0.7133784928027096, 0.7133784928027096, 0.7128139994355066, 0.7126728760937059, 0.713096246119108, 0.7132373694609089, 0.713096246119108, 0.713096246119108, 0.7132373694609089, 0.713096246119108, 0.7133784928027096, 0.7129551227773073, 0.7129551227773073, 0.7129551227773073, 0.7132373694609089, 0.713660739486311, 0.7149308495625176, 0.714225232853514, 0.7139429861699125, 0.714225232853514, 0.713660739486311, 0.7140841095117132, 0.713096246119108, 0.7139429861699125, 0.7133784928027096, 0.712108382726503, 0.7125317527519052, 0.7112616426756986, 0.7105560259666949, 0.7102737792830934, 0.7111205193338979, 0.7112616426756986, 0.7116850127011007, 0.7125317527519052, 0.7126728760937059, 0.7119672593847022, 0.713096246119108, 0.7126728760937059, 0.7118261360429015, 0.7119672593847022, 0.7098504092576913, 0.7104149026248942, 0.7091447925486876, 0.7091447925486876, 0.7056167090036692, 0.7058989556872707, 0.7053344623200677, 0.7037821055602597, 0.7029353655094552, 0.7039232289020604, 0.7026531188258538, 0.7049110922946655, 0.7040643522438611, 0.7050522156364663, 0.7054755856618685, 0.7043465989274627, 0.7033587355348575, 0.7027942421676545, 0.7002540220152413, 0.7029353655094552, 0.7015241320914479, 0.6998306519898391, 0.6992661586226362, 0.7012418854078465, 0.7016652554332486, 0.7008185153824442, 0.7029353655094552, 0.7016652554332486, 0.6998306519898391, 0.6977138018628282, 0.7001128986734406, 0.6978549252046289, 0.6978549252046289, 0.6971493084956252, 0.6955969517358171, 0.6957380750776179, 0.6965848151284222, 0.6975726785210273, 0.6970081851538245, 0.7016652554332486, 0.6996895286480384, 0.7020886254586508, 0.6984194185718318, 0.6994072819644369, 0.698842788597234, 0.6987016652554332, 0.6987016652554332, 0.6991250352808355, 0.7002540220152413, 0.7005362686988428, 0.7018063787750494, 0.6995484053062376, 0.7005362686988428, 0.6991250352808355, 0.6977138018628282, 0.698278295230031, 0.6992661586226362, 0.6978549252046289, 0.6999717753316399, 0.6948913350268134, 0.6989839119390348, 0.6964436917866215, 0.698842788597234, 0.698842788597234, 0.7011007620660458, 0.6999717753316399, 0.698278295230031, 0.6989839119390348, 0.6995484053062376, 0.7001128986734406, 0.6992661586226362, 0.6977138018628282, 0.698842788597234, 0.6989839119390348, 0.7005362686988428, 0.6957380750776179, 0.6950324583686142, 0.6979960485464296, 0.6953147050522156, 0.6951735817104149, 0.692492238216201, 0.6941857183178097, 0.6915043748235958, 0.6930567315834039, 0.6931978549252046, 0.6917866215071973, 0.6933389782670054, 0.6947502116850127, 0.6941857183178097, 0.694609088343212, 0.6912221281399944, 0.6933389782670054, 0.6912221281399944, 0.6920688681907987, 0.6899520180637877, 0.6934801016088061, 0.6886819079875811, 0.6902342647473892, 0.6896697713801863, 0.6895286480383855, 0.6868473045441716, 0.6867061812023709, 0.6836014676827548, 0.6810612475303415, 0.6817668642393452, 0.6776742873271239, 0.6782387806943269, 0.6772509173017217, 0.6764041772509173, 0.6775331639853232, 0.6755574372001129, 0.6734405870731018, 0.6690657634772792, 0.6716059836296924, 0.6734405870731018, 0.6718882303132938, 0.672311600338696, 0.6727349703640982, 0.6689246401354784, 0.6730172170476997, 0.6737228337567034, 0.6707592435788879, 0.6703358735534858, 0.6718882303132938])
lr=2e-05, lamb=0.0001, best_valid_acc=([13336.832408308983, 11845.608216762543, 11568.797234654427, 11495.18261116743, 11465.51358783245, 11451.378730773926, 11442.22996199131, 11416.26156359911, 11306.378469944, 11155.968868494034, 11042.845521509647, 10916.655627906322, 10731.361256301403, 10543.45056694746, 10417.823882639408, 10336.49482011795, 10277.731395304203, 10231.957348376513, 10194.864237934351, 10163.791519612074, 10137.668423086405, 10115.248950004578, 10096.056810826063, 10079.144390106201, 10064.24610388279, 10051.04276484251, 10039.20757946372, 10028.337332710624, 10018.249912664294, 10009.198059484363, 10000.705030411482, 9992.543306812644, 9984.71477213502, 9977.06617924571, 9969.91703657806, 9962.89491340518, 9955.754466474056, 9949.140348598361, 9942.593382164836, 9936.184736266732, 9929.577010422945, 9923.180139407516, 9916.71887935698, 9910.011648207903, 9903.618124961853, 9897.010572731495, 9890.035485163331, 9883.34636810422, 9876.522811606526, 9869.584776699543, 9862.030334815383, 9855.156663678586, 9847.807359993458, 9840.699648737907, 9833.292627289891, 9825.722552843392, 9818.215234287083, 9810.330945692956, 9802.661769218743, 9795.163641296327, 9787.24288098514, 9779.850915759802, 9771.520962819457, 9763.74477724731, 9755.94702014327, 9747.291334219277, 9739.39700640738, 9731.439402073622, 9723.023474626243, 9714.541185766459, 9706.589593663812, 9697.814069405198, 9688.568037077785, 9679.043977931142, 9668.501466214657, 9658.249695494771, 9648.62631944567, 9637.36504290998, 9625.591826230288, 9612.743325382471, 9601.967710062861, 9588.42463067174, 9576.624240405858, 9564.674070231616, 9553.0389219895, 9541.502069167793, 9529.415912903845, 9518.100592389703, 9505.978063300252, 9494.325479283929, 9482.162293076515, 9470.938900262117, 9457.749970033765, 9445.12223635614, 9432.753476426005, 9420.835879176855, 9407.805398628116, 9395.669924847782, 9384.690917879343, 9369.35918597132, 9358.106530703604, 9349.29772733152, 9335.228499531746, 9321.646861307323, 9309.414458312094, 9297.955472230911, 9286.332654237747, 9274.6568659544, 9261.509304456413, 9250.982889451087, 9237.506023071706, 9223.210501722991, 9212.595064796507, 9205.682045705616, 9192.938644170761, 9182.268140166998, 9170.055262744427, 9158.411242082715, 9154.837510742247, 9143.896473392844, 9133.85554164648, 9118.981371559203, 9107.504757024348, 9096.168439529836, 9083.731876932085, 9071.988223999739, 9059.429333813488, 9051.61618705839, 9041.329207845032, 9029.180718682706, 9028.016162253916, 9016.33433444798, 9001.8624811396, 8994.097523897886, 8986.196955882013, 8976.11895659566, 8970.080033399165, 8960.246236845851, 8949.901113871485, 8943.862540096045, 8934.521392654628, 8924.990294642746, 8912.14424867183, 8898.956689812243, 8893.101580347866, 8881.294499963522, 8873.081496722996, 8863.990736834705, 8857.535529948771, 8847.892994813621, 8831.798412963748, 8826.789313949645, 8813.305332966149, 8805.040700219572, 8793.144903808832, 8784.913079097867, 8771.798964101821, 8759.800260357559, 8749.266942888498, 8752.202805083245, 8739.134734079242, 8748.349759433419, 8725.021041847765, 8711.599909227341, 8708.744096256793, 8692.877937287092, 8686.109496515244, 8675.097252726555, 8668.116339489818, 8655.107259325683, 8652.594114176929, 8649.619776785374, 8636.877721615136, 8629.16142284125, 8623.861374281347, 8614.649362090975, 8603.72193318978, 8587.317125879228, 8582.198041066527, 8567.3490902856, 8563.160744611174, 8548.035344287753, 8542.442895118147, 8524.55666840449, 8516.587404817343, 8521.747203338891, 8501.73899295181, 8497.515371896327, 8475.928340949118, 8464.558541629463, 8459.81725858897, 8453.163836419582, 8437.672903098166, 8432.871643565595, 8419.77881078422, 8403.516609948128, 8397.82493102923, 8391.520371742547, 8378.96859332174, 8373.007058031857], [0.6679367767428732, 0.6752751905165114, 0.6809201241885408, 0.6819079875811459, 0.6821902342647473, 0.6823313576065482, 0.6820491109229466, 0.6824724809483489, 0.6816257408975445, 0.6814846175557437, 0.6838837143663562, 0.6912221281399944, 0.6996895286480384, 0.7037821055602597, 0.7033587355348575, 0.70575783234547, 0.7061812023708721, 0.707874682472481, 0.7081569291560824, 0.7087214225232854, 0.709427039232289, 0.7109793959920971, 0.7126728760937059, 0.7138018628281118, 0.7129551227773073, 0.713096246119108, 0.7128139994355066, 0.712108382726503, 0.7119672593847022, 0.7118261360429015, 0.7122495060683037, 0.7132373694609089, 0.7135196161445103, 0.713096246119108, 0.7135196161445103, 0.7129551227773073, 0.713096246119108, 0.7138018628281118, 0.7132373694609089, 0.7126728760937059, 0.7128139994355066, 0.7116850127011007, 0.712108382726503, 0.7114027660174993, 0.7111205193338979, 0.7111205193338979, 0.7112616426756986, 0.7108382726502963, 0.7104149026248942, 0.7109793959920971, 0.7116850127011007, 0.7109793959920971, 0.7118261360429015, 0.7114027660174993, 0.7109793959920971, 0.7108382726502963, 0.7118261360429015, 0.7116850127011007, 0.7112616426756986, 0.7115438893593, 0.712108382726503, 0.7128139994355066, 0.713660739486311, 0.713660739486311, 0.713096246119108, 0.7126728760937059, 0.7129551227773073, 0.712108382726503, 0.7125317527519052, 0.713096246119108, 0.7135196161445103, 0.7132373694609089, 0.7129551227773073, 0.7129551227773073, 0.7135196161445103, 0.7135196161445103, 0.7132373694609089, 0.7135196161445103, 0.7129551227773073, 0.712108382726503, 0.7118261360429015, 0.7125317527519052, 0.712108382726503, 0.7125317527519052, 0.712108382726503, 0.7122495060683037, 0.7115438893593, 0.7108382726502963, 0.7111205193338979, 0.7105560259666949, 0.707874682472481, 0.7068868190798758, 0.7054755856618685, 0.7058989556872707, 0.7042054755856618, 0.7046288456110641, 0.70575783234547, 0.7070279424216765, 0.70575783234547, 0.7056167090036692, 0.7044877222692634, 0.7049110922946655, 0.7029353655094552, 0.7039232289020604, 0.7012418854078465, 0.7033587355348575, 0.7005362686988428, 0.7003951453570421, 0.6992661586226362, 0.6984194185718318, 0.7008185153824442, 0.6987016652554332, 0.7013830087496472, 0.6994072819644369, 0.6995484053062376, 0.703076488851256, 0.7012418854078465, 0.7009596387242449, 0.7009596387242449, 0.7018063787750494, 0.7020886254586508, 0.7013830087496472, 0.7008185153824442, 0.7008185153824442, 0.6998306519898391, 0.7022297488004516, 0.7011007620660458, 0.7026531188258538, 0.7012418854078465, 0.7013830087496472, 0.6987016652554332, 0.7008185153824442, 0.6987016652554332, 0.7023708721422524, 0.6994072819644369, 0.7009596387242449, 0.6998306519898391, 0.7026531188258538, 0.7026531188258538, 0.6995484053062376, 0.698842788597234, 0.6998306519898391, 0.7023708721422524, 0.6998306519898391, 0.7042054755856618, 0.7042054755856618, 0.7042054755856618, 0.705193338978267, 0.7019475021168501, 0.7056167090036692, 0.7037821055602597, 0.7016652554332486, 0.7013830087496472, 0.7032176121930568, 0.7001128986734406, 0.7018063787750494, 0.6995484053062376, 0.7015241320914479, 0.6989839119390348, 0.7002540220152413, 0.6968670618120237, 0.6958791984194186, 0.6981371718882303, 0.6999717753316399, 0.6995484053062376, 0.6985605419136325, 0.7026531188258538, 0.7003951453570421, 0.6960203217612193, 0.6994072819644369, 0.6989839119390348, 0.7009596387242449, 0.7036409822184589, 0.6958791984194186, 0.7016652554332486, 0.6958791984194186, 0.7036409822184589, 0.7027942421676545, 0.7037821055602597, 0.7015241320914479, 0.69616144510302, 0.7036409822184589, 0.7016652554332486, 0.7005362686988428, 0.7019475021168501, 0.698842788597234, 0.6992661586226362, 0.698842788597234, 0.6987016652554332, 0.7001128986734406, 0.6992661586226362, 0.6970081851538245, 0.6974315551792266, 0.6943268416596104, 0.694609088343212, 0.6955969517358171, 0.6978549252046289, 0.6930567315834039, 0.6991250352808355, 0.6912221281399944])
lr=2e-05, lamb=0.001, best_valid_acc=([13646.391593694687, 12060.421030163765, 11748.595790028572, 11655.849134266376, 11616.206048309803, 11595.685294985771, 11582.771746456623, 11569.836667895317, 11538.928160786629, 11441.56020450592, 11309.49834561348, 11219.460276126862, 11143.01800340414, 11041.846469640732, 10893.607645332813, 10731.483349978924, 10605.43682038784, 10518.410602092743, 10455.645694315434, 10406.688688635826, 10366.989972412586, 10334.1456412673, 10306.499149560928, 10283.35331979394, 10263.337280839682, 10246.664023071527, 10231.854502767324, 10218.817680805922, 10207.419782042503, 10197.236273139715, 10188.156045407057, 10179.975393354893, 10172.655195832253, 10165.804034918547, 10159.529588371515, 10153.853478878736, 10148.472807854414, 10143.59488144517, 10139.0455031991, 10134.752823978662, 10130.827684730291, 10126.974767357111, 10123.374704629183, 10120.01255941391, 10116.708545416594, 10113.571557998657, 10110.508454859257, 10107.65735423565, 10104.97079384327, 10102.296608358622, 10099.597587436438, 10097.080946326256, 10094.700654029846, 10092.23325663805, 10089.849805891514, 10087.570063471794, 10085.314627468586, 10082.983202129602, 10080.87268051505, 10078.766765385866, 10076.682744204998, 10074.650694578886, 10072.547091573477, 10070.651491940022, 10068.677410334349, 10066.75071695447, 10064.800324708223, 10062.830472946167, 10060.997794270515, 10058.956423580647, 10057.177533328533, 10055.205508515239, 10053.346409738064, 10051.427541345358, 10049.49920514226, 10047.677519395947, 10045.611161142588, 10043.778865814209, 10041.722340896726, 10039.852375090122, 10037.784253537655, 10035.752495497465, 10033.695474892855, 10031.500833541155, 10029.319578975439, 10027.144581973553, 10024.968117654324, 10022.768681198359, 10020.566454783082, 10018.074648156762, 10015.640303015709, 10013.137402653694, 10010.595057338476, 10007.961394429207, 10005.198383882642, 10002.50398439169, 9999.576548337936, 9996.633471041918, 9993.592039942741, 9990.196754097939, 9987.055421039462, 9983.768439918756, 9980.126712039113, 9976.611407488585, 9972.983568236232, 9969.059705153108, 9965.21653856337, 9961.407791435719, 9957.37840694189, 9953.325947910547, 9948.979567930102, 9944.948346138, 9940.744001463056, 9936.270538032055, 9931.766077816486, 9927.48630592227, 9922.820550590754, 9918.34469872713, 9913.677233844995, 9908.978968650103, 9904.389169692993, 9899.339879855514, 9894.584966093302, 9889.549719452858, 9884.480869084597, 9879.642156243324, 9874.30750054121, 9869.478657573462, 9864.315250501037, 9859.043383568525, 9853.603406265378, 9847.883438825607, 9842.153634250164, 9836.297006309032, 9829.812013179064, 9823.37103265524, 9816.55307149887, 9809.474225729704, 9801.914666831493, 9793.983513891697, 9786.790662407875, 9778.900200098753, 9771.157508000731, 9763.782743126154, 9756.566275537014, 9749.856570094824, 9742.628249883652, 9736.245700210333, 9729.809918820858, 9724.140439346433, 9717.545736670494, 9711.272848159075, 9705.621765628457, 9699.400551080704, 9693.816070273519, 9687.772416368127, 9682.070479720831, 9675.666470885277, 9669.770420879126, 9663.581973269582, 9657.337211430073, 9651.345430135727, 9644.91149175167, 9638.369574144483, 9631.71028779447, 9625.143698513508, 9618.4056250453, 9611.090170755982, 9604.187177032232, 9597.048611044884, 9589.427481874824, 9581.48110857606, 9574.27928107977, 9565.964342176914, 9558.021064549685, 9550.265222281218, 9541.431727051735, 9533.344512492418, 9524.626469522715, 9515.776628553867, 9507.369109794497, 9498.056862533092, 9490.052292466164, 9480.84068800509, 9472.875743359327, 9462.961380943656, 9455.157719135284, 9446.17528988421, 9437.627095967531, 9428.972369939089, 9420.410823732615, 9412.858807504177, 9402.920085430145, 9395.030125156045, 9386.018805131316, 9377.064194977283, 9368.5076636374, 9360.02838768065, 9352.438266143203, 9343.64131373167], [0.6645498165396556, 0.6766864239345187, 0.681343494213943, 0.6826136042901496, 0.6833192209991532, 0.6843070843917584, 0.6845893310753599, 0.6845893310753599, 0.6844482077335591, 0.6799322607959356, 0.6797911374541349, 0.6821902342647473, 0.6852949477843635, 0.692492238216201, 0.7009596387242449, 0.7023708721422524, 0.7056167090036692, 0.7050522156364663, 0.7071690657634773, 0.7084391758396839, 0.7084391758396839, 0.7095681625740897, 0.7105560259666949, 0.7119672593847022, 0.713660739486311, 0.7135196161445103, 0.7132373694609089, 0.7132373694609089, 0.7123906294101044, 0.7123906294101044, 0.7123906294101044, 0.7126728760937059, 0.713096246119108, 0.7146486028789162, 0.7154953429297206, 0.7156364662715213, 0.7152130962461191, 0.714225232853514, 0.7146486028789162, 0.7143663561953147, 0.7135196161445103, 0.7143663561953147, 0.7140841095117132, 0.7138018628281118, 0.7135196161445103, 0.713660739486311, 0.713660739486311, 0.7139429861699125, 0.7143663561953147, 0.713660739486311, 0.713660739486311, 0.7139429861699125, 0.713660739486311, 0.7138018628281118, 0.7138018628281118, 0.7139429861699125, 0.713660739486311, 0.7139429861699125, 0.714225232853514, 0.7140841095117132, 0.7143663561953147, 0.714225232853514, 0.7145074795371155, 0.7143663561953147, 0.7139429861699125, 0.7133784928027096, 0.7139429861699125, 0.714225232853514, 0.7138018628281118, 0.7135196161445103, 0.7132373694609089, 0.7133784928027096, 0.7132373694609089, 0.713096246119108, 0.7126728760937059, 0.7128139994355066, 0.713096246119108, 0.7126728760937059, 0.7126728760937059, 0.7126728760937059, 0.7123906294101044, 0.7122495060683037, 0.7125317527519052, 0.7125317527519052, 0.7122495060683037, 0.7119672593847022, 0.7122495060683037, 0.7122495060683037, 0.712108382726503, 0.7123906294101044, 0.712108382726503, 0.7122495060683037, 0.7126728760937059, 0.713096246119108, 0.7135196161445103, 0.7132373694609089, 0.7132373694609089, 0.7133784928027096, 0.7133784928027096, 0.7133784928027096, 0.713096246119108, 0.7132373694609089, 0.7133784928027096, 0.713660739486311, 0.7129551227773073, 0.7133784928027096, 0.713660739486311, 0.7135196161445103, 0.7133784928027096, 0.7132373694609089, 0.713096246119108, 0.7126728760937059, 0.7126728760937059, 0.7132373694609089, 0.7129551227773073, 0.7138018628281118, 0.7139429861699125, 0.7135196161445103, 0.713096246119108, 0.7132373694609089, 0.713660739486311, 0.7135196161445103, 0.7133784928027096, 0.713096246119108, 0.7132373694609089, 0.713096246119108, 0.713660739486311, 0.7139429861699125, 0.7143663561953147, 0.7135196161445103, 0.7129551227773073, 0.7129551227773073, 0.7122495060683037, 0.712108382726503, 0.7123906294101044, 0.7119672593847022, 0.7128139994355066, 0.7126728760937059, 0.7128139994355066, 0.7125317527519052, 0.7129551227773073, 0.7122495060683037, 0.7122495060683037, 0.7111205193338979, 0.7109793959920971, 0.7106971493084956, 0.7112616426756986, 0.7116850127011007, 0.7109793959920971, 0.712108382726503, 0.7111205193338979, 0.7114027660174993, 0.7112616426756986, 0.7116850127011007, 0.7116850127011007, 0.7105560259666949, 0.7105560259666949, 0.7108382726502963, 0.7112616426756986, 0.7111205193338979, 0.7109793959920971, 0.7098504092576913, 0.709427039232289, 0.7090036692068868, 0.7101326559412927, 0.709991532599492, 0.7102737792830934, 0.7098504092576913, 0.7097092859158904, 0.7102737792830934, 0.7092859158904883, 0.7095681625740897, 0.7090036692068868, 0.7088625458650861, 0.7088625458650861, 0.7077335591306803, 0.7075924357888794, 0.7081569291560824, 0.7075924357888794, 0.7075924357888794, 0.7075924357888794, 0.7075924357888794, 0.7074513124470787, 0.7061812023708721, 0.707310189105278, 0.7044877222692634, 0.7042054755856618, 0.7047699689528648, 0.7050522156364663, 0.7053344623200677, 0.7047699689528648, 0.7043465989274627, 0.7040643522438611, 0.7039232289020604, 0.7040643522438611, 0.7049110922946655, 0.7044877222692634, 0.705193338978267, 0.7049110922946655, 0.7049110922946655])
