nn4.py, Model=900, 256, 128, 64
Tuning process for lr=3e-05
----------------------------------------------------------
lr=3e-05, lamb=0, num_epoch=200
Epoch: 1 	Training Cost: 12862.906699	 Valid Acc: 0.6752751905165114 	Best Valid Acc: 0.675275
Epoch: 2 	Training Cost: 11629.642252	 Valid Acc: 0.6827547276319503 	Best Valid Acc: 0.682755
Epoch: 3 	Training Cost: 11494.663892	 Valid Acc: 0.6833192209991532 	Best Valid Acc: 0.683319
Epoch: 4 	Training Cost: 11459.837942	 Valid Acc: 0.6824724809483489 	Best Valid Acc: 0.683319
Epoch: 5 	Training Cost: 11442.492746	 Valid Acc: 0.6824724809483489 	Best Valid Acc: 0.683319
Epoch: 6 	Training Cost: 11344.482936	 Valid Acc: 0.6838837143663562 	Best Valid Acc: 0.683884
Epoch: 7 	Training Cost: 11138.452537	 Valid Acc: 0.6804967541631386 	Best Valid Acc: 0.683884
Epoch: 8 	Training Cost: 10991.163888	 Valid Acc: 0.6852949477843635 	Best Valid Acc: 0.685295
Epoch: 9 	Training Cost: 10836.043398	 Valid Acc: 0.6922099915325995 	Best Valid Acc: 0.692210
Epoch: 10 	Training Cost: 10645.744355	 Valid Acc: 0.7006773920406435 	Best Valid Acc: 0.700677
Epoch: 11 	Training Cost: 10481.191449	 Valid Acc: 0.7032176121930568 	Best Valid Acc: 0.703218
Epoch: 12 	Training Cost: 10365.815997	 Valid Acc: 0.7074513124470787 	Best Valid Acc: 0.707451
Epoch: 13 	Training Cost: 10283.953959	 Valid Acc: 0.7087214225232854 	Best Valid Acc: 0.708721
Epoch: 14 	Training Cost: 10221.811765	 Valid Acc: 0.709427039232289 	Best Valid Acc: 0.709427
Epoch: 15 	Training Cost: 10171.515737	 Valid Acc: 0.7109793959920971 	Best Valid Acc: 0.710979
Epoch: 16 	Training Cost: 10129.967710	 Valid Acc: 0.7116850127011007 	Best Valid Acc: 0.711685
Epoch: 17 	Training Cost: 10094.689308	 Valid Acc: 0.7139429861699125 	Best Valid Acc: 0.713943
Epoch: 18 	Training Cost: 10064.579853	 Valid Acc: 0.7138018628281118 	Best Valid Acc: 0.713943
Epoch: 19 	Training Cost: 10038.138260	 Valid Acc: 0.7138018628281118 	Best Valid Acc: 0.713943
Epoch: 20 	Training Cost: 10014.705116	 Valid Acc: 0.7128139994355066 	Best Valid Acc: 0.713943
Epoch: 21 	Training Cost: 9993.349721	 Valid Acc: 0.7133784928027096 	Best Valid Acc: 0.713943
Epoch: 22 	Training Cost: 9973.918705	 Valid Acc: 0.7132373694609089 	Best Valid Acc: 0.713943
Epoch: 23 	Training Cost: 9955.394679	 Valid Acc: 0.713096246119108 	Best Valid Acc: 0.713943
Epoch: 24 	Training Cost: 9937.689340	 Valid Acc: 0.7132373694609089 	Best Valid Acc: 0.713943
Epoch: 25 	Training Cost: 9921.019467	 Valid Acc: 0.7133784928027096 	Best Valid Acc: 0.713943
Epoch: 26 	Training Cost: 9904.294267	 Valid Acc: 0.713660739486311 	Best Valid Acc: 0.713943
Epoch: 27 	Training Cost: 9888.030564	 Valid Acc: 0.7129551227773073 	Best Valid Acc: 0.713943
Epoch: 28 	Training Cost: 9872.019368	 Valid Acc: 0.7146486028789162 	Best Valid Acc: 0.714649
Epoch: 29 	Training Cost: 9856.421167	 Valid Acc: 0.7145074795371155 	Best Valid Acc: 0.714649
Epoch: 30 	Training Cost: 9840.634484	 Valid Acc: 0.7145074795371155 	Best Valid Acc: 0.714649
Epoch: 31 	Training Cost: 9824.719871	 Valid Acc: 0.7147897262207169 	Best Valid Acc: 0.714790
Epoch: 32 	Training Cost: 9808.712334	 Valid Acc: 0.7140841095117132 	Best Valid Acc: 0.714790
Epoch: 33 	Training Cost: 9792.487662	 Valid Acc: 0.7139429861699125 	Best Valid Acc: 0.714790
Epoch: 34 	Training Cost: 9775.585164	 Valid Acc: 0.7145074795371155 	Best Valid Acc: 0.714790
Epoch: 35 	Training Cost: 9758.217262	 Valid Acc: 0.7143663561953147 	Best Valid Acc: 0.714790
Epoch: 36 	Training Cost: 9739.810458	 Valid Acc: 0.7150719729043183 	Best Valid Acc: 0.715072
Epoch: 37 	Training Cost: 9721.300736	 Valid Acc: 0.714225232853514 	Best Valid Acc: 0.715072
Epoch: 38 	Training Cost: 9702.406072	 Valid Acc: 0.7140841095117132 	Best Valid Acc: 0.715072
Epoch: 39 	Training Cost: 9680.868112	 Valid Acc: 0.714225232853514 	Best Valid Acc: 0.715072
Epoch: 40 	Training Cost: 9659.857707	 Valid Acc: 0.7139429861699125 	Best Valid Acc: 0.715072
Epoch: 41 	Training Cost: 9636.946207	 Valid Acc: 0.7138018628281118 	Best Valid Acc: 0.715072
Epoch: 42 	Training Cost: 9615.579950	 Valid Acc: 0.7138018628281118 	Best Valid Acc: 0.715072
Epoch: 43 	Training Cost: 9593.240574	 Valid Acc: 0.7128139994355066 	Best Valid Acc: 0.715072
Epoch: 44 	Training Cost: 9570.179082	 Valid Acc: 0.7129551227773073 	Best Valid Acc: 0.715072
Epoch: 45 	Training Cost: 9550.140816	 Valid Acc: 0.7112616426756986 	Best Valid Acc: 0.715072
Epoch: 46 	Training Cost: 9528.540218	 Valid Acc: 0.7109793959920971 	Best Valid Acc: 0.715072
Epoch: 47 	Training Cost: 9508.273579	 Valid Acc: 0.7108382726502963 	Best Valid Acc: 0.715072
Epoch: 48 	Training Cost: 9487.289808	 Valid Acc: 0.7095681625740897 	Best Valid Acc: 0.715072
Epoch: 49 	Training Cost: 9467.114029	 Valid Acc: 0.709427039232289 	Best Valid Acc: 0.715072
Epoch: 50 	Training Cost: 9446.771427	 Valid Acc: 0.709991532599492 	Best Valid Acc: 0.715072
Epoch: 51 	Training Cost: 9425.425963	 Valid Acc: 0.7098504092576913 	Best Valid Acc: 0.715072
Epoch: 52 	Training Cost: 9404.606264	 Valid Acc: 0.7092859158904883 	Best Valid Acc: 0.715072
Epoch: 53 	Training Cost: 9381.311758	 Valid Acc: 0.7061812023708721 	Best Valid Acc: 0.715072
Epoch: 54 	Training Cost: 9360.880975	 Valid Acc: 0.7050522156364663 	Best Valid Acc: 0.715072
Epoch: 55 	Training Cost: 9337.172767	 Valid Acc: 0.7044877222692634 	Best Valid Acc: 0.715072
Epoch: 56 	Training Cost: 9314.317688	 Valid Acc: 0.7029353655094552 	Best Valid Acc: 0.715072
Epoch: 57 	Training Cost: 9290.380028	 Valid Acc: 0.7019475021168501 	Best Valid Acc: 0.715072
Epoch: 58 	Training Cost: 9270.281572	 Valid Acc: 0.7002540220152413 	Best Valid Acc: 0.715072
Epoch: 59 	Training Cost: 9251.269105	 Valid Acc: 0.7003951453570421 	Best Valid Acc: 0.715072
Epoch: 60 	Training Cost: 9227.862650	 Valid Acc: 0.6996895286480384 	Best Valid Acc: 0.715072
Epoch: 61 	Training Cost: 9210.115103	 Valid Acc: 0.6995484053062376 	Best Valid Acc: 0.715072
Epoch: 62 	Training Cost: 9189.269717	 Valid Acc: 0.6987016652554332 	Best Valid Acc: 0.715072
Epoch: 63 	Training Cost: 9164.173438	 Valid Acc: 0.698842788597234 	Best Valid Acc: 0.715072
Epoch: 64 	Training Cost: 9142.051633	 Valid Acc: 0.6994072819644369 	Best Valid Acc: 0.715072
Epoch: 65 	Training Cost: 9120.998198	 Valid Acc: 0.6989839119390348 	Best Valid Acc: 0.715072
Epoch: 66 	Training Cost: 9102.425583	 Valid Acc: 0.6974315551792266 	Best Valid Acc: 0.715072
Epoch: 67 	Training Cost: 9088.621294	 Valid Acc: 0.698278295230031 	Best Valid Acc: 0.715072
Epoch: 68 	Training Cost: 9068.468910	 Valid Acc: 0.6977138018628282 	Best Valid Acc: 0.715072
Epoch: 69 	Training Cost: 9048.990685	 Valid Acc: 0.6991250352808355 	Best Valid Acc: 0.715072
Epoch: 70 	Training Cost: 9027.436358	 Valid Acc: 0.6972904318374259 	Best Valid Acc: 0.715072
Epoch: 71 	Training Cost: 9017.617555	 Valid Acc: 0.6941857183178097 	Best Valid Acc: 0.715072
Epoch: 72 	Training Cost: 8997.598747	 Valid Acc: 0.6960203217612193 	Best Valid Acc: 0.715072
Epoch: 73 	Training Cost: 8971.960782	 Valid Acc: 0.6947502116850127 	Best Valid Acc: 0.715072
Epoch: 74 	Training Cost: 8955.137764	 Valid Acc: 0.6947502116850127 	Best Valid Acc: 0.715072
Epoch: 75 	Training Cost: 8936.409355	 Valid Acc: 0.6947502116850127 	Best Valid Acc: 0.715072
Epoch: 76 	Training Cost: 8924.581338	 Valid Acc: 0.6960203217612193 	Best Valid Acc: 0.715072
Epoch: 77 	Training Cost: 8913.095306	 Valid Acc: 0.6955969517358171 	Best Valid Acc: 0.715072
Epoch: 78 	Training Cost: 8896.778767	 Valid Acc: 0.6934801016088061 	Best Valid Acc: 0.715072
Epoch: 79 	Training Cost: 8887.417927	 Valid Acc: 0.6927744848998024 	Best Valid Acc: 0.715072
Epoch: 80 	Training Cost: 8863.113092	 Valid Acc: 0.694044594976009 	Best Valid Acc: 0.715072
Epoch: 81 	Training Cost: 8840.968119	 Valid Acc: 0.6941857183178097 	Best Valid Acc: 0.715072
Epoch: 82 	Training Cost: 8824.786812	 Valid Acc: 0.6913632514817951 	Best Valid Acc: 0.715072
Epoch: 83 	Training Cost: 8801.649509	 Valid Acc: 0.6900931414055885 	Best Valid Acc: 0.715072
Epoch: 84 	Training Cost: 8781.241616	 Valid Acc: 0.6874117979113745 	Best Valid Acc: 0.715072
Epoch: 85 	Training Cost: 8761.994305	 Valid Acc: 0.6883996613039797 	Best Valid Acc: 0.715072
Epoch: 86 	Training Cost: 8753.672702	 Valid Acc: 0.6883996613039797 	Best Valid Acc: 0.715072
Epoch: 87 	Training Cost: 8737.867219	 Valid Acc: 0.6879762912785775 	Best Valid Acc: 0.715072
Epoch: 88 	Training Cost: 8725.416250	 Valid Acc: 0.6902342647473892 	Best Valid Acc: 0.715072
Epoch: 89 	Training Cost: 8712.808309	 Valid Acc: 0.6879762912785775 	Best Valid Acc: 0.715072
Epoch: 90 	Training Cost: 8688.916515	 Valid Acc: 0.6922099915325995 	Best Valid Acc: 0.715072
Epoch: 91 	Training Cost: 8672.035141	 Valid Acc: 0.6909398814563928 	Best Valid Acc: 0.715072
Epoch: 92 	Training Cost: 8657.481528	 Valid Acc: 0.6933389782670054 	Best Valid Acc: 0.715072
Epoch: 93 	Training Cost: 8647.188157	 Valid Acc: 0.6933389782670054 	Best Valid Acc: 0.715072
Epoch: 94 	Training Cost: 8629.556442	 Valid Acc: 0.6943268416596104 	Best Valid Acc: 0.715072
Epoch: 95 	Training Cost: 8613.374195	 Valid Acc: 0.6927744848998024 	Best Valid Acc: 0.715072
Epoch: 96 	Training Cost: 8588.083525	 Valid Acc: 0.6939034716342083 	Best Valid Acc: 0.715072
Epoch: 97 	Training Cost: 8569.439968	 Valid Acc: 0.6944679650014113 	Best Valid Acc: 0.715072
Epoch: 98 	Training Cost: 8555.232840	 Valid Acc: 0.6958791984194186 	Best Valid Acc: 0.715072
Epoch: 99 	Training Cost: 8534.884864	 Valid Acc: 0.6948913350268134 	Best Valid Acc: 0.715072
Epoch: 100 	Training Cost: 8525.121035	 Valid Acc: 0.6954558283940163 	Best Valid Acc: 0.715072
Epoch: 101 	Training Cost: 8507.494390	 Valid Acc: 0.6974315551792266 	Best Valid Acc: 0.715072
Epoch: 102 	Training Cost: 8510.140213	 Valid Acc: 0.6998306519898391 	Best Valid Acc: 0.715072
Epoch: 103 	Training Cost: 8491.084794	 Valid Acc: 0.6965848151284222 	Best Valid Acc: 0.715072
Epoch: 104 	Training Cost: 8469.647577	 Valid Acc: 0.6978549252046289 	Best Valid Acc: 0.715072
Epoch: 105 	Training Cost: 8449.161433	 Valid Acc: 0.6955969517358171 	Best Valid Acc: 0.715072
Epoch: 106 	Training Cost: 8438.192721	 Valid Acc: 0.6971493084956252 	Best Valid Acc: 0.715072
Epoch: 107 	Training Cost: 8408.823876	 Valid Acc: 0.6937623482924076 	Best Valid Acc: 0.715072
Epoch: 108 	Training Cost: 8396.823479	 Valid Acc: 0.6950324583686142 	Best Valid Acc: 0.715072
Epoch: 109 	Training Cost: 8372.804513	 Valid Acc: 0.6944679650014113 	Best Valid Acc: 0.715072
Epoch: 110 	Training Cost: 8369.787813	 Valid Acc: 0.6963025684448207 	Best Valid Acc: 0.715072
Epoch: 111 	Training Cost: 8343.132742	 Valid Acc: 0.6943268416596104 	Best Valid Acc: 0.715072
Epoch: 112 	Training Cost: 8323.809795	 Valid Acc: 0.6927744848998024 	Best Valid Acc: 0.715072
Epoch: 113 	Training Cost: 8307.297996	 Valid Acc: 0.6923511148744003 	Best Valid Acc: 0.715072
Epoch: 114 	Training Cost: 8297.129523	 Valid Acc: 0.6909398814563928 	Best Valid Acc: 0.715072
Epoch: 115 	Training Cost: 8267.034393	 Valid Acc: 0.6913632514817951 	Best Valid Acc: 0.715072
Epoch: 116 	Training Cost: 8275.367491	 Valid Acc: 0.6913632514817951 	Best Valid Acc: 0.715072
Epoch: 117 	Training Cost: 8249.027532	 Valid Acc: 0.6895286480383855 	Best Valid Acc: 0.715072
Epoch: 118 	Training Cost: 8215.942772	 Valid Acc: 0.6902342647473892 	Best Valid Acc: 0.715072
Epoch: 119 	Training Cost: 8204.441671	 Valid Acc: 0.689810894721987 	Best Valid Acc: 0.715072
Epoch: 120 	Training Cost: 8183.915126	 Valid Acc: 0.6896697713801863 	Best Valid Acc: 0.715072
Epoch: 121 	Training Cost: 8173.541927	 Valid Acc: 0.6889641546711827 	Best Valid Acc: 0.715072
Epoch: 122 	Training Cost: 8152.084634	 Valid Acc: 0.6875529212531752 	Best Valid Acc: 0.715072
Epoch: 123 	Training Cost: 8119.621880	 Valid Acc: 0.6878351679367768 	Best Valid Acc: 0.715072
Epoch: 124 	Training Cost: 8113.637793	 Valid Acc: 0.6868473045441716 	Best Valid Acc: 0.715072
Epoch: 125 	Training Cost: 8083.824343	 Valid Acc: 0.6864239345187694 	Best Valid Acc: 0.715072
Epoch: 126 	Training Cost: 8069.341370	 Valid Acc: 0.6868473045441716 	Best Valid Acc: 0.715072
Epoch: 127 	Training Cost: 8031.810803	 Valid Acc: 0.6804967541631386 	Best Valid Acc: 0.715072
Epoch: 128 	Training Cost: 8014.026700	 Valid Acc: 0.6809201241885408 	Best Valid Acc: 0.715072
Epoch: 129 	Training Cost: 7989.735730	 Valid Acc: 0.6826136042901496 	Best Valid Acc: 0.715072
Epoch: 130 	Training Cost: 7963.828137	 Valid Acc: 0.6810612475303415 	Best Valid Acc: 0.715072
Epoch: 131 	Training Cost: 7930.888908	 Valid Acc: 0.6824724809483489 	Best Valid Acc: 0.715072
Epoch: 132 	Training Cost: 7914.904841	 Valid Acc: 0.6803556308213379 	Best Valid Acc: 0.715072
Epoch: 133 	Training Cost: 7910.969380	 Valid Acc: 0.679226644086932 	Best Valid Acc: 0.715072
Epoch: 134 	Training Cost: 7879.076622	 Valid Acc: 0.6748518204911093 	Best Valid Acc: 0.715072
Epoch: 135 	Training Cost: 7830.122769	 Valid Acc: 0.6793677674287327 	Best Valid Acc: 0.715072
Epoch: 136 	Training Cost: 7787.302160	 Valid Acc: 0.6779565340107254 	Best Valid Acc: 0.715072
Epoch: 137 	Training Cost: 7794.215573	 Valid Acc: 0.6773920406435224 	Best Valid Acc: 0.715072
Epoch: 138 	Training Cost: 7749.612014	 Valid Acc: 0.6804967541631386 	Best Valid Acc: 0.715072
Epoch: 139 	Training Cost: 7698.842903	 Valid Acc: 0.6785210273779283 	Best Valid Acc: 0.715072
Epoch: 140 	Training Cost: 7682.482546	 Valid Acc: 0.6775331639853232 	Best Valid Acc: 0.715072
Epoch: 141 	Training Cost: 7639.893105	 Valid Acc: 0.6761219305673158 	Best Valid Acc: 0.715072
Epoch: 142 	Training Cost: 7591.333723	 Valid Acc: 0.6756985605419137 	Best Valid Acc: 0.715072
Epoch: 143 	Training Cost: 7582.138050	 Valid Acc: 0.6724527236804968 	Best Valid Acc: 0.715072
Epoch: 144 	Training Cost: 7545.442014	 Valid Acc: 0.6687835167936776 	Best Valid Acc: 0.715072
Epoch: 145 	Training Cost: 7501.366367	 Valid Acc: 0.6672311600338696 	Best Valid Acc: 0.715072
Epoch: 146 	Training Cost: 7464.741445	 Valid Acc: 0.6709003669206887 	Best Valid Acc: 0.715072
Epoch: 147 	Training Cost: 7425.314608	 Valid Acc: 0.6669489133502682 	Best Valid Acc: 0.715072
Epoch: 148 	Training Cost: 7396.465694	 Valid Acc: 0.6658199266158623 	Best Valid Acc: 0.715072
Epoch: 149 	Training Cost: 7372.089866	 Valid Acc: 0.6646909398814564 	Best Valid Acc: 0.715072
Epoch: 150 	Training Cost: 7338.377751	 Valid Acc: 0.6655376799322608 	Best Valid Acc: 0.715072
Epoch: 151 	Training Cost: 7312.807093	 Valid Acc: 0.6692068868190799 	Best Valid Acc: 0.715072
Epoch: 152 	Training Cost: 7274.403566	 Valid Acc: 0.6690657634772792 	Best Valid Acc: 0.715072
Epoch: 153 	Training Cost: 7255.293104	 Valid Acc: 0.6625740897544454 	Best Valid Acc: 0.715072
Epoch: 154 	Training Cost: 7220.668076	 Valid Acc: 0.661727349703641 	Best Valid Acc: 0.715072
Epoch: 155 	Training Cost: 7178.986483	 Valid Acc: 0.6683601467682755 	Best Valid Acc: 0.715072
Epoch: 156 	Training Cost: 7149.628207	 Valid Acc: 0.6679367767428732 	Best Valid Acc: 0.715072
Epoch: 157 	Training Cost: 7127.508199	 Valid Acc: 0.6621507197290432 	Best Valid Acc: 0.715072
Epoch: 158 	Training Cost: 7101.464454	 Valid Acc: 0.668077900084674 	Best Valid Acc: 0.715072
Epoch: 159 	Training Cost: 7057.281243	 Valid Acc: 0.6649731865650579 	Best Valid Acc: 0.715072
Epoch: 160 	Training Cost: 7029.881859	 Valid Acc: 0.6677956534010725 	Best Valid Acc: 0.715072
Epoch: 161 	Training Cost: 7018.091254	 Valid Acc: 0.6666666666666666 	Best Valid Acc: 0.715072
Epoch: 162 	Training Cost: 6996.442257	 Valid Acc: 0.6625740897544454 	Best Valid Acc: 0.715072
Epoch: 163 	Training Cost: 6948.836598	 Valid Acc: 0.6686423934518769 	Best Valid Acc: 0.715072
Epoch: 164 	Training Cost: 6920.280574	 Valid Acc: 0.6601749929438329 	Best Valid Acc: 0.715072
Epoch: 165 	Training Cost: 6873.007417	 Valid Acc: 0.6673722833756703 	Best Valid Acc: 0.715072
Epoch: 166 	Training Cost: 6870.714872	 Valid Acc: 0.6655376799322608 	Best Valid Acc: 0.715072
Epoch: 167 	Training Cost: 6824.771289	 Valid Acc: 0.6672311600338696 	Best Valid Acc: 0.715072
Epoch: 168 	Training Cost: 6794.023049	 Valid Acc: 0.6669489133502682 	Best Valid Acc: 0.715072
Epoch: 169 	Training Cost: 6788.289351	 Valid Acc: 0.6662432966412645 	Best Valid Acc: 0.715072
Epoch: 170 	Training Cost: 6742.776427	 Valid Acc: 0.6666666666666666 	Best Valid Acc: 0.715072
Epoch: 171 	Training Cost: 6717.881003	 Valid Acc: 0.6718882303132938 	Best Valid Acc: 0.715072
Epoch: 172 	Training Cost: 6687.690319	 Valid Acc: 0.6673722833756703 	Best Valid Acc: 0.715072
Epoch: 173 	Training Cost: 6670.571621	 Valid Acc: 0.66539655659046 	Best Valid Acc: 0.715072
Epoch: 174 	Training Cost: 6627.717707	 Valid Acc: 0.6663844199830652 	Best Valid Acc: 0.715072
Epoch: 175 	Training Cost: 6618.377108	 Valid Acc: 0.6685012701100762 	Best Valid Acc: 0.715072
Epoch: 176 	Training Cost: 6579.605254	 Valid Acc: 0.6682190234264748 	Best Valid Acc: 0.715072
Epoch: 177 	Training Cost: 6554.630431	 Valid Acc: 0.6694891335026814 	Best Valid Acc: 0.715072
Epoch: 178 	Training Cost: 6532.669771	 Valid Acc: 0.6675134067174711 	Best Valid Acc: 0.715072
Epoch: 179 	Training Cost: 6503.226819	 Valid Acc: 0.6701947502116851 	Best Valid Acc: 0.715072
Epoch: 180 	Training Cost: 6489.512641	 Valid Acc: 0.6618684730454417 	Best Valid Acc: 0.715072
Epoch: 181 	Training Cost: 6478.885521	 Valid Acc: 0.6665255433248659 	Best Valid Acc: 0.715072
Epoch: 182 	Training Cost: 6436.717300	 Valid Acc: 0.6670900366920689 	Best Valid Acc: 0.715072
Epoch: 183 	Training Cost: 6429.522454	 Valid Acc: 0.6639853231724527 	Best Valid Acc: 0.715072
Epoch: 184 	Training Cost: 6399.391075	 Valid Acc: 0.6670900366920689 	Best Valid Acc: 0.715072
Epoch: 185 	Training Cost: 6384.819527	 Valid Acc: 0.6631385831216483 	Best Valid Acc: 0.715072
Epoch: 186 	Training Cost: 6352.259777	 Valid Acc: 0.6656788032740615 	Best Valid Acc: 0.715072
Epoch: 187 	Training Cost: 6321.041265	 Valid Acc: 0.6656788032740615 	Best Valid Acc: 0.715072
Epoch: 188 	Training Cost: 6311.337514	 Valid Acc: 0.6615862263618403 	Best Valid Acc: 0.715072
Epoch: 189 	Training Cost: 6284.665311	 Valid Acc: 0.6649731865650579 	Best Valid Acc: 0.715072
Epoch: 190 	Training Cost: 6261.714760	 Valid Acc: 0.6621507197290432 	Best Valid Acc: 0.715072
Epoch: 191 	Training Cost: 6228.394445	 Valid Acc: 0.6597516229184307 	Best Valid Acc: 0.715072
Epoch: 192 	Training Cost: 6217.676546	 Valid Acc: 0.6615862263618403 	Best Valid Acc: 0.715072
Epoch: 193 	Training Cost: 6204.796629	 Valid Acc: 0.6615862263618403 	Best Valid Acc: 0.715072
Epoch: 194 	Training Cost: 6144.426596	 Valid Acc: 0.6600338696020321 	Best Valid Acc: 0.715072
Epoch: 195 	Training Cost: 6165.138970	 Valid Acc: 0.6631385831216483 	Best Valid Acc: 0.715072
Epoch: 196 	Training Cost: 6124.426495	 Valid Acc: 0.6634208298052497 	Best Valid Acc: 0.715072
Epoch: 197 	Training Cost: 6110.001457	 Valid Acc: 0.6607394863110359 	Best Valid Acc: 0.715072
Epoch: 198 	Training Cost: 6092.061605	 Valid Acc: 0.6622918430708439 	Best Valid Acc: 0.715072
Epoch: 199 	Training Cost: 6050.016580	 Valid Acc: 0.659046006209427 	Best Valid Acc: 0.715072
Epoch: 200 	Training Cost: 6058.009659	 Valid Acc: 0.6589048828676263 	Best Valid Acc: 0.715072
lr=3e-05, lamb=0, num_epoch=200, test_acc=0.6661021732994638
----------------------------------------------------------
----------------------------------------------------------
lr=3e-05, lamb=0.0001, num_epoch=200
Epoch: 1 	Training Cost: 12918.665291	 Valid Acc: 0.6742873271239063 	Best Valid Acc: 0.674287
Epoch: 2 	Training Cost: 11643.593890	 Valid Acc: 0.6814846175557437 	Best Valid Acc: 0.681485
Epoch: 3 	Training Cost: 11512.280754	 Valid Acc: 0.6826136042901496 	Best Valid Acc: 0.682614
Epoch: 4 	Training Cost: 11478.635331	 Valid Acc: 0.6820491109229466 	Best Valid Acc: 0.682614
Epoch: 5 	Training Cost: 11464.844494	 Valid Acc: 0.6812023708721423 	Best Valid Acc: 0.682614
Epoch: 6 	Training Cost: 11430.007486	 Valid Acc: 0.6831780976573525 	Best Valid Acc: 0.683178
Epoch: 7 	Training Cost: 11259.441423	 Valid Acc: 0.68077900084674 	Best Valid Acc: 0.683178
Epoch: 8 	Training Cost: 11081.384179	 Valid Acc: 0.6841659610499576 	Best Valid Acc: 0.684166
Epoch: 9 	Training Cost: 10879.571732	 Valid Acc: 0.6964436917866215 	Best Valid Acc: 0.696444
Epoch: 10 	Training Cost: 10609.272941	 Valid Acc: 0.7047699689528648 	Best Valid Acc: 0.704770
Epoch: 11 	Training Cost: 10438.916599	 Valid Acc: 0.7026531188258538 	Best Valid Acc: 0.704770
Epoch: 12 	Training Cost: 10341.184627	 Valid Acc: 0.7061812023708721 	Best Valid Acc: 0.706181
Epoch: 13 	Training Cost: 10275.306132	 Valid Acc: 0.7075924357888794 	Best Valid Acc: 0.707592
Epoch: 14 	Training Cost: 10225.570395	 Valid Acc: 0.7090036692068868 	Best Valid Acc: 0.709004
Epoch: 15 	Training Cost: 10185.964101	 Valid Acc: 0.7098504092576913 	Best Valid Acc: 0.709850
Epoch: 16 	Training Cost: 10154.130268	 Valid Acc: 0.7112616426756986 	Best Valid Acc: 0.711262
Epoch: 17 	Training Cost: 10127.042079	 Valid Acc: 0.7122495060683037 	Best Valid Acc: 0.712250
Epoch: 18 	Training Cost: 10104.490194	 Valid Acc: 0.7129551227773073 	Best Valid Acc: 0.712955
Epoch: 19 	Training Cost: 10084.839961	 Valid Acc: 0.7132373694609089 	Best Valid Acc: 0.713237
Epoch: 20 	Training Cost: 10067.320045	 Valid Acc: 0.7135196161445103 	Best Valid Acc: 0.713520
Epoch: 21 	Training Cost: 10051.623755	 Valid Acc: 0.713660739486311 	Best Valid Acc: 0.713661
Epoch: 22 	Training Cost: 10037.024542	 Valid Acc: 0.713096246119108 	Best Valid Acc: 0.713661
Epoch: 23 	Training Cost: 10023.823034	 Valid Acc: 0.7123906294101044 	Best Valid Acc: 0.713661
Epoch: 24 	Training Cost: 10011.242962	 Valid Acc: 0.7122495060683037 	Best Valid Acc: 0.713661
Epoch: 25 	Training Cost: 9999.229268	 Valid Acc: 0.7123906294101044 	Best Valid Acc: 0.713661
Epoch: 26 	Training Cost: 9987.177145	 Valid Acc: 0.7135196161445103 	Best Valid Acc: 0.713661
Epoch: 27 	Training Cost: 9975.515159	 Valid Acc: 0.7145074795371155 	Best Valid Acc: 0.714507
Epoch: 28 	Training Cost: 9964.326796	 Valid Acc: 0.7140841095117132 	Best Valid Acc: 0.714507
Epoch: 29 	Training Cost: 9952.767441	 Valid Acc: 0.7133784928027096 	Best Valid Acc: 0.714507
Epoch: 30 	Training Cost: 9941.692754	 Valid Acc: 0.7132373694609089 	Best Valid Acc: 0.714507
Epoch: 31 	Training Cost: 9931.076748	 Valid Acc: 0.713096246119108 	Best Valid Acc: 0.714507
Epoch: 32 	Training Cost: 9919.569256	 Valid Acc: 0.713096246119108 	Best Valid Acc: 0.714507
Epoch: 33 	Training Cost: 9908.608408	 Valid Acc: 0.713096246119108 	Best Valid Acc: 0.714507
Epoch: 34 	Training Cost: 9897.040831	 Valid Acc: 0.7133784928027096 	Best Valid Acc: 0.714507
Epoch: 35 	Training Cost: 9885.249203	 Valid Acc: 0.7129551227773073 	Best Valid Acc: 0.714507
Epoch: 36 	Training Cost: 9873.120459	 Valid Acc: 0.7123906294101044 	Best Valid Acc: 0.714507
Epoch: 37 	Training Cost: 9861.079297	 Valid Acc: 0.7122495060683037 	Best Valid Acc: 0.714507
Epoch: 38 	Training Cost: 9849.226430	 Valid Acc: 0.7126728760937059 	Best Valid Acc: 0.714507
Epoch: 39 	Training Cost: 9836.913031	 Valid Acc: 0.7132373694609089 	Best Valid Acc: 0.714507
Epoch: 40 	Training Cost: 9824.065007	 Valid Acc: 0.7139429861699125 	Best Valid Acc: 0.714507
Epoch: 41 	Training Cost: 9811.266969	 Valid Acc: 0.713660739486311 	Best Valid Acc: 0.714507
Epoch: 42 	Training Cost: 9798.070799	 Valid Acc: 0.7133784928027096 	Best Valid Acc: 0.714507
Epoch: 43 	Training Cost: 9785.350368	 Valid Acc: 0.7135196161445103 	Best Valid Acc: 0.714507
Epoch: 44 	Training Cost: 9772.213624	 Valid Acc: 0.7149308495625176 	Best Valid Acc: 0.714931
Epoch: 45 	Training Cost: 9757.370164	 Valid Acc: 0.7133784928027096 	Best Valid Acc: 0.714931
Epoch: 46 	Training Cost: 9744.035733	 Valid Acc: 0.7132373694609089 	Best Valid Acc: 0.714931
Epoch: 47 	Training Cost: 9729.307431	 Valid Acc: 0.7129551227773073 	Best Valid Acc: 0.714931
Epoch: 48 	Training Cost: 9714.257879	 Valid Acc: 0.7123906294101044 	Best Valid Acc: 0.714931
Epoch: 49 	Training Cost: 9697.207315	 Valid Acc: 0.7122495060683037 	Best Valid Acc: 0.714931
Epoch: 50 	Training Cost: 9682.225455	 Valid Acc: 0.7132373694609089 	Best Valid Acc: 0.714931
Epoch: 51 	Training Cost: 9663.330441	 Valid Acc: 0.7118261360429015 	Best Valid Acc: 0.714931
Epoch: 52 	Training Cost: 9646.862790	 Valid Acc: 0.7106971493084956 	Best Valid Acc: 0.714931
Epoch: 53 	Training Cost: 9628.903034	 Valid Acc: 0.7114027660174993 	Best Valid Acc: 0.714931
Epoch: 54 	Training Cost: 9611.312273	 Valid Acc: 0.7097092859158904 	Best Valid Acc: 0.714931
Epoch: 55 	Training Cost: 9595.205216	 Valid Acc: 0.7090036692068868 	Best Valid Acc: 0.714931
Epoch: 56 	Training Cost: 9579.278432	 Valid Acc: 0.7084391758396839 	Best Valid Acc: 0.714931
Epoch: 57 	Training Cost: 9563.815486	 Valid Acc: 0.7091447925486876 	Best Valid Acc: 0.714931
Epoch: 58 	Training Cost: 9549.649461	 Valid Acc: 0.7084391758396839 	Best Valid Acc: 0.714931
Epoch: 59 	Training Cost: 9532.975433	 Valid Acc: 0.7066045723962744 	Best Valid Acc: 0.714931
Epoch: 60 	Training Cost: 9515.584129	 Valid Acc: 0.7074513124470787 	Best Valid Acc: 0.714931
Epoch: 61 	Training Cost: 9500.667851	 Valid Acc: 0.7063223257126728 	Best Valid Acc: 0.714931
Epoch: 62 	Training Cost: 9483.166656	 Valid Acc: 0.7070279424216765 	Best Valid Acc: 0.714931
Epoch: 63 	Training Cost: 9464.810418	 Valid Acc: 0.7070279424216765 	Best Valid Acc: 0.714931
Epoch: 64 	Training Cost: 9446.897447	 Valid Acc: 0.7067456957380751 	Best Valid Acc: 0.714931
Epoch: 65 	Training Cost: 9435.109371	 Valid Acc: 0.707310189105278 	Best Valid Acc: 0.714931
Epoch: 66 	Training Cost: 9411.533339	 Valid Acc: 0.7071690657634773 	Best Valid Acc: 0.714931
Epoch: 67 	Training Cost: 9391.519569	 Valid Acc: 0.7066045723962744 	Best Valid Acc: 0.714931
Epoch: 68 	Training Cost: 9375.762940	 Valid Acc: 0.7063223257126728 	Best Valid Acc: 0.714931
Epoch: 69 	Training Cost: 9354.727312	 Valid Acc: 0.70575783234547 	Best Valid Acc: 0.714931
Epoch: 70 	Training Cost: 9336.475727	 Valid Acc: 0.7040643522438611 	Best Valid Acc: 0.714931
Epoch: 71 	Training Cost: 9318.107539	 Valid Acc: 0.7044877222692634 	Best Valid Acc: 0.714931
Epoch: 72 	Training Cost: 9298.674117	 Valid Acc: 0.7032176121930568 	Best Valid Acc: 0.714931
Epoch: 73 	Training Cost: 9283.465620	 Valid Acc: 0.703076488851256 	Best Valid Acc: 0.714931
Epoch: 74 	Training Cost: 9261.468308	 Valid Acc: 0.7026531188258538 	Best Valid Acc: 0.714931
Epoch: 75 	Training Cost: 9245.986701	 Valid Acc: 0.7018063787750494 	Best Valid Acc: 0.714931
Epoch: 76 	Training Cost: 9230.031259	 Valid Acc: 0.7006773920406435 	Best Valid Acc: 0.714931
Epoch: 77 	Training Cost: 9211.056261	 Valid Acc: 0.7018063787750494 	Best Valid Acc: 0.714931
Epoch: 78 	Training Cost: 9198.300995	 Valid Acc: 0.7020886254586508 	Best Valid Acc: 0.714931
Epoch: 79 	Training Cost: 9179.734142	 Valid Acc: 0.7034998588766582 	Best Valid Acc: 0.714931
Epoch: 80 	Training Cost: 9169.682413	 Valid Acc: 0.7012418854078465 	Best Valid Acc: 0.714931
Epoch: 81 	Training Cost: 9153.893353	 Valid Acc: 0.7027942421676545 	Best Valid Acc: 0.714931
Epoch: 82 	Training Cost: 9135.537198	 Valid Acc: 0.7009596387242449 	Best Valid Acc: 0.714931
Epoch: 83 	Training Cost: 9122.406421	 Valid Acc: 0.7006773920406435 	Best Valid Acc: 0.714931
Epoch: 84 	Training Cost: 9107.582000	 Valid Acc: 0.7003951453570421 	Best Valid Acc: 0.714931
Epoch: 85 	Training Cost: 9097.315102	 Valid Acc: 0.6999717753316399 	Best Valid Acc: 0.714931
Epoch: 86 	Training Cost: 9074.040292	 Valid Acc: 0.7005362686988428 	Best Valid Acc: 0.714931
Epoch: 87 	Training Cost: 9058.502316	 Valid Acc: 0.7006773920406435 	Best Valid Acc: 0.714931
Epoch: 88 	Training Cost: 9046.941868	 Valid Acc: 0.6989839119390348 	Best Valid Acc: 0.714931
Epoch: 89 	Training Cost: 9027.377636	 Valid Acc: 0.6981371718882303 	Best Valid Acc: 0.714931
Epoch: 90 	Training Cost: 9012.530815	 Valid Acc: 0.6989839119390348 	Best Valid Acc: 0.714931
Epoch: 91 	Training Cost: 9001.795528	 Valid Acc: 0.6968670618120237 	Best Valid Acc: 0.714931
Epoch: 92 	Training Cost: 8989.738760	 Valid Acc: 0.6954558283940163 	Best Valid Acc: 0.714931
Epoch: 93 	Training Cost: 8981.852664	 Valid Acc: 0.6994072819644369 	Best Valid Acc: 0.714931
Epoch: 94 	Training Cost: 8974.533012	 Valid Acc: 0.6960203217612193 	Best Valid Acc: 0.714931
Epoch: 95 	Training Cost: 8960.835135	 Valid Acc: 0.6955969517358171 	Best Valid Acc: 0.714931
Epoch: 96 	Training Cost: 8943.323857	 Valid Acc: 0.6953147050522156 	Best Valid Acc: 0.714931
Epoch: 97 	Training Cost: 8927.125930	 Valid Acc: 0.6963025684448207 	Best Valid Acc: 0.714931
Epoch: 98 	Training Cost: 8915.817798	 Valid Acc: 0.6957380750776179 	Best Valid Acc: 0.714931
Epoch: 99 	Training Cost: 8905.399952	 Valid Acc: 0.6936212249506069 	Best Valid Acc: 0.714931
Epoch: 100 	Training Cost: 8890.527196	 Valid Acc: 0.6934801016088061 	Best Valid Acc: 0.714931
Epoch: 101 	Training Cost: 8874.257181	 Valid Acc: 0.6905165114309907 	Best Valid Acc: 0.714931
Epoch: 102 	Training Cost: 8869.497767	 Valid Acc: 0.6905165114309907 	Best Valid Acc: 0.714931
Epoch: 103 	Training Cost: 8855.568274	 Valid Acc: 0.6913632514817951 	Best Valid Acc: 0.714931
Epoch: 104 	Training Cost: 8829.273055	 Valid Acc: 0.6958791984194186 	Best Valid Acc: 0.714931
Epoch: 105 	Training Cost: 8819.760586	 Valid Acc: 0.691927744848998 	Best Valid Acc: 0.714931
Epoch: 106 	Training Cost: 8818.918329	 Valid Acc: 0.6989839119390348 	Best Valid Acc: 0.714931
Epoch: 107 	Training Cost: 8810.365637	 Valid Acc: 0.7013830087496472 	Best Valid Acc: 0.714931
Epoch: 108 	Training Cost: 8800.346135	 Valid Acc: 0.6992661586226362 	Best Valid Acc: 0.714931
Epoch: 109 	Training Cost: 8779.348652	 Valid Acc: 0.7002540220152413 	Best Valid Acc: 0.714931
Epoch: 110 	Training Cost: 8764.873249	 Valid Acc: 0.6999717753316399 	Best Valid Acc: 0.714931
Epoch: 111 	Training Cost: 8761.088851	 Valid Acc: 0.6992661586226362 	Best Valid Acc: 0.714931
Epoch: 112 	Training Cost: 8738.486579	 Valid Acc: 0.6991250352808355 	Best Valid Acc: 0.714931
Epoch: 113 	Training Cost: 8729.079256	 Valid Acc: 0.6978549252046289 	Best Valid Acc: 0.714931
Epoch: 114 	Training Cost: 8729.303895	 Valid Acc: 0.7003951453570421 	Best Valid Acc: 0.714931
Epoch: 115 	Training Cost: 8698.498142	 Valid Acc: 0.698842788597234 	Best Valid Acc: 0.714931
Epoch: 116 	Training Cost: 8685.924004	 Valid Acc: 0.7018063787750494 	Best Valid Acc: 0.714931
Epoch: 117 	Training Cost: 8676.271369	 Valid Acc: 0.6989839119390348 	Best Valid Acc: 0.714931
Epoch: 118 	Training Cost: 8663.510994	 Valid Acc: 0.6978549252046289 	Best Valid Acc: 0.714931
Epoch: 119 	Training Cost: 8649.175541	 Valid Acc: 0.7012418854078465 	Best Valid Acc: 0.714931
Epoch: 120 	Training Cost: 8626.322460	 Valid Acc: 0.6985605419136325 	Best Valid Acc: 0.714931
Epoch: 121 	Training Cost: 8612.625526	 Valid Acc: 0.7001128986734406 	Best Valid Acc: 0.714931
Epoch: 122 	Training Cost: 8599.514896	 Valid Acc: 0.6991250352808355 	Best Valid Acc: 0.714931
Epoch: 123 	Training Cost: 8593.023937	 Valid Acc: 0.7015241320914479 	Best Valid Acc: 0.714931
Epoch: 124 	Training Cost: 8572.754819	 Valid Acc: 0.6996895286480384 	Best Valid Acc: 0.714931
Epoch: 125 	Training Cost: 8542.940324	 Valid Acc: 0.6985605419136325 	Best Valid Acc: 0.714931
Epoch: 126 	Training Cost: 8528.082323	 Valid Acc: 0.7001128986734406 	Best Valid Acc: 0.714931
Epoch: 127 	Training Cost: 8527.993107	 Valid Acc: 0.6985605419136325 	Best Valid Acc: 0.714931
Epoch: 128 	Training Cost: 8500.314326	 Valid Acc: 0.6972904318374259 	Best Valid Acc: 0.714931
Epoch: 129 	Training Cost: 8493.994142	 Valid Acc: 0.6975726785210273 	Best Valid Acc: 0.714931
Epoch: 130 	Training Cost: 8470.210097	 Valid Acc: 0.6963025684448207 	Best Valid Acc: 0.714931
Epoch: 131 	Training Cost: 8450.228708	 Valid Acc: 0.696725938470223 	Best Valid Acc: 0.714931
Epoch: 132 	Training Cost: 8438.525532	 Valid Acc: 0.6963025684448207 	Best Valid Acc: 0.714931
Epoch: 133 	Training Cost: 8434.832812	 Valid Acc: 0.69616144510302 	Best Valid Acc: 0.714931
Epoch: 134 	Training Cost: 8414.544119	 Valid Acc: 0.6984194185718318 	Best Valid Acc: 0.714931
Epoch: 135 	Training Cost: 8411.236589	 Valid Acc: 0.6971493084956252 	Best Valid Acc: 0.714931
Epoch: 136 	Training Cost: 8402.543220	 Valid Acc: 0.6958791984194186 	Best Valid Acc: 0.714931
Epoch: 137 	Training Cost: 8368.924856	 Valid Acc: 0.6943268416596104 	Best Valid Acc: 0.714931
Epoch: 138 	Training Cost: 8352.770749	 Valid Acc: 0.6948913350268134 	Best Valid Acc: 0.714931
Epoch: 139 	Training Cost: 8347.453847	 Valid Acc: 0.6931978549252046 	Best Valid Acc: 0.714931
Epoch: 140 	Training Cost: 8343.558280	 Valid Acc: 0.6929156082416031 	Best Valid Acc: 0.714931
Epoch: 141 	Training Cost: 8330.443077	 Valid Acc: 0.6923511148744003 	Best Valid Acc: 0.714931
Epoch: 142 	Training Cost: 8298.853844	 Valid Acc: 0.6920688681907987 	Best Valid Acc: 0.714931
Epoch: 143 	Training Cost: 8286.114517	 Valid Acc: 0.6915043748235958 	Best Valid Acc: 0.714931
Epoch: 144 	Training Cost: 8268.919498	 Valid Acc: 0.6909398814563928 	Best Valid Acc: 0.714931
Epoch: 145 	Training Cost: 8253.588035	 Valid Acc: 0.69037538808919 	Best Valid Acc: 0.714931
Epoch: 146 	Training Cost: 8246.417108	 Valid Acc: 0.69037538808919 	Best Valid Acc: 0.714931
Epoch: 147 	Training Cost: 8238.981289	 Valid Acc: 0.6916454981653966 	Best Valid Acc: 0.714931
Epoch: 148 	Training Cost: 8215.197078	 Valid Acc: 0.6933389782670054 	Best Valid Acc: 0.714931
Epoch: 149 	Training Cost: 8188.668934	 Valid Acc: 0.6913632514817951 	Best Valid Acc: 0.714931
Epoch: 150 	Training Cost: 8187.187768	 Valid Acc: 0.6920688681907987 	Best Valid Acc: 0.714931
Epoch: 151 	Training Cost: 8158.547779	 Valid Acc: 0.6929156082416031 	Best Valid Acc: 0.714931
Epoch: 152 	Training Cost: 8159.046064	 Valid Acc: 0.6917866215071973 	Best Valid Acc: 0.714931
Epoch: 153 	Training Cost: 8143.855000	 Valid Acc: 0.6899520180637877 	Best Valid Acc: 0.714931
Epoch: 154 	Training Cost: 8128.100234	 Valid Acc: 0.6874117979113745 	Best Valid Acc: 0.714931
Epoch: 155 	Training Cost: 8108.582007	 Valid Acc: 0.6875529212531752 	Best Valid Acc: 0.714931
Epoch: 156 	Training Cost: 8116.006263	 Valid Acc: 0.688258537962179 	Best Valid Acc: 0.714931
Epoch: 157 	Training Cost: 8070.251430	 Valid Acc: 0.6912221281399944 	Best Valid Acc: 0.714931
Epoch: 158 	Training Cost: 8045.926314	 Valid Acc: 0.6909398814563928 	Best Valid Acc: 0.714931
Epoch: 159 	Training Cost: 8042.453053	 Valid Acc: 0.6892464013547841 	Best Valid Acc: 0.714931
Epoch: 160 	Training Cost: 8044.023515	 Valid Acc: 0.6869884278859724 	Best Valid Acc: 0.714931
Epoch: 161 	Training Cost: 8014.909740	 Valid Acc: 0.6872706745695738 	Best Valid Acc: 0.714931
Epoch: 162 	Training Cost: 8024.669431	 Valid Acc: 0.6868473045441716 	Best Valid Acc: 0.714931
Epoch: 163 	Training Cost: 7992.658050	 Valid Acc: 0.6878351679367768 	Best Valid Acc: 0.714931
Epoch: 164 	Training Cost: 7964.267263	 Valid Acc: 0.6878351679367768 	Best Valid Acc: 0.714931
Epoch: 165 	Training Cost: 7935.392625	 Valid Acc: 0.6885407846457804 	Best Valid Acc: 0.714931
Epoch: 166 	Training Cost: 7959.343786	 Valid Acc: 0.6857183178097658 	Best Valid Acc: 0.714931
Epoch: 167 	Training Cost: 7915.964655	 Valid Acc: 0.683460344340954 	Best Valid Acc: 0.714931
Epoch: 168 	Training Cost: 7892.958296	 Valid Acc: 0.6858594411515665 	Best Valid Acc: 0.714931
Epoch: 169 	Training Cost: 7893.073539	 Valid Acc: 0.6891052780129834 	Best Valid Acc: 0.714931
Epoch: 170 	Training Cost: 7892.724194	 Valid Acc: 0.6871295512277731 	Best Valid Acc: 0.714931
Epoch: 171 	Training Cost: 7865.101775	 Valid Acc: 0.6857183178097658 	Best Valid Acc: 0.714931
Epoch: 172 	Training Cost: 7834.167293	 Valid Acc: 0.6848715777589613 	Best Valid Acc: 0.714931
Epoch: 173 	Training Cost: 7806.570713	 Valid Acc: 0.6869884278859724 	Best Valid Acc: 0.714931
Epoch: 174 	Training Cost: 7815.593485	 Valid Acc: 0.6848715777589613 	Best Valid Acc: 0.714931
Epoch: 175 	Training Cost: 7809.130706	 Valid Acc: 0.6860005644933672 	Best Valid Acc: 0.714931
Epoch: 176 	Training Cost: 7768.013283	 Valid Acc: 0.6862828111769687 	Best Valid Acc: 0.714931
Epoch: 177 	Training Cost: 7751.875424	 Valid Acc: 0.6874117979113745 	Best Valid Acc: 0.714931
Epoch: 178 	Training Cost: 7728.363469	 Valid Acc: 0.6845893310753599 	Best Valid Acc: 0.714931
Epoch: 179 	Training Cost: 7734.834317	 Valid Acc: 0.6843070843917584 	Best Valid Acc: 0.714931
Epoch: 180 	Training Cost: 7722.912535	 Valid Acc: 0.6800733841377364 	Best Valid Acc: 0.714931
Epoch: 181 	Training Cost: 7695.890730	 Valid Acc: 0.6803556308213379 	Best Valid Acc: 0.714931
Epoch: 182 	Training Cost: 7672.631446	 Valid Acc: 0.6816257408975445 	Best Valid Acc: 0.714931
Epoch: 183 	Training Cost: 7644.725802	 Valid Acc: 0.6830369743155518 	Best Valid Acc: 0.714931
Epoch: 184 	Training Cost: 7634.100827	 Valid Acc: 0.682895850973751 	Best Valid Acc: 0.714931
Epoch: 185 	Training Cost: 7614.334228	 Valid Acc: 0.6806378775049393 	Best Valid Acc: 0.714931
Epoch: 186 	Training Cost: 7629.023504	 Valid Acc: 0.6824724809483489 	Best Valid Acc: 0.714931
Epoch: 187 	Training Cost: 7589.064126	 Valid Acc: 0.6766864239345187 	Best Valid Acc: 0.714931
Epoch: 188 	Training Cost: 7586.611862	 Valid Acc: 0.6824724809483489 	Best Valid Acc: 0.714931
Epoch: 189 	Training Cost: 7548.074059	 Valid Acc: 0.68077900084674 	Best Valid Acc: 0.714931
Epoch: 190 	Training Cost: 7554.377488	 Valid Acc: 0.6809201241885408 	Best Valid Acc: 0.714931
Epoch: 191 	Training Cost: 7535.175862	 Valid Acc: 0.6819079875811459 	Best Valid Acc: 0.714931
Epoch: 192 	Training Cost: 7515.094203	 Valid Acc: 0.6809201241885408 	Best Valid Acc: 0.714931
Epoch: 193 	Training Cost: 7516.061941	 Valid Acc: 0.6790855207451313 	Best Valid Acc: 0.714931
Epoch: 194 	Training Cost: 7478.753953	 Valid Acc: 0.6809201241885408 	Best Valid Acc: 0.714931
Epoch: 195 	Training Cost: 7470.040903	 Valid Acc: 0.6809201241885408 	Best Valid Acc: 0.714931
Epoch: 196 	Training Cost: 7461.344429	 Valid Acc: 0.6799322607959356 	Best Valid Acc: 0.714931
Epoch: 197 	Training Cost: 7444.421894	 Valid Acc: 0.6795088907705334 	Best Valid Acc: 0.714931
Epoch: 198 	Training Cost: 7432.593365	 Valid Acc: 0.6772509173017217 	Best Valid Acc: 0.714931
Epoch: 199 	Training Cost: 7413.249294	 Valid Acc: 0.6768275472763196 	Best Valid Acc: 0.714931
Epoch: 200 	Training Cost: 7408.112319	 Valid Acc: 0.6775331639853232 	Best Valid Acc: 0.714931
lr=3e-05, lamb=0.0001, num_epoch=200, test_acc=0.6852949477843635
----------------------------------------------------------
----------------------------------------------------------
lr=3e-05, lamb=0.001, num_epoch=200
Epoch: 1 	Training Cost: 13182.679111	 Valid Acc: 0.6713237369460909 	Best Valid Acc: 0.671324
Epoch: 2 	Training Cost: 11828.613260	 Valid Acc: 0.6831780976573525 	Best Valid Acc: 0.683178
Epoch: 3 	Training Cost: 11673.691318	 Valid Acc: 0.6847304544171606 	Best Valid Acc: 0.684730
Epoch: 4 	Training Cost: 11630.123062	 Valid Acc: 0.6838837143663562 	Best Valid Acc: 0.684730
Epoch: 5 	Training Cost: 11608.714319	 Valid Acc: 0.6841659610499576 	Best Valid Acc: 0.684730
Epoch: 6 	Training Cost: 11580.562268	 Valid Acc: 0.6851538244425628 	Best Valid Acc: 0.685154
Epoch: 7 	Training Cost: 11478.796539	 Valid Acc: 0.6806378775049393 	Best Valid Acc: 0.685154
Epoch: 8 	Training Cost: 11309.266597	 Valid Acc: 0.6814846175557437 	Best Valid Acc: 0.685154
Epoch: 9 	Training Cost: 11184.542989	 Valid Acc: 0.6845893310753599 	Best Valid Acc: 0.685154
Epoch: 10 	Training Cost: 11008.507121	 Valid Acc: 0.6975726785210273 	Best Valid Acc: 0.697573
Epoch: 11 	Training Cost: 10773.193041	 Valid Acc: 0.7034998588766582 	Best Valid Acc: 0.703500
Epoch: 12 	Training Cost: 10610.158095	 Valid Acc: 0.7047699689528648 	Best Valid Acc: 0.704770
Epoch: 13 	Training Cost: 10510.453494	 Valid Acc: 0.7071690657634773 	Best Valid Acc: 0.707169
Epoch: 14 	Training Cost: 10441.278857	 Valid Acc: 0.7075924357888794 	Best Valid Acc: 0.707592
Epoch: 15 	Training Cost: 10389.354849	 Valid Acc: 0.7088625458650861 	Best Valid Acc: 0.708863
Epoch: 16 	Training Cost: 10348.797217	 Valid Acc: 0.7114027660174993 	Best Valid Acc: 0.711403
Epoch: 17 	Training Cost: 10316.342746	 Valid Acc: 0.7116850127011007 	Best Valid Acc: 0.711685
Epoch: 18 	Training Cost: 10290.377712	 Valid Acc: 0.7129551227773073 	Best Valid Acc: 0.712955
Epoch: 19 	Training Cost: 10268.863216	 Valid Acc: 0.7128139994355066 	Best Valid Acc: 0.712955
Epoch: 20 	Training Cost: 10250.831123	 Valid Acc: 0.714225232853514 	Best Valid Acc: 0.714225
Epoch: 21 	Training Cost: 10235.591557	 Valid Acc: 0.7140841095117132 	Best Valid Acc: 0.714225
Epoch: 22 	Training Cost: 10222.569053	 Valid Acc: 0.7138018628281118 	Best Valid Acc: 0.714225
Epoch: 23 	Training Cost: 10211.167185	 Valid Acc: 0.7129551227773073 	Best Valid Acc: 0.714225
Epoch: 24 	Training Cost: 10201.216405	 Valid Acc: 0.712108382726503 	Best Valid Acc: 0.714225
Epoch: 25 	Training Cost: 10192.410325	 Valid Acc: 0.7123906294101044 	Best Valid Acc: 0.714225
Epoch: 26 	Training Cost: 10184.460727	 Valid Acc: 0.7129551227773073 	Best Valid Acc: 0.714225
Epoch: 27 	Training Cost: 10177.356669	 Valid Acc: 0.7133784928027096 	Best Valid Acc: 0.714225
Epoch: 28 	Training Cost: 10170.704456	 Valid Acc: 0.7135196161445103 	Best Valid Acc: 0.714225
Epoch: 29 	Training Cost: 10164.646090	 Valid Acc: 0.713660739486311 	Best Valid Acc: 0.714225
Epoch: 30 	Training Cost: 10159.188196	 Valid Acc: 0.713096246119108 	Best Valid Acc: 0.714225
Epoch: 31 	Training Cost: 10154.006862	 Valid Acc: 0.7132373694609089 	Best Valid Acc: 0.714225
Epoch: 32 	Training Cost: 10149.392000	 Valid Acc: 0.713096246119108 	Best Valid Acc: 0.714225
Epoch: 33 	Training Cost: 10145.013689	 Valid Acc: 0.7132373694609089 	Best Valid Acc: 0.714225
Epoch: 34 	Training Cost: 10140.847487	 Valid Acc: 0.7135196161445103 	Best Valid Acc: 0.714225
Epoch: 35 	Training Cost: 10137.111851	 Valid Acc: 0.7138018628281118 	Best Valid Acc: 0.714225
Epoch: 36 	Training Cost: 10133.566163	 Valid Acc: 0.7139429861699125 	Best Valid Acc: 0.714225
Epoch: 37 	Training Cost: 10130.097736	 Valid Acc: 0.7135196161445103 	Best Valid Acc: 0.714225
Epoch: 38 	Training Cost: 10126.795933	 Valid Acc: 0.713660739486311 	Best Valid Acc: 0.714225
Epoch: 39 	Training Cost: 10123.719323	 Valid Acc: 0.7138018628281118 	Best Valid Acc: 0.714225
Epoch: 40 	Training Cost: 10120.806887	 Valid Acc: 0.7138018628281118 	Best Valid Acc: 0.714225
Epoch: 41 	Training Cost: 10117.990389	 Valid Acc: 0.7139429861699125 	Best Valid Acc: 0.714225
Epoch: 42 	Training Cost: 10115.259415	 Valid Acc: 0.713660739486311 	Best Valid Acc: 0.714225
Epoch: 43 	Training Cost: 10112.594362	 Valid Acc: 0.7143663561953147 	Best Valid Acc: 0.714366
Epoch: 44 	Training Cost: 10109.896147	 Valid Acc: 0.7145074795371155 	Best Valid Acc: 0.714507
Epoch: 45 	Training Cost: 10107.234249	 Valid Acc: 0.7146486028789162 	Best Valid Acc: 0.714649
Epoch: 46 	Training Cost: 10104.743616	 Valid Acc: 0.7147897262207169 	Best Valid Acc: 0.714790
Epoch: 47 	Training Cost: 10102.294115	 Valid Acc: 0.7146486028789162 	Best Valid Acc: 0.714790
Epoch: 48 	Training Cost: 10099.768944	 Valid Acc: 0.7145074795371155 	Best Valid Acc: 0.714790
Epoch: 49 	Training Cost: 10097.300074	 Valid Acc: 0.7150719729043183 	Best Valid Acc: 0.715072
Epoch: 50 	Training Cost: 10095.019282	 Valid Acc: 0.7149308495625176 	Best Valid Acc: 0.715072
Epoch: 51 	Training Cost: 10092.543860	 Valid Acc: 0.7147897262207169 	Best Valid Acc: 0.715072
Epoch: 52 	Training Cost: 10090.183630	 Valid Acc: 0.7150719729043183 	Best Valid Acc: 0.715072
Epoch: 53 	Training Cost: 10087.879414	 Valid Acc: 0.7147897262207169 	Best Valid Acc: 0.715072
Epoch: 54 	Training Cost: 10085.676567	 Valid Acc: 0.7145074795371155 	Best Valid Acc: 0.715072
Epoch: 55 	Training Cost: 10083.465362	 Valid Acc: 0.7143663561953147 	Best Valid Acc: 0.715072
Epoch: 56 	Training Cost: 10081.196461	 Valid Acc: 0.714225232853514 	Best Valid Acc: 0.715072
Epoch: 57 	Training Cost: 10078.857147	 Valid Acc: 0.714225232853514 	Best Valid Acc: 0.715072
Epoch: 58 	Training Cost: 10076.640138	 Valid Acc: 0.7146486028789162 	Best Valid Acc: 0.715072
Epoch: 59 	Training Cost: 10074.411938	 Valid Acc: 0.7140841095117132 	Best Valid Acc: 0.715072
Epoch: 60 	Training Cost: 10072.286249	 Valid Acc: 0.7139429861699125 	Best Valid Acc: 0.715072
Epoch: 61 	Training Cost: 10070.039371	 Valid Acc: 0.713660739486311 	Best Valid Acc: 0.715072
Epoch: 62 	Training Cost: 10067.790832	 Valid Acc: 0.7138018628281118 	Best Valid Acc: 0.715072
Epoch: 63 	Training Cost: 10065.525553	 Valid Acc: 0.7139429861699125 	Best Valid Acc: 0.715072
Epoch: 64 	Training Cost: 10063.128789	 Valid Acc: 0.7135196161445103 	Best Valid Acc: 0.715072
Epoch: 65 	Training Cost: 10060.937524	 Valid Acc: 0.713660739486311 	Best Valid Acc: 0.715072
Epoch: 66 	Training Cost: 10058.642009	 Valid Acc: 0.713660739486311 	Best Valid Acc: 0.715072
Epoch: 67 	Training Cost: 10056.308350	 Valid Acc: 0.713660739486311 	Best Valid Acc: 0.715072
Epoch: 68 	Training Cost: 10054.005060	 Valid Acc: 0.713660739486311 	Best Valid Acc: 0.715072
Epoch: 69 	Training Cost: 10051.796520	 Valid Acc: 0.7133784928027096 	Best Valid Acc: 0.715072
Epoch: 70 	Training Cost: 10049.473429	 Valid Acc: 0.7133784928027096 	Best Valid Acc: 0.715072
Epoch: 71 	Training Cost: 10047.218701	 Valid Acc: 0.714225232853514 	Best Valid Acc: 0.715072
Epoch: 72 	Training Cost: 10044.688478	 Valid Acc: 0.714225232853514 	Best Valid Acc: 0.715072
Epoch: 73 	Training Cost: 10042.430692	 Valid Acc: 0.7140841095117132 	Best Valid Acc: 0.715072
Epoch: 74 	Training Cost: 10039.839517	 Valid Acc: 0.714225232853514 	Best Valid Acc: 0.715072
Epoch: 75 	Training Cost: 10037.359228	 Valid Acc: 0.7143663561953147 	Best Valid Acc: 0.715072
Epoch: 76 	Training Cost: 10034.853172	 Valid Acc: 0.7140841095117132 	Best Valid Acc: 0.715072
Epoch: 77 	Training Cost: 10032.292058	 Valid Acc: 0.7140841095117132 	Best Valid Acc: 0.715072
Epoch: 78 	Training Cost: 10029.528061	 Valid Acc: 0.7135196161445103 	Best Valid Acc: 0.715072
Epoch: 79 	Training Cost: 10026.676997	 Valid Acc: 0.7145074795371155 	Best Valid Acc: 0.715072
Epoch: 80 	Training Cost: 10023.427383	 Valid Acc: 0.7147897262207169 	Best Valid Acc: 0.715072
Epoch: 81 	Training Cost: 10020.446844	 Valid Acc: 0.7140841095117132 	Best Valid Acc: 0.715072
Epoch: 82 	Training Cost: 10017.004684	 Valid Acc: 0.714225232853514 	Best Valid Acc: 0.715072
Epoch: 83 	Training Cost: 10013.699604	 Valid Acc: 0.7140841095117132 	Best Valid Acc: 0.715072
Epoch: 84 	Training Cost: 10010.204268	 Valid Acc: 0.7143663561953147 	Best Valid Acc: 0.715072
Epoch: 85 	Training Cost: 10006.283579	 Valid Acc: 0.714225232853514 	Best Valid Acc: 0.715072
Epoch: 86 	Training Cost: 10002.573008	 Valid Acc: 0.7140841095117132 	Best Valid Acc: 0.715072
Epoch: 87 	Training Cost: 9997.937354	 Valid Acc: 0.713660739486311 	Best Valid Acc: 0.715072
Epoch: 88 	Training Cost: 9993.856413	 Valid Acc: 0.7135196161445103 	Best Valid Acc: 0.715072
Epoch: 89 	Training Cost: 9989.024656	 Valid Acc: 0.713660739486311 	Best Valid Acc: 0.715072
Epoch: 90 	Training Cost: 9984.390736	 Valid Acc: 0.7132373694609089 	Best Valid Acc: 0.715072
Epoch: 91 	Training Cost: 9979.061236	 Valid Acc: 0.7133784928027096 	Best Valid Acc: 0.715072
Epoch: 92 	Training Cost: 9973.724025	 Valid Acc: 0.713660739486311 	Best Valid Acc: 0.715072
Epoch: 93 	Training Cost: 9967.879486	 Valid Acc: 0.7139429861699125 	Best Valid Acc: 0.715072
Epoch: 94 	Training Cost: 9962.109077	 Valid Acc: 0.7139429861699125 	Best Valid Acc: 0.715072
Epoch: 95 	Training Cost: 9956.396847	 Valid Acc: 0.7132373694609089 	Best Valid Acc: 0.715072
Epoch: 96 	Training Cost: 9949.888386	 Valid Acc: 0.7132373694609089 	Best Valid Acc: 0.715072
Epoch: 97 	Training Cost: 9942.768367	 Valid Acc: 0.713660739486311 	Best Valid Acc: 0.715072
Epoch: 98 	Training Cost: 9936.229007	 Valid Acc: 0.7139429861699125 	Best Valid Acc: 0.715072
Epoch: 99 	Training Cost: 9929.209672	 Valid Acc: 0.7132373694609089 	Best Valid Acc: 0.715072
Epoch: 100 	Training Cost: 9922.589120	 Valid Acc: 0.7132373694609089 	Best Valid Acc: 0.715072
Epoch: 101 	Training Cost: 9915.294619	 Valid Acc: 0.713096246119108 	Best Valid Acc: 0.715072
Epoch: 102 	Training Cost: 9908.175724	 Valid Acc: 0.7128139994355066 	Best Valid Acc: 0.715072
Epoch: 103 	Training Cost: 9900.936779	 Valid Acc: 0.7119672593847022 	Best Valid Acc: 0.715072
Epoch: 104 	Training Cost: 9894.311780	 Valid Acc: 0.7112616426756986 	Best Valid Acc: 0.715072
Epoch: 105 	Training Cost: 9886.477034	 Valid Acc: 0.7111205193338979 	Best Valid Acc: 0.715072
Epoch: 106 	Training Cost: 9879.703436	 Valid Acc: 0.7111205193338979 	Best Valid Acc: 0.715072
Epoch: 107 	Training Cost: 9871.905017	 Valid Acc: 0.7111205193338979 	Best Valid Acc: 0.715072
Epoch: 108 	Training Cost: 9863.705427	 Valid Acc: 0.7118261360429015 	Best Valid Acc: 0.715072
Epoch: 109 	Training Cost: 9855.655127	 Valid Acc: 0.712108382726503 	Best Valid Acc: 0.715072
Epoch: 110 	Training Cost: 9846.873609	 Valid Acc: 0.7114027660174993 	Best Valid Acc: 0.715072
Epoch: 111 	Training Cost: 9837.413157	 Valid Acc: 0.7118261360429015 	Best Valid Acc: 0.715072
Epoch: 112 	Training Cost: 9827.433483	 Valid Acc: 0.712108382726503 	Best Valid Acc: 0.715072
Epoch: 113 	Training Cost: 9817.691034	 Valid Acc: 0.712108382726503 	Best Valid Acc: 0.715072
Epoch: 114 	Training Cost: 9806.159570	 Valid Acc: 0.7119672593847022 	Best Valid Acc: 0.715072
Epoch: 115 	Training Cost: 9795.875115	 Valid Acc: 0.7115438893593 	Best Valid Acc: 0.715072
Epoch: 116 	Training Cost: 9785.720763	 Valid Acc: 0.7111205193338979 	Best Valid Acc: 0.715072
Epoch: 117 	Training Cost: 9775.515545	 Valid Acc: 0.7111205193338979 	Best Valid Acc: 0.715072
Epoch: 118 	Training Cost: 9766.185749	 Valid Acc: 0.7114027660174993 	Best Valid Acc: 0.715072
Epoch: 119 	Training Cost: 9757.338023	 Valid Acc: 0.7105560259666949 	Best Valid Acc: 0.715072
Epoch: 120 	Training Cost: 9748.220020	 Valid Acc: 0.7108382726502963 	Best Valid Acc: 0.715072
Epoch: 121 	Training Cost: 9739.666188	 Valid Acc: 0.7102737792830934 	Best Valid Acc: 0.715072
Epoch: 122 	Training Cost: 9731.750531	 Valid Acc: 0.709427039232289 	Best Valid Acc: 0.715072
Epoch: 123 	Training Cost: 9723.257826	 Valid Acc: 0.7091447925486876 	Best Valid Acc: 0.715072
Epoch: 124 	Training Cost: 9714.903707	 Valid Acc: 0.7097092859158904 	Best Valid Acc: 0.715072
Epoch: 125 	Training Cost: 9708.113687	 Valid Acc: 0.7102737792830934 	Best Valid Acc: 0.715072
Epoch: 126 	Training Cost: 9699.576742	 Valid Acc: 0.7108382726502963 	Best Valid Acc: 0.715072
Epoch: 127 	Training Cost: 9690.754983	 Valid Acc: 0.709991532599492 	Best Valid Acc: 0.715072
Epoch: 128 	Training Cost: 9683.623683	 Valid Acc: 0.7104149026248942 	Best Valid Acc: 0.715072
Epoch: 129 	Training Cost: 9675.241841	 Valid Acc: 0.7098504092576913 	Best Valid Acc: 0.715072
Epoch: 130 	Training Cost: 9666.613095	 Valid Acc: 0.7105560259666949 	Best Valid Acc: 0.715072
Epoch: 131 	Training Cost: 9658.775372	 Valid Acc: 0.7102737792830934 	Best Valid Acc: 0.715072
Epoch: 132 	Training Cost: 9650.205362	 Valid Acc: 0.709991532599492 	Best Valid Acc: 0.715072
Epoch: 133 	Training Cost: 9640.439786	 Valid Acc: 0.709991532599492 	Best Valid Acc: 0.715072
Epoch: 134 	Training Cost: 9631.426245	 Valid Acc: 0.7084391758396839 	Best Valid Acc: 0.715072
Epoch: 135 	Training Cost: 9622.123501	 Valid Acc: 0.7087214225232854 	Best Valid Acc: 0.715072
Epoch: 136 	Training Cost: 9612.202524	 Valid Acc: 0.7077335591306803 	Best Valid Acc: 0.715072
Epoch: 137 	Training Cost: 9601.402610	 Valid Acc: 0.7074513124470787 	Best Valid Acc: 0.715072
Epoch: 138 	Training Cost: 9590.731793	 Valid Acc: 0.7061812023708721 	Best Valid Acc: 0.715072
Epoch: 139 	Training Cost: 9579.904706	 Valid Acc: 0.7068868190798758 	Best Valid Acc: 0.715072
Epoch: 140 	Training Cost: 9567.659444	 Valid Acc: 0.7066045723962744 	Best Valid Acc: 0.715072
Epoch: 141 	Training Cost: 9555.260312	 Valid Acc: 0.7067456957380751 	Best Valid Acc: 0.715072
Epoch: 142 	Training Cost: 9543.703130	 Valid Acc: 0.7064634490544736 	Best Valid Acc: 0.715072
Epoch: 143 	Training Cost: 9530.636066	 Valid Acc: 0.7061812023708721 	Best Valid Acc: 0.715072
Epoch: 144 	Training Cost: 9517.706154	 Valid Acc: 0.7053344623200677 	Best Valid Acc: 0.715072
Epoch: 145 	Training Cost: 9504.878573	 Valid Acc: 0.7047699689528648 	Best Valid Acc: 0.715072
Epoch: 146 	Training Cost: 9492.227802	 Valid Acc: 0.7053344623200677 	Best Valid Acc: 0.715072
Epoch: 147 	Training Cost: 9479.421077	 Valid Acc: 0.7075924357888794 	Best Valid Acc: 0.715072
Epoch: 148 	Training Cost: 9466.656859	 Valid Acc: 0.7063223257126728 	Best Valid Acc: 0.715072
Epoch: 149 	Training Cost: 9454.627322	 Valid Acc: 0.7070279424216765 	Best Valid Acc: 0.715072
Epoch: 150 	Training Cost: 9442.942822	 Valid Acc: 0.7063223257126728 	Best Valid Acc: 0.715072
Epoch: 151 	Training Cost: 9428.772404	 Valid Acc: 0.7050522156364663 	Best Valid Acc: 0.715072
Epoch: 152 	Training Cost: 9417.341906	 Valid Acc: 0.7058989556872707 	Best Valid Acc: 0.715072
Epoch: 153 	Training Cost: 9405.207365	 Valid Acc: 0.70575783234547 	Best Valid Acc: 0.715072
Epoch: 154 	Training Cost: 9395.275798	 Valid Acc: 0.7050522156364663 	Best Valid Acc: 0.715072
Epoch: 155 	Training Cost: 9384.063195	 Valid Acc: 0.7036409822184589 	Best Valid Acc: 0.715072
Epoch: 156 	Training Cost: 9371.892818	 Valid Acc: 0.7013830087496472 	Best Valid Acc: 0.715072
Epoch: 157 	Training Cost: 9361.121050	 Valid Acc: 0.7016652554332486 	Best Valid Acc: 0.715072
Epoch: 158 	Training Cost: 9350.847927	 Valid Acc: 0.7011007620660458 	Best Valid Acc: 0.715072
Epoch: 159 	Training Cost: 9342.264453	 Valid Acc: 0.7019475021168501 	Best Valid Acc: 0.715072
Epoch: 160 	Training Cost: 9331.151421	 Valid Acc: 0.7012418854078465 	Best Valid Acc: 0.715072
Epoch: 161 	Training Cost: 9317.971763	 Valid Acc: 0.7018063787750494 	Best Valid Acc: 0.715072
Epoch: 162 	Training Cost: 9309.090066	 Valid Acc: 0.7019475021168501 	Best Valid Acc: 0.715072
Epoch: 163 	Training Cost: 9297.903368	 Valid Acc: 0.7009596387242449 	Best Valid Acc: 0.715072
Epoch: 164 	Training Cost: 9290.299280	 Valid Acc: 0.7011007620660458 	Best Valid Acc: 0.715072
Epoch: 165 	Training Cost: 9276.619278	 Valid Acc: 0.7011007620660458 	Best Valid Acc: 0.715072
Epoch: 166 	Training Cost: 9267.340874	 Valid Acc: 0.7008185153824442 	Best Valid Acc: 0.715072
Epoch: 167 	Training Cost: 9257.509512	 Valid Acc: 0.6998306519898391 	Best Valid Acc: 0.715072
Epoch: 168 	Training Cost: 9245.500734	 Valid Acc: 0.7002540220152413 	Best Valid Acc: 0.715072
Epoch: 169 	Training Cost: 9239.087210	 Valid Acc: 0.7003951453570421 	Best Valid Acc: 0.715072
Epoch: 170 	Training Cost: 9230.888350	 Valid Acc: 0.7003951453570421 	Best Valid Acc: 0.715072
Epoch: 171 	Training Cost: 9218.451362	 Valid Acc: 0.698842788597234 	Best Valid Acc: 0.715072
Epoch: 172 	Training Cost: 9209.758895	 Valid Acc: 0.6999717753316399 	Best Valid Acc: 0.715072
Epoch: 173 	Training Cost: 9198.886747	 Valid Acc: 0.6985605419136325 	Best Valid Acc: 0.715072
Epoch: 174 	Training Cost: 9190.941285	 Valid Acc: 0.6996895286480384 	Best Valid Acc: 0.715072
Epoch: 175 	Training Cost: 9184.696280	 Valid Acc: 0.6994072819644369 	Best Valid Acc: 0.715072
Epoch: 176 	Training Cost: 9172.113142	 Valid Acc: 0.6984194185718318 	Best Valid Acc: 0.715072
Epoch: 177 	Training Cost: 9161.822879	 Valid Acc: 0.6987016652554332 	Best Valid Acc: 0.715072
Epoch: 178 	Training Cost: 9157.141350	 Valid Acc: 0.6950324583686142 	Best Valid Acc: 0.715072
Epoch: 179 	Training Cost: 9146.281972	 Valid Acc: 0.6944679650014113 	Best Valid Acc: 0.715072
Epoch: 180 	Training Cost: 9139.511178	 Valid Acc: 0.6970081851538245 	Best Valid Acc: 0.715072
Epoch: 181 	Training Cost: 9134.168571	 Valid Acc: 0.6964436917866215 	Best Valid Acc: 0.715072
Epoch: 182 	Training Cost: 9125.159883	 Valid Acc: 0.69616144510302 	Best Valid Acc: 0.715072
Epoch: 183 	Training Cost: 9115.566086	 Valid Acc: 0.6968670618120237 	Best Valid Acc: 0.715072
Epoch: 184 	Training Cost: 9104.300138	 Valid Acc: 0.6979960485464296 	Best Valid Acc: 0.715072
Epoch: 185 	Training Cost: 9099.315849	 Valid Acc: 0.6941857183178097 	Best Valid Acc: 0.715072
Epoch: 186 	Training Cost: 9089.505983	 Valid Acc: 0.6939034716342083 	Best Valid Acc: 0.715072
Epoch: 187 	Training Cost: 9078.284296	 Valid Acc: 0.6936212249506069 	Best Valid Acc: 0.715072
Epoch: 188 	Training Cost: 9072.064864	 Valid Acc: 0.6927744848998024 	Best Valid Acc: 0.715072
Epoch: 189 	Training Cost: 9070.047443	 Valid Acc: 0.6910810047981937 	Best Valid Acc: 0.715072
Epoch: 190 	Training Cost: 9064.798979	 Valid Acc: 0.6909398814563928 	Best Valid Acc: 0.715072
Epoch: 191 	Training Cost: 9052.707003	 Valid Acc: 0.6893875246965848 	Best Valid Acc: 0.715072
Epoch: 192 	Training Cost: 9045.757329	 Valid Acc: 0.6851538244425628 	Best Valid Acc: 0.715072
Epoch: 193 	Training Cost: 9039.773816	 Valid Acc: 0.6896697713801863 	Best Valid Acc: 0.715072
Epoch: 194 	Training Cost: 9031.986071	 Valid Acc: 0.6841659610499576 	Best Valid Acc: 0.715072
Epoch: 195 	Training Cost: 9028.046145	 Valid Acc: 0.6841659610499576 	Best Valid Acc: 0.715072
Epoch: 196 	Training Cost: 9018.491671	 Valid Acc: 0.6831780976573525 	Best Valid Acc: 0.715072
Epoch: 197 	Training Cost: 9011.562878	 Valid Acc: 0.6827547276319503 	Best Valid Acc: 0.715072
Epoch: 198 	Training Cost: 9009.049219	 Valid Acc: 0.6864239345187694 	Best Valid Acc: 0.715072
Epoch: 199 	Training Cost: 9005.733638	 Valid Acc: 0.6886819079875811 	Best Valid Acc: 0.715072
Epoch: 200 	Training Cost: 8996.511623	 Valid Acc: 0.6886819079875811 	Best Valid Acc: 0.715072
lr=3e-05, lamb=0.001, num_epoch=200, test_acc=0.6929156082416031
----------------------------------------------------------
lr=3e-05, lamb=0, best_valid_acc=([12862.906699180603, 11629.642251968384, 11494.663891851902, 11459.837942004204, 11442.492746412754, 11344.482936024666, 11138.45253676176, 10991.163887560368, 10836.043397784233, 10645.74435466528, 10481.191448807716, 10365.815997004509, 10283.953959047794, 10221.811764776707, 10171.515736699104, 10129.967709809542, 10094.68930837512, 10064.579853206873, 10038.138260394335, 10014.70511636138, 9993.349721372128, 9973.918704807758, 9955.394679158926, 9937.689339846373, 9921.019466519356, 9904.294267237186, 9888.030563816428, 9872.019367903471, 9856.42116677761, 9840.634483546019, 9824.71987067163, 9808.712334394455, 9792.487662374973, 9775.585163995624, 9758.21726217866, 9739.81045846641, 9721.300735667348, 9702.406071573496, 9680.868112102151, 9659.857706800103, 9636.946207433939, 9615.57995031774, 9593.24057431519, 9570.179082125425, 9550.140816047788, 9528.540218293667, 9508.273578807712, 9487.289807900786, 9467.114028587937, 9446.771427154541, 9425.425962604582, 9404.606264404953, 9381.311757601798, 9360.88097460568, 9337.172766759992, 9314.317687772214, 9290.380027525127, 9270.281572207808, 9251.269104786217, 9227.86265002191, 9210.11510258913, 9189.269717499614, 9164.173437669873, 9142.05163308233, 9120.998198233545, 9102.425582587719, 9088.621293641627, 9068.468909867108, 9048.990684971213, 9027.436358466744, 9017.617555260658, 8997.59874729067, 8971.960781753063, 8955.137764111161, 8936.409355185926, 8924.58133789897, 8913.095305621624, 8896.778767324984, 8887.417927108705, 8863.113092243671, 8840.968118570745, 8824.78681230545, 8801.64950934425, 8781.241615545005, 8761.994304701686, 8753.67270153761, 8737.86721868813, 8725.416250400245, 8712.808308750391, 8688.916514655575, 8672.03514130786, 8657.481527540833, 8647.188156627119, 8629.556442361325, 8613.374194506556, 8588.08352541551, 8569.439968490973, 8555.23283953406, 8534.884863544255, 8525.121035274118, 8507.494389627129, 8510.1402130723, 8491.084793701768, 8469.647577444091, 8449.161432625726, 8438.19272075966, 8408.823875997216, 8396.823479132727, 8372.804512940347, 8369.787813268602, 8343.13274197653, 8323.809795210138, 8307.297996202484, 8297.129522635601, 8267.034393158741, 8275.367490610108, 8249.027531924658, 8215.94277210161, 8204.441670555621, 8183.915126469918, 8173.541927290149, 8152.084634441882, 8119.621880167164, 8113.637793191709, 8083.824342824519, 8069.341370364651, 8031.810803401284, 8014.026699742302, 7989.7357300091535, 7963.828136656433, 7930.888907870278, 7914.904840594158, 7910.969379961491, 7879.076621590182, 7830.122769419104, 7787.302160042338, 7794.215573383495, 7749.612013542093, 7698.842903182376, 7682.482546322979, 7639.893105045892, 7591.333722680807, 7582.138050071895, 7545.442014431581, 7501.366367079318, 7464.741444840096, 7425.314607553184, 7396.465694461949, 7372.089865549002, 7338.3777510579675, 7312.807092574425, 7274.403565586545, 7255.2931043936405, 7220.6680755559355, 7178.986483324319, 7149.628206692636, 7127.50819872506, 7101.464454026194, 7057.281242960133, 7029.881858831737, 7018.091254378203, 6996.4422568734735, 6948.836598192807, 6920.280573953874, 6873.007417019224, 6870.714871912496, 6824.7712885873625, 6794.023049187381, 6788.289351115702, 6742.776426633354, 6717.881003226619, 6687.690319355752, 6670.571620732022, 6627.717706599564, 6618.377108318964, 6579.605253811169, 6554.630430529651, 6532.669770643348, 6503.226819450676, 6489.512641207431, 6478.885521418997, 6436.717299647193, 6429.522453574231, 6399.391075463849, 6384.819527286891, 6352.259776769788, 6321.041264500411, 6311.3375142887235, 6284.665311420889, 6261.714759686962, 6228.394444730424, 6217.676546489325, 6204.79662867391, 6144.426596044708, 6165.138969971071, 6124.426494578831, 6110.0014568788465, 6092.061605028677, 6050.016579958785, 6058.009659359304], [0.6752751905165114, 0.6827547276319503, 0.6833192209991532, 0.6824724809483489, 0.6824724809483489, 0.6838837143663562, 0.6804967541631386, 0.6852949477843635, 0.6922099915325995, 0.7006773920406435, 0.7032176121930568, 0.7074513124470787, 0.7087214225232854, 0.709427039232289, 0.7109793959920971, 0.7116850127011007, 0.7139429861699125, 0.7138018628281118, 0.7138018628281118, 0.7128139994355066, 0.7133784928027096, 0.7132373694609089, 0.713096246119108, 0.7132373694609089, 0.7133784928027096, 0.713660739486311, 0.7129551227773073, 0.7146486028789162, 0.7145074795371155, 0.7145074795371155, 0.7147897262207169, 0.7140841095117132, 0.7139429861699125, 0.7145074795371155, 0.7143663561953147, 0.7150719729043183, 0.714225232853514, 0.7140841095117132, 0.714225232853514, 0.7139429861699125, 0.7138018628281118, 0.7138018628281118, 0.7128139994355066, 0.7129551227773073, 0.7112616426756986, 0.7109793959920971, 0.7108382726502963, 0.7095681625740897, 0.709427039232289, 0.709991532599492, 0.7098504092576913, 0.7092859158904883, 0.7061812023708721, 0.7050522156364663, 0.7044877222692634, 0.7029353655094552, 0.7019475021168501, 0.7002540220152413, 0.7003951453570421, 0.6996895286480384, 0.6995484053062376, 0.6987016652554332, 0.698842788597234, 0.6994072819644369, 0.6989839119390348, 0.6974315551792266, 0.698278295230031, 0.6977138018628282, 0.6991250352808355, 0.6972904318374259, 0.6941857183178097, 0.6960203217612193, 0.6947502116850127, 0.6947502116850127, 0.6947502116850127, 0.6960203217612193, 0.6955969517358171, 0.6934801016088061, 0.6927744848998024, 0.694044594976009, 0.6941857183178097, 0.6913632514817951, 0.6900931414055885, 0.6874117979113745, 0.6883996613039797, 0.6883996613039797, 0.6879762912785775, 0.6902342647473892, 0.6879762912785775, 0.6922099915325995, 0.6909398814563928, 0.6933389782670054, 0.6933389782670054, 0.6943268416596104, 0.6927744848998024, 0.6939034716342083, 0.6944679650014113, 0.6958791984194186, 0.6948913350268134, 0.6954558283940163, 0.6974315551792266, 0.6998306519898391, 0.6965848151284222, 0.6978549252046289, 0.6955969517358171, 0.6971493084956252, 0.6937623482924076, 0.6950324583686142, 0.6944679650014113, 0.6963025684448207, 0.6943268416596104, 0.6927744848998024, 0.6923511148744003, 0.6909398814563928, 0.6913632514817951, 0.6913632514817951, 0.6895286480383855, 0.6902342647473892, 0.689810894721987, 0.6896697713801863, 0.6889641546711827, 0.6875529212531752, 0.6878351679367768, 0.6868473045441716, 0.6864239345187694, 0.6868473045441716, 0.6804967541631386, 0.6809201241885408, 0.6826136042901496, 0.6810612475303415, 0.6824724809483489, 0.6803556308213379, 0.679226644086932, 0.6748518204911093, 0.6793677674287327, 0.6779565340107254, 0.6773920406435224, 0.6804967541631386, 0.6785210273779283, 0.6775331639853232, 0.6761219305673158, 0.6756985605419137, 0.6724527236804968, 0.6687835167936776, 0.6672311600338696, 0.6709003669206887, 0.6669489133502682, 0.6658199266158623, 0.6646909398814564, 0.6655376799322608, 0.6692068868190799, 0.6690657634772792, 0.6625740897544454, 0.661727349703641, 0.6683601467682755, 0.6679367767428732, 0.6621507197290432, 0.668077900084674, 0.6649731865650579, 0.6677956534010725, 0.6666666666666666, 0.6625740897544454, 0.6686423934518769, 0.6601749929438329, 0.6673722833756703, 0.6655376799322608, 0.6672311600338696, 0.6669489133502682, 0.6662432966412645, 0.6666666666666666, 0.6718882303132938, 0.6673722833756703, 0.66539655659046, 0.6663844199830652, 0.6685012701100762, 0.6682190234264748, 0.6694891335026814, 0.6675134067174711, 0.6701947502116851, 0.6618684730454417, 0.6665255433248659, 0.6670900366920689, 0.6639853231724527, 0.6670900366920689, 0.6631385831216483, 0.6656788032740615, 0.6656788032740615, 0.6615862263618403, 0.6649731865650579, 0.6621507197290432, 0.6597516229184307, 0.6615862263618403, 0.6615862263618403, 0.6600338696020321, 0.6631385831216483, 0.6634208298052497, 0.6607394863110359, 0.6622918430708439, 0.659046006209427, 0.6589048828676263])
lr=3e-05, lamb=0.0001, best_valid_acc=([12918.665291070938, 11643.59389024973, 11512.280754208565, 11478.635330677032, 11464.844493627548, 11430.007485687733, 11259.441422820091, 11081.384179472923, 10879.571731746197, 10609.27294075489, 10438.916599154472, 10341.184626668692, 10275.30613219738, 10225.570395231247, 10185.964101165533, 10154.130267947912, 10127.042078524828, 10104.49019446969, 10084.839961439371, 10067.320044994354, 10051.623755156994, 10037.024541705847, 10023.82303404808, 10011.242962047458, 9999.229267835617, 9987.177145138383, 9975.515158966184, 9964.326795712113, 9952.76744146645, 9941.692754223943, 9931.076747521758, 9919.569255560637, 9908.608408018947, 9897.040831133723, 9885.249203175306, 9873.120459005237, 9861.079296663404, 9849.226430371404, 9836.91303128004, 9824.06500712037, 9811.266969367862, 9798.070799201727, 9785.350368395448, 9772.213623940945, 9757.370164200664, 9744.03573282063, 9729.307430744171, 9714.257878571749, 9697.207314565778, 9682.225454561412, 9663.330441102386, 9646.862790122628, 9628.903033927083, 9611.312272965908, 9595.205215640366, 9579.278432138264, 9563.815485835075, 9549.649461045861, 9532.975432619452, 9515.584129415452, 9500.667850546539, 9483.166655883193, 9464.810417741537, 9446.897446930408, 9435.109370596707, 9411.533338814974, 9391.519569016993, 9375.762939803302, 9354.727311998606, 9336.475726991892, 9318.107538878918, 9298.674116820097, 9283.465619623661, 9261.468307517469, 9245.986700966954, 9230.031259424984, 9211.056261114776, 9198.300995126367, 9179.734142243862, 9169.68241340667, 9153.893352918327, 9135.537197560072, 9122.406421020627, 9107.581999741495, 9097.315101660788, 9074.04029172659, 9058.502316191792, 9046.941868305206, 9027.37763633579, 9012.530814953148, 9001.795527555048, 8989.738760448992, 8981.852663584054, 8974.533011823893, 8960.83513481915, 8943.323856808245, 8927.125929541886, 8915.81779846549, 8905.399951964617, 8890.527195706964, 8874.25718082115, 8869.497767340392, 8855.56827390194, 8829.273055046797, 8819.760586246848, 8818.918329156935, 8810.365637376904, 8800.346135307103, 8779.34865167737, 8764.87324886769, 8761.088850546628, 8738.486578553915, 8729.079256311059, 8729.303895145655, 8698.498142167926, 8685.924003902823, 8676.271368846297, 8663.510994032025, 8649.175541207194, 8626.322459861636, 8612.625526413321, 8599.514896035194, 8593.023936733603, 8572.75481941551, 8542.940323874354, 8528.082322791219, 8527.99310720712, 8500.314326249063, 8493.994142498821, 8470.210097454488, 8450.22870761156, 8438.525531850755, 8434.83281199634, 8414.544119015336, 8411.236589469016, 8402.543220214546, 8368.924856424332, 8352.77074892819, 8347.453846916556, 8343.558279588819, 8330.44307724014, 8298.853843681514, 8286.114516787231, 8268.919498257339, 8253.588035285473, 8246.417107854038, 8238.981288865209, 8215.197078041732, 8188.668933704495, 8187.187767699361, 8158.547778967768, 8159.04606385529, 8143.854999668896, 8128.100234325975, 8108.582007035613, 8116.006263293326, 8070.2514300607145, 8045.926314163953, 8042.453052677214, 8044.023514941335, 8014.909740205854, 8024.669431295246, 7992.658050071448, 7964.2672629877925, 7935.392624899745, 7959.3437864258885, 7915.964654967189, 7892.95829629153, 7893.07353900373, 7892.724193818867, 7865.10177545622, 7834.167292840779, 7806.57071339339, 7815.593485198915, 7809.130706463009, 7768.013282645494, 7751.87542411685, 7728.363469265401, 7734.834316909313, 7722.912535060197, 7695.8907299004495, 7672.631446097046, 7644.725802123547, 7634.100826594979, 7614.334228191525, 7629.02350448072, 7589.064125798643, 7586.611861694604, 7548.074059225619, 7554.377487517893, 7535.175861932337, 7515.094202980399, 7516.0619408115745, 7478.753953106701, 7470.040902722627, 7461.344428751618, 7444.421894431114, 7432.593364793807, 7413.249293833971, 7408.112319145352], [0.6742873271239063, 0.6814846175557437, 0.6826136042901496, 0.6820491109229466, 0.6812023708721423, 0.6831780976573525, 0.68077900084674, 0.6841659610499576, 0.6964436917866215, 0.7047699689528648, 0.7026531188258538, 0.7061812023708721, 0.7075924357888794, 0.7090036692068868, 0.7098504092576913, 0.7112616426756986, 0.7122495060683037, 0.7129551227773073, 0.7132373694609089, 0.7135196161445103, 0.713660739486311, 0.713096246119108, 0.7123906294101044, 0.7122495060683037, 0.7123906294101044, 0.7135196161445103, 0.7145074795371155, 0.7140841095117132, 0.7133784928027096, 0.7132373694609089, 0.713096246119108, 0.713096246119108, 0.713096246119108, 0.7133784928027096, 0.7129551227773073, 0.7123906294101044, 0.7122495060683037, 0.7126728760937059, 0.7132373694609089, 0.7139429861699125, 0.713660739486311, 0.7133784928027096, 0.7135196161445103, 0.7149308495625176, 0.7133784928027096, 0.7132373694609089, 0.7129551227773073, 0.7123906294101044, 0.7122495060683037, 0.7132373694609089, 0.7118261360429015, 0.7106971493084956, 0.7114027660174993, 0.7097092859158904, 0.7090036692068868, 0.7084391758396839, 0.7091447925486876, 0.7084391758396839, 0.7066045723962744, 0.7074513124470787, 0.7063223257126728, 0.7070279424216765, 0.7070279424216765, 0.7067456957380751, 0.707310189105278, 0.7071690657634773, 0.7066045723962744, 0.7063223257126728, 0.70575783234547, 0.7040643522438611, 0.7044877222692634, 0.7032176121930568, 0.703076488851256, 0.7026531188258538, 0.7018063787750494, 0.7006773920406435, 0.7018063787750494, 0.7020886254586508, 0.7034998588766582, 0.7012418854078465, 0.7027942421676545, 0.7009596387242449, 0.7006773920406435, 0.7003951453570421, 0.6999717753316399, 0.7005362686988428, 0.7006773920406435, 0.6989839119390348, 0.6981371718882303, 0.6989839119390348, 0.6968670618120237, 0.6954558283940163, 0.6994072819644369, 0.6960203217612193, 0.6955969517358171, 0.6953147050522156, 0.6963025684448207, 0.6957380750776179, 0.6936212249506069, 0.6934801016088061, 0.6905165114309907, 0.6905165114309907, 0.6913632514817951, 0.6958791984194186, 0.691927744848998, 0.6989839119390348, 0.7013830087496472, 0.6992661586226362, 0.7002540220152413, 0.6999717753316399, 0.6992661586226362, 0.6991250352808355, 0.6978549252046289, 0.7003951453570421, 0.698842788597234, 0.7018063787750494, 0.6989839119390348, 0.6978549252046289, 0.7012418854078465, 0.6985605419136325, 0.7001128986734406, 0.6991250352808355, 0.7015241320914479, 0.6996895286480384, 0.6985605419136325, 0.7001128986734406, 0.6985605419136325, 0.6972904318374259, 0.6975726785210273, 0.6963025684448207, 0.696725938470223, 0.6963025684448207, 0.69616144510302, 0.6984194185718318, 0.6971493084956252, 0.6958791984194186, 0.6943268416596104, 0.6948913350268134, 0.6931978549252046, 0.6929156082416031, 0.6923511148744003, 0.6920688681907987, 0.6915043748235958, 0.6909398814563928, 0.69037538808919, 0.69037538808919, 0.6916454981653966, 0.6933389782670054, 0.6913632514817951, 0.6920688681907987, 0.6929156082416031, 0.6917866215071973, 0.6899520180637877, 0.6874117979113745, 0.6875529212531752, 0.688258537962179, 0.6912221281399944, 0.6909398814563928, 0.6892464013547841, 0.6869884278859724, 0.6872706745695738, 0.6868473045441716, 0.6878351679367768, 0.6878351679367768, 0.6885407846457804, 0.6857183178097658, 0.683460344340954, 0.6858594411515665, 0.6891052780129834, 0.6871295512277731, 0.6857183178097658, 0.6848715777589613, 0.6869884278859724, 0.6848715777589613, 0.6860005644933672, 0.6862828111769687, 0.6874117979113745, 0.6845893310753599, 0.6843070843917584, 0.6800733841377364, 0.6803556308213379, 0.6816257408975445, 0.6830369743155518, 0.682895850973751, 0.6806378775049393, 0.6824724809483489, 0.6766864239345187, 0.6824724809483489, 0.68077900084674, 0.6809201241885408, 0.6819079875811459, 0.6809201241885408, 0.6790855207451313, 0.6809201241885408, 0.6809201241885408, 0.6799322607959356, 0.6795088907705334, 0.6772509173017217, 0.6768275472763196, 0.6775331639853232])
lr=3e-05, lamb=0.001, best_valid_acc=([13182.679110765457, 11828.613260447979, 11673.691317558289, 11630.123062372208, 11608.714318931103, 11580.562267839909, 11478.796539485455, 11309.26659667492, 11184.542989253998, 11008.50712108612, 10773.19304138422, 10610.158094704151, 10510.453494369984, 10441.278856575489, 10389.35484880209, 10348.797216832638, 10316.34274584055, 10290.377711832523, 10268.863215863705, 10250.831122666597, 10235.591556847095, 10222.569052755833, 10211.167184948921, 10201.216405034065, 10192.410325139761, 10184.460726976395, 10177.356669336557, 10170.704456061125, 10164.64608952403, 10159.188195705414, 10154.006862312555, 10149.392000436783, 10145.013689428568, 10140.847487449646, 10137.111850500107, 10133.56616267562, 10130.097735732794, 10126.79593282938, 10123.719323307276, 10120.806887209415, 10117.990388959646, 10115.259415209293, 10112.594362318516, 10109.896146506071, 10107.234249293804, 10104.743616461754, 10102.29411533475, 10099.768944442272, 10097.300074011087, 10095.019281595945, 10092.54385983944, 10090.183630377054, 10087.879414081573, 10085.67656749487, 10083.465362370014, 10081.196460843086, 10078.85714673996, 10076.640137970448, 10074.411937713623, 10072.286248832941, 10070.03937087953, 10067.790831923485, 10065.525552928448, 10063.128788769245, 10060.937524288893, 10058.64200860262, 10056.308350265026, 10054.005059957504, 10051.796520411968, 10049.47342851758, 10047.218701332808, 10044.688478022814, 10042.43069191277, 10039.839516699314, 10037.35922819376, 10034.853172168136, 10032.292057543993, 10029.528061300516, 10026.676996946335, 10023.427383065224, 10020.44684356451, 10017.004683583975, 10013.699603766203, 10010.204267978668, 10006.283578932285, 10002.573007822037, 9997.937353730202, 9993.856413245201, 9989.024655684829, 9984.390736460686, 9979.061235815287, 9973.724025160074, 9967.879486232996, 9962.109076559544, 9956.396847337484, 9949.888385772705, 9942.768366932869, 9936.229006886482, 9929.209672421217, 9922.589120358229, 9915.294618695974, 9908.175724327564, 9900.93677854538, 9894.311780363321, 9886.477033734322, 9879.7034355402, 9871.90501730144, 9863.705426901579, 9855.6551271379, 9846.873608797789, 9837.413156598806, 9827.433482512832, 9817.691034466028, 9806.159570366144, 9795.875115007162, 9785.720762968063, 9775.515545159578, 9766.185748964548, 9757.338023126125, 9748.220019996166, 9739.666188374162, 9731.750531360507, 9723.257825642824, 9714.90370696783, 9708.113687098026, 9699.576741993427, 9690.754983142018, 9683.623683035374, 9675.241840720177, 9666.61309531331, 9658.77537214756, 9650.205362156034, 9640.439785823226, 9631.426244586706, 9622.123501420021, 9612.202524006367, 9601.402609929442, 9590.731792658567, 9579.90470597148, 9567.65944430232, 9555.260312080383, 9543.703129589558, 9530.636066123843, 9517.706154093146, 9504.878573089838, 9492.2278021276, 9479.421077430248, 9466.656859099865, 9454.627321600914, 9442.942821875215, 9428.772403761744, 9417.341906324029, 9405.207365095615, 9395.275797873735, 9384.063194930553, 9371.892817854881, 9361.12104959786, 9350.847926944494, 9342.264453053474, 9331.15142081678, 9317.971763074398, 9309.090066045523, 9297.903367817402, 9290.29928034544, 9276.619277998805, 9267.340874373913, 9257.509512096643, 9245.5007340312, 9239.087210282683, 9230.888349756598, 9218.451361760497, 9209.758895128965, 9198.886747479439, 9190.941284656525, 9184.696280434728, 9172.113142058253, 9161.822879135609, 9157.141349837184, 9146.28197157383, 9139.51117824018, 9134.168571338058, 9125.159883320332, 9115.566085994244, 9104.300137743354, 9099.315848857164, 9089.505983442068, 9078.284296095371, 9072.06486414373, 9070.047442615032, 9064.798978552222, 9052.707002699375, 9045.75732910633, 9039.773816004395, 9031.986071228981, 9028.046144634485, 9018.491671279073, 9011.562878191471, 9009.049218863249, 9005.733638450503, 8996.511622563004], [0.6713237369460909, 0.6831780976573525, 0.6847304544171606, 0.6838837143663562, 0.6841659610499576, 0.6851538244425628, 0.6806378775049393, 0.6814846175557437, 0.6845893310753599, 0.6975726785210273, 0.7034998588766582, 0.7047699689528648, 0.7071690657634773, 0.7075924357888794, 0.7088625458650861, 0.7114027660174993, 0.7116850127011007, 0.7129551227773073, 0.7128139994355066, 0.714225232853514, 0.7140841095117132, 0.7138018628281118, 0.7129551227773073, 0.712108382726503, 0.7123906294101044, 0.7129551227773073, 0.7133784928027096, 0.7135196161445103, 0.713660739486311, 0.713096246119108, 0.7132373694609089, 0.713096246119108, 0.7132373694609089, 0.7135196161445103, 0.7138018628281118, 0.7139429861699125, 0.7135196161445103, 0.713660739486311, 0.7138018628281118, 0.7138018628281118, 0.7139429861699125, 0.713660739486311, 0.7143663561953147, 0.7145074795371155, 0.7146486028789162, 0.7147897262207169, 0.7146486028789162, 0.7145074795371155, 0.7150719729043183, 0.7149308495625176, 0.7147897262207169, 0.7150719729043183, 0.7147897262207169, 0.7145074795371155, 0.7143663561953147, 0.714225232853514, 0.714225232853514, 0.7146486028789162, 0.7140841095117132, 0.7139429861699125, 0.713660739486311, 0.7138018628281118, 0.7139429861699125, 0.7135196161445103, 0.713660739486311, 0.713660739486311, 0.713660739486311, 0.713660739486311, 0.7133784928027096, 0.7133784928027096, 0.714225232853514, 0.714225232853514, 0.7140841095117132, 0.714225232853514, 0.7143663561953147, 0.7140841095117132, 0.7140841095117132, 0.7135196161445103, 0.7145074795371155, 0.7147897262207169, 0.7140841095117132, 0.714225232853514, 0.7140841095117132, 0.7143663561953147, 0.714225232853514, 0.7140841095117132, 0.713660739486311, 0.7135196161445103, 0.713660739486311, 0.7132373694609089, 0.7133784928027096, 0.713660739486311, 0.7139429861699125, 0.7139429861699125, 0.7132373694609089, 0.7132373694609089, 0.713660739486311, 0.7139429861699125, 0.7132373694609089, 0.7132373694609089, 0.713096246119108, 0.7128139994355066, 0.7119672593847022, 0.7112616426756986, 0.7111205193338979, 0.7111205193338979, 0.7111205193338979, 0.7118261360429015, 0.712108382726503, 0.7114027660174993, 0.7118261360429015, 0.712108382726503, 0.712108382726503, 0.7119672593847022, 0.7115438893593, 0.7111205193338979, 0.7111205193338979, 0.7114027660174993, 0.7105560259666949, 0.7108382726502963, 0.7102737792830934, 0.709427039232289, 0.7091447925486876, 0.7097092859158904, 0.7102737792830934, 0.7108382726502963, 0.709991532599492, 0.7104149026248942, 0.7098504092576913, 0.7105560259666949, 0.7102737792830934, 0.709991532599492, 0.709991532599492, 0.7084391758396839, 0.7087214225232854, 0.7077335591306803, 0.7074513124470787, 0.7061812023708721, 0.7068868190798758, 0.7066045723962744, 0.7067456957380751, 0.7064634490544736, 0.7061812023708721, 0.7053344623200677, 0.7047699689528648, 0.7053344623200677, 0.7075924357888794, 0.7063223257126728, 0.7070279424216765, 0.7063223257126728, 0.7050522156364663, 0.7058989556872707, 0.70575783234547, 0.7050522156364663, 0.7036409822184589, 0.7013830087496472, 0.7016652554332486, 0.7011007620660458, 0.7019475021168501, 0.7012418854078465, 0.7018063787750494, 0.7019475021168501, 0.7009596387242449, 0.7011007620660458, 0.7011007620660458, 0.7008185153824442, 0.6998306519898391, 0.7002540220152413, 0.7003951453570421, 0.7003951453570421, 0.698842788597234, 0.6999717753316399, 0.6985605419136325, 0.6996895286480384, 0.6994072819644369, 0.6984194185718318, 0.6987016652554332, 0.6950324583686142, 0.6944679650014113, 0.6970081851538245, 0.6964436917866215, 0.69616144510302, 0.6968670618120237, 0.6979960485464296, 0.6941857183178097, 0.6939034716342083, 0.6936212249506069, 0.6927744848998024, 0.6910810047981937, 0.6909398814563928, 0.6893875246965848, 0.6851538244425628, 0.6896697713801863, 0.6841659610499576, 0.6841659610499576, 0.6831780976573525, 0.6827547276319503, 0.6864239345187694, 0.6886819079875811, 0.6886819079875811])
