nn4.py, Model=900, 256, 128, 64
Tuning process for lr=1e-05
----------------------------------------------------------
lr=1e-05, lamb=0, num_epoch=200
Epoch: 1 	Training Cost: 13822.842103	 Valid Acc: 0.6305390911656789 	Best Valid Acc: 0.630539
Epoch: 2 	Training Cost: 12687.379448	 Valid Acc: 0.6685012701100762 	Best Valid Acc: 0.668501
Epoch: 3 	Training Cost: 11962.020108	 Valid Acc: 0.6740050804403048 	Best Valid Acc: 0.674005
Epoch: 4 	Training Cost: 11692.565187	 Valid Acc: 0.6768275472763196 	Best Valid Acc: 0.676828
Epoch: 5 	Training Cost: 11570.230599	 Valid Acc: 0.68077900084674 	Best Valid Acc: 0.680779
Epoch: 6 	Training Cost: 11503.998861	 Valid Acc: 0.6793677674287327 	Best Valid Acc: 0.680779
Epoch: 7 	Training Cost: 11464.886297	 Valid Acc: 0.6821902342647473 	Best Valid Acc: 0.682190
Epoch: 8 	Training Cost: 11440.607395	 Valid Acc: 0.6827547276319503 	Best Valid Acc: 0.682755
Epoch: 9 	Training Cost: 11425.040978	 Valid Acc: 0.682895850973751 	Best Valid Acc: 0.682896
Epoch: 10 	Training Cost: 11414.782803	 Valid Acc: 0.6826136042901496 	Best Valid Acc: 0.682896
Epoch: 11 	Training Cost: 11407.818446	 Valid Acc: 0.6830369743155518 	Best Valid Acc: 0.683037
Epoch: 12 	Training Cost: 11402.819686	 Valid Acc: 0.6830369743155518 	Best Valid Acc: 0.683037
Epoch: 13 	Training Cost: 11398.589660	 Valid Acc: 0.6826136042901496 	Best Valid Acc: 0.683037
Epoch: 14 	Training Cost: 11392.692894	 Valid Acc: 0.6826136042901496 	Best Valid Acc: 0.683037
Epoch: 15 	Training Cost: 11379.260876	 Valid Acc: 0.6830369743155518 	Best Valid Acc: 0.683037
Epoch: 16 	Training Cost: 11349.364841	 Valid Acc: 0.682895850973751 	Best Valid Acc: 0.683037
Epoch: 17 	Training Cost: 11298.236990	 Valid Acc: 0.6848715777589613 	Best Valid Acc: 0.684872
Epoch: 18 	Training Cost: 11231.423186	 Valid Acc: 0.6817668642393452 	Best Valid Acc: 0.684872
Epoch: 19 	Training Cost: 11159.891127	 Valid Acc: 0.6824724809483489 	Best Valid Acc: 0.684872
Epoch: 20 	Training Cost: 11093.881191	 Valid Acc: 0.6824724809483489 	Best Valid Acc: 0.684872
Epoch: 21 	Training Cost: 11035.746018	 Valid Acc: 0.6840248377081569 	Best Valid Acc: 0.684872
Epoch: 22 	Training Cost: 10984.107190	 Valid Acc: 0.6843070843917584 	Best Valid Acc: 0.684872
Epoch: 23 	Training Cost: 10936.015807	 Valid Acc: 0.6861416878351679 	Best Valid Acc: 0.686142
Epoch: 24 	Training Cost: 10887.045576	 Valid Acc: 0.6874117979113745 	Best Valid Acc: 0.687412
Epoch: 25 	Training Cost: 10834.004650	 Valid Acc: 0.6905165114309907 	Best Valid Acc: 0.690517
Epoch: 26 	Training Cost: 10775.694877	 Valid Acc: 0.6920688681907987 	Best Valid Acc: 0.692069
Epoch: 27 	Training Cost: 10711.849688	 Valid Acc: 0.6960203217612193 	Best Valid Acc: 0.696020
Epoch: 28 	Training Cost: 10643.841547	 Valid Acc: 0.6984194185718318 	Best Valid Acc: 0.698419
Epoch: 29 	Training Cost: 10575.688656	 Valid Acc: 0.6992661586226362 	Best Valid Acc: 0.699266
Epoch: 30 	Training Cost: 10510.479587	 Valid Acc: 0.6975726785210273 	Best Valid Acc: 0.699266
Epoch: 31 	Training Cost: 10450.907481	 Valid Acc: 0.6998306519898391 	Best Valid Acc: 0.699831
Epoch: 32 	Training Cost: 10397.576307	 Valid Acc: 0.7034998588766582 	Best Valid Acc: 0.703500
Epoch: 33 	Training Cost: 10350.384090	 Valid Acc: 0.7046288456110641 	Best Valid Acc: 0.704629
Epoch: 34 	Training Cost: 10308.752177	 Valid Acc: 0.7046288456110641 	Best Valid Acc: 0.704629
Epoch: 35 	Training Cost: 10272.082656	 Valid Acc: 0.7053344623200677 	Best Valid Acc: 0.705334
Epoch: 36 	Training Cost: 10239.193751	 Valid Acc: 0.7049110922946655 	Best Valid Acc: 0.705334
Epoch: 37 	Training Cost: 10209.804923	 Valid Acc: 0.7060400790290714 	Best Valid Acc: 0.706040
Epoch: 38 	Training Cost: 10183.372568	 Valid Acc: 0.7070279424216765 	Best Valid Acc: 0.707028
Epoch: 39 	Training Cost: 10159.252183	 Valid Acc: 0.7071690657634773 	Best Valid Acc: 0.707169
Epoch: 40 	Training Cost: 10137.379250	 Valid Acc: 0.7074513124470787 	Best Valid Acc: 0.707451
Epoch: 41 	Training Cost: 10117.401370	 Valid Acc: 0.7080158058142817 	Best Valid Acc: 0.708016
Epoch: 42 	Training Cost: 10099.008662	 Valid Acc: 0.7080158058142817 	Best Valid Acc: 0.708016
Epoch: 43 	Training Cost: 10082.047971	 Valid Acc: 0.7090036692068868 	Best Valid Acc: 0.709004
Epoch: 44 	Training Cost: 10066.431798	 Valid Acc: 0.7104149026248942 	Best Valid Acc: 0.710415
Epoch: 45 	Training Cost: 10052.018136	 Valid Acc: 0.7101326559412927 	Best Valid Acc: 0.710415
Epoch: 46 	Training Cost: 10038.605699	 Valid Acc: 0.7102737792830934 	Best Valid Acc: 0.710415
Epoch: 47 	Training Cost: 10026.094844	 Valid Acc: 0.7098504092576913 	Best Valid Acc: 0.710415
Epoch: 48 	Training Cost: 10014.422881	 Valid Acc: 0.7101326559412927 	Best Valid Acc: 0.710415
Epoch: 49 	Training Cost: 10003.564258	 Valid Acc: 0.712108382726503 	Best Valid Acc: 0.712108
Epoch: 50 	Training Cost: 9993.302236	 Valid Acc: 0.7129551227773073 	Best Valid Acc: 0.712955
Epoch: 51 	Training Cost: 9983.611970	 Valid Acc: 0.7126728760937059 	Best Valid Acc: 0.712955
Epoch: 52 	Training Cost: 9974.509107	 Valid Acc: 0.7123906294101044 	Best Valid Acc: 0.712955
Epoch: 53 	Training Cost: 9965.915574	 Valid Acc: 0.7119672593847022 	Best Valid Acc: 0.712955
Epoch: 54 	Training Cost: 9957.707845	 Valid Acc: 0.7111205193338979 	Best Valid Acc: 0.712955
Epoch: 55 	Training Cost: 9949.846545	 Valid Acc: 0.7111205193338979 	Best Valid Acc: 0.712955
Epoch: 56 	Training Cost: 9942.219576	 Valid Acc: 0.7112616426756986 	Best Valid Acc: 0.712955
Epoch: 57 	Training Cost: 9934.968861	 Valid Acc: 0.7108382726502963 	Best Valid Acc: 0.712955
Epoch: 58 	Training Cost: 9927.913257	 Valid Acc: 0.7114027660174993 	Best Valid Acc: 0.712955
Epoch: 59 	Training Cost: 9921.159216	 Valid Acc: 0.7114027660174993 	Best Valid Acc: 0.712955
Epoch: 60 	Training Cost: 9914.650970	 Valid Acc: 0.7111205193338979 	Best Valid Acc: 0.712955
Epoch: 61 	Training Cost: 9908.291850	 Valid Acc: 0.7112616426756986 	Best Valid Acc: 0.712955
Epoch: 62 	Training Cost: 9902.127649	 Valid Acc: 0.7118261360429015 	Best Valid Acc: 0.712955
Epoch: 63 	Training Cost: 9896.186418	 Valid Acc: 0.712108382726503 	Best Valid Acc: 0.712955
Epoch: 64 	Training Cost: 9890.153096	 Valid Acc: 0.7123906294101044 	Best Valid Acc: 0.712955
Epoch: 65 	Training Cost: 9884.420953	 Valid Acc: 0.712108382726503 	Best Valid Acc: 0.712955
Epoch: 66 	Training Cost: 9878.899038	 Valid Acc: 0.7114027660174993 	Best Valid Acc: 0.712955
Epoch: 67 	Training Cost: 9873.292808	 Valid Acc: 0.7115438893593 	Best Valid Acc: 0.712955
Epoch: 68 	Training Cost: 9867.926221	 Valid Acc: 0.7108382726502963 	Best Valid Acc: 0.712955
Epoch: 69 	Training Cost: 9862.555953	 Valid Acc: 0.7109793959920971 	Best Valid Acc: 0.712955
Epoch: 70 	Training Cost: 9857.356883	 Valid Acc: 0.7105560259666949 	Best Valid Acc: 0.712955
Epoch: 71 	Training Cost: 9852.346119	 Valid Acc: 0.709991532599492 	Best Valid Acc: 0.712955
Epoch: 72 	Training Cost: 9847.409545	 Valid Acc: 0.7101326559412927 	Best Valid Acc: 0.712955
Epoch: 73 	Training Cost: 9842.357458	 Valid Acc: 0.7106971493084956 	Best Valid Acc: 0.712955
Epoch: 74 	Training Cost: 9837.450192	 Valid Acc: 0.7108382726502963 	Best Valid Acc: 0.712955
Epoch: 75 	Training Cost: 9832.585596	 Valid Acc: 0.7109793959920971 	Best Valid Acc: 0.712955
Epoch: 76 	Training Cost: 9827.872821	 Valid Acc: 0.7118261360429015 	Best Valid Acc: 0.712955
Epoch: 77 	Training Cost: 9823.050898	 Valid Acc: 0.7119672593847022 	Best Valid Acc: 0.712955
Epoch: 78 	Training Cost: 9818.402959	 Valid Acc: 0.7119672593847022 	Best Valid Acc: 0.712955
Epoch: 79 	Training Cost: 9813.744163	 Valid Acc: 0.7115438893593 	Best Valid Acc: 0.712955
Epoch: 80 	Training Cost: 9809.054978	 Valid Acc: 0.7111205193338979 	Best Valid Acc: 0.712955
Epoch: 81 	Training Cost: 9804.456088	 Valid Acc: 0.7114027660174993 	Best Valid Acc: 0.712955
Epoch: 82 	Training Cost: 9799.944563	 Valid Acc: 0.7109793959920971 	Best Valid Acc: 0.712955
Epoch: 83 	Training Cost: 9795.302840	 Valid Acc: 0.7111205193338979 	Best Valid Acc: 0.712955
Epoch: 84 	Training Cost: 9790.752449	 Valid Acc: 0.7112616426756986 	Best Valid Acc: 0.712955
Epoch: 85 	Training Cost: 9786.303859	 Valid Acc: 0.7109793959920971 	Best Valid Acc: 0.712955
Epoch: 86 	Training Cost: 9781.693914	 Valid Acc: 0.7114027660174993 	Best Valid Acc: 0.712955
Epoch: 87 	Training Cost: 9777.166716	 Valid Acc: 0.7112616426756986 	Best Valid Acc: 0.712955
Epoch: 88 	Training Cost: 9772.728208	 Valid Acc: 0.7123906294101044 	Best Valid Acc: 0.712955
Epoch: 89 	Training Cost: 9768.127649	 Valid Acc: 0.7119672593847022 	Best Valid Acc: 0.712955
Epoch: 90 	Training Cost: 9763.646568	 Valid Acc: 0.7118261360429015 	Best Valid Acc: 0.712955
Epoch: 91 	Training Cost: 9759.037775	 Valid Acc: 0.7114027660174993 	Best Valid Acc: 0.712955
Epoch: 92 	Training Cost: 9754.604266	 Valid Acc: 0.7112616426756986 	Best Valid Acc: 0.712955
Epoch: 93 	Training Cost: 9750.096196	 Valid Acc: 0.7106971493084956 	Best Valid Acc: 0.712955
Epoch: 94 	Training Cost: 9745.568624	 Valid Acc: 0.7105560259666949 	Best Valid Acc: 0.712955
Epoch: 95 	Training Cost: 9741.083455	 Valid Acc: 0.7109793959920971 	Best Valid Acc: 0.712955
Epoch: 96 	Training Cost: 9736.709681	 Valid Acc: 0.7108382726502963 	Best Valid Acc: 0.712955
Epoch: 97 	Training Cost: 9732.288841	 Valid Acc: 0.7114027660174993 	Best Valid Acc: 0.712955
Epoch: 98 	Training Cost: 9727.766003	 Valid Acc: 0.7116850127011007 	Best Valid Acc: 0.712955
Epoch: 99 	Training Cost: 9723.344686	 Valid Acc: 0.7114027660174993 	Best Valid Acc: 0.712955
Epoch: 100 	Training Cost: 9718.756609	 Valid Acc: 0.7114027660174993 	Best Valid Acc: 0.712955
Epoch: 101 	Training Cost: 9714.123476	 Valid Acc: 0.7122495060683037 	Best Valid Acc: 0.712955
Epoch: 102 	Training Cost: 9709.636917	 Valid Acc: 0.7128139994355066 	Best Valid Acc: 0.712955
Epoch: 103 	Training Cost: 9704.871504	 Valid Acc: 0.7129551227773073 	Best Valid Acc: 0.712955
Epoch: 104 	Training Cost: 9700.299083	 Valid Acc: 0.7126728760937059 	Best Valid Acc: 0.712955
Epoch: 105 	Training Cost: 9695.626911	 Valid Acc: 0.7126728760937059 	Best Valid Acc: 0.712955
Epoch: 106 	Training Cost: 9691.065872	 Valid Acc: 0.7122495060683037 	Best Valid Acc: 0.712955
Epoch: 107 	Training Cost: 9686.259228	 Valid Acc: 0.7126728760937059 	Best Valid Acc: 0.712955
Epoch: 108 	Training Cost: 9681.759715	 Valid Acc: 0.713096246119108 	Best Valid Acc: 0.713096
Epoch: 109 	Training Cost: 9676.987770	 Valid Acc: 0.7125317527519052 	Best Valid Acc: 0.713096
Epoch: 110 	Training Cost: 9672.229067	 Valid Acc: 0.713096246119108 	Best Valid Acc: 0.713096
Epoch: 111 	Training Cost: 9667.391170	 Valid Acc: 0.713096246119108 	Best Valid Acc: 0.713096
Epoch: 112 	Training Cost: 9662.757888	 Valid Acc: 0.713096246119108 	Best Valid Acc: 0.713096
Epoch: 113 	Training Cost: 9657.947645	 Valid Acc: 0.7133784928027096 	Best Valid Acc: 0.713378
Epoch: 114 	Training Cost: 9653.005039	 Valid Acc: 0.713096246119108 	Best Valid Acc: 0.713378
Epoch: 115 	Training Cost: 9648.107381	 Valid Acc: 0.7129551227773073 	Best Valid Acc: 0.713378
Epoch: 116 	Training Cost: 9643.279439	 Valid Acc: 0.713096246119108 	Best Valid Acc: 0.713378
Epoch: 117 	Training Cost: 9638.161344	 Valid Acc: 0.713096246119108 	Best Valid Acc: 0.713378
Epoch: 118 	Training Cost: 9633.261593	 Valid Acc: 0.7132373694609089 	Best Valid Acc: 0.713378
Epoch: 119 	Training Cost: 9628.091696	 Valid Acc: 0.7132373694609089 	Best Valid Acc: 0.713378
Epoch: 120 	Training Cost: 9623.028700	 Valid Acc: 0.713096246119108 	Best Valid Acc: 0.713378
Epoch: 121 	Training Cost: 9617.780763	 Valid Acc: 0.713096246119108 	Best Valid Acc: 0.713378
Epoch: 122 	Training Cost: 9612.599066	 Valid Acc: 0.713660739486311 	Best Valid Acc: 0.713661
Epoch: 123 	Training Cost: 9607.124885	 Valid Acc: 0.7132373694609089 	Best Valid Acc: 0.713661
Epoch: 124 	Training Cost: 9601.516555	 Valid Acc: 0.714225232853514 	Best Valid Acc: 0.714225
Epoch: 125 	Training Cost: 9596.064938	 Valid Acc: 0.7139429861699125 	Best Valid Acc: 0.714225
Epoch: 126 	Training Cost: 9590.219579	 Valid Acc: 0.7133784928027096 	Best Valid Acc: 0.714225
Epoch: 127 	Training Cost: 9584.408233	 Valid Acc: 0.713660739486311 	Best Valid Acc: 0.714225
Epoch: 128 	Training Cost: 9578.329285	 Valid Acc: 0.714225232853514 	Best Valid Acc: 0.714225
Epoch: 129 	Training Cost: 9572.166594	 Valid Acc: 0.7143663561953147 	Best Valid Acc: 0.714366
Epoch: 130 	Training Cost: 9565.839128	 Valid Acc: 0.7147897262207169 	Best Valid Acc: 0.714790
Epoch: 131 	Training Cost: 9559.381191	 Valid Acc: 0.7143663561953147 	Best Valid Acc: 0.714790
Epoch: 132 	Training Cost: 9552.821846	 Valid Acc: 0.7140841095117132 	Best Valid Acc: 0.714790
Epoch: 133 	Training Cost: 9545.945476	 Valid Acc: 0.7145074795371155 	Best Valid Acc: 0.714790
Epoch: 134 	Training Cost: 9538.931373	 Valid Acc: 0.7138018628281118 	Best Valid Acc: 0.714790
Epoch: 135 	Training Cost: 9531.918118	 Valid Acc: 0.713660739486311 	Best Valid Acc: 0.714790
Epoch: 136 	Training Cost: 9524.912713	 Valid Acc: 0.7126728760937059 	Best Valid Acc: 0.714790
Epoch: 137 	Training Cost: 9517.492068	 Valid Acc: 0.7118261360429015 	Best Valid Acc: 0.714790
Epoch: 138 	Training Cost: 9510.116303	 Valid Acc: 0.7129551227773073 	Best Valid Acc: 0.714790
Epoch: 139 	Training Cost: 9502.407544	 Valid Acc: 0.7129551227773073 	Best Valid Acc: 0.714790
Epoch: 140 	Training Cost: 9494.542460	 Valid Acc: 0.7125317527519052 	Best Valid Acc: 0.714790
Epoch: 141 	Training Cost: 9487.164555	 Valid Acc: 0.7128139994355066 	Best Valid Acc: 0.714790
Epoch: 142 	Training Cost: 9479.316985	 Valid Acc: 0.7128139994355066 	Best Valid Acc: 0.714790
Epoch: 143 	Training Cost: 9471.585120	 Valid Acc: 0.7126728760937059 	Best Valid Acc: 0.714790
Epoch: 144 	Training Cost: 9464.034575	 Valid Acc: 0.7125317527519052 	Best Valid Acc: 0.714790
Epoch: 145 	Training Cost: 9456.495643	 Valid Acc: 0.7126728760937059 	Best Valid Acc: 0.714790
Epoch: 146 	Training Cost: 9448.651324	 Valid Acc: 0.7129551227773073 	Best Valid Acc: 0.714790
Epoch: 147 	Training Cost: 9441.316914	 Valid Acc: 0.7132373694609089 	Best Valid Acc: 0.714790
Epoch: 148 	Training Cost: 9433.610565	 Valid Acc: 0.7123906294101044 	Best Valid Acc: 0.714790
Epoch: 149 	Training Cost: 9426.370064	 Valid Acc: 0.7119672593847022 	Best Valid Acc: 0.714790
Epoch: 150 	Training Cost: 9418.631113	 Valid Acc: 0.7122495060683037 	Best Valid Acc: 0.714790
Epoch: 151 	Training Cost: 9410.995225	 Valid Acc: 0.7128139994355066 	Best Valid Acc: 0.714790
Epoch: 152 	Training Cost: 9403.671558	 Valid Acc: 0.7122495060683037 	Best Valid Acc: 0.714790
Epoch: 153 	Training Cost: 9396.021385	 Valid Acc: 0.7123906294101044 	Best Valid Acc: 0.714790
Epoch: 154 	Training Cost: 9388.545446	 Valid Acc: 0.7118261360429015 	Best Valid Acc: 0.714790
Epoch: 155 	Training Cost: 9380.996259	 Valid Acc: 0.7115438893593 	Best Valid Acc: 0.714790
Epoch: 156 	Training Cost: 9373.476857	 Valid Acc: 0.7115438893593 	Best Valid Acc: 0.714790
Epoch: 157 	Training Cost: 9366.084179	 Valid Acc: 0.7112616426756986 	Best Valid Acc: 0.714790
Epoch: 158 	Training Cost: 9358.340758	 Valid Acc: 0.7105560259666949 	Best Valid Acc: 0.714790
Epoch: 159 	Training Cost: 9350.750859	 Valid Acc: 0.7112616426756986 	Best Valid Acc: 0.714790
Epoch: 160 	Training Cost: 9342.975625	 Valid Acc: 0.7111205193338979 	Best Valid Acc: 0.714790
Epoch: 161 	Training Cost: 9335.061236	 Valid Acc: 0.7115438893593 	Best Valid Acc: 0.714790
Epoch: 162 	Training Cost: 9326.992483	 Valid Acc: 0.7104149026248942 	Best Valid Acc: 0.714790
Epoch: 163 	Training Cost: 9318.635873	 Valid Acc: 0.7106971493084956 	Best Valid Acc: 0.714790
Epoch: 164 	Training Cost: 9310.018879	 Valid Acc: 0.7108382726502963 	Best Valid Acc: 0.714790
Epoch: 165 	Training Cost: 9301.638920	 Valid Acc: 0.7109793959920971 	Best Valid Acc: 0.714790
Epoch: 166 	Training Cost: 9293.362452	 Valid Acc: 0.709991532599492 	Best Valid Acc: 0.714790
Epoch: 167 	Training Cost: 9285.030813	 Valid Acc: 0.7095681625740897 	Best Valid Acc: 0.714790
Epoch: 168 	Training Cost: 9276.687478	 Valid Acc: 0.7092859158904883 	Best Valid Acc: 0.714790
Epoch: 169 	Training Cost: 9268.291744	 Valid Acc: 0.7091447925486876 	Best Valid Acc: 0.714790
Epoch: 170 	Training Cost: 9259.457563	 Valid Acc: 0.7087214225232854 	Best Valid Acc: 0.714790
Epoch: 171 	Training Cost: 9251.299100	 Valid Acc: 0.7084391758396839 	Best Valid Acc: 0.714790
Epoch: 172 	Training Cost: 9242.645516	 Valid Acc: 0.7091447925486876 	Best Valid Acc: 0.714790
Epoch: 173 	Training Cost: 9234.168819	 Valid Acc: 0.7084391758396839 	Best Valid Acc: 0.714790
Epoch: 174 	Training Cost: 9225.599212	 Valid Acc: 0.7088625458650861 	Best Valid Acc: 0.714790
Epoch: 175 	Training Cost: 9217.242908	 Valid Acc: 0.7080158058142817 	Best Valid Acc: 0.714790
Epoch: 176 	Training Cost: 9208.556505	 Valid Acc: 0.7084391758396839 	Best Valid Acc: 0.714790
Epoch: 177 	Training Cost: 9200.462152	 Valid Acc: 0.7067456957380751 	Best Valid Acc: 0.714790
Epoch: 178 	Training Cost: 9192.021702	 Valid Acc: 0.7075924357888794 	Best Valid Acc: 0.714790
Epoch: 179 	Training Cost: 9183.577440	 Valid Acc: 0.7067456957380751 	Best Valid Acc: 0.714790
Epoch: 180 	Training Cost: 9175.012022	 Valid Acc: 0.7061812023708721 	Best Valid Acc: 0.714790
Epoch: 181 	Training Cost: 9166.726428	 Valid Acc: 0.7066045723962744 	Best Valid Acc: 0.714790
Epoch: 182 	Training Cost: 9158.478453	 Valid Acc: 0.7067456957380751 	Best Valid Acc: 0.714790
Epoch: 183 	Training Cost: 9150.336699	 Valid Acc: 0.707310189105278 	Best Valid Acc: 0.714790
Epoch: 184 	Training Cost: 9141.962228	 Valid Acc: 0.7068868190798758 	Best Valid Acc: 0.714790
Epoch: 185 	Training Cost: 9133.678331	 Valid Acc: 0.7077335591306803 	Best Valid Acc: 0.714790
Epoch: 186 	Training Cost: 9125.990915	 Valid Acc: 0.7075924357888794 	Best Valid Acc: 0.714790
Epoch: 187 	Training Cost: 9117.952259	 Valid Acc: 0.7071690657634773 	Best Valid Acc: 0.714790
Epoch: 188 	Training Cost: 9110.067985	 Valid Acc: 0.7060400790290714 	Best Valid Acc: 0.714790
Epoch: 189 	Training Cost: 9102.646636	 Valid Acc: 0.7063223257126728 	Best Valid Acc: 0.714790
Epoch: 190 	Training Cost: 9094.597220	 Valid Acc: 0.7053344623200677 	Best Valid Acc: 0.714790
Epoch: 191 	Training Cost: 9086.915836	 Valid Acc: 0.7044877222692634 	Best Valid Acc: 0.714790
Epoch: 192 	Training Cost: 9079.754928	 Valid Acc: 0.7049110922946655 	Best Valid Acc: 0.714790
Epoch: 193 	Training Cost: 9072.512078	 Valid Acc: 0.7039232289020604 	Best Valid Acc: 0.714790
Epoch: 194 	Training Cost: 9065.580085	 Valid Acc: 0.7044877222692634 	Best Valid Acc: 0.714790
Epoch: 195 	Training Cost: 9058.444845	 Valid Acc: 0.7039232289020604 	Best Valid Acc: 0.714790
Epoch: 196 	Training Cost: 9051.645894	 Valid Acc: 0.7037821055602597 	Best Valid Acc: 0.714790
Epoch: 197 	Training Cost: 9043.591553	 Valid Acc: 0.7039232289020604 	Best Valid Acc: 0.714790
Epoch: 198 	Training Cost: 9036.535623	 Valid Acc: 0.7039232289020604 	Best Valid Acc: 0.714790
Epoch: 199 	Training Cost: 9029.323710	 Valid Acc: 0.7040643522438611 	Best Valid Acc: 0.714790
Epoch: 200 	Training Cost: 9022.430540	 Valid Acc: 0.7037821055602597 	Best Valid Acc: 0.714790
lr=1e-05, lamb=0, num_epoch=200, test_acc=0.7047699689528648
----------------------------------------------------------
----------------------------------------------------------
lr=1e-05, lamb=0.0001, num_epoch=200
Epoch: 1 	Training Cost: 13883.047892	 Valid Acc: 0.6412644651425345 	Best Valid Acc: 0.641264
Epoch: 2 	Training Cost: 12753.665526	 Valid Acc: 0.6682190234264748 	Best Valid Acc: 0.668219
Epoch: 3 	Training Cost: 11968.814872	 Valid Acc: 0.6724527236804968 	Best Valid Acc: 0.672453
Epoch: 4 	Training Cost: 11689.816802	 Valid Acc: 0.6756985605419137 	Best Valid Acc: 0.675699
Epoch: 5 	Training Cost: 11573.826528	 Valid Acc: 0.6776742873271239 	Best Valid Acc: 0.677674
Epoch: 6 	Training Cost: 11512.920763	 Valid Acc: 0.6809201241885408 	Best Valid Acc: 0.680920
Epoch: 7 	Training Cost: 11477.004061	 Valid Acc: 0.6816257408975445 	Best Valid Acc: 0.681626
Epoch: 8 	Training Cost: 11454.691617	 Valid Acc: 0.6817668642393452 	Best Valid Acc: 0.681767
Epoch: 9 	Training Cost: 11440.400221	 Valid Acc: 0.6814846175557437 	Best Valid Acc: 0.681767
Epoch: 10 	Training Cost: 11431.018558	 Valid Acc: 0.6814846175557437 	Best Valid Acc: 0.681767
Epoch: 11 	Training Cost: 11424.689487	 Valid Acc: 0.6809201241885408 	Best Valid Acc: 0.681767
Epoch: 12 	Training Cost: 11420.153184	 Valid Acc: 0.681343494213943 	Best Valid Acc: 0.681767
Epoch: 13 	Training Cost: 11415.727108	 Valid Acc: 0.6816257408975445 	Best Valid Acc: 0.681767
Epoch: 14 	Training Cost: 11406.292962	 Valid Acc: 0.6816257408975445 	Best Valid Acc: 0.681767
Epoch: 15 	Training Cost: 11378.583877	 Valid Acc: 0.6817668642393452 	Best Valid Acc: 0.681767
Epoch: 16 	Training Cost: 11318.428890	 Valid Acc: 0.6797911374541349 	Best Valid Acc: 0.681767
Epoch: 17 	Training Cost: 11233.143571	 Valid Acc: 0.6803556308213379 	Best Valid Acc: 0.681767
Epoch: 18 	Training Cost: 11151.839932	 Valid Acc: 0.681343494213943 	Best Valid Acc: 0.681767
Epoch: 19 	Training Cost: 11086.326955	 Valid Acc: 0.6817668642393452 	Best Valid Acc: 0.681767
Epoch: 20 	Training Cost: 11031.311570	 Valid Acc: 0.6827547276319503 	Best Valid Acc: 0.682755
Epoch: 21 	Training Cost: 10977.921749	 Valid Acc: 0.6851538244425628 	Best Valid Acc: 0.685154
Epoch: 22 	Training Cost: 10917.324011	 Valid Acc: 0.6874117979113745 	Best Valid Acc: 0.687412
Epoch: 23 	Training Cost: 10841.271187	 Valid Acc: 0.691927744848998 	Best Valid Acc: 0.691928
Epoch: 24 	Training Cost: 10746.927606	 Valid Acc: 0.6964436917866215 	Best Valid Acc: 0.696444
Epoch: 25 	Training Cost: 10641.677299	 Valid Acc: 0.698842788597234 	Best Valid Acc: 0.698843
Epoch: 26 	Training Cost: 10541.058286	 Valid Acc: 0.7036409822184589 	Best Valid Acc: 0.703641
Epoch: 27 	Training Cost: 10456.017987	 Valid Acc: 0.7033587355348575 	Best Valid Acc: 0.703641
Epoch: 28 	Training Cost: 10388.428561	 Valid Acc: 0.7056167090036692 	Best Valid Acc: 0.705617
Epoch: 29 	Training Cost: 10334.916438	 Valid Acc: 0.7060400790290714 	Best Valid Acc: 0.706040
Epoch: 30 	Training Cost: 10291.484839	 Valid Acc: 0.7066045723962744 	Best Valid Acc: 0.706605
Epoch: 31 	Training Cost: 10255.255491	 Valid Acc: 0.7080158058142817 	Best Valid Acc: 0.708016
Epoch: 32 	Training Cost: 10224.332749	 Valid Acc: 0.707874682472481 	Best Valid Acc: 0.708016
Epoch: 33 	Training Cost: 10197.468209	 Valid Acc: 0.7064634490544736 	Best Valid Acc: 0.708016
Epoch: 34 	Training Cost: 10173.715952	 Valid Acc: 0.7067456957380751 	Best Valid Acc: 0.708016
Epoch: 35 	Training Cost: 10152.481023	 Valid Acc: 0.7068868190798758 	Best Valid Acc: 0.708016
Epoch: 36 	Training Cost: 10133.465288	 Valid Acc: 0.7068868190798758 	Best Valid Acc: 0.708016
Epoch: 37 	Training Cost: 10116.368928	 Valid Acc: 0.7075924357888794 	Best Valid Acc: 0.708016
Epoch: 38 	Training Cost: 10100.847997	 Valid Acc: 0.7085802991814846 	Best Valid Acc: 0.708580
Epoch: 39 	Training Cost: 10086.709803	 Valid Acc: 0.7095681625740897 	Best Valid Acc: 0.709568
Epoch: 40 	Training Cost: 10073.929204	 Valid Acc: 0.7101326559412927 	Best Valid Acc: 0.710133
Epoch: 41 	Training Cost: 10062.100130	 Valid Acc: 0.709991532599492 	Best Valid Acc: 0.710133
Epoch: 42 	Training Cost: 10051.371647	 Valid Acc: 0.7092859158904883 	Best Valid Acc: 0.710133
Epoch: 43 	Training Cost: 10041.329212	 Valid Acc: 0.7098504092576913 	Best Valid Acc: 0.710133
Epoch: 44 	Training Cost: 10032.045588	 Valid Acc: 0.709991532599492 	Best Valid Acc: 0.710133
Epoch: 45 	Training Cost: 10023.407334	 Valid Acc: 0.7105560259666949 	Best Valid Acc: 0.710556
Epoch: 46 	Training Cost: 10015.390869	 Valid Acc: 0.7106971493084956 	Best Valid Acc: 0.710697
Epoch: 47 	Training Cost: 10007.872835	 Valid Acc: 0.7111205193338979 	Best Valid Acc: 0.711121
Epoch: 48 	Training Cost: 10000.765176	 Valid Acc: 0.7109793959920971 	Best Valid Acc: 0.711121
Epoch: 49 	Training Cost: 9994.082626	 Valid Acc: 0.7114027660174993 	Best Valid Acc: 0.711403
Epoch: 50 	Training Cost: 9987.772771	 Valid Acc: 0.7116850127011007 	Best Valid Acc: 0.711685
Epoch: 51 	Training Cost: 9981.774332	 Valid Acc: 0.7122495060683037 	Best Valid Acc: 0.712250
Epoch: 52 	Training Cost: 9976.008470	 Valid Acc: 0.7125317527519052 	Best Valid Acc: 0.712532
Epoch: 53 	Training Cost: 9970.620645	 Valid Acc: 0.712108382726503 	Best Valid Acc: 0.712532
Epoch: 54 	Training Cost: 9965.397574	 Valid Acc: 0.7126728760937059 	Best Valid Acc: 0.712673
Epoch: 55 	Training Cost: 9960.375611	 Valid Acc: 0.7126728760937059 	Best Valid Acc: 0.712673
Epoch: 56 	Training Cost: 9955.594132	 Valid Acc: 0.7122495060683037 	Best Valid Acc: 0.712673
Epoch: 57 	Training Cost: 9950.986221	 Valid Acc: 0.7118261360429015 	Best Valid Acc: 0.712673
Epoch: 58 	Training Cost: 9946.555096	 Valid Acc: 0.7119672593847022 	Best Valid Acc: 0.712673
Epoch: 59 	Training Cost: 9942.314076	 Valid Acc: 0.7116850127011007 	Best Valid Acc: 0.712673
Epoch: 60 	Training Cost: 9938.095311	 Valid Acc: 0.7116850127011007 	Best Valid Acc: 0.712673
Epoch: 61 	Training Cost: 9934.117588	 Valid Acc: 0.7116850127011007 	Best Valid Acc: 0.712673
Epoch: 62 	Training Cost: 9930.093634	 Valid Acc: 0.7112616426756986 	Best Valid Acc: 0.712673
Epoch: 63 	Training Cost: 9926.300479	 Valid Acc: 0.7114027660174993 	Best Valid Acc: 0.712673
Epoch: 64 	Training Cost: 9922.492898	 Valid Acc: 0.7109793959920971 	Best Valid Acc: 0.712673
Epoch: 65 	Training Cost: 9918.795985	 Valid Acc: 0.7111205193338979 	Best Valid Acc: 0.712673
Epoch: 66 	Training Cost: 9915.179822	 Valid Acc: 0.7111205193338979 	Best Valid Acc: 0.712673
Epoch: 67 	Training Cost: 9911.727128	 Valid Acc: 0.7106971493084956 	Best Valid Acc: 0.712673
Epoch: 68 	Training Cost: 9908.239307	 Valid Acc: 0.7101326559412927 	Best Valid Acc: 0.712673
Epoch: 69 	Training Cost: 9904.723963	 Valid Acc: 0.7105560259666949 	Best Valid Acc: 0.712673
Epoch: 70 	Training Cost: 9901.318098	 Valid Acc: 0.7101326559412927 	Best Valid Acc: 0.712673
Epoch: 71 	Training Cost: 9898.017513	 Valid Acc: 0.7101326559412927 	Best Valid Acc: 0.712673
Epoch: 72 	Training Cost: 9894.691094	 Valid Acc: 0.7098504092576913 	Best Valid Acc: 0.712673
Epoch: 73 	Training Cost: 9891.471415	 Valid Acc: 0.7101326559412927 	Best Valid Acc: 0.712673
Epoch: 74 	Training Cost: 9888.399610	 Valid Acc: 0.7106971493084956 	Best Valid Acc: 0.712673
Epoch: 75 	Training Cost: 9885.282515	 Valid Acc: 0.7102737792830934 	Best Valid Acc: 0.712673
Epoch: 76 	Training Cost: 9882.215179	 Valid Acc: 0.709991532599492 	Best Valid Acc: 0.712673
Epoch: 77 	Training Cost: 9879.151182	 Valid Acc: 0.7097092859158904 	Best Valid Acc: 0.712673
Epoch: 78 	Training Cost: 9876.188552	 Valid Acc: 0.7097092859158904 	Best Valid Acc: 0.712673
Epoch: 79 	Training Cost: 9873.238266	 Valid Acc: 0.7095681625740897 	Best Valid Acc: 0.712673
Epoch: 80 	Training Cost: 9870.427604	 Valid Acc: 0.7097092859158904 	Best Valid Acc: 0.712673
Epoch: 81 	Training Cost: 9867.254190	 Valid Acc: 0.7087214225232854 	Best Valid Acc: 0.712673
Epoch: 82 	Training Cost: 9864.364899	 Valid Acc: 0.7092859158904883 	Best Valid Acc: 0.712673
Epoch: 83 	Training Cost: 9861.447675	 Valid Acc: 0.7085802991814846 	Best Valid Acc: 0.712673
Epoch: 84 	Training Cost: 9858.576062	 Valid Acc: 0.7087214225232854 	Best Valid Acc: 0.712673
Epoch: 85 	Training Cost: 9855.759227	 Valid Acc: 0.709427039232289 	Best Valid Acc: 0.712673
Epoch: 86 	Training Cost: 9852.958529	 Valid Acc: 0.7091447925486876 	Best Valid Acc: 0.712673
Epoch: 87 	Training Cost: 9850.060838	 Valid Acc: 0.7097092859158904 	Best Valid Acc: 0.712673
Epoch: 88 	Training Cost: 9847.425317	 Valid Acc: 0.709991532599492 	Best Valid Acc: 0.712673
Epoch: 89 	Training Cost: 9844.650844	 Valid Acc: 0.7097092859158904 	Best Valid Acc: 0.712673
Epoch: 90 	Training Cost: 9841.624458	 Valid Acc: 0.7101326559412927 	Best Valid Acc: 0.712673
Epoch: 91 	Training Cost: 9839.011697	 Valid Acc: 0.7108382726502963 	Best Valid Acc: 0.712673
Epoch: 92 	Training Cost: 9836.197543	 Valid Acc: 0.7106971493084956 	Best Valid Acc: 0.712673
Epoch: 93 	Training Cost: 9833.314399	 Valid Acc: 0.7102737792830934 	Best Valid Acc: 0.712673
Epoch: 94 	Training Cost: 9830.602857	 Valid Acc: 0.7111205193338979 	Best Valid Acc: 0.712673
Epoch: 95 	Training Cost: 9827.629293	 Valid Acc: 0.7101326559412927 	Best Valid Acc: 0.712673
Epoch: 96 	Training Cost: 9825.065755	 Valid Acc: 0.7108382726502963 	Best Valid Acc: 0.712673
Epoch: 97 	Training Cost: 9822.060610	 Valid Acc: 0.7104149026248942 	Best Valid Acc: 0.712673
Epoch: 98 	Training Cost: 9819.320546	 Valid Acc: 0.7106971493084956 	Best Valid Acc: 0.712673
Epoch: 99 	Training Cost: 9816.476489	 Valid Acc: 0.7105560259666949 	Best Valid Acc: 0.712673
Epoch: 100 	Training Cost: 9813.578225	 Valid Acc: 0.7101326559412927 	Best Valid Acc: 0.712673
Epoch: 101 	Training Cost: 9810.687403	 Valid Acc: 0.7106971493084956 	Best Valid Acc: 0.712673
Epoch: 102 	Training Cost: 9807.724249	 Valid Acc: 0.7109793959920971 	Best Valid Acc: 0.712673
Epoch: 103 	Training Cost: 9804.879223	 Valid Acc: 0.7108382726502963 	Best Valid Acc: 0.712673
Epoch: 104 	Training Cost: 9801.924964	 Valid Acc: 0.7111205193338979 	Best Valid Acc: 0.712673
Epoch: 105 	Training Cost: 9798.854912	 Valid Acc: 0.7106971493084956 	Best Valid Acc: 0.712673
Epoch: 106 	Training Cost: 9796.169405	 Valid Acc: 0.7108382726502963 	Best Valid Acc: 0.712673
Epoch: 107 	Training Cost: 9793.286010	 Valid Acc: 0.7106971493084956 	Best Valid Acc: 0.712673
Epoch: 108 	Training Cost: 9790.267401	 Valid Acc: 0.7111205193338979 	Best Valid Acc: 0.712673
Epoch: 109 	Training Cost: 9787.443884	 Valid Acc: 0.7122495060683037 	Best Valid Acc: 0.712673
Epoch: 110 	Training Cost: 9784.521860	 Valid Acc: 0.7115438893593 	Best Valid Acc: 0.712673
Epoch: 111 	Training Cost: 9781.377336	 Valid Acc: 0.7122495060683037 	Best Valid Acc: 0.712673
Epoch: 112 	Training Cost: 9778.443521	 Valid Acc: 0.7123906294101044 	Best Valid Acc: 0.712673
Epoch: 113 	Training Cost: 9775.689571	 Valid Acc: 0.7123906294101044 	Best Valid Acc: 0.712673
Epoch: 114 	Training Cost: 9772.768052	 Valid Acc: 0.7125317527519052 	Best Valid Acc: 0.712673
Epoch: 115 	Training Cost: 9769.859669	 Valid Acc: 0.7129551227773073 	Best Valid Acc: 0.712955
Epoch: 116 	Training Cost: 9766.714151	 Valid Acc: 0.7132373694609089 	Best Valid Acc: 0.713237
Epoch: 117 	Training Cost: 9763.807952	 Valid Acc: 0.7138018628281118 	Best Valid Acc: 0.713802
Epoch: 118 	Training Cost: 9760.912493	 Valid Acc: 0.713660739486311 	Best Valid Acc: 0.713802
Epoch: 119 	Training Cost: 9757.905377	 Valid Acc: 0.713660739486311 	Best Valid Acc: 0.713802
Epoch: 120 	Training Cost: 9754.768118	 Valid Acc: 0.714225232853514 	Best Valid Acc: 0.714225
Epoch: 121 	Training Cost: 9751.926084	 Valid Acc: 0.7138018628281118 	Best Valid Acc: 0.714225
Epoch: 122 	Training Cost: 9749.124176	 Valid Acc: 0.7138018628281118 	Best Valid Acc: 0.714225
Epoch: 123 	Training Cost: 9745.982434	 Valid Acc: 0.7138018628281118 	Best Valid Acc: 0.714225
Epoch: 124 	Training Cost: 9742.826435	 Valid Acc: 0.7139429861699125 	Best Valid Acc: 0.714225
Epoch: 125 	Training Cost: 9739.900279	 Valid Acc: 0.7135196161445103 	Best Valid Acc: 0.714225
Epoch: 126 	Training Cost: 9736.961860	 Valid Acc: 0.7139429861699125 	Best Valid Acc: 0.714225
Epoch: 127 	Training Cost: 9733.915230	 Valid Acc: 0.7140841095117132 	Best Valid Acc: 0.714225
Epoch: 128 	Training Cost: 9730.849067	 Valid Acc: 0.7140841095117132 	Best Valid Acc: 0.714225
Epoch: 129 	Training Cost: 9727.677178	 Valid Acc: 0.714225232853514 	Best Valid Acc: 0.714225
Epoch: 130 	Training Cost: 9724.419381	 Valid Acc: 0.7140841095117132 	Best Valid Acc: 0.714225
Epoch: 131 	Training Cost: 9721.431127	 Valid Acc: 0.7138018628281118 	Best Valid Acc: 0.714225
Epoch: 132 	Training Cost: 9718.154589	 Valid Acc: 0.7135196161445103 	Best Valid Acc: 0.714225
Epoch: 133 	Training Cost: 9714.911575	 Valid Acc: 0.7133784928027096 	Best Valid Acc: 0.714225
Epoch: 134 	Training Cost: 9711.659112	 Valid Acc: 0.7133784928027096 	Best Valid Acc: 0.714225
Epoch: 135 	Training Cost: 9708.484044	 Valid Acc: 0.7138018628281118 	Best Valid Acc: 0.714225
Epoch: 136 	Training Cost: 9705.017327	 Valid Acc: 0.7139429861699125 	Best Valid Acc: 0.714225
Epoch: 137 	Training Cost: 9701.845197	 Valid Acc: 0.7140841095117132 	Best Valid Acc: 0.714225
Epoch: 138 	Training Cost: 9698.408157	 Valid Acc: 0.7147897262207169 	Best Valid Acc: 0.714790
Epoch: 139 	Training Cost: 9695.217910	 Valid Acc: 0.7149308495625176 	Best Valid Acc: 0.714931
Epoch: 140 	Training Cost: 9691.776246	 Valid Acc: 0.7154953429297206 	Best Valid Acc: 0.715495
Epoch: 141 	Training Cost: 9688.562488	 Valid Acc: 0.7152130962461191 	Best Valid Acc: 0.715495
Epoch: 142 	Training Cost: 9685.134494	 Valid Acc: 0.7156364662715213 	Best Valid Acc: 0.715636
Epoch: 143 	Training Cost: 9681.379239	 Valid Acc: 0.7150719729043183 	Best Valid Acc: 0.715636
Epoch: 144 	Training Cost: 9677.824875	 Valid Acc: 0.7150719729043183 	Best Valid Acc: 0.715636
Epoch: 145 	Training Cost: 9673.993579	 Valid Acc: 0.7150719729043183 	Best Valid Acc: 0.715636
Epoch: 146 	Training Cost: 9670.194722	 Valid Acc: 0.7149308495625176 	Best Valid Acc: 0.715636
Epoch: 147 	Training Cost: 9666.525002	 Valid Acc: 0.7143663561953147 	Best Valid Acc: 0.715636
Epoch: 148 	Training Cost: 9662.652382	 Valid Acc: 0.7145074795371155 	Best Valid Acc: 0.715636
Epoch: 149 	Training Cost: 9658.898193	 Valid Acc: 0.7147897262207169 	Best Valid Acc: 0.715636
Epoch: 150 	Training Cost: 9654.594813	 Valid Acc: 0.7145074795371155 	Best Valid Acc: 0.715636
Epoch: 151 	Training Cost: 9650.406164	 Valid Acc: 0.7147897262207169 	Best Valid Acc: 0.715636
Epoch: 152 	Training Cost: 9646.283318	 Valid Acc: 0.7145074795371155 	Best Valid Acc: 0.715636
Epoch: 153 	Training Cost: 9641.792023	 Valid Acc: 0.715777589613322 	Best Valid Acc: 0.715778
Epoch: 154 	Training Cost: 9637.450964	 Valid Acc: 0.7154953429297206 	Best Valid Acc: 0.715778
Epoch: 155 	Training Cost: 9632.868845	 Valid Acc: 0.7153542195879199 	Best Valid Acc: 0.715778
Epoch: 156 	Training Cost: 9628.497723	 Valid Acc: 0.7154953429297206 	Best Valid Acc: 0.715778
Epoch: 157 	Training Cost: 9623.452879	 Valid Acc: 0.7154953429297206 	Best Valid Acc: 0.715778
Epoch: 158 	Training Cost: 9618.437431	 Valid Acc: 0.7153542195879199 	Best Valid Acc: 0.715778
Epoch: 159 	Training Cost: 9613.020014	 Valid Acc: 0.7153542195879199 	Best Valid Acc: 0.715778
Epoch: 160 	Training Cost: 9607.934199	 Valid Acc: 0.7156364662715213 	Best Valid Acc: 0.715778
Epoch: 161 	Training Cost: 9602.704985	 Valid Acc: 0.715777589613322 	Best Valid Acc: 0.715778
Epoch: 162 	Training Cost: 9596.939991	 Valid Acc: 0.7154953429297206 	Best Valid Acc: 0.715778
Epoch: 163 	Training Cost: 9591.417989	 Valid Acc: 0.7153542195879199 	Best Valid Acc: 0.715778
Epoch: 164 	Training Cost: 9585.717154	 Valid Acc: 0.715777589613322 	Best Valid Acc: 0.715778
Epoch: 165 	Training Cost: 9579.813785	 Valid Acc: 0.7153542195879199 	Best Valid Acc: 0.715778
Epoch: 166 	Training Cost: 9574.125198	 Valid Acc: 0.7159187129551228 	Best Valid Acc: 0.715919
Epoch: 167 	Training Cost: 9568.306367	 Valid Acc: 0.7167654530059272 	Best Valid Acc: 0.716765
Epoch: 168 	Training Cost: 9562.349725	 Valid Acc: 0.7167654530059272 	Best Valid Acc: 0.716765
Epoch: 169 	Training Cost: 9556.546124	 Valid Acc: 0.715777589613322 	Best Valid Acc: 0.716765
Epoch: 170 	Training Cost: 9550.674312	 Valid Acc: 0.7162009596387242 	Best Valid Acc: 0.716765
Epoch: 171 	Training Cost: 9544.955534	 Valid Acc: 0.7159187129551228 	Best Valid Acc: 0.716765
Epoch: 172 	Training Cost: 9539.669018	 Valid Acc: 0.7149308495625176 	Best Valid Acc: 0.716765
Epoch: 173 	Training Cost: 9534.084802	 Valid Acc: 0.7143663561953147 	Best Valid Acc: 0.716765
Epoch: 174 	Training Cost: 9528.527224	 Valid Acc: 0.7143663561953147 	Best Valid Acc: 0.716765
Epoch: 175 	Training Cost: 9523.141174	 Valid Acc: 0.7149308495625176 	Best Valid Acc: 0.716765
Epoch: 176 	Training Cost: 9518.051443	 Valid Acc: 0.7146486028789162 	Best Valid Acc: 0.716765
Epoch: 177 	Training Cost: 9512.482692	 Valid Acc: 0.7140841095117132 	Best Valid Acc: 0.716765
Epoch: 178 	Training Cost: 9506.951602	 Valid Acc: 0.713660739486311 	Best Valid Acc: 0.716765
Epoch: 179 	Training Cost: 9501.651537	 Valid Acc: 0.7139429861699125 	Best Valid Acc: 0.716765
Epoch: 180 	Training Cost: 9496.179601	 Valid Acc: 0.7140841095117132 	Best Valid Acc: 0.716765
Epoch: 181 	Training Cost: 9491.056069	 Valid Acc: 0.7125317527519052 	Best Valid Acc: 0.716765
Epoch: 182 	Training Cost: 9485.612889	 Valid Acc: 0.713660739486311 	Best Valid Acc: 0.716765
Epoch: 183 	Training Cost: 9480.042874	 Valid Acc: 0.7135196161445103 	Best Valid Acc: 0.716765
Epoch: 184 	Training Cost: 9474.717205	 Valid Acc: 0.7126728760937059 	Best Valid Acc: 0.716765
Epoch: 185 	Training Cost: 9469.038056	 Valid Acc: 0.7126728760937059 	Best Valid Acc: 0.716765
Epoch: 186 	Training Cost: 9463.638658	 Valid Acc: 0.712108382726503 	Best Valid Acc: 0.716765
Epoch: 187 	Training Cost: 9458.142226	 Valid Acc: 0.713096246119108 	Best Valid Acc: 0.716765
Epoch: 188 	Training Cost: 9452.493014	 Valid Acc: 0.7125317527519052 	Best Valid Acc: 0.716765
Epoch: 189 	Training Cost: 9446.833096	 Valid Acc: 0.7119672593847022 	Best Valid Acc: 0.716765
Epoch: 190 	Training Cost: 9440.665987	 Valid Acc: 0.7119672593847022 	Best Valid Acc: 0.716765
Epoch: 191 	Training Cost: 9435.005069	 Valid Acc: 0.7126728760937059 	Best Valid Acc: 0.716765
Epoch: 192 	Training Cost: 9428.522499	 Valid Acc: 0.7119672593847022 	Best Valid Acc: 0.716765
Epoch: 193 	Training Cost: 9422.591901	 Valid Acc: 0.7111205193338979 	Best Valid Acc: 0.716765
Epoch: 194 	Training Cost: 9416.425745	 Valid Acc: 0.7111205193338979 	Best Valid Acc: 0.716765
Epoch: 195 	Training Cost: 9409.908651	 Valid Acc: 0.7118261360429015 	Best Valid Acc: 0.716765
Epoch: 196 	Training Cost: 9403.696238	 Valid Acc: 0.7114027660174993 	Best Valid Acc: 0.716765
Epoch: 197 	Training Cost: 9397.125546	 Valid Acc: 0.7109793959920971 	Best Valid Acc: 0.716765
Epoch: 198 	Training Cost: 9390.385795	 Valid Acc: 0.7104149026248942 	Best Valid Acc: 0.716765
Epoch: 199 	Training Cost: 9383.896897	 Valid Acc: 0.7101326559412927 	Best Valid Acc: 0.716765
Epoch: 200 	Training Cost: 9377.292167	 Valid Acc: 0.7106971493084956 	Best Valid Acc: 0.716765
lr=1e-05, lamb=0.0001, num_epoch=200, test_acc=0.7070279424216765
----------------------------------------------------------
----------------------------------------------------------
lr=1e-05, lamb=0.001, num_epoch=200
Epoch: 1 	Training Cost: 14239.777655	 Valid Acc: 0.633079311318092 	Best Valid Acc: 0.633079
Epoch: 2 	Training Cost: 13007.313661	 Valid Acc: 0.6603161162856337 	Best Valid Acc: 0.660316
Epoch: 3 	Training Cost: 12184.487749	 Valid Acc: 0.6693480101608806 	Best Valid Acc: 0.669348
Epoch: 4 	Training Cost: 11889.357491	 Valid Acc: 0.6759808072255151 	Best Valid Acc: 0.675981
Epoch: 5 	Training Cost: 11753.911374	 Valid Acc: 0.6789443974033305 	Best Valid Acc: 0.678944
Epoch: 6 	Training Cost: 11679.816299	 Valid Acc: 0.6803556308213379 	Best Valid Acc: 0.680356
Epoch: 7 	Training Cost: 11636.220834	 Valid Acc: 0.682895850973751 	Best Valid Acc: 0.682896
Epoch: 8 	Training Cost: 11609.364775	 Valid Acc: 0.6827547276319503 	Best Valid Acc: 0.682896
Epoch: 9 	Training Cost: 11592.255732	 Valid Acc: 0.6820491109229466 	Best Valid Acc: 0.682896
Epoch: 10 	Training Cost: 11581.009329	 Valid Acc: 0.6820491109229466 	Best Valid Acc: 0.682896
Epoch: 11 	Training Cost: 11573.200971	 Valid Acc: 0.6827547276319503 	Best Valid Acc: 0.682896
Epoch: 12 	Training Cost: 11567.367655	 Valid Acc: 0.683460344340954 	Best Valid Acc: 0.683460
Epoch: 13 	Training Cost: 11562.663252	 Valid Acc: 0.683460344340954 	Best Valid Acc: 0.683460
Epoch: 14 	Training Cost: 11557.942792	 Valid Acc: 0.6837425910245555 	Best Valid Acc: 0.683743
Epoch: 15 	Training Cost: 11552.053621	 Valid Acc: 0.6837425910245555 	Best Valid Acc: 0.683743
Epoch: 16 	Training Cost: 11541.801659	 Valid Acc: 0.6843070843917584 	Best Valid Acc: 0.684307
Epoch: 17 	Training Cost: 11520.359172	 Valid Acc: 0.6841659610499576 	Best Valid Acc: 0.684307
Epoch: 18 	Training Cost: 11475.707473	 Valid Acc: 0.682895850973751 	Best Valid Acc: 0.684307
Epoch: 19 	Training Cost: 11403.384956	 Valid Acc: 0.6799322607959356 	Best Valid Acc: 0.684307
Epoch: 20 	Training Cost: 11329.728383	 Valid Acc: 0.6802145074795372 	Best Valid Acc: 0.684307
Epoch: 21 	Training Cost: 11272.782721	 Valid Acc: 0.6803556308213379 	Best Valid Acc: 0.684307
Epoch: 22 	Training Cost: 11230.044693	 Valid Acc: 0.6812023708721423 	Best Valid Acc: 0.684307
Epoch: 23 	Training Cost: 11195.958857	 Valid Acc: 0.6823313576065482 	Best Valid Acc: 0.684307
Epoch: 24 	Training Cost: 11166.256872	 Valid Acc: 0.6836014676827548 	Best Valid Acc: 0.684307
Epoch: 25 	Training Cost: 11137.418061	 Valid Acc: 0.6830369743155518 	Best Valid Acc: 0.684307
Epoch: 26 	Training Cost: 11105.855691	 Valid Acc: 0.6838837143663562 	Best Valid Acc: 0.684307
Epoch: 27 	Training Cost: 11067.882262	 Valid Acc: 0.6860005644933672 	Best Valid Acc: 0.686001
Epoch: 28 	Training Cost: 11019.468346	 Valid Acc: 0.6906576347727914 	Best Valid Acc: 0.690658
Epoch: 29 	Training Cost: 10957.317729	 Valid Acc: 0.6944679650014113 	Best Valid Acc: 0.694468
Epoch: 30 	Training Cost: 10881.087907	 Valid Acc: 0.6999717753316399 	Best Valid Acc: 0.699972
Epoch: 31 	Training Cost: 10795.924925	 Valid Acc: 0.7016652554332486 	Best Valid Acc: 0.701665
Epoch: 32 	Training Cost: 10710.865330	 Valid Acc: 0.7036409822184589 	Best Valid Acc: 0.703641
Epoch: 33 	Training Cost: 10633.927336	 Valid Acc: 0.7058989556872707 	Best Valid Acc: 0.705899
Epoch: 34 	Training Cost: 10568.833597	 Valid Acc: 0.7060400790290714 	Best Valid Acc: 0.706040
Epoch: 35 	Training Cost: 10515.233175	 Valid Acc: 0.7066045723962744 	Best Valid Acc: 0.706605
Epoch: 36 	Training Cost: 10470.865987	 Valid Acc: 0.7081569291560824 	Best Valid Acc: 0.708157
Epoch: 37 	Training Cost: 10433.635567	 Valid Acc: 0.7091447925486876 	Best Valid Acc: 0.709145
Epoch: 38 	Training Cost: 10401.812340	 Valid Acc: 0.7092859158904883 	Best Valid Acc: 0.709286
Epoch: 39 	Training Cost: 10374.148085	 Valid Acc: 0.7104149026248942 	Best Valid Acc: 0.710415
Epoch: 40 	Training Cost: 10349.726897	 Valid Acc: 0.7098504092576913 	Best Valid Acc: 0.710415
Epoch: 41 	Training Cost: 10327.988258	 Valid Acc: 0.7097092859158904 	Best Valid Acc: 0.710415
Epoch: 42 	Training Cost: 10308.594704	 Valid Acc: 0.7095681625740897 	Best Valid Acc: 0.710415
Epoch: 43 	Training Cost: 10291.122448	 Valid Acc: 0.7092859158904883 	Best Valid Acc: 0.710415
Epoch: 44 	Training Cost: 10275.394240	 Valid Acc: 0.7092859158904883 	Best Valid Acc: 0.710415
Epoch: 45 	Training Cost: 10261.165509	 Valid Acc: 0.709427039232289 	Best Valid Acc: 0.710415
Epoch: 46 	Training Cost: 10248.214104	 Valid Acc: 0.7104149026248942 	Best Valid Acc: 0.710415
Epoch: 47 	Training Cost: 10236.360093	 Valid Acc: 0.7104149026248942 	Best Valid Acc: 0.710415
Epoch: 48 	Training Cost: 10225.596274	 Valid Acc: 0.7114027660174993 	Best Valid Acc: 0.711403
Epoch: 49 	Training Cost: 10215.715029	 Valid Acc: 0.7122495060683037 	Best Valid Acc: 0.712250
Epoch: 50 	Training Cost: 10206.688180	 Valid Acc: 0.7115438893593 	Best Valid Acc: 0.712250
Epoch: 51 	Training Cost: 10198.317837	 Valid Acc: 0.7109793959920971 	Best Valid Acc: 0.712250
Epoch: 52 	Training Cost: 10190.559923	 Valid Acc: 0.7112616426756986 	Best Valid Acc: 0.712250
Epoch: 53 	Training Cost: 10183.328907	 Valid Acc: 0.7111205193338979 	Best Valid Acc: 0.712250
Epoch: 54 	Training Cost: 10176.677600	 Valid Acc: 0.7112616426756986 	Best Valid Acc: 0.712250
Epoch: 55 	Training Cost: 10170.423937	 Valid Acc: 0.7112616426756986 	Best Valid Acc: 0.712250
Epoch: 56 	Training Cost: 10164.625711	 Valid Acc: 0.7114027660174993 	Best Valid Acc: 0.712250
Epoch: 57 	Training Cost: 10159.210744	 Valid Acc: 0.712108382726503 	Best Valid Acc: 0.712250
Epoch: 58 	Training Cost: 10154.099766	 Valid Acc: 0.7123906294101044 	Best Valid Acc: 0.712391
Epoch: 59 	Training Cost: 10149.271744	 Valid Acc: 0.7125317527519052 	Best Valid Acc: 0.712532
Epoch: 60 	Training Cost: 10144.731482	 Valid Acc: 0.7126728760937059 	Best Valid Acc: 0.712673
Epoch: 61 	Training Cost: 10140.436739	 Valid Acc: 0.7126728760937059 	Best Valid Acc: 0.712673
Epoch: 62 	Training Cost: 10136.385907	 Valid Acc: 0.7118261360429015 	Best Valid Acc: 0.712673
Epoch: 63 	Training Cost: 10132.544686	 Valid Acc: 0.7118261360429015 	Best Valid Acc: 0.712673
Epoch: 64 	Training Cost: 10128.887773	 Valid Acc: 0.7112616426756986 	Best Valid Acc: 0.712673
Epoch: 65 	Training Cost: 10125.390839	 Valid Acc: 0.7118261360429015 	Best Valid Acc: 0.712673
Epoch: 66 	Training Cost: 10122.083075	 Valid Acc: 0.712108382726503 	Best Valid Acc: 0.712673
Epoch: 67 	Training Cost: 10118.945470	 Valid Acc: 0.712108382726503 	Best Valid Acc: 0.712673
Epoch: 68 	Training Cost: 10115.914811	 Valid Acc: 0.7116850127011007 	Best Valid Acc: 0.712673
Epoch: 69 	Training Cost: 10113.012088	 Valid Acc: 0.7116850127011007 	Best Valid Acc: 0.712673
Epoch: 70 	Training Cost: 10110.242767	 Valid Acc: 0.7119672593847022 	Best Valid Acc: 0.712673
Epoch: 71 	Training Cost: 10107.577599	 Valid Acc: 0.7115438893593 	Best Valid Acc: 0.712673
Epoch: 72 	Training Cost: 10105.007876	 Valid Acc: 0.7116850127011007 	Best Valid Acc: 0.712673
Epoch: 73 	Training Cost: 10102.525315	 Valid Acc: 0.7119672593847022 	Best Valid Acc: 0.712673
Epoch: 74 	Training Cost: 10100.169585	 Valid Acc: 0.7116850127011007 	Best Valid Acc: 0.712673
Epoch: 75 	Training Cost: 10097.888186	 Valid Acc: 0.7111205193338979 	Best Valid Acc: 0.712673
Epoch: 76 	Training Cost: 10095.715410	 Valid Acc: 0.7112616426756986 	Best Valid Acc: 0.712673
Epoch: 77 	Training Cost: 10093.577954	 Valid Acc: 0.7116850127011007 	Best Valid Acc: 0.712673
Epoch: 78 	Training Cost: 10091.524176	 Valid Acc: 0.7112616426756986 	Best Valid Acc: 0.712673
Epoch: 79 	Training Cost: 10089.524394	 Valid Acc: 0.7114027660174993 	Best Valid Acc: 0.712673
Epoch: 80 	Training Cost: 10087.567870	 Valid Acc: 0.7114027660174993 	Best Valid Acc: 0.712673
Epoch: 81 	Training Cost: 10085.712673	 Valid Acc: 0.7116850127011007 	Best Valid Acc: 0.712673
Epoch: 82 	Training Cost: 10083.890143	 Valid Acc: 0.7116850127011007 	Best Valid Acc: 0.712673
Epoch: 83 	Training Cost: 10082.137156	 Valid Acc: 0.7115438893593 	Best Valid Acc: 0.712673
Epoch: 84 	Training Cost: 10080.430428	 Valid Acc: 0.7114027660174993 	Best Valid Acc: 0.712673
Epoch: 85 	Training Cost: 10078.753452	 Valid Acc: 0.7115438893593 	Best Valid Acc: 0.712673
Epoch: 86 	Training Cost: 10077.142827	 Valid Acc: 0.7114027660174993 	Best Valid Acc: 0.712673
Epoch: 87 	Training Cost: 10075.582582	 Valid Acc: 0.7114027660174993 	Best Valid Acc: 0.712673
Epoch: 88 	Training Cost: 10074.023147	 Valid Acc: 0.7118261360429015 	Best Valid Acc: 0.712673
Epoch: 89 	Training Cost: 10072.576412	 Valid Acc: 0.7116850127011007 	Best Valid Acc: 0.712673
Epoch: 90 	Training Cost: 10071.072384	 Valid Acc: 0.7118261360429015 	Best Valid Acc: 0.712673
Epoch: 91 	Training Cost: 10069.656472	 Valid Acc: 0.7118261360429015 	Best Valid Acc: 0.712673
Epoch: 92 	Training Cost: 10068.285302	 Valid Acc: 0.7118261360429015 	Best Valid Acc: 0.712673
Epoch: 93 	Training Cost: 10066.913196	 Valid Acc: 0.7118261360429015 	Best Valid Acc: 0.712673
Epoch: 94 	Training Cost: 10065.590289	 Valid Acc: 0.712108382726503 	Best Valid Acc: 0.712673
Epoch: 95 	Training Cost: 10064.258405	 Valid Acc: 0.7116850127011007 	Best Valid Acc: 0.712673
Epoch: 96 	Training Cost: 10063.007889	 Valid Acc: 0.7111205193338979 	Best Valid Acc: 0.712673
Epoch: 97 	Training Cost: 10061.744196	 Valid Acc: 0.7108382726502963 	Best Valid Acc: 0.712673
Epoch: 98 	Training Cost: 10060.501439	 Valid Acc: 0.7109793959920971 	Best Valid Acc: 0.712673
Epoch: 99 	Training Cost: 10059.279691	 Valid Acc: 0.7111205193338979 	Best Valid Acc: 0.712673
Epoch: 100 	Training Cost: 10058.082322	 Valid Acc: 0.7114027660174993 	Best Valid Acc: 0.712673
Epoch: 101 	Training Cost: 10056.909539	 Valid Acc: 0.7116850127011007 	Best Valid Acc: 0.712673
Epoch: 102 	Training Cost: 10055.787778	 Valid Acc: 0.7119672593847022 	Best Valid Acc: 0.712673
Epoch: 103 	Training Cost: 10054.663464	 Valid Acc: 0.712108382726503 	Best Valid Acc: 0.712673
Epoch: 104 	Training Cost: 10053.559556	 Valid Acc: 0.7128139994355066 	Best Valid Acc: 0.712814
Epoch: 105 	Training Cost: 10052.483512	 Valid Acc: 0.7129551227773073 	Best Valid Acc: 0.712955
Epoch: 106 	Training Cost: 10051.400997	 Valid Acc: 0.7126728760937059 	Best Valid Acc: 0.712955
Epoch: 107 	Training Cost: 10050.320978	 Valid Acc: 0.7125317527519052 	Best Valid Acc: 0.712955
Epoch: 108 	Training Cost: 10049.245563	 Valid Acc: 0.7128139994355066 	Best Valid Acc: 0.712955
Epoch: 109 	Training Cost: 10048.213050	 Valid Acc: 0.7129551227773073 	Best Valid Acc: 0.712955
Epoch: 110 	Training Cost: 10047.170037	 Valid Acc: 0.7126728760937059 	Best Valid Acc: 0.712955
Epoch: 111 	Training Cost: 10046.166906	 Valid Acc: 0.7126728760937059 	Best Valid Acc: 0.712955
Epoch: 112 	Training Cost: 10045.153157	 Valid Acc: 0.7122495060683037 	Best Valid Acc: 0.712955
Epoch: 113 	Training Cost: 10044.154283	 Valid Acc: 0.712108382726503 	Best Valid Acc: 0.712955
Epoch: 114 	Training Cost: 10043.153169	 Valid Acc: 0.712108382726503 	Best Valid Acc: 0.712955
Epoch: 115 	Training Cost: 10042.182993	 Valid Acc: 0.7118261360429015 	Best Valid Acc: 0.712955
Epoch: 116 	Training Cost: 10041.184363	 Valid Acc: 0.7118261360429015 	Best Valid Acc: 0.712955
Epoch: 117 	Training Cost: 10040.225081	 Valid Acc: 0.7116850127011007 	Best Valid Acc: 0.712955
Epoch: 118 	Training Cost: 10039.264021	 Valid Acc: 0.7114027660174993 	Best Valid Acc: 0.712955
Epoch: 119 	Training Cost: 10038.336131	 Valid Acc: 0.7111205193338979 	Best Valid Acc: 0.712955
Epoch: 120 	Training Cost: 10037.370295	 Valid Acc: 0.7111205193338979 	Best Valid Acc: 0.712955
Epoch: 121 	Training Cost: 10036.448386	 Valid Acc: 0.7108382726502963 	Best Valid Acc: 0.712955
Epoch: 122 	Training Cost: 10035.518447	 Valid Acc: 0.7105560259666949 	Best Valid Acc: 0.712955
Epoch: 123 	Training Cost: 10034.540666	 Valid Acc: 0.7106971493084956 	Best Valid Acc: 0.712955
Epoch: 124 	Training Cost: 10033.607526	 Valid Acc: 0.7109793959920971 	Best Valid Acc: 0.712955
Epoch: 125 	Training Cost: 10032.618770	 Valid Acc: 0.7109793959920971 	Best Valid Acc: 0.712955
Epoch: 126 	Training Cost: 10031.698442	 Valid Acc: 0.7109793959920971 	Best Valid Acc: 0.712955
Epoch: 127 	Training Cost: 10030.750025	 Valid Acc: 0.7109793959920971 	Best Valid Acc: 0.712955
Epoch: 128 	Training Cost: 10029.815949	 Valid Acc: 0.7111205193338979 	Best Valid Acc: 0.712955
Epoch: 129 	Training Cost: 10028.838019	 Valid Acc: 0.7114027660174993 	Best Valid Acc: 0.712955
Epoch: 130 	Training Cost: 10027.945601	 Valid Acc: 0.7115438893593 	Best Valid Acc: 0.712955
Epoch: 131 	Training Cost: 10026.958864	 Valid Acc: 0.7116850127011007 	Best Valid Acc: 0.712955
Epoch: 132 	Training Cost: 10026.035551	 Valid Acc: 0.7116850127011007 	Best Valid Acc: 0.712955
Epoch: 133 	Training Cost: 10025.086429	 Valid Acc: 0.7118261360429015 	Best Valid Acc: 0.712955
Epoch: 134 	Training Cost: 10024.104071	 Valid Acc: 0.7118261360429015 	Best Valid Acc: 0.712955
Epoch: 135 	Training Cost: 10023.114206	 Valid Acc: 0.7118261360429015 	Best Valid Acc: 0.712955
Epoch: 136 	Training Cost: 10022.178548	 Valid Acc: 0.7116850127011007 	Best Valid Acc: 0.712955
Epoch: 137 	Training Cost: 10021.199707	 Valid Acc: 0.7115438893593 	Best Valid Acc: 0.712955
Epoch: 138 	Training Cost: 10020.223064	 Valid Acc: 0.7116850127011007 	Best Valid Acc: 0.712955
Epoch: 139 	Training Cost: 10019.218398	 Valid Acc: 0.7115438893593 	Best Valid Acc: 0.712955
Epoch: 140 	Training Cost: 10018.218791	 Valid Acc: 0.7115438893593 	Best Valid Acc: 0.712955
Epoch: 141 	Training Cost: 10017.180450	 Valid Acc: 0.7116850127011007 	Best Valid Acc: 0.712955
Epoch: 142 	Training Cost: 10016.107846	 Valid Acc: 0.7112616426756986 	Best Valid Acc: 0.712955
Epoch: 143 	Training Cost: 10015.094023	 Valid Acc: 0.7118261360429015 	Best Valid Acc: 0.712955
Epoch: 144 	Training Cost: 10014.000531	 Valid Acc: 0.7116850127011007 	Best Valid Acc: 0.712955
Epoch: 145 	Training Cost: 10012.904776	 Valid Acc: 0.7118261360429015 	Best Valid Acc: 0.712955
Epoch: 146 	Training Cost: 10011.794726	 Valid Acc: 0.7116850127011007 	Best Valid Acc: 0.712955
Epoch: 147 	Training Cost: 10010.704814	 Valid Acc: 0.7115438893593 	Best Valid Acc: 0.712955
Epoch: 148 	Training Cost: 10009.611475	 Valid Acc: 0.7118261360429015 	Best Valid Acc: 0.712955
Epoch: 149 	Training Cost: 10008.497793	 Valid Acc: 0.7118261360429015 	Best Valid Acc: 0.712955
Epoch: 150 	Training Cost: 10007.346884	 Valid Acc: 0.7116850127011007 	Best Valid Acc: 0.712955
Epoch: 151 	Training Cost: 10006.188860	 Valid Acc: 0.7116850127011007 	Best Valid Acc: 0.712955
Epoch: 152 	Training Cost: 10005.017058	 Valid Acc: 0.7118261360429015 	Best Valid Acc: 0.712955
Epoch: 153 	Training Cost: 10003.823393	 Valid Acc: 0.7116850127011007 	Best Valid Acc: 0.712955
Epoch: 154 	Training Cost: 10002.577711	 Valid Acc: 0.7115438893593 	Best Valid Acc: 0.712955
Epoch: 155 	Training Cost: 10001.383966	 Valid Acc: 0.7116850127011007 	Best Valid Acc: 0.712955
Epoch: 156 	Training Cost: 10000.045970	 Valid Acc: 0.7115438893593 	Best Valid Acc: 0.712955
Epoch: 157 	Training Cost: 9998.763697	 Valid Acc: 0.7116850127011007 	Best Valid Acc: 0.712955
Epoch: 158 	Training Cost: 9997.475977	 Valid Acc: 0.7115438893593 	Best Valid Acc: 0.712955
Epoch: 159 	Training Cost: 9996.161657	 Valid Acc: 0.7114027660174993 	Best Valid Acc: 0.712955
Epoch: 160 	Training Cost: 9994.793641	 Valid Acc: 0.7118261360429015 	Best Valid Acc: 0.712955
Epoch: 161 	Training Cost: 9993.419822	 Valid Acc: 0.7114027660174993 	Best Valid Acc: 0.712955
Epoch: 162 	Training Cost: 9992.025183	 Valid Acc: 0.7112616426756986 	Best Valid Acc: 0.712955
Epoch: 163 	Training Cost: 9990.578555	 Valid Acc: 0.7114027660174993 	Best Valid Acc: 0.712955
Epoch: 164 	Training Cost: 9989.089273	 Valid Acc: 0.7115438893593 	Best Valid Acc: 0.712955
Epoch: 165 	Training Cost: 9987.604414	 Valid Acc: 0.7116850127011007 	Best Valid Acc: 0.712955
Epoch: 166 	Training Cost: 9986.131477	 Valid Acc: 0.7116850127011007 	Best Valid Acc: 0.712955
Epoch: 167 	Training Cost: 9984.620369	 Valid Acc: 0.7118261360429015 	Best Valid Acc: 0.712955
Epoch: 168 	Training Cost: 9983.080543	 Valid Acc: 0.7118261360429015 	Best Valid Acc: 0.712955
Epoch: 169 	Training Cost: 9981.532626	 Valid Acc: 0.7116850127011007 	Best Valid Acc: 0.712955
Epoch: 170 	Training Cost: 9979.986992	 Valid Acc: 0.7118261360429015 	Best Valid Acc: 0.712955
Epoch: 171 	Training Cost: 9978.387962	 Valid Acc: 0.7118261360429015 	Best Valid Acc: 0.712955
Epoch: 172 	Training Cost: 9976.813193	 Valid Acc: 0.7118261360429015 	Best Valid Acc: 0.712955
Epoch: 173 	Training Cost: 9975.151060	 Valid Acc: 0.7119672593847022 	Best Valid Acc: 0.712955
Epoch: 174 	Training Cost: 9973.521963	 Valid Acc: 0.7112616426756986 	Best Valid Acc: 0.712955
Epoch: 175 	Training Cost: 9971.869962	 Valid Acc: 0.7109793959920971 	Best Valid Acc: 0.712955
Epoch: 176 	Training Cost: 9970.223630	 Valid Acc: 0.7108382726502963 	Best Valid Acc: 0.712955
Epoch: 177 	Training Cost: 9968.517887	 Valid Acc: 0.7105560259666949 	Best Valid Acc: 0.712955
Epoch: 178 	Training Cost: 9966.752183	 Valid Acc: 0.7102737792830934 	Best Valid Acc: 0.712955
Epoch: 179 	Training Cost: 9965.053559	 Valid Acc: 0.7101326559412927 	Best Valid Acc: 0.712955
Epoch: 180 	Training Cost: 9963.315041	 Valid Acc: 0.7097092859158904 	Best Valid Acc: 0.712955
Epoch: 181 	Training Cost: 9961.528430	 Valid Acc: 0.7098504092576913 	Best Valid Acc: 0.712955
Epoch: 182 	Training Cost: 9959.798393	 Valid Acc: 0.7104149026248942 	Best Valid Acc: 0.712955
Epoch: 183 	Training Cost: 9957.990100	 Valid Acc: 0.7105560259666949 	Best Valid Acc: 0.712955
Epoch: 184 	Training Cost: 9956.150249	 Valid Acc: 0.7108382726502963 	Best Valid Acc: 0.712955
Epoch: 185 	Training Cost: 9954.311608	 Valid Acc: 0.7111205193338979 	Best Valid Acc: 0.712955
Epoch: 186 	Training Cost: 9952.455412	 Valid Acc: 0.7109793959920971 	Best Valid Acc: 0.712955
Epoch: 187 	Training Cost: 9950.623923	 Valid Acc: 0.7108382726502963 	Best Valid Acc: 0.712955
Epoch: 188 	Training Cost: 9948.753070	 Valid Acc: 0.7111205193338979 	Best Valid Acc: 0.712955
Epoch: 189 	Training Cost: 9946.844658	 Valid Acc: 0.7114027660174993 	Best Valid Acc: 0.712955
Epoch: 190 	Training Cost: 9944.992685	 Valid Acc: 0.7114027660174993 	Best Valid Acc: 0.712955
Epoch: 191 	Training Cost: 9943.079997	 Valid Acc: 0.7116850127011007 	Best Valid Acc: 0.712955
Epoch: 192 	Training Cost: 9941.222174	 Valid Acc: 0.7115438893593 	Best Valid Acc: 0.712955
Epoch: 193 	Training Cost: 9939.247899	 Valid Acc: 0.7111205193338979 	Best Valid Acc: 0.712955
Epoch: 194 	Training Cost: 9937.305844	 Valid Acc: 0.7111205193338979 	Best Valid Acc: 0.712955
Epoch: 195 	Training Cost: 9935.299874	 Valid Acc: 0.7108382726502963 	Best Valid Acc: 0.712955
Epoch: 196 	Training Cost: 9933.443241	 Valid Acc: 0.7106971493084956 	Best Valid Acc: 0.712955
Epoch: 197 	Training Cost: 9931.452265	 Valid Acc: 0.7106971493084956 	Best Valid Acc: 0.712955
Epoch: 198 	Training Cost: 9929.492449	 Valid Acc: 0.7108382726502963 	Best Valid Acc: 0.712955
Epoch: 199 	Training Cost: 9927.480981	 Valid Acc: 0.7109793959920971 	Best Valid Acc: 0.712955
Epoch: 200 	Training Cost: 9925.500446	 Valid Acc: 0.7112616426756986 	Best Valid Acc: 0.712955
lr=1e-05, lamb=0.001, num_epoch=200, test_acc=0.7050522156364663
----------------------------------------------------------
lr=1e-05, lamb=0, best_valid_acc=([13822.842103362083, 12687.379447579384, 11962.020108163357, 11692.565186977386, 11570.230598986149, 11503.998861193657, 11464.886296927929, 11440.607395410538, 11425.040978312492, 11414.782802581787, 11407.818445682526, 11402.819686353207, 11398.58966010809, 11392.692893981934, 11379.260876238346, 11349.364840686321, 11298.236989855766, 11231.423186123371, 11159.891127228737, 11093.881190776825, 11035.746018409729, 10984.107189893723, 10936.015806794167, 10887.045575976372, 10834.004649937153, 10775.69487708807, 10711.849688410759, 10643.841547369957, 10575.688656032085, 10510.479587078094, 10450.907480955124, 10397.576307177544, 10350.384089946747, 10308.75217717886, 10272.082655787468, 10239.193751335144, 10209.804923295975, 10183.372567683458, 10159.252183109522, 10137.379249870777, 10117.401369988918, 10099.008662223816, 10082.047971189022, 10066.431797504425, 10052.018136233091, 10038.605699419975, 10026.094844043255, 10014.422880589962, 10003.564257770777, 9993.302235603333, 9983.611969560385, 9974.50910654664, 9965.915574222803, 9957.707844555378, 9949.846545398235, 9942.21957603097, 9934.968861281872, 9927.913257211447, 9921.159216105938, 9914.650970131159, 9908.291849583387, 9902.127649113536, 9896.18641847372, 9890.153095930815, 9884.420953035355, 9878.89903768897, 9873.292808175087, 9867.926220685244, 9862.55595318973, 9857.356883466244, 9852.346118927002, 9847.409544959664, 9842.357458353043, 9837.450191542506, 9832.585595875978, 9827.872820675373, 9823.05089841783, 9818.40295857191, 9813.744163244963, 9809.054977700114, 9804.456087902188, 9799.94456294179, 9795.30284036696, 9790.752449214458, 9786.303859338164, 9781.693913534284, 9777.1667162925, 9772.728207692504, 9768.12764903903, 9763.646567866206, 9759.037774905562, 9754.604265965521, 9750.096195727587, 9745.568623885512, 9741.08345542103, 9736.709680989385, 9732.28884061426, 9727.76600304246, 9723.344685509801, 9718.756609357893, 9714.123476281762, 9709.636916913092, 9704.871504098177, 9700.299083471298, 9695.626911461353, 9691.065872475505, 9686.259228296578, 9681.75971545279, 9676.987769573927, 9672.229067206383, 9667.39117012918, 9662.75788757205, 9657.947645068169, 9653.005038693547, 9648.107381373644, 9643.279439374804, 9638.161344096065, 9633.26159312576, 9628.091695673764, 9623.028699785471, 9617.780762732029, 9612.599065542221, 9607.124884776771, 9601.516555219889, 9596.064938306808, 9590.219579435885, 9584.408233039081, 9578.329285174608, 9572.166593633592, 9565.839128158987, 9559.381190665066, 9552.821845836937, 9545.945476040244, 9538.93137294054, 9531.918118089437, 9524.912712685764, 9517.492068015039, 9510.116303093731, 9502.407543852925, 9494.542459517717, 9487.16455501318, 9479.316984914243, 9471.58511967212, 9464.034575283527, 9456.49564281851, 9448.651324234903, 9441.316913947463, 9433.61056521535, 9426.370063900948, 9418.631112530828, 9410.995225466788, 9403.671558439732, 9396.02138518542, 9388.545445762575, 9380.996259406209, 9373.476856805384, 9366.084179095924, 9358.340758152306, 9350.750859305263, 9342.975624859333, 9335.061235815287, 9326.992483064532, 9318.635873354971, 9310.018878750503, 9301.638920292258, 9293.362451694906, 9285.030812688172, 9276.687477633357, 9268.29174361378, 9259.457563005388, 9251.299099877477, 9242.64551565051, 9234.168819054961, 9225.59921182692, 9217.242908418179, 9208.55650498718, 9200.46215198934, 9192.021701812744, 9183.577439717948, 9175.012021638453, 9166.726427577436, 9158.4784533903, 9150.336698561907, 9141.962227627635, 9133.67833083868, 9125.990914829075, 9117.952259138227, 9110.067984625697, 9102.646635517478, 9094.597220398486, 9086.915836498141, 9079.754927523434, 9072.512078143656, 9065.580084767193, 9058.444845080376, 9051.645894423127, 9043.591552559286, 9036.535623189062, 9029.323710121214, 9022.43054021895], [0.6305390911656789, 0.6685012701100762, 0.6740050804403048, 0.6768275472763196, 0.68077900084674, 0.6793677674287327, 0.6821902342647473, 0.6827547276319503, 0.682895850973751, 0.6826136042901496, 0.6830369743155518, 0.6830369743155518, 0.6826136042901496, 0.6826136042901496, 0.6830369743155518, 0.682895850973751, 0.6848715777589613, 0.6817668642393452, 0.6824724809483489, 0.6824724809483489, 0.6840248377081569, 0.6843070843917584, 0.6861416878351679, 0.6874117979113745, 0.6905165114309907, 0.6920688681907987, 0.6960203217612193, 0.6984194185718318, 0.6992661586226362, 0.6975726785210273, 0.6998306519898391, 0.7034998588766582, 0.7046288456110641, 0.7046288456110641, 0.7053344623200677, 0.7049110922946655, 0.7060400790290714, 0.7070279424216765, 0.7071690657634773, 0.7074513124470787, 0.7080158058142817, 0.7080158058142817, 0.7090036692068868, 0.7104149026248942, 0.7101326559412927, 0.7102737792830934, 0.7098504092576913, 0.7101326559412927, 0.712108382726503, 0.7129551227773073, 0.7126728760937059, 0.7123906294101044, 0.7119672593847022, 0.7111205193338979, 0.7111205193338979, 0.7112616426756986, 0.7108382726502963, 0.7114027660174993, 0.7114027660174993, 0.7111205193338979, 0.7112616426756986, 0.7118261360429015, 0.712108382726503, 0.7123906294101044, 0.712108382726503, 0.7114027660174993, 0.7115438893593, 0.7108382726502963, 0.7109793959920971, 0.7105560259666949, 0.709991532599492, 0.7101326559412927, 0.7106971493084956, 0.7108382726502963, 0.7109793959920971, 0.7118261360429015, 0.7119672593847022, 0.7119672593847022, 0.7115438893593, 0.7111205193338979, 0.7114027660174993, 0.7109793959920971, 0.7111205193338979, 0.7112616426756986, 0.7109793959920971, 0.7114027660174993, 0.7112616426756986, 0.7123906294101044, 0.7119672593847022, 0.7118261360429015, 0.7114027660174993, 0.7112616426756986, 0.7106971493084956, 0.7105560259666949, 0.7109793959920971, 0.7108382726502963, 0.7114027660174993, 0.7116850127011007, 0.7114027660174993, 0.7114027660174993, 0.7122495060683037, 0.7128139994355066, 0.7129551227773073, 0.7126728760937059, 0.7126728760937059, 0.7122495060683037, 0.7126728760937059, 0.713096246119108, 0.7125317527519052, 0.713096246119108, 0.713096246119108, 0.713096246119108, 0.7133784928027096, 0.713096246119108, 0.7129551227773073, 0.713096246119108, 0.713096246119108, 0.7132373694609089, 0.7132373694609089, 0.713096246119108, 0.713096246119108, 0.713660739486311, 0.7132373694609089, 0.714225232853514, 0.7139429861699125, 0.7133784928027096, 0.713660739486311, 0.714225232853514, 0.7143663561953147, 0.7147897262207169, 0.7143663561953147, 0.7140841095117132, 0.7145074795371155, 0.7138018628281118, 0.713660739486311, 0.7126728760937059, 0.7118261360429015, 0.7129551227773073, 0.7129551227773073, 0.7125317527519052, 0.7128139994355066, 0.7128139994355066, 0.7126728760937059, 0.7125317527519052, 0.7126728760937059, 0.7129551227773073, 0.7132373694609089, 0.7123906294101044, 0.7119672593847022, 0.7122495060683037, 0.7128139994355066, 0.7122495060683037, 0.7123906294101044, 0.7118261360429015, 0.7115438893593, 0.7115438893593, 0.7112616426756986, 0.7105560259666949, 0.7112616426756986, 0.7111205193338979, 0.7115438893593, 0.7104149026248942, 0.7106971493084956, 0.7108382726502963, 0.7109793959920971, 0.709991532599492, 0.7095681625740897, 0.7092859158904883, 0.7091447925486876, 0.7087214225232854, 0.7084391758396839, 0.7091447925486876, 0.7084391758396839, 0.7088625458650861, 0.7080158058142817, 0.7084391758396839, 0.7067456957380751, 0.7075924357888794, 0.7067456957380751, 0.7061812023708721, 0.7066045723962744, 0.7067456957380751, 0.707310189105278, 0.7068868190798758, 0.7077335591306803, 0.7075924357888794, 0.7071690657634773, 0.7060400790290714, 0.7063223257126728, 0.7053344623200677, 0.7044877222692634, 0.7049110922946655, 0.7039232289020604, 0.7044877222692634, 0.7039232289020604, 0.7037821055602597, 0.7039232289020604, 0.7039232289020604, 0.7040643522438611, 0.7037821055602597])
lr=1e-05, lamb=0.0001, best_valid_acc=([13883.047892212868, 12753.665526032448, 11968.814871668816, 11689.816802084446, 11573.826528251171, 11512.920763194561, 11477.00406062603, 11454.69161683321, 11440.400221407413, 11431.01855814457, 11424.689486563206, 11420.153183877468, 11415.727107703686, 11406.292962372303, 11378.58387696743, 11318.428889751434, 11233.14357072115, 11151.839932203293, 11086.326954841614, 11031.311569571495, 10977.921749353409, 10917.324011147022, 10841.271187126637, 10746.92760592699, 10641.677299499512, 10541.058286428452, 10456.017987132072, 10388.428560972214, 10334.916437655687, 10291.484838545322, 10255.255491495132, 10224.332748889923, 10197.46820858121, 10173.715951830149, 10152.481023013592, 10133.46528813243, 10116.368928343058, 10100.847996652126, 10086.709802567959, 10073.92920395732, 10062.100130021572, 10051.371647268534, 10041.329211831093, 10032.045588463545, 10023.407333806157, 10015.390869393945, 10007.872835054994, 10000.7651758641, 9994.082626074553, 9987.772770658135, 9981.774332270026, 9976.008469894528, 9970.62064474821, 9965.397573575377, 9960.375610649586, 9955.594132080674, 9950.986220628023, 9946.555096164346, 9942.314075604081, 9938.095310643315, 9934.117587804794, 9930.093633815646, 9926.300478562713, 9922.492897629738, 9918.795985430479, 9915.179821968079, 9911.727128058672, 9908.239307105541, 9904.723962515593, 9901.31809823215, 9898.017513424158, 9894.69109402597, 9891.47141495347, 9888.399610109627, 9885.282515235245, 9882.215178832412, 9879.151182182133, 9876.188551977277, 9873.238266207278, 9870.427604213357, 9867.254190258682, 9864.36489931494, 9861.447675257921, 9858.576061934233, 9855.75922702998, 9852.958529442549, 9850.060838088393, 9847.42531695962, 9844.650843761861, 9841.624457634985, 9839.01169718802, 9836.197543010116, 9833.314398661256, 9830.602856971323, 9827.629292577505, 9825.065755352378, 9822.060610033572, 9819.32054593414, 9816.476488798857, 9813.578224644065, 9810.687402963638, 9807.724249400198, 9804.879222609103, 9801.924963772297, 9798.854911640286, 9796.169405311346, 9793.286010019481, 9790.267401337624, 9787.443883672357, 9784.521860279143, 9781.377335846424, 9778.443520888686, 9775.689570657909, 9772.768052339554, 9769.85966912657, 9766.71415103972, 9763.807952456176, 9760.912493228912, 9757.905376724899, 9754.76811774075, 9751.92608396709, 9749.12417641282, 9745.982433781028, 9742.82643456757, 9739.900279223919, 9736.961859896779, 9733.91522961855, 9730.84906733036, 9727.67717781663, 9724.419380798936, 9721.431126996875, 9718.154588624835, 9714.911574818194, 9711.659112349153, 9708.484044119716, 9705.01732738316, 9701.845197334886, 9698.408157125115, 9695.217909924686, 9691.77624565363, 9688.562488421798, 9685.134494423866, 9681.379238583148, 9677.82487539202, 9673.993579350412, 9670.194721616805, 9666.525002092123, 9662.652381807566, 9658.898193478584, 9654.594813138247, 9650.406164251268, 9646.283317789435, 9641.792022705078, 9637.450963810086, 9632.868845403194, 9628.497722610831, 9623.452878519893, 9618.437430731952, 9613.020014233887, 9607.934198766947, 9602.704984761775, 9596.939991489053, 9591.417988717556, 9585.717154257, 9579.813785128295, 9574.125197738409, 9568.30636716634, 9562.349725060165, 9556.546123743057, 9550.674311876297, 9544.955533772707, 9539.669017717242, 9534.08480156213, 9528.527223601937, 9523.141173914075, 9518.051442533731, 9512.48269226402, 9506.951602220535, 9501.65153734386, 9496.179600730538, 9491.056068830192, 9485.612888634205, 9480.042873688042, 9474.717204712331, 9469.038055576384, 9463.638657525182, 9458.142225533724, 9452.493013679981, 9446.833096459508, 9440.665986657143, 9435.005068987608, 9428.52249854803, 9422.5919008106, 9416.425744757056, 9409.908650785685, 9403.69623824954, 9397.125545933843, 9390.385795220733, 9383.896897003055, 9377.292167425156], [0.6412644651425345, 0.6682190234264748, 0.6724527236804968, 0.6756985605419137, 0.6776742873271239, 0.6809201241885408, 0.6816257408975445, 0.6817668642393452, 0.6814846175557437, 0.6814846175557437, 0.6809201241885408, 0.681343494213943, 0.6816257408975445, 0.6816257408975445, 0.6817668642393452, 0.6797911374541349, 0.6803556308213379, 0.681343494213943, 0.6817668642393452, 0.6827547276319503, 0.6851538244425628, 0.6874117979113745, 0.691927744848998, 0.6964436917866215, 0.698842788597234, 0.7036409822184589, 0.7033587355348575, 0.7056167090036692, 0.7060400790290714, 0.7066045723962744, 0.7080158058142817, 0.707874682472481, 0.7064634490544736, 0.7067456957380751, 0.7068868190798758, 0.7068868190798758, 0.7075924357888794, 0.7085802991814846, 0.7095681625740897, 0.7101326559412927, 0.709991532599492, 0.7092859158904883, 0.7098504092576913, 0.709991532599492, 0.7105560259666949, 0.7106971493084956, 0.7111205193338979, 0.7109793959920971, 0.7114027660174993, 0.7116850127011007, 0.7122495060683037, 0.7125317527519052, 0.712108382726503, 0.7126728760937059, 0.7126728760937059, 0.7122495060683037, 0.7118261360429015, 0.7119672593847022, 0.7116850127011007, 0.7116850127011007, 0.7116850127011007, 0.7112616426756986, 0.7114027660174993, 0.7109793959920971, 0.7111205193338979, 0.7111205193338979, 0.7106971493084956, 0.7101326559412927, 0.7105560259666949, 0.7101326559412927, 0.7101326559412927, 0.7098504092576913, 0.7101326559412927, 0.7106971493084956, 0.7102737792830934, 0.709991532599492, 0.7097092859158904, 0.7097092859158904, 0.7095681625740897, 0.7097092859158904, 0.7087214225232854, 0.7092859158904883, 0.7085802991814846, 0.7087214225232854, 0.709427039232289, 0.7091447925486876, 0.7097092859158904, 0.709991532599492, 0.7097092859158904, 0.7101326559412927, 0.7108382726502963, 0.7106971493084956, 0.7102737792830934, 0.7111205193338979, 0.7101326559412927, 0.7108382726502963, 0.7104149026248942, 0.7106971493084956, 0.7105560259666949, 0.7101326559412927, 0.7106971493084956, 0.7109793959920971, 0.7108382726502963, 0.7111205193338979, 0.7106971493084956, 0.7108382726502963, 0.7106971493084956, 0.7111205193338979, 0.7122495060683037, 0.7115438893593, 0.7122495060683037, 0.7123906294101044, 0.7123906294101044, 0.7125317527519052, 0.7129551227773073, 0.7132373694609089, 0.7138018628281118, 0.713660739486311, 0.713660739486311, 0.714225232853514, 0.7138018628281118, 0.7138018628281118, 0.7138018628281118, 0.7139429861699125, 0.7135196161445103, 0.7139429861699125, 0.7140841095117132, 0.7140841095117132, 0.714225232853514, 0.7140841095117132, 0.7138018628281118, 0.7135196161445103, 0.7133784928027096, 0.7133784928027096, 0.7138018628281118, 0.7139429861699125, 0.7140841095117132, 0.7147897262207169, 0.7149308495625176, 0.7154953429297206, 0.7152130962461191, 0.7156364662715213, 0.7150719729043183, 0.7150719729043183, 0.7150719729043183, 0.7149308495625176, 0.7143663561953147, 0.7145074795371155, 0.7147897262207169, 0.7145074795371155, 0.7147897262207169, 0.7145074795371155, 0.715777589613322, 0.7154953429297206, 0.7153542195879199, 0.7154953429297206, 0.7154953429297206, 0.7153542195879199, 0.7153542195879199, 0.7156364662715213, 0.715777589613322, 0.7154953429297206, 0.7153542195879199, 0.715777589613322, 0.7153542195879199, 0.7159187129551228, 0.7167654530059272, 0.7167654530059272, 0.715777589613322, 0.7162009596387242, 0.7159187129551228, 0.7149308495625176, 0.7143663561953147, 0.7143663561953147, 0.7149308495625176, 0.7146486028789162, 0.7140841095117132, 0.713660739486311, 0.7139429861699125, 0.7140841095117132, 0.7125317527519052, 0.713660739486311, 0.7135196161445103, 0.7126728760937059, 0.7126728760937059, 0.712108382726503, 0.713096246119108, 0.7125317527519052, 0.7119672593847022, 0.7119672593847022, 0.7126728760937059, 0.7119672593847022, 0.7111205193338979, 0.7111205193338979, 0.7118261360429015, 0.7114027660174993, 0.7109793959920971, 0.7104149026248942, 0.7101326559412927, 0.7106971493084956])
lr=1e-05, lamb=0.001, best_valid_acc=([14239.777655482292, 13007.313660740852, 12184.48774933815, 11889.357491374016, 11753.911373615265, 11679.816299080849, 11636.220834076405, 11609.364774644375, 11592.255732059479, 11581.009329020977, 11573.200971007347, 11567.367654800415, 11562.663251519203, 11557.942791700363, 11552.053620636463, 11541.801659464836, 11520.359172463417, 11475.707473099232, 11403.384955763817, 11329.728382825851, 11272.782721161842, 11230.044692635536, 11195.95885694027, 11166.256872177124, 11137.418060779572, 11105.855691075325, 11067.882262349129, 11019.468345940113, 10957.317728996277, 10881.087907135487, 10795.92492479086, 10710.86533010006, 10633.927336275578, 10568.833596527576, 10515.233174622059, 10470.865986943245, 10433.635566711426, 10401.8123396039, 10374.148084640503, 10349.726896643639, 10327.988258063793, 10308.59470385313, 10291.122448325157, 10275.39423969388, 10261.16550898552, 10248.214103847742, 10236.360093355179, 10225.596273601055, 10215.715029150248, 10206.688179522753, 10198.317836523056, 10190.559923410416, 10183.328907251358, 10176.677599668503, 10170.423937439919, 10164.625711411238, 10159.210743784904, 10154.099766254425, 10149.271744281054, 10144.731481552124, 10140.436739444733, 10136.385907381773, 10132.54468625784, 10128.887773245573, 10125.390838742256, 10122.083074748516, 10118.945469915867, 10115.914811193943, 10113.012088090181, 10110.242766797543, 10107.57759860158, 10105.007876306772, 10102.525314986706, 10100.169584989548, 10097.88818576932, 10095.715409725904, 10093.577953964472, 10091.524175703526, 10089.524394482374, 10087.567870378494, 10085.712672919035, 10083.890143156052, 10082.13715583086, 10080.430428475142, 10078.7534519732, 10077.14282721281, 10075.58258163929, 10074.02314722538, 10072.57641170919, 10071.072384119034, 10069.656472459435, 10068.285302221775, 10066.913196235895, 10065.590288728476, 10064.25840523839, 10063.007889300585, 10061.744195982814, 10060.501438573003, 10059.279691249132, 10058.082321599126, 10056.909538656473, 10055.787777781487, 10054.663463771343, 10053.559555888176, 10052.483511671424, 10051.400996744633, 10050.320977807045, 10049.245563268661, 10048.213050469756, 10047.170037433505, 10046.166906297207, 10045.15315669775, 10044.154283195734, 10043.153169482946, 10042.182992845774, 10041.18436256051, 10040.22508098185, 10039.264021486044, 10038.33613139391, 10037.37029543519, 10036.448386088014, 10035.518446609378, 10034.54066592455, 10033.607526317239, 10032.618770360947, 10031.698442429304, 10030.750025480986, 10029.815948978066, 10028.83801907301, 10027.945601463318, 10026.958863526583, 10026.03555110097, 10025.086429417133, 10024.104070693254, 10023.114206284285, 10022.178547620773, 10021.19970729947, 10020.223064228892, 10019.218397825956, 10018.21879068017, 10017.180449813604, 10016.107846319675, 10015.094023406506, 10014.000531226397, 10012.90477617085, 10011.794726341963, 10010.70481428504, 10009.611475497484, 10008.497793465853, 10007.34688398242, 10006.188860401511, 10005.01705802977, 10003.823392629623, 10002.577711001039, 10001.383966326714, 10000.045970395207, 9998.763697341084, 9997.47597682476, 9996.16165702045, 9994.793640971184, 9993.419822007418, 9992.025182723999, 9990.578554585576, 9989.08927282691, 9987.604413598776, 9986.131477490067, 9984.62036858499, 9983.080542504787, 9981.532625555992, 9979.986992329359, 9978.387961655855, 9976.813193142414, 9975.15105971694, 9973.521963179111, 9971.869961589575, 9970.2236302346, 9968.517887324095, 9966.752182722092, 9965.05355939269, 9963.315041065216, 9961.528429940343, 9959.79839321971, 9957.990099951625, 9956.150249361992, 9954.311608314514, 9952.455411553383, 9950.62392270565, 9948.753069996834, 9946.844658136368, 9944.992684930563, 9943.079997375607, 9941.222174197435, 9939.247899323702, 9937.305843651295, 9935.299874186516, 9933.443241074681, 9931.45226469636, 9929.492449015379, 9927.480980873108, 9925.500446170568], [0.633079311318092, 0.6603161162856337, 0.6693480101608806, 0.6759808072255151, 0.6789443974033305, 0.6803556308213379, 0.682895850973751, 0.6827547276319503, 0.6820491109229466, 0.6820491109229466, 0.6827547276319503, 0.683460344340954, 0.683460344340954, 0.6837425910245555, 0.6837425910245555, 0.6843070843917584, 0.6841659610499576, 0.682895850973751, 0.6799322607959356, 0.6802145074795372, 0.6803556308213379, 0.6812023708721423, 0.6823313576065482, 0.6836014676827548, 0.6830369743155518, 0.6838837143663562, 0.6860005644933672, 0.6906576347727914, 0.6944679650014113, 0.6999717753316399, 0.7016652554332486, 0.7036409822184589, 0.7058989556872707, 0.7060400790290714, 0.7066045723962744, 0.7081569291560824, 0.7091447925486876, 0.7092859158904883, 0.7104149026248942, 0.7098504092576913, 0.7097092859158904, 0.7095681625740897, 0.7092859158904883, 0.7092859158904883, 0.709427039232289, 0.7104149026248942, 0.7104149026248942, 0.7114027660174993, 0.7122495060683037, 0.7115438893593, 0.7109793959920971, 0.7112616426756986, 0.7111205193338979, 0.7112616426756986, 0.7112616426756986, 0.7114027660174993, 0.712108382726503, 0.7123906294101044, 0.7125317527519052, 0.7126728760937059, 0.7126728760937059, 0.7118261360429015, 0.7118261360429015, 0.7112616426756986, 0.7118261360429015, 0.712108382726503, 0.712108382726503, 0.7116850127011007, 0.7116850127011007, 0.7119672593847022, 0.7115438893593, 0.7116850127011007, 0.7119672593847022, 0.7116850127011007, 0.7111205193338979, 0.7112616426756986, 0.7116850127011007, 0.7112616426756986, 0.7114027660174993, 0.7114027660174993, 0.7116850127011007, 0.7116850127011007, 0.7115438893593, 0.7114027660174993, 0.7115438893593, 0.7114027660174993, 0.7114027660174993, 0.7118261360429015, 0.7116850127011007, 0.7118261360429015, 0.7118261360429015, 0.7118261360429015, 0.7118261360429015, 0.712108382726503, 0.7116850127011007, 0.7111205193338979, 0.7108382726502963, 0.7109793959920971, 0.7111205193338979, 0.7114027660174993, 0.7116850127011007, 0.7119672593847022, 0.712108382726503, 0.7128139994355066, 0.7129551227773073, 0.7126728760937059, 0.7125317527519052, 0.7128139994355066, 0.7129551227773073, 0.7126728760937059, 0.7126728760937059, 0.7122495060683037, 0.712108382726503, 0.712108382726503, 0.7118261360429015, 0.7118261360429015, 0.7116850127011007, 0.7114027660174993, 0.7111205193338979, 0.7111205193338979, 0.7108382726502963, 0.7105560259666949, 0.7106971493084956, 0.7109793959920971, 0.7109793959920971, 0.7109793959920971, 0.7109793959920971, 0.7111205193338979, 0.7114027660174993, 0.7115438893593, 0.7116850127011007, 0.7116850127011007, 0.7118261360429015, 0.7118261360429015, 0.7118261360429015, 0.7116850127011007, 0.7115438893593, 0.7116850127011007, 0.7115438893593, 0.7115438893593, 0.7116850127011007, 0.7112616426756986, 0.7118261360429015, 0.7116850127011007, 0.7118261360429015, 0.7116850127011007, 0.7115438893593, 0.7118261360429015, 0.7118261360429015, 0.7116850127011007, 0.7116850127011007, 0.7118261360429015, 0.7116850127011007, 0.7115438893593, 0.7116850127011007, 0.7115438893593, 0.7116850127011007, 0.7115438893593, 0.7114027660174993, 0.7118261360429015, 0.7114027660174993, 0.7112616426756986, 0.7114027660174993, 0.7115438893593, 0.7116850127011007, 0.7116850127011007, 0.7118261360429015, 0.7118261360429015, 0.7116850127011007, 0.7118261360429015, 0.7118261360429015, 0.7118261360429015, 0.7119672593847022, 0.7112616426756986, 0.7109793959920971, 0.7108382726502963, 0.7105560259666949, 0.7102737792830934, 0.7101326559412927, 0.7097092859158904, 0.7098504092576913, 0.7104149026248942, 0.7105560259666949, 0.7108382726502963, 0.7111205193338979, 0.7109793959920971, 0.7108382726502963, 0.7111205193338979, 0.7114027660174993, 0.7114027660174993, 0.7116850127011007, 0.7115438893593, 0.7111205193338979, 0.7111205193338979, 0.7108382726502963, 0.7106971493084956, 0.7106971493084956, 0.7108382726502963, 0.7109793959920971, 0.7112616426756986])
