nn8.py, two encoders + one decoder
Tuning process for lr=2e-05
----------------------------------------------------------
lr=2e-05, lamb=0, num_epoch=200
Epoch: 1 	Training Cost: 13153.876932	 Valid Acc: 0.674428450465707 	Best Valid Acc: 0.674428
Epoch: 2 	Training Cost: 11674.685745	 Valid Acc: 0.6775331639853232 	Best Valid Acc: 0.677533
Epoch: 3 	Training Cost: 11481.911632	 Valid Acc: 0.6817668642393452 	Best Valid Acc: 0.681767
Epoch: 4 	Training Cost: 11429.487950	 Valid Acc: 0.683460344340954 	Best Valid Acc: 0.683460
Epoch: 5 	Training Cost: 11403.179971	 Valid Acc: 0.6844482077335591 	Best Valid Acc: 0.684448
Epoch: 6 	Training Cost: 11382.653585	 Valid Acc: 0.6848715777589613 	Best Valid Acc: 0.684872
Epoch: 7 	Training Cost: 11358.771657	 Valid Acc: 0.6855771944679651 	Best Valid Acc: 0.685577
Epoch: 8 	Training Cost: 11321.246455	 Valid Acc: 0.6844482077335591 	Best Valid Acc: 0.685577
Epoch: 9 	Training Cost: 11248.400843	 Valid Acc: 0.6833192209991532 	Best Valid Acc: 0.685577
Epoch: 10 	Training Cost: 11123.608670	 Valid Acc: 0.6869884278859724 	Best Valid Acc: 0.686988
Epoch: 11 	Training Cost: 10976.187651	 Valid Acc: 0.6909398814563928 	Best Valid Acc: 0.690940
Epoch: 12 	Training Cost: 10826.373911	 Valid Acc: 0.6972904318374259 	Best Valid Acc: 0.697290
Epoch: 13 	Training Cost: 10675.552220	 Valid Acc: 0.7005362686988428 	Best Valid Acc: 0.700536
Epoch: 14 	Training Cost: 10536.748460	 Valid Acc: 0.7019475021168501 	Best Valid Acc: 0.701948
Epoch: 15 	Training Cost: 10420.123674	 Valid Acc: 0.705193338978267 	Best Valid Acc: 0.705193
Epoch: 16 	Training Cost: 10323.521131	 Valid Acc: 0.7044877222692634 	Best Valid Acc: 0.705193
Epoch: 17 	Training Cost: 10243.028625	 Valid Acc: 0.7050522156364663 	Best Valid Acc: 0.705193
Epoch: 18 	Training Cost: 10176.369784	 Valid Acc: 0.70575783234547 	Best Valid Acc: 0.705758
Epoch: 19 	Training Cost: 10121.464768	 Valid Acc: 0.7053344623200677 	Best Valid Acc: 0.705758
Epoch: 20 	Training Cost: 10075.541239	 Valid Acc: 0.7080158058142817 	Best Valid Acc: 0.708016
Epoch: 21 	Training Cost: 10035.990551	 Valid Acc: 0.7084391758396839 	Best Valid Acc: 0.708439
Epoch: 22 	Training Cost: 10001.122566	 Valid Acc: 0.7097092859158904 	Best Valid Acc: 0.709709
Epoch: 23 	Training Cost: 9969.865372	 Valid Acc: 0.709991532599492 	Best Valid Acc: 0.709992
Epoch: 24 	Training Cost: 9941.503545	 Valid Acc: 0.7115438893593 	Best Valid Acc: 0.711544
Epoch: 25 	Training Cost: 9915.636366	 Valid Acc: 0.7109793959920971 	Best Valid Acc: 0.711544
Epoch: 26 	Training Cost: 9891.718375	 Valid Acc: 0.7132373694609089 	Best Valid Acc: 0.713237
Epoch: 27 	Training Cost: 9869.200083	 Valid Acc: 0.7140841095117132 	Best Valid Acc: 0.714084
Epoch: 28 	Training Cost: 9847.615982	 Valid Acc: 0.714225232853514 	Best Valid Acc: 0.714225
Epoch: 29 	Training Cost: 9826.741817	 Valid Acc: 0.7145074795371155 	Best Valid Acc: 0.714507
Epoch: 30 	Training Cost: 9806.465291	 Valid Acc: 0.7140841095117132 	Best Valid Acc: 0.714507
Epoch: 31 	Training Cost: 9787.109713	 Valid Acc: 0.7143663561953147 	Best Valid Acc: 0.714507
Epoch: 32 	Training Cost: 9768.832861	 Valid Acc: 0.7147897262207169 	Best Valid Acc: 0.714790
Epoch: 33 	Training Cost: 9751.528790	 Valid Acc: 0.7139429861699125 	Best Valid Acc: 0.714790
Epoch: 34 	Training Cost: 9735.021225	 Valid Acc: 0.7143663561953147 	Best Valid Acc: 0.714790
Epoch: 35 	Training Cost: 9719.196779	 Valid Acc: 0.7138018628281118 	Best Valid Acc: 0.714790
Epoch: 36 	Training Cost: 9704.038811	 Valid Acc: 0.714225232853514 	Best Valid Acc: 0.714790
Epoch: 37 	Training Cost: 9689.789431	 Valid Acc: 0.7153542195879199 	Best Valid Acc: 0.715354
Epoch: 38 	Training Cost: 9676.660104	 Valid Acc: 0.7146486028789162 	Best Valid Acc: 0.715354
Epoch: 39 	Training Cost: 9664.366075	 Valid Acc: 0.7146486028789162 	Best Valid Acc: 0.715354
Epoch: 40 	Training Cost: 9652.918391	 Valid Acc: 0.7153542195879199 	Best Valid Acc: 0.715354
Epoch: 41 	Training Cost: 9642.067289	 Valid Acc: 0.7159187129551228 	Best Valid Acc: 0.715919
Epoch: 42 	Training Cost: 9631.800944	 Valid Acc: 0.7152130962461191 	Best Valid Acc: 0.715919
Epoch: 43 	Training Cost: 9622.865476	 Valid Acc: 0.7145074795371155 	Best Valid Acc: 0.715919
Epoch: 44 	Training Cost: 9614.488748	 Valid Acc: 0.715777589613322 	Best Valid Acc: 0.715919
Epoch: 45 	Training Cost: 9607.524303	 Valid Acc: 0.7139429861699125 	Best Valid Acc: 0.715919
Epoch: 46 	Training Cost: 9600.408364	 Valid Acc: 0.7140841095117132 	Best Valid Acc: 0.715919
Epoch: 47 	Training Cost: 9593.207404	 Valid Acc: 0.7119672593847022 	Best Valid Acc: 0.715919
Epoch: 48 	Training Cost: 9587.368542	 Valid Acc: 0.7147897262207169 	Best Valid Acc: 0.715919
Epoch: 49 	Training Cost: 9581.865766	 Valid Acc: 0.7118261360429015 	Best Valid Acc: 0.715919
Epoch: 50 	Training Cost: 9575.780010	 Valid Acc: 0.7133784928027096 	Best Valid Acc: 0.715919
Epoch: 51 	Training Cost: 9571.088720	 Valid Acc: 0.7126728760937059 	Best Valid Acc: 0.715919
Epoch: 52 	Training Cost: 9566.497775	 Valid Acc: 0.7123906294101044 	Best Valid Acc: 0.715919
Epoch: 53 	Training Cost: 9561.995740	 Valid Acc: 0.712108382726503 	Best Valid Acc: 0.715919
Epoch: 54 	Training Cost: 9556.556331	 Valid Acc: 0.7114027660174993 	Best Valid Acc: 0.715919
Epoch: 55 	Training Cost: 9553.181790	 Valid Acc: 0.712108382726503 	Best Valid Acc: 0.715919
Epoch: 56 	Training Cost: 9547.675813	 Valid Acc: 0.7114027660174993 	Best Valid Acc: 0.715919
Epoch: 57 	Training Cost: 9544.028207	 Valid Acc: 0.7112616426756986 	Best Valid Acc: 0.715919
Epoch: 58 	Training Cost: 9539.660792	 Valid Acc: 0.712108382726503 	Best Valid Acc: 0.715919
Epoch: 59 	Training Cost: 9536.329062	 Valid Acc: 0.7114027660174993 	Best Valid Acc: 0.715919
Epoch: 60 	Training Cost: 9530.364865	 Valid Acc: 0.7119672593847022 	Best Valid Acc: 0.715919
Epoch: 61 	Training Cost: 9527.454078	 Valid Acc: 0.7119672593847022 	Best Valid Acc: 0.715919
Epoch: 62 	Training Cost: 9522.641311	 Valid Acc: 0.7125317527519052 	Best Valid Acc: 0.715919
Epoch: 63 	Training Cost: 9518.639543	 Valid Acc: 0.7112616426756986 	Best Valid Acc: 0.715919
Epoch: 64 	Training Cost: 9513.702491	 Valid Acc: 0.7122495060683037 	Best Valid Acc: 0.715919
Epoch: 65 	Training Cost: 9509.215790	 Valid Acc: 0.7105560259666949 	Best Valid Acc: 0.715919
Epoch: 66 	Training Cost: 9504.125042	 Valid Acc: 0.7126728760937059 	Best Valid Acc: 0.715919
Epoch: 67 	Training Cost: 9499.115972	 Valid Acc: 0.7114027660174993 	Best Valid Acc: 0.715919
Epoch: 68 	Training Cost: 9492.423920	 Valid Acc: 0.7119672593847022 	Best Valid Acc: 0.715919
Epoch: 69 	Training Cost: 9485.645026	 Valid Acc: 0.7109793959920971 	Best Valid Acc: 0.715919
Epoch: 70 	Training Cost: 9478.745258	 Valid Acc: 0.7138018628281118 	Best Valid Acc: 0.715919
Epoch: 71 	Training Cost: 9472.168926	 Valid Acc: 0.7118261360429015 	Best Valid Acc: 0.715919
Epoch: 72 	Training Cost: 9461.863636	 Valid Acc: 0.7126728760937059 	Best Valid Acc: 0.715919
Epoch: 73 	Training Cost: 9448.546559	 Valid Acc: 0.7118261360429015 	Best Valid Acc: 0.715919
Epoch: 74 	Training Cost: 9432.784087	 Valid Acc: 0.7125317527519052 	Best Valid Acc: 0.715919
Epoch: 75 	Training Cost: 9414.294807	 Valid Acc: 0.7101326559412927 	Best Valid Acc: 0.715919
Epoch: 76 	Training Cost: 9388.979410	 Valid Acc: 0.7087214225232854 	Best Valid Acc: 0.715919
Epoch: 77 	Training Cost: 9357.946299	 Valid Acc: 0.7109793959920971 	Best Valid Acc: 0.715919
Epoch: 78 	Training Cost: 9321.261707	 Valid Acc: 0.7101326559412927 	Best Valid Acc: 0.715919
Epoch: 79 	Training Cost: 9286.735888	 Valid Acc: 0.7090036692068868 	Best Valid Acc: 0.715919
Epoch: 80 	Training Cost: 9247.720689	 Valid Acc: 0.7116850127011007 	Best Valid Acc: 0.715919
Epoch: 81 	Training Cost: 9213.891618	 Valid Acc: 0.7123906294101044 	Best Valid Acc: 0.715919
Epoch: 82 	Training Cost: 9183.741185	 Valid Acc: 0.7128139994355066 	Best Valid Acc: 0.715919
Epoch: 83 	Training Cost: 9158.037394	 Valid Acc: 0.713096246119108 	Best Valid Acc: 0.715919
Epoch: 84 	Training Cost: 9133.009712	 Valid Acc: 0.7109793959920971 	Best Valid Acc: 0.715919
Epoch: 85 	Training Cost: 9111.797000	 Valid Acc: 0.7097092859158904 	Best Valid Acc: 0.715919
Epoch: 86 	Training Cost: 9093.514261	 Valid Acc: 0.709991532599492 	Best Valid Acc: 0.715919
Epoch: 87 	Training Cost: 9074.754500	 Valid Acc: 0.7101326559412927 	Best Valid Acc: 0.715919
Epoch: 88 	Training Cost: 9056.740047	 Valid Acc: 0.7092859158904883 	Best Valid Acc: 0.715919
Epoch: 89 	Training Cost: 9037.248783	 Valid Acc: 0.7091447925486876 	Best Valid Acc: 0.715919
Epoch: 90 	Training Cost: 9021.666973	 Valid Acc: 0.7087214225232854 	Best Valid Acc: 0.715919
Epoch: 91 	Training Cost: 9005.082282	 Valid Acc: 0.7067456957380751 	Best Valid Acc: 0.715919
Epoch: 92 	Training Cost: 8988.963139	 Valid Acc: 0.7067456957380751 	Best Valid Acc: 0.715919
Epoch: 93 	Training Cost: 8973.135993	 Valid Acc: 0.7077335591306803 	Best Valid Acc: 0.715919
Epoch: 94 	Training Cost: 8957.803496	 Valid Acc: 0.7053344623200677 	Best Valid Acc: 0.715919
Epoch: 95 	Training Cost: 8943.088973	 Valid Acc: 0.7080158058142817 	Best Valid Acc: 0.715919
Epoch: 96 	Training Cost: 8928.486574	 Valid Acc: 0.705193338978267 	Best Valid Acc: 0.715919
Epoch: 97 	Training Cost: 8912.650899	 Valid Acc: 0.7053344623200677 	Best Valid Acc: 0.715919
Epoch: 98 	Training Cost: 8899.593855	 Valid Acc: 0.707310189105278 	Best Valid Acc: 0.715919
Epoch: 99 	Training Cost: 8883.263839	 Valid Acc: 0.7036409822184589 	Best Valid Acc: 0.715919
Epoch: 100 	Training Cost: 8867.748471	 Valid Acc: 0.7047699689528648 	Best Valid Acc: 0.715919
Epoch: 101 	Training Cost: 8853.121391	 Valid Acc: 0.7043465989274627 	Best Valid Acc: 0.715919
Epoch: 102 	Training Cost: 8838.573161	 Valid Acc: 0.7040643522438611 	Best Valid Acc: 0.715919
Epoch: 103 	Training Cost: 8822.080213	 Valid Acc: 0.7027942421676545 	Best Valid Acc: 0.715919
Epoch: 104 	Training Cost: 8807.111390	 Valid Acc: 0.7026531188258538 	Best Valid Acc: 0.715919
Epoch: 105 	Training Cost: 8793.280914	 Valid Acc: 0.7026531188258538 	Best Valid Acc: 0.715919
Epoch: 106 	Training Cost: 8776.435037	 Valid Acc: 0.7011007620660458 	Best Valid Acc: 0.715919
Epoch: 107 	Training Cost: 8759.826072	 Valid Acc: 0.7012418854078465 	Best Valid Acc: 0.715919
Epoch: 108 	Training Cost: 8743.652481	 Valid Acc: 0.7018063787750494 	Best Valid Acc: 0.715919
Epoch: 109 	Training Cost: 8726.770090	 Valid Acc: 0.7005362686988428 	Best Valid Acc: 0.715919
Epoch: 110 	Training Cost: 8707.907316	 Valid Acc: 0.7003951453570421 	Best Valid Acc: 0.715919
Epoch: 111 	Training Cost: 8687.581089	 Valid Acc: 0.6996895286480384 	Best Valid Acc: 0.715919
Epoch: 112 	Training Cost: 8668.297144	 Valid Acc: 0.6998306519898391 	Best Valid Acc: 0.715919
Epoch: 113 	Training Cost: 8647.804160	 Valid Acc: 0.6995484053062376 	Best Valid Acc: 0.715919
Epoch: 114 	Training Cost: 8625.029565	 Valid Acc: 0.6977138018628282 	Best Valid Acc: 0.715919
Epoch: 115 	Training Cost: 8601.158270	 Valid Acc: 0.6981371718882303 	Best Valid Acc: 0.715919
Epoch: 116 	Training Cost: 8575.493827	 Valid Acc: 0.696725938470223 	Best Valid Acc: 0.715919
Epoch: 117 	Training Cost: 8550.610527	 Valid Acc: 0.6953147050522156 	Best Valid Acc: 0.715919
Epoch: 118 	Training Cost: 8521.421147	 Valid Acc: 0.6958791984194186 	Best Valid Acc: 0.715919
Epoch: 119 	Training Cost: 8493.209544	 Valid Acc: 0.6941857183178097 	Best Valid Acc: 0.715919
Epoch: 120 	Training Cost: 8464.472088	 Valid Acc: 0.6954558283940163 	Best Valid Acc: 0.715919
Epoch: 121 	Training Cost: 8435.565371	 Valid Acc: 0.6936212249506069 	Best Valid Acc: 0.715919
Epoch: 122 	Training Cost: 8408.222044	 Valid Acc: 0.6953147050522156 	Best Valid Acc: 0.715919
Epoch: 123 	Training Cost: 8381.597986	 Valid Acc: 0.6927744848998024 	Best Valid Acc: 0.715919
Epoch: 124 	Training Cost: 8352.790933	 Valid Acc: 0.6941857183178097 	Best Valid Acc: 0.715919
Epoch: 125 	Training Cost: 8327.123897	 Valid Acc: 0.6934801016088061 	Best Valid Acc: 0.715919
Epoch: 126 	Training Cost: 8301.883294	 Valid Acc: 0.6929156082416031 	Best Valid Acc: 0.715919
Epoch: 127 	Training Cost: 8276.035448	 Valid Acc: 0.6922099915325995 	Best Valid Acc: 0.715919
Epoch: 128 	Training Cost: 8250.957115	 Valid Acc: 0.694044594976009 	Best Valid Acc: 0.715919
Epoch: 129 	Training Cost: 8227.178205	 Valid Acc: 0.6920688681907987 	Best Valid Acc: 0.715919
Epoch: 130 	Training Cost: 8203.097169	 Valid Acc: 0.6929156082416031 	Best Valid Acc: 0.715919
Epoch: 131 	Training Cost: 8179.143851	 Valid Acc: 0.6915043748235958 	Best Valid Acc: 0.715919
Epoch: 132 	Training Cost: 8156.873300	 Valid Acc: 0.6926333615580017 	Best Valid Acc: 0.715919
Epoch: 133 	Training Cost: 8132.981731	 Valid Acc: 0.6915043748235958 	Best Valid Acc: 0.715919
Epoch: 134 	Training Cost: 8110.405447	 Valid Acc: 0.6923511148744003 	Best Valid Acc: 0.715919
Epoch: 135 	Training Cost: 8087.855864	 Valid Acc: 0.6923511148744003 	Best Valid Acc: 0.715919
Epoch: 136 	Training Cost: 8065.688662	 Valid Acc: 0.691927744848998 	Best Valid Acc: 0.715919
Epoch: 137 	Training Cost: 8043.621092	 Valid Acc: 0.6916454981653966 	Best Valid Acc: 0.715919
Epoch: 138 	Training Cost: 8021.401530	 Valid Acc: 0.69037538808919 	Best Valid Acc: 0.715919
Epoch: 139 	Training Cost: 7998.852512	 Valid Acc: 0.6900931414055885 	Best Valid Acc: 0.715919
Epoch: 140 	Training Cost: 7976.058841	 Valid Acc: 0.6899520180637877 	Best Valid Acc: 0.715919
Epoch: 141 	Training Cost: 7954.663931	 Valid Acc: 0.689810894721987 	Best Valid Acc: 0.715919
Epoch: 142 	Training Cost: 7930.448338	 Valid Acc: 0.6893875246965848 	Best Valid Acc: 0.715919
Epoch: 143 	Training Cost: 7906.998317	 Valid Acc: 0.6885407846457804 	Best Valid Acc: 0.715919
Epoch: 144 	Training Cost: 7883.515344	 Valid Acc: 0.6874117979113745 	Best Valid Acc: 0.715919
Epoch: 145 	Training Cost: 7861.292571	 Valid Acc: 0.6864239345187694 	Best Valid Acc: 0.715919
Epoch: 146 	Training Cost: 7835.585243	 Valid Acc: 0.6864239345187694 	Best Valid Acc: 0.715919
Epoch: 147 	Training Cost: 7811.147602	 Valid Acc: 0.6851538244425628 	Best Valid Acc: 0.715919
Epoch: 148 	Training Cost: 7785.214011	 Valid Acc: 0.6867061812023709 	Best Valid Acc: 0.715919
Epoch: 149 	Training Cost: 7760.166787	 Valid Acc: 0.6858594411515665 	Best Valid Acc: 0.715919
Epoch: 150 	Training Cost: 7732.613747	 Valid Acc: 0.6847304544171606 	Best Valid Acc: 0.715919
Epoch: 151 	Training Cost: 7706.246504	 Valid Acc: 0.6843070843917584 	Best Valid Acc: 0.715919
Epoch: 152 	Training Cost: 7679.404428	 Valid Acc: 0.6852949477843635 	Best Valid Acc: 0.715919
Epoch: 153 	Training Cost: 7652.574597	 Valid Acc: 0.6851538244425628 	Best Valid Acc: 0.715919
Epoch: 154 	Training Cost: 7625.307020	 Valid Acc: 0.6840248377081569 	Best Valid Acc: 0.715919
Epoch: 155 	Training Cost: 7598.146622	 Valid Acc: 0.6824724809483489 	Best Valid Acc: 0.715919
Epoch: 156 	Training Cost: 7570.415569	 Valid Acc: 0.683460344340954 	Best Valid Acc: 0.715919
Epoch: 157 	Training Cost: 7544.511506	 Valid Acc: 0.6827547276319503 	Best Valid Acc: 0.715919
Epoch: 158 	Training Cost: 7517.300420	 Valid Acc: 0.6837425910245555 	Best Valid Acc: 0.715919
Epoch: 159 	Training Cost: 7490.559525	 Valid Acc: 0.6827547276319503 	Best Valid Acc: 0.715919
Epoch: 160 	Training Cost: 7464.021269	 Valid Acc: 0.6837425910245555 	Best Valid Acc: 0.715919
Epoch: 161 	Training Cost: 7439.756757	 Valid Acc: 0.6833192209991532 	Best Valid Acc: 0.715919
Epoch: 162 	Training Cost: 7412.337291	 Valid Acc: 0.6844482077335591 	Best Valid Acc: 0.715919
Epoch: 163 	Training Cost: 7386.071338	 Valid Acc: 0.683460344340954 	Best Valid Acc: 0.715919
Epoch: 164 	Training Cost: 7360.969314	 Valid Acc: 0.6843070843917584 	Best Valid Acc: 0.715919
Epoch: 165 	Training Cost: 7336.766793	 Valid Acc: 0.6838837143663562 	Best Valid Acc: 0.715919
Epoch: 166 	Training Cost: 7311.567963	 Valid Acc: 0.6824724809483489 	Best Valid Acc: 0.715919
Epoch: 167 	Training Cost: 7288.484936	 Valid Acc: 0.683460344340954 	Best Valid Acc: 0.715919
Epoch: 168 	Training Cost: 7262.878896	 Valid Acc: 0.6830369743155518 	Best Valid Acc: 0.715919
Epoch: 169 	Training Cost: 7239.553743	 Valid Acc: 0.6826136042901496 	Best Valid Acc: 0.715919
Epoch: 170 	Training Cost: 7215.280226	 Valid Acc: 0.6817668642393452 	Best Valid Acc: 0.715919
Epoch: 171 	Training Cost: 7194.574818	 Valid Acc: 0.6833192209991532 	Best Valid Acc: 0.715919
Epoch: 172 	Training Cost: 7168.220224	 Valid Acc: 0.68077900084674 	Best Valid Acc: 0.715919
Epoch: 173 	Training Cost: 7147.494597	 Valid Acc: 0.6833192209991532 	Best Valid Acc: 0.715919
Epoch: 174 	Training Cost: 7125.916925	 Valid Acc: 0.6809201241885408 	Best Valid Acc: 0.715919
Epoch: 175 	Training Cost: 7103.041239	 Valid Acc: 0.6819079875811459 	Best Valid Acc: 0.715919
Epoch: 176 	Training Cost: 7079.607891	 Valid Acc: 0.6806378775049393 	Best Valid Acc: 0.715919
Epoch: 177 	Training Cost: 7058.517703	 Valid Acc: 0.6817668642393452 	Best Valid Acc: 0.715919
Epoch: 178 	Training Cost: 7037.178097	 Valid Acc: 0.6783799040361276 	Best Valid Acc: 0.715919
Epoch: 179 	Training Cost: 7016.783883	 Valid Acc: 0.6826136042901496 	Best Valid Acc: 0.715919
Epoch: 180 	Training Cost: 6992.943157	 Valid Acc: 0.6778154106689246 	Best Valid Acc: 0.715919
Epoch: 181 	Training Cost: 6972.804050	 Valid Acc: 0.6827547276319503 	Best Valid Acc: 0.715919
Epoch: 182 	Training Cost: 6953.348652	 Valid Acc: 0.678662150719729 	Best Valid Acc: 0.715919
Epoch: 183 	Training Cost: 6934.756721	 Valid Acc: 0.6809201241885408 	Best Valid Acc: 0.715919
Epoch: 184 	Training Cost: 6911.178315	 Valid Acc: 0.6785210273779283 	Best Valid Acc: 0.715919
Epoch: 185 	Training Cost: 6890.219460	 Valid Acc: 0.679226644086932 	Best Valid Acc: 0.715919
Epoch: 186 	Training Cost: 6872.727297	 Valid Acc: 0.6785210273779283 	Best Valid Acc: 0.715919
Epoch: 187 	Training Cost: 6852.858235	 Valid Acc: 0.68077900084674 	Best Valid Acc: 0.715919
Epoch: 188 	Training Cost: 6833.132527	 Valid Acc: 0.678662150719729 	Best Valid Acc: 0.715919
Epoch: 189 	Training Cost: 6809.743631	 Valid Acc: 0.6806378775049393 	Best Valid Acc: 0.715919
Epoch: 190 	Training Cost: 6792.489346	 Valid Acc: 0.6785210273779283 	Best Valid Acc: 0.715919
Epoch: 191 	Training Cost: 6775.337603	 Valid Acc: 0.6789443974033305 	Best Valid Acc: 0.715919
Epoch: 192 	Training Cost: 6753.489367	 Valid Acc: 0.6782387806943269 	Best Valid Acc: 0.715919
Epoch: 193 	Training Cost: 6733.558979	 Valid Acc: 0.6803556308213379 	Best Valid Acc: 0.715919
Epoch: 194 	Training Cost: 6717.561160	 Valid Acc: 0.6778154106689246 	Best Valid Acc: 0.715919
Epoch: 195 	Training Cost: 6698.715187	 Valid Acc: 0.6776742873271239 	Best Valid Acc: 0.715919
Epoch: 196 	Training Cost: 6673.429840	 Valid Acc: 0.6776742873271239 	Best Valid Acc: 0.715919
Epoch: 197 	Training Cost: 6655.895179	 Valid Acc: 0.6776742873271239 	Best Valid Acc: 0.715919
Epoch: 198 	Training Cost: 6638.966245	 Valid Acc: 0.6778154106689246 	Best Valid Acc: 0.715919
Epoch: 199 	Training Cost: 6622.334037	 Valid Acc: 0.679226644086932 	Best Valid Acc: 0.715919
Epoch: 200 	Training Cost: 6600.567347	 Valid Acc: 0.6769686706181203 	Best Valid Acc: 0.715919
lr=2e-05, lamb=0, num_epoch=200, test_acc=0.6740050804403048
----------------------------------------------------------
----------------------------------------------------------
lr=2e-05, lamb=0.0001, num_epoch=200
Epoch: 1 	Training Cost: 13280.858717	 Valid Acc: 0.6693480101608806 	Best Valid Acc: 0.669348
Epoch: 2 	Training Cost: 11773.025164	 Valid Acc: 0.679226644086932 	Best Valid Acc: 0.679227
Epoch: 3 	Training Cost: 11533.288973	 Valid Acc: 0.6814846175557437 	Best Valid Acc: 0.681485
Epoch: 4 	Training Cost: 11468.239631	 Valid Acc: 0.6827547276319503 	Best Valid Acc: 0.682755
Epoch: 5 	Training Cost: 11437.676116	 Valid Acc: 0.6830369743155518 	Best Valid Acc: 0.683037
Epoch: 6 	Training Cost: 11415.322068	 Valid Acc: 0.6845893310753599 	Best Valid Acc: 0.684589
Epoch: 7 	Training Cost: 11389.503279	 Valid Acc: 0.6843070843917584 	Best Valid Acc: 0.684589
Epoch: 8 	Training Cost: 11346.117506	 Valid Acc: 0.6848715777589613 	Best Valid Acc: 0.684872
Epoch: 9 	Training Cost: 11257.784309	 Valid Acc: 0.6847304544171606 	Best Valid Acc: 0.684872
Epoch: 10 	Training Cost: 11110.373214	 Valid Acc: 0.6886819079875811 	Best Valid Acc: 0.688682
Epoch: 11 	Training Cost: 10946.493552	 Valid Acc: 0.6916454981653966 	Best Valid Acc: 0.691645
Epoch: 12 	Training Cost: 10791.149176	 Valid Acc: 0.6955969517358171 	Best Valid Acc: 0.695597
Epoch: 13 	Training Cost: 10653.024214	 Valid Acc: 0.6987016652554332 	Best Valid Acc: 0.698702
Epoch: 14 	Training Cost: 10534.677200	 Valid Acc: 0.7029353655094552 	Best Valid Acc: 0.702935
Epoch: 15 	Training Cost: 10434.276903	 Valid Acc: 0.7036409822184589 	Best Valid Acc: 0.703641
Epoch: 16 	Training Cost: 10349.641377	 Valid Acc: 0.7050522156364663 	Best Valid Acc: 0.705052
Epoch: 17 	Training Cost: 10278.118210	 Valid Acc: 0.7049110922946655 	Best Valid Acc: 0.705052
Epoch: 18 	Training Cost: 10216.759333	 Valid Acc: 0.7056167090036692 	Best Valid Acc: 0.705617
Epoch: 19 	Training Cost: 10164.110877	 Valid Acc: 0.7081569291560824 	Best Valid Acc: 0.708157
Epoch: 20 	Training Cost: 10119.191292	 Valid Acc: 0.7074513124470787 	Best Valid Acc: 0.708157
Epoch: 21 	Training Cost: 10080.159080	 Valid Acc: 0.7068868190798758 	Best Valid Acc: 0.708157
Epoch: 22 	Training Cost: 10045.631656	 Valid Acc: 0.7074513124470787 	Best Valid Acc: 0.708157
Epoch: 23 	Training Cost: 10014.716063	 Valid Acc: 0.7101326559412927 	Best Valid Acc: 0.710133
Epoch: 24 	Training Cost: 9986.659967	 Valid Acc: 0.7104149026248942 	Best Valid Acc: 0.710415
Epoch: 25 	Training Cost: 9960.868496	 Valid Acc: 0.7105560259666949 	Best Valid Acc: 0.710556
Epoch: 26 	Training Cost: 9936.924977	 Valid Acc: 0.7108382726502963 	Best Valid Acc: 0.710838
Epoch: 27 	Training Cost: 9914.449729	 Valid Acc: 0.7097092859158904 	Best Valid Acc: 0.710838
Epoch: 28 	Training Cost: 9893.121496	 Valid Acc: 0.7106971493084956 	Best Valid Acc: 0.710838
Epoch: 29 	Training Cost: 9872.877558	 Valid Acc: 0.7112616426756986 	Best Valid Acc: 0.711262
Epoch: 30 	Training Cost: 9853.571582	 Valid Acc: 0.7128139994355066 	Best Valid Acc: 0.712814
Epoch: 31 	Training Cost: 9835.016827	 Valid Acc: 0.7138018628281118 	Best Valid Acc: 0.713802
Epoch: 32 	Training Cost: 9817.177266	 Valid Acc: 0.7133784928027096 	Best Valid Acc: 0.713802
Epoch: 33 	Training Cost: 9800.225668	 Valid Acc: 0.7119672593847022 	Best Valid Acc: 0.713802
Epoch: 34 	Training Cost: 9784.094520	 Valid Acc: 0.7115438893593 	Best Valid Acc: 0.713802
Epoch: 35 	Training Cost: 9768.848397	 Valid Acc: 0.712108382726503 	Best Valid Acc: 0.713802
Epoch: 36 	Training Cost: 9754.307535	 Valid Acc: 0.7125317527519052 	Best Valid Acc: 0.713802
Epoch: 37 	Training Cost: 9740.532560	 Valid Acc: 0.7132373694609089 	Best Valid Acc: 0.713802
Epoch: 38 	Training Cost: 9727.626465	 Valid Acc: 0.713096246119108 	Best Valid Acc: 0.713802
Epoch: 39 	Training Cost: 9715.580766	 Valid Acc: 0.7126728760937059 	Best Valid Acc: 0.713802
Epoch: 40 	Training Cost: 9704.301487	 Valid Acc: 0.7119672593847022 	Best Valid Acc: 0.713802
Epoch: 41 	Training Cost: 9693.522482	 Valid Acc: 0.712108382726503 	Best Valid Acc: 0.713802
Epoch: 42 	Training Cost: 9683.430208	 Valid Acc: 0.7118261360429015 	Best Valid Acc: 0.713802
Epoch: 43 	Training Cost: 9673.817170	 Valid Acc: 0.7112616426756986 	Best Valid Acc: 0.713802
Epoch: 44 	Training Cost: 9665.168509	 Valid Acc: 0.7108382726502963 	Best Valid Acc: 0.713802
Epoch: 45 	Training Cost: 9657.063202	 Valid Acc: 0.712108382726503 	Best Valid Acc: 0.713802
Epoch: 46 	Training Cost: 9650.094141	 Valid Acc: 0.7106971493084956 	Best Valid Acc: 0.713802
Epoch: 47 	Training Cost: 9642.134533	 Valid Acc: 0.7135196161445103 	Best Valid Acc: 0.713802
Epoch: 48 	Training Cost: 9635.222615	 Valid Acc: 0.7128139994355066 	Best Valid Acc: 0.713802
Epoch: 49 	Training Cost: 9628.269510	 Valid Acc: 0.7129551227773073 	Best Valid Acc: 0.713802
Epoch: 50 	Training Cost: 9622.145464	 Valid Acc: 0.7122495060683037 	Best Valid Acc: 0.713802
Epoch: 51 	Training Cost: 9616.288674	 Valid Acc: 0.7123906294101044 	Best Valid Acc: 0.713802
Epoch: 52 	Training Cost: 9611.758096	 Valid Acc: 0.7123906294101044 	Best Valid Acc: 0.713802
Epoch: 53 	Training Cost: 9605.960034	 Valid Acc: 0.7108382726502963 	Best Valid Acc: 0.713802
Epoch: 54 	Training Cost: 9601.426573	 Valid Acc: 0.7114027660174993 	Best Valid Acc: 0.713802
Epoch: 55 	Training Cost: 9595.904206	 Valid Acc: 0.7126728760937059 	Best Valid Acc: 0.713802
Epoch: 56 	Training Cost: 9590.902915	 Valid Acc: 0.7125317527519052 	Best Valid Acc: 0.713802
Epoch: 57 	Training Cost: 9586.757950	 Valid Acc: 0.7108382726502963 	Best Valid Acc: 0.713802
Epoch: 58 	Training Cost: 9582.060806	 Valid Acc: 0.7139429861699125 	Best Valid Acc: 0.713943
Epoch: 59 	Training Cost: 9578.108793	 Valid Acc: 0.7125317527519052 	Best Valid Acc: 0.713943
Epoch: 60 	Training Cost: 9572.667224	 Valid Acc: 0.7125317527519052 	Best Valid Acc: 0.713943
Epoch: 61 	Training Cost: 9567.603778	 Valid Acc: 0.7115438893593 	Best Valid Acc: 0.713943
Epoch: 62 	Training Cost: 9563.529748	 Valid Acc: 0.7140841095117132 	Best Valid Acc: 0.714084
Epoch: 63 	Training Cost: 9558.006640	 Valid Acc: 0.7129551227773073 	Best Valid Acc: 0.714084
Epoch: 64 	Training Cost: 9553.361490	 Valid Acc: 0.7139429861699125 	Best Valid Acc: 0.714084
Epoch: 65 	Training Cost: 9548.856450	 Valid Acc: 0.713660739486311 	Best Valid Acc: 0.714084
Epoch: 66 	Training Cost: 9540.995223	 Valid Acc: 0.714225232853514 	Best Valid Acc: 0.714225
Epoch: 67 	Training Cost: 9534.943403	 Valid Acc: 0.7156364662715213 	Best Valid Acc: 0.715636
Epoch: 68 	Training Cost: 9528.200378	 Valid Acc: 0.7132373694609089 	Best Valid Acc: 0.715636
Epoch: 69 	Training Cost: 9519.534948	 Valid Acc: 0.7147897262207169 	Best Valid Acc: 0.715636
Epoch: 70 	Training Cost: 9510.245533	 Valid Acc: 0.7135196161445103 	Best Valid Acc: 0.715636
Epoch: 71 	Training Cost: 9497.750293	 Valid Acc: 0.7132373694609089 	Best Valid Acc: 0.715636
Epoch: 72 	Training Cost: 9481.643012	 Valid Acc: 0.714225232853514 	Best Valid Acc: 0.715636
Epoch: 73 	Training Cost: 9460.704725	 Valid Acc: 0.7135196161445103 	Best Valid Acc: 0.715636
Epoch: 74 	Training Cost: 9435.771475	 Valid Acc: 0.7132373694609089 	Best Valid Acc: 0.715636
Epoch: 75 	Training Cost: 9408.792449	 Valid Acc: 0.7139429861699125 	Best Valid Acc: 0.715636
Epoch: 76 	Training Cost: 9377.581884	 Valid Acc: 0.7126728760937059 	Best Valid Acc: 0.715636
Epoch: 77 	Training Cost: 9346.432044	 Valid Acc: 0.7139429861699125 	Best Valid Acc: 0.715636
Epoch: 78 	Training Cost: 9316.434994	 Valid Acc: 0.7129551227773073 	Best Valid Acc: 0.715636
Epoch: 79 	Training Cost: 9289.074327	 Valid Acc: 0.7115438893593 	Best Valid Acc: 0.715636
Epoch: 80 	Training Cost: 9265.183772	 Valid Acc: 0.7119672593847022 	Best Valid Acc: 0.715636
Epoch: 81 	Training Cost: 9238.858292	 Valid Acc: 0.7090036692068868 	Best Valid Acc: 0.715636
Epoch: 82 	Training Cost: 9218.897868	 Valid Acc: 0.7104149026248942 	Best Valid Acc: 0.715636
Epoch: 83 	Training Cost: 9200.566745	 Valid Acc: 0.7085802991814846 	Best Valid Acc: 0.715636
Epoch: 84 	Training Cost: 9182.813931	 Valid Acc: 0.7092859158904883 	Best Valid Acc: 0.715636
Epoch: 85 	Training Cost: 9163.068847	 Valid Acc: 0.7066045723962744 	Best Valid Acc: 0.715636
Epoch: 86 	Training Cost: 9147.486936	 Valid Acc: 0.7060400790290714 	Best Valid Acc: 0.715636
Epoch: 87 	Training Cost: 9132.888812	 Valid Acc: 0.707310189105278 	Best Valid Acc: 0.715636
Epoch: 88 	Training Cost: 9117.331211	 Valid Acc: 0.7047699689528648 	Best Valid Acc: 0.715636
Epoch: 89 	Training Cost: 9103.001991	 Valid Acc: 0.7039232289020604 	Best Valid Acc: 0.715636
Epoch: 90 	Training Cost: 9089.004764	 Valid Acc: 0.7047699689528648 	Best Valid Acc: 0.715636
Epoch: 91 	Training Cost: 9073.692468	 Valid Acc: 0.7033587355348575 	Best Valid Acc: 0.715636
Epoch: 92 	Training Cost: 9060.809372	 Valid Acc: 0.7043465989274627 	Best Valid Acc: 0.715636
Epoch: 93 	Training Cost: 9047.949687	 Valid Acc: 0.7027942421676545 	Best Valid Acc: 0.715636
Epoch: 94 	Training Cost: 9034.686736	 Valid Acc: 0.7022297488004516 	Best Valid Acc: 0.715636
Epoch: 95 	Training Cost: 9020.043764	 Valid Acc: 0.7036409822184589 	Best Valid Acc: 0.715636
Epoch: 96 	Training Cost: 9008.504469	 Valid Acc: 0.7012418854078465 	Best Valid Acc: 0.715636
Epoch: 97 	Training Cost: 8994.523121	 Valid Acc: 0.7026531188258538 	Best Valid Acc: 0.715636
Epoch: 98 	Training Cost: 8982.796768	 Valid Acc: 0.7002540220152413 	Best Valid Acc: 0.715636
Epoch: 99 	Training Cost: 8970.023500	 Valid Acc: 0.7018063787750494 	Best Valid Acc: 0.715636
Epoch: 100 	Training Cost: 8957.619373	 Valid Acc: 0.7016652554332486 	Best Valid Acc: 0.715636
Epoch: 101 	Training Cost: 8943.776009	 Valid Acc: 0.7013830087496472 	Best Valid Acc: 0.715636
Epoch: 102 	Training Cost: 8932.276463	 Valid Acc: 0.7005362686988428 	Best Valid Acc: 0.715636
Epoch: 103 	Training Cost: 8919.672717	 Valid Acc: 0.7001128986734406 	Best Valid Acc: 0.715636
Epoch: 104 	Training Cost: 8907.939734	 Valid Acc: 0.6995484053062376 	Best Valid Acc: 0.715636
Epoch: 105 	Training Cost: 8895.671522	 Valid Acc: 0.6991250352808355 	Best Valid Acc: 0.715636
Epoch: 106 	Training Cost: 8883.486589	 Valid Acc: 0.7015241320914479 	Best Valid Acc: 0.715636
Epoch: 107 	Training Cost: 8870.940416	 Valid Acc: 0.6970081851538245 	Best Valid Acc: 0.715636
Epoch: 108 	Training Cost: 8857.793425	 Valid Acc: 0.6981371718882303 	Best Valid Acc: 0.715636
Epoch: 109 	Training Cost: 8847.858036	 Valid Acc: 0.6968670618120237 	Best Valid Acc: 0.715636
Epoch: 110 	Training Cost: 8835.696086	 Valid Acc: 0.6965848151284222 	Best Valid Acc: 0.715636
Epoch: 111 	Training Cost: 8822.972756	 Valid Acc: 0.6971493084956252 	Best Valid Acc: 0.715636
Epoch: 112 	Training Cost: 8810.366462	 Valid Acc: 0.6958791984194186 	Best Valid Acc: 0.715636
Epoch: 113 	Training Cost: 8799.022739	 Valid Acc: 0.6960203217612193 	Best Valid Acc: 0.715636
Epoch: 114 	Training Cost: 8788.558497	 Valid Acc: 0.6947502116850127 	Best Valid Acc: 0.715636
Epoch: 115 	Training Cost: 8775.211032	 Valid Acc: 0.6971493084956252 	Best Valid Acc: 0.715636
Epoch: 116 	Training Cost: 8762.098368	 Valid Acc: 0.6965848151284222 	Best Valid Acc: 0.715636
Epoch: 117 	Training Cost: 8751.874260	 Valid Acc: 0.6947502116850127 	Best Valid Acc: 0.715636
Epoch: 118 	Training Cost: 8741.792377	 Valid Acc: 0.6957380750776179 	Best Valid Acc: 0.715636
Epoch: 119 	Training Cost: 8728.599841	 Valid Acc: 0.6971493084956252 	Best Valid Acc: 0.715636
Epoch: 120 	Training Cost: 8714.997799	 Valid Acc: 0.6964436917866215 	Best Valid Acc: 0.715636
Epoch: 121 	Training Cost: 8703.680414	 Valid Acc: 0.6964436917866215 	Best Valid Acc: 0.715636
Epoch: 122 	Training Cost: 8691.748947	 Valid Acc: 0.6948913350268134 	Best Valid Acc: 0.715636
Epoch: 123 	Training Cost: 8679.580720	 Valid Acc: 0.6968670618120237 	Best Valid Acc: 0.715636
Epoch: 124 	Training Cost: 8667.433970	 Valid Acc: 0.694609088343212 	Best Valid Acc: 0.715636
Epoch: 125 	Training Cost: 8655.521959	 Valid Acc: 0.6977138018628282 	Best Valid Acc: 0.715636
Epoch: 126 	Training Cost: 8644.567570	 Valid Acc: 0.694609088343212 	Best Valid Acc: 0.715636
Epoch: 127 	Training Cost: 8630.744208	 Valid Acc: 0.6963025684448207 	Best Valid Acc: 0.715636
Epoch: 128 	Training Cost: 8617.744063	 Valid Acc: 0.6947502116850127 	Best Valid Acc: 0.715636
Epoch: 129 	Training Cost: 8608.765267	 Valid Acc: 0.6948913350268134 	Best Valid Acc: 0.715636
Epoch: 130 	Training Cost: 8595.139443	 Valid Acc: 0.6937623482924076 	Best Valid Acc: 0.715636
Epoch: 131 	Training Cost: 8584.060028	 Valid Acc: 0.696725938470223 	Best Valid Acc: 0.715636
Epoch: 132 	Training Cost: 8571.683829	 Valid Acc: 0.6930567315834039 	Best Valid Acc: 0.715636
Epoch: 133 	Training Cost: 8558.183920	 Valid Acc: 0.6944679650014113 	Best Valid Acc: 0.715636
Epoch: 134 	Training Cost: 8546.566680	 Valid Acc: 0.6934801016088061 	Best Valid Acc: 0.715636
Epoch: 135 	Training Cost: 8536.742262	 Valid Acc: 0.694044594976009 	Best Valid Acc: 0.715636
Epoch: 136 	Training Cost: 8523.627320	 Valid Acc: 0.6933389782670054 	Best Valid Acc: 0.715636
Epoch: 137 	Training Cost: 8511.297911	 Valid Acc: 0.6926333615580017 	Best Valid Acc: 0.715636
Epoch: 138 	Training Cost: 8496.678984	 Valid Acc: 0.6947502116850127 	Best Valid Acc: 0.715636
Epoch: 139 	Training Cost: 8488.842218	 Valid Acc: 0.6907987581145921 	Best Valid Acc: 0.715636
Epoch: 140 	Training Cost: 8477.055400	 Valid Acc: 0.6930567315834039 	Best Valid Acc: 0.715636
Epoch: 141 	Training Cost: 8463.504378	 Valid Acc: 0.6927744848998024 	Best Valid Acc: 0.715636
Epoch: 142 	Training Cost: 8451.535277	 Valid Acc: 0.6930567315834039 	Best Valid Acc: 0.715636
Epoch: 143 	Training Cost: 8440.277757	 Valid Acc: 0.6922099915325995 	Best Valid Acc: 0.715636
Epoch: 144 	Training Cost: 8426.590727	 Valid Acc: 0.6936212249506069 	Best Valid Acc: 0.715636
Epoch: 145 	Training Cost: 8413.626394	 Valid Acc: 0.6930567315834039 	Best Valid Acc: 0.715636
Epoch: 146 	Training Cost: 8402.874303	 Valid Acc: 0.6923511148744003 	Best Valid Acc: 0.715636
Epoch: 147 	Training Cost: 8388.445252	 Valid Acc: 0.6907987581145921 	Best Valid Acc: 0.715636
Epoch: 148 	Training Cost: 8375.211285	 Valid Acc: 0.6927744848998024 	Best Valid Acc: 0.715636
Epoch: 149 	Training Cost: 8365.859682	 Valid Acc: 0.6892464013547841 	Best Valid Acc: 0.715636
Epoch: 150 	Training Cost: 8352.951874	 Valid Acc: 0.6927744848998024 	Best Valid Acc: 0.715636
Epoch: 151 	Training Cost: 8340.346267	 Valid Acc: 0.6913632514817951 	Best Valid Acc: 0.715636
Epoch: 152 	Training Cost: 8328.673435	 Valid Acc: 0.6913632514817951 	Best Valid Acc: 0.715636
Epoch: 153 	Training Cost: 8312.953010	 Valid Acc: 0.6920688681907987 	Best Valid Acc: 0.715636
Epoch: 154 	Training Cost: 8303.477058	 Valid Acc: 0.6912221281399944 	Best Valid Acc: 0.715636
Epoch: 155 	Training Cost: 8289.618835	 Valid Acc: 0.69037538808919 	Best Valid Acc: 0.715636
Epoch: 156 	Training Cost: 8279.323440	 Valid Acc: 0.6912221281399944 	Best Valid Acc: 0.715636
Epoch: 157 	Training Cost: 8267.521415	 Valid Acc: 0.6915043748235958 	Best Valid Acc: 0.715636
Epoch: 158 	Training Cost: 8253.085512	 Valid Acc: 0.6910810047981937 	Best Valid Acc: 0.715636
Epoch: 159 	Training Cost: 8240.377648	 Valid Acc: 0.6905165114309907 	Best Valid Acc: 0.715636
Epoch: 160 	Training Cost: 8227.890148	 Valid Acc: 0.6912221281399944 	Best Valid Acc: 0.715636
Epoch: 161 	Training Cost: 8219.085667	 Valid Acc: 0.6881174146203782 	Best Valid Acc: 0.715636
Epoch: 162 	Training Cost: 8202.332230	 Valid Acc: 0.6902342647473892 	Best Valid Acc: 0.715636
Epoch: 163 	Training Cost: 8189.771364	 Valid Acc: 0.69037538808919 	Best Valid Acc: 0.715636
Epoch: 164 	Training Cost: 8182.163199	 Valid Acc: 0.6883996613039797 	Best Valid Acc: 0.715636
Epoch: 165 	Training Cost: 8164.462098	 Valid Acc: 0.69037538808919 	Best Valid Acc: 0.715636
Epoch: 166 	Training Cost: 8155.921134	 Valid Acc: 0.6858594411515665 	Best Valid Acc: 0.715636
Epoch: 167 	Training Cost: 8145.976369	 Valid Acc: 0.6886819079875811 	Best Valid Acc: 0.715636
Epoch: 168 	Training Cost: 8126.202451	 Valid Acc: 0.6875529212531752 	Best Valid Acc: 0.715636
Epoch: 169 	Training Cost: 8117.444724	 Valid Acc: 0.6871295512277731 	Best Valid Acc: 0.715636
Epoch: 170 	Training Cost: 8111.172240	 Valid Acc: 0.6871295512277731 	Best Valid Acc: 0.715636
Epoch: 171 	Training Cost: 8094.237921	 Valid Acc: 0.6883996613039797 	Best Valid Acc: 0.715636
Epoch: 172 	Training Cost: 8082.419819	 Valid Acc: 0.6868473045441716 	Best Valid Acc: 0.715636
Epoch: 173 	Training Cost: 8070.731327	 Valid Acc: 0.6874117979113745 	Best Valid Acc: 0.715636
Epoch: 174 	Training Cost: 8054.952548	 Valid Acc: 0.6864239345187694 	Best Valid Acc: 0.715636
Epoch: 175 	Training Cost: 8044.239702	 Valid Acc: 0.6860005644933672 	Best Valid Acc: 0.715636
Epoch: 176 	Training Cost: 8035.903710	 Valid Acc: 0.6861416878351679 	Best Valid Acc: 0.715636
Epoch: 177 	Training Cost: 8020.379760	 Valid Acc: 0.6885407846457804 	Best Valid Acc: 0.715636
Epoch: 178 	Training Cost: 8007.535290	 Valid Acc: 0.6862828111769687 	Best Valid Acc: 0.715636
Epoch: 179 	Training Cost: 8001.241360	 Valid Acc: 0.6855771944679651 	Best Valid Acc: 0.715636
Epoch: 180 	Training Cost: 7986.651399	 Valid Acc: 0.6885407846457804 	Best Valid Acc: 0.715636
Epoch: 181 	Training Cost: 7973.491404	 Valid Acc: 0.6844482077335591 	Best Valid Acc: 0.715636
Epoch: 182 	Training Cost: 7965.451653	 Valid Acc: 0.6855771944679651 	Best Valid Acc: 0.715636
Epoch: 183 	Training Cost: 7953.868941	 Valid Acc: 0.6855771944679651 	Best Valid Acc: 0.715636
Epoch: 184 	Training Cost: 7938.342677	 Valid Acc: 0.6860005644933672 	Best Valid Acc: 0.715636
Epoch: 185 	Training Cost: 7926.051921	 Valid Acc: 0.6848715777589613 	Best Valid Acc: 0.715636
Epoch: 186 	Training Cost: 7917.569172	 Valid Acc: 0.6860005644933672 	Best Valid Acc: 0.715636
Epoch: 187 	Training Cost: 7905.821117	 Valid Acc: 0.6864239345187694 	Best Valid Acc: 0.715636
Epoch: 188 	Training Cost: 7892.946883	 Valid Acc: 0.6860005644933672 	Best Valid Acc: 0.715636
Epoch: 189 	Training Cost: 7881.422234	 Valid Acc: 0.6852949477843635 	Best Valid Acc: 0.715636
Epoch: 190 	Training Cost: 7870.821080	 Valid Acc: 0.6830369743155518 	Best Valid Acc: 0.715636
Epoch: 191 	Training Cost: 7861.408911	 Valid Acc: 0.6847304544171606 	Best Valid Acc: 0.715636
Epoch: 192 	Training Cost: 7850.469617	 Valid Acc: 0.6860005644933672 	Best Valid Acc: 0.715636
Epoch: 193 	Training Cost: 7834.454787	 Valid Acc: 0.6850127011007621 	Best Valid Acc: 0.715636
Epoch: 194 	Training Cost: 7824.497539	 Valid Acc: 0.6861416878351679 	Best Valid Acc: 0.715636
Epoch: 195 	Training Cost: 7815.944843	 Valid Acc: 0.6831780976573525 	Best Valid Acc: 0.715636
Epoch: 196 	Training Cost: 7804.654480	 Valid Acc: 0.6850127011007621 	Best Valid Acc: 0.715636
Epoch: 197 	Training Cost: 7791.860987	 Valid Acc: 0.6826136042901496 	Best Valid Acc: 0.715636
Epoch: 198 	Training Cost: 7780.421863	 Valid Acc: 0.6850127011007621 	Best Valid Acc: 0.715636
Epoch: 199 	Training Cost: 7771.886132	 Valid Acc: 0.682895850973751 	Best Valid Acc: 0.715636
Epoch: 200 	Training Cost: 7758.437043	 Valid Acc: 0.6855771944679651 	Best Valid Acc: 0.715636
lr=2e-05, lamb=0.0001, num_epoch=200, test_acc=0.689810894721987
----------------------------------------------------------
----------------------------------------------------------
lr=2e-05, lamb=0.001, num_epoch=200
Epoch: 1 	Training Cost: 13479.195966	 Valid Acc: 0.6734405870731018 	Best Valid Acc: 0.673441
Epoch: 2 	Training Cost: 11991.013340	 Valid Acc: 0.6799322607959356 	Best Valid Acc: 0.679932
Epoch: 3 	Training Cost: 11753.679003	 Valid Acc: 0.6810612475303415 	Best Valid Acc: 0.681061
Epoch: 4 	Training Cost: 11677.324245	 Valid Acc: 0.6843070843917584 	Best Valid Acc: 0.684307
Epoch: 5 	Training Cost: 11638.774432	 Valid Acc: 0.6840248377081569 	Best Valid Acc: 0.684307
Epoch: 6 	Training Cost: 11611.221918	 Valid Acc: 0.6848715777589613 	Best Valid Acc: 0.684872
Epoch: 7 	Training Cost: 11583.254246	 Valid Acc: 0.6854360711261642 	Best Valid Acc: 0.685436
Epoch: 8 	Training Cost: 11546.443782	 Valid Acc: 0.6862828111769687 	Best Valid Acc: 0.686283
Epoch: 9 	Training Cost: 11489.413805	 Valid Acc: 0.6837425910245555 	Best Valid Acc: 0.686283
Epoch: 10 	Training Cost: 11397.389564	 Valid Acc: 0.6844482077335591 	Best Valid Acc: 0.686283
Epoch: 11 	Training Cost: 11268.316248	 Valid Acc: 0.6899520180637877 	Best Valid Acc: 0.689952
Epoch: 12 	Training Cost: 11117.952054	 Valid Acc: 0.6931978549252046 	Best Valid Acc: 0.693198
Epoch: 13 	Training Cost: 10962.829948	 Valid Acc: 0.6994072819644369 	Best Valid Acc: 0.699407
Epoch: 14 	Training Cost: 10823.198656	 Valid Acc: 0.6984194185718318 	Best Valid Acc: 0.699407
Epoch: 15 	Training Cost: 10706.589856	 Valid Acc: 0.7025119954840531 	Best Valid Acc: 0.702512
Epoch: 16 	Training Cost: 10609.832060	 Valid Acc: 0.7034998588766582 	Best Valid Acc: 0.703500
Epoch: 17 	Training Cost: 10528.651582	 Valid Acc: 0.7040643522438611 	Best Valid Acc: 0.704064
Epoch: 18 	Training Cost: 10459.944409	 Valid Acc: 0.7060400790290714 	Best Valid Acc: 0.706040
Epoch: 19 	Training Cost: 10401.835406	 Valid Acc: 0.7066045723962744 	Best Valid Acc: 0.706605
Epoch: 20 	Training Cost: 10352.704492	 Valid Acc: 0.7067456957380751 	Best Valid Acc: 0.706746
Epoch: 21 	Training Cost: 10310.709831	 Valid Acc: 0.7063223257126728 	Best Valid Acc: 0.706746
Epoch: 22 	Training Cost: 10274.459146	 Valid Acc: 0.707874682472481 	Best Valid Acc: 0.707875
Epoch: 23 	Training Cost: 10242.595969	 Valid Acc: 0.7092859158904883 	Best Valid Acc: 0.709286
Epoch: 24 	Training Cost: 10214.251362	 Valid Acc: 0.7101326559412927 	Best Valid Acc: 0.710133
Epoch: 25 	Training Cost: 10188.629288	 Valid Acc: 0.7119672593847022 	Best Valid Acc: 0.711967
Epoch: 26 	Training Cost: 10165.199345	 Valid Acc: 0.7126728760937059 	Best Valid Acc: 0.712673
Epoch: 27 	Training Cost: 10143.446507	 Valid Acc: 0.7119672593847022 	Best Valid Acc: 0.712673
Epoch: 28 	Training Cost: 10123.072055	 Valid Acc: 0.7128139994355066 	Best Valid Acc: 0.712814
Epoch: 29 	Training Cost: 10103.770301	 Valid Acc: 0.712108382726503 	Best Valid Acc: 0.712814
Epoch: 30 	Training Cost: 10085.492400	 Valid Acc: 0.712108382726503 	Best Valid Acc: 0.712814
Epoch: 31 	Training Cost: 10068.010856	 Valid Acc: 0.7115438893593 	Best Valid Acc: 0.712814
Epoch: 32 	Training Cost: 10051.352666	 Valid Acc: 0.7108382726502963 	Best Valid Acc: 0.712814
Epoch: 33 	Training Cost: 10035.359009	 Valid Acc: 0.7109793959920971 	Best Valid Acc: 0.712814
Epoch: 34 	Training Cost: 10020.148492	 Valid Acc: 0.7102737792830934 	Best Valid Acc: 0.712814
Epoch: 35 	Training Cost: 10005.564744	 Valid Acc: 0.7111205193338979 	Best Valid Acc: 0.712814
Epoch: 36 	Training Cost: 9991.509317	 Valid Acc: 0.712108382726503 	Best Valid Acc: 0.712814
Epoch: 37 	Training Cost: 9978.087500	 Valid Acc: 0.7133784928027096 	Best Valid Acc: 0.713378
Epoch: 38 	Training Cost: 9965.179846	 Valid Acc: 0.714225232853514 	Best Valid Acc: 0.714225
Epoch: 39 	Training Cost: 9952.846495	 Valid Acc: 0.7135196161445103 	Best Valid Acc: 0.714225
Epoch: 40 	Training Cost: 9941.074439	 Valid Acc: 0.7133784928027096 	Best Valid Acc: 0.714225
Epoch: 41 	Training Cost: 9929.765984	 Valid Acc: 0.7129551227773073 	Best Valid Acc: 0.714225
Epoch: 42 	Training Cost: 9919.025366	 Valid Acc: 0.7135196161445103 	Best Valid Acc: 0.714225
Epoch: 43 	Training Cost: 9908.794968	 Valid Acc: 0.7138018628281118 	Best Valid Acc: 0.714225
Epoch: 44 	Training Cost: 9899.209724	 Valid Acc: 0.7150719729043183 	Best Valid Acc: 0.715072
Epoch: 45 	Training Cost: 9889.993957	 Valid Acc: 0.714225232853514 	Best Valid Acc: 0.715072
Epoch: 46 	Training Cost: 9881.402671	 Valid Acc: 0.7135196161445103 	Best Valid Acc: 0.715072
Epoch: 47 	Training Cost: 9873.124680	 Valid Acc: 0.7135196161445103 	Best Valid Acc: 0.715072
Epoch: 48 	Training Cost: 9865.681123	 Valid Acc: 0.7135196161445103 	Best Valid Acc: 0.715072
Epoch: 49 	Training Cost: 9858.415072	 Valid Acc: 0.713660739486311 	Best Valid Acc: 0.715072
Epoch: 50 	Training Cost: 9852.316793	 Valid Acc: 0.714225232853514 	Best Valid Acc: 0.715072
Epoch: 51 	Training Cost: 9846.808025	 Valid Acc: 0.7129551227773073 	Best Valid Acc: 0.715072
Epoch: 52 	Training Cost: 9840.971558	 Valid Acc: 0.7128139994355066 	Best Valid Acc: 0.715072
Epoch: 53 	Training Cost: 9834.695243	 Valid Acc: 0.7128139994355066 	Best Valid Acc: 0.715072
Epoch: 54 	Training Cost: 9829.488573	 Valid Acc: 0.7139429861699125 	Best Valid Acc: 0.715072
Epoch: 55 	Training Cost: 9825.133767	 Valid Acc: 0.713096246119108 	Best Valid Acc: 0.715072
Epoch: 56 	Training Cost: 9820.023985	 Valid Acc: 0.7126728760937059 	Best Valid Acc: 0.715072
Epoch: 57 	Training Cost: 9815.459246	 Valid Acc: 0.7125317527519052 	Best Valid Acc: 0.715072
Epoch: 58 	Training Cost: 9811.001383	 Valid Acc: 0.7106971493084956 	Best Valid Acc: 0.715072
Epoch: 59 	Training Cost: 9806.618624	 Valid Acc: 0.7119672593847022 	Best Valid Acc: 0.715072
Epoch: 60 	Training Cost: 9802.206294	 Valid Acc: 0.7108382726502963 	Best Valid Acc: 0.715072
Epoch: 61 	Training Cost: 9797.868145	 Valid Acc: 0.7119672593847022 	Best Valid Acc: 0.715072
Epoch: 62 	Training Cost: 9794.349686	 Valid Acc: 0.7101326559412927 	Best Valid Acc: 0.715072
Epoch: 63 	Training Cost: 9791.211550	 Valid Acc: 0.7125317527519052 	Best Valid Acc: 0.715072
Epoch: 64 	Training Cost: 9788.107676	 Valid Acc: 0.7112616426756986 	Best Valid Acc: 0.715072
Epoch: 65 	Training Cost: 9784.278905	 Valid Acc: 0.7115438893593 	Best Valid Acc: 0.715072
Epoch: 66 	Training Cost: 9781.988545	 Valid Acc: 0.7133784928027096 	Best Valid Acc: 0.715072
Epoch: 67 	Training Cost: 9777.346046	 Valid Acc: 0.7116850127011007 	Best Valid Acc: 0.715072
Epoch: 68 	Training Cost: 9774.248248	 Valid Acc: 0.7132373694609089 	Best Valid Acc: 0.715072
Epoch: 69 	Training Cost: 9771.359314	 Valid Acc: 0.7125317527519052 	Best Valid Acc: 0.715072
Epoch: 70 	Training Cost: 9768.201112	 Valid Acc: 0.7129551227773073 	Best Valid Acc: 0.715072
Epoch: 71 	Training Cost: 9765.389367	 Valid Acc: 0.7132373694609089 	Best Valid Acc: 0.715072
Epoch: 72 	Training Cost: 9761.943477	 Valid Acc: 0.7125317527519052 	Best Valid Acc: 0.715072
Epoch: 73 	Training Cost: 9759.198722	 Valid Acc: 0.7123906294101044 	Best Valid Acc: 0.715072
Epoch: 74 	Training Cost: 9756.753435	 Valid Acc: 0.7123906294101044 	Best Valid Acc: 0.715072
Epoch: 75 	Training Cost: 9753.306163	 Valid Acc: 0.7123906294101044 	Best Valid Acc: 0.715072
Epoch: 76 	Training Cost: 9749.794635	 Valid Acc: 0.7132373694609089 	Best Valid Acc: 0.715072
Epoch: 77 	Training Cost: 9747.827063	 Valid Acc: 0.7115438893593 	Best Valid Acc: 0.715072
Epoch: 78 	Training Cost: 9744.138514	 Valid Acc: 0.7132373694609089 	Best Valid Acc: 0.715072
Epoch: 79 	Training Cost: 9741.775927	 Valid Acc: 0.7122495060683037 	Best Valid Acc: 0.715072
Epoch: 80 	Training Cost: 9738.563095	 Valid Acc: 0.713660739486311 	Best Valid Acc: 0.715072
Epoch: 81 	Training Cost: 9736.262069	 Valid Acc: 0.7112616426756986 	Best Valid Acc: 0.715072
Epoch: 82 	Training Cost: 9731.938077	 Valid Acc: 0.7128139994355066 	Best Valid Acc: 0.715072
Epoch: 83 	Training Cost: 9729.544841	 Valid Acc: 0.7128139994355066 	Best Valid Acc: 0.715072
Epoch: 84 	Training Cost: 9726.012929	 Valid Acc: 0.7122495060683037 	Best Valid Acc: 0.715072
Epoch: 85 	Training Cost: 9724.013089	 Valid Acc: 0.7125317527519052 	Best Valid Acc: 0.715072
Epoch: 86 	Training Cost: 9720.226521	 Valid Acc: 0.7118261360429015 	Best Valid Acc: 0.715072
Epoch: 87 	Training Cost: 9718.615004	 Valid Acc: 0.7129551227773073 	Best Valid Acc: 0.715072
Epoch: 88 	Training Cost: 9715.173393	 Valid Acc: 0.7116850127011007 	Best Valid Acc: 0.715072
Epoch: 89 	Training Cost: 9713.069842	 Valid Acc: 0.7122495060683037 	Best Valid Acc: 0.715072
Epoch: 90 	Training Cost: 9709.722361	 Valid Acc: 0.7126728760937059 	Best Valid Acc: 0.715072
Epoch: 91 	Training Cost: 9707.344131	 Valid Acc: 0.7119672593847022 	Best Valid Acc: 0.715072
Epoch: 92 	Training Cost: 9702.923514	 Valid Acc: 0.713096246119108 	Best Valid Acc: 0.715072
Epoch: 93 	Training Cost: 9700.930392	 Valid Acc: 0.7126728760937059 	Best Valid Acc: 0.715072
Epoch: 94 	Training Cost: 9697.410800	 Valid Acc: 0.7125317527519052 	Best Valid Acc: 0.715072
Epoch: 95 	Training Cost: 9695.328481	 Valid Acc: 0.7133784928027096 	Best Valid Acc: 0.715072
Epoch: 96 	Training Cost: 9691.318695	 Valid Acc: 0.712108382726503 	Best Valid Acc: 0.715072
Epoch: 97 	Training Cost: 9689.282329	 Valid Acc: 0.7140841095117132 	Best Valid Acc: 0.715072
Epoch: 98 	Training Cost: 9685.426262	 Valid Acc: 0.7111205193338979 	Best Valid Acc: 0.715072
Epoch: 99 	Training Cost: 9681.916939	 Valid Acc: 0.7135196161445103 	Best Valid Acc: 0.715072
Epoch: 100 	Training Cost: 9679.348136	 Valid Acc: 0.7126728760937059 	Best Valid Acc: 0.715072
Epoch: 101 	Training Cost: 9675.993824	 Valid Acc: 0.712108382726503 	Best Valid Acc: 0.715072
Epoch: 102 	Training Cost: 9672.736246	 Valid Acc: 0.7122495060683037 	Best Valid Acc: 0.715072
Epoch: 103 	Training Cost: 9668.979063	 Valid Acc: 0.7122495060683037 	Best Valid Acc: 0.715072
Epoch: 104 	Training Cost: 9666.222188	 Valid Acc: 0.7114027660174993 	Best Valid Acc: 0.715072
Epoch: 105 	Training Cost: 9662.314093	 Valid Acc: 0.7129551227773073 	Best Valid Acc: 0.715072
Epoch: 106 	Training Cost: 9659.418749	 Valid Acc: 0.7119672593847022 	Best Valid Acc: 0.715072
Epoch: 107 	Training Cost: 9656.081312	 Valid Acc: 0.7128139994355066 	Best Valid Acc: 0.715072
Epoch: 108 	Training Cost: 9652.033524	 Valid Acc: 0.7123906294101044 	Best Valid Acc: 0.715072
Epoch: 109 	Training Cost: 9649.375782	 Valid Acc: 0.7132373694609089 	Best Valid Acc: 0.715072
Epoch: 110 	Training Cost: 9645.246523	 Valid Acc: 0.7119672593847022 	Best Valid Acc: 0.715072
Epoch: 111 	Training Cost: 9641.891700	 Valid Acc: 0.7123906294101044 	Best Valid Acc: 0.715072
Epoch: 112 	Training Cost: 9638.787234	 Valid Acc: 0.7122495060683037 	Best Valid Acc: 0.715072
Epoch: 113 	Training Cost: 9635.044179	 Valid Acc: 0.7123906294101044 	Best Valid Acc: 0.715072
Epoch: 114 	Training Cost: 9630.988104	 Valid Acc: 0.7114027660174993 	Best Valid Acc: 0.715072
Epoch: 115 	Training Cost: 9626.934430	 Valid Acc: 0.713096246119108 	Best Valid Acc: 0.715072
Epoch: 116 	Training Cost: 9623.391769	 Valid Acc: 0.7104149026248942 	Best Valid Acc: 0.715072
Epoch: 117 	Training Cost: 9619.587402	 Valid Acc: 0.7115438893593 	Best Valid Acc: 0.715072
Epoch: 118 	Training Cost: 9615.173602	 Valid Acc: 0.7115438893593 	Best Valid Acc: 0.715072
Epoch: 119 	Training Cost: 9611.784926	 Valid Acc: 0.7118261360429015 	Best Valid Acc: 0.715072
Epoch: 120 	Training Cost: 9606.549779	 Valid Acc: 0.7129551227773073 	Best Valid Acc: 0.715072
Epoch: 121 	Training Cost: 9602.798672	 Valid Acc: 0.7115438893593 	Best Valid Acc: 0.715072
Epoch: 122 	Training Cost: 9599.479106	 Valid Acc: 0.7123906294101044 	Best Valid Acc: 0.715072
Epoch: 123 	Training Cost: 9595.489234	 Valid Acc: 0.7115438893593 	Best Valid Acc: 0.715072
Epoch: 124 	Training Cost: 9592.471520	 Valid Acc: 0.7123906294101044 	Best Valid Acc: 0.715072
Epoch: 125 	Training Cost: 9587.473040	 Valid Acc: 0.7108382726502963 	Best Valid Acc: 0.715072
Epoch: 126 	Training Cost: 9583.031892	 Valid Acc: 0.7109793959920971 	Best Valid Acc: 0.715072
Epoch: 127 	Training Cost: 9579.123936	 Valid Acc: 0.7102737792830934 	Best Valid Acc: 0.715072
Epoch: 128 	Training Cost: 9574.996482	 Valid Acc: 0.709991532599492 	Best Valid Acc: 0.715072
Epoch: 129 	Training Cost: 9569.577397	 Valid Acc: 0.7112616426756986 	Best Valid Acc: 0.715072
Epoch: 130 	Training Cost: 9565.872315	 Valid Acc: 0.7109793959920971 	Best Valid Acc: 0.715072
Epoch: 131 	Training Cost: 9561.829035	 Valid Acc: 0.7106971493084956 	Best Valid Acc: 0.715072
Epoch: 132 	Training Cost: 9557.976884	 Valid Acc: 0.7082980524978831 	Best Valid Acc: 0.715072
Epoch: 133 	Training Cost: 9552.942302	 Valid Acc: 0.7116850127011007 	Best Valid Acc: 0.715072
Epoch: 134 	Training Cost: 9548.816392	 Valid Acc: 0.7092859158904883 	Best Valid Acc: 0.715072
Epoch: 135 	Training Cost: 9545.114479	 Valid Acc: 0.7106971493084956 	Best Valid Acc: 0.715072
Epoch: 136 	Training Cost: 9540.517751	 Valid Acc: 0.7106971493084956 	Best Valid Acc: 0.715072
Epoch: 137 	Training Cost: 9534.635396	 Valid Acc: 0.7109793959920971 	Best Valid Acc: 0.715072
Epoch: 138 	Training Cost: 9530.713722	 Valid Acc: 0.7101326559412927 	Best Valid Acc: 0.715072
Epoch: 139 	Training Cost: 9526.585382	 Valid Acc: 0.7116850127011007 	Best Valid Acc: 0.715072
Epoch: 140 	Training Cost: 9521.221418	 Valid Acc: 0.7109793959920971 	Best Valid Acc: 0.715072
Epoch: 141 	Training Cost: 9518.387662	 Valid Acc: 0.7115438893593 	Best Valid Acc: 0.715072
Epoch: 142 	Training Cost: 9513.278984	 Valid Acc: 0.7102737792830934 	Best Valid Acc: 0.715072
Epoch: 143 	Training Cost: 9508.221565	 Valid Acc: 0.7098504092576913 	Best Valid Acc: 0.715072
Epoch: 144 	Training Cost: 9504.316948	 Valid Acc: 0.7097092859158904 	Best Valid Acc: 0.715072
Epoch: 145 	Training Cost: 9499.266987	 Valid Acc: 0.7087214225232854 	Best Valid Acc: 0.715072
Epoch: 146 	Training Cost: 9494.523484	 Valid Acc: 0.709991532599492 	Best Valid Acc: 0.715072
Epoch: 147 	Training Cost: 9490.118706	 Valid Acc: 0.7091447925486876 	Best Valid Acc: 0.715072
Epoch: 148 	Training Cost: 9484.947262	 Valid Acc: 0.7104149026248942 	Best Valid Acc: 0.715072
Epoch: 149 	Training Cost: 9480.712939	 Valid Acc: 0.7087214225232854 	Best Valid Acc: 0.715072
Epoch: 150 	Training Cost: 9476.637584	 Valid Acc: 0.7085802991814846 	Best Valid Acc: 0.715072
Epoch: 151 	Training Cost: 9469.745173	 Valid Acc: 0.7097092859158904 	Best Valid Acc: 0.715072
Epoch: 152 	Training Cost: 9465.811178	 Valid Acc: 0.7084391758396839 	Best Valid Acc: 0.715072
Epoch: 153 	Training Cost: 9461.789482	 Valid Acc: 0.7095681625740897 	Best Valid Acc: 0.715072
Epoch: 154 	Training Cost: 9456.784137	 Valid Acc: 0.7068868190798758 	Best Valid Acc: 0.715072
Epoch: 155 	Training Cost: 9453.566252	 Valid Acc: 0.707874682472481 	Best Valid Acc: 0.715072
Epoch: 156 	Training Cost: 9448.841950	 Valid Acc: 0.7075924357888794 	Best Valid Acc: 0.715072
Epoch: 157 	Training Cost: 9444.048506	 Valid Acc: 0.707310189105278 	Best Valid Acc: 0.715072
Epoch: 158 	Training Cost: 9438.323291	 Valid Acc: 0.7074513124470787 	Best Valid Acc: 0.715072
Epoch: 159 	Training Cost: 9434.485707	 Valid Acc: 0.707310189105278 	Best Valid Acc: 0.715072
Epoch: 160 	Training Cost: 9429.374474	 Valid Acc: 0.7085802991814846 	Best Valid Acc: 0.715072
Epoch: 161 	Training Cost: 9425.851256	 Valid Acc: 0.7066045723962744 	Best Valid Acc: 0.715072
Epoch: 162 	Training Cost: 9420.570035	 Valid Acc: 0.7085802991814846 	Best Valid Acc: 0.715072
Epoch: 163 	Training Cost: 9413.967774	 Valid Acc: 0.7068868190798758 	Best Valid Acc: 0.715072
Epoch: 164 	Training Cost: 9409.881644	 Valid Acc: 0.7071690657634773 	Best Valid Acc: 0.715072
Epoch: 165 	Training Cost: 9406.654787	 Valid Acc: 0.7071690657634773 	Best Valid Acc: 0.715072
Epoch: 166 	Training Cost: 9401.130689	 Valid Acc: 0.7077335591306803 	Best Valid Acc: 0.715072
Epoch: 167 	Training Cost: 9394.652429	 Valid Acc: 0.7071690657634773 	Best Valid Acc: 0.715072
Epoch: 168 	Training Cost: 9390.494399	 Valid Acc: 0.7063223257126728 	Best Valid Acc: 0.715072
Epoch: 169 	Training Cost: 9386.639061	 Valid Acc: 0.7080158058142817 	Best Valid Acc: 0.715072
Epoch: 170 	Training Cost: 9381.699697	 Valid Acc: 0.7067456957380751 	Best Valid Acc: 0.715072
Epoch: 171 	Training Cost: 9377.280975	 Valid Acc: 0.7066045723962744 	Best Valid Acc: 0.715072
Epoch: 172 	Training Cost: 9370.398001	 Valid Acc: 0.7067456957380751 	Best Valid Acc: 0.715072
Epoch: 173 	Training Cost: 9365.376956	 Valid Acc: 0.7080158058142817 	Best Valid Acc: 0.715072
Epoch: 174 	Training Cost: 9362.056953	 Valid Acc: 0.7056167090036692 	Best Valid Acc: 0.715072
Epoch: 175 	Training Cost: 9355.886208	 Valid Acc: 0.7081569291560824 	Best Valid Acc: 0.715072
Epoch: 176 	Training Cost: 9349.905889	 Valid Acc: 0.7064634490544736 	Best Valid Acc: 0.715072
Epoch: 177 	Training Cost: 9345.832656	 Valid Acc: 0.7071690657634773 	Best Valid Acc: 0.715072
Epoch: 178 	Training Cost: 9341.411327	 Valid Acc: 0.7063223257126728 	Best Valid Acc: 0.715072
Epoch: 179 	Training Cost: 9336.645451	 Valid Acc: 0.7056167090036692 	Best Valid Acc: 0.715072
Epoch: 180 	Training Cost: 9329.377763	 Valid Acc: 0.7056167090036692 	Best Valid Acc: 0.715072
Epoch: 181 	Training Cost: 9328.473980	 Valid Acc: 0.7071690657634773 	Best Valid Acc: 0.715072
Epoch: 182 	Training Cost: 9323.648483	 Valid Acc: 0.7043465989274627 	Best Valid Acc: 0.715072
Epoch: 183 	Training Cost: 9317.042228	 Valid Acc: 0.7060400790290714 	Best Valid Acc: 0.715072
Epoch: 184 	Training Cost: 9310.981909	 Valid Acc: 0.7044877222692634 	Best Valid Acc: 0.715072
Epoch: 185 	Training Cost: 9305.888501	 Valid Acc: 0.7056167090036692 	Best Valid Acc: 0.715072
Epoch: 186 	Training Cost: 9302.256361	 Valid Acc: 0.7044877222692634 	Best Valid Acc: 0.715072
Epoch: 187 	Training Cost: 9294.869851	 Valid Acc: 0.7037821055602597 	Best Valid Acc: 0.715072
Epoch: 188 	Training Cost: 9291.255284	 Valid Acc: 0.7034998588766582 	Best Valid Acc: 0.715072
Epoch: 189 	Training Cost: 9289.353833	 Valid Acc: 0.7053344623200677 	Best Valid Acc: 0.715072
Epoch: 190 	Training Cost: 9279.639352	 Valid Acc: 0.7043465989274627 	Best Valid Acc: 0.715072
Epoch: 191 	Training Cost: 9275.429679	 Valid Acc: 0.7042054755856618 	Best Valid Acc: 0.715072
Epoch: 192 	Training Cost: 9273.066251	 Valid Acc: 0.7042054755856618 	Best Valid Acc: 0.715072
Epoch: 193 	Training Cost: 9268.959817	 Valid Acc: 0.7050522156364663 	Best Valid Acc: 0.715072
Epoch: 194 	Training Cost: 9260.973226	 Valid Acc: 0.7044877222692634 	Best Valid Acc: 0.715072
Epoch: 195 	Training Cost: 9258.231455	 Valid Acc: 0.7043465989274627 	Best Valid Acc: 0.715072
Epoch: 196 	Training Cost: 9254.406493	 Valid Acc: 0.7037821055602597 	Best Valid Acc: 0.715072
Epoch: 197 	Training Cost: 9247.890641	 Valid Acc: 0.7034998588766582 	Best Valid Acc: 0.715072
Epoch: 198 	Training Cost: 9240.890940	 Valid Acc: 0.7025119954840531 	Best Valid Acc: 0.715072
Epoch: 199 	Training Cost: 9235.505776	 Valid Acc: 0.7025119954840531 	Best Valid Acc: 0.715072
Epoch: 200 	Training Cost: 9235.226856	 Valid Acc: 0.7034998588766582 	Best Valid Acc: 0.715072
lr=2e-05, lamb=0.001, num_epoch=200, test_acc=0.7002540220152413
----------------------------------------------------------
lr=2e-05, lamb=0, best_valid_acc=([13153.876931905746, 11674.685745060444, 11481.911632061005, 11429.487949609756, 11403.179971396923, 11382.65358531475, 11358.771656751633, 11321.24645537138, 11248.400843024254, 11123.608670055866, 10976.187651216984, 10826.37391114235, 10675.552220284939, 10536.74845957756, 10420.12367373705, 10323.521130561829, 10243.02862456441, 10176.369783699512, 10121.464768469334, 10075.541239202023, 10035.990551263094, 10001.122565835714, 9969.86537206173, 9941.503544569016, 9915.63636624813, 9891.718375325203, 9869.200082600117, 9847.615981519222, 9826.74181675911, 9806.465291157365, 9787.10971325636, 9768.832861095667, 9751.528790265322, 9735.021224707365, 9719.196778729558, 9704.03881135583, 9689.78943066299, 9676.660104334354, 9664.366074889898, 9652.918391227722, 9642.067289024591, 9631.80094358325, 9622.86547639966, 9614.488747820258, 9607.524302840233, 9600.408364444971, 9593.207404315472, 9587.368542470038, 9581.865765601397, 9575.780010066926, 9571.088720478117, 9566.497775368392, 9561.995739668608, 9556.556331053376, 9553.181790351868, 9547.675812855363, 9544.028206638992, 9539.660791933537, 9536.329062059522, 9530.3648647964, 9527.454078257084, 9522.641310811043, 9518.639542505145, 9513.702490717173, 9509.215789586306, 9504.125041872263, 9499.115971788764, 9492.423920497298, 9485.645026475191, 9478.745258323848, 9472.1689260751, 9461.863635510206, 9448.546558737755, 9432.784086883068, 9414.29480651021, 9388.979410111904, 9357.946299403906, 9321.261706843972, 9286.735888406634, 9247.720689304173, 9213.891617946327, 9183.741184800863, 9158.037393890321, 9133.009712420404, 9111.796999774873, 9093.514261327684, 9074.754500359297, 9056.740046814084, 9037.248782940209, 9021.666972979903, 9005.082281626761, 8988.96313887462, 8973.135992847383, 8957.803496420383, 8943.088973209262, 8928.486574307084, 8912.650899406523, 8899.593854933977, 8883.263838678598, 8867.74847137928, 8853.12139083445, 8838.573160909116, 8822.08021299541, 8807.111389685422, 8793.280914358795, 8776.435037218034, 8759.826072223485, 8743.652481131256, 8726.770089574158, 8707.907316103578, 8687.581088714302, 8668.297143779695, 8647.804159644991, 8625.029565192759, 8601.158269651234, 8575.493827115744, 8550.610527448356, 8521.421146973968, 8493.20954401046, 8464.472088064998, 8435.565371282399, 8408.222043789923, 8381.597986221313, 8352.790932752192, 8327.123896505684, 8301.883294411004, 8276.035448420793, 8250.957114979625, 8227.178205367178, 8203.097169172019, 8179.143850542605, 8156.873299874365, 8132.981730669737, 8110.4054473005235, 8087.855864306912, 8065.688661508262, 8043.621091898531, 8021.401529697701, 7998.852511594072, 7976.058840658516, 7954.663931027055, 7930.4483383744955, 7906.998316958547, 7883.515343610197, 7861.292570726946, 7835.58524286747, 7811.147602155805, 7785.2140108682215, 7760.166787458584, 7732.613746847957, 7706.246503952891, 7679.404427610338, 7652.57459706068, 7625.3070195335895, 7598.1466219145805, 7570.41556930542, 7544.511506140232, 7517.300419930369, 7490.559525245801, 7464.021268785, 7439.7567569464445, 7412.337291028351, 7386.071338240057, 7360.96931373328, 7336.766793264076, 7311.567963020876, 7288.48493562825, 7262.878895726055, 7239.553742606193, 7215.280225813389, 7194.574818357825, 7168.220224142075, 7147.49459695816, 7125.916924901307, 7103.041238605045, 7079.607890843414, 7058.517703289166, 7037.178096964955, 7016.783883178607, 6992.943157158792, 6972.804050161503, 6953.348652287386, 6934.75672111474, 6911.1783152632415, 6890.219460034743, 6872.727297076955, 6852.858234730549, 6833.132527090609, 6809.743630583398, 6792.489346422255, 6775.337603401393, 6753.489367172122, 6733.558978736401, 6717.561159752309, 6698.71518744342, 6673.429839677177, 6655.895178982988, 6638.966245106421, 6622.334037438035, 6600.56734727975], [0.674428450465707, 0.6775331639853232, 0.6817668642393452, 0.683460344340954, 0.6844482077335591, 0.6848715777589613, 0.6855771944679651, 0.6844482077335591, 0.6833192209991532, 0.6869884278859724, 0.6909398814563928, 0.6972904318374259, 0.7005362686988428, 0.7019475021168501, 0.705193338978267, 0.7044877222692634, 0.7050522156364663, 0.70575783234547, 0.7053344623200677, 0.7080158058142817, 0.7084391758396839, 0.7097092859158904, 0.709991532599492, 0.7115438893593, 0.7109793959920971, 0.7132373694609089, 0.7140841095117132, 0.714225232853514, 0.7145074795371155, 0.7140841095117132, 0.7143663561953147, 0.7147897262207169, 0.7139429861699125, 0.7143663561953147, 0.7138018628281118, 0.714225232853514, 0.7153542195879199, 0.7146486028789162, 0.7146486028789162, 0.7153542195879199, 0.7159187129551228, 0.7152130962461191, 0.7145074795371155, 0.715777589613322, 0.7139429861699125, 0.7140841095117132, 0.7119672593847022, 0.7147897262207169, 0.7118261360429015, 0.7133784928027096, 0.7126728760937059, 0.7123906294101044, 0.712108382726503, 0.7114027660174993, 0.712108382726503, 0.7114027660174993, 0.7112616426756986, 0.712108382726503, 0.7114027660174993, 0.7119672593847022, 0.7119672593847022, 0.7125317527519052, 0.7112616426756986, 0.7122495060683037, 0.7105560259666949, 0.7126728760937059, 0.7114027660174993, 0.7119672593847022, 0.7109793959920971, 0.7138018628281118, 0.7118261360429015, 0.7126728760937059, 0.7118261360429015, 0.7125317527519052, 0.7101326559412927, 0.7087214225232854, 0.7109793959920971, 0.7101326559412927, 0.7090036692068868, 0.7116850127011007, 0.7123906294101044, 0.7128139994355066, 0.713096246119108, 0.7109793959920971, 0.7097092859158904, 0.709991532599492, 0.7101326559412927, 0.7092859158904883, 0.7091447925486876, 0.7087214225232854, 0.7067456957380751, 0.7067456957380751, 0.7077335591306803, 0.7053344623200677, 0.7080158058142817, 0.705193338978267, 0.7053344623200677, 0.707310189105278, 0.7036409822184589, 0.7047699689528648, 0.7043465989274627, 0.7040643522438611, 0.7027942421676545, 0.7026531188258538, 0.7026531188258538, 0.7011007620660458, 0.7012418854078465, 0.7018063787750494, 0.7005362686988428, 0.7003951453570421, 0.6996895286480384, 0.6998306519898391, 0.6995484053062376, 0.6977138018628282, 0.6981371718882303, 0.696725938470223, 0.6953147050522156, 0.6958791984194186, 0.6941857183178097, 0.6954558283940163, 0.6936212249506069, 0.6953147050522156, 0.6927744848998024, 0.6941857183178097, 0.6934801016088061, 0.6929156082416031, 0.6922099915325995, 0.694044594976009, 0.6920688681907987, 0.6929156082416031, 0.6915043748235958, 0.6926333615580017, 0.6915043748235958, 0.6923511148744003, 0.6923511148744003, 0.691927744848998, 0.6916454981653966, 0.69037538808919, 0.6900931414055885, 0.6899520180637877, 0.689810894721987, 0.6893875246965848, 0.6885407846457804, 0.6874117979113745, 0.6864239345187694, 0.6864239345187694, 0.6851538244425628, 0.6867061812023709, 0.6858594411515665, 0.6847304544171606, 0.6843070843917584, 0.6852949477843635, 0.6851538244425628, 0.6840248377081569, 0.6824724809483489, 0.683460344340954, 0.6827547276319503, 0.6837425910245555, 0.6827547276319503, 0.6837425910245555, 0.6833192209991532, 0.6844482077335591, 0.683460344340954, 0.6843070843917584, 0.6838837143663562, 0.6824724809483489, 0.683460344340954, 0.6830369743155518, 0.6826136042901496, 0.6817668642393452, 0.6833192209991532, 0.68077900084674, 0.6833192209991532, 0.6809201241885408, 0.6819079875811459, 0.6806378775049393, 0.6817668642393452, 0.6783799040361276, 0.6826136042901496, 0.6778154106689246, 0.6827547276319503, 0.678662150719729, 0.6809201241885408, 0.6785210273779283, 0.679226644086932, 0.6785210273779283, 0.68077900084674, 0.678662150719729, 0.6806378775049393, 0.6785210273779283, 0.6789443974033305, 0.6782387806943269, 0.6803556308213379, 0.6778154106689246, 0.6776742873271239, 0.6776742873271239, 0.6776742873271239, 0.6778154106689246, 0.679226644086932, 0.6769686706181203])
lr=2e-05, lamb=0.0001, best_valid_acc=([13280.85871732235, 11773.02516412735, 11533.288972914219, 11468.239630937576, 11437.676116287708, 11415.322067975998, 11389.503279447556, 11346.11750638485, 11257.784309327602, 11110.373213529587, 10946.49355173111, 10791.14917588234, 10653.024213552475, 10534.677199840546, 10434.276903152466, 10349.641376703978, 10278.118209511042, 10216.759333252907, 10164.11087679863, 10119.191291898489, 10080.159080386162, 10045.631655722857, 10014.716062948108, 9986.659966781735, 9960.868496358395, 9936.924977064133, 9914.449729427695, 9893.12149617076, 9872.877558201551, 9853.57158190012, 9835.016826793551, 9817.177265614271, 9800.225668266416, 9784.09452034533, 9768.848396763206, 9754.307535275817, 9740.532559782267, 9727.626465499401, 9715.580765724182, 9704.301486745477, 9693.522482350469, 9683.430207684636, 9673.817170187831, 9665.168509066105, 9657.06320181489, 9650.094141468406, 9642.13453258574, 9635.222615003586, 9628.269510358572, 9622.145463645458, 9616.288674488664, 9611.758096203208, 9605.960033938289, 9601.42657276988, 9595.904206126928, 9590.902914747596, 9586.757950499654, 9582.060806050897, 9578.108792543411, 9572.66722382605, 9567.603777572513, 9563.529748022556, 9558.006639741361, 9553.361489906907, 9548.856449976563, 9540.99522268027, 9534.943402975798, 9528.200377583504, 9519.534947626293, 9510.245533376932, 9497.750293008983, 9481.643011711538, 9460.704725041986, 9435.771475240588, 9408.792448528111, 9377.581884346902, 9346.432043969631, 9316.434994161129, 9289.074326962233, 9265.183771699667, 9238.858292490244, 9218.897867619991, 9200.566744968295, 9182.813931450248, 9163.068847432733, 9147.486936293542, 9132.888812109828, 9117.331210836768, 9103.001991190016, 9089.004763811827, 9073.69246828556, 9060.809372477233, 9047.949686579406, 9034.686736360192, 9020.04376398027, 9008.504468753934, 8994.52312104404, 8982.796767503023, 8970.023499570787, 8957.619373381138, 8943.776009365916, 8932.276462987065, 8919.672717005014, 8907.939733609557, 8895.671522453427, 8883.486588642001, 8870.94041582942, 8857.79342482239, 8847.858035571873, 8835.696086004376, 8822.972756490111, 8810.366461575031, 8799.022739261389, 8788.55849686265, 8775.211031548679, 8762.098368115723, 8751.874259889126, 8741.79237651825, 8728.599841281772, 8714.997798584402, 8703.680413722992, 8691.74894683808, 8679.580719955266, 8667.433970056474, 8655.521959096193, 8644.56757030636, 8630.74420785904, 8617.744062796235, 8608.765266530216, 8595.139442838728, 8584.060028381646, 8571.68382909894, 8558.183919876814, 8546.566680014133, 8536.74226243794, 8523.627320036292, 8511.297911271453, 8496.678983971477, 8488.842218279839, 8477.055400311947, 8463.504377916455, 8451.53527650237, 8440.277757167816, 8426.5907266438, 8413.626393847167, 8402.874303027987, 8388.445251859725, 8375.211284965277, 8365.85968156904, 8352.951874420047, 8340.34626661241, 8328.673434533179, 8312.953009590507, 8303.4770584777, 8289.618834555149, 8279.32343956083, 8267.521414786577, 8253.085511699319, 8240.377648480237, 8227.890148252249, 8219.085667006671, 8202.332229554653, 8189.771364174783, 8182.16319873184, 8164.462097555399, 8155.921133898199, 8145.9763686954975, 8126.202450603247, 8117.4447238743305, 8111.172240398824, 8094.237920992076, 8082.419818542898, 8070.731327466667, 8054.9525476284325, 8044.239702299237, 8035.903710111976, 8020.379759550095, 8007.535289742053, 8001.241360064596, 7986.651399239898, 7973.491404492408, 7965.451653212309, 7953.868940517306, 7938.34267738089, 7926.051921155304, 7917.569171510637, 7905.821117274463, 7892.946883358061, 7881.422233641148, 7870.821079883724, 7861.408911176026, 7850.469617214054, 7834.454786770046, 7824.497538968921, 7815.944842811674, 7804.654479838908, 7791.860986951739, 7780.421862702817, 7771.886131994426, 7758.437043432146], [0.6693480101608806, 0.679226644086932, 0.6814846175557437, 0.6827547276319503, 0.6830369743155518, 0.6845893310753599, 0.6843070843917584, 0.6848715777589613, 0.6847304544171606, 0.6886819079875811, 0.6916454981653966, 0.6955969517358171, 0.6987016652554332, 0.7029353655094552, 0.7036409822184589, 0.7050522156364663, 0.7049110922946655, 0.7056167090036692, 0.7081569291560824, 0.7074513124470787, 0.7068868190798758, 0.7074513124470787, 0.7101326559412927, 0.7104149026248942, 0.7105560259666949, 0.7108382726502963, 0.7097092859158904, 0.7106971493084956, 0.7112616426756986, 0.7128139994355066, 0.7138018628281118, 0.7133784928027096, 0.7119672593847022, 0.7115438893593, 0.712108382726503, 0.7125317527519052, 0.7132373694609089, 0.713096246119108, 0.7126728760937059, 0.7119672593847022, 0.712108382726503, 0.7118261360429015, 0.7112616426756986, 0.7108382726502963, 0.712108382726503, 0.7106971493084956, 0.7135196161445103, 0.7128139994355066, 0.7129551227773073, 0.7122495060683037, 0.7123906294101044, 0.7123906294101044, 0.7108382726502963, 0.7114027660174993, 0.7126728760937059, 0.7125317527519052, 0.7108382726502963, 0.7139429861699125, 0.7125317527519052, 0.7125317527519052, 0.7115438893593, 0.7140841095117132, 0.7129551227773073, 0.7139429861699125, 0.713660739486311, 0.714225232853514, 0.7156364662715213, 0.7132373694609089, 0.7147897262207169, 0.7135196161445103, 0.7132373694609089, 0.714225232853514, 0.7135196161445103, 0.7132373694609089, 0.7139429861699125, 0.7126728760937059, 0.7139429861699125, 0.7129551227773073, 0.7115438893593, 0.7119672593847022, 0.7090036692068868, 0.7104149026248942, 0.7085802991814846, 0.7092859158904883, 0.7066045723962744, 0.7060400790290714, 0.707310189105278, 0.7047699689528648, 0.7039232289020604, 0.7047699689528648, 0.7033587355348575, 0.7043465989274627, 0.7027942421676545, 0.7022297488004516, 0.7036409822184589, 0.7012418854078465, 0.7026531188258538, 0.7002540220152413, 0.7018063787750494, 0.7016652554332486, 0.7013830087496472, 0.7005362686988428, 0.7001128986734406, 0.6995484053062376, 0.6991250352808355, 0.7015241320914479, 0.6970081851538245, 0.6981371718882303, 0.6968670618120237, 0.6965848151284222, 0.6971493084956252, 0.6958791984194186, 0.6960203217612193, 0.6947502116850127, 0.6971493084956252, 0.6965848151284222, 0.6947502116850127, 0.6957380750776179, 0.6971493084956252, 0.6964436917866215, 0.6964436917866215, 0.6948913350268134, 0.6968670618120237, 0.694609088343212, 0.6977138018628282, 0.694609088343212, 0.6963025684448207, 0.6947502116850127, 0.6948913350268134, 0.6937623482924076, 0.696725938470223, 0.6930567315834039, 0.6944679650014113, 0.6934801016088061, 0.694044594976009, 0.6933389782670054, 0.6926333615580017, 0.6947502116850127, 0.6907987581145921, 0.6930567315834039, 0.6927744848998024, 0.6930567315834039, 0.6922099915325995, 0.6936212249506069, 0.6930567315834039, 0.6923511148744003, 0.6907987581145921, 0.6927744848998024, 0.6892464013547841, 0.6927744848998024, 0.6913632514817951, 0.6913632514817951, 0.6920688681907987, 0.6912221281399944, 0.69037538808919, 0.6912221281399944, 0.6915043748235958, 0.6910810047981937, 0.6905165114309907, 0.6912221281399944, 0.6881174146203782, 0.6902342647473892, 0.69037538808919, 0.6883996613039797, 0.69037538808919, 0.6858594411515665, 0.6886819079875811, 0.6875529212531752, 0.6871295512277731, 0.6871295512277731, 0.6883996613039797, 0.6868473045441716, 0.6874117979113745, 0.6864239345187694, 0.6860005644933672, 0.6861416878351679, 0.6885407846457804, 0.6862828111769687, 0.6855771944679651, 0.6885407846457804, 0.6844482077335591, 0.6855771944679651, 0.6855771944679651, 0.6860005644933672, 0.6848715777589613, 0.6860005644933672, 0.6864239345187694, 0.6860005644933672, 0.6852949477843635, 0.6830369743155518, 0.6847304544171606, 0.6860005644933672, 0.6850127011007621, 0.6861416878351679, 0.6831780976573525, 0.6850127011007621, 0.6826136042901496, 0.6850127011007621, 0.682895850973751, 0.6855771944679651])
lr=2e-05, lamb=0.001, best_valid_acc=([13479.195965886116, 11991.01333975792, 11753.679003238678, 11677.324245095253, 11638.774432063103, 11611.221917569637, 11583.254245758057, 11546.443782389164, 11489.413805425167, 11397.389564275742, 11268.316248297691, 11117.952054262161, 10962.829948306084, 10823.198656082153, 10706.589855670929, 10609.832060396671, 10528.65158188343, 10459.9444090724, 10401.835405528545, 10352.704492032528, 10310.709831148386, 10274.459145963192, 10242.59596863389, 10214.25136244297, 10188.629287719727, 10165.199344605207, 10143.4465072155, 10123.072054505348, 10103.77030056715, 10085.492399692535, 10068.010855734348, 10051.352666318417, 10035.359008848667, 10020.148491591215, 10005.564744472504, 9991.509317278862, 9978.087499797344, 9965.179845631123, 9952.846495449543, 9941.074438750744, 9929.765983998775, 9919.025365769863, 9908.794968426228, 9899.209723711014, 9889.993957400322, 9881.40267109871, 9873.124679982662, 9865.68112269044, 9858.415072277188, 9852.316792815924, 9846.80802488327, 9840.971557736397, 9834.695242866874, 9829.488573133945, 9825.133766874671, 9820.023984968662, 9815.459245622158, 9811.0013833642, 9806.618623822927, 9802.20629440248, 9797.868144571781, 9794.349686458707, 9791.211549893022, 9788.107675760984, 9784.278905168176, 9781.988545238972, 9777.346046030521, 9774.248247519135, 9771.35931392014, 9768.201112389565, 9765.389367043972, 9761.943477272987, 9759.1987221241, 9756.753435477614, 9753.306163087487, 9749.79463468492, 9747.827063068748, 9744.138513743877, 9741.77592676878, 9738.563094839454, 9736.262069225311, 9731.938077032566, 9729.544841170311, 9726.012929171324, 9724.013088956475, 9720.226521223783, 9718.615004301071, 9715.173393189907, 9713.069841563702, 9709.722361207008, 9707.344130784273, 9702.923514127731, 9700.930391997099, 9697.410799831152, 9695.32848110795, 9691.318694666028, 9689.28232870996, 9685.426261931658, 9681.91693854332, 9679.348135977983, 9675.993824005127, 9672.736246302724, 9668.979062974453, 9666.22218811512, 9662.314092814922, 9659.4187489748, 9656.081312060356, 9652.033523872495, 9649.375782355666, 9645.246522516012, 9641.891700148582, 9638.787233710289, 9635.044179335237, 9630.988104224205, 9626.934430330992, 9623.391769498587, 9619.587401926517, 9615.173601984978, 9611.784925818443, 9606.549778714776, 9602.79867219925, 9599.479106336832, 9595.489234387875, 9592.471520498395, 9587.473039656878, 9583.031891584396, 9579.123936221004, 9574.996482342482, 9569.577396526933, 9565.872314825654, 9561.829035162926, 9557.976884260774, 9552.942301824689, 9548.816391900182, 9545.11447942257, 9540.51775084436, 9534.63539582491, 9530.7137221843, 9526.585381776094, 9521.221418112516, 9518.387661874294, 9513.27898401022, 9508.221564769745, 9504.316947609186, 9499.26698678732, 9494.523484423757, 9490.118705660105, 9484.9472617805, 9480.712938904762, 9476.637584209442, 9469.745173022151, 9465.811178222299, 9461.789482429624, 9456.784137398005, 9453.566252276301, 9448.841949641705, 9444.048506394029, 9438.3232909441, 9434.4857070148, 9429.374473541975, 9425.851255968213, 9420.570034638047, 9413.967774063349, 9409.881643503904, 9406.65478721261, 9401.1306886971, 9394.652428761125, 9390.494398921728, 9386.639061450958, 9381.699696779251, 9377.280974760652, 9370.39800092578, 9365.376956030726, 9362.05695258081, 9355.886208191514, 9349.905889004469, 9345.832655608654, 9341.411326885223, 9336.64545108378, 9329.377762958407, 9328.47397993505, 9323.648482516408, 9317.042228192091, 9310.98190921545, 9305.888500839472, 9302.25636073947, 9294.869850978255, 9291.255283758044, 9289.353832900524, 9279.63935214281, 9275.429678574204, 9273.066251307726, 9268.959816738963, 9260.973226040602, 9258.231455162168, 9254.40649291873, 9247.890640571713, 9240.890940099955, 9235.505776390433, 9235.226855814457], [0.6734405870731018, 0.6799322607959356, 0.6810612475303415, 0.6843070843917584, 0.6840248377081569, 0.6848715777589613, 0.6854360711261642, 0.6862828111769687, 0.6837425910245555, 0.6844482077335591, 0.6899520180637877, 0.6931978549252046, 0.6994072819644369, 0.6984194185718318, 0.7025119954840531, 0.7034998588766582, 0.7040643522438611, 0.7060400790290714, 0.7066045723962744, 0.7067456957380751, 0.7063223257126728, 0.707874682472481, 0.7092859158904883, 0.7101326559412927, 0.7119672593847022, 0.7126728760937059, 0.7119672593847022, 0.7128139994355066, 0.712108382726503, 0.712108382726503, 0.7115438893593, 0.7108382726502963, 0.7109793959920971, 0.7102737792830934, 0.7111205193338979, 0.712108382726503, 0.7133784928027096, 0.714225232853514, 0.7135196161445103, 0.7133784928027096, 0.7129551227773073, 0.7135196161445103, 0.7138018628281118, 0.7150719729043183, 0.714225232853514, 0.7135196161445103, 0.7135196161445103, 0.7135196161445103, 0.713660739486311, 0.714225232853514, 0.7129551227773073, 0.7128139994355066, 0.7128139994355066, 0.7139429861699125, 0.713096246119108, 0.7126728760937059, 0.7125317527519052, 0.7106971493084956, 0.7119672593847022, 0.7108382726502963, 0.7119672593847022, 0.7101326559412927, 0.7125317527519052, 0.7112616426756986, 0.7115438893593, 0.7133784928027096, 0.7116850127011007, 0.7132373694609089, 0.7125317527519052, 0.7129551227773073, 0.7132373694609089, 0.7125317527519052, 0.7123906294101044, 0.7123906294101044, 0.7123906294101044, 0.7132373694609089, 0.7115438893593, 0.7132373694609089, 0.7122495060683037, 0.713660739486311, 0.7112616426756986, 0.7128139994355066, 0.7128139994355066, 0.7122495060683037, 0.7125317527519052, 0.7118261360429015, 0.7129551227773073, 0.7116850127011007, 0.7122495060683037, 0.7126728760937059, 0.7119672593847022, 0.713096246119108, 0.7126728760937059, 0.7125317527519052, 0.7133784928027096, 0.712108382726503, 0.7140841095117132, 0.7111205193338979, 0.7135196161445103, 0.7126728760937059, 0.712108382726503, 0.7122495060683037, 0.7122495060683037, 0.7114027660174993, 0.7129551227773073, 0.7119672593847022, 0.7128139994355066, 0.7123906294101044, 0.7132373694609089, 0.7119672593847022, 0.7123906294101044, 0.7122495060683037, 0.7123906294101044, 0.7114027660174993, 0.713096246119108, 0.7104149026248942, 0.7115438893593, 0.7115438893593, 0.7118261360429015, 0.7129551227773073, 0.7115438893593, 0.7123906294101044, 0.7115438893593, 0.7123906294101044, 0.7108382726502963, 0.7109793959920971, 0.7102737792830934, 0.709991532599492, 0.7112616426756986, 0.7109793959920971, 0.7106971493084956, 0.7082980524978831, 0.7116850127011007, 0.7092859158904883, 0.7106971493084956, 0.7106971493084956, 0.7109793959920971, 0.7101326559412927, 0.7116850127011007, 0.7109793959920971, 0.7115438893593, 0.7102737792830934, 0.7098504092576913, 0.7097092859158904, 0.7087214225232854, 0.709991532599492, 0.7091447925486876, 0.7104149026248942, 0.7087214225232854, 0.7085802991814846, 0.7097092859158904, 0.7084391758396839, 0.7095681625740897, 0.7068868190798758, 0.707874682472481, 0.7075924357888794, 0.707310189105278, 0.7074513124470787, 0.707310189105278, 0.7085802991814846, 0.7066045723962744, 0.7085802991814846, 0.7068868190798758, 0.7071690657634773, 0.7071690657634773, 0.7077335591306803, 0.7071690657634773, 0.7063223257126728, 0.7080158058142817, 0.7067456957380751, 0.7066045723962744, 0.7067456957380751, 0.7080158058142817, 0.7056167090036692, 0.7081569291560824, 0.7064634490544736, 0.7071690657634773, 0.7063223257126728, 0.7056167090036692, 0.7056167090036692, 0.7071690657634773, 0.7043465989274627, 0.7060400790290714, 0.7044877222692634, 0.7056167090036692, 0.7044877222692634, 0.7037821055602597, 0.7034998588766582, 0.7053344623200677, 0.7043465989274627, 0.7042054755856618, 0.7042054755856618, 0.7050522156364663, 0.7044877222692634, 0.7043465989274627, 0.7037821055602597, 0.7034998588766582, 0.7025119954840531, 0.7025119954840531, 0.7034998588766582])
