nn9.py, same as nn7.py, but add gender/age info
Tuning process for lr=2e-05
----------------------------------------------------------
lr=2e-05, lamb=0, num_epoch=200
Epoch: 1 	Training Cost: 13377.130933	 Valid Acc: 0.6687835167936776 	Best Valid Acc: 0.668784
Epoch: 2 	Training Cost: 11830.428554	 Valid Acc: 0.6782387806943269 	Best Valid Acc: 0.678239
Epoch: 3 	Training Cost: 11535.080851	 Valid Acc: 0.6814846175557437 	Best Valid Acc: 0.681485
Epoch: 4 	Training Cost: 11449.644225	 Valid Acc: 0.6824724809483489 	Best Valid Acc: 0.682472
Epoch: 5 	Training Cost: 11408.253169	 Valid Acc: 0.6826136042901496 	Best Valid Acc: 0.682614
Epoch: 6 	Training Cost: 11377.334615	 Valid Acc: 0.6821902342647473 	Best Valid Acc: 0.682614
Epoch: 7 	Training Cost: 11339.696534	 Valid Acc: 0.682895850973751 	Best Valid Acc: 0.682896
Epoch: 8 	Training Cost: 11271.598639	 Valid Acc: 0.6847304544171606 	Best Valid Acc: 0.684730
Epoch: 9 	Training Cost: 11156.113808	 Valid Acc: 0.6851538244425628 	Best Valid Acc: 0.685154
Epoch: 10 	Training Cost: 11018.671961	 Valid Acc: 0.6900931414055885 	Best Valid Acc: 0.690093
Epoch: 11 	Training Cost: 10874.205693	 Valid Acc: 0.6964436917866215 	Best Valid Acc: 0.696444
Epoch: 12 	Training Cost: 10727.981602	 Valid Acc: 0.6998306519898391 	Best Valid Acc: 0.699831
Epoch: 13 	Training Cost: 10590.847595	 Valid Acc: 0.6992661586226362 	Best Valid Acc: 0.699831
Epoch: 14 	Training Cost: 10473.452184	 Valid Acc: 0.7016652554332486 	Best Valid Acc: 0.701665
Epoch: 15 	Training Cost: 10378.039581	 Valid Acc: 0.7042054755856618 	Best Valid Acc: 0.704205
Epoch: 16 	Training Cost: 10299.909801	 Valid Acc: 0.7046288456110641 	Best Valid Acc: 0.704629
Epoch: 17 	Training Cost: 10234.136829	 Valid Acc: 0.7046288456110641 	Best Valid Acc: 0.704629
Epoch: 18 	Training Cost: 10178.135615	 Valid Acc: 0.7042054755856618 	Best Valid Acc: 0.704629
Epoch: 19 	Training Cost: 10130.220026	 Valid Acc: 0.7044877222692634 	Best Valid Acc: 0.704629
Epoch: 20 	Training Cost: 10088.664447	 Valid Acc: 0.7071690657634773 	Best Valid Acc: 0.707169
Epoch: 21 	Training Cost: 10052.100260	 Valid Acc: 0.707310189105278 	Best Valid Acc: 0.707310
Epoch: 22 	Training Cost: 10019.138951	 Valid Acc: 0.7082980524978831 	Best Valid Acc: 0.708298
Epoch: 23 	Training Cost: 9989.048379	 Valid Acc: 0.7095681625740897 	Best Valid Acc: 0.709568
Epoch: 24 	Training Cost: 9961.180509	 Valid Acc: 0.7112616426756986 	Best Valid Acc: 0.711262
Epoch: 25 	Training Cost: 9935.065625	 Valid Acc: 0.7125317527519052 	Best Valid Acc: 0.712532
Epoch: 26 	Training Cost: 9910.379697	 Valid Acc: 0.713660739486311 	Best Valid Acc: 0.713661
Epoch: 27 	Training Cost: 9887.004303	 Valid Acc: 0.7145074795371155 	Best Valid Acc: 0.714507
Epoch: 28 	Training Cost: 9864.966935	 Valid Acc: 0.7146486028789162 	Best Valid Acc: 0.714649
Epoch: 29 	Training Cost: 9844.356620	 Valid Acc: 0.7145074795371155 	Best Valid Acc: 0.714649
Epoch: 30 	Training Cost: 9824.921938	 Valid Acc: 0.714225232853514 	Best Valid Acc: 0.714649
Epoch: 31 	Training Cost: 9806.259211	 Valid Acc: 0.7152130962461191 	Best Valid Acc: 0.715213
Epoch: 32 	Training Cost: 9788.235774	 Valid Acc: 0.7152130962461191 	Best Valid Acc: 0.715213
Epoch: 33 	Training Cost: 9770.788458	 Valid Acc: 0.7146486028789162 	Best Valid Acc: 0.715213
Epoch: 34 	Training Cost: 9754.173895	 Valid Acc: 0.7145074795371155 	Best Valid Acc: 0.715213
Epoch: 35 	Training Cost: 9738.528382	 Valid Acc: 0.7139429861699125 	Best Valid Acc: 0.715213
Epoch: 36 	Training Cost: 9723.828511	 Valid Acc: 0.7140841095117132 	Best Valid Acc: 0.715213
Epoch: 37 	Training Cost: 9709.918720	 Valid Acc: 0.7153542195879199 	Best Valid Acc: 0.715354
Epoch: 38 	Training Cost: 9696.975427	 Valid Acc: 0.7153542195879199 	Best Valid Acc: 0.715354
Epoch: 39 	Training Cost: 9684.604243	 Valid Acc: 0.7145074795371155 	Best Valid Acc: 0.715354
Epoch: 40 	Training Cost: 9673.329740	 Valid Acc: 0.7139429861699125 	Best Valid Acc: 0.715354
Epoch: 41 	Training Cost: 9662.361028	 Valid Acc: 0.7149308495625176 	Best Valid Acc: 0.715354
Epoch: 42 	Training Cost: 9652.766526	 Valid Acc: 0.7133784928027096 	Best Valid Acc: 0.715354
Epoch: 43 	Training Cost: 9643.475400	 Valid Acc: 0.7152130962461191 	Best Valid Acc: 0.715354
Epoch: 44 	Training Cost: 9634.616930	 Valid Acc: 0.7138018628281118 	Best Valid Acc: 0.715354
Epoch: 45 	Training Cost: 9627.393057	 Valid Acc: 0.713660739486311 	Best Valid Acc: 0.715354
Epoch: 46 	Training Cost: 9619.214456	 Valid Acc: 0.7133784928027096 	Best Valid Acc: 0.715354
Epoch: 47 	Training Cost: 9613.412584	 Valid Acc: 0.7150719729043183 	Best Valid Acc: 0.715354
Epoch: 48 	Training Cost: 9605.386384	 Valid Acc: 0.7147897262207169 	Best Valid Acc: 0.715354
Epoch: 49 	Training Cost: 9598.527601	 Valid Acc: 0.714225232853514 	Best Valid Acc: 0.715354
Epoch: 50 	Training Cost: 9592.729261	 Valid Acc: 0.7140841095117132 	Best Valid Acc: 0.715354
Epoch: 51 	Training Cost: 9585.711541	 Valid Acc: 0.7145074795371155 	Best Valid Acc: 0.715354
Epoch: 52 	Training Cost: 9579.351269	 Valid Acc: 0.7145074795371155 	Best Valid Acc: 0.715354
Epoch: 53 	Training Cost: 9572.679322	 Valid Acc: 0.7145074795371155 	Best Valid Acc: 0.715354
Epoch: 54 	Training Cost: 9565.597933	 Valid Acc: 0.7123906294101044 	Best Valid Acc: 0.715354
Epoch: 55 	Training Cost: 9559.083784	 Valid Acc: 0.7146486028789162 	Best Valid Acc: 0.715354
Epoch: 56 	Training Cost: 9551.155260	 Valid Acc: 0.7146486028789162 	Best Valid Acc: 0.715354
Epoch: 57 	Training Cost: 9545.197859	 Valid Acc: 0.7147897262207169 	Best Valid Acc: 0.715354
Epoch: 58 	Training Cost: 9535.714501	 Valid Acc: 0.714225232853514 	Best Valid Acc: 0.715354
Epoch: 59 	Training Cost: 9528.118858	 Valid Acc: 0.7135196161445103 	Best Valid Acc: 0.715354
Epoch: 60 	Training Cost: 9519.123836	 Valid Acc: 0.7129551227773073 	Best Valid Acc: 0.715354
Epoch: 61 	Training Cost: 9508.927552	 Valid Acc: 0.7125317527519052 	Best Valid Acc: 0.715354
Epoch: 62 	Training Cost: 9497.665793	 Valid Acc: 0.713096246119108 	Best Valid Acc: 0.715354
Epoch: 63 	Training Cost: 9485.857795	 Valid Acc: 0.7118261360429015 	Best Valid Acc: 0.715354
Epoch: 64 	Training Cost: 9470.816675	 Valid Acc: 0.7112616426756986 	Best Valid Acc: 0.715354
Epoch: 65 	Training Cost: 9455.483980	 Valid Acc: 0.7106971493084956 	Best Valid Acc: 0.715354
Epoch: 66 	Training Cost: 9436.009003	 Valid Acc: 0.7109793959920971 	Best Valid Acc: 0.715354
Epoch: 67 	Training Cost: 9413.137235	 Valid Acc: 0.7119672593847022 	Best Valid Acc: 0.715354
Epoch: 68 	Training Cost: 9392.003556	 Valid Acc: 0.712108382726503 	Best Valid Acc: 0.715354
Epoch: 69 	Training Cost: 9369.656833	 Valid Acc: 0.7106971493084956 	Best Valid Acc: 0.715354
Epoch: 70 	Training Cost: 9348.944228	 Valid Acc: 0.7133784928027096 	Best Valid Acc: 0.715354
Epoch: 71 	Training Cost: 9329.541794	 Valid Acc: 0.7115438893593 	Best Valid Acc: 0.715354
Epoch: 72 	Training Cost: 9308.348543	 Valid Acc: 0.7104149026248942 	Best Valid Acc: 0.715354
Epoch: 73 	Training Cost: 9290.423300	 Valid Acc: 0.7108382726502963 	Best Valid Acc: 0.715354
Epoch: 74 	Training Cost: 9272.189273	 Valid Acc: 0.7101326559412927 	Best Valid Acc: 0.715354
Epoch: 75 	Training Cost: 9252.178169	 Valid Acc: 0.7092859158904883 	Best Valid Acc: 0.715354
Epoch: 76 	Training Cost: 9235.334670	 Valid Acc: 0.7104149026248942 	Best Valid Acc: 0.715354
Epoch: 77 	Training Cost: 9218.076516	 Valid Acc: 0.7070279424216765 	Best Valid Acc: 0.715354
Epoch: 78 	Training Cost: 9202.299727	 Valid Acc: 0.7081569291560824 	Best Valid Acc: 0.715354
Epoch: 79 	Training Cost: 9183.528837	 Valid Acc: 0.7077335591306803 	Best Valid Acc: 0.715354
Epoch: 80 	Training Cost: 9167.991351	 Valid Acc: 0.7071690657634773 	Best Valid Acc: 0.715354
Epoch: 81 	Training Cost: 9151.002575	 Valid Acc: 0.7070279424216765 	Best Valid Acc: 0.715354
Epoch: 82 	Training Cost: 9136.055541	 Valid Acc: 0.7060400790290714 	Best Valid Acc: 0.715354
Epoch: 83 	Training Cost: 9119.666794	 Valid Acc: 0.707310189105278 	Best Valid Acc: 0.715354
Epoch: 84 	Training Cost: 9104.331243	 Valid Acc: 0.7064634490544736 	Best Valid Acc: 0.715354
Epoch: 85 	Training Cost: 9089.281571	 Valid Acc: 0.7061812023708721 	Best Valid Acc: 0.715354
Epoch: 86 	Training Cost: 9072.184255	 Valid Acc: 0.7053344623200677 	Best Valid Acc: 0.715354
Epoch: 87 	Training Cost: 9057.194636	 Valid Acc: 0.7056167090036692 	Best Valid Acc: 0.715354
Epoch: 88 	Training Cost: 9042.243614	 Valid Acc: 0.7037821055602597 	Best Valid Acc: 0.715354
Epoch: 89 	Training Cost: 9027.541337	 Valid Acc: 0.7064634490544736 	Best Valid Acc: 0.715354
Epoch: 90 	Training Cost: 9014.871320	 Valid Acc: 0.7039232289020604 	Best Valid Acc: 0.715354
Epoch: 91 	Training Cost: 9000.962600	 Valid Acc: 0.7053344623200677 	Best Valid Acc: 0.715354
Epoch: 92 	Training Cost: 8989.072453	 Valid Acc: 0.7046288456110641 	Best Valid Acc: 0.715354
Epoch: 93 	Training Cost: 8974.189732	 Valid Acc: 0.7037821055602597 	Best Valid Acc: 0.715354
Epoch: 94 	Training Cost: 8959.536364	 Valid Acc: 0.7036409822184589 	Best Valid Acc: 0.715354
Epoch: 95 	Training Cost: 8947.166719	 Valid Acc: 0.7027942421676545 	Best Valid Acc: 0.715354
Epoch: 96 	Training Cost: 8935.191575	 Valid Acc: 0.7029353655094552 	Best Valid Acc: 0.715354
Epoch: 97 	Training Cost: 8921.974505	 Valid Acc: 0.7029353655094552 	Best Valid Acc: 0.715354
Epoch: 98 	Training Cost: 8909.328197	 Valid Acc: 0.7023708721422524 	Best Valid Acc: 0.715354
Epoch: 99 	Training Cost: 8897.630683	 Valid Acc: 0.7020886254586508 	Best Valid Acc: 0.715354
Epoch: 100 	Training Cost: 8882.714117	 Valid Acc: 0.7006773920406435 	Best Valid Acc: 0.715354
Epoch: 101 	Training Cost: 8871.732161	 Valid Acc: 0.7002540220152413 	Best Valid Acc: 0.715354
Epoch: 102 	Training Cost: 8860.022442	 Valid Acc: 0.7015241320914479 	Best Valid Acc: 0.715354
Epoch: 103 	Training Cost: 8847.478943	 Valid Acc: 0.7003951453570421 	Best Valid Acc: 0.715354
Epoch: 104 	Training Cost: 8834.509505	 Valid Acc: 0.6998306519898391 	Best Valid Acc: 0.715354
Epoch: 105 	Training Cost: 8825.146507	 Valid Acc: 0.7001128986734406 	Best Valid Acc: 0.715354
Epoch: 106 	Training Cost: 8812.605595	 Valid Acc: 0.6996895286480384 	Best Valid Acc: 0.715354
Epoch: 107 	Training Cost: 8797.445258	 Valid Acc: 0.698842788597234 	Best Valid Acc: 0.715354
Epoch: 108 	Training Cost: 8788.772101	 Valid Acc: 0.7001128986734406 	Best Valid Acc: 0.715354
Epoch: 109 	Training Cost: 8777.855874	 Valid Acc: 0.6991250352808355 	Best Valid Acc: 0.715354
Epoch: 110 	Training Cost: 8762.554347	 Valid Acc: 0.6992661586226362 	Best Valid Acc: 0.715354
Epoch: 111 	Training Cost: 8750.506334	 Valid Acc: 0.6994072819644369 	Best Valid Acc: 0.715354
Epoch: 112 	Training Cost: 8737.146464	 Valid Acc: 0.6970081851538245 	Best Valid Acc: 0.715354
Epoch: 113 	Training Cost: 8726.523034	 Valid Acc: 0.6977138018628282 	Best Valid Acc: 0.715354
Epoch: 114 	Training Cost: 8719.005529	 Valid Acc: 0.6984194185718318 	Best Valid Acc: 0.715354
Epoch: 115 	Training Cost: 8704.475893	 Valid Acc: 0.69616144510302 	Best Valid Acc: 0.715354
Epoch: 116 	Training Cost: 8690.435083	 Valid Acc: 0.6970081851538245 	Best Valid Acc: 0.715354
Epoch: 117 	Training Cost: 8679.712465	 Valid Acc: 0.6947502116850127 	Best Valid Acc: 0.715354
Epoch: 118 	Training Cost: 8666.693799	 Valid Acc: 0.69616144510302 	Best Valid Acc: 0.715354
Epoch: 119 	Training Cost: 8654.785481	 Valid Acc: 0.6957380750776179 	Best Valid Acc: 0.715354
Epoch: 120 	Training Cost: 8645.664469	 Valid Acc: 0.694609088343212 	Best Valid Acc: 0.715354
Epoch: 121 	Training Cost: 8633.072281	 Valid Acc: 0.6958791984194186 	Best Valid Acc: 0.715354
Epoch: 122 	Training Cost: 8620.076222	 Valid Acc: 0.6931978549252046 	Best Valid Acc: 0.715354
Epoch: 123 	Training Cost: 8606.554262	 Valid Acc: 0.6963025684448207 	Best Valid Acc: 0.715354
Epoch: 124 	Training Cost: 8595.283110	 Valid Acc: 0.6931978549252046 	Best Valid Acc: 0.715354
Epoch: 125 	Training Cost: 8583.034007	 Valid Acc: 0.6965848151284222 	Best Valid Acc: 0.715354
Epoch: 126 	Training Cost: 8571.809291	 Valid Acc: 0.6953147050522156 	Best Valid Acc: 0.715354
Epoch: 127 	Training Cost: 8561.264678	 Valid Acc: 0.6950324583686142 	Best Valid Acc: 0.715354
Epoch: 128 	Training Cost: 8547.711119	 Valid Acc: 0.6943268416596104 	Best Valid Acc: 0.715354
Epoch: 129 	Training Cost: 8537.305452	 Valid Acc: 0.6953147050522156 	Best Valid Acc: 0.715354
Epoch: 130 	Training Cost: 8523.461612	 Valid Acc: 0.694609088343212 	Best Valid Acc: 0.715354
Epoch: 131 	Training Cost: 8509.516753	 Valid Acc: 0.6943268416596104 	Best Valid Acc: 0.715354
Epoch: 132 	Training Cost: 8500.493471	 Valid Acc: 0.6950324583686142 	Best Valid Acc: 0.715354
Epoch: 133 	Training Cost: 8487.427092	 Valid Acc: 0.6947502116850127 	Best Valid Acc: 0.715354
Epoch: 134 	Training Cost: 8473.323305	 Valid Acc: 0.694044594976009 	Best Valid Acc: 0.715354
Epoch: 135 	Training Cost: 8463.310082	 Valid Acc: 0.6922099915325995 	Best Valid Acc: 0.715354
Epoch: 136 	Training Cost: 8452.516424	 Valid Acc: 0.6931978549252046 	Best Valid Acc: 0.715354
Epoch: 137 	Training Cost: 8439.410015	 Valid Acc: 0.6947502116850127 	Best Valid Acc: 0.715354
Epoch: 138 	Training Cost: 8428.579339	 Valid Acc: 0.6927744848998024 	Best Valid Acc: 0.715354
Epoch: 139 	Training Cost: 8416.460744	 Valid Acc: 0.6939034716342083 	Best Valid Acc: 0.715354
Epoch: 140 	Training Cost: 8406.081955	 Valid Acc: 0.6930567315834039 	Best Valid Acc: 0.715354
Epoch: 141 	Training Cost: 8391.967971	 Valid Acc: 0.6936212249506069 	Best Valid Acc: 0.715354
Epoch: 142 	Training Cost: 8380.409850	 Valid Acc: 0.6920688681907987 	Best Valid Acc: 0.715354
Epoch: 143 	Training Cost: 8369.090708	 Valid Acc: 0.6939034716342083 	Best Valid Acc: 0.715354
Epoch: 144 	Training Cost: 8359.780705	 Valid Acc: 0.6953147050522156 	Best Valid Acc: 0.715354
Epoch: 145 	Training Cost: 8347.852948	 Valid Acc: 0.6931978549252046 	Best Valid Acc: 0.715354
Epoch: 146 	Training Cost: 8334.695905	 Valid Acc: 0.6929156082416031 	Best Valid Acc: 0.715354
Epoch: 147 	Training Cost: 8324.576922	 Valid Acc: 0.6937623482924076 	Best Valid Acc: 0.715354
Epoch: 148 	Training Cost: 8314.912136	 Valid Acc: 0.694044594976009 	Best Valid Acc: 0.715354
Epoch: 149 	Training Cost: 8301.024094	 Valid Acc: 0.6941857183178097 	Best Valid Acc: 0.715354
Epoch: 150 	Training Cost: 8291.160839	 Valid Acc: 0.6930567315834039 	Best Valid Acc: 0.715354
Epoch: 151 	Training Cost: 8280.778484	 Valid Acc: 0.6953147050522156 	Best Valid Acc: 0.715354
Epoch: 152 	Training Cost: 8269.014125	 Valid Acc: 0.6930567315834039 	Best Valid Acc: 0.715354
Epoch: 153 	Training Cost: 8258.539805	 Valid Acc: 0.6950324583686142 	Best Valid Acc: 0.715354
Epoch: 154 	Training Cost: 8251.527396	 Valid Acc: 0.6951735817104149 	Best Valid Acc: 0.715354
Epoch: 155 	Training Cost: 8238.962351	 Valid Acc: 0.6941857183178097 	Best Valid Acc: 0.715354
Epoch: 156 	Training Cost: 8226.084466	 Valid Acc: 0.6937623482924076 	Best Valid Acc: 0.715354
Epoch: 157 	Training Cost: 8214.976676	 Valid Acc: 0.691927744848998 	Best Valid Acc: 0.715354
Epoch: 158 	Training Cost: 8206.375418	 Valid Acc: 0.6943268416596104 	Best Valid Acc: 0.715354
Epoch: 159 	Training Cost: 8195.236721	 Valid Acc: 0.6910810047981937 	Best Valid Acc: 0.715354
Epoch: 160 	Training Cost: 8184.932067	 Valid Acc: 0.6939034716342083 	Best Valid Acc: 0.715354
Epoch: 161 	Training Cost: 8175.963675	 Valid Acc: 0.6922099915325995 	Best Valid Acc: 0.715354
Epoch: 162 	Training Cost: 8167.169125	 Valid Acc: 0.6927744848998024 	Best Valid Acc: 0.715354
Epoch: 163 	Training Cost: 8155.177722	 Valid Acc: 0.692492238216201 	Best Valid Acc: 0.715354
Epoch: 164 	Training Cost: 8143.339673	 Valid Acc: 0.6929156082416031 	Best Valid Acc: 0.715354
Epoch: 165 	Training Cost: 8134.416359	 Valid Acc: 0.691927744848998 	Best Valid Acc: 0.715354
Epoch: 166 	Training Cost: 8125.422937	 Valid Acc: 0.6922099915325995 	Best Valid Acc: 0.715354
Epoch: 167 	Training Cost: 8115.324429	 Valid Acc: 0.6926333615580017 	Best Valid Acc: 0.715354
Epoch: 168 	Training Cost: 8107.055570	 Valid Acc: 0.694044594976009 	Best Valid Acc: 0.715354
Epoch: 169 	Training Cost: 8094.411929	 Valid Acc: 0.6913632514817951 	Best Valid Acc: 0.715354
Epoch: 170 	Training Cost: 8083.583053	 Valid Acc: 0.6934801016088061 	Best Valid Acc: 0.715354
Epoch: 171 	Training Cost: 8074.817458	 Valid Acc: 0.6926333615580017 	Best Valid Acc: 0.715354
Epoch: 172 	Training Cost: 8065.168267	 Valid Acc: 0.6929156082416031 	Best Valid Acc: 0.715354
Epoch: 173 	Training Cost: 8051.949498	 Valid Acc: 0.6906576347727914 	Best Valid Acc: 0.715354
Epoch: 174 	Training Cost: 8043.080762	 Valid Acc: 0.6937623482924076 	Best Valid Acc: 0.715354
Epoch: 175 	Training Cost: 8035.477155	 Valid Acc: 0.69037538808919 	Best Valid Acc: 0.715354
Epoch: 176 	Training Cost: 8025.625583	 Valid Acc: 0.694609088343212 	Best Valid Acc: 0.715354
Epoch: 177 	Training Cost: 8008.994641	 Valid Acc: 0.6891052780129834 	Best Valid Acc: 0.715354
Epoch: 178 	Training Cost: 7998.185782	 Valid Acc: 0.6906576347727914 	Best Valid Acc: 0.715354
Epoch: 179 	Training Cost: 7992.153705	 Valid Acc: 0.6909398814563928 	Best Valid Acc: 0.715354
Epoch: 180 	Training Cost: 7978.256508	 Valid Acc: 0.6912221281399944 	Best Valid Acc: 0.715354
Epoch: 181 	Training Cost: 7961.818101	 Valid Acc: 0.6909398814563928 	Best Valid Acc: 0.715354
Epoch: 182 	Training Cost: 7955.294410	 Valid Acc: 0.6917866215071973 	Best Valid Acc: 0.715354
Epoch: 183 	Training Cost: 7943.705465	 Valid Acc: 0.6913632514817951 	Best Valid Acc: 0.715354
Epoch: 184 	Training Cost: 7927.887540	 Valid Acc: 0.6896697713801863 	Best Valid Acc: 0.715354
Epoch: 185 	Training Cost: 7916.571589	 Valid Acc: 0.691927744848998 	Best Valid Acc: 0.715354
Epoch: 186 	Training Cost: 7899.907223	 Valid Acc: 0.6891052780129834 	Best Valid Acc: 0.715354
Epoch: 187 	Training Cost: 7890.297015	 Valid Acc: 0.69037538808919 	Best Valid Acc: 0.715354
Epoch: 188 	Training Cost: 7874.658385	 Valid Acc: 0.6902342647473892 	Best Valid Acc: 0.715354
Epoch: 189 	Training Cost: 7862.985709	 Valid Acc: 0.6892464013547841 	Best Valid Acc: 0.715354
Epoch: 190 	Training Cost: 7845.073188	 Valid Acc: 0.687694044594976 	Best Valid Acc: 0.715354
Epoch: 191 	Training Cost: 7829.348121	 Valid Acc: 0.6896697713801863 	Best Valid Acc: 0.715354
Epoch: 192 	Training Cost: 7816.104814	 Valid Acc: 0.6874117979113745 	Best Valid Acc: 0.715354
Epoch: 193 	Training Cost: 7799.952222	 Valid Acc: 0.6889641546711827 	Best Valid Acc: 0.715354
Epoch: 194 	Training Cost: 7784.974302	 Valid Acc: 0.6899520180637877 	Best Valid Acc: 0.715354
Epoch: 195 	Training Cost: 7769.676037	 Valid Acc: 0.6862828111769687 	Best Valid Acc: 0.715354
Epoch: 196 	Training Cost: 7749.466015	 Valid Acc: 0.6878351679367768 	Best Valid Acc: 0.715354
Epoch: 197 	Training Cost: 7735.533599	 Valid Acc: 0.6850127011007621 	Best Valid Acc: 0.715354
Epoch: 198 	Training Cost: 7719.685890	 Valid Acc: 0.6888230313293818 	Best Valid Acc: 0.715354
Epoch: 199 	Training Cost: 7700.891996	 Valid Acc: 0.6861416878351679 	Best Valid Acc: 0.715354
Epoch: 200 	Training Cost: 7684.381648	 Valid Acc: 0.6886819079875811 	Best Valid Acc: 0.715354
lr=2e-05, lamb=0, num_epoch=200, test_acc=0.6799322607959356
----------------------------------------------------------
----------------------------------------------------------
lr=2e-05, lamb=1e-05, num_epoch=200
Epoch: 1 	Training Cost: 13386.415062	 Valid Acc: 0.668077900084674 	Best Valid Acc: 0.668078
Epoch: 2 	Training Cost: 11837.705757	 Valid Acc: 0.6785210273779283 	Best Valid Acc: 0.678521
Epoch: 3 	Training Cost: 11548.963159	 Valid Acc: 0.6803556308213379 	Best Valid Acc: 0.680356
Epoch: 4 	Training Cost: 11462.028118	 Valid Acc: 0.6814846175557437 	Best Valid Acc: 0.681485
Epoch: 5 	Training Cost: 11419.500607	 Valid Acc: 0.6823313576065482 	Best Valid Acc: 0.682331
Epoch: 6 	Training Cost: 11388.782804	 Valid Acc: 0.6831780976573525 	Best Valid Acc: 0.683178
Epoch: 7 	Training Cost: 11351.150660	 Valid Acc: 0.6844482077335591 	Best Valid Acc: 0.684448
Epoch: 8 	Training Cost: 11283.286251	 Valid Acc: 0.6847304544171606 	Best Valid Acc: 0.684730
Epoch: 9 	Training Cost: 11175.850797	 Valid Acc: 0.6837425910245555 	Best Valid Acc: 0.684730
Epoch: 10 	Training Cost: 11051.572741	 Valid Acc: 0.6875529212531752 	Best Valid Acc: 0.687553
Epoch: 11 	Training Cost: 10901.368019	 Valid Acc: 0.696725938470223 	Best Valid Acc: 0.696726
Epoch: 12 	Training Cost: 10718.053240	 Valid Acc: 0.7019475021168501 	Best Valid Acc: 0.701948
Epoch: 13 	Training Cost: 10544.573483	 Valid Acc: 0.7034998588766582 	Best Valid Acc: 0.703500
Epoch: 14 	Training Cost: 10412.790238	 Valid Acc: 0.7040643522438611 	Best Valid Acc: 0.704064
Epoch: 15 	Training Cost: 10317.531678	 Valid Acc: 0.7054755856618685 	Best Valid Acc: 0.705476
Epoch: 16 	Training Cost: 10245.115683	 Valid Acc: 0.7046288456110641 	Best Valid Acc: 0.705476
Epoch: 17 	Training Cost: 10186.415204	 Valid Acc: 0.7070279424216765 	Best Valid Acc: 0.707028
Epoch: 18 	Training Cost: 10136.530364	 Valid Acc: 0.707310189105278 	Best Valid Acc: 0.707310
Epoch: 19 	Training Cost: 10093.353487	 Valid Acc: 0.7085802991814846 	Best Valid Acc: 0.708580
Epoch: 20 	Training Cost: 10055.286634	 Valid Acc: 0.7085802991814846 	Best Valid Acc: 0.708580
Epoch: 21 	Training Cost: 10021.396825	 Valid Acc: 0.7088625458650861 	Best Valid Acc: 0.708863
Epoch: 22 	Training Cost: 9991.356108	 Valid Acc: 0.709991532599492 	Best Valid Acc: 0.709992
Epoch: 23 	Training Cost: 9964.501710	 Valid Acc: 0.7116850127011007 	Best Valid Acc: 0.711685
Epoch: 24 	Training Cost: 9940.327715	 Valid Acc: 0.7108382726502963 	Best Valid Acc: 0.711685
Epoch: 25 	Training Cost: 9918.013626	 Valid Acc: 0.7116850127011007 	Best Valid Acc: 0.711685
Epoch: 26 	Training Cost: 9897.319650	 Valid Acc: 0.712108382726503 	Best Valid Acc: 0.712108
Epoch: 27 	Training Cost: 9877.713528	 Valid Acc: 0.713096246119108 	Best Valid Acc: 0.713096
Epoch: 28 	Training Cost: 9858.976786	 Valid Acc: 0.7126728760937059 	Best Valid Acc: 0.713096
Epoch: 29 	Training Cost: 9841.020444	 Valid Acc: 0.7132373694609089 	Best Valid Acc: 0.713237
Epoch: 30 	Training Cost: 9823.696794	 Valid Acc: 0.7133784928027096 	Best Valid Acc: 0.713378
Epoch: 31 	Training Cost: 9807.138399	 Valid Acc: 0.713096246119108 	Best Valid Acc: 0.713378
Epoch: 32 	Training Cost: 9791.117283	 Valid Acc: 0.7138018628281118 	Best Valid Acc: 0.713802
Epoch: 33 	Training Cost: 9775.637529	 Valid Acc: 0.713660739486311 	Best Valid Acc: 0.713802
Epoch: 34 	Training Cost: 9760.843287	 Valid Acc: 0.713660739486311 	Best Valid Acc: 0.713802
Epoch: 35 	Training Cost: 9746.615553	 Valid Acc: 0.7139429861699125 	Best Valid Acc: 0.713943
Epoch: 36 	Training Cost: 9733.304862	 Valid Acc: 0.7146486028789162 	Best Valid Acc: 0.714649
Epoch: 37 	Training Cost: 9720.678669	 Valid Acc: 0.7146486028789162 	Best Valid Acc: 0.714649
Epoch: 38 	Training Cost: 9708.780909	 Valid Acc: 0.7159187129551228 	Best Valid Acc: 0.715919
Epoch: 39 	Training Cost: 9697.618477	 Valid Acc: 0.715777589613322 	Best Valid Acc: 0.715919
Epoch: 40 	Training Cost: 9687.173034	 Valid Acc: 0.7152130962461191 	Best Valid Acc: 0.715919
Epoch: 41 	Training Cost: 9677.298964	 Valid Acc: 0.7149308495625176 	Best Valid Acc: 0.715919
Epoch: 42 	Training Cost: 9668.169021	 Valid Acc: 0.715777589613322 	Best Valid Acc: 0.715919
Epoch: 43 	Training Cost: 9659.602492	 Valid Acc: 0.7167654530059272 	Best Valid Acc: 0.716765
Epoch: 44 	Training Cost: 9651.926975	 Valid Acc: 0.715777589613322 	Best Valid Acc: 0.716765
Epoch: 45 	Training Cost: 9644.203543	 Valid Acc: 0.7154953429297206 	Best Valid Acc: 0.716765
Epoch: 46 	Training Cost: 9637.879380	 Valid Acc: 0.7146486028789162 	Best Valid Acc: 0.716765
Epoch: 47 	Training Cost: 9630.929871	 Valid Acc: 0.715777589613322 	Best Valid Acc: 0.716765
Epoch: 48 	Training Cost: 9624.838650	 Valid Acc: 0.7149308495625176 	Best Valid Acc: 0.716765
Epoch: 49 	Training Cost: 9617.619439	 Valid Acc: 0.7152130962461191 	Best Valid Acc: 0.716765
Epoch: 50 	Training Cost: 9611.457557	 Valid Acc: 0.7135196161445103 	Best Valid Acc: 0.716765
Epoch: 51 	Training Cost: 9605.161802	 Valid Acc: 0.7149308495625176 	Best Valid Acc: 0.716765
Epoch: 52 	Training Cost: 9598.650307	 Valid Acc: 0.7152130962461191 	Best Valid Acc: 0.716765
Epoch: 53 	Training Cost: 9589.917395	 Valid Acc: 0.7150719729043183 	Best Valid Acc: 0.716765
Epoch: 54 	Training Cost: 9581.131018	 Valid Acc: 0.7132373694609089 	Best Valid Acc: 0.716765
Epoch: 55 	Training Cost: 9572.670259	 Valid Acc: 0.7147897262207169 	Best Valid Acc: 0.716765
Epoch: 56 	Training Cost: 9560.423757	 Valid Acc: 0.7143663561953147 	Best Valid Acc: 0.716765
Epoch: 57 	Training Cost: 9545.040531	 Valid Acc: 0.7145074795371155 	Best Valid Acc: 0.716765
Epoch: 58 	Training Cost: 9529.136215	 Valid Acc: 0.7138018628281118 	Best Valid Acc: 0.716765
Epoch: 59 	Training Cost: 9507.540804	 Valid Acc: 0.713660739486311 	Best Valid Acc: 0.716765
Epoch: 60 	Training Cost: 9483.991125	 Valid Acc: 0.7128139994355066 	Best Valid Acc: 0.716765
Epoch: 61 	Training Cost: 9462.906468	 Valid Acc: 0.7123906294101044 	Best Valid Acc: 0.716765
Epoch: 62 	Training Cost: 9440.846471	 Valid Acc: 0.713660739486311 	Best Valid Acc: 0.716765
Epoch: 63 	Training Cost: 9420.220770	 Valid Acc: 0.7125317527519052 	Best Valid Acc: 0.716765
Epoch: 64 	Training Cost: 9399.858181	 Valid Acc: 0.7139429861699125 	Best Valid Acc: 0.716765
Epoch: 65 	Training Cost: 9381.569854	 Valid Acc: 0.713096246119108 	Best Valid Acc: 0.716765
Epoch: 66 	Training Cost: 9364.192003	 Valid Acc: 0.7145074795371155 	Best Valid Acc: 0.716765
Epoch: 67 	Training Cost: 9345.913630	 Valid Acc: 0.7123906294101044 	Best Valid Acc: 0.716765
Epoch: 68 	Training Cost: 9328.075235	 Valid Acc: 0.7133784928027096 	Best Valid Acc: 0.716765
Epoch: 69 	Training Cost: 9310.517219	 Valid Acc: 0.7139429861699125 	Best Valid Acc: 0.716765
Epoch: 70 	Training Cost: 9293.535094	 Valid Acc: 0.7135196161445103 	Best Valid Acc: 0.716765
Epoch: 71 	Training Cost: 9274.476487	 Valid Acc: 0.7140841095117132 	Best Valid Acc: 0.716765
Epoch: 72 	Training Cost: 9256.073888	 Valid Acc: 0.7132373694609089 	Best Valid Acc: 0.716765
Epoch: 73 	Training Cost: 9238.405524	 Valid Acc: 0.7118261360429015 	Best Valid Acc: 0.716765
Epoch: 74 	Training Cost: 9221.930824	 Valid Acc: 0.7116850127011007 	Best Valid Acc: 0.716765
Epoch: 75 	Training Cost: 9206.206532	 Valid Acc: 0.712108382726503 	Best Valid Acc: 0.716765
Epoch: 76 	Training Cost: 9186.971586	 Valid Acc: 0.7118261360429015 	Best Valid Acc: 0.716765
Epoch: 77 	Training Cost: 9171.546158	 Valid Acc: 0.713096246119108 	Best Valid Acc: 0.716765
Epoch: 78 	Training Cost: 9158.155850	 Valid Acc: 0.7098504092576913 	Best Valid Acc: 0.716765
Epoch: 79 	Training Cost: 9141.516687	 Valid Acc: 0.7101326559412927 	Best Valid Acc: 0.716765
Epoch: 80 	Training Cost: 9126.704976	 Valid Acc: 0.7090036692068868 	Best Valid Acc: 0.716765
Epoch: 81 	Training Cost: 9111.120994	 Valid Acc: 0.7090036692068868 	Best Valid Acc: 0.716765
Epoch: 82 	Training Cost: 9099.275783	 Valid Acc: 0.7071690657634773 	Best Valid Acc: 0.716765
Epoch: 83 	Training Cost: 9084.107422	 Valid Acc: 0.7091447925486876 	Best Valid Acc: 0.716765
Epoch: 84 	Training Cost: 9073.201393	 Valid Acc: 0.7071690657634773 	Best Valid Acc: 0.716765
Epoch: 85 	Training Cost: 9058.873781	 Valid Acc: 0.7082980524978831 	Best Valid Acc: 0.716765
Epoch: 86 	Training Cost: 9047.051236	 Valid Acc: 0.707310189105278 	Best Valid Acc: 0.716765
Epoch: 87 	Training Cost: 9034.228063	 Valid Acc: 0.707310189105278 	Best Valid Acc: 0.716765
Epoch: 88 	Training Cost: 9024.464420	 Valid Acc: 0.7077335591306803 	Best Valid Acc: 0.716765
Epoch: 89 	Training Cost: 9011.611824	 Valid Acc: 0.7040643522438611 	Best Valid Acc: 0.716765
Epoch: 90 	Training Cost: 9000.664335	 Valid Acc: 0.705193338978267 	Best Valid Acc: 0.716765
Epoch: 91 	Training Cost: 8987.814228	 Valid Acc: 0.7042054755856618 	Best Valid Acc: 0.716765
Epoch: 92 	Training Cost: 8977.612014	 Valid Acc: 0.7053344623200677 	Best Valid Acc: 0.716765
Epoch: 93 	Training Cost: 8967.317065	 Valid Acc: 0.7032176121930568 	Best Valid Acc: 0.716765
Epoch: 94 	Training Cost: 8955.466299	 Valid Acc: 0.703076488851256 	Best Valid Acc: 0.716765
Epoch: 95 	Training Cost: 8943.801071	 Valid Acc: 0.7018063787750494 	Best Valid Acc: 0.716765
Epoch: 96 	Training Cost: 8931.991416	 Valid Acc: 0.6998306519898391 	Best Valid Acc: 0.716765
Epoch: 97 	Training Cost: 8922.959450	 Valid Acc: 0.7025119954840531 	Best Valid Acc: 0.716765
Epoch: 98 	Training Cost: 8911.521599	 Valid Acc: 0.7008185153824442 	Best Valid Acc: 0.716765
Epoch: 99 	Training Cost: 8900.820040	 Valid Acc: 0.7001128986734406 	Best Valid Acc: 0.716765
Epoch: 100 	Training Cost: 8888.893745	 Valid Acc: 0.6996895286480384 	Best Valid Acc: 0.716765
Epoch: 101 	Training Cost: 8876.473036	 Valid Acc: 0.6987016652554332 	Best Valid Acc: 0.716765
Epoch: 102 	Training Cost: 8866.469645	 Valid Acc: 0.698278295230031 	Best Valid Acc: 0.716765
Epoch: 103 	Training Cost: 8857.957271	 Valid Acc: 0.7003951453570421 	Best Valid Acc: 0.716765
Epoch: 104 	Training Cost: 8845.609337	 Valid Acc: 0.6999717753316399 	Best Valid Acc: 0.716765
Epoch: 105 	Training Cost: 8833.257409	 Valid Acc: 0.6998306519898391 	Best Valid Acc: 0.716765
Epoch: 106 	Training Cost: 8823.931501	 Valid Acc: 0.6984194185718318 	Best Valid Acc: 0.716765
Epoch: 107 	Training Cost: 8815.005697	 Valid Acc: 0.6995484053062376 	Best Valid Acc: 0.716765
Epoch: 108 	Training Cost: 8801.863494	 Valid Acc: 0.6978549252046289 	Best Valid Acc: 0.716765
Epoch: 109 	Training Cost: 8791.225848	 Valid Acc: 0.6985605419136325 	Best Valid Acc: 0.716765
Epoch: 110 	Training Cost: 8780.908969	 Valid Acc: 0.6979960485464296 	Best Valid Acc: 0.716765
Epoch: 111 	Training Cost: 8770.643261	 Valid Acc: 0.6972904318374259 	Best Valid Acc: 0.716765
Epoch: 112 	Training Cost: 8761.371019	 Valid Acc: 0.6972904318374259 	Best Valid Acc: 0.716765
Epoch: 113 	Training Cost: 8755.072291	 Valid Acc: 0.6968670618120237 	Best Valid Acc: 0.716765
Epoch: 114 	Training Cost: 8741.324789	 Valid Acc: 0.6971493084956252 	Best Valid Acc: 0.716765
Epoch: 115 	Training Cost: 8729.100330	 Valid Acc: 0.694609088343212 	Best Valid Acc: 0.716765
Epoch: 116 	Training Cost: 8723.207528	 Valid Acc: 0.6951735817104149 	Best Valid Acc: 0.716765
Epoch: 117 	Training Cost: 8714.509731	 Valid Acc: 0.6931978549252046 	Best Valid Acc: 0.716765
Epoch: 118 	Training Cost: 8702.167577	 Valid Acc: 0.6929156082416031 	Best Valid Acc: 0.716765
Epoch: 119 	Training Cost: 8697.253909	 Valid Acc: 0.6951735817104149 	Best Valid Acc: 0.716765
Epoch: 120 	Training Cost: 8684.351989	 Valid Acc: 0.6948913350268134 	Best Valid Acc: 0.716765
Epoch: 121 	Training Cost: 8675.448223	 Valid Acc: 0.6929156082416031 	Best Valid Acc: 0.716765
Epoch: 122 	Training Cost: 8665.981307	 Valid Acc: 0.6923511148744003 	Best Valid Acc: 0.716765
Epoch: 123 	Training Cost: 8657.783208	 Valid Acc: 0.694609088343212 	Best Valid Acc: 0.716765
Epoch: 124 	Training Cost: 8648.054172	 Valid Acc: 0.6937623482924076 	Best Valid Acc: 0.716765
Epoch: 125 	Training Cost: 8638.403913	 Valid Acc: 0.6944679650014113 	Best Valid Acc: 0.716765
Epoch: 126 	Training Cost: 8631.393730	 Valid Acc: 0.6923511148744003 	Best Valid Acc: 0.716765
Epoch: 127 	Training Cost: 8618.832058	 Valid Acc: 0.6939034716342083 	Best Valid Acc: 0.716765
Epoch: 128 	Training Cost: 8613.638530	 Valid Acc: 0.6917866215071973 	Best Valid Acc: 0.716765
Epoch: 129 	Training Cost: 8602.333565	 Valid Acc: 0.6948913350268134 	Best Valid Acc: 0.716765
Epoch: 130 	Training Cost: 8591.328681	 Valid Acc: 0.6936212249506069 	Best Valid Acc: 0.716765
Epoch: 131 	Training Cost: 8585.957443	 Valid Acc: 0.6939034716342083 	Best Valid Acc: 0.716765
Epoch: 132 	Training Cost: 8578.700834	 Valid Acc: 0.6933389782670054 	Best Valid Acc: 0.716765
Epoch: 133 	Training Cost: 8565.621911	 Valid Acc: 0.6922099915325995 	Best Valid Acc: 0.716765
Epoch: 134 	Training Cost: 8557.498020	 Valid Acc: 0.6941857183178097 	Best Valid Acc: 0.716765
Epoch: 135 	Training Cost: 8550.878439	 Valid Acc: 0.6931978549252046 	Best Valid Acc: 0.716765
Epoch: 136 	Training Cost: 8538.836615	 Valid Acc: 0.6951735817104149 	Best Valid Acc: 0.716765
Epoch: 137 	Training Cost: 8529.092971	 Valid Acc: 0.6916454981653966 	Best Valid Acc: 0.716765
Epoch: 138 	Training Cost: 8524.495783	 Valid Acc: 0.692492238216201 	Best Valid Acc: 0.716765
Epoch: 139 	Training Cost: 8512.427075	 Valid Acc: 0.6906576347727914 	Best Valid Acc: 0.716765
Epoch: 140 	Training Cost: 8500.942891	 Valid Acc: 0.6926333615580017 	Best Valid Acc: 0.716765
Epoch: 141 	Training Cost: 8494.685508	 Valid Acc: 0.692492238216201 	Best Valid Acc: 0.716765
Epoch: 142 	Training Cost: 8490.038065	 Valid Acc: 0.6944679650014113 	Best Valid Acc: 0.716765
Epoch: 143 	Training Cost: 8474.513882	 Valid Acc: 0.6927744848998024 	Best Valid Acc: 0.716765
Epoch: 144 	Training Cost: 8464.838143	 Valid Acc: 0.6937623482924076 	Best Valid Acc: 0.716765
Epoch: 145 	Training Cost: 8460.928351	 Valid Acc: 0.6929156082416031 	Best Valid Acc: 0.716765
Epoch: 146 	Training Cost: 8452.276706	 Valid Acc: 0.6964436917866215 	Best Valid Acc: 0.716765
Epoch: 147 	Training Cost: 8441.973843	 Valid Acc: 0.6937623482924076 	Best Valid Acc: 0.716765
Epoch: 148 	Training Cost: 8433.314704	 Valid Acc: 0.6936212249506069 	Best Valid Acc: 0.716765
Epoch: 149 	Training Cost: 8422.659242	 Valid Acc: 0.6953147050522156 	Best Valid Acc: 0.716765
Epoch: 150 	Training Cost: 8414.030244	 Valid Acc: 0.69616144510302 	Best Valid Acc: 0.716765
Epoch: 151 	Training Cost: 8403.649145	 Valid Acc: 0.6947502116850127 	Best Valid Acc: 0.716765
Epoch: 152 	Training Cost: 8396.534016	 Valid Acc: 0.6939034716342083 	Best Valid Acc: 0.716765
Epoch: 153 	Training Cost: 8387.654792	 Valid Acc: 0.6941857183178097 	Best Valid Acc: 0.716765
Epoch: 154 	Training Cost: 8378.436523	 Valid Acc: 0.6933389782670054 	Best Valid Acc: 0.716765
Epoch: 155 	Training Cost: 8373.919448	 Valid Acc: 0.6947502116850127 	Best Valid Acc: 0.716765
Epoch: 156 	Training Cost: 8365.908155	 Valid Acc: 0.6923511148744003 	Best Valid Acc: 0.716765
Epoch: 157 	Training Cost: 8352.576146	 Valid Acc: 0.6931978549252046 	Best Valid Acc: 0.716765
Epoch: 158 	Training Cost: 8347.610056	 Valid Acc: 0.6906576347727914 	Best Valid Acc: 0.716765
Epoch: 159 	Training Cost: 8335.959638	 Valid Acc: 0.6929156082416031 	Best Valid Acc: 0.716765
Epoch: 160 	Training Cost: 8328.881565	 Valid Acc: 0.6922099915325995 	Best Valid Acc: 0.716765
Epoch: 161 	Training Cost: 8319.483442	 Valid Acc: 0.6920688681907987 	Best Valid Acc: 0.716765
Epoch: 162 	Training Cost: 8312.665478	 Valid Acc: 0.6907987581145921 	Best Valid Acc: 0.716765
Epoch: 163 	Training Cost: 8304.465048	 Valid Acc: 0.692492238216201 	Best Valid Acc: 0.716765
Epoch: 164 	Training Cost: 8291.775484	 Valid Acc: 0.6922099915325995 	Best Valid Acc: 0.716765
Epoch: 165 	Training Cost: 8284.773418	 Valid Acc: 0.6907987581145921 	Best Valid Acc: 0.716765
Epoch: 166 	Training Cost: 8279.772164	 Valid Acc: 0.6926333615580017 	Best Valid Acc: 0.716765
Epoch: 167 	Training Cost: 8271.046440	 Valid Acc: 0.6915043748235958 	Best Valid Acc: 0.716765
Epoch: 168 	Training Cost: 8259.461954	 Valid Acc: 0.69037538808919 	Best Valid Acc: 0.716765
Epoch: 169 	Training Cost: 8252.172842	 Valid Acc: 0.6915043748235958 	Best Valid Acc: 0.716765
Epoch: 170 	Training Cost: 8243.300588	 Valid Acc: 0.6915043748235958 	Best Valid Acc: 0.716765
Epoch: 171 	Training Cost: 8235.770748	 Valid Acc: 0.6886819079875811 	Best Valid Acc: 0.716765
Epoch: 172 	Training Cost: 8233.345313	 Valid Acc: 0.6906576347727914 	Best Valid Acc: 0.716765
Epoch: 173 	Training Cost: 8219.783501	 Valid Acc: 0.6912221281399944 	Best Valid Acc: 0.716765
Epoch: 174 	Training Cost: 8212.280305	 Valid Acc: 0.6888230313293818 	Best Valid Acc: 0.716765
Epoch: 175 	Training Cost: 8208.242645	 Valid Acc: 0.6907987581145921 	Best Valid Acc: 0.716765
Epoch: 176 	Training Cost: 8195.508175	 Valid Acc: 0.6893875246965848 	Best Valid Acc: 0.716765
Epoch: 177 	Training Cost: 8189.512170	 Valid Acc: 0.692492238216201 	Best Valid Acc: 0.716765
Epoch: 178 	Training Cost: 8186.357719	 Valid Acc: 0.6883996613039797 	Best Valid Acc: 0.716765
Epoch: 179 	Training Cost: 8174.898379	 Valid Acc: 0.689810894721987 	Best Valid Acc: 0.716765
Epoch: 180 	Training Cost: 8166.675891	 Valid Acc: 0.6888230313293818 	Best Valid Acc: 0.716765
Epoch: 181 	Training Cost: 8158.955087	 Valid Acc: 0.6923511148744003 	Best Valid Acc: 0.716765
Epoch: 182 	Training Cost: 8154.134091	 Valid Acc: 0.6867061812023709 	Best Valid Acc: 0.716765
Epoch: 183 	Training Cost: 8145.199089	 Valid Acc: 0.6920688681907987 	Best Valid Acc: 0.716765
Epoch: 184 	Training Cost: 8140.014994	 Valid Acc: 0.6878351679367768 	Best Valid Acc: 0.716765
Epoch: 185 	Training Cost: 8128.960067	 Valid Acc: 0.692492238216201 	Best Valid Acc: 0.716765
Epoch: 186 	Training Cost: 8119.730967	 Valid Acc: 0.6893875246965848 	Best Valid Acc: 0.716765
Epoch: 187 	Training Cost: 8114.555818	 Valid Acc: 0.6905165114309907 	Best Valid Acc: 0.716765
Epoch: 188 	Training Cost: 8109.276188	 Valid Acc: 0.6927744848998024 	Best Valid Acc: 0.716765
Epoch: 189 	Training Cost: 8098.750292	 Valid Acc: 0.6905165114309907 	Best Valid Acc: 0.716765
Epoch: 190 	Training Cost: 8091.196435	 Valid Acc: 0.6905165114309907 	Best Valid Acc: 0.716765
Epoch: 191 	Training Cost: 8084.917387	 Valid Acc: 0.6892464013547841 	Best Valid Acc: 0.716765
Epoch: 192 	Training Cost: 8075.104050	 Valid Acc: 0.6879762912785775 	Best Valid Acc: 0.716765
Epoch: 193 	Training Cost: 8066.827121	 Valid Acc: 0.6909398814563928 	Best Valid Acc: 0.716765
Epoch: 194 	Training Cost: 8059.635231	 Valid Acc: 0.6872706745695738 	Best Valid Acc: 0.716765
Epoch: 195 	Training Cost: 8052.405283	 Valid Acc: 0.6905165114309907 	Best Valid Acc: 0.716765
Epoch: 196 	Training Cost: 8047.229301	 Valid Acc: 0.6869884278859724 	Best Valid Acc: 0.716765
Epoch: 197 	Training Cost: 8040.694414	 Valid Acc: 0.6922099915325995 	Best Valid Acc: 0.716765
Epoch: 198 	Training Cost: 8034.860248	 Valid Acc: 0.6854360711261642 	Best Valid Acc: 0.716765
Epoch: 199 	Training Cost: 8018.280187	 Valid Acc: 0.689810894721987 	Best Valid Acc: 0.716765
Epoch: 200 	Training Cost: 8017.728920	 Valid Acc: 0.6874117979113745 	Best Valid Acc: 0.716765
lr=2e-05, lamb=1e-05, num_epoch=200, test_acc=0.6934801016088061
----------------------------------------------------------
----------------------------------------------------------
lr=2e-05, lamb=0.0001, num_epoch=200
Epoch: 1 	Training Cost: 13409.930420	 Valid Acc: 0.6655376799322608 	Best Valid Acc: 0.665538
Epoch: 2 	Training Cost: 11863.983477	 Valid Acc: 0.6804967541631386 	Best Valid Acc: 0.680497
Epoch: 3 	Training Cost: 11567.086405	 Valid Acc: 0.682895850973751 	Best Valid Acc: 0.682896
Epoch: 4 	Training Cost: 11480.902847	 Valid Acc: 0.6843070843917584 	Best Valid Acc: 0.684307
Epoch: 5 	Training Cost: 11439.695038	 Valid Acc: 0.6848715777589613 	Best Valid Acc: 0.684872
Epoch: 6 	Training Cost: 11409.215108	 Valid Acc: 0.6843070843917584 	Best Valid Acc: 0.684872
Epoch: 7 	Training Cost: 11369.996568	 Valid Acc: 0.6850127011007621 	Best Valid Acc: 0.685013
Epoch: 8 	Training Cost: 11300.689404	 Valid Acc: 0.6824724809483489 	Best Valid Acc: 0.685013
Epoch: 9 	Training Cost: 11197.648120	 Valid Acc: 0.6830369743155518 	Best Valid Acc: 0.685013
Epoch: 10 	Training Cost: 11090.986948	 Valid Acc: 0.6858594411515665 	Best Valid Acc: 0.685859
Epoch: 11 	Training Cost: 10982.596086	 Valid Acc: 0.6909398814563928 	Best Valid Acc: 0.690940
Epoch: 12 	Training Cost: 10839.209428	 Valid Acc: 0.6968670618120237 	Best Valid Acc: 0.696867
Epoch: 13 	Training Cost: 10667.140933	 Valid Acc: 0.7018063787750494 	Best Valid Acc: 0.701806
Epoch: 14 	Training Cost: 10513.344180	 Valid Acc: 0.703076488851256 	Best Valid Acc: 0.703076
Epoch: 15 	Training Cost: 10396.757273	 Valid Acc: 0.7071690657634773 	Best Valid Acc: 0.707169
Epoch: 16 	Training Cost: 10309.003848	 Valid Acc: 0.7075924357888794 	Best Valid Acc: 0.707592
Epoch: 17 	Training Cost: 10240.405726	 Valid Acc: 0.7084391758396839 	Best Valid Acc: 0.708439
Epoch: 18 	Training Cost: 10184.876668	 Valid Acc: 0.7071690657634773 	Best Valid Acc: 0.708439
Epoch: 19 	Training Cost: 10138.708370	 Valid Acc: 0.7070279424216765 	Best Valid Acc: 0.708439
Epoch: 20 	Training Cost: 10099.476376	 Valid Acc: 0.7080158058142817 	Best Valid Acc: 0.708439
Epoch: 21 	Training Cost: 10065.503716	 Valid Acc: 0.7081569291560824 	Best Valid Acc: 0.708439
Epoch: 22 	Training Cost: 10035.878451	 Valid Acc: 0.7090036692068868 	Best Valid Acc: 0.709004
Epoch: 23 	Training Cost: 10009.440235	 Valid Acc: 0.7106971493084956 	Best Valid Acc: 0.710697
Epoch: 24 	Training Cost: 9985.541977	 Valid Acc: 0.7109793959920971 	Best Valid Acc: 0.710979
Epoch: 25 	Training Cost: 9963.677060	 Valid Acc: 0.7108382726502963 	Best Valid Acc: 0.710979
Epoch: 26 	Training Cost: 9943.541123	 Valid Acc: 0.712108382726503 	Best Valid Acc: 0.712108
Epoch: 27 	Training Cost: 9924.702309	 Valid Acc: 0.7116850127011007 	Best Valid Acc: 0.712108
Epoch: 28 	Training Cost: 9906.823997	 Valid Acc: 0.7125317527519052 	Best Valid Acc: 0.712532
Epoch: 29 	Training Cost: 9889.863850	 Valid Acc: 0.713660739486311 	Best Valid Acc: 0.713661
Epoch: 30 	Training Cost: 9873.354794	 Valid Acc: 0.713660739486311 	Best Valid Acc: 0.713661
Epoch: 31 	Training Cost: 9857.573100	 Valid Acc: 0.714225232853514 	Best Valid Acc: 0.714225
Epoch: 32 	Training Cost: 9842.398742	 Valid Acc: 0.7147897262207169 	Best Valid Acc: 0.714790
Epoch: 33 	Training Cost: 9827.842647	 Valid Acc: 0.7140841095117132 	Best Valid Acc: 0.714790
Epoch: 34 	Training Cost: 9813.786315	 Valid Acc: 0.7138018628281118 	Best Valid Acc: 0.714790
Epoch: 35 	Training Cost: 9800.186605	 Valid Acc: 0.712108382726503 	Best Valid Acc: 0.714790
Epoch: 36 	Training Cost: 9787.020429	 Valid Acc: 0.7133784928027096 	Best Valid Acc: 0.714790
Epoch: 37 	Training Cost: 9774.184560	 Valid Acc: 0.7140841095117132 	Best Valid Acc: 0.714790
Epoch: 38 	Training Cost: 9761.748503	 Valid Acc: 0.7140841095117132 	Best Valid Acc: 0.714790
Epoch: 39 	Training Cost: 9749.755886	 Valid Acc: 0.7135196161445103 	Best Valid Acc: 0.714790
Epoch: 40 	Training Cost: 9738.631868	 Valid Acc: 0.7139429861699125 	Best Valid Acc: 0.714790
Epoch: 41 	Training Cost: 9727.714291	 Valid Acc: 0.7143663561953147 	Best Valid Acc: 0.714790
Epoch: 42 	Training Cost: 9717.674393	 Valid Acc: 0.7146486028789162 	Best Valid Acc: 0.714790
Epoch: 43 	Training Cost: 9708.006780	 Valid Acc: 0.7147897262207169 	Best Valid Acc: 0.714790
Epoch: 44 	Training Cost: 9699.106132	 Valid Acc: 0.7160598362969235 	Best Valid Acc: 0.716060
Epoch: 45 	Training Cost: 9690.527288	 Valid Acc: 0.7147897262207169 	Best Valid Acc: 0.716060
Epoch: 46 	Training Cost: 9682.788117	 Valid Acc: 0.7150719729043183 	Best Valid Acc: 0.716060
Epoch: 47 	Training Cost: 9676.094251	 Valid Acc: 0.7159187129551228 	Best Valid Acc: 0.716060
Epoch: 48 	Training Cost: 9669.252153	 Valid Acc: 0.7163420829805249 	Best Valid Acc: 0.716342
Epoch: 49 	Training Cost: 9664.653024	 Valid Acc: 0.7129551227773073 	Best Valid Acc: 0.716342
Epoch: 50 	Training Cost: 9658.668544	 Valid Acc: 0.7169065763477279 	Best Valid Acc: 0.716907
Epoch: 51 	Training Cost: 9652.644816	 Valid Acc: 0.7140841095117132 	Best Valid Acc: 0.716907
Epoch: 52 	Training Cost: 9647.667459	 Valid Acc: 0.7159187129551228 	Best Valid Acc: 0.716907
Epoch: 53 	Training Cost: 9643.124817	 Valid Acc: 0.713660739486311 	Best Valid Acc: 0.716907
Epoch: 54 	Training Cost: 9639.054359	 Valid Acc: 0.714225232853514 	Best Valid Acc: 0.716907
Epoch: 55 	Training Cost: 9632.502066	 Valid Acc: 0.7138018628281118 	Best Valid Acc: 0.716907
Epoch: 56 	Training Cost: 9628.102638	 Valid Acc: 0.7145074795371155 	Best Valid Acc: 0.716907
Epoch: 57 	Training Cost: 9624.271109	 Valid Acc: 0.7143663561953147 	Best Valid Acc: 0.716907
Epoch: 58 	Training Cost: 9616.560094	 Valid Acc: 0.7146486028789162 	Best Valid Acc: 0.716907
Epoch: 59 	Training Cost: 9611.982635	 Valid Acc: 0.7125317527519052 	Best Valid Acc: 0.716907
Epoch: 60 	Training Cost: 9606.824530	 Valid Acc: 0.714225232853514 	Best Valid Acc: 0.716907
Epoch: 61 	Training Cost: 9599.350785	 Valid Acc: 0.7133784928027096 	Best Valid Acc: 0.716907
Epoch: 62 	Training Cost: 9592.856342	 Valid Acc: 0.7143663561953147 	Best Valid Acc: 0.716907
Epoch: 63 	Training Cost: 9584.764863	 Valid Acc: 0.7133784928027096 	Best Valid Acc: 0.716907
Epoch: 64 	Training Cost: 9575.514777	 Valid Acc: 0.7150719729043183 	Best Valid Acc: 0.716907
Epoch: 65 	Training Cost: 9564.967034	 Valid Acc: 0.7135196161445103 	Best Valid Acc: 0.716907
Epoch: 66 	Training Cost: 9553.641955	 Valid Acc: 0.7146486028789162 	Best Valid Acc: 0.716907
Epoch: 67 	Training Cost: 9537.780306	 Valid Acc: 0.7139429861699125 	Best Valid Acc: 0.716907
Epoch: 68 	Training Cost: 9522.088026	 Valid Acc: 0.7139429861699125 	Best Valid Acc: 0.716907
Epoch: 69 	Training Cost: 9499.431408	 Valid Acc: 0.7145074795371155 	Best Valid Acc: 0.716907
Epoch: 70 	Training Cost: 9478.284375	 Valid Acc: 0.713660739486311 	Best Valid Acc: 0.716907
Epoch: 71 	Training Cost: 9457.904654	 Valid Acc: 0.7147897262207169 	Best Valid Acc: 0.716907
Epoch: 72 	Training Cost: 9436.845475	 Valid Acc: 0.7133784928027096 	Best Valid Acc: 0.716907
Epoch: 73 	Training Cost: 9418.357482	 Valid Acc: 0.7135196161445103 	Best Valid Acc: 0.716907
Epoch: 74 	Training Cost: 9401.005794	 Valid Acc: 0.7139429861699125 	Best Valid Acc: 0.716907
Epoch: 75 	Training Cost: 9384.713813	 Valid Acc: 0.713096246119108 	Best Valid Acc: 0.716907
Epoch: 76 	Training Cost: 9366.889157	 Valid Acc: 0.713660739486311 	Best Valid Acc: 0.716907
Epoch: 77 	Training Cost: 9351.133206	 Valid Acc: 0.714225232853514 	Best Valid Acc: 0.716907
Epoch: 78 	Training Cost: 9334.830731	 Valid Acc: 0.7138018628281118 	Best Valid Acc: 0.716907
Epoch: 79 	Training Cost: 9320.143156	 Valid Acc: 0.7128139994355066 	Best Valid Acc: 0.716907
Epoch: 80 	Training Cost: 9304.188464	 Valid Acc: 0.7125317527519052 	Best Valid Acc: 0.716907
Epoch: 81 	Training Cost: 9288.678280	 Valid Acc: 0.7116850127011007 	Best Valid Acc: 0.716907
Epoch: 82 	Training Cost: 9272.411528	 Valid Acc: 0.7119672593847022 	Best Valid Acc: 0.716907
Epoch: 83 	Training Cost: 9257.652588	 Valid Acc: 0.7116850127011007 	Best Valid Acc: 0.716907
Epoch: 84 	Training Cost: 9242.387547	 Valid Acc: 0.7090036692068868 	Best Valid Acc: 0.716907
Epoch: 85 	Training Cost: 9227.390194	 Valid Acc: 0.7106971493084956 	Best Valid Acc: 0.716907
Epoch: 86 	Training Cost: 9211.886716	 Valid Acc: 0.7109793959920971 	Best Valid Acc: 0.716907
Epoch: 87 	Training Cost: 9197.341400	 Valid Acc: 0.7084391758396839 	Best Valid Acc: 0.716907
Epoch: 88 	Training Cost: 9184.317220	 Valid Acc: 0.7080158058142817 	Best Valid Acc: 0.716907
Epoch: 89 	Training Cost: 9168.424252	 Valid Acc: 0.7092859158904883 	Best Valid Acc: 0.716907
Epoch: 90 	Training Cost: 9155.383460	 Valid Acc: 0.7066045723962744 	Best Valid Acc: 0.716907
Epoch: 91 	Training Cost: 9141.819580	 Valid Acc: 0.7082980524978831 	Best Valid Acc: 0.716907
Epoch: 92 	Training Cost: 9126.962008	 Valid Acc: 0.7081569291560824 	Best Valid Acc: 0.716907
Epoch: 93 	Training Cost: 9114.446741	 Valid Acc: 0.7075924357888794 	Best Valid Acc: 0.716907
Epoch: 94 	Training Cost: 9101.557536	 Valid Acc: 0.7077335591306803 	Best Valid Acc: 0.716907
Epoch: 95 	Training Cost: 9085.843440	 Valid Acc: 0.70575783234547 	Best Valid Acc: 0.716907
Epoch: 96 	Training Cost: 9075.502558	 Valid Acc: 0.707874682472481 	Best Valid Acc: 0.716907
Epoch: 97 	Training Cost: 9062.759721	 Valid Acc: 0.7049110922946655 	Best Valid Acc: 0.716907
Epoch: 98 	Training Cost: 9050.555869	 Valid Acc: 0.7056167090036692 	Best Valid Acc: 0.716907
Epoch: 99 	Training Cost: 9036.677332	 Valid Acc: 0.7042054755856618 	Best Valid Acc: 0.716907
Epoch: 100 	Training Cost: 9022.913667	 Valid Acc: 0.7023708721422524 	Best Valid Acc: 0.716907
Epoch: 101 	Training Cost: 9012.576955	 Valid Acc: 0.7018063787750494 	Best Valid Acc: 0.716907
Epoch: 102 	Training Cost: 9000.630900	 Valid Acc: 0.7015241320914479 	Best Valid Acc: 0.716907
Epoch: 103 	Training Cost: 8990.502642	 Valid Acc: 0.7016652554332486 	Best Valid Acc: 0.716907
Epoch: 104 	Training Cost: 8976.664191	 Valid Acc: 0.7012418854078465 	Best Valid Acc: 0.716907
Epoch: 105 	Training Cost: 8962.760998	 Valid Acc: 0.7022297488004516 	Best Valid Acc: 0.716907
Epoch: 106 	Training Cost: 8952.175608	 Valid Acc: 0.7006773920406435 	Best Valid Acc: 0.716907
Epoch: 107 	Training Cost: 8942.110938	 Valid Acc: 0.6998306519898391 	Best Valid Acc: 0.716907
Epoch: 108 	Training Cost: 8930.894848	 Valid Acc: 0.7018063787750494 	Best Valid Acc: 0.716907
Epoch: 109 	Training Cost: 8918.104203	 Valid Acc: 0.7001128986734406 	Best Valid Acc: 0.716907
Epoch: 110 	Training Cost: 8908.439412	 Valid Acc: 0.7011007620660458 	Best Valid Acc: 0.716907
Epoch: 111 	Training Cost: 8897.070427	 Valid Acc: 0.7013830087496472 	Best Valid Acc: 0.716907
Epoch: 112 	Training Cost: 8884.240790	 Valid Acc: 0.7011007620660458 	Best Valid Acc: 0.716907
Epoch: 113 	Training Cost: 8874.488524	 Valid Acc: 0.7003951453570421 	Best Valid Acc: 0.716907
Epoch: 114 	Training Cost: 8863.019600	 Valid Acc: 0.6998306519898391 	Best Valid Acc: 0.716907
Epoch: 115 	Training Cost: 8853.755094	 Valid Acc: 0.7012418854078465 	Best Valid Acc: 0.716907
Epoch: 116 	Training Cost: 8842.151162	 Valid Acc: 0.6985605419136325 	Best Valid Acc: 0.716907
Epoch: 117 	Training Cost: 8832.584084	 Valid Acc: 0.7005362686988428 	Best Valid Acc: 0.716907
Epoch: 118 	Training Cost: 8823.824030	 Valid Acc: 0.7013830087496472 	Best Valid Acc: 0.716907
Epoch: 119 	Training Cost: 8807.275258	 Valid Acc: 0.6992661586226362 	Best Valid Acc: 0.716907
Epoch: 120 	Training Cost: 8798.337562	 Valid Acc: 0.6991250352808355 	Best Valid Acc: 0.716907
Epoch: 121 	Training Cost: 8792.236799	 Valid Acc: 0.6995484053062376 	Best Valid Acc: 0.716907
Epoch: 122 	Training Cost: 8781.424920	 Valid Acc: 0.6985605419136325 	Best Valid Acc: 0.716907
Epoch: 123 	Training Cost: 8769.724206	 Valid Acc: 0.6981371718882303 	Best Valid Acc: 0.716907
Epoch: 124 	Training Cost: 8761.581931	 Valid Acc: 0.6968670618120237 	Best Valid Acc: 0.716907
Epoch: 125 	Training Cost: 8749.638685	 Valid Acc: 0.6970081851538245 	Best Valid Acc: 0.716907
Epoch: 126 	Training Cost: 8740.997531	 Valid Acc: 0.6984194185718318 	Best Valid Acc: 0.716907
Epoch: 127 	Training Cost: 8729.686089	 Valid Acc: 0.6974315551792266 	Best Valid Acc: 0.716907
Epoch: 128 	Training Cost: 8718.795795	 Valid Acc: 0.6981371718882303 	Best Valid Acc: 0.716907
Epoch: 129 	Training Cost: 8711.751126	 Valid Acc: 0.6985605419136325 	Best Valid Acc: 0.716907
Epoch: 130 	Training Cost: 8699.606768	 Valid Acc: 0.6957380750776179 	Best Valid Acc: 0.716907
Epoch: 131 	Training Cost: 8690.556437	 Valid Acc: 0.6963025684448207 	Best Valid Acc: 0.716907
Epoch: 132 	Training Cost: 8684.360924	 Valid Acc: 0.6975726785210273 	Best Valid Acc: 0.716907
Epoch: 133 	Training Cost: 8674.599282	 Valid Acc: 0.6970081851538245 	Best Valid Acc: 0.716907
Epoch: 134 	Training Cost: 8663.429274	 Valid Acc: 0.6955969517358171 	Best Valid Acc: 0.716907
Epoch: 135 	Training Cost: 8651.790536	 Valid Acc: 0.6972904318374259 	Best Valid Acc: 0.716907
Epoch: 136 	Training Cost: 8643.366532	 Valid Acc: 0.6943268416596104 	Best Valid Acc: 0.716907
Epoch: 137 	Training Cost: 8637.428322	 Valid Acc: 0.698278295230031 	Best Valid Acc: 0.716907
Epoch: 138 	Training Cost: 8628.361519	 Valid Acc: 0.6915043748235958 	Best Valid Acc: 0.716907
Epoch: 139 	Training Cost: 8617.684075	 Valid Acc: 0.6970081851538245 	Best Valid Acc: 0.716907
Epoch: 140 	Training Cost: 8609.995978	 Valid Acc: 0.6948913350268134 	Best Valid Acc: 0.716907
Epoch: 141 	Training Cost: 8602.083991	 Valid Acc: 0.6971493084956252 	Best Valid Acc: 0.716907
Epoch: 142 	Training Cost: 8591.796737	 Valid Acc: 0.6948913350268134 	Best Valid Acc: 0.716907
Epoch: 143 	Training Cost: 8578.949253	 Valid Acc: 0.6950324583686142 	Best Valid Acc: 0.716907
Epoch: 144 	Training Cost: 8574.913790	 Valid Acc: 0.6947502116850127 	Best Valid Acc: 0.716907
Epoch: 145 	Training Cost: 8566.592622	 Valid Acc: 0.6953147050522156 	Best Valid Acc: 0.716907
Epoch: 146 	Training Cost: 8557.138896	 Valid Acc: 0.6954558283940163 	Best Valid Acc: 0.716907
Epoch: 147 	Training Cost: 8546.352948	 Valid Acc: 0.6957380750776179 	Best Valid Acc: 0.716907
Epoch: 148 	Training Cost: 8541.249981	 Valid Acc: 0.6931978549252046 	Best Valid Acc: 0.716907
Epoch: 149 	Training Cost: 8529.130283	 Valid Acc: 0.6951735817104149 	Best Valid Acc: 0.716907
Epoch: 150 	Training Cost: 8520.231775	 Valid Acc: 0.6926333615580017 	Best Valid Acc: 0.716907
Epoch: 151 	Training Cost: 8515.368446	 Valid Acc: 0.6927744848998024 	Best Valid Acc: 0.716907
Epoch: 152 	Training Cost: 8506.538333	 Valid Acc: 0.6934801016088061 	Best Valid Acc: 0.716907
Epoch: 153 	Training Cost: 8496.460343	 Valid Acc: 0.6917866215071973 	Best Valid Acc: 0.716907
Epoch: 154 	Training Cost: 8487.959594	 Valid Acc: 0.692492238216201 	Best Valid Acc: 0.716907
Epoch: 155 	Training Cost: 8476.047940	 Valid Acc: 0.6944679650014113 	Best Valid Acc: 0.716907
Epoch: 156 	Training Cost: 8472.398471	 Valid Acc: 0.6920688681907987 	Best Valid Acc: 0.716907
Epoch: 157 	Training Cost: 8462.610172	 Valid Acc: 0.6927744848998024 	Best Valid Acc: 0.716907
Epoch: 158 	Training Cost: 8453.454156	 Valid Acc: 0.6913632514817951 	Best Valid Acc: 0.716907
Epoch: 159 	Training Cost: 8449.494220	 Valid Acc: 0.6896697713801863 	Best Valid Acc: 0.716907
Epoch: 160 	Training Cost: 8440.345293	 Valid Acc: 0.692492238216201 	Best Valid Acc: 0.716907
Epoch: 161 	Training Cost: 8425.312376	 Valid Acc: 0.6907987581145921 	Best Valid Acc: 0.716907
Epoch: 162 	Training Cost: 8420.704404	 Valid Acc: 0.6920688681907987 	Best Valid Acc: 0.716907
Epoch: 163 	Training Cost: 8417.245205	 Valid Acc: 0.6912221281399944 	Best Valid Acc: 0.716907
Epoch: 164 	Training Cost: 8404.425186	 Valid Acc: 0.6892464013547841 	Best Valid Acc: 0.716907
Epoch: 165 	Training Cost: 8397.136889	 Valid Acc: 0.6913632514817951 	Best Valid Acc: 0.716907
Epoch: 166 	Training Cost: 8388.065000	 Valid Acc: 0.6899520180637877 	Best Valid Acc: 0.716907
Epoch: 167 	Training Cost: 8384.120990	 Valid Acc: 0.6900931414055885 	Best Valid Acc: 0.716907
Epoch: 168 	Training Cost: 8373.713339	 Valid Acc: 0.6889641546711827 	Best Valid Acc: 0.716907
Epoch: 169 	Training Cost: 8367.214811	 Valid Acc: 0.6900931414055885 	Best Valid Acc: 0.716907
Epoch: 170 	Training Cost: 8358.053264	 Valid Acc: 0.6926333615580017 	Best Valid Acc: 0.716907
Epoch: 171 	Training Cost: 8351.582039	 Valid Acc: 0.69037538808919 	Best Valid Acc: 0.716907
Epoch: 172 	Training Cost: 8342.604457	 Valid Acc: 0.6895286480383855 	Best Valid Acc: 0.716907
Epoch: 173 	Training Cost: 8334.437865	 Valid Acc: 0.6902342647473892 	Best Valid Acc: 0.716907
Epoch: 174 	Training Cost: 8325.099151	 Valid Acc: 0.6891052780129834 	Best Valid Acc: 0.716907
Epoch: 175 	Training Cost: 8325.437401	 Valid Acc: 0.6922099915325995 	Best Valid Acc: 0.716907
Epoch: 176 	Training Cost: 8314.457559	 Valid Acc: 0.6855771944679651 	Best Valid Acc: 0.716907
Epoch: 177 	Training Cost: 8301.546262	 Valid Acc: 0.6891052780129834 	Best Valid Acc: 0.716907
Epoch: 178 	Training Cost: 8301.363879	 Valid Acc: 0.6910810047981937 	Best Valid Acc: 0.716907
Epoch: 179 	Training Cost: 8289.852428	 Valid Acc: 0.6889641546711827 	Best Valid Acc: 0.716907
Epoch: 180 	Training Cost: 8281.342522	 Valid Acc: 0.6907987581145921 	Best Valid Acc: 0.716907
Epoch: 181 	Training Cost: 8278.620839	 Valid Acc: 0.6909398814563928 	Best Valid Acc: 0.716907
Epoch: 182 	Training Cost: 8269.826612	 Valid Acc: 0.6888230313293818 	Best Valid Acc: 0.716907
Epoch: 183 	Training Cost: 8261.224909	 Valid Acc: 0.6892464013547841 	Best Valid Acc: 0.716907
Epoch: 184 	Training Cost: 8250.847011	 Valid Acc: 0.6879762912785775 	Best Valid Acc: 0.716907
Epoch: 185 	Training Cost: 8246.926906	 Valid Acc: 0.6927744848998024 	Best Valid Acc: 0.716907
Epoch: 186 	Training Cost: 8243.426695	 Valid Acc: 0.6872706745695738 	Best Valid Acc: 0.716907
Epoch: 187 	Training Cost: 8232.399855	 Valid Acc: 0.691927744848998 	Best Valid Acc: 0.716907
Epoch: 188 	Training Cost: 8222.475331	 Valid Acc: 0.6896697713801863 	Best Valid Acc: 0.716907
Epoch: 189 	Training Cost: 8215.904204	 Valid Acc: 0.6896697713801863 	Best Valid Acc: 0.716907
Epoch: 190 	Training Cost: 8216.269874	 Valid Acc: 0.6889641546711827 	Best Valid Acc: 0.716907
Epoch: 191 	Training Cost: 8205.760614	 Valid Acc: 0.6902342647473892 	Best Valid Acc: 0.716907
Epoch: 192 	Training Cost: 8194.524766	 Valid Acc: 0.6847304544171606 	Best Valid Acc: 0.716907
Epoch: 193 	Training Cost: 8190.588272	 Valid Acc: 0.6902342647473892 	Best Valid Acc: 0.716907
Epoch: 194 	Training Cost: 8186.652693	 Valid Acc: 0.6871295512277731 	Best Valid Acc: 0.716907
Epoch: 195 	Training Cost: 8176.115124	 Valid Acc: 0.6895286480383855 	Best Valid Acc: 0.716907
Epoch: 196 	Training Cost: 8168.725430	 Valid Acc: 0.6868473045441716 	Best Valid Acc: 0.716907
Epoch: 197 	Training Cost: 8162.400057	 Valid Acc: 0.6892464013547841 	Best Valid Acc: 0.716907
Epoch: 198 	Training Cost: 8160.087773	 Valid Acc: 0.6848715777589613 	Best Valid Acc: 0.716907
Epoch: 199 	Training Cost: 8146.316455	 Valid Acc: 0.6872706745695738 	Best Valid Acc: 0.716907
Epoch: 200 	Training Cost: 8139.485681	 Valid Acc: 0.6879762912785775 	Best Valid Acc: 0.716907
lr=2e-05, lamb=0.0001, num_epoch=200, test_acc=0.69037538808919
----------------------------------------------------------
----------------------------------------------------------
lr=2e-05, lamb=0.001, num_epoch=200
Epoch: 1 	Training Cost: 13739.673865	 Valid Acc: 0.6707592435788879 	Best Valid Acc: 0.670759
Epoch: 2 	Training Cost: 12088.177138	 Valid Acc: 0.6775331639853232 	Best Valid Acc: 0.677533
Epoch: 3 	Training Cost: 11758.790129	 Valid Acc: 0.6817668642393452 	Best Valid Acc: 0.681767
Epoch: 4 	Training Cost: 11650.776451	 Valid Acc: 0.681343494213943 	Best Valid Acc: 0.681767
Epoch: 5 	Training Cost: 11596.127924	 Valid Acc: 0.6826136042901496 	Best Valid Acc: 0.682614
Epoch: 6 	Training Cost: 11556.529258	 Valid Acc: 0.6826136042901496 	Best Valid Acc: 0.682614
Epoch: 7 	Training Cost: 11515.373229	 Valid Acc: 0.6857183178097658 	Best Valid Acc: 0.685718
Epoch: 8 	Training Cost: 11462.214973	 Valid Acc: 0.6840248377081569 	Best Valid Acc: 0.685718
Epoch: 9 	Training Cost: 11385.568678	 Valid Acc: 0.6817668642393452 	Best Valid Acc: 0.685718
Epoch: 10 	Training Cost: 11293.745294	 Valid Acc: 0.681343494213943 	Best Valid Acc: 0.685718
Epoch: 11 	Training Cost: 11204.010921	 Valid Acc: 0.6862828111769687 	Best Valid Acc: 0.686283
Epoch: 12 	Training Cost: 11102.641695	 Valid Acc: 0.694044594976009 	Best Valid Acc: 0.694045
Epoch: 13 	Training Cost: 10960.832032	 Valid Acc: 0.698278295230031 	Best Valid Acc: 0.698278
Epoch: 14 	Training Cost: 10792.933075	 Valid Acc: 0.703076488851256 	Best Valid Acc: 0.703076
Epoch: 15 	Training Cost: 10646.211333	 Valid Acc: 0.7049110922946655 	Best Valid Acc: 0.704911
Epoch: 16 	Training Cost: 10537.737613	 Valid Acc: 0.7042054755856618 	Best Valid Acc: 0.704911
Epoch: 17 	Training Cost: 10456.786315	 Valid Acc: 0.7044877222692634 	Best Valid Acc: 0.704911
Epoch: 18 	Training Cost: 10393.182845	 Valid Acc: 0.7054755856618685 	Best Valid Acc: 0.705476
Epoch: 19 	Training Cost: 10341.474758	 Valid Acc: 0.707874682472481 	Best Valid Acc: 0.707875
Epoch: 20 	Training Cost: 10299.042384	 Valid Acc: 0.707874682472481 	Best Valid Acc: 0.707875
Epoch: 21 	Training Cost: 10263.451659	 Valid Acc: 0.7080158058142817 	Best Valid Acc: 0.708016
Epoch: 22 	Training Cost: 10233.367260	 Valid Acc: 0.7080158058142817 	Best Valid Acc: 0.708016
Epoch: 23 	Training Cost: 10207.373282	 Valid Acc: 0.7091447925486876 	Best Valid Acc: 0.709145
Epoch: 24 	Training Cost: 10184.542663	 Valid Acc: 0.7101326559412927 	Best Valid Acc: 0.710133
Epoch: 25 	Training Cost: 10164.164342	 Valid Acc: 0.7125317527519052 	Best Valid Acc: 0.712532
Epoch: 26 	Training Cost: 10145.622708	 Valid Acc: 0.7119672593847022 	Best Valid Acc: 0.712532
Epoch: 27 	Training Cost: 10128.653641	 Valid Acc: 0.7140841095117132 	Best Valid Acc: 0.714084
Epoch: 28 	Training Cost: 10112.813311	 Valid Acc: 0.7143663561953147 	Best Valid Acc: 0.714366
Epoch: 29 	Training Cost: 10097.905948	 Valid Acc: 0.7153542195879199 	Best Valid Acc: 0.715354
Epoch: 30 	Training Cost: 10083.753348	 Valid Acc: 0.7152130962461191 	Best Valid Acc: 0.715354
Epoch: 31 	Training Cost: 10070.219282	 Valid Acc: 0.7150719729043183 	Best Valid Acc: 0.715354
Epoch: 32 	Training Cost: 10057.102664	 Valid Acc: 0.7152130962461191 	Best Valid Acc: 0.715354
Epoch: 33 	Training Cost: 10044.479005	 Valid Acc: 0.7159187129551228 	Best Valid Acc: 0.715919
Epoch: 34 	Training Cost: 10032.128527	 Valid Acc: 0.7164832063223258 	Best Valid Acc: 0.716483
Epoch: 35 	Training Cost: 10020.200527	 Valid Acc: 0.7160598362969235 	Best Valid Acc: 0.716483
Epoch: 36 	Training Cost: 10008.589025	 Valid Acc: 0.7156364662715213 	Best Valid Acc: 0.716483
Epoch: 37 	Training Cost: 9997.346400	 Valid Acc: 0.715777589613322 	Best Valid Acc: 0.716483
Epoch: 38 	Training Cost: 9986.277483	 Valid Acc: 0.7146486028789162 	Best Valid Acc: 0.716483
Epoch: 39 	Training Cost: 9975.553147	 Valid Acc: 0.7143663561953147 	Best Valid Acc: 0.716483
Epoch: 40 	Training Cost: 9965.161259	 Valid Acc: 0.7138018628281118 	Best Valid Acc: 0.716483
Epoch: 41 	Training Cost: 9954.851885	 Valid Acc: 0.7147897262207169 	Best Valid Acc: 0.716483
Epoch: 42 	Training Cost: 9945.025202	 Valid Acc: 0.7143663561953147 	Best Valid Acc: 0.716483
Epoch: 43 	Training Cost: 9935.435380	 Valid Acc: 0.7149308495625176 	Best Valid Acc: 0.716483
Epoch: 44 	Training Cost: 9926.268039	 Valid Acc: 0.7152130962461191 	Best Valid Acc: 0.716483
Epoch: 45 	Training Cost: 9917.519679	 Valid Acc: 0.7154953429297206 	Best Valid Acc: 0.716483
Epoch: 46 	Training Cost: 9909.101698	 Valid Acc: 0.715777589613322 	Best Valid Acc: 0.716483
Epoch: 47 	Training Cost: 9900.947930	 Valid Acc: 0.7162009596387242 	Best Valid Acc: 0.716483
Epoch: 48 	Training Cost: 9893.165944	 Valid Acc: 0.7174710697149308 	Best Valid Acc: 0.717471
Epoch: 49 	Training Cost: 9885.801824	 Valid Acc: 0.7170476996895286 	Best Valid Acc: 0.717471
Epoch: 50 	Training Cost: 9878.838350	 Valid Acc: 0.7171888230313294 	Best Valid Acc: 0.717471
Epoch: 51 	Training Cost: 9872.035035	 Valid Acc: 0.7176121930567316 	Best Valid Acc: 0.717612
Epoch: 52 	Training Cost: 9865.693902	 Valid Acc: 0.7166243296641265 	Best Valid Acc: 0.717612
Epoch: 53 	Training Cost: 9859.496664	 Valid Acc: 0.7167654530059272 	Best Valid Acc: 0.717612
Epoch: 54 	Training Cost: 9853.870352	 Valid Acc: 0.7164832063223258 	Best Valid Acc: 0.717612
Epoch: 55 	Training Cost: 9849.994463	 Valid Acc: 0.7170476996895286 	Best Valid Acc: 0.717612
Epoch: 56 	Training Cost: 9846.197804	 Valid Acc: 0.7164832063223258 	Best Valid Acc: 0.717612
Epoch: 57 	Training Cost: 9842.031705	 Valid Acc: 0.7173299463731301 	Best Valid Acc: 0.717612
Epoch: 58 	Training Cost: 9838.305414	 Valid Acc: 0.7162009596387242 	Best Valid Acc: 0.717612
Epoch: 59 	Training Cost: 9834.885258	 Valid Acc: 0.7170476996895286 	Best Valid Acc: 0.717612
Epoch: 60 	Training Cost: 9831.028060	 Valid Acc: 0.7163420829805249 	Best Valid Acc: 0.717612
Epoch: 61 	Training Cost: 9827.239146	 Valid Acc: 0.7164832063223258 	Best Valid Acc: 0.717612
Epoch: 62 	Training Cost: 9824.569214	 Valid Acc: 0.7164832063223258 	Best Valid Acc: 0.717612
Epoch: 63 	Training Cost: 9820.596867	 Valid Acc: 0.7156364662715213 	Best Valid Acc: 0.717612
Epoch: 64 	Training Cost: 9818.396134	 Valid Acc: 0.7154953429297206 	Best Valid Acc: 0.717612
Epoch: 65 	Training Cost: 9814.741105	 Valid Acc: 0.7150719729043183 	Best Valid Acc: 0.717612
Epoch: 66 	Training Cost: 9812.189428	 Valid Acc: 0.7156364662715213 	Best Valid Acc: 0.717612
Epoch: 67 	Training Cost: 9808.595452	 Valid Acc: 0.7167654530059272 	Best Valid Acc: 0.717612
Epoch: 68 	Training Cost: 9806.018644	 Valid Acc: 0.7163420829805249 	Best Valid Acc: 0.717612
Epoch: 69 	Training Cost: 9803.873125	 Valid Acc: 0.7152130962461191 	Best Valid Acc: 0.717612
Epoch: 70 	Training Cost: 9800.818880	 Valid Acc: 0.7152130962461191 	Best Valid Acc: 0.717612
Epoch: 71 	Training Cost: 9798.097816	 Valid Acc: 0.7167654530059272 	Best Valid Acc: 0.717612
Epoch: 72 	Training Cost: 9794.872295	 Valid Acc: 0.7156364662715213 	Best Valid Acc: 0.717612
Epoch: 73 	Training Cost: 9793.139715	 Valid Acc: 0.7174710697149308 	Best Valid Acc: 0.717612
Epoch: 74 	Training Cost: 9790.575081	 Valid Acc: 0.7173299463731301 	Best Valid Acc: 0.717612
Epoch: 75 	Training Cost: 9788.230811	 Valid Acc: 0.715777589613322 	Best Valid Acc: 0.717612
Epoch: 76 	Training Cost: 9784.966544	 Valid Acc: 0.7163420829805249 	Best Valid Acc: 0.717612
Epoch: 77 	Training Cost: 9782.773248	 Valid Acc: 0.7167654530059272 	Best Valid Acc: 0.717612
Epoch: 78 	Training Cost: 9780.619154	 Valid Acc: 0.7145074795371155 	Best Valid Acc: 0.717612
Epoch: 79 	Training Cost: 9778.789803	 Valid Acc: 0.7166243296641265 	Best Valid Acc: 0.717612
Epoch: 80 	Training Cost: 9775.911855	 Valid Acc: 0.7159187129551228 	Best Valid Acc: 0.717612
Epoch: 81 	Training Cost: 9774.117008	 Valid Acc: 0.7159187129551228 	Best Valid Acc: 0.717612
Epoch: 82 	Training Cost: 9771.643252	 Valid Acc: 0.7149308495625176 	Best Valid Acc: 0.717612
Epoch: 83 	Training Cost: 9769.459074	 Valid Acc: 0.7162009596387242 	Best Valid Acc: 0.717612
Epoch: 84 	Training Cost: 9767.856515	 Valid Acc: 0.7162009596387242 	Best Valid Acc: 0.717612
Epoch: 85 	Training Cost: 9766.422640	 Valid Acc: 0.7154953429297206 	Best Valid Acc: 0.717612
Epoch: 86 	Training Cost: 9764.476894	 Valid Acc: 0.7154953429297206 	Best Valid Acc: 0.717612
Epoch: 87 	Training Cost: 9761.737700	 Valid Acc: 0.7174710697149308 	Best Valid Acc: 0.717612
Epoch: 88 	Training Cost: 9761.019254	 Valid Acc: 0.7167654530059272 	Best Valid Acc: 0.717612
Epoch: 89 	Training Cost: 9757.865806	 Valid Acc: 0.7170476996895286 	Best Valid Acc: 0.717612
Epoch: 90 	Training Cost: 9756.351508	 Valid Acc: 0.7154953429297206 	Best Valid Acc: 0.717612
Epoch: 91 	Training Cost: 9754.362891	 Valid Acc: 0.7174710697149308 	Best Valid Acc: 0.717612
Epoch: 92 	Training Cost: 9752.952975	 Valid Acc: 0.7173299463731301 	Best Valid Acc: 0.717612
Epoch: 93 	Training Cost: 9749.630315	 Valid Acc: 0.7156364662715213 	Best Valid Acc: 0.717612
Epoch: 94 	Training Cost: 9748.395109	 Valid Acc: 0.7174710697149308 	Best Valid Acc: 0.717612
Epoch: 95 	Training Cost: 9745.830596	 Valid Acc: 0.715777589613322 	Best Valid Acc: 0.717612
Epoch: 96 	Training Cost: 9744.615131	 Valid Acc: 0.7171888230313294 	Best Valid Acc: 0.717612
Epoch: 97 	Training Cost: 9742.331283	 Valid Acc: 0.7150719729043183 	Best Valid Acc: 0.717612
Epoch: 98 	Training Cost: 9740.950141	 Valid Acc: 0.7180355630821338 	Best Valid Acc: 0.718036
Epoch: 99 	Training Cost: 9739.264077	 Valid Acc: 0.7152130962461191 	Best Valid Acc: 0.718036
Epoch: 100 	Training Cost: 9737.204455	 Valid Acc: 0.7166243296641265 	Best Valid Acc: 0.718036
Epoch: 101 	Training Cost: 9734.691235	 Valid Acc: 0.7154953429297206 	Best Valid Acc: 0.718036
Epoch: 102 	Training Cost: 9732.359403	 Valid Acc: 0.7174710697149308 	Best Valid Acc: 0.718036
Epoch: 103 	Training Cost: 9733.556195	 Valid Acc: 0.7149308495625176 	Best Valid Acc: 0.718036
Epoch: 104 	Training Cost: 9729.437130	 Valid Acc: 0.7176121930567316 	Best Valid Acc: 0.718036
Epoch: 105 	Training Cost: 9726.660534	 Valid Acc: 0.715777589613322 	Best Valid Acc: 0.718036
Epoch: 106 	Training Cost: 9725.956934	 Valid Acc: 0.7150719729043183 	Best Valid Acc: 0.718036
Epoch: 107 	Training Cost: 9724.007499	 Valid Acc: 0.715777589613322 	Best Valid Acc: 0.718036
Epoch: 108 	Training Cost: 9723.917590	 Valid Acc: 0.7173299463731301 	Best Valid Acc: 0.718036
Epoch: 109 	Training Cost: 9721.078020	 Valid Acc: 0.7169065763477279 	Best Valid Acc: 0.718036
Epoch: 110 	Training Cost: 9717.888535	 Valid Acc: 0.7193056731583404 	Best Valid Acc: 0.719306
Epoch: 111 	Training Cost: 9717.268548	 Valid Acc: 0.7174710697149308 	Best Valid Acc: 0.719306
Epoch: 112 	Training Cost: 9713.723972	 Valid Acc: 0.7174710697149308 	Best Valid Acc: 0.719306
Epoch: 113 	Training Cost: 9714.126592	 Valid Acc: 0.7180355630821338 	Best Valid Acc: 0.719306
Epoch: 114 	Training Cost: 9711.884781	 Valid Acc: 0.7174710697149308 	Best Valid Acc: 0.719306
Epoch: 115 	Training Cost: 9709.911594	 Valid Acc: 0.7187411797911375 	Best Valid Acc: 0.719306
Epoch: 116 	Training Cost: 9706.520994	 Valid Acc: 0.7183178097657352 	Best Valid Acc: 0.719306
Epoch: 117 	Training Cost: 9704.273312	 Valid Acc: 0.7186000564493367 	Best Valid Acc: 0.719306
Epoch: 118 	Training Cost: 9704.490099	 Valid Acc: 0.7177533163985323 	Best Valid Acc: 0.719306
Epoch: 119 	Training Cost: 9702.026550	 Valid Acc: 0.7173299463731301 	Best Valid Acc: 0.719306
Epoch: 120 	Training Cost: 9699.324981	 Valid Acc: 0.7178944397403331 	Best Valid Acc: 0.719306
Epoch: 121 	Training Cost: 9697.910129	 Valid Acc: 0.7162009596387242 	Best Valid Acc: 0.719306
Epoch: 122 	Training Cost: 9695.647485	 Valid Acc: 0.7195879198419418 	Best Valid Acc: 0.719588
Epoch: 123 	Training Cost: 9693.782481	 Valid Acc: 0.7180355630821338 	Best Valid Acc: 0.719588
Epoch: 124 	Training Cost: 9693.518286	 Valid Acc: 0.7163420829805249 	Best Valid Acc: 0.719588
Epoch: 125 	Training Cost: 9690.768096	 Valid Acc: 0.7181766864239345 	Best Valid Acc: 0.719588
Epoch: 126 	Training Cost: 9688.304875	 Valid Acc: 0.7176121930567316 	Best Valid Acc: 0.719588
Epoch: 127 	Training Cost: 9683.820629	 Valid Acc: 0.718458933107536 	Best Valid Acc: 0.719588
Epoch: 128 	Training Cost: 9685.507072	 Valid Acc: 0.7193056731583404 	Best Valid Acc: 0.719588
Epoch: 129 	Training Cost: 9684.575868	 Valid Acc: 0.7178944397403331 	Best Valid Acc: 0.719588
Epoch: 130 	Training Cost: 9681.325163	 Valid Acc: 0.7170476996895286 	Best Valid Acc: 0.719588
Epoch: 131 	Training Cost: 9677.366547	 Valid Acc: 0.7176121930567316 	Best Valid Acc: 0.719588
Epoch: 132 	Training Cost: 9675.778669	 Valid Acc: 0.718458933107536 	Best Valid Acc: 0.719588
Epoch: 133 	Training Cost: 9677.092122	 Valid Acc: 0.7173299463731301 	Best Valid Acc: 0.719588
Epoch: 134 	Training Cost: 9673.675245	 Valid Acc: 0.7173299463731301 	Best Valid Acc: 0.719588
Epoch: 135 	Training Cost: 9670.498398	 Valid Acc: 0.7177533163985323 	Best Valid Acc: 0.719588
Epoch: 136 	Training Cost: 9671.127043	 Valid Acc: 0.7147897262207169 	Best Valid Acc: 0.719588
Epoch: 137 	Training Cost: 9668.302600	 Valid Acc: 0.7176121930567316 	Best Valid Acc: 0.719588
Epoch: 138 	Training Cost: 9666.031203	 Valid Acc: 0.7178944397403331 	Best Valid Acc: 0.719588
Epoch: 139 	Training Cost: 9664.746975	 Valid Acc: 0.7166243296641265 	Best Valid Acc: 0.719588
Epoch: 140 	Training Cost: 9662.668870	 Valid Acc: 0.7160598362969235 	Best Valid Acc: 0.719588
Epoch: 141 	Training Cost: 9660.002736	 Valid Acc: 0.7191645498165397 	Best Valid Acc: 0.719588
Epoch: 142 	Training Cost: 9658.276480	 Valid Acc: 0.7167654530059272 	Best Valid Acc: 0.719588
Epoch: 143 	Training Cost: 9656.947570	 Valid Acc: 0.7160598362969235 	Best Valid Acc: 0.719588
Epoch: 144 	Training Cost: 9654.949604	 Valid Acc: 0.7181766864239345 	Best Valid Acc: 0.719588
Epoch: 145 	Training Cost: 9652.443944	 Valid Acc: 0.7180355630821338 	Best Valid Acc: 0.719588
Epoch: 146 	Training Cost: 9652.140988	 Valid Acc: 0.7160598362969235 	Best Valid Acc: 0.719588
Epoch: 147 	Training Cost: 9650.849376	 Valid Acc: 0.7164832063223258 	Best Valid Acc: 0.719588
Epoch: 148 	Training Cost: 9646.355971	 Valid Acc: 0.7166243296641265 	Best Valid Acc: 0.719588
Epoch: 149 	Training Cost: 9645.761027	 Valid Acc: 0.7180355630821338 	Best Valid Acc: 0.719588
Epoch: 150 	Training Cost: 9645.837636	 Valid Acc: 0.7139429861699125 	Best Valid Acc: 0.719588
Epoch: 151 	Training Cost: 9641.284971	 Valid Acc: 0.7176121930567316 	Best Valid Acc: 0.719588
Epoch: 152 	Training Cost: 9641.323027	 Valid Acc: 0.7178944397403331 	Best Valid Acc: 0.719588
Epoch: 153 	Training Cost: 9638.414182	 Valid Acc: 0.715777589613322 	Best Valid Acc: 0.719588
Epoch: 154 	Training Cost: 9636.007101	 Valid Acc: 0.7156364662715213 	Best Valid Acc: 0.719588
Epoch: 155 	Training Cost: 9635.500869	 Valid Acc: 0.7167654530059272 	Best Valid Acc: 0.719588
Epoch: 156 	Training Cost: 9633.416420	 Valid Acc: 0.7159187129551228 	Best Valid Acc: 0.719588
Epoch: 157 	Training Cost: 9631.678844	 Valid Acc: 0.7146486028789162 	Best Valid Acc: 0.719588
Epoch: 158 	Training Cost: 9629.811934	 Valid Acc: 0.7173299463731301 	Best Valid Acc: 0.719588
Epoch: 159 	Training Cost: 9628.295242	 Valid Acc: 0.7162009596387242 	Best Valid Acc: 0.719588
Epoch: 160 	Training Cost: 9625.534906	 Valid Acc: 0.7143663561953147 	Best Valid Acc: 0.719588
Epoch: 161 	Training Cost: 9624.499006	 Valid Acc: 0.7177533163985323 	Best Valid Acc: 0.719588
Epoch: 162 	Training Cost: 9623.589787	 Valid Acc: 0.7152130962461191 	Best Valid Acc: 0.719588
Epoch: 163 	Training Cost: 9619.442085	 Valid Acc: 0.7164832063223258 	Best Valid Acc: 0.719588
Epoch: 164 	Training Cost: 9621.002364	 Valid Acc: 0.7163420829805249 	Best Valid Acc: 0.719588
Epoch: 165 	Training Cost: 9617.340658	 Valid Acc: 0.7170476996895286 	Best Valid Acc: 0.719588
Epoch: 166 	Training Cost: 9617.889264	 Valid Acc: 0.715777589613322 	Best Valid Acc: 0.719588
Epoch: 167 	Training Cost: 9614.760136	 Valid Acc: 0.7154953429297206 	Best Valid Acc: 0.719588
Epoch: 168 	Training Cost: 9612.452244	 Valid Acc: 0.7160598362969235 	Best Valid Acc: 0.719588
Epoch: 169 	Training Cost: 9611.390019	 Valid Acc: 0.7181766864239345 	Best Valid Acc: 0.719588
Epoch: 170 	Training Cost: 9610.477267	 Valid Acc: 0.7167654530059272 	Best Valid Acc: 0.719588
Epoch: 171 	Training Cost: 9605.483794	 Valid Acc: 0.7164832063223258 	Best Valid Acc: 0.719588
Epoch: 172 	Training Cost: 9604.836278	 Valid Acc: 0.7167654530059272 	Best Valid Acc: 0.719588
Epoch: 173 	Training Cost: 9605.190557	 Valid Acc: 0.7164832063223258 	Best Valid Acc: 0.719588
Epoch: 174 	Training Cost: 9604.282131	 Valid Acc: 0.7150719729043183 	Best Valid Acc: 0.719588
Epoch: 175 	Training Cost: 9600.085121	 Valid Acc: 0.7146486028789162 	Best Valid Acc: 0.719588
Epoch: 176 	Training Cost: 9598.256550	 Valid Acc: 0.7171888230313294 	Best Valid Acc: 0.719588
Epoch: 177 	Training Cost: 9596.817014	 Valid Acc: 0.7156364662715213 	Best Valid Acc: 0.719588
Epoch: 178 	Training Cost: 9596.952101	 Valid Acc: 0.7154953429297206 	Best Valid Acc: 0.719588
Epoch: 179 	Training Cost: 9593.333860	 Valid Acc: 0.7171888230313294 	Best Valid Acc: 0.719588
Epoch: 180 	Training Cost: 9592.998745	 Valid Acc: 0.7159187129551228 	Best Valid Acc: 0.719588
Epoch: 181 	Training Cost: 9591.533610	 Valid Acc: 0.7147897262207169 	Best Valid Acc: 0.719588
Epoch: 182 	Training Cost: 9590.239212	 Valid Acc: 0.7149308495625176 	Best Valid Acc: 0.719588
Epoch: 183 	Training Cost: 9585.667261	 Valid Acc: 0.7170476996895286 	Best Valid Acc: 0.719588
Epoch: 184 	Training Cost: 9585.838236	 Valid Acc: 0.7149308495625176 	Best Valid Acc: 0.719588
Epoch: 185 	Training Cost: 9585.254721	 Valid Acc: 0.7159187129551228 	Best Valid Acc: 0.719588
Epoch: 186 	Training Cost: 9583.525827	 Valid Acc: 0.7150719729043183 	Best Valid Acc: 0.719588
Epoch: 187 	Training Cost: 9581.775867	 Valid Acc: 0.715777589613322 	Best Valid Acc: 0.719588
Epoch: 188 	Training Cost: 9579.504379	 Valid Acc: 0.7135196161445103 	Best Valid Acc: 0.719588
Epoch: 189 	Training Cost: 9576.566726	 Valid Acc: 0.715777589613322 	Best Valid Acc: 0.719588
Epoch: 190 	Training Cost: 9576.584437	 Valid Acc: 0.7138018628281118 	Best Valid Acc: 0.719588
Epoch: 191 	Training Cost: 9575.951766	 Valid Acc: 0.7150719729043183 	Best Valid Acc: 0.719588
Epoch: 192 	Training Cost: 9571.683220	 Valid Acc: 0.7132373694609089 	Best Valid Acc: 0.719588
Epoch: 193 	Training Cost: 9571.549390	 Valid Acc: 0.7154953429297206 	Best Valid Acc: 0.719588
Epoch: 194 	Training Cost: 9571.619675	 Valid Acc: 0.7123906294101044 	Best Valid Acc: 0.719588
Epoch: 195 	Training Cost: 9567.503381	 Valid Acc: 0.713096246119108 	Best Valid Acc: 0.719588
Epoch: 196 	Training Cost: 9567.106068	 Valid Acc: 0.7125317527519052 	Best Valid Acc: 0.719588
Epoch: 197 	Training Cost: 9565.760866	 Valid Acc: 0.712108382726503 	Best Valid Acc: 0.719588
Epoch: 198 	Training Cost: 9563.552946	 Valid Acc: 0.7152130962461191 	Best Valid Acc: 0.719588
Epoch: 199 	Training Cost: 9562.665594	 Valid Acc: 0.7135196161445103 	Best Valid Acc: 0.719588
Epoch: 200 	Training Cost: 9562.952331	 Valid Acc: 0.7122495060683037 	Best Valid Acc: 0.719588
lr=2e-05, lamb=0.001, num_epoch=200, test_acc=0.7098504092576913
----------------------------------------------------------
lr=2e-05, lamb=0, best_valid_acc=0.7153542195879199
lr=2e-05, lamb=1e-05, best_valid_acc=0.7167654530059272
lr=2e-05, lamb=0.0001, best_valid_acc=0.7169065763477279
lr=2e-05, lamb=0.001, best_valid_acc=0.7195879198419418
