nn9.py, same as nn7.py, but add gender/age info
Tuning process for lr=3e-05
----------------------------------------------------------
lr=3e-05, lamb=0, num_epoch=50
Epoch: 1 	Training Cost: 12830.963571	 Valid Acc: 0.6761219305673158 	Best Valid Acc: 0.676122
Epoch: 2 	Training Cost: 11613.630512	 Valid Acc: 0.682895850973751 	Best Valid Acc: 0.682896
Epoch: 3 	Training Cost: 11472.361905	 Valid Acc: 0.6844482077335591 	Best Valid Acc: 0.684448
Epoch: 4 	Training Cost: 11419.245761	 Valid Acc: 0.6844482077335591 	Best Valid Acc: 0.684448
Epoch: 5 	Training Cost: 11356.963875	 Valid Acc: 0.6844482077335591 	Best Valid Acc: 0.684448
Epoch: 6 	Training Cost: 11216.309954	 Valid Acc: 0.6840248377081569 	Best Valid Acc: 0.684448
Epoch: 7 	Training Cost: 11033.256982	 Valid Acc: 0.6902342647473892 	Best Valid Acc: 0.690234
Epoch: 8 	Training Cost: 10846.428044	 Valid Acc: 0.6934801016088061 	Best Valid Acc: 0.693480
Epoch: 9 	Training Cost: 10648.530779	 Valid Acc: 0.6998306519898391 	Best Valid Acc: 0.699831
Epoch: 10 	Training Cost: 10482.173218	 Valid Acc: 0.7025119954840531 	Best Valid Acc: 0.702512
Epoch: 11 	Training Cost: 10355.488916	 Valid Acc: 0.7040643522438611 	Best Valid Acc: 0.704064
Epoch: 12 	Training Cost: 10255.884268	 Valid Acc: 0.7058989556872707 	Best Valid Acc: 0.705899
Epoch: 13 	Training Cost: 10177.610199	 Valid Acc: 0.707874682472481 	Best Valid Acc: 0.707875
Epoch: 14 	Training Cost: 10114.982992	 Valid Acc: 0.709427039232289 	Best Valid Acc: 0.709427
Epoch: 15 	Training Cost: 10062.873809	 Valid Acc: 0.7109793959920971 	Best Valid Acc: 0.710979
Epoch: 16 	Training Cost: 10017.937858	 Valid Acc: 0.7122495060683037 	Best Valid Acc: 0.712250
Epoch: 17 	Training Cost: 9978.542267	 Valid Acc: 0.714225232853514 	Best Valid Acc: 0.714225
Epoch: 18 	Training Cost: 9943.127924	 Valid Acc: 0.7135196161445103 	Best Valid Acc: 0.714225
Epoch: 19 	Training Cost: 9910.490699	 Valid Acc: 0.7135196161445103 	Best Valid Acc: 0.714225
Epoch: 20 	Training Cost: 9879.579968	 Valid Acc: 0.714225232853514 	Best Valid Acc: 0.714225
Epoch: 21 	Training Cost: 9850.539794	 Valid Acc: 0.7149308495625176 	Best Valid Acc: 0.714931
Epoch: 22 	Training Cost: 9823.192492	 Valid Acc: 0.7162009596387242 	Best Valid Acc: 0.716201
Epoch: 23 	Training Cost: 9797.306994	 Valid Acc: 0.7145074795371155 	Best Valid Acc: 0.716201
Epoch: 24 	Training Cost: 9772.356087	 Valid Acc: 0.7154953429297206 	Best Valid Acc: 0.716201
Epoch: 25 	Training Cost: 9749.243450	 Valid Acc: 0.7153542195879199 	Best Valid Acc: 0.716201
Epoch: 26 	Training Cost: 9727.411946	 Valid Acc: 0.7152130962461191 	Best Valid Acc: 0.716201
Epoch: 27 	Training Cost: 9707.164106	 Valid Acc: 0.7140841095117132 	Best Valid Acc: 0.716201
Epoch: 28 	Training Cost: 9688.226178	 Valid Acc: 0.7138018628281118 	Best Valid Acc: 0.716201
Epoch: 29 	Training Cost: 9670.472865	 Valid Acc: 0.7149308495625176 	Best Valid Acc: 0.716201
Epoch: 30 	Training Cost: 9653.905153	 Valid Acc: 0.7143663561953147 	Best Valid Acc: 0.716201
Epoch: 31 	Training Cost: 9639.056363	 Valid Acc: 0.7129551227773073 	Best Valid Acc: 0.716201
Epoch: 32 	Training Cost: 9622.158128	 Valid Acc: 0.7140841095117132 	Best Valid Acc: 0.716201
Epoch: 33 	Training Cost: 9604.761098	 Valid Acc: 0.713660739486311 	Best Valid Acc: 0.716201
Epoch: 34 	Training Cost: 9585.277360	 Valid Acc: 0.7112616426756986 	Best Valid Acc: 0.716201
Epoch: 35 	Training Cost: 9562.478806	 Valid Acc: 0.7119672593847022 	Best Valid Acc: 0.716201
Epoch: 36 	Training Cost: 9532.451080	 Valid Acc: 0.7125317527519052 	Best Valid Acc: 0.716201
Epoch: 37 	Training Cost: 9498.929520	 Valid Acc: 0.7108382726502963 	Best Valid Acc: 0.716201
Epoch: 38 	Training Cost: 9461.498725	 Valid Acc: 0.7116850127011007 	Best Valid Acc: 0.716201
Epoch: 39 	Training Cost: 9429.604110	 Valid Acc: 0.714225232853514 	Best Valid Acc: 0.716201
Epoch: 40 	Training Cost: 9398.464319	 Valid Acc: 0.7097092859158904 	Best Valid Acc: 0.716201
Epoch: 41 	Training Cost: 9364.613041	 Valid Acc: 0.7087214225232854 	Best Valid Acc: 0.716201
Epoch: 42 	Training Cost: 9338.032769	 Valid Acc: 0.7115438893593 	Best Valid Acc: 0.716201
Epoch: 43 	Training Cost: 9313.224962	 Valid Acc: 0.7071690657634773 	Best Valid Acc: 0.716201
Epoch: 44 	Training Cost: 9283.821759	 Valid Acc: 0.7077335591306803 	Best Valid Acc: 0.716201
Epoch: 45 	Training Cost: 9260.352308	 Valid Acc: 0.7082980524978831 	Best Valid Acc: 0.716201
Epoch: 46 	Training Cost: 9232.914253	 Valid Acc: 0.7060400790290714 	Best Valid Acc: 0.716201
Epoch: 47 	Training Cost: 9212.484889	 Valid Acc: 0.705193338978267 	Best Valid Acc: 0.716201
Epoch: 48 	Training Cost: 9189.535498	 Valid Acc: 0.7058989556872707 	Best Valid Acc: 0.716201
Epoch: 49 	Training Cost: 9166.167561	 Valid Acc: 0.703076488851256 	Best Valid Acc: 0.716201
Epoch: 50 	Training Cost: 9144.735637	 Valid Acc: 0.7034998588766582 	Best Valid Acc: 0.716201
lr=3e-05, lamb=0, num_epoch=50, test_acc=0.7064634490544736
----------------------------------------------------------
----------------------------------------------------------
lr=3e-05, lamb=1e-05, num_epoch=50
Epoch: 1 	Training Cost: 12916.452622	 Valid Acc: 0.6741462037821055 	Best Valid Acc: 0.674146
Epoch: 2 	Training Cost: 11596.306009	 Valid Acc: 0.6821902342647473 	Best Valid Acc: 0.682190
Epoch: 3 	Training Cost: 11459.636302	 Valid Acc: 0.683460344340954 	Best Valid Acc: 0.683460
Epoch: 4 	Training Cost: 11404.731851	 Valid Acc: 0.682895850973751 	Best Valid Acc: 0.683460
Epoch: 5 	Training Cost: 11331.865119	 Valid Acc: 0.6848715777589613 	Best Valid Acc: 0.684872
Epoch: 6 	Training Cost: 11182.563452	 Valid Acc: 0.6844482077335591 	Best Valid Acc: 0.684872
Epoch: 7 	Training Cost: 11002.962528	 Valid Acc: 0.6912221281399944 	Best Valid Acc: 0.691222
Epoch: 8 	Training Cost: 10781.262478	 Valid Acc: 0.6996895286480384 	Best Valid Acc: 0.699690
Epoch: 9 	Training Cost: 10548.018255	 Valid Acc: 0.7023708721422524 	Best Valid Acc: 0.702371
Epoch: 10 	Training Cost: 10380.978783	 Valid Acc: 0.7064634490544736 	Best Valid Acc: 0.706463
Epoch: 11 	Training Cost: 10268.798855	 Valid Acc: 0.7077335591306803 	Best Valid Acc: 0.707734
Epoch: 12 	Training Cost: 10184.768840	 Valid Acc: 0.7088625458650861 	Best Valid Acc: 0.708863
Epoch: 13 	Training Cost: 10117.799847	 Valid Acc: 0.7082980524978831 	Best Valid Acc: 0.708863
Epoch: 14 	Training Cost: 10064.165292	 Valid Acc: 0.709427039232289 	Best Valid Acc: 0.709427
Epoch: 15 	Training Cost: 10020.002417	 Valid Acc: 0.7109793959920971 	Best Valid Acc: 0.710979
Epoch: 16 	Training Cost: 9982.036438	 Valid Acc: 0.7122495060683037 	Best Valid Acc: 0.712250
Epoch: 17 	Training Cost: 9948.435598	 Valid Acc: 0.7143663561953147 	Best Valid Acc: 0.714366
Epoch: 18 	Training Cost: 9917.689663	 Valid Acc: 0.7138018628281118 	Best Valid Acc: 0.714366
Epoch: 19 	Training Cost: 9889.452074	 Valid Acc: 0.7146486028789162 	Best Valid Acc: 0.714649
Epoch: 20 	Training Cost: 9862.823768	 Valid Acc: 0.7152130962461191 	Best Valid Acc: 0.715213
Epoch: 21 	Training Cost: 9837.738913	 Valid Acc: 0.7160598362969235 	Best Valid Acc: 0.716060
Epoch: 22 	Training Cost: 9814.220052	 Valid Acc: 0.7143663561953147 	Best Valid Acc: 0.716060
Epoch: 23 	Training Cost: 9792.451784	 Valid Acc: 0.7150719729043183 	Best Valid Acc: 0.716060
Epoch: 24 	Training Cost: 9771.945897	 Valid Acc: 0.7162009596387242 	Best Valid Acc: 0.716201
Epoch: 25 	Training Cost: 9752.483516	 Valid Acc: 0.7152130962461191 	Best Valid Acc: 0.716201
Epoch: 26 	Training Cost: 9734.336147	 Valid Acc: 0.7153542195879199 	Best Valid Acc: 0.716201
Epoch: 27 	Training Cost: 9717.164371	 Valid Acc: 0.7156364662715213 	Best Valid Acc: 0.716201
Epoch: 28 	Training Cost: 9701.840527	 Valid Acc: 0.7150719729043183 	Best Valid Acc: 0.716201
Epoch: 29 	Training Cost: 9689.893276	 Valid Acc: 0.7160598362969235 	Best Valid Acc: 0.716201
Epoch: 30 	Training Cost: 9679.514703	 Valid Acc: 0.7159187129551228 	Best Valid Acc: 0.716201
Epoch: 31 	Training Cost: 9669.615897	 Valid Acc: 0.7160598362969235 	Best Valid Acc: 0.716201
Epoch: 32 	Training Cost: 9660.573137	 Valid Acc: 0.7154953429297206 	Best Valid Acc: 0.716201
Epoch: 33 	Training Cost: 9647.878057	 Valid Acc: 0.714225232853514 	Best Valid Acc: 0.716201
Epoch: 34 	Training Cost: 9640.108073	 Valid Acc: 0.713096246119108 	Best Valid Acc: 0.716201
Epoch: 35 	Training Cost: 9628.681442	 Valid Acc: 0.7167654530059272 	Best Valid Acc: 0.716765
Epoch: 36 	Training Cost: 9617.994502	 Valid Acc: 0.7149308495625176 	Best Valid Acc: 0.716765
Epoch: 37 	Training Cost: 9609.320505	 Valid Acc: 0.7146486028789162 	Best Valid Acc: 0.716765
Epoch: 38 	Training Cost: 9596.396165	 Valid Acc: 0.7159187129551228 	Best Valid Acc: 0.716765
Epoch: 39 	Training Cost: 9581.943716	 Valid Acc: 0.713660739486311 	Best Valid Acc: 0.716765
Epoch: 40 	Training Cost: 9564.781070	 Valid Acc: 0.7156364662715213 	Best Valid Acc: 0.716765
Epoch: 41 	Training Cost: 9541.259020	 Valid Acc: 0.7149308495625176 	Best Valid Acc: 0.716765
Epoch: 42 	Training Cost: 9516.055672	 Valid Acc: 0.7152130962461191 	Best Valid Acc: 0.716765
Epoch: 43 	Training Cost: 9482.697207	 Valid Acc: 0.7140841095117132 	Best Valid Acc: 0.716765
Epoch: 44 	Training Cost: 9446.903272	 Valid Acc: 0.7138018628281118 	Best Valid Acc: 0.716765
Epoch: 45 	Training Cost: 9414.446771	 Valid Acc: 0.7138018628281118 	Best Valid Acc: 0.716765
Epoch: 46 	Training Cost: 9387.435260	 Valid Acc: 0.7116850127011007 	Best Valid Acc: 0.716765
Epoch: 47 	Training Cost: 9356.242169	 Valid Acc: 0.7132373694609089 	Best Valid Acc: 0.716765
Epoch: 48 	Training Cost: 9334.069659	 Valid Acc: 0.7126728760937059 	Best Valid Acc: 0.716765
Epoch: 49 	Training Cost: 9305.971468	 Valid Acc: 0.7118261360429015 	Best Valid Acc: 0.716765
Epoch: 50 	Training Cost: 9279.594035	 Valid Acc: 0.7098504092576913 	Best Valid Acc: 0.716765
lr=3e-05, lamb=1e-05, num_epoch=50, test_acc=0.7067456957380751
----------------------------------------------------------
----------------------------------------------------------
lr=3e-05, lamb=0.0001, num_epoch=50
Epoch: 1 	Training Cost: 13033.834509	 Valid Acc: 0.6776742873271239 	Best Valid Acc: 0.677674
Epoch: 2 	Training Cost: 11647.228584	 Valid Acc: 0.6844482077335591 	Best Valid Acc: 0.684448
Epoch: 3 	Training Cost: 11495.035172	 Valid Acc: 0.6852949477843635 	Best Valid Acc: 0.685295
Epoch: 4 	Training Cost: 11442.144771	 Valid Acc: 0.6840248377081569 	Best Valid Acc: 0.685295
Epoch: 5 	Training Cost: 11372.126354	 Valid Acc: 0.6837425910245555 	Best Valid Acc: 0.685295
Epoch: 6 	Training Cost: 11218.631915	 Valid Acc: 0.6816257408975445 	Best Valid Acc: 0.685295
Epoch: 7 	Training Cost: 11057.308369	 Valid Acc: 0.6864239345187694 	Best Valid Acc: 0.686424
Epoch: 8 	Training Cost: 10880.162906	 Valid Acc: 0.6974315551792266 	Best Valid Acc: 0.697432
Epoch: 9 	Training Cost: 10652.342541	 Valid Acc: 0.7032176121930568 	Best Valid Acc: 0.703218
Epoch: 10 	Training Cost: 10464.202008	 Valid Acc: 0.7061812023708721 	Best Valid Acc: 0.706181
Epoch: 11 	Training Cost: 10339.131965	 Valid Acc: 0.7061812023708721 	Best Valid Acc: 0.706181
Epoch: 12 	Training Cost: 10250.947982	 Valid Acc: 0.7074513124470787 	Best Valid Acc: 0.707451
Epoch: 13 	Training Cost: 10182.806554	 Valid Acc: 0.7077335591306803 	Best Valid Acc: 0.707734
Epoch: 14 	Training Cost: 10127.864149	 Valid Acc: 0.7091447925486876 	Best Valid Acc: 0.709145
Epoch: 15 	Training Cost: 10082.724705	 Valid Acc: 0.7088625458650861 	Best Valid Acc: 0.709145
Epoch: 16 	Training Cost: 10044.882563	 Valid Acc: 0.7102737792830934 	Best Valid Acc: 0.710274
Epoch: 17 	Training Cost: 10012.139642	 Valid Acc: 0.7123906294101044 	Best Valid Acc: 0.712391
Epoch: 18 	Training Cost: 9982.631803	 Valid Acc: 0.713096246119108 	Best Valid Acc: 0.713096
Epoch: 19 	Training Cost: 9955.374945	 Valid Acc: 0.7125317527519052 	Best Valid Acc: 0.713096
Epoch: 20 	Training Cost: 9929.541348	 Valid Acc: 0.7133784928027096 	Best Valid Acc: 0.713378
Epoch: 21 	Training Cost: 9905.334912	 Valid Acc: 0.7138018628281118 	Best Valid Acc: 0.713802
Epoch: 22 	Training Cost: 9882.173361	 Valid Acc: 0.7145074795371155 	Best Valid Acc: 0.714507
Epoch: 23 	Training Cost: 9860.102283	 Valid Acc: 0.7140841095117132 	Best Valid Acc: 0.714507
Epoch: 24 	Training Cost: 9839.142456	 Valid Acc: 0.7128139994355066 	Best Valid Acc: 0.714507
Epoch: 25 	Training Cost: 9818.881311	 Valid Acc: 0.7129551227773073 	Best Valid Acc: 0.714507
Epoch: 26 	Training Cost: 9799.531803	 Valid Acc: 0.7126728760937059 	Best Valid Acc: 0.714507
Epoch: 27 	Training Cost: 9781.298190	 Valid Acc: 0.7125317527519052 	Best Valid Acc: 0.714507
Epoch: 28 	Training Cost: 9763.853902	 Valid Acc: 0.7143663561953147 	Best Valid Acc: 0.714507
Epoch: 29 	Training Cost: 9747.916249	 Valid Acc: 0.7147897262207169 	Best Valid Acc: 0.714790
Epoch: 30 	Training Cost: 9732.648812	 Valid Acc: 0.7133784928027096 	Best Valid Acc: 0.714790
Epoch: 31 	Training Cost: 9718.441173	 Valid Acc: 0.7143663561953147 	Best Valid Acc: 0.714790
Epoch: 32 	Training Cost: 9705.498480	 Valid Acc: 0.7150719729043183 	Best Valid Acc: 0.715072
Epoch: 33 	Training Cost: 9693.785126	 Valid Acc: 0.7140841095117132 	Best Valid Acc: 0.715072
Epoch: 34 	Training Cost: 9684.199016	 Valid Acc: 0.7135196161445103 	Best Valid Acc: 0.715072
Epoch: 35 	Training Cost: 9674.461069	 Valid Acc: 0.7133784928027096 	Best Valid Acc: 0.715072
Epoch: 36 	Training Cost: 9665.624838	 Valid Acc: 0.7143663561953147 	Best Valid Acc: 0.715072
Epoch: 37 	Training Cost: 9653.350387	 Valid Acc: 0.712108382726503 	Best Valid Acc: 0.715072
Epoch: 38 	Training Cost: 9643.170436	 Valid Acc: 0.7132373694609089 	Best Valid Acc: 0.715072
Epoch: 39 	Training Cost: 9628.505708	 Valid Acc: 0.7138018628281118 	Best Valid Acc: 0.715072
Epoch: 40 	Training Cost: 9613.018616	 Valid Acc: 0.7140841095117132 	Best Valid Acc: 0.715072
Epoch: 41 	Training Cost: 9594.175790	 Valid Acc: 0.7132373694609089 	Best Valid Acc: 0.715072
