nn6.py, two encoders + one decoder (map to high dimension first)
Tuning process for lr=3e-05
----------------------------------------------------------
lr=3e-05, lamb=0, num_epoch=200
Epoch: 1 	Training Cost: 12886.877017	 Valid Acc: 0.6738639570985041 	Best Valid Acc: 0.673864
Epoch: 2 	Training Cost: 11601.131164	 Valid Acc: 0.6838837143663562 	Best Valid Acc: 0.683884
Epoch: 3 	Training Cost: 11422.110733	 Valid Acc: 0.6860005644933672 	Best Valid Acc: 0.686001
Epoch: 4 	Training Cost: 11331.374372	 Valid Acc: 0.6851538244425628 	Best Valid Acc: 0.686001
Epoch: 5 	Training Cost: 11203.747705	 Valid Acc: 0.6852949477843635 	Best Valid Acc: 0.686001
Epoch: 6 	Training Cost: 11011.526020	 Valid Acc: 0.6926333615580017 	Best Valid Acc: 0.692633
Epoch: 7 	Training Cost: 10799.895818	 Valid Acc: 0.6964436917866215 	Best Valid Acc: 0.696444
Epoch: 8 	Training Cost: 10610.201539	 Valid Acc: 0.6994072819644369 	Best Valid Acc: 0.699407
Epoch: 9 	Training Cost: 10449.444025	 Valid Acc: 0.7018063787750494 	Best Valid Acc: 0.701806
Epoch: 10 	Training Cost: 10315.459347	 Valid Acc: 0.7022297488004516 	Best Valid Acc: 0.702230
Epoch: 11 	Training Cost: 10206.009576	 Valid Acc: 0.7044877222692634 	Best Valid Acc: 0.704488
Epoch: 12 	Training Cost: 10116.958820	 Valid Acc: 0.7063223257126728 	Best Valid Acc: 0.706322
Epoch: 13 	Training Cost: 10043.333699	 Valid Acc: 0.7088625458650861 	Best Valid Acc: 0.708863
Epoch: 14 	Training Cost: 9980.457835	 Valid Acc: 0.7097092859158904 	Best Valid Acc: 0.709709
Epoch: 15 	Training Cost: 9924.754067	 Valid Acc: 0.7082980524978831 	Best Valid Acc: 0.709709
Epoch: 16 	Training Cost: 9873.982571	 Valid Acc: 0.7088625458650861 	Best Valid Acc: 0.709709
Epoch: 17 	Training Cost: 9825.873029	 Valid Acc: 0.7095681625740897 	Best Valid Acc: 0.709709
Epoch: 18 	Training Cost: 9778.158182	 Valid Acc: 0.7098504092576913 	Best Valid Acc: 0.709850
Epoch: 19 	Training Cost: 9729.333708	 Valid Acc: 0.7101326559412927 	Best Valid Acc: 0.710133
Epoch: 20 	Training Cost: 9676.795579	 Valid Acc: 0.7104149026248942 	Best Valid Acc: 0.710415
Epoch: 21 	Training Cost: 9619.155693	 Valid Acc: 0.7114027660174993 	Best Valid Acc: 0.711403
Epoch: 22 	Training Cost: 9555.067597	 Valid Acc: 0.7108382726502963 	Best Valid Acc: 0.711403
Epoch: 23 	Training Cost: 9484.885615	 Valid Acc: 0.709427039232289 	Best Valid Acc: 0.711403
Epoch: 24 	Training Cost: 9411.053945	 Valid Acc: 0.7098504092576913 	Best Valid Acc: 0.711403
Epoch: 25 	Training Cost: 9336.445969	 Valid Acc: 0.7087214225232854 	Best Valid Acc: 0.711403
Epoch: 26 	Training Cost: 9263.593477	 Valid Acc: 0.7087214225232854 	Best Valid Acc: 0.711403
Epoch: 27 	Training Cost: 9193.379715	 Valid Acc: 0.707874682472481 	Best Valid Acc: 0.711403
Epoch: 28 	Training Cost: 9126.586360	 Valid Acc: 0.7081569291560824 	Best Valid Acc: 0.711403
Epoch: 29 	Training Cost: 9062.430419	 Valid Acc: 0.7066045723962744 	Best Valid Acc: 0.711403
Epoch: 30 	Training Cost: 8999.755340	 Valid Acc: 0.7056167090036692 	Best Valid Acc: 0.711403
Epoch: 31 	Training Cost: 8939.090667	 Valid Acc: 0.7058989556872707 	Best Valid Acc: 0.711403
Epoch: 32 	Training Cost: 8877.943349	 Valid Acc: 0.7046288456110641 	Best Valid Acc: 0.711403
Epoch: 33 	Training Cost: 8817.179045	 Valid Acc: 0.7040643522438611 	Best Valid Acc: 0.711403
Epoch: 34 	Training Cost: 8753.654807	 Valid Acc: 0.7043465989274627 	Best Valid Acc: 0.711403
Epoch: 35 	Training Cost: 8688.365223	 Valid Acc: 0.7016652554332486 	Best Valid Acc: 0.711403
Epoch: 36 	Training Cost: 8621.007235	 Valid Acc: 0.7008185153824442 	Best Valid Acc: 0.711403
Epoch: 37 	Training Cost: 8552.697608	 Valid Acc: 0.7005362686988428 	Best Valid Acc: 0.711403
Epoch: 38 	Training Cost: 8482.028970	 Valid Acc: 0.6998306519898391 	Best Valid Acc: 0.711403
Epoch: 39 	Training Cost: 8410.528247	 Valid Acc: 0.6992661586226362 	Best Valid Acc: 0.711403
Epoch: 40 	Training Cost: 8339.617155	 Valid Acc: 0.6999717753316399 	Best Valid Acc: 0.711403
Epoch: 41 	Training Cost: 8267.363888	 Valid Acc: 0.6950324583686142 	Best Valid Acc: 0.711403
Epoch: 42 	Training Cost: 8195.807657	 Valid Acc: 0.696725938470223 	Best Valid Acc: 0.711403
Epoch: 43 	Training Cost: 8124.584014	 Valid Acc: 0.6947502116850127 	Best Valid Acc: 0.711403
Epoch: 44 	Training Cost: 8053.041289	 Valid Acc: 0.694044594976009 	Best Valid Acc: 0.711403
Epoch: 45 	Training Cost: 7980.766867	 Valid Acc: 0.6941857183178097 	Best Valid Acc: 0.711403
Epoch: 46 	Training Cost: 7908.291315	 Valid Acc: 0.6905165114309907 	Best Valid Acc: 0.711403
Epoch: 47 	Training Cost: 7836.208380	 Valid Acc: 0.6922099915325995 	Best Valid Acc: 0.711403
Epoch: 48 	Training Cost: 7764.514383	 Valid Acc: 0.6912221281399944 	Best Valid Acc: 0.711403
Epoch: 49 	Training Cost: 7691.710080	 Valid Acc: 0.6905165114309907 	Best Valid Acc: 0.711403
Epoch: 50 	Training Cost: 7619.151651	 Valid Acc: 0.6909398814563928 	Best Valid Acc: 0.711403
Epoch: 51 	Training Cost: 7547.726844	 Valid Acc: 0.6878351679367768 	Best Valid Acc: 0.711403
Epoch: 52 	Training Cost: 7475.206997	 Valid Acc: 0.6878351679367768 	Best Valid Acc: 0.711403
Epoch: 53 	Training Cost: 7404.274391	 Valid Acc: 0.6855771944679651 	Best Valid Acc: 0.711403
Epoch: 54 	Training Cost: 7332.271021	 Valid Acc: 0.6865650578605701 	Best Valid Acc: 0.711403
Epoch: 55 	Training Cost: 7263.154243	 Valid Acc: 0.6836014676827548 	Best Valid Acc: 0.711403
Epoch: 56 	Training Cost: 7193.514219	 Valid Acc: 0.6837425910245555 	Best Valid Acc: 0.711403
Epoch: 57 	Training Cost: 7123.238424	 Valid Acc: 0.6821902342647473 	Best Valid Acc: 0.711403
Epoch: 58 	Training Cost: 7055.030738	 Valid Acc: 0.6841659610499576 	Best Valid Acc: 0.711403
Epoch: 59 	Training Cost: 6983.909499	 Valid Acc: 0.681343494213943 	Best Valid Acc: 0.711403
Epoch: 60 	Training Cost: 6916.524558	 Valid Acc: 0.6810612475303415 	Best Valid Acc: 0.711403
Epoch: 61 	Training Cost: 6849.512601	 Valid Acc: 0.6797911374541349 	Best Valid Acc: 0.711403
Epoch: 62 	Training Cost: 6781.702002	 Valid Acc: 0.68077900084674 	Best Valid Acc: 0.711403
Epoch: 63 	Training Cost: 6714.617655	 Valid Acc: 0.6785210273779283 	Best Valid Acc: 0.711403
Epoch: 64 	Training Cost: 6647.585875	 Valid Acc: 0.6804967541631386 	Best Valid Acc: 0.711403
Epoch: 65 	Training Cost: 6583.830722	 Valid Acc: 0.6800733841377364 	Best Valid Acc: 0.711403
Epoch: 66 	Training Cost: 6519.961068	 Valid Acc: 0.677109793959921 	Best Valid Acc: 0.711403
Epoch: 67 	Training Cost: 6457.243699	 Valid Acc: 0.6779565340107254 	Best Valid Acc: 0.711403
Epoch: 68 	Training Cost: 6396.438515	 Valid Acc: 0.6783799040361276 	Best Valid Acc: 0.711403
Epoch: 69 	Training Cost: 6336.024385	 Valid Acc: 0.6742873271239063 	Best Valid Acc: 0.711403
Epoch: 70 	Training Cost: 6276.280161	 Valid Acc: 0.6754163138583121 	Best Valid Acc: 0.711403
Epoch: 71 	Training Cost: 6218.104660	 Valid Acc: 0.6738639570985041 	Best Valid Acc: 0.711403
Epoch: 72 	Training Cost: 6159.490639	 Valid Acc: 0.6713237369460909 	Best Valid Acc: 0.711403
Epoch: 73 	Training Cost: 6101.963054	 Valid Acc: 0.672311600338696 	Best Valid Acc: 0.711403
Epoch: 74 	Training Cost: 6043.197627	 Valid Acc: 0.6703358735534858 	Best Valid Acc: 0.711403
Epoch: 75 	Training Cost: 5985.969084	 Valid Acc: 0.6682190234264748 	Best Valid Acc: 0.711403
Epoch: 76 	Training Cost: 5930.099808	 Valid Acc: 0.6677956534010725 	Best Valid Acc: 0.711403
Epoch: 77 	Training Cost: 5873.868368	 Valid Acc: 0.6669489133502682 	Best Valid Acc: 0.711403
Epoch: 78 	Training Cost: 5817.269802	 Valid Acc: 0.6672311600338696 	Best Valid Acc: 0.711403
Epoch: 79 	Training Cost: 5762.462280	 Valid Acc: 0.668077900084674 	Best Valid Acc: 0.711403
Epoch: 80 	Training Cost: 5707.649924	 Valid Acc: 0.6665255433248659 	Best Valid Acc: 0.711403
Epoch: 81 	Training Cost: 5650.080137	 Valid Acc: 0.66539655659046 	Best Valid Acc: 0.711403
Epoch: 82 	Training Cost: 5597.697167	 Valid Acc: 0.6670900366920689 	Best Valid Acc: 0.711403
Epoch: 83 	Training Cost: 5541.700401	 Valid Acc: 0.6658199266158623 	Best Valid Acc: 0.711403
Epoch: 84 	Training Cost: 5487.105273	 Valid Acc: 0.6661021732994638 	Best Valid Acc: 0.711403
Epoch: 85 	Training Cost: 5434.627051	 Valid Acc: 0.6644086931978549 	Best Valid Acc: 0.711403
Epoch: 86 	Training Cost: 5378.495969	 Valid Acc: 0.6648320632232572 	Best Valid Acc: 0.711403
Epoch: 87 	Training Cost: 5325.296453	 Valid Acc: 0.6631385831216483 	Best Valid Acc: 0.711403
Epoch: 88 	Training Cost: 5271.238984	 Valid Acc: 0.6652554332486593 	Best Valid Acc: 0.711403
Epoch: 89 	Training Cost: 5216.189041	 Valid Acc: 0.6652554332486593 	Best Valid Acc: 0.711403
Epoch: 90 	Training Cost: 5164.872494	 Valid Acc: 0.6665255433248659 	Best Valid Acc: 0.711403
Epoch: 91 	Training Cost: 5112.666288	 Valid Acc: 0.6655376799322608 	Best Valid Acc: 0.711403
Epoch: 92 	Training Cost: 5062.424557	 Valid Acc: 0.6669489133502682 	Best Valid Acc: 0.711403
Epoch: 93 	Training Cost: 5012.740861	 Valid Acc: 0.6634208298052497 	Best Valid Acc: 0.711403
Epoch: 94 	Training Cost: 4963.032781	 Valid Acc: 0.668077900084674 	Best Valid Acc: 0.711403
Epoch: 95 	Training Cost: 4911.770992	 Valid Acc: 0.6621507197290432 	Best Valid Acc: 0.711403
Epoch: 96 	Training Cost: 4863.199928	 Valid Acc: 0.665961049957663 	Best Valid Acc: 0.711403
Epoch: 97 	Training Cost: 4814.403931	 Valid Acc: 0.6644086931978549 	Best Valid Acc: 0.711403
Epoch: 98 	Training Cost: 4766.075258	 Valid Acc: 0.6646909398814564 	Best Valid Acc: 0.711403
Epoch: 99 	Training Cost: 4720.799948	 Valid Acc: 0.6676545300592718 	Best Valid Acc: 0.711403
Epoch: 100 	Training Cost: 4672.293279	 Valid Acc: 0.6601749929438329 	Best Valid Acc: 0.711403
Epoch: 101 	Training Cost: 4627.229984	 Valid Acc: 0.6625740897544454 	Best Valid Acc: 0.711403
Epoch: 102 	Training Cost: 4580.238511	 Valid Acc: 0.6618684730454417 	Best Valid Acc: 0.711403
Epoch: 103 	Training Cost: 4536.849683	 Valid Acc: 0.6613039796782387 	Best Valid Acc: 0.711403
Epoch: 104 	Training Cost: 4493.492972	 Valid Acc: 0.6608806096528366 	Best Valid Acc: 0.711403
Epoch: 105 	Training Cost: 4446.880221	 Valid Acc: 0.6615862263618403 	Best Valid Acc: 0.711403
Epoch: 106 	Training Cost: 4404.421649	 Valid Acc: 0.6610217329946373 	Best Valid Acc: 0.711403
Epoch: 107 	Training Cost: 4360.305985	 Valid Acc: 0.6584815128422241 	Best Valid Acc: 0.711403
Epoch: 108 	Training Cost: 4322.373948	 Valid Acc: 0.6608806096528366 	Best Valid Acc: 0.711403
Epoch: 109 	Training Cost: 4276.252286	 Valid Acc: 0.6570702794242168 	Best Valid Acc: 0.711403
Epoch: 110 	Training Cost: 4239.862707	 Valid Acc: 0.6624329664126446 	Best Valid Acc: 0.711403
Epoch: 111 	Training Cost: 4195.847866	 Valid Acc: 0.6563646627152131 	Best Valid Acc: 0.711403
Epoch: 112 	Training Cost: 4158.699223	 Valid Acc: 0.6615862263618403 	Best Valid Acc: 0.711403
Epoch: 113 	Training Cost: 4116.627992	 Valid Acc: 0.6593282528930285 	Best Valid Acc: 0.711403
Epoch: 114 	Training Cost: 4078.820253	 Valid Acc: 0.6607394863110359 	Best Valid Acc: 0.711403
Epoch: 115 	Training Cost: 4041.179212	 Valid Acc: 0.65961049957663 	Best Valid Acc: 0.711403
Epoch: 116 	Training Cost: 4002.717175	 Valid Acc: 0.6607394863110359 	Best Valid Acc: 0.711403
Epoch: 117 	Training Cost: 3966.773879	 Valid Acc: 0.661727349703641 	Best Valid Acc: 0.711403
Epoch: 118 	Training Cost: 3930.021759	 Valid Acc: 0.6601749929438329 	Best Valid Acc: 0.711403
Epoch: 119 	Training Cost: 3894.529780	 Valid Acc: 0.6601749929438329 	Best Valid Acc: 0.711403
Epoch: 120 	Training Cost: 3859.144112	 Valid Acc: 0.6614451030200396 	Best Valid Acc: 0.711403
Epoch: 121 	Training Cost: 3823.914227	 Valid Acc: 0.6587637595258256 	Best Valid Acc: 0.711403
Epoch: 122 	Training Cost: 3788.058386	 Valid Acc: 0.661727349703641 	Best Valid Acc: 0.711403
Epoch: 123 	Training Cost: 3755.321553	 Valid Acc: 0.6567880327406153 	Best Valid Acc: 0.711403
Epoch: 124 	Training Cost: 3720.974491	 Valid Acc: 0.6597516229184307 	Best Valid Acc: 0.711403
Epoch: 125 	Training Cost: 3686.543305	 Valid Acc: 0.6560824160316117 	Best Valid Acc: 0.711403
Epoch: 126 	Training Cost: 3653.791155	 Valid Acc: 0.6579170194750211 	Best Valid Acc: 0.711403
Epoch: 127 	Training Cost: 3619.093891	 Valid Acc: 0.6556590460062094 	Best Valid Acc: 0.711403
Epoch: 128 	Training Cost: 3591.432741	 Valid Acc: 0.6562235393734124 	Best Valid Acc: 0.711403
Epoch: 129 	Training Cost: 3553.802135	 Valid Acc: 0.6549534292972058 	Best Valid Acc: 0.711403
Epoch: 130 	Training Cost: 3527.924061	 Valid Acc: 0.6566469093988145 	Best Valid Acc: 0.711403
Epoch: 131 	Training Cost: 3492.760339	 Valid Acc: 0.6546711826136042 	Best Valid Acc: 0.711403
Epoch: 132 	Training Cost: 3462.935446	 Valid Acc: 0.656929156082416 	Best Valid Acc: 0.711403
Epoch: 133 	Training Cost: 3430.492339	 Valid Acc: 0.6565057860570138 	Best Valid Acc: 0.711403
Epoch: 134 	Training Cost: 3405.141077	 Valid Acc: 0.6560824160316117 	Best Valid Acc: 0.711403
Epoch: 135 	Training Cost: 3373.881846	 Valid Acc: 0.6570702794242168 	Best Valid Acc: 0.711403
Epoch: 136 	Training Cost: 3344.875983	 Valid Acc: 0.6550945526390065 	Best Valid Acc: 0.711403
Epoch: 137 	Training Cost: 3315.377032	 Valid Acc: 0.6576347727914197 	Best Valid Acc: 0.711403
Epoch: 138 	Training Cost: 3291.305242	 Valid Acc: 0.6563646627152131 	Best Valid Acc: 0.711403
Epoch: 139 	Training Cost: 3261.117863	 Valid Acc: 0.657493649449619 	Best Valid Acc: 0.711403
Epoch: 140 	Training Cost: 3233.145083	 Valid Acc: 0.6562235393734124 	Best Valid Acc: 0.711403
Epoch: 141 	Training Cost: 3206.459287	 Valid Acc: 0.6566469093988145 	Best Valid Acc: 0.711403
Epoch: 142 	Training Cost: 3179.754528	 Valid Acc: 0.6560824160316117 	Best Valid Acc: 0.711403
Epoch: 143 	Training Cost: 3150.717820	 Valid Acc: 0.6577758961332204 	Best Valid Acc: 0.711403
Epoch: 144 	Training Cost: 3125.658099	 Valid Acc: 0.6567880327406153 	Best Valid Acc: 0.711403
Epoch: 145 	Training Cost: 3100.881919	 Valid Acc: 0.6562235393734124 	Best Valid Acc: 0.711403
Epoch: 146 	Training Cost: 3077.294448	 Valid Acc: 0.6593282528930285 	Best Valid Acc: 0.711403
Epoch: 147 	Training Cost: 3050.723334	 Valid Acc: 0.6550945526390065 	Best Valid Acc: 0.711403
Epoch: 148 	Training Cost: 3026.190983	 Valid Acc: 0.656929156082416 	Best Valid Acc: 0.711403
Epoch: 149 	Training Cost: 3005.643416	 Valid Acc: 0.6577758961332204 	Best Valid Acc: 0.711403
Epoch: 150 	Training Cost: 2981.960200	 Valid Acc: 0.657493649449619 	Best Valid Acc: 0.711403
Epoch: 151 	Training Cost: 2956.108951	 Valid Acc: 0.6594693762348293 	Best Valid Acc: 0.711403
Epoch: 152 	Training Cost: 2935.473783	 Valid Acc: 0.6550945526390065 	Best Valid Acc: 0.711403
Epoch: 153 	Training Cost: 2911.458916	 Valid Acc: 0.6594693762348293 	Best Valid Acc: 0.711403
Epoch: 154 	Training Cost: 2890.205686	 Valid Acc: 0.6563646627152131 	Best Valid Acc: 0.711403
Epoch: 155 	Training Cost: 2867.454532	 Valid Acc: 0.6562235393734124 	Best Valid Acc: 0.711403
Epoch: 156 	Training Cost: 2845.482251	 Valid Acc: 0.6556590460062094 	Best Valid Acc: 0.711403
Epoch: 157 	Training Cost: 2820.171422	 Valid Acc: 0.6576347727914197 	Best Valid Acc: 0.711403
Epoch: 158 	Training Cost: 2803.526172	 Valid Acc: 0.6555179226644087 	Best Valid Acc: 0.711403
Epoch: 159 	Training Cost: 2784.275439	 Valid Acc: 0.6565057860570138 	Best Valid Acc: 0.711403
Epoch: 160 	Training Cost: 2763.282168	 Valid Acc: 0.655376799322608 	Best Valid Acc: 0.711403
Epoch: 161 	Training Cost: 2739.908122	 Valid Acc: 0.6566469093988145 	Best Valid Acc: 0.711403
Epoch: 162 	Training Cost: 2721.918079	 Valid Acc: 0.6562235393734124 	Best Valid Acc: 0.711403
Epoch: 163 	Training Cost: 2704.703949	 Valid Acc: 0.6562235393734124 	Best Valid Acc: 0.711403
Epoch: 164 	Training Cost: 2689.144269	 Valid Acc: 0.6556590460062094 	Best Valid Acc: 0.711403
Epoch: 165 	Training Cost: 2664.722009	 Valid Acc: 0.6545300592718035 	Best Valid Acc: 0.711403
Epoch: 166 	Training Cost: 2646.193911	 Valid Acc: 0.656929156082416 	Best Valid Acc: 0.711403
Epoch: 167 	Training Cost: 2630.881017	 Valid Acc: 0.6538244425627999 	Best Valid Acc: 0.711403
Epoch: 168 	Training Cost: 2613.137431	 Valid Acc: 0.6545300592718035 	Best Valid Acc: 0.711403
Epoch: 169 	Training Cost: 2593.952703	 Valid Acc: 0.6521309624611911 	Best Valid Acc: 0.711403
Epoch: 170 	Training Cost: 2572.702493	 Valid Acc: 0.6552356759808072 	Best Valid Acc: 0.711403
Epoch: 171 	Training Cost: 2561.492388	 Valid Acc: 0.6539655659046006 	Best Valid Acc: 0.711403
Epoch: 172 	Training Cost: 2541.407175	 Valid Acc: 0.6535421958791984 	Best Valid Acc: 0.711403
Epoch: 173 	Training Cost: 2527.187654	 Valid Acc: 0.6542478125882021 	Best Valid Acc: 0.711403
Epoch: 174 	Training Cost: 2511.204044	 Valid Acc: 0.6525543324865933 	Best Valid Acc: 0.711403
Epoch: 175 	Training Cost: 2494.473790	 Valid Acc: 0.6552356759808072 	Best Valid Acc: 0.711403
Epoch: 176 	Training Cost: 2477.492319	 Valid Acc: 0.6501552356759808 	Best Valid Acc: 0.711403
Epoch: 177 	Training Cost: 2466.355117	 Valid Acc: 0.652695455828394 	Best Valid Acc: 0.711403
Epoch: 178 	Training Cost: 2452.958972	 Valid Acc: 0.6512842224103866 	Best Valid Acc: 0.711403
Epoch: 179 	Training Cost: 2428.488319	 Valid Acc: 0.6534010725373977 	Best Valid Acc: 0.711403
Epoch: 180 	Training Cost: 2412.802067	 Valid Acc: 0.6502963590177815 	Best Valid Acc: 0.711403
Epoch: 181 	Training Cost: 2408.137259	 Valid Acc: 0.6541066892464014 	Best Valid Acc: 0.711403
Epoch: 182 	Training Cost: 2390.735219	 Valid Acc: 0.6512842224103866 	Best Valid Acc: 0.711403
Epoch: 183 	Training Cost: 2376.627452	 Valid Acc: 0.6518487157775896 	Best Valid Acc: 0.711403
Epoch: 184 	Training Cost: 2368.447727	 Valid Acc: 0.65001411233418 	Best Valid Acc: 0.711403
Epoch: 185 	Training Cost: 2348.860741	 Valid Acc: 0.6507197290431838 	Best Valid Acc: 0.711403
Epoch: 186 	Training Cost: 2332.723407	 Valid Acc: 0.6528365791701948 	Best Valid Acc: 0.711403
Epoch: 187 	Training Cost: 2319.410567	 Valid Acc: 0.6525543324865933 	Best Valid Acc: 0.711403
Epoch: 188 	Training Cost: 2309.109307	 Valid Acc: 0.6525543324865933 	Best Valid Acc: 0.711403
Epoch: 189 	Training Cost: 2297.995034	 Valid Acc: 0.6507197290431838 	Best Valid Acc: 0.711403
Epoch: 190 	Training Cost: 2287.021275	 Valid Acc: 0.6510019757267852 	Best Valid Acc: 0.711403
Epoch: 191 	Training Cost: 2269.825885	 Valid Acc: 0.6512842224103866 	Best Valid Acc: 0.711403
Epoch: 192 	Training Cost: 2266.215743	 Valid Acc: 0.6522720858029918 	Best Valid Acc: 0.711403
Epoch: 193 	Training Cost: 2250.611559	 Valid Acc: 0.6476150155235676 	Best Valid Acc: 0.711403
Epoch: 194 	Training Cost: 2237.322950	 Valid Acc: 0.6529777025119955 	Best Valid Acc: 0.711403
Epoch: 195 	Training Cost: 2226.471205	 Valid Acc: 0.6524132091447925 	Best Valid Acc: 0.711403
Epoch: 196 	Training Cost: 2213.048166	 Valid Acc: 0.6511430990685859 	Best Valid Acc: 0.711403
Epoch: 197 	Training Cost: 2210.121156	 Valid Acc: 0.6502963590177815 	Best Valid Acc: 0.711403
Epoch: 198 	Training Cost: 2196.328267	 Valid Acc: 0.6517075924357889 	Best Valid Acc: 0.711403
Epoch: 199 	Training Cost: 2181.367625	 Valid Acc: 0.6487440022579735 	Best Valid Acc: 0.711403
Epoch: 200 	Training Cost: 2180.447835	 Valid Acc: 0.6487440022579735 	Best Valid Acc: 0.711403
lr=3e-05, lamb=0, num_epoch=200, test_acc=0.650578605701383
----------------------------------------------------------
----------------------------------------------------------
lr=3e-05, lamb=0.0001, num_epoch=200
Epoch: 1 	Training Cost: 12923.109257	 Valid Acc: 0.6755574372001129 	Best Valid Acc: 0.675557
Epoch: 2 	Training Cost: 11642.065046	 Valid Acc: 0.6817668642393452 	Best Valid Acc: 0.681767
Epoch: 3 	Training Cost: 11470.483279	 Valid Acc: 0.6838837143663562 	Best Valid Acc: 0.683884
Epoch: 4 	Training Cost: 11392.360182	 Valid Acc: 0.6852949477843635 	Best Valid Acc: 0.685295
Epoch: 5 	Training Cost: 11298.989755	 Valid Acc: 0.6854360711261642 	Best Valid Acc: 0.685436
Epoch: 6 	Training Cost: 11147.669790	 Valid Acc: 0.6878351679367768 	Best Valid Acc: 0.687835
Epoch: 7 	Training Cost: 10944.516429	 Valid Acc: 0.6951735817104149 	Best Valid Acc: 0.695174
Epoch: 8 	Training Cost: 10726.337748	 Valid Acc: 0.6999717753316399 	Best Valid Acc: 0.699972
Epoch: 9 	Training Cost: 10534.754844	 Valid Acc: 0.7042054755856618 	Best Valid Acc: 0.704205
Epoch: 10 	Training Cost: 10386.862297	 Valid Acc: 0.70575783234547 	Best Valid Acc: 0.705758
Epoch: 11 	Training Cost: 10275.387195	 Valid Acc: 0.7056167090036692 	Best Valid Acc: 0.705758
Epoch: 12 	Training Cost: 10189.185705	 Valid Acc: 0.7084391758396839 	Best Valid Acc: 0.708439
Epoch: 13 	Training Cost: 10120.398391	 Valid Acc: 0.7081569291560824 	Best Valid Acc: 0.708439
Epoch: 14 	Training Cost: 10064.632611	 Valid Acc: 0.7085802991814846 	Best Valid Acc: 0.708580
Epoch: 15 	Training Cost: 10018.254007	 Valid Acc: 0.709991532599492 	Best Valid Acc: 0.709992
Epoch: 16 	Training Cost: 9978.279332	 Valid Acc: 0.7098504092576913 	Best Valid Acc: 0.709992
Epoch: 17 	Training Cost: 9942.900240	 Valid Acc: 0.7109793959920971 	Best Valid Acc: 0.710979
Epoch: 18 	Training Cost: 9910.373871	 Valid Acc: 0.712108382726503 	Best Valid Acc: 0.712108
Epoch: 19 	Training Cost: 9879.556797	 Valid Acc: 0.7132373694609089 	Best Valid Acc: 0.713237
Epoch: 20 	Training Cost: 9849.144548	 Valid Acc: 0.7138018628281118 	Best Valid Acc: 0.713802
Epoch: 21 	Training Cost: 9818.116542	 Valid Acc: 0.713660739486311 	Best Valid Acc: 0.713802
Epoch: 22 	Training Cost: 9785.262169	 Valid Acc: 0.7140841095117132 	Best Valid Acc: 0.714084
Epoch: 23 	Training Cost: 9748.968115	 Valid Acc: 0.7135196161445103 	Best Valid Acc: 0.714084
Epoch: 24 	Training Cost: 9708.306455	 Valid Acc: 0.714225232853514 	Best Valid Acc: 0.714225
Epoch: 25 	Training Cost: 9661.701223	 Valid Acc: 0.7152130962461191 	Best Valid Acc: 0.715213
Epoch: 26 	Training Cost: 9608.435715	 Valid Acc: 0.7159187129551228 	Best Valid Acc: 0.715919
Epoch: 27 	Training Cost: 9550.453997	 Valid Acc: 0.7166243296641265 	Best Valid Acc: 0.716624
Epoch: 28 	Training Cost: 9488.292737	 Valid Acc: 0.7164832063223258 	Best Valid Acc: 0.716624
Epoch: 29 	Training Cost: 9425.523479	 Valid Acc: 0.7166243296641265 	Best Valid Acc: 0.716624
Epoch: 30 	Training Cost: 9363.544356	 Valid Acc: 0.7166243296641265 	Best Valid Acc: 0.716624
Epoch: 31 	Training Cost: 9304.314866	 Valid Acc: 0.7139429861699125 	Best Valid Acc: 0.716624
Epoch: 32 	Training Cost: 9248.663121	 Valid Acc: 0.7128139994355066 	Best Valid Acc: 0.716624
Epoch: 33 	Training Cost: 9195.906919	 Valid Acc: 0.7139429861699125 	Best Valid Acc: 0.716624
Epoch: 34 	Training Cost: 9145.869177	 Valid Acc: 0.7138018628281118 	Best Valid Acc: 0.716624
Epoch: 35 	Training Cost: 9099.280558	 Valid Acc: 0.7119672593847022 	Best Valid Acc: 0.716624
Epoch: 36 	Training Cost: 9054.580098	 Valid Acc: 0.7109793959920971 	Best Valid Acc: 0.716624
Epoch: 37 	Training Cost: 9010.971596	 Valid Acc: 0.7111205193338979 	Best Valid Acc: 0.716624
Epoch: 38 	Training Cost: 8969.626049	 Valid Acc: 0.7101326559412927 	Best Valid Acc: 0.716624
Epoch: 39 	Training Cost: 8931.086521	 Valid Acc: 0.7106971493084956 	Best Valid Acc: 0.716624
Epoch: 40 	Training Cost: 8888.130289	 Valid Acc: 0.709427039232289 	Best Valid Acc: 0.716624
Epoch: 41 	Training Cost: 8847.371708	 Valid Acc: 0.7088625458650861 	Best Valid Acc: 0.716624
Epoch: 42 	Training Cost: 8805.586465	 Valid Acc: 0.707874682472481 	Best Valid Acc: 0.716624
Epoch: 43 	Training Cost: 8765.487590	 Valid Acc: 0.7063223257126728 	Best Valid Acc: 0.716624
Epoch: 44 	Training Cost: 8719.852381	 Valid Acc: 0.7063223257126728 	Best Valid Acc: 0.716624
Epoch: 45 	Training Cost: 8675.556949	 Valid Acc: 0.7058989556872707 	Best Valid Acc: 0.716624
Epoch: 46 	Training Cost: 8628.597726	 Valid Acc: 0.70575783234547 	Best Valid Acc: 0.716624
Epoch: 47 	Training Cost: 8581.252228	 Valid Acc: 0.7032176121930568 	Best Valid Acc: 0.716624
Epoch: 48 	Training Cost: 8531.583717	 Valid Acc: 0.7066045723962744 	Best Valid Acc: 0.716624
Epoch: 49 	Training Cost: 8482.939612	 Valid Acc: 0.7043465989274627 	Best Valid Acc: 0.716624
Epoch: 50 	Training Cost: 8434.745731	 Valid Acc: 0.7027942421676545 	Best Valid Acc: 0.716624
Epoch: 51 	Training Cost: 8387.649827	 Valid Acc: 0.7022297488004516 	Best Valid Acc: 0.716624
Epoch: 52 	Training Cost: 8339.654054	 Valid Acc: 0.7015241320914479 	Best Valid Acc: 0.716624
Epoch: 53 	Training Cost: 8293.199561	 Valid Acc: 0.6995484053062376 	Best Valid Acc: 0.716624
Epoch: 54 	Training Cost: 8246.036507	 Valid Acc: 0.7012418854078465 	Best Valid Acc: 0.716624
Epoch: 55 	Training Cost: 8199.003460	 Valid Acc: 0.698842788597234 	Best Valid Acc: 0.716624
Epoch: 56 	Training Cost: 8151.202133	 Valid Acc: 0.7001128986734406 	Best Valid Acc: 0.716624
Epoch: 57 	Training Cost: 8105.300864	 Valid Acc: 0.7002540220152413 	Best Valid Acc: 0.716624
Epoch: 58 	Training Cost: 8057.184564	 Valid Acc: 0.6994072819644369 	Best Valid Acc: 0.716624
Epoch: 59 	Training Cost: 8008.839711	 Valid Acc: 0.6995484053062376 	Best Valid Acc: 0.716624
Epoch: 60 	Training Cost: 7960.969250	 Valid Acc: 0.6991250352808355 	Best Valid Acc: 0.716624
Epoch: 61 	Training Cost: 7912.043746	 Valid Acc: 0.698842788597234 	Best Valid Acc: 0.716624
Epoch: 62 	Training Cost: 7864.460510	 Valid Acc: 0.6975726785210273 	Best Valid Acc: 0.716624
Epoch: 63 	Training Cost: 7814.162333	 Valid Acc: 0.6987016652554332 	Best Valid Acc: 0.716624
Epoch: 64 	Training Cost: 7766.909189	 Valid Acc: 0.69616144510302 	Best Valid Acc: 0.716624
Epoch: 65 	Training Cost: 7717.995423	 Valid Acc: 0.6955969517358171 	Best Valid Acc: 0.716624
Epoch: 66 	Training Cost: 7669.240860	 Valid Acc: 0.6950324583686142 	Best Valid Acc: 0.716624
Epoch: 67 	Training Cost: 7621.280831	 Valid Acc: 0.6944679650014113 	Best Valid Acc: 0.716624
Epoch: 68 	Training Cost: 7572.699847	 Valid Acc: 0.6937623482924076 	Best Valid Acc: 0.716624
Epoch: 69 	Training Cost: 7523.386579	 Valid Acc: 0.6912221281399944 	Best Valid Acc: 0.716624
Epoch: 70 	Training Cost: 7473.061702	 Valid Acc: 0.6920688681907987 	Best Valid Acc: 0.716624
Epoch: 71 	Training Cost: 7422.879683	 Valid Acc: 0.6902342647473892 	Best Valid Acc: 0.716624
Epoch: 72 	Training Cost: 7372.404971	 Valid Acc: 0.6888230313293818 	Best Valid Acc: 0.716624
Epoch: 73 	Training Cost: 7323.550807	 Valid Acc: 0.6900931414055885 	Best Valid Acc: 0.716624
Epoch: 74 	Training Cost: 7272.967345	 Valid Acc: 0.6864239345187694 	Best Valid Acc: 0.716624
Epoch: 75 	Training Cost: 7224.534609	 Valid Acc: 0.6878351679367768 	Best Valid Acc: 0.716624
Epoch: 76 	Training Cost: 7175.095112	 Valid Acc: 0.6862828111769687 	Best Valid Acc: 0.716624
Epoch: 77 	Training Cost: 7127.412903	 Valid Acc: 0.6855771944679651 	Best Valid Acc: 0.716624
Epoch: 78 	Training Cost: 7080.279573	 Valid Acc: 0.6848715777589613 	Best Valid Acc: 0.716624
Epoch: 79 	Training Cost: 7032.936748	 Valid Acc: 0.6836014676827548 	Best Valid Acc: 0.716624
Epoch: 80 	Training Cost: 6987.811781	 Valid Acc: 0.6830369743155518 	Best Valid Acc: 0.716624
Epoch: 81 	Training Cost: 6939.502065	 Valid Acc: 0.6814846175557437 	Best Valid Acc: 0.716624
Epoch: 82 	Training Cost: 6893.202074	 Valid Acc: 0.6788032740615297 	Best Valid Acc: 0.716624
Epoch: 83 	Training Cost: 6845.688031	 Valid Acc: 0.6797911374541349 	Best Valid Acc: 0.716624
Epoch: 84 	Training Cost: 6800.263695	 Valid Acc: 0.6782387806943269 	Best Valid Acc: 0.716624
Epoch: 85 	Training Cost: 6753.518194	 Valid Acc: 0.6785210273779283 	Best Valid Acc: 0.716624
Epoch: 86 	Training Cost: 6708.856568	 Valid Acc: 0.6755574372001129 	Best Valid Acc: 0.716624
Epoch: 87 	Training Cost: 6661.458407	 Valid Acc: 0.6793677674287327 	Best Valid Acc: 0.716624
Epoch: 88 	Training Cost: 6616.139435	 Valid Acc: 0.6775331639853232 	Best Valid Acc: 0.716624
Epoch: 89 	Training Cost: 6571.174956	 Valid Acc: 0.6778154106689246 	Best Valid Acc: 0.716624
Epoch: 90 	Training Cost: 6522.442125	 Valid Acc: 0.6756985605419137 	Best Valid Acc: 0.716624
Epoch: 91 	Training Cost: 6479.783024	 Valid Acc: 0.6779565340107254 	Best Valid Acc: 0.716624
Epoch: 92 	Training Cost: 6433.645359	 Valid Acc: 0.6756985605419137 	Best Valid Acc: 0.716624
Epoch: 93 	Training Cost: 6392.286356	 Valid Acc: 0.6761219305673158 	Best Valid Acc: 0.716624
Epoch: 94 	Training Cost: 6349.302956	 Valid Acc: 0.6755574372001129 	Best Valid Acc: 0.716624
Epoch: 95 	Training Cost: 6306.667974	 Valid Acc: 0.6769686706181203 	Best Valid Acc: 0.716624
Epoch: 96 	Training Cost: 6264.041441	 Valid Acc: 0.6779565340107254 	Best Valid Acc: 0.716624
Epoch: 97 	Training Cost: 6225.540757	 Valid Acc: 0.6772509173017217 	Best Valid Acc: 0.716624
Epoch: 98 	Training Cost: 6183.629503	 Valid Acc: 0.6785210273779283 	Best Valid Acc: 0.716624
Epoch: 99 	Training Cost: 6144.043872	 Valid Acc: 0.6782387806943269 	Best Valid Acc: 0.716624
Epoch: 100 	Training Cost: 6105.097731	 Valid Acc: 0.6762630539091166 	Best Valid Acc: 0.716624
Epoch: 101 	Training Cost: 6065.746270	 Valid Acc: 0.677109793959921 	Best Valid Acc: 0.716624
Epoch: 102 	Training Cost: 6025.560911	 Valid Acc: 0.6752751905165114 	Best Valid Acc: 0.716624
Epoch: 103 	Training Cost: 5987.756985	 Valid Acc: 0.6754163138583121 	Best Valid Acc: 0.716624
Epoch: 104 	Training Cost: 5949.078844	 Valid Acc: 0.674428450465707 	Best Valid Acc: 0.716624
Epoch: 105 	Training Cost: 5911.615563	 Valid Acc: 0.6738639570985041 	Best Valid Acc: 0.716624
Epoch: 106 	Training Cost: 5874.532813	 Valid Acc: 0.6716059836296924 	Best Valid Acc: 0.716624
Epoch: 107 	Training Cost: 5838.446277	 Valid Acc: 0.6730172170476997 	Best Valid Acc: 0.716624
Epoch: 108 	Training Cost: 5801.182980	 Valid Acc: 0.6720293536550945 	Best Valid Acc: 0.716624
Epoch: 109 	Training Cost: 5765.547398	 Valid Acc: 0.6717471069714931 	Best Valid Acc: 0.716624
Epoch: 110 	Training Cost: 5730.913739	 Valid Acc: 0.6714648602878917 	Best Valid Acc: 0.716624
Epoch: 111 	Training Cost: 5696.350372	 Valid Acc: 0.6703358735534858 	Best Valid Acc: 0.716624
Epoch: 112 	Training Cost: 5656.884877	 Valid Acc: 0.6700536268698842 	Best Valid Acc: 0.716624
Epoch: 113 	Training Cost: 5629.146471	 Valid Acc: 0.6701947502116851 	Best Valid Acc: 0.716624
Epoch: 114 	Training Cost: 5591.557806	 Valid Acc: 0.6700536268698842 	Best Valid Acc: 0.716624
Epoch: 115 	Training Cost: 5559.855784	 Valid Acc: 0.6704769968952865 	Best Valid Acc: 0.716624
Epoch: 116 	Training Cost: 5521.983591	 Valid Acc: 0.6699125035280835 	Best Valid Acc: 0.716624
Epoch: 117 	Training Cost: 5490.580921	 Valid Acc: 0.6687835167936776 	Best Valid Acc: 0.716624
Epoch: 118 	Training Cost: 5455.963066	 Valid Acc: 0.6687835167936776 	Best Valid Acc: 0.716624
Epoch: 119 	Training Cost: 5422.728152	 Valid Acc: 0.6672311600338696 	Best Valid Acc: 0.716624
Epoch: 120 	Training Cost: 5388.282099	 Valid Acc: 0.6689246401354784 	Best Valid Acc: 0.716624
Epoch: 121 	Training Cost: 5357.610673	 Valid Acc: 0.6672311600338696 	Best Valid Acc: 0.716624
Epoch: 122 	Training Cost: 5324.474867	 Valid Acc: 0.6655376799322608 	Best Valid Acc: 0.716624
Epoch: 123 	Training Cost: 5292.120671	 Valid Acc: 0.6658199266158623 	Best Valid Acc: 0.716624
Epoch: 124 	Training Cost: 5258.838727	 Valid Acc: 0.6651143099068586 	Best Valid Acc: 0.716624
Epoch: 125 	Training Cost: 5229.325420	 Valid Acc: 0.665961049957663 	Best Valid Acc: 0.716624
Epoch: 126 	Training Cost: 5196.677429	 Valid Acc: 0.6677956534010725 	Best Valid Acc: 0.716624
Epoch: 127 	Training Cost: 5167.854152	 Valid Acc: 0.6661021732994638 	Best Valid Acc: 0.716624
Epoch: 128 	Training Cost: 5136.962762	 Valid Acc: 0.6665255433248659 	Best Valid Acc: 0.716624
Epoch: 129 	Training Cost: 5109.441830	 Valid Acc: 0.6666666666666666 	Best Valid Acc: 0.716624
Epoch: 130 	Training Cost: 5081.373938	 Valid Acc: 0.6666666666666666 	Best Valid Acc: 0.716624
Epoch: 131 	Training Cost: 5050.342498	 Valid Acc: 0.6651143099068586 	Best Valid Acc: 0.716624
Epoch: 132 	Training Cost: 5019.541373	 Valid Acc: 0.6672311600338696 	Best Valid Acc: 0.716624
Epoch: 133 	Training Cost: 4994.436162	 Valid Acc: 0.6645498165396556 	Best Valid Acc: 0.716624
Epoch: 134 	Training Cost: 4966.583430	 Valid Acc: 0.6651143099068586 	Best Valid Acc: 0.716624
Epoch: 135 	Training Cost: 4938.359174	 Valid Acc: 0.6648320632232572 	Best Valid Acc: 0.716624
Epoch: 136 	Training Cost: 4905.448406	 Valid Acc: 0.6661021732994638 	Best Valid Acc: 0.716624
Epoch: 137 	Training Cost: 4883.019205	 Valid Acc: 0.6648320632232572 	Best Valid Acc: 0.716624
Epoch: 138 	Training Cost: 4857.831599	 Valid Acc: 0.6651143099068586 	Best Valid Acc: 0.716624
Epoch: 139 	Training Cost: 4836.465619	 Valid Acc: 0.6656788032740615 	Best Valid Acc: 0.716624
Epoch: 140 	Training Cost: 4808.290588	 Valid Acc: 0.6658199266158623 	Best Valid Acc: 0.716624
Epoch: 141 	Training Cost: 4785.823603	 Valid Acc: 0.6673722833756703 	Best Valid Acc: 0.716624
Epoch: 142 	Training Cost: 4755.487787	 Valid Acc: 0.6656788032740615 	Best Valid Acc: 0.716624
Epoch: 143 	Training Cost: 4731.120799	 Valid Acc: 0.6655376799322608 	Best Valid Acc: 0.716624
Epoch: 144 	Training Cost: 4714.210799	 Valid Acc: 0.6655376799322608 	Best Valid Acc: 0.716624
Epoch: 145 	Training Cost: 4683.408446	 Valid Acc: 0.6656788032740615 	Best Valid Acc: 0.716624
Epoch: 146 	Training Cost: 4654.011698	 Valid Acc: 0.6644086931978549 	Best Valid Acc: 0.716624
Epoch: 147 	Training Cost: 4636.424389	 Valid Acc: 0.6644086931978549 	Best Valid Acc: 0.716624
Epoch: 148 	Training Cost: 4615.397852	 Valid Acc: 0.6655376799322608 	Best Valid Acc: 0.716624
Epoch: 149 	Training Cost: 4589.211643	 Valid Acc: 0.6635619531470506 	Best Valid Acc: 0.716624
Epoch: 150 	Training Cost: 4569.964077	 Valid Acc: 0.6658199266158623 	Best Valid Acc: 0.716624
Epoch: 151 	Training Cost: 4549.295429	 Valid Acc: 0.663844199830652 	Best Valid Acc: 0.716624
Epoch: 152 	Training Cost: 4523.455934	 Valid Acc: 0.6648320632232572 	Best Valid Acc: 0.716624
Epoch: 153 	Training Cost: 4499.880493	 Valid Acc: 0.6645498165396556 	Best Valid Acc: 0.716624
Epoch: 154 	Training Cost: 4482.056191	 Valid Acc: 0.6629974597798476 	Best Valid Acc: 0.716624
Epoch: 155 	Training Cost: 4455.086615	 Valid Acc: 0.6634208298052497 	Best Valid Acc: 0.716624
Epoch: 156 	Training Cost: 4439.445795	 Valid Acc: 0.6649731865650579 	Best Valid Acc: 0.716624
Epoch: 157 	Training Cost: 4415.060774	 Valid Acc: 0.6651143099068586 	Best Valid Acc: 0.716624
Epoch: 158 	Training Cost: 4388.643704	 Valid Acc: 0.6661021732994638 	Best Valid Acc: 0.716624
Epoch: 159 	Training Cost: 4380.065769	 Valid Acc: 0.66539655659046 	Best Valid Acc: 0.716624
Epoch: 160 	Training Cost: 4353.580611	 Valid Acc: 0.665961049957663 	Best Valid Acc: 0.716624
Epoch: 161 	Training Cost: 4327.855022	 Valid Acc: 0.6634208298052497 	Best Valid Acc: 0.716624
Epoch: 162 	Training Cost: 4314.402628	 Valid Acc: 0.6637030764888513 	Best Valid Acc: 0.716624
Epoch: 163 	Training Cost: 4295.454131	 Valid Acc: 0.6641264465142535 	Best Valid Acc: 0.716624
Epoch: 164 	Training Cost: 4261.960920	 Valid Acc: 0.6651143099068586 	Best Valid Acc: 0.716624
Epoch: 165 	Training Cost: 4248.505200	 Valid Acc: 0.6649731865650579 	Best Valid Acc: 0.716624
Epoch: 166 	Training Cost: 4232.404189	 Valid Acc: 0.6652554332486593 	Best Valid Acc: 0.716624
Epoch: 167 	Training Cost: 4215.874993	 Valid Acc: 0.65961049957663 	Best Valid Acc: 0.716624
Epoch: 168 	Training Cost: 4188.775983	 Valid Acc: 0.6651143099068586 	Best Valid Acc: 0.716624
Epoch: 169 	Training Cost: 4173.395463	 Valid Acc: 0.6605983629692351 	Best Valid Acc: 0.716624
Epoch: 170 	Training Cost: 4154.453996	 Valid Acc: 0.6634208298052497 	Best Valid Acc: 0.716624
Epoch: 171 	Training Cost: 4129.744370	 Valid Acc: 0.6605983629692351 	Best Valid Acc: 0.716624
Epoch: 172 	Training Cost: 4115.172047	 Valid Acc: 0.6625740897544454 	Best Valid Acc: 0.716624
Epoch: 173 	Training Cost: 4099.409507	 Valid Acc: 0.6597516229184307 	Best Valid Acc: 0.716624
Epoch: 174 	Training Cost: 4083.294193	 Valid Acc: 0.6581992661586227 	Best Valid Acc: 0.716624
Epoch: 175 	Training Cost: 4059.957255	 Valid Acc: 0.6608806096528366 	Best Valid Acc: 0.716624
Epoch: 176 	Training Cost: 4041.683770	 Valid Acc: 0.6594693762348293 	Best Valid Acc: 0.716624
Epoch: 177 	Training Cost: 4029.573745	 Valid Acc: 0.6637030764888513 	Best Valid Acc: 0.716624
Epoch: 178 	Training Cost: 4008.328184	 Valid Acc: 0.657493649449619 	Best Valid Acc: 0.716624
Epoch: 179 	Training Cost: 3987.932821	 Valid Acc: 0.6605983629692351 	Best Valid Acc: 0.716624
Epoch: 180 	Training Cost: 3982.439882	 Valid Acc: 0.6587637595258256 	Best Valid Acc: 0.716624
Epoch: 181 	Training Cost: 3957.937356	 Valid Acc: 0.65961049957663 	Best Valid Acc: 0.716624
Epoch: 182 	Training Cost: 3937.693521	 Valid Acc: 0.6583403895004234 	Best Valid Acc: 0.716624
Epoch: 183 	Training Cost: 3927.096292	 Valid Acc: 0.658058142816822 	Best Valid Acc: 0.716624
Epoch: 184 	Training Cost: 3905.389336	 Valid Acc: 0.6591871295512278 	Best Valid Acc: 0.716624
Epoch: 185 	Training Cost: 3897.648810	 Valid Acc: 0.6576347727914197 	Best Valid Acc: 0.716624
Epoch: 186 	Training Cost: 3874.319144	 Valid Acc: 0.6581992661586227 	Best Valid Acc: 0.716624
Epoch: 187 	Training Cost: 3853.464291	 Valid Acc: 0.6567880327406153 	Best Valid Acc: 0.716624
Epoch: 188 	Training Cost: 3841.940945	 Valid Acc: 0.6584815128422241 	Best Valid Acc: 0.716624
Epoch: 189 	Training Cost: 3830.730043	 Valid Acc: 0.6559412926898109 	Best Valid Acc: 0.716624
Epoch: 190 	Training Cost: 3811.802501	 Valid Acc: 0.6584815128422241 	Best Valid Acc: 0.716624
Epoch: 191 	Training Cost: 3793.594553	 Valid Acc: 0.655376799322608 	Best Valid Acc: 0.716624
Epoch: 192 	Training Cost: 3785.327294	 Valid Acc: 0.6573525261078182 	Best Valid Acc: 0.716624
Epoch: 193 	Training Cost: 3768.984061	 Valid Acc: 0.6545300592718035 	Best Valid Acc: 0.716624
Epoch: 194 	Training Cost: 3746.135913	 Valid Acc: 0.6556590460062094 	Best Valid Acc: 0.716624
Epoch: 195 	Training Cost: 3741.100262	 Valid Acc: 0.6550945526390065 	Best Valid Acc: 0.716624
Epoch: 196 	Training Cost: 3724.995266	 Valid Acc: 0.6549534292972058 	Best Valid Acc: 0.716624
Epoch: 197 	Training Cost: 3703.987285	 Valid Acc: 0.6566469093988145 	Best Valid Acc: 0.716624
Epoch: 198 	Training Cost: 3691.884867	 Valid Acc: 0.6534010725373977 	Best Valid Acc: 0.716624
Epoch: 199 	Training Cost: 3689.023411	 Valid Acc: 0.6543889359300028 	Best Valid Acc: 0.716624
Epoch: 200 	Training Cost: 3672.741036	 Valid Acc: 0.6543889359300028 	Best Valid Acc: 0.716624
lr=3e-05, lamb=0.0001, num_epoch=200, test_acc=0.6517075924357889
----------------------------------------------------------
----------------------------------------------------------
lr=3e-05, lamb=0.001, num_epoch=200
Epoch: 1 	Training Cost: 13311.670909	 Valid Acc: 0.66539655659046 	Best Valid Acc: 0.665397
Epoch: 2 	Training Cost: 11888.463910	 Valid Acc: 0.6821902342647473 	Best Valid Acc: 0.682190
Epoch: 3 	Training Cost: 11651.370955	 Valid Acc: 0.6844482077335591 	Best Valid Acc: 0.684448
Epoch: 4 	Training Cost: 11554.190015	 Valid Acc: 0.6844482077335591 	Best Valid Acc: 0.684448
Epoch: 5 	Training Cost: 11466.099086	 Valid Acc: 0.6848715777589613 	Best Valid Acc: 0.684872
Epoch: 6 	Training Cost: 11330.254245	 Valid Acc: 0.6868473045441716 	Best Valid Acc: 0.686847
Epoch: 7 	Training Cost: 11113.417534	 Valid Acc: 0.6984194185718318 	Best Valid Acc: 0.698419
Epoch: 8 	Training Cost: 10877.356162	 Valid Acc: 0.7036409822184589 	Best Valid Acc: 0.703641
Epoch: 9 	Training Cost: 10684.709477	 Valid Acc: 0.7091447925486876 	Best Valid Acc: 0.709145
Epoch: 10 	Training Cost: 10546.363501	 Valid Acc: 0.7092859158904883 	Best Valid Acc: 0.709286
Epoch: 11 	Training Cost: 10446.208042	 Valid Acc: 0.7095681625740897 	Best Valid Acc: 0.709568
Epoch: 12 	Training Cost: 10372.768984	 Valid Acc: 0.712108382726503 	Best Valid Acc: 0.712108
Epoch: 13 	Training Cost: 10317.277408	 Valid Acc: 0.7102737792830934 	Best Valid Acc: 0.712108
Epoch: 14 	Training Cost: 10274.296638	 Valid Acc: 0.7101326559412927 	Best Valid Acc: 0.712108
Epoch: 15 	Training Cost: 10239.840258	 Valid Acc: 0.7109793959920971 	Best Valid Acc: 0.712108
Epoch: 16 	Training Cost: 10210.820561	 Valid Acc: 0.7119672593847022 	Best Valid Acc: 0.712108
Epoch: 17 	Training Cost: 10185.922676	 Valid Acc: 0.7118261360429015 	Best Valid Acc: 0.712108
Epoch: 18 	Training Cost: 10163.872423	 Valid Acc: 0.712108382726503 	Best Valid Acc: 0.712108
Epoch: 19 	Training Cost: 10143.991206	 Valid Acc: 0.7119672593847022 	Best Valid Acc: 0.712108
Epoch: 20 	Training Cost: 10125.356711	 Valid Acc: 0.7126728760937059 	Best Valid Acc: 0.712673
Epoch: 21 	Training Cost: 10107.478454	 Valid Acc: 0.7125317527519052 	Best Valid Acc: 0.712673
Epoch: 22 	Training Cost: 10091.595207	 Valid Acc: 0.7128139994355066 	Best Valid Acc: 0.712814
Epoch: 23 	Training Cost: 10073.955885	 Valid Acc: 0.714225232853514 	Best Valid Acc: 0.714225
Epoch: 24 	Training Cost: 10058.623728	 Valid Acc: 0.7132373694609089 	Best Valid Acc: 0.714225
Epoch: 25 	Training Cost: 10042.847180	 Valid Acc: 0.7140841095117132 	Best Valid Acc: 0.714225
Epoch: 26 	Training Cost: 10027.251058	 Valid Acc: 0.714225232853514 	Best Valid Acc: 0.714225
Epoch: 27 	Training Cost: 10012.002418	 Valid Acc: 0.713660739486311 	Best Valid Acc: 0.714225
Epoch: 28 	Training Cost: 9996.856215	 Valid Acc: 0.7135196161445103 	Best Valid Acc: 0.714225
Epoch: 29 	Training Cost: 9981.933751	 Valid Acc: 0.714225232853514 	Best Valid Acc: 0.714225
Epoch: 30 	Training Cost: 9966.553434	 Valid Acc: 0.7139429861699125 	Best Valid Acc: 0.714225
Epoch: 31 	Training Cost: 9951.065728	 Valid Acc: 0.7133784928027096 	Best Valid Acc: 0.714225
Epoch: 32 	Training Cost: 9935.290497	 Valid Acc: 0.7138018628281118 	Best Valid Acc: 0.714225
Epoch: 33 	Training Cost: 9918.507869	 Valid Acc: 0.714225232853514 	Best Valid Acc: 0.714225
Epoch: 34 	Training Cost: 9901.471458	 Valid Acc: 0.7138018628281118 	Best Valid Acc: 0.714225
Epoch: 35 	Training Cost: 9883.075922	 Valid Acc: 0.7132373694609089 	Best Valid Acc: 0.714225
Epoch: 36 	Training Cost: 9864.368098	 Valid Acc: 0.7132373694609089 	Best Valid Acc: 0.714225
Epoch: 37 	Training Cost: 9844.805591	 Valid Acc: 0.7135196161445103 	Best Valid Acc: 0.714225
Epoch: 38 	Training Cost: 9823.469358	 Valid Acc: 0.7138018628281118 	Best Valid Acc: 0.714225
Epoch: 39 	Training Cost: 9801.405406	 Valid Acc: 0.7133784928027096 	Best Valid Acc: 0.714225
Epoch: 40 	Training Cost: 9779.938497	 Valid Acc: 0.7122495060683037 	Best Valid Acc: 0.714225
Epoch: 41 	Training Cost: 9756.359970	 Valid Acc: 0.7104149026248942 	Best Valid Acc: 0.714225
Epoch: 42 	Training Cost: 9731.853710	 Valid Acc: 0.7105560259666949 	Best Valid Acc: 0.714225
Epoch: 43 	Training Cost: 9708.872002	 Valid Acc: 0.7104149026248942 	Best Valid Acc: 0.714225
Epoch: 44 	Training Cost: 9685.497731	 Valid Acc: 0.7098504092576913 	Best Valid Acc: 0.714225
Epoch: 45 	Training Cost: 9662.834310	 Valid Acc: 0.707874682472481 	Best Valid Acc: 0.714225
Epoch: 46 	Training Cost: 9642.061702	 Valid Acc: 0.7080158058142817 	Best Valid Acc: 0.714225
Epoch: 47 	Training Cost: 9623.701484	 Valid Acc: 0.7070279424216765 	Best Valid Acc: 0.714225
Epoch: 48 	Training Cost: 9605.518938	 Valid Acc: 0.7060400790290714 	Best Valid Acc: 0.714225
Epoch: 49 	Training Cost: 9587.439948	 Valid Acc: 0.7061812023708721 	Best Valid Acc: 0.714225
Epoch: 50 	Training Cost: 9570.561964	 Valid Acc: 0.7063223257126728 	Best Valid Acc: 0.714225
Epoch: 51 	Training Cost: 9554.827018	 Valid Acc: 0.7058989556872707 	Best Valid Acc: 0.714225
Epoch: 52 	Training Cost: 9538.286034	 Valid Acc: 0.7067456957380751 	Best Valid Acc: 0.714225
Epoch: 53 	Training Cost: 9521.481001	 Valid Acc: 0.7054755856618685 	Best Valid Acc: 0.714225
Epoch: 54 	Training Cost: 9507.301573	 Valid Acc: 0.7046288456110641 	Best Valid Acc: 0.714225
Epoch: 55 	Training Cost: 9490.647431	 Valid Acc: 0.7025119954840531 	Best Valid Acc: 0.714225
Epoch: 56 	Training Cost: 9475.457350	 Valid Acc: 0.7025119954840531 	Best Valid Acc: 0.714225
Epoch: 57 	Training Cost: 9463.299852	 Valid Acc: 0.7025119954840531 	Best Valid Acc: 0.714225
Epoch: 58 	Training Cost: 9446.432334	 Valid Acc: 0.7015241320914479 	Best Valid Acc: 0.714225
Epoch: 59 	Training Cost: 9431.598766	 Valid Acc: 0.7020886254586508 	Best Valid Acc: 0.714225
Epoch: 60 	Training Cost: 9415.116090	 Valid Acc: 0.7023708721422524 	Best Valid Acc: 0.714225
Epoch: 61 	Training Cost: 9404.329577	 Valid Acc: 0.7009596387242449 	Best Valid Acc: 0.714225
Epoch: 62 	Training Cost: 9389.390587	 Valid Acc: 0.7013830087496472 	Best Valid Acc: 0.714225
Epoch: 63 	Training Cost: 9375.641076	 Valid Acc: 0.7022297488004516 	Best Valid Acc: 0.714225
Epoch: 64 	Training Cost: 9360.886256	 Valid Acc: 0.7013830087496472 	Best Valid Acc: 0.714225
Epoch: 65 	Training Cost: 9346.069941	 Valid Acc: 0.7008185153824442 	Best Valid Acc: 0.714225
Epoch: 66 	Training Cost: 9329.689276	 Valid Acc: 0.6999717753316399 	Best Valid Acc: 0.714225
Epoch: 67 	Training Cost: 9321.162701	 Valid Acc: 0.7013830087496472 	Best Valid Acc: 0.714225
Epoch: 68 	Training Cost: 9309.871395	 Valid Acc: 0.7012418854078465 	Best Valid Acc: 0.714225
Epoch: 69 	Training Cost: 9288.782800	 Valid Acc: 0.7011007620660458 	Best Valid Acc: 0.714225
Epoch: 70 	Training Cost: 9287.504666	 Valid Acc: 0.7001128986734406 	Best Valid Acc: 0.714225
Epoch: 71 	Training Cost: 9276.558474	 Valid Acc: 0.7008185153824442 	Best Valid Acc: 0.714225
Epoch: 72 	Training Cost: 9257.730874	 Valid Acc: 0.6987016652554332 	Best Valid Acc: 0.714225
Epoch: 73 	Training Cost: 9259.007302	 Valid Acc: 0.7015241320914479 	Best Valid Acc: 0.714225
Epoch: 74 	Training Cost: 9238.292102	 Valid Acc: 0.7016652554332486 	Best Valid Acc: 0.714225
Epoch: 75 	Training Cost: 9221.544448	 Valid Acc: 0.7002540220152413 	Best Valid Acc: 0.714225
Epoch: 76 	Training Cost: 9228.194342	 Valid Acc: 0.6999717753316399 	Best Valid Acc: 0.714225
Epoch: 77 	Training Cost: 9243.237808	 Valid Acc: 0.6991250352808355 	Best Valid Acc: 0.714225
Epoch: 78 	Training Cost: 9203.607437	 Valid Acc: 0.6998306519898391 	Best Valid Acc: 0.714225
Epoch: 79 	Training Cost: 9182.265103	 Valid Acc: 0.6998306519898391 	Best Valid Acc: 0.714225
Epoch: 80 	Training Cost: 9182.140670	 Valid Acc: 0.6964436917866215 	Best Valid Acc: 0.714225
Epoch: 81 	Training Cost: 9177.933533	 Valid Acc: 0.7008185153824442 	Best Valid Acc: 0.714225
Epoch: 82 	Training Cost: 9157.672903	 Valid Acc: 0.6991250352808355 	Best Valid Acc: 0.714225
Epoch: 83 	Training Cost: 9138.759048	 Valid Acc: 0.6999717753316399 	Best Valid Acc: 0.714225
Epoch: 84 	Training Cost: 9148.844182	 Valid Acc: 0.6974315551792266 	Best Valid Acc: 0.714225
Epoch: 85 	Training Cost: 9137.348392	 Valid Acc: 0.6996895286480384 	Best Valid Acc: 0.714225
Epoch: 86 	Training Cost: 9129.558667	 Valid Acc: 0.6948913350268134 	Best Valid Acc: 0.714225
Epoch: 87 	Training Cost: 9117.977001	 Valid Acc: 0.7016652554332486 	Best Valid Acc: 0.714225
Epoch: 88 	Training Cost: 9109.430302	 Valid Acc: 0.6958791984194186 	Best Valid Acc: 0.714225
Epoch: 89 	Training Cost: 9092.872382	 Valid Acc: 0.7009596387242449 	Best Valid Acc: 0.714225
Epoch: 90 	Training Cost: 9090.582165	 Valid Acc: 0.6963025684448207 	Best Valid Acc: 0.714225
Epoch: 91 	Training Cost: 9090.479015	 Valid Acc: 0.6957380750776179 	Best Valid Acc: 0.714225
Epoch: 92 	Training Cost: 9085.170116	 Valid Acc: 0.6965848151284222 	Best Valid Acc: 0.714225
Epoch: 93 	Training Cost: 9084.121783	 Valid Acc: 0.6960203217612193 	Best Valid Acc: 0.714225
Epoch: 94 	Training Cost: 9064.983180	 Valid Acc: 0.6979960485464296 	Best Valid Acc: 0.714225
Epoch: 95 	Training Cost: 9062.827706	 Valid Acc: 0.7002540220152413 	Best Valid Acc: 0.714225
Epoch: 96 	Training Cost: 9053.207408	 Valid Acc: 0.6953147050522156 	Best Valid Acc: 0.714225
Epoch: 97 	Training Cost: 9045.006312	 Valid Acc: 0.6971493084956252 	Best Valid Acc: 0.714225
Epoch: 98 	Training Cost: 9051.154092	 Valid Acc: 0.6926333615580017 	Best Valid Acc: 0.714225
Epoch: 99 	Training Cost: 9026.805697	 Valid Acc: 0.6953147050522156 	Best Valid Acc: 0.714225
Epoch: 100 	Training Cost: 9031.453615	 Valid Acc: 0.6954558283940163 	Best Valid Acc: 0.714225
Epoch: 101 	Training Cost: 9018.691794	 Valid Acc: 0.6941857183178097 	Best Valid Acc: 0.714225
Epoch: 102 	Training Cost: 9022.561995	 Valid Acc: 0.6933389782670054 	Best Valid Acc: 0.714225
Epoch: 103 	Training Cost: 9012.201706	 Valid Acc: 0.6941857183178097 	Best Valid Acc: 0.714225
Epoch: 104 	Training Cost: 9000.751398	 Valid Acc: 0.6964436917866215 	Best Valid Acc: 0.714225
Epoch: 105 	Training Cost: 8984.022559	 Valid Acc: 0.6931978549252046 	Best Valid Acc: 0.714225
Epoch: 106 	Training Cost: 8978.110403	 Valid Acc: 0.6957380750776179 	Best Valid Acc: 0.714225
Epoch: 107 	Training Cost: 8968.690514	 Valid Acc: 0.6943268416596104 	Best Valid Acc: 0.714225
Epoch: 108 	Training Cost: 8966.434292	 Valid Acc: 0.6929156082416031 	Best Valid Acc: 0.714225
Epoch: 109 	Training Cost: 8965.177823	 Valid Acc: 0.6926333615580017 	Best Valid Acc: 0.714225
Epoch: 110 	Training Cost: 8956.775402	 Valid Acc: 0.6922099915325995 	Best Valid Acc: 0.714225
Epoch: 111 	Training Cost: 8952.593437	 Valid Acc: 0.6936212249506069 	Best Valid Acc: 0.714225
Epoch: 112 	Training Cost: 8954.739711	 Valid Acc: 0.6902342647473892 	Best Valid Acc: 0.714225
Epoch: 113 	Training Cost: 8942.345992	 Valid Acc: 0.6955969517358171 	Best Valid Acc: 0.714225
Epoch: 114 	Training Cost: 8945.182357	 Valid Acc: 0.6929156082416031 	Best Valid Acc: 0.714225
Epoch: 115 	Training Cost: 8937.250673	 Valid Acc: 0.6943268416596104 	Best Valid Acc: 0.714225
Epoch: 116 	Training Cost: 8926.960820	 Valid Acc: 0.6916454981653966 	Best Valid Acc: 0.714225
Epoch: 117 	Training Cost: 8926.285695	 Valid Acc: 0.6907987581145921 	Best Valid Acc: 0.714225
Epoch: 118 	Training Cost: 8924.174717	 Valid Acc: 0.6933389782670054 	Best Valid Acc: 0.714225
Epoch: 119 	Training Cost: 8921.285037	 Valid Acc: 0.6913632514817951 	Best Valid Acc: 0.714225
Epoch: 120 	Training Cost: 8920.308702	 Valid Acc: 0.6929156082416031 	Best Valid Acc: 0.714225
Epoch: 121 	Training Cost: 8919.826269	 Valid Acc: 0.6888230313293818 	Best Valid Acc: 0.714225
Epoch: 122 	Training Cost: 8909.279668	 Valid Acc: 0.6927744848998024 	Best Valid Acc: 0.714225
Epoch: 123 	Training Cost: 8906.787273	 Valid Acc: 0.6927744848998024 	Best Valid Acc: 0.714225
Epoch: 124 	Training Cost: 8891.408692	 Valid Acc: 0.6958791984194186 	Best Valid Acc: 0.714225
Epoch: 125 	Training Cost: 8905.597617	 Valid Acc: 0.6933389782670054 	Best Valid Acc: 0.714225
Epoch: 126 	Training Cost: 8895.658209	 Valid Acc: 0.692492238216201 	Best Valid Acc: 0.714225
Epoch: 127 	Training Cost: 8891.304420	 Valid Acc: 0.6913632514817951 	Best Valid Acc: 0.714225
Epoch: 128 	Training Cost: 8876.026016	 Valid Acc: 0.6927744848998024 	Best Valid Acc: 0.714225
Epoch: 129 	Training Cost: 8867.245031	 Valid Acc: 0.6899520180637877 	Best Valid Acc: 0.714225
Epoch: 130 	Training Cost: 8863.744874	 Valid Acc: 0.6892464013547841 	Best Valid Acc: 0.714225
Epoch: 131 	Training Cost: 8857.098318	 Valid Acc: 0.689810894721987 	Best Valid Acc: 0.714225
Epoch: 132 	Training Cost: 8861.098971	 Valid Acc: 0.6900931414055885 	Best Valid Acc: 0.714225
Epoch: 133 	Training Cost: 8851.130455	 Valid Acc: 0.6881174146203782 	Best Valid Acc: 0.714225
Epoch: 134 	Training Cost: 8843.360866	 Valid Acc: 0.689810894721987 	Best Valid Acc: 0.714225
Epoch: 135 	Training Cost: 8835.967511	 Valid Acc: 0.6889641546711827 	Best Valid Acc: 0.714225
Epoch: 136 	Training Cost: 8829.679818	 Valid Acc: 0.6881174146203782 	Best Valid Acc: 0.714225
Epoch: 137 	Training Cost: 8825.069863	 Valid Acc: 0.6875529212531752 	Best Valid Acc: 0.714225
Epoch: 138 	Training Cost: 8818.953493	 Valid Acc: 0.6889641546711827 	Best Valid Acc: 0.714225
Epoch: 139 	Training Cost: 8807.918164	 Valid Acc: 0.69037538808919 	Best Valid Acc: 0.714225
Epoch: 140 	Training Cost: 8800.074397	 Valid Acc: 0.6885407846457804 	Best Valid Acc: 0.714225
Epoch: 141 	Training Cost: 8795.258560	 Valid Acc: 0.6875529212531752 	Best Valid Acc: 0.714225
Epoch: 142 	Training Cost: 8788.699579	 Valid Acc: 0.689810894721987 	Best Valid Acc: 0.714225
Epoch: 143 	Training Cost: 8788.388785	 Valid Acc: 0.6867061812023709 	Best Valid Acc: 0.714225
Epoch: 144 	Training Cost: 8792.224425	 Valid Acc: 0.6899520180637877 	Best Valid Acc: 0.714225
Epoch: 145 	Training Cost: 8776.774640	 Valid Acc: 0.6865650578605701 	Best Valid Acc: 0.714225
Epoch: 146 	Training Cost: 8766.460249	 Valid Acc: 0.6891052780129834 	Best Valid Acc: 0.714225
Epoch: 147 	Training Cost: 8753.390971	 Valid Acc: 0.6869884278859724 	Best Valid Acc: 0.714225
Epoch: 148 	Training Cost: 8743.527732	 Valid Acc: 0.6878351679367768 	Best Valid Acc: 0.714225
Epoch: 149 	Training Cost: 8730.166440	 Valid Acc: 0.6872706745695738 	Best Valid Acc: 0.714225
Epoch: 150 	Training Cost: 8726.317230	 Valid Acc: 0.687694044594976 	Best Valid Acc: 0.714225
Epoch: 151 	Training Cost: 8717.649772	 Valid Acc: 0.6881174146203782 	Best Valid Acc: 0.714225
Epoch: 152 	Training Cost: 8709.151532	 Valid Acc: 0.6868473045441716 	Best Valid Acc: 0.714225
Epoch: 153 	Training Cost: 8698.336918	 Valid Acc: 0.6883996613039797 	Best Valid Acc: 0.714225
Epoch: 154 	Training Cost: 8686.214159	 Valid Acc: 0.6875529212531752 	Best Valid Acc: 0.714225
Epoch: 155 	Training Cost: 8671.654476	 Valid Acc: 0.6879762912785775 	Best Valid Acc: 0.714225
Epoch: 156 	Training Cost: 8663.151748	 Valid Acc: 0.6885407846457804 	Best Valid Acc: 0.714225
Epoch: 157 	Training Cost: 8656.526520	 Valid Acc: 0.6892464013547841 	Best Valid Acc: 0.714225
Epoch: 158 	Training Cost: 8638.476184	 Valid Acc: 0.6879762912785775 	Best Valid Acc: 0.714225
Epoch: 159 	Training Cost: 8630.878720	 Valid Acc: 0.6896697713801863 	Best Valid Acc: 0.714225
Epoch: 160 	Training Cost: 8617.725086	 Valid Acc: 0.688258537962179 	Best Valid Acc: 0.714225
Epoch: 161 	Training Cost: 8604.300222	 Valid Acc: 0.69037538808919 	Best Valid Acc: 0.714225
Epoch: 162 	Training Cost: 8590.284060	 Valid Acc: 0.6926333615580017 	Best Valid Acc: 0.714225
Epoch: 163 	Training Cost: 8572.386010	 Valid Acc: 0.6916454981653966 	Best Valid Acc: 0.714225
Epoch: 164 	Training Cost: 8558.722724	 Valid Acc: 0.689810894721987 	Best Valid Acc: 0.714225
Epoch: 165 	Training Cost: 8546.217393	 Valid Acc: 0.6902342647473892 	Best Valid Acc: 0.714225
Epoch: 166 	Training Cost: 8551.211363	 Valid Acc: 0.6895286480383855 	Best Valid Acc: 0.714225
Epoch: 167 	Training Cost: 8530.129393	 Valid Acc: 0.6906576347727914 	Best Valid Acc: 0.714225
Epoch: 168 	Training Cost: 8501.600946	 Valid Acc: 0.6896697713801863 	Best Valid Acc: 0.714225
Epoch: 169 	Training Cost: 8490.374512	 Valid Acc: 0.6871295512277731 	Best Valid Acc: 0.714225
Epoch: 170 	Training Cost: 8476.213387	 Valid Acc: 0.6875529212531752 	Best Valid Acc: 0.714225
Epoch: 171 	Training Cost: 8468.161465	 Valid Acc: 0.689810894721987 	Best Valid Acc: 0.714225
Epoch: 172 	Training Cost: 8454.594583	 Valid Acc: 0.687694044594976 	Best Valid Acc: 0.714225
Epoch: 173 	Training Cost: 8445.339074	 Valid Acc: 0.6895286480383855 	Best Valid Acc: 0.714225
Epoch: 174 	Training Cost: 8436.790715	 Valid Acc: 0.6868473045441716 	Best Valid Acc: 0.714225
Epoch: 175 	Training Cost: 8419.193730	 Valid Acc: 0.6878351679367768 	Best Valid Acc: 0.714225
Epoch: 176 	Training Cost: 8407.106738	 Valid Acc: 0.6852949477843635 	Best Valid Acc: 0.714225
Epoch: 177 	Training Cost: 8394.275275	 Valid Acc: 0.6865650578605701 	Best Valid Acc: 0.714225
Epoch: 178 	Training Cost: 8396.032486	 Valid Acc: 0.6831780976573525 	Best Valid Acc: 0.714225
Epoch: 179 	Training Cost: 8386.856231	 Valid Acc: 0.6854360711261642 	Best Valid Acc: 0.714225
Epoch: 180 	Training Cost: 8367.588060	 Valid Acc: 0.6858594411515665 	Best Valid Acc: 0.714225
Epoch: 181 	Training Cost: 8363.650389	 Valid Acc: 0.6843070843917584 	Best Valid Acc: 0.714225
Epoch: 182 	Training Cost: 8352.095977	 Valid Acc: 0.6851538244425628 	Best Valid Acc: 0.714225
Epoch: 183 	Training Cost: 8343.364348	 Valid Acc: 0.6837425910245555 	Best Valid Acc: 0.714225
Epoch: 184 	Training Cost: 8330.702204	 Valid Acc: 0.6864239345187694 	Best Valid Acc: 0.714225
Epoch: 185 	Training Cost: 8319.741252	 Valid Acc: 0.6816257408975445 	Best Valid Acc: 0.714225
Epoch: 186 	Training Cost: 8309.259888	 Valid Acc: 0.6838837143663562 	Best Valid Acc: 0.714225
Epoch: 187 	Training Cost: 8309.678501	 Valid Acc: 0.6831780976573525 	Best Valid Acc: 0.714225
Epoch: 188 	Training Cost: 8301.775986	 Valid Acc: 0.6820491109229466 	Best Valid Acc: 0.714225
Epoch: 189 	Training Cost: 8284.740954	 Valid Acc: 0.6820491109229466 	Best Valid Acc: 0.714225
Epoch: 190 	Training Cost: 8274.748859	 Valid Acc: 0.6820491109229466 	Best Valid Acc: 0.714225
Epoch: 191 	Training Cost: 8267.734249	 Valid Acc: 0.679226644086932 	Best Valid Acc: 0.714225
Epoch: 192 	Training Cost: 8259.811472	 Valid Acc: 0.6821902342647473 	Best Valid Acc: 0.714225
Epoch: 193 	Training Cost: 8243.154332	 Valid Acc: 0.6799322607959356 	Best Valid Acc: 0.714225
Epoch: 194 	Training Cost: 8233.350704	 Valid Acc: 0.6814846175557437 	Best Valid Acc: 0.714225
Epoch: 195 	Training Cost: 8228.301468	 Valid Acc: 0.6779565340107254 	Best Valid Acc: 0.714225
Epoch: 196 	Training Cost: 8217.827790	 Valid Acc: 0.6830369743155518 	Best Valid Acc: 0.714225
Epoch: 197 	Training Cost: 8210.056877	 Valid Acc: 0.6793677674287327 	Best Valid Acc: 0.714225
Epoch: 198 	Training Cost: 8192.745856	 Valid Acc: 0.6773920406435224 	Best Valid Acc: 0.714225
Epoch: 199 	Training Cost: 8189.167645	 Valid Acc: 0.681343494213943 	Best Valid Acc: 0.714225
Epoch: 200 	Training Cost: 8172.907750	 Valid Acc: 0.6766864239345187 	Best Valid Acc: 0.714225
lr=3e-05, lamb=0.001, num_epoch=200, test_acc=0.6799322607959356
----------------------------------------------------------
lr=3e-05, lamb=0, best_valid_acc=([12886.877017259598, 11601.131164073944, 11422.110732913017, 11331.374372243881, 11203.747704565525, 11011.52601993084, 10799.895818471909, 10610.201539456844, 10449.444024860859, 10315.459347069263, 10206.009576052427, 10116.958820044994, 10043.33369898796, 9980.457835286856, 9924.75406730175, 9873.982570841908, 9825.873029232025, 9778.158181607723, 9729.333708167076, 9676.795578926802, 9619.155693233013, 9555.067596912384, 9484.885614693165, 9411.053944602609, 9336.445968776941, 9263.593476518989, 9193.379715204239, 9126.586359962821, 9062.430419266224, 8999.755339697003, 8939.090667389333, 8877.943348810077, 8817.179044686258, 8753.654807053506, 8688.365222543478, 8621.00723541528, 8552.697607941926, 8482.028969600797, 8410.5282471627, 8339.617155253887, 8267.363887935877, 8195.807656519115, 8124.584014460444, 8053.0412890687585, 7980.766866907477, 7908.291314788163, 7836.208380110562, 7764.514383144677, 7691.710080161691, 7619.151650518179, 7547.726844191551, 7475.206996798515, 7404.274391405284, 7332.2710206359625, 7263.154242902994, 7193.514218784869, 7123.238424263895, 7055.030738122761, 6983.9094991236925, 6916.524558112025, 6849.512600880116, 6781.702002149075, 6714.6176547296345, 6647.585875313729, 6583.830721668899, 6519.961067765951, 6457.243698541075, 6396.438514873385, 6336.024385243654, 6276.280160866678, 6218.104659929872, 6159.490638839081, 6101.963053964078, 6043.19762715511, 5985.96908377856, 5930.099808342755, 5873.868368327618, 5817.26980163902, 5762.462279528379, 5707.649923902005, 5650.080137250945, 5597.697167010978, 5541.700401488692, 5487.105272614397, 5434.627051426098, 5378.4959694016725, 5325.29645264335, 5271.238983892836, 5216.189040507656, 5164.872494452633, 5112.666288172826, 5062.424557398073, 5012.7408614056185, 4963.032781216549, 4911.770991757978, 4863.199928063434, 4814.403931231704, 4766.075257891789, 4720.79994841665, 4672.29327883129, 4627.229984247475, 4580.2385108652525, 4536.849682666361, 4493.4929721332155, 4446.880221303087, 4404.421649216209, 4360.305984945851, 4322.373947846005, 4276.252285554307, 4239.862707110238, 4195.847865707125, 4158.699222734431, 4116.627991833491, 4078.820252975798, 4041.1792124978965, 4002.717175439582, 3966.773878823733, 3930.02175857313, 3894.529779730132, 3859.144111867179, 3823.914226840716, 3788.0583864520304, 3755.321552819747, 3720.9744913151953, 3686.5433051870205, 3653.79115491634, 3619.0938906459487, 3591.4327414582367, 3553.8021354401717, 3527.9240607705724, 3492.7603393697354, 3462.9354457616137, 3430.492338575219, 3405.1410772210947, 3373.881846491189, 3344.875983476639, 3315.377032397795, 3291.3052418057196, 3261.117862561994, 3233.145082591087, 3206.4592865802842, 3179.7545284963126, 3150.7178197264147, 3125.658098682099, 3100.8819192239607, 3077.2944484226027, 3050.7233343835396, 3026.1909828454664, 3005.643416318373, 2981.9602001377407, 2956.1089507621145, 2935.4737834457737, 2911.458915828094, 2890.205685946268, 2867.4545319172557, 2845.4822506129276, 2820.171422289317, 2803.5261715237007, 2784.275439313218, 2763.282167739748, 2739.9081222033574, 2721.9180785220874, 2704.703949439168, 2689.1442686709997, 2664.7220087999685, 2646.1939105974634, 2630.8810174358173, 2613.137431337679, 2593.9527025474194, 2572.7024934664455, 2561.492387829143, 2541.4071753588682, 2527.1876542347177, 2511.2040437505816, 2494.473789546195, 2477.4923191183752, 2466.35511654856, 2452.9589715664515, 2428.4883192456246, 2412.8020671099925, 2408.1372586375883, 2390.7352192414155, 2376.627452059446, 2368.4477272989425, 2348.860740650341, 2332.7234067093123, 2319.410567120745, 2309.109307262345, 2297.9950335718813, 2287.021274693691, 2269.8258852237136, 2266.2157429272274, 2250.6115591521047, 2237.3229495123687, 2226.4712046038358, 2213.0481660566606, 2210.121155607085, 2196.3282674736424, 2181.3676249869714, 2180.4478351399925], [0.6738639570985041, 0.6838837143663562, 0.6860005644933672, 0.6851538244425628, 0.6852949477843635, 0.6926333615580017, 0.6964436917866215, 0.6994072819644369, 0.7018063787750494, 0.7022297488004516, 0.7044877222692634, 0.7063223257126728, 0.7088625458650861, 0.7097092859158904, 0.7082980524978831, 0.7088625458650861, 0.7095681625740897, 0.7098504092576913, 0.7101326559412927, 0.7104149026248942, 0.7114027660174993, 0.7108382726502963, 0.709427039232289, 0.7098504092576913, 0.7087214225232854, 0.7087214225232854, 0.707874682472481, 0.7081569291560824, 0.7066045723962744, 0.7056167090036692, 0.7058989556872707, 0.7046288456110641, 0.7040643522438611, 0.7043465989274627, 0.7016652554332486, 0.7008185153824442, 0.7005362686988428, 0.6998306519898391, 0.6992661586226362, 0.6999717753316399, 0.6950324583686142, 0.696725938470223, 0.6947502116850127, 0.694044594976009, 0.6941857183178097, 0.6905165114309907, 0.6922099915325995, 0.6912221281399944, 0.6905165114309907, 0.6909398814563928, 0.6878351679367768, 0.6878351679367768, 0.6855771944679651, 0.6865650578605701, 0.6836014676827548, 0.6837425910245555, 0.6821902342647473, 0.6841659610499576, 0.681343494213943, 0.6810612475303415, 0.6797911374541349, 0.68077900084674, 0.6785210273779283, 0.6804967541631386, 0.6800733841377364, 0.677109793959921, 0.6779565340107254, 0.6783799040361276, 0.6742873271239063, 0.6754163138583121, 0.6738639570985041, 0.6713237369460909, 0.672311600338696, 0.6703358735534858, 0.6682190234264748, 0.6677956534010725, 0.6669489133502682, 0.6672311600338696, 0.668077900084674, 0.6665255433248659, 0.66539655659046, 0.6670900366920689, 0.6658199266158623, 0.6661021732994638, 0.6644086931978549, 0.6648320632232572, 0.6631385831216483, 0.6652554332486593, 0.6652554332486593, 0.6665255433248659, 0.6655376799322608, 0.6669489133502682, 0.6634208298052497, 0.668077900084674, 0.6621507197290432, 0.665961049957663, 0.6644086931978549, 0.6646909398814564, 0.6676545300592718, 0.6601749929438329, 0.6625740897544454, 0.6618684730454417, 0.6613039796782387, 0.6608806096528366, 0.6615862263618403, 0.6610217329946373, 0.6584815128422241, 0.6608806096528366, 0.6570702794242168, 0.6624329664126446, 0.6563646627152131, 0.6615862263618403, 0.6593282528930285, 0.6607394863110359, 0.65961049957663, 0.6607394863110359, 0.661727349703641, 0.6601749929438329, 0.6601749929438329, 0.6614451030200396, 0.6587637595258256, 0.661727349703641, 0.6567880327406153, 0.6597516229184307, 0.6560824160316117, 0.6579170194750211, 0.6556590460062094, 0.6562235393734124, 0.6549534292972058, 0.6566469093988145, 0.6546711826136042, 0.656929156082416, 0.6565057860570138, 0.6560824160316117, 0.6570702794242168, 0.6550945526390065, 0.6576347727914197, 0.6563646627152131, 0.657493649449619, 0.6562235393734124, 0.6566469093988145, 0.6560824160316117, 0.6577758961332204, 0.6567880327406153, 0.6562235393734124, 0.6593282528930285, 0.6550945526390065, 0.656929156082416, 0.6577758961332204, 0.657493649449619, 0.6594693762348293, 0.6550945526390065, 0.6594693762348293, 0.6563646627152131, 0.6562235393734124, 0.6556590460062094, 0.6576347727914197, 0.6555179226644087, 0.6565057860570138, 0.655376799322608, 0.6566469093988145, 0.6562235393734124, 0.6562235393734124, 0.6556590460062094, 0.6545300592718035, 0.656929156082416, 0.6538244425627999, 0.6545300592718035, 0.6521309624611911, 0.6552356759808072, 0.6539655659046006, 0.6535421958791984, 0.6542478125882021, 0.6525543324865933, 0.6552356759808072, 0.6501552356759808, 0.652695455828394, 0.6512842224103866, 0.6534010725373977, 0.6502963590177815, 0.6541066892464014, 0.6512842224103866, 0.6518487157775896, 0.65001411233418, 0.6507197290431838, 0.6528365791701948, 0.6525543324865933, 0.6525543324865933, 0.6507197290431838, 0.6510019757267852, 0.6512842224103866, 0.6522720858029918, 0.6476150155235676, 0.6529777025119955, 0.6524132091447925, 0.6511430990685859, 0.6502963590177815, 0.6517075924357889, 0.6487440022579735, 0.6487440022579735])
lr=3e-05, lamb=0.0001, best_valid_acc=([12923.109257221222, 11642.065046429634, 11470.483278691769, 11392.360181927681, 11298.989755034447, 11147.669789612293, 10944.516429424286, 10726.337748408318, 10534.75484353304, 10386.86229711771, 10275.38719472289, 10189.185705125332, 10120.398390829563, 10064.632610589266, 10018.254007071257, 9978.279331982136, 9942.900240018964, 9910.373871132731, 9879.556797236204, 9849.144547864795, 9818.116541728377, 9785.262169480324, 9748.96811516583, 9708.306454539299, 9661.701223358512, 9608.435715183616, 9550.453997328877, 9488.292736902833, 9425.523479431868, 9363.5443559587, 9304.314866110682, 9248.663121402264, 9195.906918913126, 9145.869176641107, 9099.28055819869, 9054.580098330975, 9010.971596345305, 8969.62604920566, 8931.0865213871, 8888.130288913846, 8847.37170779705, 8805.586464717984, 8765.487590126693, 8719.85238134116, 8675.55694900453, 8628.597726002336, 8581.2522283867, 8531.58371669799, 8482.939611643553, 8434.745731383562, 8387.649827331305, 8339.654054358602, 8293.199561327696, 8246.036507233977, 8199.003460332751, 8151.202133372426, 8105.300864085555, 8057.1845639795065, 8008.839710667729, 7960.969249933958, 7912.043746456504, 7864.460510216653, 7814.162333481014, 7766.9091893956065, 7717.995423063636, 7669.240859802812, 7621.280831106007, 7572.699847023934, 7523.386579014361, 7473.061701700091, 7422.879682540894, 7372.404970977455, 7323.550807245076, 7272.967345170677, 7224.534609168768, 7175.095112331212, 7127.412903085351, 7080.279573440552, 7032.93674826622, 6987.811781391501, 6939.502064719796, 6893.202074311674, 6845.688031196594, 6800.263695038855, 6753.518193624914, 6708.856568440795, 6661.4584071189165, 6616.139434546232, 6571.1749560162425, 6522.442124836147, 6479.7830241099, 6433.645359069109, 6392.28635609895, 6349.302955619991, 6306.667973987758, 6264.041441075504, 6225.540756911039, 6183.62950322032, 6144.043871968985, 6105.0977310836315, 6065.746269531548, 6025.560910910368, 5987.756985351443, 5949.078844293952, 5911.615562826395, 5874.532813049853, 5838.446277268231, 5801.182980120182, 5765.547397688031, 5730.913739129901, 5696.350371927023, 5656.884876832366, 5629.146471142769, 5591.557805895805, 5559.855783551931, 5521.983590990305, 5490.580920808017, 5455.963065735996, 5422.728152193129, 5388.282098785043, 5357.610673360527, 5324.474866949022, 5292.120671339333, 5258.838726557791, 5229.325420185924, 5196.677428565919, 5167.854152441025, 5136.962761580944, 5109.441829897463, 5081.373937770724, 5050.342497505248, 5019.541373059154, 4994.43616180867, 4966.583430275321, 4938.35917404294, 4905.448406286538, 4883.019204847515, 4857.8315988481045, 4836.4656191542745, 4808.290587566793, 4785.823603048921, 4755.487787023187, 4731.120798707008, 4714.210799239576, 4683.4084463045, 4654.011698260903, 4636.424388594925, 4615.397851884365, 4589.211642943323, 4569.964077018201, 4549.29542914778, 4523.455934308469, 4499.880492888391, 4482.0561905652285, 4455.086614720523, 4439.445795431733, 4415.0607740059495, 4388.64370405674, 4380.065768994391, 4353.5806105956435, 4327.855021685362, 4314.402628146112, 4295.454131349921, 4261.960920274258, 4248.505199953914, 4232.404189378023, 4215.874993495643, 4188.775982938707, 4173.395462945104, 4154.453996069729, 4129.74436955899, 4115.172046788037, 4099.409507468343, 4083.29419259727, 4059.957254640758, 4041.6837701946497, 4029.5737445503473, 4008.3281842395663, 3987.932821057737, 3982.4398819059134, 3957.9373556673527, 3937.693520784378, 3927.096292234957, 3905.38933570683, 3897.648809850216, 3874.3191441446543, 3853.4642908275127, 3841.9409447684884, 3830.730043247342, 3811.802501372993, 3793.5945527628064, 3785.3272935301065, 3768.984060674906, 3746.135912925005, 3741.1002615988255, 3724.995265558362, 3703.987284846604, 3691.8848669081926, 3689.0234111770988, 3672.7410363331437], [0.6755574372001129, 0.6817668642393452, 0.6838837143663562, 0.6852949477843635, 0.6854360711261642, 0.6878351679367768, 0.6951735817104149, 0.6999717753316399, 0.7042054755856618, 0.70575783234547, 0.7056167090036692, 0.7084391758396839, 0.7081569291560824, 0.7085802991814846, 0.709991532599492, 0.7098504092576913, 0.7109793959920971, 0.712108382726503, 0.7132373694609089, 0.7138018628281118, 0.713660739486311, 0.7140841095117132, 0.7135196161445103, 0.714225232853514, 0.7152130962461191, 0.7159187129551228, 0.7166243296641265, 0.7164832063223258, 0.7166243296641265, 0.7166243296641265, 0.7139429861699125, 0.7128139994355066, 0.7139429861699125, 0.7138018628281118, 0.7119672593847022, 0.7109793959920971, 0.7111205193338979, 0.7101326559412927, 0.7106971493084956, 0.709427039232289, 0.7088625458650861, 0.707874682472481, 0.7063223257126728, 0.7063223257126728, 0.7058989556872707, 0.70575783234547, 0.7032176121930568, 0.7066045723962744, 0.7043465989274627, 0.7027942421676545, 0.7022297488004516, 0.7015241320914479, 0.6995484053062376, 0.7012418854078465, 0.698842788597234, 0.7001128986734406, 0.7002540220152413, 0.6994072819644369, 0.6995484053062376, 0.6991250352808355, 0.698842788597234, 0.6975726785210273, 0.6987016652554332, 0.69616144510302, 0.6955969517358171, 0.6950324583686142, 0.6944679650014113, 0.6937623482924076, 0.6912221281399944, 0.6920688681907987, 0.6902342647473892, 0.6888230313293818, 0.6900931414055885, 0.6864239345187694, 0.6878351679367768, 0.6862828111769687, 0.6855771944679651, 0.6848715777589613, 0.6836014676827548, 0.6830369743155518, 0.6814846175557437, 0.6788032740615297, 0.6797911374541349, 0.6782387806943269, 0.6785210273779283, 0.6755574372001129, 0.6793677674287327, 0.6775331639853232, 0.6778154106689246, 0.6756985605419137, 0.6779565340107254, 0.6756985605419137, 0.6761219305673158, 0.6755574372001129, 0.6769686706181203, 0.6779565340107254, 0.6772509173017217, 0.6785210273779283, 0.6782387806943269, 0.6762630539091166, 0.677109793959921, 0.6752751905165114, 0.6754163138583121, 0.674428450465707, 0.6738639570985041, 0.6716059836296924, 0.6730172170476997, 0.6720293536550945, 0.6717471069714931, 0.6714648602878917, 0.6703358735534858, 0.6700536268698842, 0.6701947502116851, 0.6700536268698842, 0.6704769968952865, 0.6699125035280835, 0.6687835167936776, 0.6687835167936776, 0.6672311600338696, 0.6689246401354784, 0.6672311600338696, 0.6655376799322608, 0.6658199266158623, 0.6651143099068586, 0.665961049957663, 0.6677956534010725, 0.6661021732994638, 0.6665255433248659, 0.6666666666666666, 0.6666666666666666, 0.6651143099068586, 0.6672311600338696, 0.6645498165396556, 0.6651143099068586, 0.6648320632232572, 0.6661021732994638, 0.6648320632232572, 0.6651143099068586, 0.6656788032740615, 0.6658199266158623, 0.6673722833756703, 0.6656788032740615, 0.6655376799322608, 0.6655376799322608, 0.6656788032740615, 0.6644086931978549, 0.6644086931978549, 0.6655376799322608, 0.6635619531470506, 0.6658199266158623, 0.663844199830652, 0.6648320632232572, 0.6645498165396556, 0.6629974597798476, 0.6634208298052497, 0.6649731865650579, 0.6651143099068586, 0.6661021732994638, 0.66539655659046, 0.665961049957663, 0.6634208298052497, 0.6637030764888513, 0.6641264465142535, 0.6651143099068586, 0.6649731865650579, 0.6652554332486593, 0.65961049957663, 0.6651143099068586, 0.6605983629692351, 0.6634208298052497, 0.6605983629692351, 0.6625740897544454, 0.6597516229184307, 0.6581992661586227, 0.6608806096528366, 0.6594693762348293, 0.6637030764888513, 0.657493649449619, 0.6605983629692351, 0.6587637595258256, 0.65961049957663, 0.6583403895004234, 0.658058142816822, 0.6591871295512278, 0.6576347727914197, 0.6581992661586227, 0.6567880327406153, 0.6584815128422241, 0.6559412926898109, 0.6584815128422241, 0.655376799322608, 0.6573525261078182, 0.6545300592718035, 0.6556590460062094, 0.6550945526390065, 0.6549534292972058, 0.6566469093988145, 0.6534010725373977, 0.6543889359300028, 0.6543889359300028])
lr=3e-05, lamb=0.001, best_valid_acc=([13311.670908927917, 11888.463910162449, 11651.370954692364, 11554.190015494823, 11466.099086403847, 11330.25424528122, 11113.417533636093, 10877.356161952019, 10684.709477007389, 10546.363501250744, 10446.20804220438, 10372.768983900547, 10317.27740764618, 10274.296638309956, 10239.840257674456, 10210.820561110973, 10185.922676324844, 10163.872422933578, 10143.991206109524, 10125.356710851192, 10107.478453606367, 10091.595206826925, 10073.955885052681, 10058.623728051782, 10042.84718029201, 10027.251058474183, 10012.002418279648, 9996.856214642525, 9981.933751255274, 9966.553433686495, 9951.065727934241, 9935.290497303009, 9918.507868856192, 9901.471458256245, 9883.075922086835, 9864.368098184466, 9844.805590942502, 9823.469357609749, 9801.405406326056, 9779.938497304916, 9756.359969645739, 9731.853710368276, 9708.872001677752, 9685.497731119394, 9662.834310427308, 9642.061701655388, 9623.701483607292, 9605.518937647343, 9587.439948365092, 9570.56196449697, 9554.827017605305, 9538.286033898592, 9521.481000632048, 9507.301573470235, 9490.64743065834, 9475.457350030541, 9463.299851670861, 9446.432334214449, 9431.598765835166, 9415.116089895368, 9404.329576894641, 9389.39058688283, 9375.641076222062, 9360.886256426573, 9346.069940850139, 9329.689276278019, 9321.16270071268, 9309.87139467895, 9288.782799810171, 9287.504665911198, 9276.5584744066, 9257.730873793364, 9259.007302418351, 9238.292102396488, 9221.54444821179, 9228.194342449307, 9243.237807750702, 9203.607436746359, 9182.26510310173, 9182.140669554472, 9177.933532744646, 9157.672903120518, 9138.759048044682, 9148.844182029366, 9137.348392248154, 9129.558667242527, 9117.977001354098, 9109.43030191958, 9092.872381687164, 9090.582165330648, 9090.479014903307, 9085.170115977526, 9084.121783405542, 9064.983179569244, 9062.82770627737, 9053.207407817245, 9045.006312027574, 9051.154091566801, 9026.80569653213, 9031.453615039587, 9018.691793948412, 9022.56199452281, 9012.201706126332, 9000.75139760971, 8984.022559076548, 8978.110403090715, 8968.690514355898, 8966.434291988611, 8965.177822649479, 8956.775402396917, 8952.593436717987, 8954.739711463451, 8942.345992192626, 8945.182356745005, 8937.250672519207, 8926.960820481181, 8926.285695225, 8924.174716830254, 8921.28503715992, 8920.308701708913, 8919.826268538833, 8909.279668360949, 8906.787272900343, 8891.408691942692, 8905.597616791725, 8895.658208608627, 8891.30442045629, 8876.026015877724, 8867.245030924678, 8863.744873717427, 8857.098317965865, 8861.098971158266, 8851.13045451045, 8843.36086589098, 8835.967510715127, 8829.679818421602, 8825.069863125682, 8818.95349304378, 8807.918164178729, 8800.074396520853, 8795.258559599519, 8788.699579179287, 8788.3887848109, 8792.224424883723, 8776.774639695883, 8766.460249483585, 8753.390971288085, 8743.52773167193, 8730.166439682245, 8726.31723022461, 8717.649772435427, 8709.15153208375, 8698.336917757988, 8686.21415874362, 8671.65447576344, 8663.151748120785, 8656.526519611478, 8638.476184234023, 8630.87871967256, 8617.725085884333, 8604.300221890211, 8590.284060239792, 8572.386009529233, 8558.722723931074, 8546.217393487692, 8551.21136328578, 8530.129393488169, 8501.600945904851, 8490.37451210618, 8476.213387489319, 8468.161465257406, 8454.594583168626, 8445.339074358344, 8436.790714904666, 8419.193730458617, 8407.106738477945, 8394.275275245309, 8396.03248617053, 8386.856230765581, 8367.588059961796, 8363.65038909018, 8352.095976859331, 8343.364347696304, 8330.702203512192, 8319.741251558065, 8309.25988778472, 8309.67850074172, 8301.77598553896, 8284.740954190493, 8274.748859286308, 8267.734248518944, 8259.811471939087, 8243.154331624508, 8233.350703537464, 8228.301468074322, 8217.827790379524, 8210.056877464056, 8192.745856195688, 8189.167644888163, 8172.90775001049], [0.66539655659046, 0.6821902342647473, 0.6844482077335591, 0.6844482077335591, 0.6848715777589613, 0.6868473045441716, 0.6984194185718318, 0.7036409822184589, 0.7091447925486876, 0.7092859158904883, 0.7095681625740897, 0.712108382726503, 0.7102737792830934, 0.7101326559412927, 0.7109793959920971, 0.7119672593847022, 0.7118261360429015, 0.712108382726503, 0.7119672593847022, 0.7126728760937059, 0.7125317527519052, 0.7128139994355066, 0.714225232853514, 0.7132373694609089, 0.7140841095117132, 0.714225232853514, 0.713660739486311, 0.7135196161445103, 0.714225232853514, 0.7139429861699125, 0.7133784928027096, 0.7138018628281118, 0.714225232853514, 0.7138018628281118, 0.7132373694609089, 0.7132373694609089, 0.7135196161445103, 0.7138018628281118, 0.7133784928027096, 0.7122495060683037, 0.7104149026248942, 0.7105560259666949, 0.7104149026248942, 0.7098504092576913, 0.707874682472481, 0.7080158058142817, 0.7070279424216765, 0.7060400790290714, 0.7061812023708721, 0.7063223257126728, 0.7058989556872707, 0.7067456957380751, 0.7054755856618685, 0.7046288456110641, 0.7025119954840531, 0.7025119954840531, 0.7025119954840531, 0.7015241320914479, 0.7020886254586508, 0.7023708721422524, 0.7009596387242449, 0.7013830087496472, 0.7022297488004516, 0.7013830087496472, 0.7008185153824442, 0.6999717753316399, 0.7013830087496472, 0.7012418854078465, 0.7011007620660458, 0.7001128986734406, 0.7008185153824442, 0.6987016652554332, 0.7015241320914479, 0.7016652554332486, 0.7002540220152413, 0.6999717753316399, 0.6991250352808355, 0.6998306519898391, 0.6998306519898391, 0.6964436917866215, 0.7008185153824442, 0.6991250352808355, 0.6999717753316399, 0.6974315551792266, 0.6996895286480384, 0.6948913350268134, 0.7016652554332486, 0.6958791984194186, 0.7009596387242449, 0.6963025684448207, 0.6957380750776179, 0.6965848151284222, 0.6960203217612193, 0.6979960485464296, 0.7002540220152413, 0.6953147050522156, 0.6971493084956252, 0.6926333615580017, 0.6953147050522156, 0.6954558283940163, 0.6941857183178097, 0.6933389782670054, 0.6941857183178097, 0.6964436917866215, 0.6931978549252046, 0.6957380750776179, 0.6943268416596104, 0.6929156082416031, 0.6926333615580017, 0.6922099915325995, 0.6936212249506069, 0.6902342647473892, 0.6955969517358171, 0.6929156082416031, 0.6943268416596104, 0.6916454981653966, 0.6907987581145921, 0.6933389782670054, 0.6913632514817951, 0.6929156082416031, 0.6888230313293818, 0.6927744848998024, 0.6927744848998024, 0.6958791984194186, 0.6933389782670054, 0.692492238216201, 0.6913632514817951, 0.6927744848998024, 0.6899520180637877, 0.6892464013547841, 0.689810894721987, 0.6900931414055885, 0.6881174146203782, 0.689810894721987, 0.6889641546711827, 0.6881174146203782, 0.6875529212531752, 0.6889641546711827, 0.69037538808919, 0.6885407846457804, 0.6875529212531752, 0.689810894721987, 0.6867061812023709, 0.6899520180637877, 0.6865650578605701, 0.6891052780129834, 0.6869884278859724, 0.6878351679367768, 0.6872706745695738, 0.687694044594976, 0.6881174146203782, 0.6868473045441716, 0.6883996613039797, 0.6875529212531752, 0.6879762912785775, 0.6885407846457804, 0.6892464013547841, 0.6879762912785775, 0.6896697713801863, 0.688258537962179, 0.69037538808919, 0.6926333615580017, 0.6916454981653966, 0.689810894721987, 0.6902342647473892, 0.6895286480383855, 0.6906576347727914, 0.6896697713801863, 0.6871295512277731, 0.6875529212531752, 0.689810894721987, 0.687694044594976, 0.6895286480383855, 0.6868473045441716, 0.6878351679367768, 0.6852949477843635, 0.6865650578605701, 0.6831780976573525, 0.6854360711261642, 0.6858594411515665, 0.6843070843917584, 0.6851538244425628, 0.6837425910245555, 0.6864239345187694, 0.6816257408975445, 0.6838837143663562, 0.6831780976573525, 0.6820491109229466, 0.6820491109229466, 0.6820491109229466, 0.679226644086932, 0.6821902342647473, 0.6799322607959356, 0.6814846175557437, 0.6779565340107254, 0.6830369743155518, 0.6793677674287327, 0.6773920406435224, 0.681343494213943, 0.6766864239345187])
