nn6.py, two encoders + one decoder (map to high dimension first)
Tuning process for lr=1e-05
----------------------------------------------------------
lr=1e-05, lamb=0, num_epoch=200
Epoch: 1 	Training Cost: 13826.097793	 Valid Acc: 0.627293254304262 	Best Valid Acc: 0.627293
Epoch: 2 	Training Cost: 12728.528344	 Valid Acc: 0.6587637595258256 	Best Valid Acc: 0.658764
Epoch: 3 	Training Cost: 11962.942199	 Valid Acc: 0.6742873271239063 	Best Valid Acc: 0.674287
Epoch: 4 	Training Cost: 11667.698791	 Valid Acc: 0.679226644086932 	Best Valid Acc: 0.679227
Epoch: 5 	Training Cost: 11531.648776	 Valid Acc: 0.6827547276319503 	Best Valid Acc: 0.682755
Epoch: 6 	Training Cost: 11452.521931	 Valid Acc: 0.6831780976573525 	Best Valid Acc: 0.683178
Epoch: 7 	Training Cost: 11400.335278	 Valid Acc: 0.6838837143663562 	Best Valid Acc: 0.683884
Epoch: 8 	Training Cost: 11362.610206	 Valid Acc: 0.6850127011007621 	Best Valid Acc: 0.685013
Epoch: 9 	Training Cost: 11332.862944	 Valid Acc: 0.6850127011007621 	Best Valid Acc: 0.685013
Epoch: 10 	Training Cost: 11305.972212	 Valid Acc: 0.6851538244425628 	Best Valid Acc: 0.685154
Epoch: 11 	Training Cost: 11278.500847	 Valid Acc: 0.6854360711261642 	Best Valid Acc: 0.685436
Epoch: 12 	Training Cost: 11246.927656	 Valid Acc: 0.6854360711261642 	Best Valid Acc: 0.685436
Epoch: 13 	Training Cost: 11208.383773	 Valid Acc: 0.6874117979113745 	Best Valid Acc: 0.687412
Epoch: 14 	Training Cost: 11160.610541	 Valid Acc: 0.6878351679367768 	Best Valid Acc: 0.687835
Epoch: 15 	Training Cost: 11102.344876	 Valid Acc: 0.6875529212531752 	Best Valid Acc: 0.687835
Epoch: 16 	Training Cost: 11034.806643	 Valid Acc: 0.6881174146203782 	Best Valid Acc: 0.688117
Epoch: 17 	Training Cost: 10961.243949	 Valid Acc: 0.6900931414055885 	Best Valid Acc: 0.690093
Epoch: 18 	Training Cost: 10884.559322	 Valid Acc: 0.6936212249506069 	Best Valid Acc: 0.693621
Epoch: 19 	Training Cost: 10807.443745	 Valid Acc: 0.69616144510302 	Best Valid Acc: 0.696161
Epoch: 20 	Training Cost: 10732.881394	 Valid Acc: 0.694044594976009 	Best Valid Acc: 0.696161
Epoch: 21 	Training Cost: 10662.334908	 Valid Acc: 0.6957380750776179 	Best Valid Acc: 0.696161
Epoch: 22 	Training Cost: 10596.329208	 Valid Acc: 0.6985605419136325 	Best Valid Acc: 0.698561
Epoch: 23 	Training Cost: 10534.649576	 Valid Acc: 0.6992661586226362 	Best Valid Acc: 0.699266
Epoch: 24 	Training Cost: 10476.520332	 Valid Acc: 0.7009596387242449 	Best Valid Acc: 0.700960
Epoch: 25 	Training Cost: 10422.173002	 Valid Acc: 0.7022297488004516 	Best Valid Acc: 0.702230
Epoch: 26 	Training Cost: 10371.577547	 Valid Acc: 0.7033587355348575 	Best Valid Acc: 0.703359
Epoch: 27 	Training Cost: 10324.249811	 Valid Acc: 0.7027942421676545 	Best Valid Acc: 0.703359
Epoch: 28 	Training Cost: 10280.125316	 Valid Acc: 0.7046288456110641 	Best Valid Acc: 0.704629
Epoch: 29 	Training Cost: 10239.006571	 Valid Acc: 0.705193338978267 	Best Valid Acc: 0.705193
Epoch: 30 	Training Cost: 10200.327246	 Valid Acc: 0.7063223257126728 	Best Valid Acc: 0.706322
Epoch: 31 	Training Cost: 10164.201496	 Valid Acc: 0.7060400790290714 	Best Valid Acc: 0.706322
Epoch: 32 	Training Cost: 10130.664530	 Valid Acc: 0.7068868190798758 	Best Valid Acc: 0.706887
Epoch: 33 	Training Cost: 10099.455201	 Valid Acc: 0.7068868190798758 	Best Valid Acc: 0.706887
Epoch: 34 	Training Cost: 10070.289830	 Valid Acc: 0.7080158058142817 	Best Valid Acc: 0.708016
Epoch: 35 	Training Cost: 10043.042579	 Valid Acc: 0.709427039232289 	Best Valid Acc: 0.709427
Epoch: 36 	Training Cost: 10017.464537	 Valid Acc: 0.7092859158904883 	Best Valid Acc: 0.709427
Epoch: 37 	Training Cost: 9993.301763	 Valid Acc: 0.7095681625740897 	Best Valid Acc: 0.709568
Epoch: 38 	Training Cost: 9970.608042	 Valid Acc: 0.7097092859158904 	Best Valid Acc: 0.709709
Epoch: 39 	Training Cost: 9949.199729	 Valid Acc: 0.7101326559412927 	Best Valid Acc: 0.710133
Epoch: 40 	Training Cost: 9928.959367	 Valid Acc: 0.7105560259666949 	Best Valid Acc: 0.710556
Epoch: 41 	Training Cost: 9909.670048	 Valid Acc: 0.7123906294101044 	Best Valid Acc: 0.712391
Epoch: 42 	Training Cost: 9891.253362	 Valid Acc: 0.7123906294101044 	Best Valid Acc: 0.712391
Epoch: 43 	Training Cost: 9873.584555	 Valid Acc: 0.7119672593847022 	Best Valid Acc: 0.712391
Epoch: 44 	Training Cost: 9856.632007	 Valid Acc: 0.7125317527519052 	Best Valid Acc: 0.712532
Epoch: 45 	Training Cost: 9840.297209	 Valid Acc: 0.7123906294101044 	Best Valid Acc: 0.712532
Epoch: 46 	Training Cost: 9824.535051	 Valid Acc: 0.7116850127011007 	Best Valid Acc: 0.712532
Epoch: 47 	Training Cost: 9809.267377	 Valid Acc: 0.7123906294101044 	Best Valid Acc: 0.712532
Epoch: 48 	Training Cost: 9794.451354	 Valid Acc: 0.712108382726503 	Best Valid Acc: 0.712532
Epoch: 49 	Training Cost: 9780.040871	 Valid Acc: 0.7128139994355066 	Best Valid Acc: 0.712814
Epoch: 50 	Training Cost: 9765.948581	 Valid Acc: 0.7123906294101044 	Best Valid Acc: 0.712814
Epoch: 51 	Training Cost: 9752.118862	 Valid Acc: 0.7123906294101044 	Best Valid Acc: 0.712814
Epoch: 52 	Training Cost: 9738.467847	 Valid Acc: 0.7133784928027096 	Best Valid Acc: 0.713378
Epoch: 53 	Training Cost: 9724.995267	 Valid Acc: 0.713660739486311 	Best Valid Acc: 0.713661
Epoch: 54 	Training Cost: 9711.658144	 Valid Acc: 0.7133784928027096 	Best Valid Acc: 0.713661
Epoch: 55 	Training Cost: 9698.300264	 Valid Acc: 0.7126728760937059 	Best Valid Acc: 0.713661
Epoch: 56 	Training Cost: 9684.850752	 Valid Acc: 0.7125317527519052 	Best Valid Acc: 0.713661
Epoch: 57 	Training Cost: 9671.310832	 Valid Acc: 0.7128139994355066 	Best Valid Acc: 0.713661
Epoch: 58 	Training Cost: 9657.482565	 Valid Acc: 0.7135196161445103 	Best Valid Acc: 0.713661
Epoch: 59 	Training Cost: 9643.381449	 Valid Acc: 0.7132373694609089 	Best Valid Acc: 0.713661
Epoch: 60 	Training Cost: 9628.969826	 Valid Acc: 0.7133784928027096 	Best Valid Acc: 0.713661
Epoch: 61 	Training Cost: 9614.221781	 Valid Acc: 0.713096246119108 	Best Valid Acc: 0.713661
Epoch: 62 	Training Cost: 9598.967626	 Valid Acc: 0.7129551227773073 	Best Valid Acc: 0.713661
Epoch: 63 	Training Cost: 9583.199975	 Valid Acc: 0.7129551227773073 	Best Valid Acc: 0.713661
Epoch: 64 	Training Cost: 9566.873521	 Valid Acc: 0.7125317527519052 	Best Valid Acc: 0.713661
Epoch: 65 	Training Cost: 9549.911352	 Valid Acc: 0.7123906294101044 	Best Valid Acc: 0.713661
Epoch: 66 	Training Cost: 9532.195599	 Valid Acc: 0.7119672593847022 	Best Valid Acc: 0.713661
Epoch: 67 	Training Cost: 9513.679138	 Valid Acc: 0.7123906294101044 	Best Valid Acc: 0.713661
Epoch: 68 	Training Cost: 9494.282362	 Valid Acc: 0.7129551227773073 	Best Valid Acc: 0.713661
Epoch: 69 	Training Cost: 9473.943238	 Valid Acc: 0.7133784928027096 	Best Valid Acc: 0.713661
Epoch: 70 	Training Cost: 9452.630037	 Valid Acc: 0.7125317527519052 	Best Valid Acc: 0.713661
Epoch: 71 	Training Cost: 9430.510612	 Valid Acc: 0.7128139994355066 	Best Valid Acc: 0.713661
Epoch: 72 	Training Cost: 9407.517559	 Valid Acc: 0.7123906294101044 	Best Valid Acc: 0.713661
Epoch: 73 	Training Cost: 9383.730022	 Valid Acc: 0.713660739486311 	Best Valid Acc: 0.713661
Epoch: 74 	Training Cost: 9359.165459	 Valid Acc: 0.7133784928027096 	Best Valid Acc: 0.713661
Epoch: 75 	Training Cost: 9333.965856	 Valid Acc: 0.713660739486311 	Best Valid Acc: 0.713661
Epoch: 76 	Training Cost: 9308.283444	 Valid Acc: 0.713660739486311 	Best Valid Acc: 0.713661
Epoch: 77 	Training Cost: 9282.285961	 Valid Acc: 0.7128139994355066 	Best Valid Acc: 0.713661
Epoch: 78 	Training Cost: 9255.984327	 Valid Acc: 0.7126728760937059 	Best Valid Acc: 0.713661
Epoch: 79 	Training Cost: 9229.494973	 Valid Acc: 0.7125317527519052 	Best Valid Acc: 0.713661
Epoch: 80 	Training Cost: 9202.999695	 Valid Acc: 0.7126728760937059 	Best Valid Acc: 0.713661
Epoch: 81 	Training Cost: 9176.471214	 Valid Acc: 0.7129551227773073 	Best Valid Acc: 0.713661
Epoch: 82 	Training Cost: 9150.041283	 Valid Acc: 0.712108382726503 	Best Valid Acc: 0.713661
Epoch: 83 	Training Cost: 9123.660770	 Valid Acc: 0.7123906294101044 	Best Valid Acc: 0.713661
Epoch: 84 	Training Cost: 9097.503120	 Valid Acc: 0.7125317527519052 	Best Valid Acc: 0.713661
Epoch: 85 	Training Cost: 9071.473245	 Valid Acc: 0.7126728760937059 	Best Valid Acc: 0.713661
Epoch: 86 	Training Cost: 9045.518665	 Valid Acc: 0.7118261360429015 	Best Valid Acc: 0.713661
Epoch: 87 	Training Cost: 9019.774623	 Valid Acc: 0.7114027660174993 	Best Valid Acc: 0.713661
Epoch: 88 	Training Cost: 8994.190764	 Valid Acc: 0.7115438893593 	Best Valid Acc: 0.713661
Epoch: 89 	Training Cost: 8968.763187	 Valid Acc: 0.7111205193338979 	Best Valid Acc: 0.713661
Epoch: 90 	Training Cost: 8943.396129	 Valid Acc: 0.7092859158904883 	Best Valid Acc: 0.713661
Epoch: 91 	Training Cost: 8918.186105	 Valid Acc: 0.707874682472481 	Best Valid Acc: 0.713661
Epoch: 92 	Training Cost: 8893.063450	 Valid Acc: 0.7080158058142817 	Best Valid Acc: 0.713661
Epoch: 93 	Training Cost: 8867.974934	 Valid Acc: 0.7080158058142817 	Best Valid Acc: 0.713661
Epoch: 94 	Training Cost: 8842.909011	 Valid Acc: 0.7077335591306803 	Best Valid Acc: 0.713661
Epoch: 95 	Training Cost: 8817.734559	 Valid Acc: 0.7077335591306803 	Best Valid Acc: 0.713661
Epoch: 96 	Training Cost: 8792.530769	 Valid Acc: 0.7067456957380751 	Best Valid Acc: 0.713661
Epoch: 97 	Training Cost: 8767.036866	 Valid Acc: 0.7060400790290714 	Best Valid Acc: 0.713661
Epoch: 98 	Training Cost: 8741.342554	 Valid Acc: 0.7061812023708721 	Best Valid Acc: 0.713661
Epoch: 99 	Training Cost: 8715.311938	 Valid Acc: 0.705193338978267 	Best Valid Acc: 0.713661
Epoch: 100 	Training Cost: 8689.051622	 Valid Acc: 0.7047699689528648 	Best Valid Acc: 0.713661
Epoch: 101 	Training Cost: 8662.593708	 Valid Acc: 0.7043465989274627 	Best Valid Acc: 0.713661
Epoch: 102 	Training Cost: 8635.957954	 Valid Acc: 0.7049110922946655 	Best Valid Acc: 0.713661
Epoch: 103 	Training Cost: 8609.036256	 Valid Acc: 0.7049110922946655 	Best Valid Acc: 0.713661
Epoch: 104 	Training Cost: 8582.007696	 Valid Acc: 0.7042054755856618 	Best Valid Acc: 0.713661
Epoch: 105 	Training Cost: 8554.746668	 Valid Acc: 0.7043465989274627 	Best Valid Acc: 0.713661
Epoch: 106 	Training Cost: 8527.398029	 Valid Acc: 0.7032176121930568 	Best Valid Acc: 0.713661
Epoch: 107 	Training Cost: 8499.707277	 Valid Acc: 0.7040643522438611 	Best Valid Acc: 0.713661
Epoch: 108 	Training Cost: 8471.964667	 Valid Acc: 0.7034998588766582 	Best Valid Acc: 0.713661
Epoch: 109 	Training Cost: 8443.957514	 Valid Acc: 0.7023708721422524 	Best Valid Acc: 0.713661
Epoch: 110 	Training Cost: 8415.753409	 Valid Acc: 0.7023708721422524 	Best Valid Acc: 0.713661
Epoch: 111 	Training Cost: 8387.368700	 Valid Acc: 0.7022297488004516 	Best Valid Acc: 0.713661
Epoch: 112 	Training Cost: 8358.884248	 Valid Acc: 0.7026531188258538 	Best Valid Acc: 0.713661
Epoch: 113 	Training Cost: 8330.247442	 Valid Acc: 0.7023708721422524 	Best Valid Acc: 0.713661
Epoch: 114 	Training Cost: 8301.404593	 Valid Acc: 0.7020886254586508 	Best Valid Acc: 0.713661
Epoch: 115 	Training Cost: 8272.505825	 Valid Acc: 0.7023708721422524 	Best Valid Acc: 0.713661
Epoch: 116 	Training Cost: 8243.575908	 Valid Acc: 0.7011007620660458 	Best Valid Acc: 0.713661
Epoch: 117 	Training Cost: 8214.525330	 Valid Acc: 0.7025119954840531 	Best Valid Acc: 0.713661
Epoch: 118 	Training Cost: 8185.408709	 Valid Acc: 0.7013830087496472 	Best Valid Acc: 0.713661
Epoch: 119 	Training Cost: 8156.339164	 Valid Acc: 0.7015241320914479 	Best Valid Acc: 0.713661
Epoch: 120 	Training Cost: 8127.087620	 Valid Acc: 0.6999717753316399 	Best Valid Acc: 0.713661
Epoch: 121 	Training Cost: 8097.856434	 Valid Acc: 0.7005362686988428 	Best Valid Acc: 0.713661
Epoch: 122 	Training Cost: 8068.659692	 Valid Acc: 0.6992661586226362 	Best Valid Acc: 0.713661
Epoch: 123 	Training Cost: 8039.244549	 Valid Acc: 0.7001128986734406 	Best Valid Acc: 0.713661
Epoch: 124 	Training Cost: 8009.860354	 Valid Acc: 0.7003951453570421 	Best Valid Acc: 0.713661
Epoch: 125 	Training Cost: 7980.264261	 Valid Acc: 0.6985605419136325 	Best Valid Acc: 0.713661
Epoch: 126 	Training Cost: 7950.571742	 Valid Acc: 0.6985605419136325 	Best Valid Acc: 0.713661
Epoch: 127 	Training Cost: 7921.060984	 Valid Acc: 0.6989839119390348 	Best Valid Acc: 0.713661
Epoch: 128 	Training Cost: 7891.661289	 Valid Acc: 0.6981371718882303 	Best Valid Acc: 0.713661
Epoch: 129 	Training Cost: 7862.078025	 Valid Acc: 0.6968670618120237 	Best Valid Acc: 0.713661
Epoch: 130 	Training Cost: 7832.783082	 Valid Acc: 0.6970081851538245 	Best Valid Acc: 0.713661
Epoch: 131 	Training Cost: 7803.351105	 Valid Acc: 0.6968670618120237 	Best Valid Acc: 0.713661
Epoch: 132 	Training Cost: 7773.847109	 Valid Acc: 0.694609088343212 	Best Valid Acc: 0.713661
Epoch: 133 	Training Cost: 7744.455334	 Valid Acc: 0.694609088343212 	Best Valid Acc: 0.713661
Epoch: 134 	Training Cost: 7715.084634	 Valid Acc: 0.6939034716342083 	Best Valid Acc: 0.713661
Epoch: 135 	Training Cost: 7685.664147	 Valid Acc: 0.6926333615580017 	Best Valid Acc: 0.713661
Epoch: 136 	Training Cost: 7656.331850	 Valid Acc: 0.6926333615580017 	Best Valid Acc: 0.713661
Epoch: 137 	Training Cost: 7626.839638	 Valid Acc: 0.6937623482924076 	Best Valid Acc: 0.713661
Epoch: 138 	Training Cost: 7597.539727	 Valid Acc: 0.6923511148744003 	Best Valid Acc: 0.713661
Epoch: 139 	Training Cost: 7568.174497	 Valid Acc: 0.6930567315834039 	Best Valid Acc: 0.713661
Epoch: 140 	Training Cost: 7538.884989	 Valid Acc: 0.6905165114309907 	Best Valid Acc: 0.713661
Epoch: 141 	Training Cost: 7509.584694	 Valid Acc: 0.6896697713801863 	Best Valid Acc: 0.713661
Epoch: 142 	Training Cost: 7480.383822	 Valid Acc: 0.689810894721987 	Best Valid Acc: 0.713661
Epoch: 143 	Training Cost: 7450.972363	 Valid Acc: 0.6896697713801863 	Best Valid Acc: 0.713661
Epoch: 144 	Training Cost: 7421.720873	 Valid Acc: 0.6888230313293818 	Best Valid Acc: 0.713661
Epoch: 145 	Training Cost: 7392.529017	 Valid Acc: 0.6899520180637877 	Best Valid Acc: 0.713661
Epoch: 146 	Training Cost: 7363.288389	 Valid Acc: 0.6883996613039797 	Best Valid Acc: 0.713661
Epoch: 147 	Training Cost: 7334.077587	 Valid Acc: 0.6879762912785775 	Best Valid Acc: 0.713661
Epoch: 148 	Training Cost: 7304.892931	 Valid Acc: 0.6885407846457804 	Best Valid Acc: 0.713661
Epoch: 149 	Training Cost: 7275.399592	 Valid Acc: 0.6899520180637877 	Best Valid Acc: 0.713661
Epoch: 150 	Training Cost: 7246.091523	 Valid Acc: 0.689810894721987 	Best Valid Acc: 0.713661
Epoch: 151 	Training Cost: 7216.887706	 Valid Acc: 0.6906576347727914 	Best Valid Acc: 0.713661
Epoch: 152 	Training Cost: 7187.795743	 Valid Acc: 0.6906576347727914 	Best Valid Acc: 0.713661
Epoch: 153 	Training Cost: 7158.774708	 Valid Acc: 0.6912221281399944 	Best Valid Acc: 0.713661
Epoch: 154 	Training Cost: 7129.695948	 Valid Acc: 0.6907987581145921 	Best Valid Acc: 0.713661
Epoch: 155 	Training Cost: 7100.701048	 Valid Acc: 0.6902342647473892 	Best Valid Acc: 0.713661
Epoch: 156 	Training Cost: 7071.858689	 Valid Acc: 0.689810894721987 	Best Valid Acc: 0.713661
Epoch: 157 	Training Cost: 7042.960528	 Valid Acc: 0.6902342647473892 	Best Valid Acc: 0.713661
Epoch: 158 	Training Cost: 7014.208726	 Valid Acc: 0.6900931414055885 	Best Valid Acc: 0.713661
Epoch: 159 	Training Cost: 6985.546704	 Valid Acc: 0.6902342647473892 	Best Valid Acc: 0.713661
Epoch: 160 	Training Cost: 6956.830311	 Valid Acc: 0.6910810047981937 	Best Valid Acc: 0.713661
Epoch: 161 	Training Cost: 6928.324616	 Valid Acc: 0.6902342647473892 	Best Valid Acc: 0.713661
Epoch: 162 	Training Cost: 6899.814775	 Valid Acc: 0.6891052780129834 	Best Valid Acc: 0.713661
Epoch: 163 	Training Cost: 6871.395303	 Valid Acc: 0.6883996613039797 	Best Valid Acc: 0.713661
Epoch: 164 	Training Cost: 6843.051457	 Valid Acc: 0.6881174146203782 	Best Valid Acc: 0.713661
Epoch: 165 	Training Cost: 6814.760632	 Valid Acc: 0.6874117979113745 	Best Valid Acc: 0.713661
Epoch: 166 	Training Cost: 6786.547842	 Valid Acc: 0.6867061812023709 	Best Valid Acc: 0.713661
Epoch: 167 	Training Cost: 6758.531669	 Valid Acc: 0.6872706745695738 	Best Valid Acc: 0.713661
Epoch: 168 	Training Cost: 6730.640375	 Valid Acc: 0.6852949477843635 	Best Valid Acc: 0.713661
Epoch: 169 	Training Cost: 6702.966078	 Valid Acc: 0.6852949477843635 	Best Valid Acc: 0.713661
Epoch: 170 	Training Cost: 6675.316911	 Valid Acc: 0.6848715777589613 	Best Valid Acc: 0.713661
Epoch: 171 	Training Cost: 6647.779883	 Valid Acc: 0.6850127011007621 	Best Valid Acc: 0.713661
Epoch: 172 	Training Cost: 6620.519946	 Valid Acc: 0.6837425910245555 	Best Valid Acc: 0.713661
Epoch: 173 	Training Cost: 6593.321582	 Valid Acc: 0.6833192209991532 	Best Valid Acc: 0.713661
Epoch: 174 	Training Cost: 6566.391891	 Valid Acc: 0.6817668642393452 	Best Valid Acc: 0.713661
Epoch: 175 	Training Cost: 6539.338917	 Valid Acc: 0.6826136042901496 	Best Valid Acc: 0.713661
Epoch: 176 	Training Cost: 6512.668065	 Valid Acc: 0.6824724809483489 	Best Valid Acc: 0.713661
Epoch: 177 	Training Cost: 6486.011971	 Valid Acc: 0.6823313576065482 	Best Valid Acc: 0.713661
Epoch: 178 	Training Cost: 6459.597657	 Valid Acc: 0.6824724809483489 	Best Valid Acc: 0.713661
Epoch: 179 	Training Cost: 6433.285954	 Valid Acc: 0.6814846175557437 	Best Valid Acc: 0.713661
Epoch: 180 	Training Cost: 6407.152115	 Valid Acc: 0.6814846175557437 	Best Valid Acc: 0.713661
Epoch: 181 	Training Cost: 6381.131442	 Valid Acc: 0.6800733841377364 	Best Valid Acc: 0.713661
Epoch: 182 	Training Cost: 6355.458189	 Valid Acc: 0.6802145074795372 	Best Valid Acc: 0.713661
Epoch: 183 	Training Cost: 6329.805752	 Valid Acc: 0.6795088907705334 	Best Valid Acc: 0.713661
Epoch: 184 	Training Cost: 6304.515104	 Valid Acc: 0.6796500141123342 	Best Valid Acc: 0.713661
Epoch: 185 	Training Cost: 6279.227634	 Valid Acc: 0.679226644086932 	Best Valid Acc: 0.713661
Epoch: 186 	Training Cost: 6254.204104	 Valid Acc: 0.6797911374541349 	Best Valid Acc: 0.713661
Epoch: 187 	Training Cost: 6229.221173	 Valid Acc: 0.6779565340107254 	Best Valid Acc: 0.713661
Epoch: 188 	Training Cost: 6204.600337	 Valid Acc: 0.6797911374541349 	Best Valid Acc: 0.713661
Epoch: 189 	Training Cost: 6180.070074	 Valid Acc: 0.6785210273779283 	Best Valid Acc: 0.713661
Epoch: 190 	Training Cost: 6155.749294	 Valid Acc: 0.6789443974033305 	Best Valid Acc: 0.713661
Epoch: 191 	Training Cost: 6131.593345	 Valid Acc: 0.6785210273779283 	Best Valid Acc: 0.713661
Epoch: 192 	Training Cost: 6107.643927	 Valid Acc: 0.6788032740615297 	Best Valid Acc: 0.713661
Epoch: 193 	Training Cost: 6083.825304	 Valid Acc: 0.6775331639853232 	Best Valid Acc: 0.713661
Epoch: 194 	Training Cost: 6060.218508	 Valid Acc: 0.679226644086932 	Best Valid Acc: 0.713661
Epoch: 195 	Training Cost: 6036.759409	 Valid Acc: 0.676545300592718 	Best Valid Acc: 0.713661
Epoch: 196 	Training Cost: 6013.481518	 Valid Acc: 0.678662150719729 	Best Valid Acc: 0.713661
Epoch: 197 	Training Cost: 5990.355252	 Valid Acc: 0.6758396838837144 	Best Valid Acc: 0.713661
Epoch: 198 	Training Cost: 5967.357609	 Valid Acc: 0.6779565340107254 	Best Valid Acc: 0.713661
Epoch: 199 	Training Cost: 5944.528047	 Valid Acc: 0.6745695738075078 	Best Valid Acc: 0.713661
Epoch: 200 	Training Cost: 5921.957052	 Valid Acc: 0.6768275472763196 	Best Valid Acc: 0.713661
lr=1e-05, lamb=0, num_epoch=200, test_acc=0.6799322607959356
----------------------------------------------------------
----------------------------------------------------------
lr=1e-05, lamb=0.0001, num_epoch=200
Epoch: 1 	Training Cost: 13867.466680	 Valid Acc: 0.6232006773920407 	Best Valid Acc: 0.623201
Epoch: 2 	Training Cost: 12782.780715	 Valid Acc: 0.658058142816822 	Best Valid Acc: 0.658058
Epoch: 3 	Training Cost: 12009.157497	 Valid Acc: 0.6747106971493085 	Best Valid Acc: 0.674711
Epoch: 4 	Training Cost: 11717.211720	 Valid Acc: 0.6775331639853232 	Best Valid Acc: 0.677533
Epoch: 5 	Training Cost: 11583.420676	 Valid Acc: 0.6779565340107254 	Best Valid Acc: 0.677957
Epoch: 6 	Training Cost: 11505.362717	 Valid Acc: 0.6780976573525261 	Best Valid Acc: 0.678098
Epoch: 7 	Training Cost: 11454.068174	 Valid Acc: 0.6804967541631386 	Best Valid Acc: 0.680497
Epoch: 8 	Training Cost: 11418.149047	 Valid Acc: 0.6841659610499576 	Best Valid Acc: 0.684166
Epoch: 9 	Training Cost: 11391.204348	 Valid Acc: 0.6838837143663562 	Best Valid Acc: 0.684166
Epoch: 10 	Training Cost: 11369.173419	 Valid Acc: 0.6840248377081569 	Best Valid Acc: 0.684166
Epoch: 11 	Training Cost: 11348.914654	 Valid Acc: 0.6838837143663562 	Best Valid Acc: 0.684166
Epoch: 12 	Training Cost: 11327.713665	 Valid Acc: 0.6840248377081569 	Best Valid Acc: 0.684166
Epoch: 13 	Training Cost: 11303.226145	 Valid Acc: 0.6838837143663562 	Best Valid Acc: 0.684166
Epoch: 14 	Training Cost: 11273.577347	 Valid Acc: 0.6827547276319503 	Best Valid Acc: 0.684166
Epoch: 15 	Training Cost: 11235.665810	 Valid Acc: 0.6824724809483489 	Best Valid Acc: 0.684166
Epoch: 16 	Training Cost: 11187.753984	 Valid Acc: 0.6840248377081569 	Best Valid Acc: 0.684166
Epoch: 17 	Training Cost: 11127.158982	 Valid Acc: 0.6861416878351679 	Best Valid Acc: 0.686142
Epoch: 18 	Training Cost: 11053.597721	 Valid Acc: 0.6875529212531752 	Best Valid Acc: 0.687553
Epoch: 19 	Training Cost: 10969.343500	 Valid Acc: 0.6922099915325995 	Best Valid Acc: 0.692210
Epoch: 20 	Training Cost: 10877.260395	 Valid Acc: 0.6934801016088061 	Best Valid Acc: 0.693480
Epoch: 21 	Training Cost: 10781.539181	 Valid Acc: 0.6972904318374259 	Best Valid Acc: 0.697290
Epoch: 22 	Training Cost: 10686.600989	 Valid Acc: 0.6999717753316399 	Best Valid Acc: 0.699972
Epoch: 23 	Training Cost: 10596.739621	 Valid Acc: 0.7019475021168501 	Best Valid Acc: 0.701948
Epoch: 24 	Training Cost: 10514.979150	 Valid Acc: 0.7029353655094552 	Best Valid Acc: 0.702935
Epoch: 25 	Training Cost: 10442.835393	 Valid Acc: 0.7033587355348575 	Best Valid Acc: 0.703359
Epoch: 26 	Training Cost: 10379.530488	 Valid Acc: 0.7034998588766582 	Best Valid Acc: 0.703500
Epoch: 27 	Training Cost: 10323.615303	 Valid Acc: 0.7056167090036692 	Best Valid Acc: 0.705617
Epoch: 28 	Training Cost: 10273.916577	 Valid Acc: 0.7066045723962744 	Best Valid Acc: 0.706605
Epoch: 29 	Training Cost: 10229.467067	 Valid Acc: 0.7063223257126728 	Best Valid Acc: 0.706605
Epoch: 30 	Training Cost: 10189.384466	 Valid Acc: 0.7056167090036692 	Best Valid Acc: 0.706605
Epoch: 31 	Training Cost: 10153.213888	 Valid Acc: 0.7058989556872707 	Best Valid Acc: 0.706605
Epoch: 32 	Training Cost: 10120.405672	 Valid Acc: 0.7068868190798758 	Best Valid Acc: 0.706887
Epoch: 33 	Training Cost: 10090.770161	 Valid Acc: 0.7066045723962744 	Best Valid Acc: 0.706887
Epoch: 34 	Training Cost: 10063.769253	 Valid Acc: 0.7074513124470787 	Best Valid Acc: 0.707451
Epoch: 35 	Training Cost: 10039.295191	 Valid Acc: 0.707874682472481 	Best Valid Acc: 0.707875
Epoch: 36 	Training Cost: 10016.976623	 Valid Acc: 0.7085802991814846 	Best Valid Acc: 0.708580
Epoch: 37 	Training Cost: 9996.556409	 Valid Acc: 0.7105560259666949 	Best Valid Acc: 0.710556
Epoch: 38 	Training Cost: 9977.807791	 Valid Acc: 0.7108382726502963 	Best Valid Acc: 0.710838
Epoch: 39 	Training Cost: 9960.436992	 Valid Acc: 0.7108382726502963 	Best Valid Acc: 0.710838
Epoch: 40 	Training Cost: 9944.375845	 Valid Acc: 0.7115438893593 	Best Valid Acc: 0.711544
Epoch: 41 	Training Cost: 9929.385900	 Valid Acc: 0.7126728760937059 	Best Valid Acc: 0.712673
Epoch: 42 	Training Cost: 9915.333970	 Valid Acc: 0.7122495060683037 	Best Valid Acc: 0.712673
Epoch: 43 	Training Cost: 9902.105423	 Valid Acc: 0.713096246119108 	Best Valid Acc: 0.713096
Epoch: 44 	Training Cost: 9889.585101	 Valid Acc: 0.7129551227773073 	Best Valid Acc: 0.713096
Epoch: 45 	Training Cost: 9877.633670	 Valid Acc: 0.7126728760937059 	Best Valid Acc: 0.713096
Epoch: 46 	Training Cost: 9866.163692	 Valid Acc: 0.7129551227773073 	Best Valid Acc: 0.713096
Epoch: 47 	Training Cost: 9855.069472	 Valid Acc: 0.7125317527519052 	Best Valid Acc: 0.713096
Epoch: 48 	Training Cost: 9844.299775	 Valid Acc: 0.7128139994355066 	Best Valid Acc: 0.713096
Epoch: 49 	Training Cost: 9833.814262	 Valid Acc: 0.7132373694609089 	Best Valid Acc: 0.713237
Epoch: 50 	Training Cost: 9823.524320	 Valid Acc: 0.7126728760937059 	Best Valid Acc: 0.713237
Epoch: 51 	Training Cost: 9813.416736	 Valid Acc: 0.7122495060683037 	Best Valid Acc: 0.713237
Epoch: 52 	Training Cost: 9803.449865	 Valid Acc: 0.712108382726503 	Best Valid Acc: 0.713237
Epoch: 53 	Training Cost: 9793.539653	 Valid Acc: 0.7126728760937059 	Best Valid Acc: 0.713237
Epoch: 54 	Training Cost: 9783.604169	 Valid Acc: 0.7123906294101044 	Best Valid Acc: 0.713237
Epoch: 55 	Training Cost: 9773.737916	 Valid Acc: 0.713096246119108 	Best Valid Acc: 0.713237
Epoch: 56 	Training Cost: 9763.827448	 Valid Acc: 0.7133784928027096 	Best Valid Acc: 0.713378
Epoch: 57 	Training Cost: 9753.845889	 Valid Acc: 0.7138018628281118 	Best Valid Acc: 0.713802
Epoch: 58 	Training Cost: 9743.755005	 Valid Acc: 0.7145074795371155 	Best Valid Acc: 0.714507
Epoch: 59 	Training Cost: 9733.471256	 Valid Acc: 0.7146486028789162 	Best Valid Acc: 0.714649
Epoch: 60 	Training Cost: 9723.016353	 Valid Acc: 0.7139429861699125 	Best Valid Acc: 0.714649
Epoch: 61 	Training Cost: 9712.291033	 Valid Acc: 0.7140841095117132 	Best Valid Acc: 0.714649
Epoch: 62 	Training Cost: 9701.245839	 Valid Acc: 0.7146486028789162 	Best Valid Acc: 0.714649
Epoch: 63 	Training Cost: 9689.821602	 Valid Acc: 0.7147897262207169 	Best Valid Acc: 0.714790
Epoch: 64 	Training Cost: 9677.967473	 Valid Acc: 0.7145074795371155 	Best Valid Acc: 0.714790
Epoch: 65 	Training Cost: 9665.579153	 Valid Acc: 0.7159187129551228 	Best Valid Acc: 0.715919
Epoch: 66 	Training Cost: 9652.618768	 Valid Acc: 0.7167654530059272 	Best Valid Acc: 0.716765
Epoch: 67 	Training Cost: 9639.010930	 Valid Acc: 0.7166243296641265 	Best Valid Acc: 0.716765
Epoch: 68 	Training Cost: 9624.710100	 Valid Acc: 0.7170476996895286 	Best Valid Acc: 0.717048
Epoch: 69 	Training Cost: 9609.636949	 Valid Acc: 0.7169065763477279 	Best Valid Acc: 0.717048
Epoch: 70 	Training Cost: 9593.819355	 Valid Acc: 0.7180355630821338 	Best Valid Acc: 0.718036
Epoch: 71 	Training Cost: 9577.157993	 Valid Acc: 0.7178944397403331 	Best Valid Acc: 0.718036
Epoch: 72 	Training Cost: 9559.798088	 Valid Acc: 0.718458933107536 	Best Valid Acc: 0.718459
Epoch: 73 	Training Cost: 9541.646571	 Valid Acc: 0.718458933107536 	Best Valid Acc: 0.718459
Epoch: 74 	Training Cost: 9522.796430	 Valid Acc: 0.7183178097657352 	Best Valid Acc: 0.718459
Epoch: 75 	Training Cost: 9503.277367	 Valid Acc: 0.7183178097657352 	Best Valid Acc: 0.718459
Epoch: 76 	Training Cost: 9483.142914	 Valid Acc: 0.7190234264747389 	Best Valid Acc: 0.719023
Epoch: 77 	Training Cost: 9462.447880	 Valid Acc: 0.7195879198419418 	Best Valid Acc: 0.719588
Epoch: 78 	Training Cost: 9441.209770	 Valid Acc: 0.7190234264747389 	Best Valid Acc: 0.719588
Epoch: 79 	Training Cost: 9419.542215	 Valid Acc: 0.7191645498165397 	Best Valid Acc: 0.719588
Epoch: 80 	Training Cost: 9397.417695	 Valid Acc: 0.7190234264747389 	Best Valid Acc: 0.719588
Epoch: 81 	Training Cost: 9374.952470	 Valid Acc: 0.7180355630821338 	Best Valid Acc: 0.719588
Epoch: 82 	Training Cost: 9352.234177	 Valid Acc: 0.7173299463731301 	Best Valid Acc: 0.719588
Epoch: 83 	Training Cost: 9329.287394	 Valid Acc: 0.7177533163985323 	Best Valid Acc: 0.719588
Epoch: 84 	Training Cost: 9306.116897	 Valid Acc: 0.7170476996895286 	Best Valid Acc: 0.719588
Epoch: 85 	Training Cost: 9282.785129	 Valid Acc: 0.7171888230313294 	Best Valid Acc: 0.719588
Epoch: 86 	Training Cost: 9259.332166	 Valid Acc: 0.7166243296641265 	Best Valid Acc: 0.719588
Epoch: 87 	Training Cost: 9235.802124	 Valid Acc: 0.7170476996895286 	Best Valid Acc: 0.719588
Epoch: 88 	Training Cost: 9212.224170	 Valid Acc: 0.7160598362969235 	Best Valid Acc: 0.719588
Epoch: 89 	Training Cost: 9188.670441	 Valid Acc: 0.7153542195879199 	Best Valid Acc: 0.719588
Epoch: 90 	Training Cost: 9165.105625	 Valid Acc: 0.7164832063223258 	Best Valid Acc: 0.719588
Epoch: 91 	Training Cost: 9141.592303	 Valid Acc: 0.7163420829805249 	Best Valid Acc: 0.719588
Epoch: 92 	Training Cost: 9118.119127	 Valid Acc: 0.7160598362969235 	Best Valid Acc: 0.719588
Epoch: 93 	Training Cost: 9094.702091	 Valid Acc: 0.7156364662715213 	Best Valid Acc: 0.719588
Epoch: 94 	Training Cost: 9071.281314	 Valid Acc: 0.7146486028789162 	Best Valid Acc: 0.719588
Epoch: 95 	Training Cost: 9047.920259	 Valid Acc: 0.7145074795371155 	Best Valid Acc: 0.719588
Epoch: 96 	Training Cost: 9024.562514	 Valid Acc: 0.7133784928027096 	Best Valid Acc: 0.719588
Epoch: 97 	Training Cost: 9001.188092	 Valid Acc: 0.7126728760937059 	Best Valid Acc: 0.719588
Epoch: 98 	Training Cost: 8977.832324	 Valid Acc: 0.712108382726503 	Best Valid Acc: 0.719588
Epoch: 99 	Training Cost: 8954.414610	 Valid Acc: 0.7115438893593 	Best Valid Acc: 0.719588
Epoch: 100 	Training Cost: 8930.986945	 Valid Acc: 0.712108382726503 	Best Valid Acc: 0.719588
Epoch: 101 	Training Cost: 8907.486879	 Valid Acc: 0.712108382726503 	Best Valid Acc: 0.719588
Epoch: 102 	Training Cost: 8883.977921	 Valid Acc: 0.7122495060683037 	Best Valid Acc: 0.719588
Epoch: 103 	Training Cost: 8860.595270	 Valid Acc: 0.7123906294101044 	Best Valid Acc: 0.719588
Epoch: 104 	Training Cost: 8837.175251	 Valid Acc: 0.7125317527519052 	Best Valid Acc: 0.719588
Epoch: 105 	Training Cost: 8813.854997	 Valid Acc: 0.7123906294101044 	Best Valid Acc: 0.719588
Epoch: 106 	Training Cost: 8790.562749	 Valid Acc: 0.7122495060683037 	Best Valid Acc: 0.719588
Epoch: 107 	Training Cost: 8767.511472	 Valid Acc: 0.7123906294101044 	Best Valid Acc: 0.719588
Epoch: 108 	Training Cost: 8744.561115	 Valid Acc: 0.7123906294101044 	Best Valid Acc: 0.719588
Epoch: 109 	Training Cost: 8721.840321	 Valid Acc: 0.7116850127011007 	Best Valid Acc: 0.719588
Epoch: 110 	Training Cost: 8699.233396	 Valid Acc: 0.7115438893593 	Best Valid Acc: 0.719588
Epoch: 111 	Training Cost: 8677.012529	 Valid Acc: 0.7104149026248942 	Best Valid Acc: 0.719588
Epoch: 112 	Training Cost: 8654.743733	 Valid Acc: 0.7102737792830934 	Best Valid Acc: 0.719588
Epoch: 113 	Training Cost: 8632.924917	 Valid Acc: 0.7106971493084956 	Best Valid Acc: 0.719588
Epoch: 114 	Training Cost: 8611.119858	 Valid Acc: 0.7087214225232854 	Best Valid Acc: 0.719588
Epoch: 115 	Training Cost: 8589.696444	 Valid Acc: 0.7080158058142817 	Best Valid Acc: 0.719588
Epoch: 116 	Training Cost: 8568.414807	 Valid Acc: 0.7060400790290714 	Best Valid Acc: 0.719588
Epoch: 117 	Training Cost: 8547.517618	 Valid Acc: 0.70575783234547 	Best Valid Acc: 0.719588
Epoch: 118 	Training Cost: 8526.693375	 Valid Acc: 0.7054755856618685 	Best Valid Acc: 0.719588
Epoch: 119 	Training Cost: 8506.378029	 Valid Acc: 0.7039232289020604 	Best Valid Acc: 0.719588
Epoch: 120 	Training Cost: 8486.002696	 Valid Acc: 0.7033587355348575 	Best Valid Acc: 0.719588
Epoch: 121 	Training Cost: 8466.033352	 Valid Acc: 0.7039232289020604 	Best Valid Acc: 0.719588
Epoch: 122 	Training Cost: 8446.293151	 Valid Acc: 0.7039232289020604 	Best Valid Acc: 0.719588
Epoch: 123 	Training Cost: 8426.827372	 Valid Acc: 0.7032176121930568 	Best Valid Acc: 0.719588
Epoch: 124 	Training Cost: 8407.805989	 Valid Acc: 0.7027942421676545 	Best Valid Acc: 0.719588
Epoch: 125 	Training Cost: 8388.796037	 Valid Acc: 0.7020886254586508 	Best Valid Acc: 0.719588
Epoch: 126 	Training Cost: 8369.967811	 Valid Acc: 0.7022297488004516 	Best Valid Acc: 0.719588
Epoch: 127 	Training Cost: 8351.128138	 Valid Acc: 0.7026531188258538 	Best Valid Acc: 0.719588
Epoch: 128 	Training Cost: 8332.781766	 Valid Acc: 0.7018063787750494 	Best Valid Acc: 0.719588
Epoch: 129 	Training Cost: 8315.155245	 Valid Acc: 0.7023708721422524 	Best Valid Acc: 0.719588
Epoch: 130 	Training Cost: 8297.316328	 Valid Acc: 0.7015241320914479 	Best Valid Acc: 0.719588
Epoch: 131 	Training Cost: 8279.177569	 Valid Acc: 0.7013830087496472 	Best Valid Acc: 0.719588
Epoch: 132 	Training Cost: 8261.248419	 Valid Acc: 0.7020886254586508 	Best Valid Acc: 0.719588
Epoch: 133 	Training Cost: 8243.700666	 Valid Acc: 0.7012418854078465 	Best Valid Acc: 0.719588
Epoch: 134 	Training Cost: 8226.755743	 Valid Acc: 0.7026531188258538 	Best Valid Acc: 0.719588
Epoch: 135 	Training Cost: 8209.074915	 Valid Acc: 0.7015241320914479 	Best Valid Acc: 0.719588
Epoch: 136 	Training Cost: 8191.540480	 Valid Acc: 0.7009596387242449 	Best Valid Acc: 0.719588
Epoch: 137 	Training Cost: 8173.885314	 Valid Acc: 0.7011007620660458 	Best Valid Acc: 0.719588
Epoch: 138 	Training Cost: 8156.731805	 Valid Acc: 0.7009596387242449 	Best Valid Acc: 0.719588
Epoch: 139 	Training Cost: 8139.961662	 Valid Acc: 0.7013830087496472 	Best Valid Acc: 0.719588
Epoch: 140 	Training Cost: 8122.225301	 Valid Acc: 0.7008185153824442 	Best Valid Acc: 0.719588
Epoch: 141 	Training Cost: 8104.515277	 Valid Acc: 0.7009596387242449 	Best Valid Acc: 0.719588
Epoch: 142 	Training Cost: 8087.272469	 Valid Acc: 0.698842788597234 	Best Valid Acc: 0.719588
Epoch: 143 	Training Cost: 8070.363874	 Valid Acc: 0.6989839119390348 	Best Valid Acc: 0.719588
Epoch: 144 	Training Cost: 8052.761582	 Valid Acc: 0.6995484053062376 	Best Valid Acc: 0.719588
Epoch: 145 	Training Cost: 8034.794008	 Valid Acc: 0.698842788597234 	Best Valid Acc: 0.719588
Epoch: 146 	Training Cost: 8017.158767	 Valid Acc: 0.6985605419136325 	Best Valid Acc: 0.719588
Epoch: 147 	Training Cost: 7999.814626	 Valid Acc: 0.6991250352808355 	Best Valid Acc: 0.719588
Epoch: 148 	Training Cost: 7982.313407	 Valid Acc: 0.6970081851538245 	Best Valid Acc: 0.719588
Epoch: 149 	Training Cost: 7964.332867	 Valid Acc: 0.6972904318374259 	Best Valid Acc: 0.719588
Epoch: 150 	Training Cost: 7946.518487	 Valid Acc: 0.6970081851538245 	Best Valid Acc: 0.719588
Epoch: 151 	Training Cost: 7928.872565	 Valid Acc: 0.6960203217612193 	Best Valid Acc: 0.719588
Epoch: 152 	Training Cost: 7911.247408	 Valid Acc: 0.6970081851538245 	Best Valid Acc: 0.719588
Epoch: 153 	Training Cost: 7893.196325	 Valid Acc: 0.6968670618120237 	Best Valid Acc: 0.719588
Epoch: 154 	Training Cost: 7875.467577	 Valid Acc: 0.6958791984194186 	Best Valid Acc: 0.719588
Epoch: 155 	Training Cost: 7857.815801	 Valid Acc: 0.6957380750776179 	Best Valid Acc: 0.719588
Epoch: 156 	Training Cost: 7840.105695	 Valid Acc: 0.6971493084956252 	Best Valid Acc: 0.719588
Epoch: 157 	Training Cost: 7822.493762	 Valid Acc: 0.69616144510302 	Best Valid Acc: 0.719588
Epoch: 158 	Training Cost: 7804.997628	 Valid Acc: 0.6975726785210273 	Best Valid Acc: 0.719588
Epoch: 159 	Training Cost: 7788.410575	 Valid Acc: 0.6965848151284222 	Best Valid Acc: 0.719588
Epoch: 160 	Training Cost: 7770.855115	 Valid Acc: 0.6960203217612193 	Best Valid Acc: 0.719588
Epoch: 161 	Training Cost: 7753.820726	 Valid Acc: 0.6955969517358171 	Best Valid Acc: 0.719588
Epoch: 162 	Training Cost: 7736.620331	 Valid Acc: 0.6960203217612193 	Best Valid Acc: 0.719588
Epoch: 163 	Training Cost: 7719.724444	 Valid Acc: 0.6944679650014113 	Best Valid Acc: 0.719588
Epoch: 164 	Training Cost: 7702.976380	 Valid Acc: 0.6947502116850127 	Best Valid Acc: 0.719588
Epoch: 165 	Training Cost: 7686.423098	 Valid Acc: 0.6926333615580017 	Best Valid Acc: 0.719588
Epoch: 166 	Training Cost: 7669.967469	 Valid Acc: 0.6941857183178097 	Best Valid Acc: 0.719588
Epoch: 167 	Training Cost: 7654.021904	 Valid Acc: 0.6941857183178097 	Best Valid Acc: 0.719588
Epoch: 168 	Training Cost: 7637.401871	 Valid Acc: 0.6915043748235958 	Best Valid Acc: 0.719588
Epoch: 169 	Training Cost: 7621.467842	 Valid Acc: 0.6943268416596104 	Best Valid Acc: 0.719588
Epoch: 170 	Training Cost: 7605.558079	 Valid Acc: 0.6929156082416031 	Best Valid Acc: 0.719588
Epoch: 171 	Training Cost: 7589.708027	 Valid Acc: 0.692492238216201 	Best Valid Acc: 0.719588
Epoch: 172 	Training Cost: 7573.637475	 Valid Acc: 0.6929156082416031 	Best Valid Acc: 0.719588
Epoch: 173 	Training Cost: 7557.921748	 Valid Acc: 0.6922099915325995 	Best Valid Acc: 0.719588
Epoch: 174 	Training Cost: 7542.556173	 Valid Acc: 0.6912221281399944 	Best Valid Acc: 0.719588
Epoch: 175 	Training Cost: 7527.551803	 Valid Acc: 0.6926333615580017 	Best Valid Acc: 0.719588
Epoch: 176 	Training Cost: 7512.062438	 Valid Acc: 0.6930567315834039 	Best Valid Acc: 0.719588
Epoch: 177 	Training Cost: 7496.483219	 Valid Acc: 0.6916454981653966 	Best Valid Acc: 0.719588
Epoch: 178 	Training Cost: 7480.743541	 Valid Acc: 0.6922099915325995 	Best Valid Acc: 0.719588
Epoch: 179 	Training Cost: 7465.241123	 Valid Acc: 0.6917866215071973 	Best Valid Acc: 0.719588
Epoch: 180 	Training Cost: 7449.905928	 Valid Acc: 0.691927744848998 	Best Valid Acc: 0.719588
Epoch: 181 	Training Cost: 7434.646989	 Valid Acc: 0.691927744848998 	Best Valid Acc: 0.719588
Epoch: 182 	Training Cost: 7418.946527	 Valid Acc: 0.6917866215071973 	Best Valid Acc: 0.719588
Epoch: 183 	Training Cost: 7403.715827	 Valid Acc: 0.6912221281399944 	Best Valid Acc: 0.719588
Epoch: 184 	Training Cost: 7388.671927	 Valid Acc: 0.6909398814563928 	Best Valid Acc: 0.719588
Epoch: 185 	Training Cost: 7373.638919	 Valid Acc: 0.6915043748235958 	Best Valid Acc: 0.719588
Epoch: 186 	Training Cost: 7357.870052	 Valid Acc: 0.6909398814563928 	Best Valid Acc: 0.719588
Epoch: 187 	Training Cost: 7342.044718	 Valid Acc: 0.6899520180637877 	Best Valid Acc: 0.719588
Epoch: 188 	Training Cost: 7326.972565	 Valid Acc: 0.6891052780129834 	Best Valid Acc: 0.719588
Epoch: 189 	Training Cost: 7311.641002	 Valid Acc: 0.6886819079875811 	Best Valid Acc: 0.719588
Epoch: 190 	Training Cost: 7296.407639	 Valid Acc: 0.6881174146203782 	Best Valid Acc: 0.719588
Epoch: 191 	Training Cost: 7280.237623	 Valid Acc: 0.6888230313293818 	Best Valid Acc: 0.719588
Epoch: 192 	Training Cost: 7265.338302	 Valid Acc: 0.6868473045441716 	Best Valid Acc: 0.719588
Epoch: 193 	Training Cost: 7249.037635	 Valid Acc: 0.6883996613039797 	Best Valid Acc: 0.719588
Epoch: 194 	Training Cost: 7234.187214	 Valid Acc: 0.6881174146203782 	Best Valid Acc: 0.719588
Epoch: 195 	Training Cost: 7218.661656	 Valid Acc: 0.687694044594976 	Best Valid Acc: 0.719588
Epoch: 196 	Training Cost: 7202.716388	 Valid Acc: 0.687694044594976 	Best Valid Acc: 0.719588
Epoch: 197 	Training Cost: 7186.952246	 Valid Acc: 0.6868473045441716 	Best Valid Acc: 0.719588
Epoch: 198 	Training Cost: 7171.163346	 Valid Acc: 0.688258537962179 	Best Valid Acc: 0.719588
Epoch: 199 	Training Cost: 7155.689471	 Valid Acc: 0.6878351679367768 	Best Valid Acc: 0.719588
Epoch: 200 	Training Cost: 7139.716216	 Valid Acc: 0.6878351679367768 	Best Valid Acc: 0.719588
lr=1e-05, lamb=0.0001, num_epoch=200, test_acc=0.6745695738075078
----------------------------------------------------------
----------------------------------------------------------
lr=1e-05, lamb=0.001, num_epoch=200
Epoch: 1 	Training Cost: 14455.048578	 Valid Acc: 0.6346316680779001 	Best Valid Acc: 0.634632
Epoch: 2 	Training Cost: 13046.059262	 Valid Acc: 0.6549534292972058 	Best Valid Acc: 0.654953
Epoch: 3 	Training Cost: 12293.169654	 Valid Acc: 0.6651143099068586 	Best Valid Acc: 0.665114
Epoch: 4 	Training Cost: 11977.985295	 Valid Acc: 0.6713237369460909 	Best Valid Acc: 0.671324
Epoch: 5 	Training Cost: 11807.273594	 Valid Acc: 0.6741462037821055 	Best Valid Acc: 0.674146
Epoch: 6 	Training Cost: 11701.706425	 Valid Acc: 0.6826136042901496 	Best Valid Acc: 0.682614
Epoch: 7 	Training Cost: 11632.103140	 Valid Acc: 0.683460344340954 	Best Valid Acc: 0.683460
Epoch: 8 	Training Cost: 11583.899383	 Valid Acc: 0.682895850973751 	Best Valid Acc: 0.683460
Epoch: 9 	Training Cost: 11548.519473	 Valid Acc: 0.6843070843917584 	Best Valid Acc: 0.684307
Epoch: 10 	Training Cost: 11519.986302	 Valid Acc: 0.6843070843917584 	Best Valid Acc: 0.684307
Epoch: 11 	Training Cost: 11494.016743	 Valid Acc: 0.6851538244425628 	Best Valid Acc: 0.685154
Epoch: 12 	Training Cost: 11467.373798	 Valid Acc: 0.6845893310753599 	Best Valid Acc: 0.685154
Epoch: 13 	Training Cost: 11437.143196	 Valid Acc: 0.6838837143663562 	Best Valid Acc: 0.685154
Epoch: 14 	Training Cost: 11401.492651	 Valid Acc: 0.6840248377081569 	Best Valid Acc: 0.685154
Epoch: 15 	Training Cost: 11358.286782	 Valid Acc: 0.6848715777589613 	Best Valid Acc: 0.685154
Epoch: 16 	Training Cost: 11304.466355	 Valid Acc: 0.6857183178097658 	Best Valid Acc: 0.685718
Epoch: 17 	Training Cost: 11235.703509	 Valid Acc: 0.6888230313293818 	Best Valid Acc: 0.688823
Epoch: 18 	Training Cost: 11149.844077	 Valid Acc: 0.691927744848998 	Best Valid Acc: 0.691928
Epoch: 19 	Training Cost: 11050.970889	 Valid Acc: 0.6960203217612193 	Best Valid Acc: 0.696020
Epoch: 20 	Training Cost: 10947.274199	 Valid Acc: 0.6958791984194186 	Best Valid Acc: 0.696020
Epoch: 21 	Training Cost: 10847.559511	 Valid Acc: 0.6994072819644369 	Best Valid Acc: 0.699407
Epoch: 22 	Training Cost: 10757.596274	 Valid Acc: 0.7018063787750494 	Best Valid Acc: 0.701806
Epoch: 23 	Training Cost: 10679.030944	 Valid Acc: 0.7027942421676545 	Best Valid Acc: 0.702794
Epoch: 24 	Training Cost: 10611.263065	 Valid Acc: 0.7044877222692634 	Best Valid Acc: 0.704488
Epoch: 25 	Training Cost: 10552.621413	 Valid Acc: 0.7074513124470787 	Best Valid Acc: 0.707451
Epoch: 26 	Training Cost: 10501.509341	 Valid Acc: 0.7090036692068868 	Best Valid Acc: 0.709004
Epoch: 27 	Training Cost: 10456.649420	 Valid Acc: 0.7102737792830934 	Best Valid Acc: 0.710274
Epoch: 28 	Training Cost: 10417.324915	 Valid Acc: 0.7095681625740897 	Best Valid Acc: 0.710274
Epoch: 29 	Training Cost: 10382.681350	 Valid Acc: 0.7114027660174993 	Best Valid Acc: 0.711403
Epoch: 30 	Training Cost: 10352.018188	 Valid Acc: 0.7106971493084956 	Best Valid Acc: 0.711403
Epoch: 31 	Training Cost: 10324.707510	 Valid Acc: 0.7114027660174993 	Best Valid Acc: 0.711403
Epoch: 32 	Training Cost: 10300.316007	 Valid Acc: 0.7109793959920971 	Best Valid Acc: 0.711403
Epoch: 33 	Training Cost: 10278.345390	 Valid Acc: 0.7118261360429015 	Best Valid Acc: 0.711826
Epoch: 34 	Training Cost: 10258.711385	 Valid Acc: 0.7123906294101044 	Best Valid Acc: 0.712391
Epoch: 35 	Training Cost: 10240.737515	 Valid Acc: 0.7126728760937059 	Best Valid Acc: 0.712673
Epoch: 36 	Training Cost: 10224.680214	 Valid Acc: 0.712108382726503 	Best Valid Acc: 0.712673
Epoch: 37 	Training Cost: 10209.878854	 Valid Acc: 0.7122495060683037 	Best Valid Acc: 0.712673
Epoch: 38 	Training Cost: 10196.269379	 Valid Acc: 0.712108382726503 	Best Valid Acc: 0.712673
Epoch: 39 	Training Cost: 10183.750722	 Valid Acc: 0.712108382726503 	Best Valid Acc: 0.712673
Epoch: 40 	Training Cost: 10172.118506	 Valid Acc: 0.7126728760937059 	Best Valid Acc: 0.712673
Epoch: 41 	Training Cost: 10161.494835	 Valid Acc: 0.7123906294101044 	Best Valid Acc: 0.712673
Epoch: 42 	Training Cost: 10151.385788	 Valid Acc: 0.7129551227773073 	Best Valid Acc: 0.712955
Epoch: 43 	Training Cost: 10141.919369	 Valid Acc: 0.7133784928027096 	Best Valid Acc: 0.713378
Epoch: 44 	Training Cost: 10133.039741	 Valid Acc: 0.7129551227773073 	Best Valid Acc: 0.713378
Epoch: 45 	Training Cost: 10124.632610	 Valid Acc: 0.713660739486311 	Best Valid Acc: 0.713661
Epoch: 46 	Training Cost: 10116.706070	 Valid Acc: 0.7146486028789162 	Best Valid Acc: 0.714649
Epoch: 47 	Training Cost: 10109.140976	 Valid Acc: 0.7145074795371155 	Best Valid Acc: 0.714649
Epoch: 48 	Training Cost: 10101.879087	 Valid Acc: 0.714225232853514 	Best Valid Acc: 0.714649
Epoch: 49 	Training Cost: 10094.923125	 Valid Acc: 0.7145074795371155 	Best Valid Acc: 0.714649
Epoch: 50 	Training Cost: 10088.238281	 Valid Acc: 0.7145074795371155 	Best Valid Acc: 0.714649
Epoch: 51 	Training Cost: 10081.821386	 Valid Acc: 0.7139429861699125 	Best Valid Acc: 0.714649
Epoch: 52 	Training Cost: 10075.601777	 Valid Acc: 0.713660739486311 	Best Valid Acc: 0.714649
Epoch: 53 	Training Cost: 10069.583812	 Valid Acc: 0.713096246119108 	Best Valid Acc: 0.714649
Epoch: 54 	Training Cost: 10063.729044	 Valid Acc: 0.7138018628281118 	Best Valid Acc: 0.714649
Epoch: 55 	Training Cost: 10058.029722	 Valid Acc: 0.7129551227773073 	Best Valid Acc: 0.714649
Epoch: 56 	Training Cost: 10052.456010	 Valid Acc: 0.7125317527519052 	Best Valid Acc: 0.714649
Epoch: 57 	Training Cost: 10047.003331	 Valid Acc: 0.7126728760937059 	Best Valid Acc: 0.714649
Epoch: 58 	Training Cost: 10041.655659	 Valid Acc: 0.7116850127011007 	Best Valid Acc: 0.714649
Epoch: 59 	Training Cost: 10036.413285	 Valid Acc: 0.7111205193338979 	Best Valid Acc: 0.714649
Epoch: 60 	Training Cost: 10031.262074	 Valid Acc: 0.7115438893593 	Best Valid Acc: 0.714649
Epoch: 61 	Training Cost: 10026.185989	 Valid Acc: 0.7116850127011007 	Best Valid Acc: 0.714649
Epoch: 62 	Training Cost: 10021.204464	 Valid Acc: 0.7119672593847022 	Best Valid Acc: 0.714649
Epoch: 63 	Training Cost: 10016.259789	 Valid Acc: 0.712108382726503 	Best Valid Acc: 0.714649
Epoch: 64 	Training Cost: 10011.409846	 Valid Acc: 0.7122495060683037 	Best Valid Acc: 0.714649
Epoch: 65 	Training Cost: 10006.600602	 Valid Acc: 0.7122495060683037 	Best Valid Acc: 0.714649
Epoch: 66 	Training Cost: 10001.829560	 Valid Acc: 0.7125317527519052 	Best Valid Acc: 0.714649
Epoch: 67 	Training Cost: 9997.136131	 Valid Acc: 0.713096246119108 	Best Valid Acc: 0.714649
Epoch: 68 	Training Cost: 9992.465687	 Valid Acc: 0.7140841095117132 	Best Valid Acc: 0.714649
Epoch: 69 	Training Cost: 9987.842997	 Valid Acc: 0.7133784928027096 	Best Valid Acc: 0.714649
Epoch: 70 	Training Cost: 9983.269646	 Valid Acc: 0.7133784928027096 	Best Valid Acc: 0.714649
Epoch: 71 	Training Cost: 9978.728989	 Valid Acc: 0.7132373694609089 	Best Valid Acc: 0.714649
Epoch: 72 	Training Cost: 9974.239651	 Valid Acc: 0.713096246119108 	Best Valid Acc: 0.714649
Epoch: 73 	Training Cost: 9969.768721	 Valid Acc: 0.7128139994355066 	Best Valid Acc: 0.714649
Epoch: 74 	Training Cost: 9965.355412	 Valid Acc: 0.713096246119108 	Best Valid Acc: 0.714649
Epoch: 75 	Training Cost: 9960.949971	 Valid Acc: 0.7138018628281118 	Best Valid Acc: 0.714649
Epoch: 76 	Training Cost: 9956.596865	 Valid Acc: 0.7139429861699125 	Best Valid Acc: 0.714649
Epoch: 77 	Training Cost: 9952.249142	 Valid Acc: 0.7139429861699125 	Best Valid Acc: 0.714649
Epoch: 78 	Training Cost: 9947.953366	 Valid Acc: 0.714225232853514 	Best Valid Acc: 0.714649
Epoch: 79 	Training Cost: 9943.660891	 Valid Acc: 0.7139429861699125 	Best Valid Acc: 0.714649
Epoch: 80 	Training Cost: 9939.408598	 Valid Acc: 0.7139429861699125 	Best Valid Acc: 0.714649
Epoch: 81 	Training Cost: 9935.169178	 Valid Acc: 0.7143663561953147 	Best Valid Acc: 0.714649
Epoch: 82 	Training Cost: 9930.958911	 Valid Acc: 0.7145074795371155 	Best Valid Acc: 0.714649
Epoch: 83 	Training Cost: 9926.756523	 Valid Acc: 0.7143663561953147 	Best Valid Acc: 0.714649
Epoch: 84 	Training Cost: 9922.581143	 Valid Acc: 0.7149308495625176 	Best Valid Acc: 0.714931
Epoch: 85 	Training Cost: 9918.417842	 Valid Acc: 0.7152130962461191 	Best Valid Acc: 0.715213
Epoch: 86 	Training Cost: 9914.257926	 Valid Acc: 0.7150719729043183 	Best Valid Acc: 0.715213
Epoch: 87 	Training Cost: 9910.130907	 Valid Acc: 0.7150719729043183 	Best Valid Acc: 0.715213
Epoch: 88 	Training Cost: 9905.985456	 Valid Acc: 0.7152130962461191 	Best Valid Acc: 0.715213
Epoch: 89 	Training Cost: 9901.855623	 Valid Acc: 0.7156364662715213 	Best Valid Acc: 0.715636
Epoch: 90 	Training Cost: 9897.732997	 Valid Acc: 0.7154953429297206 	Best Valid Acc: 0.715636
Epoch: 91 	Training Cost: 9893.580455	 Valid Acc: 0.7160598362969235 	Best Valid Acc: 0.716060
Epoch: 92 	Training Cost: 9889.424336	 Valid Acc: 0.7162009596387242 	Best Valid Acc: 0.716201
Epoch: 93 	Training Cost: 9885.262770	 Valid Acc: 0.7160598362969235 	Best Valid Acc: 0.716201
Epoch: 94 	Training Cost: 9881.057220	 Valid Acc: 0.7163420829805249 	Best Valid Acc: 0.716342
Epoch: 95 	Training Cost: 9876.861387	 Valid Acc: 0.7171888230313294 	Best Valid Acc: 0.717189
Epoch: 96 	Training Cost: 9872.613577	 Valid Acc: 0.7171888230313294 	Best Valid Acc: 0.717189
Epoch: 97 	Training Cost: 9868.371876	 Valid Acc: 0.7167654530059272 	Best Valid Acc: 0.717189
Epoch: 98 	Training Cost: 9864.069102	 Valid Acc: 0.7169065763477279 	Best Valid Acc: 0.717189
Epoch: 99 	Training Cost: 9859.775628	 Valid Acc: 0.7170476996895286 	Best Valid Acc: 0.717189
Epoch: 100 	Training Cost: 9855.396794	 Valid Acc: 0.7169065763477279 	Best Valid Acc: 0.717189
Epoch: 101 	Training Cost: 9850.991767	 Valid Acc: 0.7173299463731301 	Best Valid Acc: 0.717330
Epoch: 102 	Training Cost: 9846.488690	 Valid Acc: 0.7174710697149308 	Best Valid Acc: 0.717471
Epoch: 103 	Training Cost: 9841.953698	 Valid Acc: 0.7169065763477279 	Best Valid Acc: 0.717471
Epoch: 104 	Training Cost: 9837.315410	 Valid Acc: 0.7169065763477279 	Best Valid Acc: 0.717471
Epoch: 105 	Training Cost: 9832.643040	 Valid Acc: 0.7163420829805249 	Best Valid Acc: 0.717471
Epoch: 106 	Training Cost: 9827.804949	 Valid Acc: 0.7162009596387242 	Best Valid Acc: 0.717471
Epoch: 107 	Training Cost: 9822.962306	 Valid Acc: 0.7159187129551228 	Best Valid Acc: 0.717471
Epoch: 108 	Training Cost: 9817.943635	 Valid Acc: 0.7152130962461191 	Best Valid Acc: 0.717471
Epoch: 109 	Training Cost: 9812.859432	 Valid Acc: 0.7149308495625176 	Best Valid Acc: 0.717471
Epoch: 110 	Training Cost: 9807.629915	 Valid Acc: 0.7146486028789162 	Best Valid Acc: 0.717471
Epoch: 111 	Training Cost: 9802.294241	 Valid Acc: 0.7150719729043183 	Best Valid Acc: 0.717471
Epoch: 112 	Training Cost: 9796.805154	 Valid Acc: 0.7154953429297206 	Best Valid Acc: 0.717471
Epoch: 113 	Training Cost: 9791.208269	 Valid Acc: 0.7149308495625176 	Best Valid Acc: 0.717471
Epoch: 114 	Training Cost: 9785.467860	 Valid Acc: 0.7153542195879199 	Best Valid Acc: 0.717471
Epoch: 115 	Training Cost: 9779.597657	 Valid Acc: 0.7152130962461191 	Best Valid Acc: 0.717471
Epoch: 116 	Training Cost: 9773.543006	 Valid Acc: 0.7149308495625176 	Best Valid Acc: 0.717471
Epoch: 117 	Training Cost: 9767.325526	 Valid Acc: 0.7150719729043183 	Best Valid Acc: 0.717471
Epoch: 118 	Training Cost: 9760.910547	 Valid Acc: 0.7152130962461191 	Best Valid Acc: 0.717471
Epoch: 119 	Training Cost: 9754.317297	 Valid Acc: 0.7154953429297206 	Best Valid Acc: 0.717471
Epoch: 120 	Training Cost: 9747.521729	 Valid Acc: 0.7154953429297206 	Best Valid Acc: 0.717471
Epoch: 121 	Training Cost: 9740.501297	 Valid Acc: 0.7154953429297206 	Best Valid Acc: 0.717471
Epoch: 122 	Training Cost: 9733.312979	 Valid Acc: 0.7153542195879199 	Best Valid Acc: 0.717471
Epoch: 123 	Training Cost: 9725.883262	 Valid Acc: 0.7149308495625176 	Best Valid Acc: 0.717471
Epoch: 124 	Training Cost: 9718.264400	 Valid Acc: 0.7145074795371155 	Best Valid Acc: 0.717471
Epoch: 125 	Training Cost: 9710.454392	 Valid Acc: 0.7145074795371155 	Best Valid Acc: 0.717471
Epoch: 126 	Training Cost: 9702.485779	 Valid Acc: 0.7139429861699125 	Best Valid Acc: 0.717471
Epoch: 127 	Training Cost: 9694.317650	 Valid Acc: 0.7129551227773073 	Best Valid Acc: 0.717471
Epoch: 128 	Training Cost: 9685.998267	 Valid Acc: 0.713660739486311 	Best Valid Acc: 0.717471
Epoch: 129 	Training Cost: 9677.510211	 Valid Acc: 0.7133784928027096 	Best Valid Acc: 0.717471
Epoch: 130 	Training Cost: 9668.864560	 Valid Acc: 0.7128139994355066 	Best Valid Acc: 0.717471
Epoch: 131 	Training Cost: 9660.083626	 Valid Acc: 0.7122495060683037 	Best Valid Acc: 0.717471
Epoch: 132 	Training Cost: 9651.304305	 Valid Acc: 0.7119672593847022 	Best Valid Acc: 0.717471
Epoch: 133 	Training Cost: 9642.482340	 Valid Acc: 0.7112616426756986 	Best Valid Acc: 0.717471
Epoch: 134 	Training Cost: 9633.743544	 Valid Acc: 0.7108382726502963 	Best Valid Acc: 0.717471
Epoch: 135 	Training Cost: 9625.010770	 Valid Acc: 0.7108382726502963 	Best Valid Acc: 0.717471
Epoch: 136 	Training Cost: 9616.440686	 Valid Acc: 0.7106971493084956 	Best Valid Acc: 0.717471
Epoch: 137 	Training Cost: 9607.962048	 Valid Acc: 0.7106971493084956 	Best Valid Acc: 0.717471
Epoch: 138 	Training Cost: 9599.673494	 Valid Acc: 0.7101326559412927 	Best Valid Acc: 0.717471
Epoch: 139 	Training Cost: 9591.542437	 Valid Acc: 0.709991532599492 	Best Valid Acc: 0.717471
Epoch: 140 	Training Cost: 9583.608703	 Valid Acc: 0.7102737792830934 	Best Valid Acc: 0.717471
Epoch: 141 	Training Cost: 9575.815368	 Valid Acc: 0.7102737792830934 	Best Valid Acc: 0.717471
Epoch: 142 	Training Cost: 9568.229654	 Valid Acc: 0.7095681625740897 	Best Valid Acc: 0.717471
Epoch: 143 	Training Cost: 9560.749669	 Valid Acc: 0.7101326559412927 	Best Valid Acc: 0.717471
Epoch: 144 	Training Cost: 9553.575826	 Valid Acc: 0.7106971493084956 	Best Valid Acc: 0.717471
Epoch: 145 	Training Cost: 9546.438381	 Valid Acc: 0.7104149026248942 	Best Valid Acc: 0.717471
Epoch: 146 	Training Cost: 9539.642723	 Valid Acc: 0.7104149026248942 	Best Valid Acc: 0.717471
Epoch: 147 	Training Cost: 9532.735985	 Valid Acc: 0.7091447925486876 	Best Valid Acc: 0.717471
Epoch: 148 	Training Cost: 9526.328217	 Valid Acc: 0.7102737792830934 	Best Valid Acc: 0.717471
Epoch: 149 	Training Cost: 9519.610645	 Valid Acc: 0.7092859158904883 	Best Valid Acc: 0.717471
Epoch: 150 	Training Cost: 9513.597907	 Valid Acc: 0.7098504092576913 	Best Valid Acc: 0.717471
Epoch: 151 	Training Cost: 9507.176760	 Valid Acc: 0.7088625458650861 	Best Valid Acc: 0.717471
Epoch: 152 	Training Cost: 9501.275512	 Valid Acc: 0.7085802991814846 	Best Valid Acc: 0.717471
Epoch: 153 	Training Cost: 9495.181739	 Valid Acc: 0.7077335591306803 	Best Valid Acc: 0.717471
Epoch: 154 	Training Cost: 9489.500749	 Valid Acc: 0.7085802991814846 	Best Valid Acc: 0.717471
Epoch: 155 	Training Cost: 9483.450828	 Valid Acc: 0.7067456957380751 	Best Valid Acc: 0.717471
Epoch: 156 	Training Cost: 9477.999829	 Valid Acc: 0.7075924357888794 	Best Valid Acc: 0.717471
Epoch: 157 	Training Cost: 9472.156279	 Valid Acc: 0.7060400790290714 	Best Valid Acc: 0.717471
Epoch: 158 	Training Cost: 9466.730320	 Valid Acc: 0.7075924357888794 	Best Valid Acc: 0.717471
Epoch: 159 	Training Cost: 9461.217000	 Valid Acc: 0.7067456957380751 	Best Valid Acc: 0.717471
Epoch: 160 	Training Cost: 9455.836946	 Valid Acc: 0.7077335591306803 	Best Valid Acc: 0.717471
Epoch: 161 	Training Cost: 9450.438573	 Valid Acc: 0.7068868190798758 	Best Valid Acc: 0.717471
Epoch: 162 	Training Cost: 9445.259415	 Valid Acc: 0.7074513124470787 	Best Valid Acc: 0.717471
Epoch: 163 	Training Cost: 9439.977340	 Valid Acc: 0.7058989556872707 	Best Valid Acc: 0.717471
Epoch: 164 	Training Cost: 9435.057393	 Valid Acc: 0.7063223257126728 	Best Valid Acc: 0.717471
Epoch: 165 	Training Cost: 9429.974085	 Valid Acc: 0.705193338978267 	Best Valid Acc: 0.717471
Epoch: 166 	Training Cost: 9425.135130	 Valid Acc: 0.7047699689528648 	Best Valid Acc: 0.717471
Epoch: 167 	Training Cost: 9420.172896	 Valid Acc: 0.7046288456110641 	Best Valid Acc: 0.717471
Epoch: 168 	Training Cost: 9415.451884	 Valid Acc: 0.7044877222692634 	Best Valid Acc: 0.717471
Epoch: 169 	Training Cost: 9410.683149	 Valid Acc: 0.7043465989274627 	Best Valid Acc: 0.717471
Epoch: 170 	Training Cost: 9406.189117	 Valid Acc: 0.7036409822184589 	Best Valid Acc: 0.717471
Epoch: 171 	Training Cost: 9401.448883	 Valid Acc: 0.7043465989274627 	Best Valid Acc: 0.717471
Epoch: 172 	Training Cost: 9397.005072	 Valid Acc: 0.7037821055602597 	Best Valid Acc: 0.717471
Epoch: 173 	Training Cost: 9392.350238	 Valid Acc: 0.7043465989274627 	Best Valid Acc: 0.717471
Epoch: 174 	Training Cost: 9388.006033	 Valid Acc: 0.7029353655094552 	Best Valid Acc: 0.717471
Epoch: 175 	Training Cost: 9383.557256	 Valid Acc: 0.7036409822184589 	Best Valid Acc: 0.717471
Epoch: 176 	Training Cost: 9379.573874	 Valid Acc: 0.7032176121930568 	Best Valid Acc: 0.717471
Epoch: 177 	Training Cost: 9375.308659	 Valid Acc: 0.703076488851256 	Best Valid Acc: 0.717471
Epoch: 178 	Training Cost: 9371.143429	 Valid Acc: 0.7027942421676545 	Best Valid Acc: 0.717471
Epoch: 179 	Training Cost: 9366.724067	 Valid Acc: 0.7027942421676545 	Best Valid Acc: 0.717471
Epoch: 180 	Training Cost: 9362.701574	 Valid Acc: 0.7039232289020604 	Best Valid Acc: 0.717471
Epoch: 181 	Training Cost: 9358.552172	 Valid Acc: 0.7025119954840531 	Best Valid Acc: 0.717471
Epoch: 182 	Training Cost: 9354.799622	 Valid Acc: 0.7022297488004516 	Best Valid Acc: 0.717471
Epoch: 183 	Training Cost: 9350.853346	 Valid Acc: 0.7015241320914479 	Best Valid Acc: 0.717471
Epoch: 184 	Training Cost: 9346.885346	 Valid Acc: 0.7034998588766582 	Best Valid Acc: 0.717471
Epoch: 185 	Training Cost: 9342.758471	 Valid Acc: 0.7034998588766582 	Best Valid Acc: 0.717471
Epoch: 186 	Training Cost: 9338.963467	 Valid Acc: 0.7040643522438611 	Best Valid Acc: 0.717471
Epoch: 187 	Training Cost: 9335.128500	 Valid Acc: 0.7034998588766582 	Best Valid Acc: 0.717471
Epoch: 188 	Training Cost: 9331.328587	 Valid Acc: 0.7050522156364663 	Best Valid Acc: 0.717471
Epoch: 189 	Training Cost: 9327.383763	 Valid Acc: 0.7039232289020604 	Best Valid Acc: 0.717471
Epoch: 190 	Training Cost: 9323.528860	 Valid Acc: 0.7050522156364663 	Best Valid Acc: 0.717471
Epoch: 191 	Training Cost: 9319.940433	 Valid Acc: 0.7040643522438611 	Best Valid Acc: 0.717471
Epoch: 192 	Training Cost: 9316.167101	 Valid Acc: 0.70575783234547 	Best Valid Acc: 0.717471
Epoch: 193 	Training Cost: 9312.708006	 Valid Acc: 0.70575783234547 	Best Valid Acc: 0.717471
Epoch: 194 	Training Cost: 9308.499228	 Valid Acc: 0.7049110922946655 	Best Valid Acc: 0.717471
Epoch: 195 	Training Cost: 9305.146043	 Valid Acc: 0.705193338978267 	Best Valid Acc: 0.717471
Epoch: 196 	Training Cost: 9301.154009	 Valid Acc: 0.7054755856618685 	Best Valid Acc: 0.717471
Epoch: 197 	Training Cost: 9297.764478	 Valid Acc: 0.7049110922946655 	Best Valid Acc: 0.717471
Epoch: 198 	Training Cost: 9294.090193	 Valid Acc: 0.7050522156364663 	Best Valid Acc: 0.717471
Epoch: 199 	Training Cost: 9291.075284	 Valid Acc: 0.7047699689528648 	Best Valid Acc: 0.717471
Epoch: 200 	Training Cost: 9287.264874	 Valid Acc: 0.7053344623200677 	Best Valid Acc: 0.717471
lr=1e-05, lamb=0.001, num_epoch=200, test_acc=0.7081569291560824
----------------------------------------------------------
lr=1e-05, lamb=0, best_valid_acc=([13826.097792863846, 12728.52834379673, 11962.942199230194, 11667.698790550232, 11531.648776471615, 11452.521931409836, 11400.335277557373, 11362.61020642519, 11332.862943828106, 11305.97221159935, 11278.500846743584, 11246.927655994892, 11208.38377326727, 11160.610540628433, 11102.344875991344, 11034.806643128395, 10961.243948996067, 10884.55932211876, 10807.443745076656, 10732.881393551826, 10662.33490806818, 10596.329208016396, 10534.649575591087, 10476.520332098007, 10422.17300158739, 10371.577547311783, 10324.249810874462, 10280.12531632185, 10239.006570577621, 10200.32724571228, 10164.201495587826, 10130.664530098438, 10099.455200612545, 10070.289829909801, 10043.042579233646, 10017.464537322521, 9993.301763176918, 9970.608042240143, 9949.199729144573, 9928.959366947412, 9909.670048058033, 9891.253362238407, 9873.584555327892, 9856.632006675005, 9840.297209173441, 9824.535050988197, 9809.267376720905, 9794.451354265213, 9780.040870964527, 9765.94858083129, 9752.118862092495, 9738.467846527696, 9724.995266526937, 9711.658143609762, 9698.300264433026, 9684.850751906633, 9671.31083200872, 9657.482564717531, 9643.381449148059, 9628.96982550621, 9614.221780523658, 9598.967626065016, 9583.19997549057, 9566.873520612717, 9549.911351934075, 9532.195598900318, 9513.67913775146, 9494.282362386584, 9473.943238347769, 9452.630037099123, 9430.510612294078, 9407.51755926013, 9383.73002153635, 9359.165458917618, 9333.965855747461, 9308.283443808556, 9282.285961210728, 9255.98432663083, 9229.494973480701, 9202.99969536066, 9176.471213936806, 9150.041283041239, 9123.660769701004, 9097.50312024355, 9071.473245054483, 9045.51866465807, 9019.774623185396, 8994.190764293075, 8968.76318693161, 8943.396129459143, 8918.186104744673, 8893.063450455666, 8867.974933564663, 8842.909010976553, 8817.734559223056, 8792.530769020319, 8767.036865845323, 8741.342553675175, 8715.311937853694, 8689.051622197032, 8662.593707546592, 8635.957954026759, 8609.036256238818, 8582.007695928216, 8554.746667668223, 8527.398029476404, 8499.707276836038, 8471.964667215943, 8443.957513719797, 8415.753408968449, 8387.36869970709, 8358.884248122573, 8330.247442305088, 8301.404593333602, 8272.505825459957, 8243.57590752095, 8214.525329768658, 8185.408709436655, 8156.33916413784, 8127.087620213628, 8097.856434442103, 8068.659691795707, 8039.244549334049, 8009.860353514552, 7980.264261350036, 7950.571742139757, 7921.060983732343, 7891.661289393902, 7862.0780247449875, 7832.783081904054, 7803.351105362177, 7773.847109124064, 7744.4553335011005, 7715.084634184837, 7685.664147302508, 7656.331849709153, 7626.839638024569, 7597.539727054536, 7568.174496605992, 7538.884988754988, 7509.58469376713, 7480.38382204622, 7450.9723633006215, 7421.720872737467, 7392.529017403722, 7363.2883891016245, 7334.077587127686, 7304.892931044102, 7275.399592392147, 7246.091523177922, 7216.887706361711, 7187.795742981136, 7158.774707823992, 7129.695948258042, 7100.701048225164, 7071.858689211309, 7042.9605284407735, 7014.208725780249, 6985.546703733504, 6956.830310933292, 6928.324616082013, 6899.8147751912475, 6871.395303450525, 6843.051456794143, 6814.760631814599, 6786.547842301428, 6758.531669199467, 6730.640374541283, 6702.966078352183, 6675.316911302507, 6647.77988338843, 6620.519946172833, 6593.321582321078, 6566.391891244799, 6539.338916517794, 6512.668064791709, 6486.01197136566, 6459.597656730562, 6433.285954084247, 6407.152115084231, 6381.13144210726, 6355.458189357072, 6329.805751554668, 6304.515104442835, 6279.227634143084, 6254.2041040845215, 6229.221173144877, 6204.600337445736, 6180.070073682815, 6155.749294385314, 6131.593345310539, 6107.643926974386, 6083.825304426253, 6060.218507725745, 6036.759409055114, 6013.481518238783, 5990.355251502246, 5967.357609109953, 5944.528047405183, 5921.957051556557], [0.627293254304262, 0.6587637595258256, 0.6742873271239063, 0.679226644086932, 0.6827547276319503, 0.6831780976573525, 0.6838837143663562, 0.6850127011007621, 0.6850127011007621, 0.6851538244425628, 0.6854360711261642, 0.6854360711261642, 0.6874117979113745, 0.6878351679367768, 0.6875529212531752, 0.6881174146203782, 0.6900931414055885, 0.6936212249506069, 0.69616144510302, 0.694044594976009, 0.6957380750776179, 0.6985605419136325, 0.6992661586226362, 0.7009596387242449, 0.7022297488004516, 0.7033587355348575, 0.7027942421676545, 0.7046288456110641, 0.705193338978267, 0.7063223257126728, 0.7060400790290714, 0.7068868190798758, 0.7068868190798758, 0.7080158058142817, 0.709427039232289, 0.7092859158904883, 0.7095681625740897, 0.7097092859158904, 0.7101326559412927, 0.7105560259666949, 0.7123906294101044, 0.7123906294101044, 0.7119672593847022, 0.7125317527519052, 0.7123906294101044, 0.7116850127011007, 0.7123906294101044, 0.712108382726503, 0.7128139994355066, 0.7123906294101044, 0.7123906294101044, 0.7133784928027096, 0.713660739486311, 0.7133784928027096, 0.7126728760937059, 0.7125317527519052, 0.7128139994355066, 0.7135196161445103, 0.7132373694609089, 0.7133784928027096, 0.713096246119108, 0.7129551227773073, 0.7129551227773073, 0.7125317527519052, 0.7123906294101044, 0.7119672593847022, 0.7123906294101044, 0.7129551227773073, 0.7133784928027096, 0.7125317527519052, 0.7128139994355066, 0.7123906294101044, 0.713660739486311, 0.7133784928027096, 0.713660739486311, 0.713660739486311, 0.7128139994355066, 0.7126728760937059, 0.7125317527519052, 0.7126728760937059, 0.7129551227773073, 0.712108382726503, 0.7123906294101044, 0.7125317527519052, 0.7126728760937059, 0.7118261360429015, 0.7114027660174993, 0.7115438893593, 0.7111205193338979, 0.7092859158904883, 0.707874682472481, 0.7080158058142817, 0.7080158058142817, 0.7077335591306803, 0.7077335591306803, 0.7067456957380751, 0.7060400790290714, 0.7061812023708721, 0.705193338978267, 0.7047699689528648, 0.7043465989274627, 0.7049110922946655, 0.7049110922946655, 0.7042054755856618, 0.7043465989274627, 0.7032176121930568, 0.7040643522438611, 0.7034998588766582, 0.7023708721422524, 0.7023708721422524, 0.7022297488004516, 0.7026531188258538, 0.7023708721422524, 0.7020886254586508, 0.7023708721422524, 0.7011007620660458, 0.7025119954840531, 0.7013830087496472, 0.7015241320914479, 0.6999717753316399, 0.7005362686988428, 0.6992661586226362, 0.7001128986734406, 0.7003951453570421, 0.6985605419136325, 0.6985605419136325, 0.6989839119390348, 0.6981371718882303, 0.6968670618120237, 0.6970081851538245, 0.6968670618120237, 0.694609088343212, 0.694609088343212, 0.6939034716342083, 0.6926333615580017, 0.6926333615580017, 0.6937623482924076, 0.6923511148744003, 0.6930567315834039, 0.6905165114309907, 0.6896697713801863, 0.689810894721987, 0.6896697713801863, 0.6888230313293818, 0.6899520180637877, 0.6883996613039797, 0.6879762912785775, 0.6885407846457804, 0.6899520180637877, 0.689810894721987, 0.6906576347727914, 0.6906576347727914, 0.6912221281399944, 0.6907987581145921, 0.6902342647473892, 0.689810894721987, 0.6902342647473892, 0.6900931414055885, 0.6902342647473892, 0.6910810047981937, 0.6902342647473892, 0.6891052780129834, 0.6883996613039797, 0.6881174146203782, 0.6874117979113745, 0.6867061812023709, 0.6872706745695738, 0.6852949477843635, 0.6852949477843635, 0.6848715777589613, 0.6850127011007621, 0.6837425910245555, 0.6833192209991532, 0.6817668642393452, 0.6826136042901496, 0.6824724809483489, 0.6823313576065482, 0.6824724809483489, 0.6814846175557437, 0.6814846175557437, 0.6800733841377364, 0.6802145074795372, 0.6795088907705334, 0.6796500141123342, 0.679226644086932, 0.6797911374541349, 0.6779565340107254, 0.6797911374541349, 0.6785210273779283, 0.6789443974033305, 0.6785210273779283, 0.6788032740615297, 0.6775331639853232, 0.679226644086932, 0.676545300592718, 0.678662150719729, 0.6758396838837144, 0.6779565340107254, 0.6745695738075078, 0.6768275472763196])
lr=1e-05, lamb=0.0001, best_valid_acc=([13867.466680288315, 12782.780715227127, 12009.157497406006, 11717.211719632149, 11583.420676469803, 11505.362716555595, 11454.068173885345, 11418.149047076702, 11391.204348146915, 11369.173418700695, 11348.9146540761, 11327.713665246964, 11303.226145327091, 11273.577346622944, 11235.665810108185, 11187.753983795643, 11127.158982276917, 11053.597721457481, 10969.343500494957, 10877.260395348072, 10781.539181411266, 10686.600989103317, 10596.739620864391, 10514.979150295258, 10442.835392653942, 10379.530487537384, 10323.615303099155, 10273.916576951742, 10229.467066794634, 10189.384466350079, 10153.213888406754, 10120.405672490597, 10090.770161122084, 10063.769253402948, 10039.295190542936, 10016.976622879505, 9996.556409269571, 9977.807791352272, 9960.436991661787, 9944.375844702125, 9929.385900259018, 9915.333970457315, 9902.105422750115, 9889.58510106802, 9877.63367049396, 9866.163691714406, 9855.069472372532, 9844.299774646759, 9833.814261645079, 9823.524320468307, 9813.416736453772, 9803.449864968657, 9793.539653375745, 9783.604168623686, 9773.737915754318, 9763.827447801828, 9753.845888867974, 9743.755005434155, 9733.47125609219, 9723.016352623701, 9712.29103268683, 9701.245838746428, 9689.821602135897, 9677.967473179102, 9665.579153217375, 9652.618768379092, 9639.01093006134, 9624.710100337863, 9609.636949241161, 9593.819355234504, 9577.157993368804, 9559.79808844626, 9541.646571025252, 9522.796429648995, 9503.27736722678, 9483.142913863063, 9462.447880029678, 9441.209769502282, 9419.542214512825, 9397.417694717646, 9374.95247040689, 9352.234176650643, 9329.287394493818, 9306.11689723283, 9282.785128951073, 9259.332165539265, 9235.80212368071, 9212.224169649184, 9188.670440942049, 9165.105625286698, 9141.592303037643, 9118.119126677513, 9094.702090770006, 9071.281313538551, 9047.920258685946, 9024.562514133751, 9001.18809183687, 8977.83232408762, 8954.414610177279, 8930.986944571137, 8907.486879274249, 8883.977920621634, 8860.595269732177, 8837.175250954926, 8813.854996599257, 8790.562748655677, 8767.511472083628, 8744.56111471355, 8721.840320691466, 8699.233396485448, 8677.01252875477, 8654.743732914329, 8632.924916952848, 8611.119857862592, 8589.696443930268, 8568.41480717063, 8547.517618089914, 8526.693374708295, 8506.37802887708, 8486.002695664763, 8466.033351883292, 8446.29315134883, 8426.827371641994, 8407.805989280343, 8388.796036869287, 8369.96781078726, 8351.128137856722, 8332.781766474247, 8315.155245184898, 8297.316328413785, 8279.177568942308, 8261.24841864407, 8243.700665809214, 8226.75574325025, 8209.074915252626, 8191.540480367839, 8173.885313823819, 8156.73180487752, 8139.961661629379, 8122.225300990045, 8104.5152766779065, 8087.272468701005, 8070.363874137402, 8052.761581651866, 8034.794008329511, 8017.158767208457, 7999.814626254141, 7982.313407495618, 7964.332866951823, 7946.518486879766, 7928.872564770281, 7911.247407749295, 7893.19632512331, 7875.467577308416, 7857.815801367164, 7840.105694651604, 7822.493761986494, 7804.997628346086, 7788.410575449467, 7770.8551146015525, 7753.820726260543, 7736.620331436396, 7719.724443815649, 7702.976379543543, 7686.423098102212, 7669.967468574643, 7654.021904408932, 7637.401870690286, 7621.46784234792, 7605.5580786168575, 7589.7080273628235, 7573.637474834919, 7557.9217483997345, 7542.556172892451, 7527.551803126931, 7512.062438122928, 7496.483219064772, 7480.7435405775905, 7465.241122946143, 7449.905928000808, 7434.646988533437, 7418.946526505053, 7403.715827435255, 7388.6719266325235, 7373.638919450343, 7357.870051890612, 7342.044718042016, 7326.972565442324, 7311.641001939774, 7296.407638967037, 7280.237623274326, 7265.338301867247, 7249.037634879351, 7234.187213972211, 7218.66165561229, 7202.716388262808, 7186.952246248722, 7171.163345955312, 7155.689471498132, 7139.716216132045], [0.6232006773920407, 0.658058142816822, 0.6747106971493085, 0.6775331639853232, 0.6779565340107254, 0.6780976573525261, 0.6804967541631386, 0.6841659610499576, 0.6838837143663562, 0.6840248377081569, 0.6838837143663562, 0.6840248377081569, 0.6838837143663562, 0.6827547276319503, 0.6824724809483489, 0.6840248377081569, 0.6861416878351679, 0.6875529212531752, 0.6922099915325995, 0.6934801016088061, 0.6972904318374259, 0.6999717753316399, 0.7019475021168501, 0.7029353655094552, 0.7033587355348575, 0.7034998588766582, 0.7056167090036692, 0.7066045723962744, 0.7063223257126728, 0.7056167090036692, 0.7058989556872707, 0.7068868190798758, 0.7066045723962744, 0.7074513124470787, 0.707874682472481, 0.7085802991814846, 0.7105560259666949, 0.7108382726502963, 0.7108382726502963, 0.7115438893593, 0.7126728760937059, 0.7122495060683037, 0.713096246119108, 0.7129551227773073, 0.7126728760937059, 0.7129551227773073, 0.7125317527519052, 0.7128139994355066, 0.7132373694609089, 0.7126728760937059, 0.7122495060683037, 0.712108382726503, 0.7126728760937059, 0.7123906294101044, 0.713096246119108, 0.7133784928027096, 0.7138018628281118, 0.7145074795371155, 0.7146486028789162, 0.7139429861699125, 0.7140841095117132, 0.7146486028789162, 0.7147897262207169, 0.7145074795371155, 0.7159187129551228, 0.7167654530059272, 0.7166243296641265, 0.7170476996895286, 0.7169065763477279, 0.7180355630821338, 0.7178944397403331, 0.718458933107536, 0.718458933107536, 0.7183178097657352, 0.7183178097657352, 0.7190234264747389, 0.7195879198419418, 0.7190234264747389, 0.7191645498165397, 0.7190234264747389, 0.7180355630821338, 0.7173299463731301, 0.7177533163985323, 0.7170476996895286, 0.7171888230313294, 0.7166243296641265, 0.7170476996895286, 0.7160598362969235, 0.7153542195879199, 0.7164832063223258, 0.7163420829805249, 0.7160598362969235, 0.7156364662715213, 0.7146486028789162, 0.7145074795371155, 0.7133784928027096, 0.7126728760937059, 0.712108382726503, 0.7115438893593, 0.712108382726503, 0.712108382726503, 0.7122495060683037, 0.7123906294101044, 0.7125317527519052, 0.7123906294101044, 0.7122495060683037, 0.7123906294101044, 0.7123906294101044, 0.7116850127011007, 0.7115438893593, 0.7104149026248942, 0.7102737792830934, 0.7106971493084956, 0.7087214225232854, 0.7080158058142817, 0.7060400790290714, 0.70575783234547, 0.7054755856618685, 0.7039232289020604, 0.7033587355348575, 0.7039232289020604, 0.7039232289020604, 0.7032176121930568, 0.7027942421676545, 0.7020886254586508, 0.7022297488004516, 0.7026531188258538, 0.7018063787750494, 0.7023708721422524, 0.7015241320914479, 0.7013830087496472, 0.7020886254586508, 0.7012418854078465, 0.7026531188258538, 0.7015241320914479, 0.7009596387242449, 0.7011007620660458, 0.7009596387242449, 0.7013830087496472, 0.7008185153824442, 0.7009596387242449, 0.698842788597234, 0.6989839119390348, 0.6995484053062376, 0.698842788597234, 0.6985605419136325, 0.6991250352808355, 0.6970081851538245, 0.6972904318374259, 0.6970081851538245, 0.6960203217612193, 0.6970081851538245, 0.6968670618120237, 0.6958791984194186, 0.6957380750776179, 0.6971493084956252, 0.69616144510302, 0.6975726785210273, 0.6965848151284222, 0.6960203217612193, 0.6955969517358171, 0.6960203217612193, 0.6944679650014113, 0.6947502116850127, 0.6926333615580017, 0.6941857183178097, 0.6941857183178097, 0.6915043748235958, 0.6943268416596104, 0.6929156082416031, 0.692492238216201, 0.6929156082416031, 0.6922099915325995, 0.6912221281399944, 0.6926333615580017, 0.6930567315834039, 0.6916454981653966, 0.6922099915325995, 0.6917866215071973, 0.691927744848998, 0.691927744848998, 0.6917866215071973, 0.6912221281399944, 0.6909398814563928, 0.6915043748235958, 0.6909398814563928, 0.6899520180637877, 0.6891052780129834, 0.6886819079875811, 0.6881174146203782, 0.6888230313293818, 0.6868473045441716, 0.6883996613039797, 0.6881174146203782, 0.687694044594976, 0.687694044594976, 0.6868473045441716, 0.688258537962179, 0.6878351679367768, 0.6878351679367768])
lr=1e-05, lamb=0.001, best_valid_acc=([14455.04857826233, 13046.059262037277, 12293.169654488564, 11977.985295057297, 11807.27359366417, 11701.706425070763, 11632.103140354156, 11583.899382710457, 11548.519473433495, 11519.986301779747, 11494.01674348116, 11467.373797774315, 11437.143195867538, 11401.49265062809, 11358.286781609058, 11304.466355443, 11235.703509151936, 11149.844076514244, 11050.970888912678, 10947.274199128151, 10847.559510946274, 10757.596273720264, 10679.030944347382, 10611.263065040112, 10552.621413052082, 10501.509340584278, 10456.649420440197, 10417.324914932251, 10382.681350290775, 10352.018187522888, 10324.707509756088, 10300.316007316113, 10278.345390111208, 10258.711385339499, 10240.737514734268, 10224.680214166641, 10209.878853946924, 10196.269379377365, 10183.75072234869, 10172.11850604415, 10161.494834959507, 10151.385787546635, 10141.919368684292, 10133.039741396904, 10124.632610321045, 10116.706070363522, 10109.140975624323, 10101.879086852074, 10094.92312464118, 10088.23828125, 10081.821386247873, 10075.601777464151, 10069.583811819553, 10063.729043960571, 10058.029721975327, 10052.456010133028, 10047.003330528736, 10041.655659228563, 10036.413284912705, 10031.262073725462, 10026.18598896265, 10021.20446446538, 10016.259789198637, 10011.409846425056, 10006.600601613522, 10001.829560309649, 9997.136131256819, 9992.465687006712, 9987.842997297645, 9983.269645690918, 9978.72898863256, 9974.239651113749, 9969.76872074604, 9965.355411887169, 9960.94997137785, 9956.59686473012, 9952.249142125249, 9947.953365683556, 9943.660891145468, 9939.408597692847, 9935.169178053737, 9930.958910524845, 9926.756523251534, 9922.581143006682, 9918.417841821909, 9914.25792580843, 9910.130906999111, 9905.985456332564, 9901.85562299192, 9897.732996746898, 9893.58045527339, 9889.42433643341, 9885.2627697438, 9881.05721962452, 9876.861387103796, 9872.613576993346, 9868.371876060963, 9864.069102421403, 9859.775628209114, 9855.396793752909, 9850.991766810417, 9846.488690376282, 9841.953697621822, 9837.315410077572, 9832.643040314317, 9827.804949477315, 9822.96230623126, 9817.943634837866, 9812.859432473779, 9807.629915252328, 9802.294240742922, 9796.805154055357, 9791.208269387484, 9785.467859581113, 9779.597657173872, 9773.543006420135, 9767.325526177883, 9760.91054661572, 9754.317296922207, 9747.52172896266, 9740.501297175884, 9733.312979251146, 9725.883261531591, 9718.26439973712, 9710.454392105341, 9702.485779449344, 9694.31765010953, 9685.998267024755, 9677.510211274028, 9668.864559829235, 9660.083625972271, 9651.3043050766, 9642.482339844108, 9633.743543565273, 9625.010769858956, 9616.440685719252, 9607.96204817295, 9599.673494383693, 9591.542436793447, 9583.608703270555, 9575.815367773175, 9568.229653701186, 9560.749669075012, 9553.575825855136, 9546.438380971551, 9539.642722681165, 9532.735985353589, 9526.328217029572, 9519.610644862056, 9513.597906589508, 9507.176759809256, 9501.27551150322, 9495.181739002466, 9489.50074917078, 9483.450828388333, 9477.999829381704, 9472.156278520823, 9466.730320483446, 9461.217000097036, 9455.83694589138, 9450.438572645187, 9445.259415194392, 9439.97733950615, 9435.057392805815, 9429.974084809422, 9425.135129719973, 9420.17289608717, 9415.451884135604, 9410.683148622513, 9406.189117223024, 9401.448882579803, 9397.005072116852, 9392.350237727165, 9388.006033450365, 9383.557256311178, 9379.573874294758, 9375.308659046888, 9371.143429338932, 9366.72406733036, 9362.701573625207, 9358.55217218399, 9354.799621582031, 9350.853346198797, 9346.88534617424, 9342.758471280336, 9338.96346655488, 9335.128499507904, 9331.328587159514, 9327.383763492107, 9323.528859883547, 9319.940433174372, 9316.16710114479, 9312.70800627768, 9308.499228104949, 9305.146042704582, 9301.15400853753, 9297.764477670193, 9294.090193167329, 9291.075283646584, 9287.264874398708], [0.6346316680779001, 0.6549534292972058, 0.6651143099068586, 0.6713237369460909, 0.6741462037821055, 0.6826136042901496, 0.683460344340954, 0.682895850973751, 0.6843070843917584, 0.6843070843917584, 0.6851538244425628, 0.6845893310753599, 0.6838837143663562, 0.6840248377081569, 0.6848715777589613, 0.6857183178097658, 0.6888230313293818, 0.691927744848998, 0.6960203217612193, 0.6958791984194186, 0.6994072819644369, 0.7018063787750494, 0.7027942421676545, 0.7044877222692634, 0.7074513124470787, 0.7090036692068868, 0.7102737792830934, 0.7095681625740897, 0.7114027660174993, 0.7106971493084956, 0.7114027660174993, 0.7109793959920971, 0.7118261360429015, 0.7123906294101044, 0.7126728760937059, 0.712108382726503, 0.7122495060683037, 0.712108382726503, 0.712108382726503, 0.7126728760937059, 0.7123906294101044, 0.7129551227773073, 0.7133784928027096, 0.7129551227773073, 0.713660739486311, 0.7146486028789162, 0.7145074795371155, 0.714225232853514, 0.7145074795371155, 0.7145074795371155, 0.7139429861699125, 0.713660739486311, 0.713096246119108, 0.7138018628281118, 0.7129551227773073, 0.7125317527519052, 0.7126728760937059, 0.7116850127011007, 0.7111205193338979, 0.7115438893593, 0.7116850127011007, 0.7119672593847022, 0.712108382726503, 0.7122495060683037, 0.7122495060683037, 0.7125317527519052, 0.713096246119108, 0.7140841095117132, 0.7133784928027096, 0.7133784928027096, 0.7132373694609089, 0.713096246119108, 0.7128139994355066, 0.713096246119108, 0.7138018628281118, 0.7139429861699125, 0.7139429861699125, 0.714225232853514, 0.7139429861699125, 0.7139429861699125, 0.7143663561953147, 0.7145074795371155, 0.7143663561953147, 0.7149308495625176, 0.7152130962461191, 0.7150719729043183, 0.7150719729043183, 0.7152130962461191, 0.7156364662715213, 0.7154953429297206, 0.7160598362969235, 0.7162009596387242, 0.7160598362969235, 0.7163420829805249, 0.7171888230313294, 0.7171888230313294, 0.7167654530059272, 0.7169065763477279, 0.7170476996895286, 0.7169065763477279, 0.7173299463731301, 0.7174710697149308, 0.7169065763477279, 0.7169065763477279, 0.7163420829805249, 0.7162009596387242, 0.7159187129551228, 0.7152130962461191, 0.7149308495625176, 0.7146486028789162, 0.7150719729043183, 0.7154953429297206, 0.7149308495625176, 0.7153542195879199, 0.7152130962461191, 0.7149308495625176, 0.7150719729043183, 0.7152130962461191, 0.7154953429297206, 0.7154953429297206, 0.7154953429297206, 0.7153542195879199, 0.7149308495625176, 0.7145074795371155, 0.7145074795371155, 0.7139429861699125, 0.7129551227773073, 0.713660739486311, 0.7133784928027096, 0.7128139994355066, 0.7122495060683037, 0.7119672593847022, 0.7112616426756986, 0.7108382726502963, 0.7108382726502963, 0.7106971493084956, 0.7106971493084956, 0.7101326559412927, 0.709991532599492, 0.7102737792830934, 0.7102737792830934, 0.7095681625740897, 0.7101326559412927, 0.7106971493084956, 0.7104149026248942, 0.7104149026248942, 0.7091447925486876, 0.7102737792830934, 0.7092859158904883, 0.7098504092576913, 0.7088625458650861, 0.7085802991814846, 0.7077335591306803, 0.7085802991814846, 0.7067456957380751, 0.7075924357888794, 0.7060400790290714, 0.7075924357888794, 0.7067456957380751, 0.7077335591306803, 0.7068868190798758, 0.7074513124470787, 0.7058989556872707, 0.7063223257126728, 0.705193338978267, 0.7047699689528648, 0.7046288456110641, 0.7044877222692634, 0.7043465989274627, 0.7036409822184589, 0.7043465989274627, 0.7037821055602597, 0.7043465989274627, 0.7029353655094552, 0.7036409822184589, 0.7032176121930568, 0.703076488851256, 0.7027942421676545, 0.7027942421676545, 0.7039232289020604, 0.7025119954840531, 0.7022297488004516, 0.7015241320914479, 0.7034998588766582, 0.7034998588766582, 0.7040643522438611, 0.7034998588766582, 0.7050522156364663, 0.7039232289020604, 0.7050522156364663, 0.7040643522438611, 0.70575783234547, 0.70575783234547, 0.7049110922946655, 0.705193338978267, 0.7054755856618685, 0.7049110922946655, 0.7050522156364663, 0.7047699689528648, 0.7053344623200677])
