nn10.py, same as nn7.py, but add gender/age info
Tuning process for lr=4e-05
----------------------------------------------------------
lr=4e-05, lamb=0, num_epoch=100
Epoch: 1 	Training Cost: 12617.972598	 Valid Acc: 0.676545300592718 	Best Valid Acc: 0.676545
Epoch: 2 	Training Cost: 11560.717165	 Valid Acc: 0.6823313576065482 	Best Valid Acc: 0.682331
Epoch: 3 	Training Cost: 11466.577221	 Valid Acc: 0.6836014676827548 	Best Valid Acc: 0.683601
Epoch: 4 	Training Cost: 11394.055727	 Valid Acc: 0.6843070843917584 	Best Valid Acc: 0.684307
Epoch: 5 	Training Cost: 11197.048559	 Valid Acc: 0.6838837143663562 	Best Valid Acc: 0.684307
Epoch: 6 	Training Cost: 10947.527829	 Valid Acc: 0.6939034716342083 	Best Valid Acc: 0.693903
Epoch: 7 	Training Cost: 10692.328738	 Valid Acc: 0.6987016652554332 	Best Valid Acc: 0.698702
Epoch: 8 	Training Cost: 10483.576934	 Valid Acc: 0.7022297488004516 	Best Valid Acc: 0.702230
Epoch: 9 	Training Cost: 10342.377228	 Valid Acc: 0.7043465989274627 	Best Valid Acc: 0.704347
Epoch: 10 	Training Cost: 10238.902342	 Valid Acc: 0.7054755856618685 	Best Valid Acc: 0.705476
Epoch: 11 	Training Cost: 10160.704025	 Valid Acc: 0.7074513124470787 	Best Valid Acc: 0.707451
Epoch: 12 	Training Cost: 10099.135699	 Valid Acc: 0.7102737792830934 	Best Valid Acc: 0.710274
Epoch: 13 	Training Cost: 10046.102908	 Valid Acc: 0.7129551227773073 	Best Valid Acc: 0.712955
Epoch: 14 	Training Cost: 9999.806596	 Valid Acc: 0.7140841095117132 	Best Valid Acc: 0.714084
Epoch: 15 	Training Cost: 9958.029950	 Valid Acc: 0.7140841095117132 	Best Valid Acc: 0.714084
Epoch: 16 	Training Cost: 9919.785166	 Valid Acc: 0.7147897262207169 	Best Valid Acc: 0.714790
Epoch: 17 	Training Cost: 9883.516043	 Valid Acc: 0.7154953429297206 	Best Valid Acc: 0.715495
Epoch: 18 	Training Cost: 9849.438570	 Valid Acc: 0.7145074795371155 	Best Valid Acc: 0.715495
Epoch: 19 	Training Cost: 9815.935078	 Valid Acc: 0.7153542195879199 	Best Valid Acc: 0.715495
Epoch: 20 	Training Cost: 9784.580446	 Valid Acc: 0.7170476996895286 	Best Valid Acc: 0.717048
Epoch: 21 	Training Cost: 9756.154927	 Valid Acc: 0.7178944397403331 	Best Valid Acc: 0.717894
Epoch: 22 	Training Cost: 9729.870055	 Valid Acc: 0.7159187129551228 	Best Valid Acc: 0.717894
Epoch: 23 	Training Cost: 9704.108267	 Valid Acc: 0.7149308495625176 	Best Valid Acc: 0.717894
Epoch: 24 	Training Cost: 9681.074485	 Valid Acc: 0.715777589613322 	Best Valid Acc: 0.717894
Epoch: 25 	Training Cost: 9658.326181	 Valid Acc: 0.7146486028789162 	Best Valid Acc: 0.717894
Epoch: 26 	Training Cost: 9635.491070	 Valid Acc: 0.7154953429297206 	Best Valid Acc: 0.717894
Epoch: 27 	Training Cost: 9611.885820	 Valid Acc: 0.713096246119108 	Best Valid Acc: 0.717894
Epoch: 28 	Training Cost: 9583.274256	 Valid Acc: 0.7135196161445103 	Best Valid Acc: 0.717894
Epoch: 29 	Training Cost: 9545.722573	 Valid Acc: 0.7147897262207169 	Best Valid Acc: 0.717894
Epoch: 30 	Training Cost: 9500.311443	 Valid Acc: 0.7118261360429015 	Best Valid Acc: 0.717894
Epoch: 31 	Training Cost: 9454.351182	 Valid Acc: 0.7147897262207169 	Best Valid Acc: 0.717894
Epoch: 32 	Training Cost: 9419.172379	 Valid Acc: 0.712108382726503 	Best Valid Acc: 0.717894
Epoch: 33 	Training Cost: 9374.970595	 Valid Acc: 0.7097092859158904 	Best Valid Acc: 0.717894
Epoch: 34 	Training Cost: 9340.520553	 Valid Acc: 0.7070279424216765 	Best Valid Acc: 0.717894
Epoch: 35 	Training Cost: 9306.261099	 Valid Acc: 0.7091447925486876 	Best Valid Acc: 0.717894
Epoch: 36 	Training Cost: 9272.016005	 Valid Acc: 0.7068868190798758 	Best Valid Acc: 0.717894
Epoch: 37 	Training Cost: 9237.065047	 Valid Acc: 0.707310189105278 	Best Valid Acc: 0.717894
Epoch: 38 	Training Cost: 9204.312404	 Valid Acc: 0.7064634490544736 	Best Valid Acc: 0.717894
Epoch: 39 	Training Cost: 9174.126201	 Valid Acc: 0.70575783234547 	Best Valid Acc: 0.717894
Epoch: 40 	Training Cost: 9143.475437	 Valid Acc: 0.7074513124470787 	Best Valid Acc: 0.717894
Epoch: 41 	Training Cost: 9118.756358	 Valid Acc: 0.7040643522438611 	Best Valid Acc: 0.717894
Epoch: 42 	Training Cost: 9086.327472	 Valid Acc: 0.7054755856618685 	Best Valid Acc: 0.717894
Epoch: 43 	Training Cost: 9058.847377	 Valid Acc: 0.7033587355348575 	Best Valid Acc: 0.717894
Epoch: 44 	Training Cost: 9031.841194	 Valid Acc: 0.7044877222692634 	Best Valid Acc: 0.717894
Epoch: 45 	Training Cost: 9006.013074	 Valid Acc: 0.7029353655094552 	Best Valid Acc: 0.717894
Epoch: 46 	Training Cost: 8979.938856	 Valid Acc: 0.7023708721422524 	Best Valid Acc: 0.717894
Epoch: 47 	Training Cost: 8954.659092	 Valid Acc: 0.7029353655094552 	Best Valid Acc: 0.717894
Epoch: 48 	Training Cost: 8930.218084	 Valid Acc: 0.7026531188258538 	Best Valid Acc: 0.717894
Epoch: 49 	Training Cost: 8902.270465	 Valid Acc: 0.7005362686988428 	Best Valid Acc: 0.717894
Epoch: 50 	Training Cost: 8881.571001	 Valid Acc: 0.6994072819644369 	Best Valid Acc: 0.717894
Epoch: 51 	Training Cost: 8860.531282	 Valid Acc: 0.7005362686988428 	Best Valid Acc: 0.717894
Epoch: 52 	Training Cost: 8835.897139	 Valid Acc: 0.6968670618120237 	Best Valid Acc: 0.717894
Epoch: 53 	Training Cost: 8816.363385	 Valid Acc: 0.6998306519898391 	Best Valid Acc: 0.717894
Epoch: 54 	Training Cost: 8792.571906	 Valid Acc: 0.6985605419136325 	Best Valid Acc: 0.717894
Epoch: 55 	Training Cost: 8769.580264	 Valid Acc: 0.6987016652554332 	Best Valid Acc: 0.717894
Epoch: 56 	Training Cost: 8750.521106	 Valid Acc: 0.7012418854078465 	Best Valid Acc: 0.717894
Epoch: 57 	Training Cost: 8728.707312	 Valid Acc: 0.6964436917866215 	Best Valid Acc: 0.717894
Epoch: 58 	Training Cost: 8704.278454	 Valid Acc: 0.7008185153824442 	Best Valid Acc: 0.717894
Epoch: 59 	Training Cost: 8685.163816	 Valid Acc: 0.6953147050522156 	Best Valid Acc: 0.717894
Epoch: 60 	Training Cost: 8663.285662	 Valid Acc: 0.698842788597234 	Best Valid Acc: 0.717894
Epoch: 61 	Training Cost: 8647.463139	 Valid Acc: 0.696725938470223 	Best Valid Acc: 0.717894
Epoch: 62 	Training Cost: 8623.121359	 Valid Acc: 0.6958791984194186 	Best Valid Acc: 0.717894
Epoch: 63 	Training Cost: 8601.895370	 Valid Acc: 0.6960203217612193 	Best Valid Acc: 0.717894
Epoch: 64 	Training Cost: 8585.495543	 Valid Acc: 0.6953147050522156 	Best Valid Acc: 0.717894
Epoch: 65 	Training Cost: 8560.719372	 Valid Acc: 0.6954558283940163 	Best Valid Acc: 0.717894
Epoch: 66 	Training Cost: 8538.268021	 Valid Acc: 0.6923511148744003 	Best Valid Acc: 0.717894
Epoch: 67 	Training Cost: 8520.783192	 Valid Acc: 0.6920688681907987 	Best Valid Acc: 0.717894
Epoch: 68 	Training Cost: 8498.290685	 Valid Acc: 0.692492238216201 	Best Valid Acc: 0.717894
Epoch: 69 	Training Cost: 8475.760184	 Valid Acc: 0.6963025684448207 	Best Valid Acc: 0.717894
Epoch: 70 	Training Cost: 8457.512294	 Valid Acc: 0.6934801016088061 	Best Valid Acc: 0.717894
Epoch: 71 	Training Cost: 8431.827171	 Valid Acc: 0.692492238216201 	Best Valid Acc: 0.717894
Epoch: 72 	Training Cost: 8412.396670	 Valid Acc: 0.6936212249506069 	Best Valid Acc: 0.717894
Epoch: 73 	Training Cost: 8392.652369	 Valid Acc: 0.6910810047981937 	Best Valid Acc: 0.717894
Epoch: 74 	Training Cost: 8366.621864	 Valid Acc: 0.6951735817104149 	Best Valid Acc: 0.717894
Epoch: 75 	Training Cost: 8342.110772	 Valid Acc: 0.6893875246965848 	Best Valid Acc: 0.717894
Epoch: 76 	Training Cost: 8321.868852	 Valid Acc: 0.6934801016088061 	Best Valid Acc: 0.717894
Epoch: 77 	Training Cost: 8298.179833	 Valid Acc: 0.6927744848998024 	Best Valid Acc: 0.717894
Epoch: 78 	Training Cost: 8274.513333	 Valid Acc: 0.6920688681907987 	Best Valid Acc: 0.717894
Epoch: 79 	Training Cost: 8254.029418	 Valid Acc: 0.6939034716342083 	Best Valid Acc: 0.717894
Epoch: 80 	Training Cost: 8230.191981	 Valid Acc: 0.6950324583686142 	Best Valid Acc: 0.717894
Epoch: 81 	Training Cost: 8202.452251	 Valid Acc: 0.6931978549252046 	Best Valid Acc: 0.717894
Epoch: 82 	Training Cost: 8184.004629	 Valid Acc: 0.6944679650014113 	Best Valid Acc: 0.717894
Epoch: 83 	Training Cost: 8162.909396	 Valid Acc: 0.6933389782670054 	Best Valid Acc: 0.717894
Epoch: 84 	Training Cost: 8133.596607	 Valid Acc: 0.6933389782670054 	Best Valid Acc: 0.717894
Epoch: 85 	Training Cost: 8109.799307	 Valid Acc: 0.6912221281399944 	Best Valid Acc: 0.717894
Epoch: 86 	Training Cost: 8088.199069	 Valid Acc: 0.6944679650014113 	Best Valid Acc: 0.717894
Epoch: 87 	Training Cost: 8061.200583	 Valid Acc: 0.6917866215071973 	Best Valid Acc: 0.717894
Epoch: 88 	Training Cost: 8041.012957	 Valid Acc: 0.6920688681907987 	Best Valid Acc: 0.717894
Epoch: 89 	Training Cost: 8016.146257	 Valid Acc: 0.6936212249506069 	Best Valid Acc: 0.717894
Epoch: 90 	Training Cost: 7984.656653	 Valid Acc: 0.6905165114309907 	Best Valid Acc: 0.717894
Epoch: 91 	Training Cost: 7954.743389	 Valid Acc: 0.6939034716342083 	Best Valid Acc: 0.717894
Epoch: 92 	Training Cost: 7930.344100	 Valid Acc: 0.6905165114309907 	Best Valid Acc: 0.717894
Epoch: 93 	Training Cost: 7910.688491	 Valid Acc: 0.6915043748235958 	Best Valid Acc: 0.717894
Epoch: 94 	Training Cost: 7875.302463	 Valid Acc: 0.6927744848998024 	Best Valid Acc: 0.717894
Epoch: 95 	Training Cost: 7844.739935	 Valid Acc: 0.6899520180637877 	Best Valid Acc: 0.717894
Epoch: 96 	Training Cost: 7819.227102	 Valid Acc: 0.6891052780129834 	Best Valid Acc: 0.717894
Epoch: 97 	Training Cost: 7788.913913	 Valid Acc: 0.6909398814563928 	Best Valid Acc: 0.717894
Epoch: 98 	Training Cost: 7755.442400	 Valid Acc: 0.6874117979113745 	Best Valid Acc: 0.717894
Epoch: 99 	Training Cost: 7725.932213	 Valid Acc: 0.69037538808919 	Best Valid Acc: 0.717894
Epoch: 100 	Training Cost: 7695.872840	 Valid Acc: 0.6864239345187694 	Best Valid Acc: 0.717894
lr=4e-05, lamb=0, num_epoch=100, test_acc=0.6785210273779283
----------------------------------------------------------
----------------------------------------------------------
lr=4e-05, lamb=1e-05, num_epoch=100
Epoch: 1 	Training Cost: 12621.845398	 Valid Acc: 0.6752751905165114 	Best Valid Acc: 0.675275
Epoch: 2 	Training Cost: 11547.047452	 Valid Acc: 0.6816257408975445 	Best Valid Acc: 0.681626
Epoch: 3 	Training Cost: 11453.983975	 Valid Acc: 0.6833192209991532 	Best Valid Acc: 0.683319
Epoch: 4 	Training Cost: 11344.091350	 Valid Acc: 0.6840248377081569 	Best Valid Acc: 0.684025
Epoch: 5 	Training Cost: 11088.009844	 Valid Acc: 0.6857183178097658 	Best Valid Acc: 0.685718
Epoch: 6 	Training Cost: 10784.644338	 Valid Acc: 0.6981371718882303 	Best Valid Acc: 0.698137
Epoch: 7 	Training Cost: 10526.540462	 Valid Acc: 0.7032176121930568 	Best Valid Acc: 0.703218
Epoch: 8 	Training Cost: 10366.987854	 Valid Acc: 0.7066045723962744 	Best Valid Acc: 0.706605
Epoch: 9 	Training Cost: 10258.850133	 Valid Acc: 0.7061812023708721 	Best Valid Acc: 0.706605
Epoch: 10 	Training Cost: 10175.744665	 Valid Acc: 0.7091447925486876 	Best Valid Acc: 0.709145
Epoch: 11 	Training Cost: 10110.693908	 Valid Acc: 0.709991532599492 	Best Valid Acc: 0.709992
Epoch: 12 	Training Cost: 10058.007935	 Valid Acc: 0.7122495060683037 	Best Valid Acc: 0.712250
Epoch: 13 	Training Cost: 10013.036224	 Valid Acc: 0.7146486028789162 	Best Valid Acc: 0.714649
Epoch: 14 	Training Cost: 9973.147520	 Valid Acc: 0.7150719729043183 	Best Valid Acc: 0.715072
Epoch: 15 	Training Cost: 9936.109978	 Valid Acc: 0.7152130962461191 	Best Valid Acc: 0.715213
Epoch: 16 	Training Cost: 9902.273387	 Valid Acc: 0.7159187129551228 	Best Valid Acc: 0.715919
Epoch: 17 	Training Cost: 9871.082064	 Valid Acc: 0.7150719729043183 	Best Valid Acc: 0.715919
Epoch: 18 	Training Cost: 9841.710727	 Valid Acc: 0.713660739486311 	Best Valid Acc: 0.715919
Epoch: 19 	Training Cost: 9813.458731	 Valid Acc: 0.7145074795371155 	Best Valid Acc: 0.715919
Epoch: 20 	Training Cost: 9788.087203	 Valid Acc: 0.7152130962461191 	Best Valid Acc: 0.715919
Epoch: 21 	Training Cost: 9764.795803	 Valid Acc: 0.7149308495625176 	Best Valid Acc: 0.715919
Epoch: 22 	Training Cost: 9744.359688	 Valid Acc: 0.7150719729043183 	Best Valid Acc: 0.715919
Epoch: 23 	Training Cost: 9725.460505	 Valid Acc: 0.7159187129551228 	Best Valid Acc: 0.715919
Epoch: 24 	Training Cost: 9711.484764	 Valid Acc: 0.7149308495625176 	Best Valid Acc: 0.715919
Epoch: 25 	Training Cost: 9701.084328	 Valid Acc: 0.7145074795371155 	Best Valid Acc: 0.715919
Epoch: 26 	Training Cost: 9687.444068	 Valid Acc: 0.7177533163985323 	Best Valid Acc: 0.717753
Epoch: 27 	Training Cost: 9671.713902	 Valid Acc: 0.7154953429297206 	Best Valid Acc: 0.717753
Epoch: 28 	Training Cost: 9659.884545	 Valid Acc: 0.7154953429297206 	Best Valid Acc: 0.717753
Epoch: 29 	Training Cost: 9648.820141	 Valid Acc: 0.7154953429297206 	Best Valid Acc: 0.717753
Epoch: 30 	Training Cost: 9633.497079	 Valid Acc: 0.713660739486311 	Best Valid Acc: 0.717753
Epoch: 31 	Training Cost: 9619.372778	 Valid Acc: 0.7138018628281118 	Best Valid Acc: 0.717753
Epoch: 32 	Training Cost: 9602.317232	 Valid Acc: 0.7145074795371155 	Best Valid Acc: 0.717753
Epoch: 33 	Training Cost: 9580.374636	 Valid Acc: 0.7146486028789162 	Best Valid Acc: 0.717753
Epoch: 34 	Training Cost: 9554.547339	 Valid Acc: 0.7133784928027096 	Best Valid Acc: 0.717753
Epoch: 35 	Training Cost: 9521.339919	 Valid Acc: 0.7119672593847022 	Best Valid Acc: 0.717753
Epoch: 36 	Training Cost: 9481.371563	 Valid Acc: 0.7125317527519052 	Best Valid Acc: 0.717753
Epoch: 37 	Training Cost: 9444.869786	 Valid Acc: 0.709427039232289 	Best Valid Acc: 0.717753
Epoch: 38 	Training Cost: 9407.520701	 Valid Acc: 0.7102737792830934 	Best Valid Acc: 0.717753
Epoch: 39 	Training Cost: 9380.528403	 Valid Acc: 0.7105560259666949 	Best Valid Acc: 0.717753
Epoch: 40 	Training Cost: 9349.472866	 Valid Acc: 0.7104149026248942 	Best Valid Acc: 0.717753
Epoch: 41 	Training Cost: 9317.604158	 Valid Acc: 0.709991532599492 	Best Valid Acc: 0.717753
Epoch: 42 	Training Cost: 9285.970906	 Valid Acc: 0.7112616426756986 	Best Valid Acc: 0.717753
Epoch: 43 	Training Cost: 9257.045983	 Valid Acc: 0.7106971493084956 	Best Valid Acc: 0.717753
Epoch: 44 	Training Cost: 9228.107147	 Valid Acc: 0.709991532599492 	Best Valid Acc: 0.717753
Epoch: 45 	Training Cost: 9196.157059	 Valid Acc: 0.7090036692068868 	Best Valid Acc: 0.717753
Epoch: 46 	Training Cost: 9167.407929	 Valid Acc: 0.7109793959920971 	Best Valid Acc: 0.717753
Epoch: 47 	Training Cost: 9141.632761	 Valid Acc: 0.7084391758396839 	Best Valid Acc: 0.717753
Epoch: 48 	Training Cost: 9115.905968	 Valid Acc: 0.7088625458650861 	Best Valid Acc: 0.717753
Epoch: 49 	Training Cost: 9086.618412	 Valid Acc: 0.7071690657634773 	Best Valid Acc: 0.717753
Epoch: 50 	Training Cost: 9062.111359	 Valid Acc: 0.7061812023708721 	Best Valid Acc: 0.717753
Epoch: 51 	Training Cost: 9039.456619	 Valid Acc: 0.7070279424216765 	Best Valid Acc: 0.717753
Epoch: 52 	Training Cost: 9018.872534	 Valid Acc: 0.7061812023708721 	Best Valid Acc: 0.717753
Epoch: 53 	Training Cost: 8993.821206	 Valid Acc: 0.7040643522438611 	Best Valid Acc: 0.717753
Epoch: 54 	Training Cost: 8970.683626	 Valid Acc: 0.705193338978267 	Best Valid Acc: 0.717753
Epoch: 55 	Training Cost: 8951.684062	 Valid Acc: 0.7025119954840531 	Best Valid Acc: 0.717753
Epoch: 56 	Training Cost: 8933.027801	 Valid Acc: 0.7049110922946655 	Best Valid Acc: 0.717753
Epoch: 57 	Training Cost: 8908.126700	 Valid Acc: 0.6999717753316399 	Best Valid Acc: 0.717753
Epoch: 58 	Training Cost: 8888.423116	 Valid Acc: 0.7033587355348575 	Best Valid Acc: 0.717753
Epoch: 59 	Training Cost: 8869.509582	 Valid Acc: 0.7005362686988428 	Best Valid Acc: 0.717753
Epoch: 60 	Training Cost: 8846.869626	 Valid Acc: 0.7018063787750494 	Best Valid Acc: 0.717753
Epoch: 61 	Training Cost: 8826.601751	 Valid Acc: 0.703076488851256 	Best Valid Acc: 0.717753
Epoch: 62 	Training Cost: 8809.803831	 Valid Acc: 0.7012418854078465 	Best Valid Acc: 0.717753
Epoch: 63 	Training Cost: 8792.928991	 Valid Acc: 0.703076488851256 	Best Valid Acc: 0.717753
Epoch: 64 	Training Cost: 8773.072562	 Valid Acc: 0.7013830087496472 	Best Valid Acc: 0.717753
Epoch: 65 	Training Cost: 8760.530487	 Valid Acc: 0.6981371718882303 	Best Valid Acc: 0.717753
Epoch: 66 	Training Cost: 8739.656238	 Valid Acc: 0.6994072819644369 	Best Valid Acc: 0.717753
Epoch: 67 	Training Cost: 8715.551077	 Valid Acc: 0.7002540220152413 	Best Valid Acc: 0.717753
Epoch: 68 	Training Cost: 8705.153379	 Valid Acc: 0.6985605419136325 	Best Valid Acc: 0.717753
Epoch: 69 	Training Cost: 8690.371525	 Valid Acc: 0.7015241320914479 	Best Valid Acc: 0.717753
Epoch: 70 	Training Cost: 8671.342549	 Valid Acc: 0.6992661586226362 	Best Valid Acc: 0.717753
Epoch: 71 	Training Cost: 8650.012114	 Valid Acc: 0.6981371718882303 	Best Valid Acc: 0.717753
Epoch: 72 	Training Cost: 8634.471341	 Valid Acc: 0.7008185153824442 	Best Valid Acc: 0.717753
Epoch: 73 	Training Cost: 8619.923340	 Valid Acc: 0.6972904318374259 	Best Valid Acc: 0.717753
Epoch: 74 	Training Cost: 8597.918906	 Valid Acc: 0.6974315551792266 	Best Valid Acc: 0.717753
Epoch: 75 	Training Cost: 8581.329384	 Valid Acc: 0.6968670618120237 	Best Valid Acc: 0.717753
Epoch: 76 	Training Cost: 8565.359204	 Valid Acc: 0.6998306519898391 	Best Valid Acc: 0.717753
Epoch: 77 	Training Cost: 8543.392034	 Valid Acc: 0.6953147050522156 	Best Valid Acc: 0.717753
Epoch: 78 	Training Cost: 8525.988871	 Valid Acc: 0.69616144510302 	Best Valid Acc: 0.717753
Epoch: 79 	Training Cost: 8503.196137	 Valid Acc: 0.6974315551792266 	Best Valid Acc: 0.717753
Epoch: 80 	Training Cost: 8480.325343	 Valid Acc: 0.6957380750776179 	Best Valid Acc: 0.717753
Epoch: 81 	Training Cost: 8457.407779	 Valid Acc: 0.6957380750776179 	Best Valid Acc: 0.717753
Epoch: 82 	Training Cost: 8427.492206	 Valid Acc: 0.6923511148744003 	Best Valid Acc: 0.717753
Epoch: 83 	Training Cost: 8399.357877	 Valid Acc: 0.6941857183178097 	Best Valid Acc: 0.717753
Epoch: 84 	Training Cost: 8372.345542	 Valid Acc: 0.6934801016088061 	Best Valid Acc: 0.717753
Epoch: 85 	Training Cost: 8332.339268	 Valid Acc: 0.6953147050522156 	Best Valid Acc: 0.717753
Epoch: 86 	Training Cost: 8295.425286	 Valid Acc: 0.6931978549252046 	Best Valid Acc: 0.717753
Epoch: 87 	Training Cost: 8255.789801	 Valid Acc: 0.6944679650014113 	Best Valid Acc: 0.717753
Epoch: 88 	Training Cost: 8215.721144	 Valid Acc: 0.6910810047981937 	Best Valid Acc: 0.717753
Epoch: 89 	Training Cost: 8175.964611	 Valid Acc: 0.6906576347727914 	Best Valid Acc: 0.717753
Epoch: 90 	Training Cost: 8133.984399	 Valid Acc: 0.6922099915325995 	Best Valid Acc: 0.717753
Epoch: 91 	Training Cost: 8104.403987	 Valid Acc: 0.6900931414055885 	Best Valid Acc: 0.717753
Epoch: 92 	Training Cost: 8062.697645	 Valid Acc: 0.6899520180637877 	Best Valid Acc: 0.717753
Epoch: 93 	Training Cost: 8031.407986	 Valid Acc: 0.6899520180637877 	Best Valid Acc: 0.717753
Epoch: 94 	Training Cost: 7997.131203	 Valid Acc: 0.6885407846457804 	Best Valid Acc: 0.717753
Epoch: 95 	Training Cost: 7967.378236	 Valid Acc: 0.6883996613039797 	Best Valid Acc: 0.717753
Epoch: 96 	Training Cost: 7932.071590	 Valid Acc: 0.6879762912785775 	Best Valid Acc: 0.717753
Epoch: 97 	Training Cost: 7896.724333	 Valid Acc: 0.6855771944679651 	Best Valid Acc: 0.717753
Epoch: 98 	Training Cost: 7874.858679	 Valid Acc: 0.6850127011007621 	Best Valid Acc: 0.717753
Epoch: 99 	Training Cost: 7843.004366	 Valid Acc: 0.6824724809483489 	Best Valid Acc: 0.717753
Epoch: 100 	Training Cost: 7810.629866	 Valid Acc: 0.6836014676827548 	Best Valid Acc: 0.717753
lr=4e-05, lamb=1e-05, num_epoch=100, test_acc=0.6782387806943269
----------------------------------------------------------
----------------------------------------------------------
lr=4e-05, lamb=0.0001, num_epoch=100
Epoch: 1 	Training Cost: 12541.962266	 Valid Acc: 0.681343494213943 	Best Valid Acc: 0.681343
Epoch: 2 	Training Cost: 11572.712047	 Valid Acc: 0.6802145074795372 	Best Valid Acc: 0.681343
Epoch: 3 	Training Cost: 11480.339447	 Valid Acc: 0.683460344340954 	Best Valid Acc: 0.683460
Epoch: 4 	Training Cost: 11368.397078	 Valid Acc: 0.6847304544171606 	Best Valid Acc: 0.684730
Epoch: 5 	Training Cost: 11130.425645	 Valid Acc: 0.6872706745695738 	Best Valid Acc: 0.687271
Epoch: 6 	Training Cost: 10853.670621	 Valid Acc: 0.6991250352808355 	Best Valid Acc: 0.699125
Epoch: 7 	Training Cost: 10565.228457	 Valid Acc: 0.7044877222692634 	Best Valid Acc: 0.704488
Epoch: 8 	Training Cost: 10388.852076	 Valid Acc: 0.7074513124470787 	Best Valid Acc: 0.707451
Epoch: 9 	Training Cost: 10278.584383	 Valid Acc: 0.7071690657634773 	Best Valid Acc: 0.707451
Epoch: 10 	Training Cost: 10195.733679	 Valid Acc: 0.7090036692068868 	Best Valid Acc: 0.709004
Epoch: 11 	Training Cost: 10133.449301	 Valid Acc: 0.7088625458650861 	Best Valid Acc: 0.709004
Epoch: 12 	Training Cost: 10084.988871	 Valid Acc: 0.712108382726503 	Best Valid Acc: 0.712108
Epoch: 13 	Training Cost: 10044.670581	 Valid Acc: 0.7123906294101044 	Best Valid Acc: 0.712391
Epoch: 14 	Training Cost: 10009.235107	 Valid Acc: 0.7122495060683037 	Best Valid Acc: 0.712391
Epoch: 15 	Training Cost: 9977.088222	 Valid Acc: 0.7126728760937059 	Best Valid Acc: 0.712673
Epoch: 16 	Training Cost: 9946.783167	 Valid Acc: 0.7129551227773073 	Best Valid Acc: 0.712955
Epoch: 17 	Training Cost: 9918.213666	 Valid Acc: 0.713096246119108 	Best Valid Acc: 0.713096
Epoch: 18 	Training Cost: 9891.493294	 Valid Acc: 0.7128139994355066 	Best Valid Acc: 0.713096
Epoch: 19 	Training Cost: 9865.954590	 Valid Acc: 0.713096246119108 	Best Valid Acc: 0.713096
Epoch: 20 	Training Cost: 9842.547680	 Valid Acc: 0.7125317527519052 	Best Valid Acc: 0.713096
Epoch: 21 	Training Cost: 9820.499304	 Valid Acc: 0.713660739486311 	Best Valid Acc: 0.713661
Epoch: 22 	Training Cost: 9799.658505	 Valid Acc: 0.7129551227773073 	Best Valid Acc: 0.713661
Epoch: 23 	Training Cost: 9779.625996	 Valid Acc: 0.7132373694609089 	Best Valid Acc: 0.713661
Epoch: 24 	Training Cost: 9760.843114	 Valid Acc: 0.7135196161445103 	Best Valid Acc: 0.713661
Epoch: 25 	Training Cost: 9746.225763	 Valid Acc: 0.7133784928027096 	Best Valid Acc: 0.713661
Epoch: 26 	Training Cost: 9734.860048	 Valid Acc: 0.7125317527519052 	Best Valid Acc: 0.713661
Epoch: 27 	Training Cost: 9723.491942	 Valid Acc: 0.714225232853514 	Best Valid Acc: 0.714225
Epoch: 28 	Training Cost: 9712.556060	 Valid Acc: 0.7150719729043183 	Best Valid Acc: 0.715072
Epoch: 29 	Training Cost: 9703.185760	 Valid Acc: 0.7132373694609089 	Best Valid Acc: 0.715072
Epoch: 30 	Training Cost: 9685.851105	 Valid Acc: 0.7145074795371155 	Best Valid Acc: 0.715072
Epoch: 31 	Training Cost: 9670.769733	 Valid Acc: 0.7123906294101044 	Best Valid Acc: 0.715072
Epoch: 32 	Training Cost: 9657.561353	 Valid Acc: 0.7145074795371155 	Best Valid Acc: 0.715072
Epoch: 33 	Training Cost: 9641.717306	 Valid Acc: 0.7138018628281118 	Best Valid Acc: 0.715072
Epoch: 34 	Training Cost: 9622.480547	 Valid Acc: 0.7138018628281118 	Best Valid Acc: 0.715072
Epoch: 35 	Training Cost: 9592.360556	 Valid Acc: 0.7111205193338979 	Best Valid Acc: 0.715072
Epoch: 36 	Training Cost: 9562.020320	 Valid Acc: 0.7128139994355066 	Best Valid Acc: 0.715072
Epoch: 37 	Training Cost: 9527.492439	 Valid Acc: 0.7133784928027096 	Best Valid Acc: 0.715072
Epoch: 38 	Training Cost: 9486.825877	 Valid Acc: 0.712108382726503 	Best Valid Acc: 0.715072
Epoch: 39 	Training Cost: 9454.451072	 Valid Acc: 0.7101326559412927 	Best Valid Acc: 0.715072
Epoch: 40 	Training Cost: 9424.136695	 Valid Acc: 0.7122495060683037 	Best Valid Acc: 0.715072
Epoch: 41 	Training Cost: 9394.754412	 Valid Acc: 0.7098504092576913 	Best Valid Acc: 0.715072
Epoch: 42 	Training Cost: 9361.186968	 Valid Acc: 0.7118261360429015 	Best Valid Acc: 0.715072
Epoch: 43 	Training Cost: 9336.101854	 Valid Acc: 0.7125317527519052 	Best Valid Acc: 0.715072
Epoch: 44 	Training Cost: 9303.714357	 Valid Acc: 0.7105560259666949 	Best Valid Acc: 0.715072
Epoch: 45 	Training Cost: 9274.381866	 Valid Acc: 0.7108382726502963 	Best Valid Acc: 0.715072
Epoch: 46 	Training Cost: 9246.230495	 Valid Acc: 0.7066045723962744 	Best Valid Acc: 0.715072
Epoch: 47 	Training Cost: 9220.328909	 Valid Acc: 0.7061812023708721 	Best Valid Acc: 0.715072
Epoch: 48 	Training Cost: 9188.263628	 Valid Acc: 0.7064634490544736 	Best Valid Acc: 0.715072
Epoch: 49 	Training Cost: 9164.292278	 Valid Acc: 0.7026531188258538 	Best Valid Acc: 0.715072
Epoch: 50 	Training Cost: 9142.716795	 Valid Acc: 0.7070279424216765 	Best Valid Acc: 0.715072
Epoch: 51 	Training Cost: 9121.778258	 Valid Acc: 0.7032176121930568 	Best Valid Acc: 0.715072
Epoch: 52 	Training Cost: 9095.684291	 Valid Acc: 0.7050522156364663 	Best Valid Acc: 0.715072
Epoch: 53 	Training Cost: 9073.651383	 Valid Acc: 0.7067456957380751 	Best Valid Acc: 0.715072
Epoch: 54 	Training Cost: 9050.386476	 Valid Acc: 0.7033587355348575 	Best Valid Acc: 0.715072
Epoch: 55 	Training Cost: 9031.463372	 Valid Acc: 0.7034998588766582 	Best Valid Acc: 0.715072
Epoch: 56 	Training Cost: 9006.510920	 Valid Acc: 0.7033587355348575 	Best Valid Acc: 0.715072
Epoch: 57 	Training Cost: 8986.068002	 Valid Acc: 0.7016652554332486 	Best Valid Acc: 0.715072
Epoch: 58 	Training Cost: 8971.408114	 Valid Acc: 0.7012418854078465 	Best Valid Acc: 0.715072
Epoch: 59 	Training Cost: 8950.238891	 Valid Acc: 0.7013830087496472 	Best Valid Acc: 0.715072
Epoch: 60 	Training Cost: 8924.277497	 Valid Acc: 0.7015241320914479 	Best Valid Acc: 0.715072
Epoch: 61 	Training Cost: 8908.291268	 Valid Acc: 0.7008185153824442 	Best Valid Acc: 0.715072
Epoch: 62 	Training Cost: 8892.920499	 Valid Acc: 0.6991250352808355 	Best Valid Acc: 0.715072
Epoch: 63 	Training Cost: 8870.240876	 Valid Acc: 0.6998306519898391 	Best Valid Acc: 0.715072
Epoch: 64 	Training Cost: 8851.575696	 Valid Acc: 0.7022297488004516 	Best Valid Acc: 0.715072
Epoch: 65 	Training Cost: 8834.974084	 Valid Acc: 0.698278295230031 	Best Valid Acc: 0.715072
Epoch: 66 	Training Cost: 8822.781136	 Valid Acc: 0.7009596387242449 	Best Valid Acc: 0.715072
Epoch: 67 	Training Cost: 8802.625217	 Valid Acc: 0.6989839119390348 	Best Valid Acc: 0.715072
Epoch: 68 	Training Cost: 8783.706013	 Valid Acc: 0.7011007620660458 	Best Valid Acc: 0.715072
Epoch: 69 	Training Cost: 8764.070159	 Valid Acc: 0.6987016652554332 	Best Valid Acc: 0.715072
Epoch: 70 	Training Cost: 8753.101028	 Valid Acc: 0.6992661586226362 	Best Valid Acc: 0.715072
Epoch: 71 	Training Cost: 8733.843602	 Valid Acc: 0.698842788597234 	Best Valid Acc: 0.715072
Epoch: 72 	Training Cost: 8713.891768	 Valid Acc: 0.7027942421676545 	Best Valid Acc: 0.715072
Epoch: 73 	Training Cost: 8704.216220	 Valid Acc: 0.6991250352808355 	Best Valid Acc: 0.715072
Epoch: 74 	Training Cost: 8687.912709	 Valid Acc: 0.6998306519898391 	Best Valid Acc: 0.715072
Epoch: 75 	Training Cost: 8665.682962	 Valid Acc: 0.6992661586226362 	Best Valid Acc: 0.715072
Epoch: 76 	Training Cost: 8653.722488	 Valid Acc: 0.6987016652554332 	Best Valid Acc: 0.715072
Epoch: 77 	Training Cost: 8638.240104	 Valid Acc: 0.6998306519898391 	Best Valid Acc: 0.715072
Epoch: 78 	Training Cost: 8616.231454	 Valid Acc: 0.6992661586226362 	Best Valid Acc: 0.715072
Epoch: 79 	Training Cost: 8606.108068	 Valid Acc: 0.6979960485464296 	Best Valid Acc: 0.715072
Epoch: 80 	Training Cost: 8587.354832	 Valid Acc: 0.6950324583686142 	Best Valid Acc: 0.715072
Epoch: 81 	Training Cost: 8572.154581	 Valid Acc: 0.6968670618120237 	Best Valid Acc: 0.715072
Epoch: 82 	Training Cost: 8552.043531	 Valid Acc: 0.6972904318374259 	Best Valid Acc: 0.715072
Epoch: 83 	Training Cost: 8537.424566	 Valid Acc: 0.6972904318374259 	Best Valid Acc: 0.715072
Epoch: 84 	Training Cost: 8520.503128	 Valid Acc: 0.6957380750776179 	Best Valid Acc: 0.715072
Epoch: 85 	Training Cost: 8505.806210	 Valid Acc: 0.6950324583686142 	Best Valid Acc: 0.715072
Epoch: 86 	Training Cost: 8485.782268	 Valid Acc: 0.6950324583686142 	Best Valid Acc: 0.715072
Epoch: 87 	Training Cost: 8473.469749	 Valid Acc: 0.6927744848998024 	Best Valid Acc: 0.715072
Epoch: 88 	Training Cost: 8457.003680	 Valid Acc: 0.6957380750776179 	Best Valid Acc: 0.715072
Epoch: 89 	Training Cost: 8438.908583	 Valid Acc: 0.6929156082416031 	Best Valid Acc: 0.715072
Epoch: 90 	Training Cost: 8425.663496	 Valid Acc: 0.6947502116850127 	Best Valid Acc: 0.715072
Epoch: 91 	Training Cost: 8411.283385	 Valid Acc: 0.691927744848998 	Best Valid Acc: 0.715072
Epoch: 92 	Training Cost: 8393.863510	 Valid Acc: 0.692492238216201 	Best Valid Acc: 0.715072
Epoch: 93 	Training Cost: 8376.603500	 Valid Acc: 0.6939034716342083 	Best Valid Acc: 0.715072
Epoch: 94 	Training Cost: 8360.535753	 Valid Acc: 0.6909398814563928 	Best Valid Acc: 0.715072
Epoch: 95 	Training Cost: 8360.118364	 Valid Acc: 0.689810894721987 	Best Valid Acc: 0.715072
Epoch: 96 	Training Cost: 8333.821049	 Valid Acc: 0.6888230313293818 	Best Valid Acc: 0.715072
Epoch: 97 	Training Cost: 8314.822955	 Valid Acc: 0.6879762912785775 	Best Valid Acc: 0.715072
Epoch: 98 	Training Cost: 8312.406988	 Valid Acc: 0.6899520180637877 	Best Valid Acc: 0.715072
Epoch: 99 	Training Cost: 8291.237528	 Valid Acc: 0.6896697713801863 	Best Valid Acc: 0.715072
Epoch: 100 	Training Cost: 8285.427729	 Valid Acc: 0.6896697713801863 	Best Valid Acc: 0.715072
lr=4e-05, lamb=0.0001, num_epoch=100, test_acc=0.6869884278859724
----------------------------------------------------------
----------------------------------------------------------
lr=4e-05, lamb=0.001, num_epoch=100
Epoch: 1 	Training Cost: 12922.322656	 Valid Acc: 0.6762630539091166 	Best Valid Acc: 0.676263
Epoch: 2 	Training Cost: 11753.726880	 Valid Acc: 0.6819079875811459 	Best Valid Acc: 0.681908
Epoch: 3 	Training Cost: 11647.516762	 Valid Acc: 0.6827547276319503 	Best Valid Acc: 0.682755
Epoch: 4 	Training Cost: 11577.422789	 Valid Acc: 0.6854360711261642 	Best Valid Acc: 0.685436
Epoch: 5 	Training Cost: 11424.766122	 Valid Acc: 0.6854360711261642 	Best Valid Acc: 0.685436
Epoch: 6 	Training Cost: 11165.139189	 Valid Acc: 0.6950324583686142 	Best Valid Acc: 0.695032
Epoch: 7 	Training Cost: 10849.556972	 Valid Acc: 0.7027942421676545 	Best Valid Acc: 0.702794
Epoch: 8 	Training Cost: 10626.574536	 Valid Acc: 0.7066045723962744 	Best Valid Acc: 0.706605
Epoch: 9 	Training Cost: 10491.044295	 Valid Acc: 0.7077335591306803 	Best Valid Acc: 0.707734
Epoch: 10 	Training Cost: 10397.524587	 Valid Acc: 0.7074513124470787 	Best Valid Acc: 0.707734
Epoch: 11 	Training Cost: 10330.091437	 Valid Acc: 0.7087214225232854 	Best Valid Acc: 0.708721
Epoch: 12 	Training Cost: 10279.188942	 Valid Acc: 0.7108382726502963 	Best Valid Acc: 0.710838
Epoch: 13 	Training Cost: 10238.969516	 Valid Acc: 0.7106971493084956 	Best Valid Acc: 0.710838
Epoch: 14 	Training Cost: 10205.476971	 Valid Acc: 0.7125317527519052 	Best Valid Acc: 0.712532
Epoch: 15 	Training Cost: 10176.276993	 Valid Acc: 0.7118261360429015 	Best Valid Acc: 0.712532
Epoch: 16 	Training Cost: 10149.419194	 Valid Acc: 0.7122495060683037 	Best Valid Acc: 0.712532
Epoch: 17 	Training Cost: 10124.295534	 Valid Acc: 0.7114027660174993 	Best Valid Acc: 0.712532
Epoch: 18 	Training Cost: 10100.455227	 Valid Acc: 0.7123906294101044 	Best Valid Acc: 0.712532
Epoch: 19 	Training Cost: 10077.443300	 Valid Acc: 0.7118261360429015 	Best Valid Acc: 0.712532
Epoch: 20 	Training Cost: 10055.420006	 Valid Acc: 0.7135196161445103 	Best Valid Acc: 0.713520
Epoch: 21 	Training Cost: 10034.524040	 Valid Acc: 0.7129551227773073 	Best Valid Acc: 0.713520
Epoch: 22 	Training Cost: 10013.993104	 Valid Acc: 0.7145074795371155 	Best Valid Acc: 0.714507
Epoch: 23 	Training Cost: 9995.002562	 Valid Acc: 0.7133784928027096 	Best Valid Acc: 0.714507
Epoch: 24 	Training Cost: 9976.544351	 Valid Acc: 0.7143663561953147 	Best Valid Acc: 0.714507
Epoch: 25 	Training Cost: 9959.956128	 Valid Acc: 0.7156364662715213 	Best Valid Acc: 0.715636
Epoch: 26 	Training Cost: 9944.435175	 Valid Acc: 0.7139429861699125 	Best Valid Acc: 0.715636
Epoch: 27 	Training Cost: 9931.506918	 Valid Acc: 0.7138018628281118 	Best Valid Acc: 0.715636
Epoch: 28 	Training Cost: 9920.737706	 Valid Acc: 0.7132373694609089 	Best Valid Acc: 0.715636
Epoch: 29 	Training Cost: 9916.088483	 Valid Acc: 0.7119672593847022 	Best Valid Acc: 0.715636
Epoch: 30 	Training Cost: 9905.351290	 Valid Acc: 0.7139429861699125 	Best Valid Acc: 0.715636
Epoch: 31 	Training Cost: 9896.253127	 Valid Acc: 0.7145074795371155 	Best Valid Acc: 0.715636
Epoch: 32 	Training Cost: 9894.571235	 Valid Acc: 0.7146486028789162 	Best Valid Acc: 0.715636
Epoch: 33 	Training Cost: 9882.041640	 Valid Acc: 0.7145074795371155 	Best Valid Acc: 0.715636
Epoch: 34 	Training Cost: 9876.622059	 Valid Acc: 0.7145074795371155 	Best Valid Acc: 0.715636
Epoch: 35 	Training Cost: 9871.005420	 Valid Acc: 0.7147897262207169 	Best Valid Acc: 0.715636
Epoch: 36 	Training Cost: 9867.440682	 Valid Acc: 0.714225232853514 	Best Valid Acc: 0.715636
Epoch: 37 	Training Cost: 9858.207195	 Valid Acc: 0.7146486028789162 	Best Valid Acc: 0.715636
Epoch: 38 	Training Cost: 9854.756961	 Valid Acc: 0.7135196161445103 	Best Valid Acc: 0.715636
Epoch: 39 	Training Cost: 9849.000325	 Valid Acc: 0.7150719729043183 	Best Valid Acc: 0.715636
Epoch: 40 	Training Cost: 9839.868448	 Valid Acc: 0.7146486028789162 	Best Valid Acc: 0.715636
Epoch: 41 	Training Cost: 9838.776764	 Valid Acc: 0.7146486028789162 	Best Valid Acc: 0.715636
Epoch: 42 	Training Cost: 9832.588270	 Valid Acc: 0.7133784928027096 	Best Valid Acc: 0.715636
Epoch: 43 	Training Cost: 9826.053600	 Valid Acc: 0.7115438893593 	Best Valid Acc: 0.715636
Epoch: 44 	Training Cost: 9823.847088	 Valid Acc: 0.7143663561953147 	Best Valid Acc: 0.715636
Epoch: 45 	Training Cost: 9823.314193	 Valid Acc: 0.713096246119108 	Best Valid Acc: 0.715636
Epoch: 46 	Training Cost: 9815.185243	 Valid Acc: 0.7126728760937059 	Best Valid Acc: 0.715636
Epoch: 47 	Training Cost: 9808.439911	 Valid Acc: 0.7133784928027096 	Best Valid Acc: 0.715636
Epoch: 48 	Training Cost: 9805.946755	 Valid Acc: 0.7150719729043183 	Best Valid Acc: 0.715636
Epoch: 49 	Training Cost: 9798.429968	 Valid Acc: 0.7139429861699125 	Best Valid Acc: 0.715636
Epoch: 50 	Training Cost: 9800.351411	 Valid Acc: 0.7135196161445103 	Best Valid Acc: 0.715636
Epoch: 51 	Training Cost: 9792.493811	 Valid Acc: 0.7159187129551228 	Best Valid Acc: 0.715919
Epoch: 52 	Training Cost: 9786.278725	 Valid Acc: 0.714225232853514 	Best Valid Acc: 0.715919
Epoch: 53 	Training Cost: 9785.149671	 Valid Acc: 0.714225232853514 	Best Valid Acc: 0.715919
Epoch: 54 	Training Cost: 9782.866813	 Valid Acc: 0.7154953429297206 	Best Valid Acc: 0.715919
Epoch: 55 	Training Cost: 9772.648850	 Valid Acc: 0.7147897262207169 	Best Valid Acc: 0.715919
Epoch: 56 	Training Cost: 9773.383899	 Valid Acc: 0.7150719729043183 	Best Valid Acc: 0.715919
Epoch: 57 	Training Cost: 9766.892853	 Valid Acc: 0.7143663561953147 	Best Valid Acc: 0.715919
Epoch: 58 	Training Cost: 9759.473006	 Valid Acc: 0.7162009596387242 	Best Valid Acc: 0.716201
Epoch: 59 	Training Cost: 9761.699288	 Valid Acc: 0.7145074795371155 	Best Valid Acc: 0.716201
Epoch: 60 	Training Cost: 9761.755463	 Valid Acc: 0.715777589613322 	Best Valid Acc: 0.716201
Epoch: 61 	Training Cost: 9750.160482	 Valid Acc: 0.7154953429297206 	Best Valid Acc: 0.716201
Epoch: 62 	Training Cost: 9745.946350	 Valid Acc: 0.713660739486311 	Best Valid Acc: 0.716201
Epoch: 63 	Training Cost: 9749.843924	 Valid Acc: 0.7167654530059272 	Best Valid Acc: 0.716765
Epoch: 64 	Training Cost: 9737.897562	 Valid Acc: 0.715777589613322 	Best Valid Acc: 0.716765
Epoch: 65 	Training Cost: 9736.599804	 Valid Acc: 0.7143663561953147 	Best Valid Acc: 0.716765
Epoch: 66 	Training Cost: 9732.100904	 Valid Acc: 0.7149308495625176 	Best Valid Acc: 0.716765
Epoch: 67 	Training Cost: 9726.137997	 Valid Acc: 0.7140841095117132 	Best Valid Acc: 0.716765
Epoch: 68 	Training Cost: 9727.197602	 Valid Acc: 0.7143663561953147 	Best Valid Acc: 0.716765
Epoch: 69 	Training Cost: 9720.276308	 Valid Acc: 0.7150719729043183 	Best Valid Acc: 0.716765
Epoch: 70 	Training Cost: 9713.081308	 Valid Acc: 0.7171888230313294 	Best Valid Acc: 0.717189
Epoch: 71 	Training Cost: 9714.147393	 Valid Acc: 0.7154953429297206 	Best Valid Acc: 0.717189
Epoch: 72 	Training Cost: 9708.280021	 Valid Acc: 0.7146486028789162 	Best Valid Acc: 0.717189
Epoch: 73 	Training Cost: 9702.774965	 Valid Acc: 0.7152130962461191 	Best Valid Acc: 0.717189
Epoch: 74 	Training Cost: 9699.620797	 Valid Acc: 0.7140841095117132 	Best Valid Acc: 0.717189
Epoch: 75 	Training Cost: 9697.048479	 Valid Acc: 0.7143663561953147 	Best Valid Acc: 0.717189
Epoch: 76 	Training Cost: 9693.660513	 Valid Acc: 0.7138018628281118 	Best Valid Acc: 0.717189
Epoch: 77 	Training Cost: 9687.447337	 Valid Acc: 0.7149308495625176 	Best Valid Acc: 0.717189
Epoch: 78 	Training Cost: 9682.221379	 Valid Acc: 0.7150719729043183 	Best Valid Acc: 0.717189
Epoch: 79 	Training Cost: 9682.409060	 Valid Acc: 0.7152130962461191 	Best Valid Acc: 0.717189
Epoch: 80 	Training Cost: 9675.463494	 Valid Acc: 0.7133784928027096 	Best Valid Acc: 0.717189
Epoch: 81 	Training Cost: 9669.766429	 Valid Acc: 0.7152130962461191 	Best Valid Acc: 0.717189
Epoch: 82 	Training Cost: 9666.955004	 Valid Acc: 0.7135196161445103 	Best Valid Acc: 0.717189
Epoch: 83 	Training Cost: 9662.406442	 Valid Acc: 0.7164832063223258 	Best Valid Acc: 0.717189
Epoch: 84 	Training Cost: 9662.116701	 Valid Acc: 0.7129551227773073 	Best Valid Acc: 0.717189
Epoch: 85 	Training Cost: 9651.855929	 Valid Acc: 0.7149308495625176 	Best Valid Acc: 0.717189
Epoch: 86 	Training Cost: 9650.395760	 Valid Acc: 0.7147897262207169 	Best Valid Acc: 0.717189
Epoch: 87 	Training Cost: 9646.619240	 Valid Acc: 0.7139429861699125 	Best Valid Acc: 0.717189
Epoch: 88 	Training Cost: 9644.676973	 Valid Acc: 0.7149308495625176 	Best Valid Acc: 0.717189
Epoch: 89 	Training Cost: 9641.298843	 Valid Acc: 0.7139429861699125 	Best Valid Acc: 0.717189
Epoch: 90 	Training Cost: 9636.018489	 Valid Acc: 0.7159187129551228 	Best Valid Acc: 0.717189
Epoch: 91 	Training Cost: 9634.113852	 Valid Acc: 0.714225232853514 	Best Valid Acc: 0.717189
Epoch: 92 	Training Cost: 9630.211398	 Valid Acc: 0.7156364662715213 	Best Valid Acc: 0.717189
Epoch: 93 	Training Cost: 9628.757521	 Valid Acc: 0.713096246119108 	Best Valid Acc: 0.717189
Epoch: 94 	Training Cost: 9624.977920	 Valid Acc: 0.7146486028789162 	Best Valid Acc: 0.717189
Epoch: 95 	Training Cost: 9620.361469	 Valid Acc: 0.7125317527519052 	Best Valid Acc: 0.717189
Epoch: 96 	Training Cost: 9616.940078	 Valid Acc: 0.7145074795371155 	Best Valid Acc: 0.717189
Epoch: 97 	Training Cost: 9614.817198	 Valid Acc: 0.7129551227773073 	Best Valid Acc: 0.717189
Epoch: 98 	Training Cost: 9612.806192	 Valid Acc: 0.713660739486311 	Best Valid Acc: 0.717189
Epoch: 99 	Training Cost: 9607.700806	 Valid Acc: 0.7132373694609089 	Best Valid Acc: 0.717189
Epoch: 100 	Training Cost: 9604.853509	 Valid Acc: 0.7154953429297206 	Best Valid Acc: 0.717189
lr=4e-05, lamb=0.001, num_epoch=100, test_acc=0.7101326559412927
----------------------------------------------------------
lr=4e-05, lamb=0, best_valid_acc=0.7178944397403331
lr=4e-05, lamb=1e-05, best_valid_acc=0.7177533163985323
lr=4e-05, lamb=0.0001, best_valid_acc=0.7150719729043183
lr=4e-05, lamb=0.001, best_valid_acc=0.7171888230313294
