nn10.py, same as nn7.py, but add gender/age info
Tuning process for lr=3e-05
----------------------------------------------------------
lr=3e-05, lamb=0, num_epoch=100
Epoch: 1 	Training Cost: 12869.864737	 Valid Acc: 0.6755574372001129 	Best Valid Acc: 0.675557
Epoch: 2 	Training Cost: 11620.787884	 Valid Acc: 0.68077900084674 	Best Valid Acc: 0.680779
Epoch: 3 	Training Cost: 11483.946620	 Valid Acc: 0.6838837143663562 	Best Valid Acc: 0.683884
Epoch: 4 	Training Cost: 11437.536658	 Valid Acc: 0.6833192209991532 	Best Valid Acc: 0.683884
Epoch: 5 	Training Cost: 11390.850015	 Valid Acc: 0.6823313576065482 	Best Valid Acc: 0.683884
Epoch: 6 	Training Cost: 11270.877877	 Valid Acc: 0.6852949477843635 	Best Valid Acc: 0.685295
Epoch: 7 	Training Cost: 11066.785335	 Valid Acc: 0.6900931414055885 	Best Valid Acc: 0.690093
Epoch: 8 	Training Cost: 10850.361405	 Valid Acc: 0.6954558283940163 	Best Valid Acc: 0.695456
Epoch: 9 	Training Cost: 10643.272273	 Valid Acc: 0.6974315551792266 	Best Valid Acc: 0.697432
Epoch: 10 	Training Cost: 10476.739043	 Valid Acc: 0.7018063787750494 	Best Valid Acc: 0.701806
Epoch: 11 	Training Cost: 10355.365734	 Valid Acc: 0.7033587355348575 	Best Valid Acc: 0.703359
Epoch: 12 	Training Cost: 10263.985549	 Valid Acc: 0.7047699689528648 	Best Valid Acc: 0.704770
Epoch: 13 	Training Cost: 10191.513564	 Valid Acc: 0.7050522156364663 	Best Valid Acc: 0.705052
Epoch: 14 	Training Cost: 10133.535380	 Valid Acc: 0.7077335591306803 	Best Valid Acc: 0.707734
Epoch: 15 	Training Cost: 10084.851745	 Valid Acc: 0.7082980524978831 	Best Valid Acc: 0.708298
Epoch: 16 	Training Cost: 10041.973400	 Valid Acc: 0.7116850127011007 	Best Valid Acc: 0.711685
Epoch: 17 	Training Cost: 10003.441393	 Valid Acc: 0.7119672593847022 	Best Valid Acc: 0.711967
Epoch: 18 	Training Cost: 9968.102909	 Valid Acc: 0.7123906294101044 	Best Valid Acc: 0.712391
Epoch: 19 	Training Cost: 9935.316257	 Valid Acc: 0.7138018628281118 	Best Valid Acc: 0.713802
Epoch: 20 	Training Cost: 9904.945782	 Valid Acc: 0.7143663561953147 	Best Valid Acc: 0.714366
Epoch: 21 	Training Cost: 9875.632692	 Valid Acc: 0.715777589613322 	Best Valid Acc: 0.715778
Epoch: 22 	Training Cost: 9847.616354	 Valid Acc: 0.7162009596387242 	Best Valid Acc: 0.716201
Epoch: 23 	Training Cost: 9820.165906	 Valid Acc: 0.7169065763477279 	Best Valid Acc: 0.716907
Epoch: 24 	Training Cost: 9794.071064	 Valid Acc: 0.7159187129551228 	Best Valid Acc: 0.716907
Epoch: 25 	Training Cost: 9769.245879	 Valid Acc: 0.7183178097657352 	Best Valid Acc: 0.718318
Epoch: 26 	Training Cost: 9746.151004	 Valid Acc: 0.7191645498165397 	Best Valid Acc: 0.719165
Epoch: 27 	Training Cost: 9724.753996	 Valid Acc: 0.7191645498165397 	Best Valid Acc: 0.719165
Epoch: 28 	Training Cost: 9704.180093	 Valid Acc: 0.7187411797911375 	Best Valid Acc: 0.719165
Epoch: 29 	Training Cost: 9684.535056	 Valid Acc: 0.7181766864239345 	Best Valid Acc: 0.719165
Epoch: 30 	Training Cost: 9666.646737	 Valid Acc: 0.7174710697149308 	Best Valid Acc: 0.719165
Epoch: 31 	Training Cost: 9648.568561	 Valid Acc: 0.7181766864239345 	Best Valid Acc: 0.719165
Epoch: 32 	Training Cost: 9632.800196	 Valid Acc: 0.7174710697149308 	Best Valid Acc: 0.719165
Epoch: 33 	Training Cost: 9616.381651	 Valid Acc: 0.7162009596387242 	Best Valid Acc: 0.719165
Epoch: 34 	Training Cost: 9600.224674	 Valid Acc: 0.7135196161445103 	Best Valid Acc: 0.719165
Epoch: 35 	Training Cost: 9582.663720	 Valid Acc: 0.7160598362969235 	Best Valid Acc: 0.719165
Epoch: 36 	Training Cost: 9563.083278	 Valid Acc: 0.7143663561953147 	Best Valid Acc: 0.719165
Epoch: 37 	Training Cost: 9539.712107	 Valid Acc: 0.7135196161445103 	Best Valid Acc: 0.719165
Epoch: 38 	Training Cost: 9510.425491	 Valid Acc: 0.7139429861699125 	Best Valid Acc: 0.719165
Epoch: 39 	Training Cost: 9478.330626	 Valid Acc: 0.7152130962461191 	Best Valid Acc: 0.719165
Epoch: 40 	Training Cost: 9443.587652	 Valid Acc: 0.7143663561953147 	Best Valid Acc: 0.719165
Epoch: 41 	Training Cost: 9408.297111	 Valid Acc: 0.7149308495625176 	Best Valid Acc: 0.719165
Epoch: 42 	Training Cost: 9375.848642	 Valid Acc: 0.7109793959920971 	Best Valid Acc: 0.719165
Epoch: 43 	Training Cost: 9347.774944	 Valid Acc: 0.7104149026248942 	Best Valid Acc: 0.719165
Epoch: 44 	Training Cost: 9319.558562	 Valid Acc: 0.709991532599492 	Best Valid Acc: 0.719165
Epoch: 45 	Training Cost: 9291.188584	 Valid Acc: 0.7106971493084956 	Best Valid Acc: 0.719165
Epoch: 46 	Training Cost: 9265.831071	 Valid Acc: 0.7085802991814846 	Best Valid Acc: 0.719165
Epoch: 47 	Training Cost: 9235.480851	 Valid Acc: 0.707874682472481 	Best Valid Acc: 0.719165
Epoch: 48 	Training Cost: 9211.307751	 Valid Acc: 0.7058989556872707 	Best Valid Acc: 0.719165
Epoch: 49 	Training Cost: 9185.444885	 Valid Acc: 0.7063223257126728 	Best Valid Acc: 0.719165
Epoch: 50 	Training Cost: 9159.839005	 Valid Acc: 0.7054755856618685 	Best Valid Acc: 0.719165
Epoch: 51 	Training Cost: 9137.235628	 Valid Acc: 0.7068868190798758 	Best Valid Acc: 0.719165
Epoch: 52 	Training Cost: 9112.623113	 Valid Acc: 0.7050522156364663 	Best Valid Acc: 0.719165
Epoch: 53 	Training Cost: 9088.261672	 Valid Acc: 0.7060400790290714 	Best Valid Acc: 0.719165
Epoch: 54 	Training Cost: 9065.840549	 Valid Acc: 0.7044877222692634 	Best Valid Acc: 0.719165
Epoch: 55 	Training Cost: 9045.994119	 Valid Acc: 0.7058989556872707 	Best Valid Acc: 0.719165
Epoch: 56 	Training Cost: 9023.416051	 Valid Acc: 0.7026531188258538 	Best Valid Acc: 0.719165
Epoch: 57 	Training Cost: 8999.848073	 Valid Acc: 0.7053344623200677 	Best Valid Acc: 0.719165
Epoch: 58 	Training Cost: 8980.210186	 Valid Acc: 0.7016652554332486 	Best Valid Acc: 0.719165
Epoch: 59 	Training Cost: 8961.978113	 Valid Acc: 0.7020886254586508 	Best Valid Acc: 0.719165
Epoch: 60 	Training Cost: 8941.297534	 Valid Acc: 0.7042054755856618 	Best Valid Acc: 0.719165
Epoch: 61 	Training Cost: 8920.045681	 Valid Acc: 0.7046288456110641 	Best Valid Acc: 0.719165
Epoch: 62 	Training Cost: 8902.317761	 Valid Acc: 0.7009596387242449 	Best Valid Acc: 0.719165
Epoch: 63 	Training Cost: 8882.166154	 Valid Acc: 0.703076488851256 	Best Valid Acc: 0.719165
Epoch: 64 	Training Cost: 8864.066487	 Valid Acc: 0.7011007620660458 	Best Valid Acc: 0.719165
Epoch: 65 	Training Cost: 8846.485144	 Valid Acc: 0.7006773920406435 	Best Valid Acc: 0.719165
Epoch: 66 	Training Cost: 8826.244484	 Valid Acc: 0.6992661586226362 	Best Valid Acc: 0.719165
Epoch: 67 	Training Cost: 8809.873958	 Valid Acc: 0.7001128986734406 	Best Valid Acc: 0.719165
Epoch: 68 	Training Cost: 8794.691598	 Valid Acc: 0.698842788597234 	Best Valid Acc: 0.719165
Epoch: 69 	Training Cost: 8774.857486	 Valid Acc: 0.6979960485464296 	Best Valid Acc: 0.719165
Epoch: 70 	Training Cost: 8758.566357	 Valid Acc: 0.6964436917866215 	Best Valid Acc: 0.719165
Epoch: 71 	Training Cost: 8741.470890	 Valid Acc: 0.6972904318374259 	Best Valid Acc: 0.719165
Epoch: 72 	Training Cost: 8722.557713	 Valid Acc: 0.6960203217612193 	Best Valid Acc: 0.719165
Epoch: 73 	Training Cost: 8708.508755	 Valid Acc: 0.6930567315834039 	Best Valid Acc: 0.719165
Epoch: 74 	Training Cost: 8691.784118	 Valid Acc: 0.6950324583686142 	Best Valid Acc: 0.719165
Epoch: 75 	Training Cost: 8672.373890	 Valid Acc: 0.6920688681907987 	Best Valid Acc: 0.719165
Epoch: 76 	Training Cost: 8656.721530	 Valid Acc: 0.6951735817104149 	Best Valid Acc: 0.719165
Epoch: 77 	Training Cost: 8641.628673	 Valid Acc: 0.6923511148744003 	Best Valid Acc: 0.719165
Epoch: 78 	Training Cost: 8623.935775	 Valid Acc: 0.6943268416596104 	Best Valid Acc: 0.719165
Epoch: 79 	Training Cost: 8608.886032	 Valid Acc: 0.6923511148744003 	Best Valid Acc: 0.719165
Epoch: 80 	Training Cost: 8589.608223	 Valid Acc: 0.6934801016088061 	Best Valid Acc: 0.719165
Epoch: 81 	Training Cost: 8575.524995	 Valid Acc: 0.692492238216201 	Best Valid Acc: 0.719165
Epoch: 82 	Training Cost: 8559.185380	 Valid Acc: 0.6934801016088061 	Best Valid Acc: 0.719165
Epoch: 83 	Training Cost: 8542.420072	 Valid Acc: 0.6930567315834039 	Best Valid Acc: 0.719165
Epoch: 84 	Training Cost: 8524.365466	 Valid Acc: 0.6933389782670054 	Best Valid Acc: 0.719165
Epoch: 85 	Training Cost: 8508.554321	 Valid Acc: 0.6896697713801863 	Best Valid Acc: 0.719165
Epoch: 86 	Training Cost: 8493.522336	 Valid Acc: 0.691927744848998 	Best Valid Acc: 0.719165
Epoch: 87 	Training Cost: 8473.251417	 Valid Acc: 0.6916454981653966 	Best Valid Acc: 0.719165
Epoch: 88 	Training Cost: 8459.197035	 Valid Acc: 0.69037538808919 	Best Valid Acc: 0.719165
Epoch: 89 	Training Cost: 8444.445879	 Valid Acc: 0.6910810047981937 	Best Valid Acc: 0.719165
Epoch: 90 	Training Cost: 8423.523185	 Valid Acc: 0.6879762912785775 	Best Valid Acc: 0.719165
Epoch: 91 	Training Cost: 8407.875420	 Valid Acc: 0.6905165114309907 	Best Valid Acc: 0.719165
Epoch: 92 	Training Cost: 8393.699880	 Valid Acc: 0.6891052780129834 	Best Valid Acc: 0.719165
Epoch: 93 	Training Cost: 8377.428500	 Valid Acc: 0.6910810047981937 	Best Valid Acc: 0.719165
Epoch: 94 	Training Cost: 8358.004558	 Valid Acc: 0.689810894721987 	Best Valid Acc: 0.719165
Epoch: 95 	Training Cost: 8345.614698	 Valid Acc: 0.691927744848998 	Best Valid Acc: 0.719165
Epoch: 96 	Training Cost: 8327.495422	 Valid Acc: 0.6893875246965848 	Best Valid Acc: 0.719165
Epoch: 97 	Training Cost: 8310.428958	 Valid Acc: 0.691927744848998 	Best Valid Acc: 0.719165
Epoch: 98 	Training Cost: 8295.380507	 Valid Acc: 0.6902342647473892 	Best Valid Acc: 0.719165
Epoch: 99 	Training Cost: 8277.960927	 Valid Acc: 0.6906576347727914 	Best Valid Acc: 0.719165
Epoch: 100 	Training Cost: 8262.241526	 Valid Acc: 0.6913632514817951 	Best Valid Acc: 0.719165
lr=3e-05, lamb=0, num_epoch=100, test_acc=0.6909398814563928
----------------------------------------------------------
----------------------------------------------------------
lr=3e-05, lamb=1e-05, num_epoch=100
Epoch: 1 	Training Cost: 12862.864013	 Valid Acc: 0.6730172170476997 	Best Valid Acc: 0.673017
Epoch: 2 	Training Cost: 11601.125289	 Valid Acc: 0.6806378775049393 	Best Valid Acc: 0.680638
Epoch: 3 	Training Cost: 11473.128172	 Valid Acc: 0.6819079875811459 	Best Valid Acc: 0.681908
Epoch: 4 	Training Cost: 11426.951565	 Valid Acc: 0.682895850973751 	Best Valid Acc: 0.682896
Epoch: 5 	Training Cost: 11364.808599	 Valid Acc: 0.682895850973751 	Best Valid Acc: 0.682896
Epoch: 6 	Training Cost: 11211.724904	 Valid Acc: 0.6833192209991532 	Best Valid Acc: 0.683319
Epoch: 7 	Training Cost: 10993.899915	 Valid Acc: 0.6888230313293818 	Best Valid Acc: 0.688823
Epoch: 8 	Training Cost: 10737.936820	 Valid Acc: 0.6984194185718318 	Best Valid Acc: 0.698419
Epoch: 9 	Training Cost: 10517.122586	 Valid Acc: 0.7015241320914479 	Best Valid Acc: 0.701524
Epoch: 10 	Training Cost: 10372.621879	 Valid Acc: 0.7047699689528648 	Best Valid Acc: 0.704770
Epoch: 11 	Training Cost: 10274.079299	 Valid Acc: 0.7047699689528648 	Best Valid Acc: 0.704770
Epoch: 12 	Training Cost: 10197.179343	 Valid Acc: 0.7056167090036692 	Best Valid Acc: 0.705617
Epoch: 13 	Training Cost: 10134.445818	 Valid Acc: 0.7085802991814846 	Best Valid Acc: 0.708580
Epoch: 14 	Training Cost: 10083.068407	 Valid Acc: 0.7081569291560824 	Best Valid Acc: 0.708580
Epoch: 15 	Training Cost: 10039.727458	 Valid Acc: 0.7114027660174993 	Best Valid Acc: 0.711403
Epoch: 16 	Training Cost: 10002.105030	 Valid Acc: 0.7104149026248942 	Best Valid Acc: 0.711403
Epoch: 17 	Training Cost: 9968.204605	 Valid Acc: 0.7139429861699125 	Best Valid Acc: 0.713943
Epoch: 18 	Training Cost: 9937.365759	 Valid Acc: 0.7138018628281118 	Best Valid Acc: 0.713943
Epoch: 19 	Training Cost: 9909.022587	 Valid Acc: 0.7140841095117132 	Best Valid Acc: 0.714084
Epoch: 20 	Training Cost: 9883.057283	 Valid Acc: 0.7146486028789162 	Best Valid Acc: 0.714649
Epoch: 21 	Training Cost: 9858.670624	 Valid Acc: 0.7140841095117132 	Best Valid Acc: 0.714649
Epoch: 22 	Training Cost: 9835.686717	 Valid Acc: 0.7138018628281118 	Best Valid Acc: 0.714649
Epoch: 23 	Training Cost: 9813.529340	 Valid Acc: 0.7149308495625176 	Best Valid Acc: 0.714931
Epoch: 24 	Training Cost: 9792.712371	 Valid Acc: 0.7145074795371155 	Best Valid Acc: 0.714931
Epoch: 25 	Training Cost: 9773.011247	 Valid Acc: 0.7146486028789162 	Best Valid Acc: 0.714931
Epoch: 26 	Training Cost: 9754.755043	 Valid Acc: 0.7150719729043183 	Best Valid Acc: 0.715072
Epoch: 27 	Training Cost: 9737.506206	 Valid Acc: 0.7147897262207169 	Best Valid Acc: 0.715072
Epoch: 28 	Training Cost: 9721.543157	 Valid Acc: 0.7154953429297206 	Best Valid Acc: 0.715495
Epoch: 29 	Training Cost: 9707.949925	 Valid Acc: 0.7181766864239345 	Best Valid Acc: 0.718177
Epoch: 30 	Training Cost: 9696.951892	 Valid Acc: 0.7163420829805249 	Best Valid Acc: 0.718177
Epoch: 31 	Training Cost: 9686.541576	 Valid Acc: 0.7160598362969235 	Best Valid Acc: 0.718177
Epoch: 32 	Training Cost: 9676.508286	 Valid Acc: 0.7143663561953147 	Best Valid Acc: 0.718177
Epoch: 33 	Training Cost: 9667.999433	 Valid Acc: 0.7171888230313294 	Best Valid Acc: 0.718177
Epoch: 34 	Training Cost: 9658.750998	 Valid Acc: 0.7152130962461191 	Best Valid Acc: 0.718177
Epoch: 35 	Training Cost: 9649.394662	 Valid Acc: 0.7163420829805249 	Best Valid Acc: 0.718177
Epoch: 36 	Training Cost: 9642.088034	 Valid Acc: 0.7169065763477279 	Best Valid Acc: 0.718177
Epoch: 37 	Training Cost: 9634.040376	 Valid Acc: 0.715777589613322 	Best Valid Acc: 0.718177
Epoch: 38 	Training Cost: 9625.689592	 Valid Acc: 0.715777589613322 	Best Valid Acc: 0.718177
Epoch: 39 	Training Cost: 9618.089202	 Valid Acc: 0.714225232853514 	Best Valid Acc: 0.718177
Epoch: 40 	Training Cost: 9609.121515	 Valid Acc: 0.7146486028789162 	Best Valid Acc: 0.718177
Epoch: 41 	Training Cost: 9600.621532	 Valid Acc: 0.7145074795371155 	Best Valid Acc: 0.718177
Epoch: 42 	Training Cost: 9590.742319	 Valid Acc: 0.7145074795371155 	Best Valid Acc: 0.718177
Epoch: 43 	Training Cost: 9582.481722	 Valid Acc: 0.7149308495625176 	Best Valid Acc: 0.718177
Epoch: 44 	Training Cost: 9571.625490	 Valid Acc: 0.7139429861699125 	Best Valid Acc: 0.718177
Epoch: 45 	Training Cost: 9558.171767	 Valid Acc: 0.7139429861699125 	Best Valid Acc: 0.718177
Epoch: 46 	Training Cost: 9545.898888	 Valid Acc: 0.7133784928027096 	Best Valid Acc: 0.718177
Epoch: 47 	Training Cost: 9529.617185	 Valid Acc: 0.7156364662715213 	Best Valid Acc: 0.718177
Epoch: 48 	Training Cost: 9510.234396	 Valid Acc: 0.7147897262207169 	Best Valid Acc: 0.718177
Epoch: 49 	Training Cost: 9483.952825	 Valid Acc: 0.7145074795371155 	Best Valid Acc: 0.718177
Epoch: 50 	Training Cost: 9456.443987	 Valid Acc: 0.7133784928027096 	Best Valid Acc: 0.718177
Epoch: 51 	Training Cost: 9425.562252	 Valid Acc: 0.7138018628281118 	Best Valid Acc: 0.718177
Epoch: 52 	Training Cost: 9396.478325	 Valid Acc: 0.7119672593847022 	Best Valid Acc: 0.718177
Epoch: 53 	Training Cost: 9367.569085	 Valid Acc: 0.7135196161445103 	Best Valid Acc: 0.718177
Epoch: 54 	Training Cost: 9343.614371	 Valid Acc: 0.7111205193338979 	Best Valid Acc: 0.718177
Epoch: 55 	Training Cost: 9316.717324	 Valid Acc: 0.7118261360429015 	Best Valid Acc: 0.718177
Epoch: 56 	Training Cost: 9291.873123	 Valid Acc: 0.7129551227773073 	Best Valid Acc: 0.718177
Epoch: 57 	Training Cost: 9265.608576	 Valid Acc: 0.7123906294101044 	Best Valid Acc: 0.718177
Epoch: 58 	Training Cost: 9240.562735	 Valid Acc: 0.7119672593847022 	Best Valid Acc: 0.718177
Epoch: 59 	Training Cost: 9215.520440	 Valid Acc: 0.7119672593847022 	Best Valid Acc: 0.718177
Epoch: 60 	Training Cost: 9186.978396	 Valid Acc: 0.7098504092576913 	Best Valid Acc: 0.718177
Epoch: 61 	Training Cost: 9162.609920	 Valid Acc: 0.7111205193338979 	Best Valid Acc: 0.718177
Epoch: 62 	Training Cost: 9140.362646	 Valid Acc: 0.7087214225232854 	Best Valid Acc: 0.718177
Epoch: 63 	Training Cost: 9113.695309	 Valid Acc: 0.7111205193338979 	Best Valid Acc: 0.718177
Epoch: 64 	Training Cost: 9089.229858	 Valid Acc: 0.7097092859158904 	Best Valid Acc: 0.718177
Epoch: 65 	Training Cost: 9069.864217	 Valid Acc: 0.7068868190798758 	Best Valid Acc: 0.718177
Epoch: 66 	Training Cost: 9049.478045	 Valid Acc: 0.7077335591306803 	Best Valid Acc: 0.718177
Epoch: 67 	Training Cost: 9025.328006	 Valid Acc: 0.7046288456110641 	Best Valid Acc: 0.718177
Epoch: 68 	Training Cost: 9008.242128	 Valid Acc: 0.70575783234547 	Best Valid Acc: 0.718177
Epoch: 69 	Training Cost: 8990.930231	 Valid Acc: 0.7044877222692634 	Best Valid Acc: 0.718177
Epoch: 70 	Training Cost: 8968.641395	 Valid Acc: 0.7039232289020604 	Best Valid Acc: 0.718177
Epoch: 71 	Training Cost: 8950.034901	 Valid Acc: 0.7067456957380751 	Best Valid Acc: 0.718177
Epoch: 72 	Training Cost: 8933.923104	 Valid Acc: 0.7047699689528648 	Best Valid Acc: 0.718177
Epoch: 73 	Training Cost: 8914.159580	 Valid Acc: 0.7056167090036692 	Best Valid Acc: 0.718177
Epoch: 74 	Training Cost: 8897.387737	 Valid Acc: 0.7066045723962744 	Best Valid Acc: 0.718177
Epoch: 75 	Training Cost: 8877.323250	 Valid Acc: 0.7036409822184589 	Best Valid Acc: 0.718177
Epoch: 76 	Training Cost: 8861.979844	 Valid Acc: 0.7043465989274627 	Best Valid Acc: 0.718177
Epoch: 77 	Training Cost: 8845.898649	 Valid Acc: 0.7047699689528648 	Best Valid Acc: 0.718177
Epoch: 78 	Training Cost: 8824.724820	 Valid Acc: 0.7033587355348575 	Best Valid Acc: 0.718177
Epoch: 79 	Training Cost: 8805.155586	 Valid Acc: 0.7029353655094552 	Best Valid Acc: 0.718177
Epoch: 80 	Training Cost: 8790.559328	 Valid Acc: 0.7022297488004516 	Best Valid Acc: 0.718177
Epoch: 81 	Training Cost: 8776.772704	 Valid Acc: 0.7009596387242449 	Best Valid Acc: 0.718177
Epoch: 82 	Training Cost: 8754.268213	 Valid Acc: 0.7037821055602597 	Best Valid Acc: 0.718177
Epoch: 83 	Training Cost: 8739.201488	 Valid Acc: 0.7013830087496472 	Best Valid Acc: 0.718177
Epoch: 84 	Training Cost: 8725.667332	 Valid Acc: 0.7018063787750494 	Best Valid Acc: 0.718177
Epoch: 85 	Training Cost: 8705.731991	 Valid Acc: 0.7018063787750494 	Best Valid Acc: 0.718177
Epoch: 86 	Training Cost: 8689.886045	 Valid Acc: 0.7006773920406435 	Best Valid Acc: 0.718177
Epoch: 87 	Training Cost: 8669.294722	 Valid Acc: 0.7002540220152413 	Best Valid Acc: 0.718177
Epoch: 88 	Training Cost: 8652.999183	 Valid Acc: 0.7009596387242449 	Best Valid Acc: 0.718177
Epoch: 89 	Training Cost: 8637.491020	 Valid Acc: 0.6999717753316399 	Best Valid Acc: 0.718177
Epoch: 90 	Training Cost: 8614.927831	 Valid Acc: 0.7018063787750494 	Best Valid Acc: 0.718177
Epoch: 91 	Training Cost: 8596.572786	 Valid Acc: 0.7009596387242449 	Best Valid Acc: 0.718177
Epoch: 92 	Training Cost: 8575.609777	 Valid Acc: 0.7011007620660458 	Best Valid Acc: 0.718177
Epoch: 93 	Training Cost: 8554.852842	 Valid Acc: 0.7008185153824442 	Best Valid Acc: 0.718177
Epoch: 94 	Training Cost: 8525.169470	 Valid Acc: 0.6992661586226362 	Best Valid Acc: 0.718177
Epoch: 95 	Training Cost: 8502.570083	 Valid Acc: 0.6995484053062376 	Best Valid Acc: 0.718177
Epoch: 96 	Training Cost: 8472.708040	 Valid Acc: 0.6972904318374259 	Best Valid Acc: 0.718177
Epoch: 97 	Training Cost: 8441.553867	 Valid Acc: 0.6985605419136325 	Best Valid Acc: 0.718177
Epoch: 98 	Training Cost: 8414.106528	 Valid Acc: 0.6948913350268134 	Best Valid Acc: 0.718177
Epoch: 99 	Training Cost: 8380.865167	 Valid Acc: 0.6963025684448207 	Best Valid Acc: 0.718177
Epoch: 100 	Training Cost: 8350.613719	 Valid Acc: 0.6974315551792266 	Best Valid Acc: 0.718177
lr=3e-05, lamb=1e-05, num_epoch=100, test_acc=0.6917866215071973
----------------------------------------------------------
----------------------------------------------------------
lr=3e-05, lamb=0.0001, num_epoch=100
Epoch: 1 	Training Cost: 12764.642612	 Valid Acc: 0.6764041772509173 	Best Valid Acc: 0.676404
Epoch: 2 	Training Cost: 11624.612619	 Valid Acc: 0.681343494213943 	Best Valid Acc: 0.681343
Epoch: 3 	Training Cost: 11499.296494	 Valid Acc: 0.6814846175557437 	Best Valid Acc: 0.681485
Epoch: 4 	Training Cost: 11451.557736	 Valid Acc: 0.6836014676827548 	Best Valid Acc: 0.683601
Epoch: 5 	Training Cost: 11382.970589	 Valid Acc: 0.6830369743155518 	Best Valid Acc: 0.683601
Epoch: 6 	Training Cost: 11221.225467	 Valid Acc: 0.6843070843917584 	Best Valid Acc: 0.684307
Epoch: 7 	Training Cost: 11024.049214	 Valid Acc: 0.6902342647473892 	Best Valid Acc: 0.690234
Epoch: 8 	Training Cost: 10789.160524	 Valid Acc: 0.6984194185718318 	Best Valid Acc: 0.698419
Epoch: 9 	Training Cost: 10561.111678	 Valid Acc: 0.7043465989274627 	Best Valid Acc: 0.704347
Epoch: 10 	Training Cost: 10404.661137	 Valid Acc: 0.7054755856618685 	Best Valid Acc: 0.705476
Epoch: 11 	Training Cost: 10299.992024	 Valid Acc: 0.7063223257126728 	Best Valid Acc: 0.706322
Epoch: 12 	Training Cost: 10220.144157	 Valid Acc: 0.7080158058142817 	Best Valid Acc: 0.708016
Epoch: 13 	Training Cost: 10156.228027	 Valid Acc: 0.7081569291560824 	Best Valid Acc: 0.708157
Epoch: 14 	Training Cost: 10106.289334	 Valid Acc: 0.7090036692068868 	Best Valid Acc: 0.709004
Epoch: 15 	Training Cost: 10065.312862	 Valid Acc: 0.7108382726502963 	Best Valid Acc: 0.710838
Epoch: 16 	Training Cost: 10030.361047	 Valid Acc: 0.7119672593847022 	Best Valid Acc: 0.711967
Epoch: 17 	Training Cost: 9999.774116	 Valid Acc: 0.7128139994355066 	Best Valid Acc: 0.712814
Epoch: 18 	Training Cost: 9971.733771	 Valid Acc: 0.712108382726503 	Best Valid Acc: 0.712814
Epoch: 19 	Training Cost: 9945.519494	 Valid Acc: 0.7119672593847022 	Best Valid Acc: 0.712814
Epoch: 20 	Training Cost: 9921.006891	 Valid Acc: 0.7129551227773073 	Best Valid Acc: 0.712955
Epoch: 21 	Training Cost: 9898.102714	 Valid Acc: 0.7126728760937059 	Best Valid Acc: 0.712955
Epoch: 22 	Training Cost: 9876.193491	 Valid Acc: 0.7122495060683037 	Best Valid Acc: 0.712955
Epoch: 23 	Training Cost: 9855.358214	 Valid Acc: 0.7126728760937059 	Best Valid Acc: 0.712955
Epoch: 24 	Training Cost: 9835.749508	 Valid Acc: 0.7126728760937059 	Best Valid Acc: 0.712955
Epoch: 25 	Training Cost: 9817.054215	 Valid Acc: 0.7129551227773073 	Best Valid Acc: 0.712955
Epoch: 26 	Training Cost: 9799.408893	 Valid Acc: 0.7138018628281118 	Best Valid Acc: 0.713802
Epoch: 27 	Training Cost: 9782.347298	 Valid Acc: 0.7129551227773073 	Best Valid Acc: 0.713802
Epoch: 28 	Training Cost: 9766.388091	 Valid Acc: 0.7128139994355066 	Best Valid Acc: 0.713802
Epoch: 29 	Training Cost: 9751.670709	 Valid Acc: 0.7126728760937059 	Best Valid Acc: 0.713802
Epoch: 30 	Training Cost: 9737.461571	 Valid Acc: 0.7129551227773073 	Best Valid Acc: 0.713802
Epoch: 31 	Training Cost: 9725.507758	 Valid Acc: 0.7139429861699125 	Best Valid Acc: 0.713943
Epoch: 32 	Training Cost: 9714.542234	 Valid Acc: 0.7132373694609089 	Best Valid Acc: 0.713943
Epoch: 33 	Training Cost: 9705.459116	 Valid Acc: 0.7133784928027096 	Best Valid Acc: 0.713943
Epoch: 34 	Training Cost: 9697.219840	 Valid Acc: 0.7128139994355066 	Best Valid Acc: 0.713943
Epoch: 35 	Training Cost: 9689.348168	 Valid Acc: 0.7152130962461191 	Best Valid Acc: 0.715213
Epoch: 36 	Training Cost: 9682.308381	 Valid Acc: 0.7132373694609089 	Best Valid Acc: 0.715213
Epoch: 37 	Training Cost: 9671.778606	 Valid Acc: 0.7128139994355066 	Best Valid Acc: 0.715213
Epoch: 38 	Training Cost: 9663.363182	 Valid Acc: 0.7149308495625176 	Best Valid Acc: 0.715213
Epoch: 39 	Training Cost: 9656.426538	 Valid Acc: 0.714225232853514 	Best Valid Acc: 0.715213
Epoch: 40 	Training Cost: 9647.923487	 Valid Acc: 0.7146486028789162 	Best Valid Acc: 0.715213
Epoch: 41 	Training Cost: 9640.652681	 Valid Acc: 0.7145074795371155 	Best Valid Acc: 0.715213
Epoch: 42 	Training Cost: 9631.175902	 Valid Acc: 0.7133784928027096 	Best Valid Acc: 0.715213
Epoch: 43 	Training Cost: 9623.276483	 Valid Acc: 0.7133784928027096 	Best Valid Acc: 0.715213
Epoch: 44 	Training Cost: 9613.116086	 Valid Acc: 0.7143663561953147 	Best Valid Acc: 0.715213
Epoch: 45 	Training Cost: 9599.649987	 Valid Acc: 0.713096246119108 	Best Valid Acc: 0.715213
Epoch: 46 	Training Cost: 9589.637522	 Valid Acc: 0.7145074795371155 	Best Valid Acc: 0.715213
Epoch: 47 	Training Cost: 9575.449019	 Valid Acc: 0.7139429861699125 	Best Valid Acc: 0.715213
Epoch: 48 	Training Cost: 9553.258358	 Valid Acc: 0.7132373694609089 	Best Valid Acc: 0.715213
Epoch: 49 	Training Cost: 9532.560773	 Valid Acc: 0.7132373694609089 	Best Valid Acc: 0.715213
Epoch: 50 	Training Cost: 9507.835220	 Valid Acc: 0.7140841095117132 	Best Valid Acc: 0.715213
Epoch: 51 	Training Cost: 9478.090745	 Valid Acc: 0.7152130962461191 	Best Valid Acc: 0.715213
Epoch: 52 	Training Cost: 9452.181660	 Valid Acc: 0.7109793959920971 	Best Valid Acc: 0.715213
Epoch: 53 	Training Cost: 9430.617177	 Valid Acc: 0.7102737792830934 	Best Valid Acc: 0.715213
Epoch: 54 	Training Cost: 9406.574304	 Valid Acc: 0.7114027660174993 	Best Valid Acc: 0.715213
Epoch: 55 	Training Cost: 9386.595228	 Valid Acc: 0.7114027660174993 	Best Valid Acc: 0.715213
Epoch: 56 	Training Cost: 9364.135852	 Valid Acc: 0.7085802991814846 	Best Valid Acc: 0.715213
Epoch: 57 	Training Cost: 9341.644549	 Valid Acc: 0.7122495060683037 	Best Valid Acc: 0.715213
Epoch: 58 	Training Cost: 9321.062263	 Valid Acc: 0.7101326559412927 	Best Valid Acc: 0.715213
Epoch: 59 	Training Cost: 9296.437554	 Valid Acc: 0.7119672593847022 	Best Valid Acc: 0.715213
Epoch: 60 	Training Cost: 9274.680213	 Valid Acc: 0.709991532599492 	Best Valid Acc: 0.715213
Epoch: 61 	Training Cost: 9248.351416	 Valid Acc: 0.7098504092576913 	Best Valid Acc: 0.715213
Epoch: 62 	Training Cost: 9227.141899	 Valid Acc: 0.7081569291560824 	Best Valid Acc: 0.715213
Epoch: 63 	Training Cost: 9205.005910	 Valid Acc: 0.7091447925486876 	Best Valid Acc: 0.715213
Epoch: 64 	Training Cost: 9180.327079	 Valid Acc: 0.7047699689528648 	Best Valid Acc: 0.715213
Epoch: 65 	Training Cost: 9161.267573	 Valid Acc: 0.7068868190798758 	Best Valid Acc: 0.715213
Epoch: 66 	Training Cost: 9137.818441	 Valid Acc: 0.7091447925486876 	Best Valid Acc: 0.715213
Epoch: 67 	Training Cost: 9117.954327	 Valid Acc: 0.7070279424216765 	Best Valid Acc: 0.715213
Epoch: 68 	Training Cost: 9096.823037	 Valid Acc: 0.7042054755856618 	Best Valid Acc: 0.715213
Epoch: 69 	Training Cost: 9076.215141	 Valid Acc: 0.7068868190798758 	Best Valid Acc: 0.715213
Epoch: 70 	Training Cost: 9062.760723	 Valid Acc: 0.7032176121930568 	Best Valid Acc: 0.715213
Epoch: 71 	Training Cost: 9039.487402	 Valid Acc: 0.7043465989274627 	Best Valid Acc: 0.715213
Epoch: 72 	Training Cost: 9023.276764	 Valid Acc: 0.7054755856618685 	Best Valid Acc: 0.715213
Epoch: 73 	Training Cost: 9011.353718	 Valid Acc: 0.7033587355348575 	Best Valid Acc: 0.715213
Epoch: 74 	Training Cost: 8987.900858	 Valid Acc: 0.703076488851256 	Best Valid Acc: 0.715213
Epoch: 75 	Training Cost: 8970.885698	 Valid Acc: 0.7018063787750494 	Best Valid Acc: 0.715213
Epoch: 76 	Training Cost: 8957.416336	 Valid Acc: 0.7016652554332486 	Best Valid Acc: 0.715213
Epoch: 77 	Training Cost: 8943.250260	 Valid Acc: 0.7023708721422524 	Best Valid Acc: 0.715213
Epoch: 78 	Training Cost: 8924.189121	 Valid Acc: 0.7027942421676545 	Best Valid Acc: 0.715213
Epoch: 79 	Training Cost: 8907.411306	 Valid Acc: 0.7003951453570421 	Best Valid Acc: 0.715213
Epoch: 80 	Training Cost: 8896.027752	 Valid Acc: 0.7016652554332486 	Best Valid Acc: 0.715213
Epoch: 81 	Training Cost: 8879.248146	 Valid Acc: 0.6995484053062376 	Best Valid Acc: 0.715213
Epoch: 82 	Training Cost: 8865.397175	 Valid Acc: 0.7006773920406435 	Best Valid Acc: 0.715213
Epoch: 83 	Training Cost: 8850.179677	 Valid Acc: 0.6991250352808355 	Best Valid Acc: 0.715213
Epoch: 84 	Training Cost: 8834.304113	 Valid Acc: 0.6998306519898391 	Best Valid Acc: 0.715213
Epoch: 85 	Training Cost: 8823.409525	 Valid Acc: 0.6978549252046289 	Best Valid Acc: 0.715213
Epoch: 86 	Training Cost: 8805.902041	 Valid Acc: 0.6995484053062376 	Best Valid Acc: 0.715213
Epoch: 87 	Training Cost: 8790.475076	 Valid Acc: 0.6991250352808355 	Best Valid Acc: 0.715213
Epoch: 88 	Training Cost: 8780.668816	 Valid Acc: 0.6979960485464296 	Best Valid Acc: 0.715213
Epoch: 89 	Training Cost: 8765.985697	 Valid Acc: 0.6987016652554332 	Best Valid Acc: 0.715213
Epoch: 90 	Training Cost: 8754.169965	 Valid Acc: 0.6971493084956252 	Best Valid Acc: 0.715213
Epoch: 91 	Training Cost: 8737.478135	 Valid Acc: 0.7005362686988428 	Best Valid Acc: 0.715213
Epoch: 92 	Training Cost: 8725.792663	 Valid Acc: 0.6965848151284222 	Best Valid Acc: 0.715213
Epoch: 93 	Training Cost: 8714.739787	 Valid Acc: 0.6989839119390348 	Best Valid Acc: 0.715213
Epoch: 94 	Training Cost: 8703.103978	 Valid Acc: 0.698842788597234 	Best Valid Acc: 0.715213
Epoch: 95 	Training Cost: 8682.779062	 Valid Acc: 0.6981371718882303 	Best Valid Acc: 0.715213
Epoch: 96 	Training Cost: 8672.439780	 Valid Acc: 0.6975726785210273 	Best Valid Acc: 0.715213
Epoch: 97 	Training Cost: 8664.394285	 Valid Acc: 0.7002540220152413 	Best Valid Acc: 0.715213
Epoch: 98 	Training Cost: 8649.220980	 Valid Acc: 0.6981371718882303 	Best Valid Acc: 0.715213
Epoch: 99 	Training Cost: 8633.601607	 Valid Acc: 0.6995484053062376 	Best Valid Acc: 0.715213
Epoch: 100 	Training Cost: 8621.779975	 Valid Acc: 0.698278295230031 	Best Valid Acc: 0.715213
lr=3e-05, lamb=0.0001, num_epoch=100, test_acc=0.694044594976009
----------------------------------------------------------
----------------------------------------------------------
lr=3e-05, lamb=0.001, num_epoch=100
Epoch: 1 	Training Cost: 13207.023440	 Valid Acc: 0.6737228337567034 	Best Valid Acc: 0.673723
Epoch: 2 	Training Cost: 11825.165199	 Valid Acc: 0.6823313576065482 	Best Valid Acc: 0.682331
Epoch: 3 	Training Cost: 11670.590599	 Valid Acc: 0.682895850973751 	Best Valid Acc: 0.682896
Epoch: 4 	Training Cost: 11617.432418	 Valid Acc: 0.6823313576065482 	Best Valid Acc: 0.682896
Epoch: 5 	Training Cost: 11571.445116	 Valid Acc: 0.6845893310753599 	Best Valid Acc: 0.684589
Epoch: 6 	Training Cost: 11492.022800	 Valid Acc: 0.6851538244425628 	Best Valid Acc: 0.685154
Epoch: 7 	Training Cost: 11338.360767	 Valid Acc: 0.6848715777589613 	Best Valid Acc: 0.685154
Epoch: 8 	Training Cost: 11121.662687	 Valid Acc: 0.6954558283940163 	Best Valid Acc: 0.695456
Epoch: 9 	Training Cost: 10861.238152	 Valid Acc: 0.7008185153824442 	Best Valid Acc: 0.700819
Epoch: 10 	Training Cost: 10657.141407	 Valid Acc: 0.7043465989274627 	Best Valid Acc: 0.704347
Epoch: 11 	Training Cost: 10525.698343	 Valid Acc: 0.7058989556872707 	Best Valid Acc: 0.705899
Epoch: 12 	Training Cost: 10432.558042	 Valid Acc: 0.7074513124470787 	Best Valid Acc: 0.707451
Epoch: 13 	Training Cost: 10362.401242	 Valid Acc: 0.7081569291560824 	Best Valid Acc: 0.708157
Epoch: 14 	Training Cost: 10307.870854	 Valid Acc: 0.7074513124470787 	Best Valid Acc: 0.708157
Epoch: 15 	Training Cost: 10265.128488	 Valid Acc: 0.7091447925486876 	Best Valid Acc: 0.709145
Epoch: 16 	Training Cost: 10230.096556	 Valid Acc: 0.7106971493084956 	Best Valid Acc: 0.710697
Epoch: 17 	Training Cost: 10200.406153	 Valid Acc: 0.7122495060683037 	Best Valid Acc: 0.712250
Epoch: 18 	Training Cost: 10174.377009	 Valid Acc: 0.7126728760937059 	Best Valid Acc: 0.712673
Epoch: 19 	Training Cost: 10150.617691	 Valid Acc: 0.713096246119108 	Best Valid Acc: 0.713096
Epoch: 20 	Training Cost: 10129.009120	 Valid Acc: 0.7132373694609089 	Best Valid Acc: 0.713237
Epoch: 21 	Training Cost: 10108.175663	 Valid Acc: 0.7128139994355066 	Best Valid Acc: 0.713237
Epoch: 22 	Training Cost: 10088.431044	 Valid Acc: 0.7125317527519052 	Best Valid Acc: 0.713237
Epoch: 23 	Training Cost: 10069.437719	 Valid Acc: 0.7138018628281118 	Best Valid Acc: 0.713802
Epoch: 24 	Training Cost: 10050.903563	 Valid Acc: 0.7139429861699125 	Best Valid Acc: 0.713943
Epoch: 25 	Training Cost: 10033.969044	 Valid Acc: 0.7145074795371155 	Best Valid Acc: 0.714507
Epoch: 26 	Training Cost: 10016.936802	 Valid Acc: 0.7150719729043183 	Best Valid Acc: 0.715072
Epoch: 27 	Training Cost: 10000.839935	 Valid Acc: 0.713660739486311 	Best Valid Acc: 0.715072
Epoch: 28 	Training Cost: 9985.392524	 Valid Acc: 0.7145074795371155 	Best Valid Acc: 0.715072
Epoch: 29 	Training Cost: 9970.789009	 Valid Acc: 0.7138018628281118 	Best Valid Acc: 0.715072
Epoch: 30 	Training Cost: 9957.054244	 Valid Acc: 0.7150719729043183 	Best Valid Acc: 0.715072
Epoch: 31 	Training Cost: 9943.981031	 Valid Acc: 0.7145074795371155 	Best Valid Acc: 0.715072
Epoch: 32 	Training Cost: 9931.795618	 Valid Acc: 0.7156364662715213 	Best Valid Acc: 0.715636
Epoch: 33 	Training Cost: 9920.552146	 Valid Acc: 0.7170476996895286 	Best Valid Acc: 0.717048
Epoch: 34 	Training Cost: 9909.714875	 Valid Acc: 0.7160598362969235 	Best Valid Acc: 0.717048
Epoch: 35 	Training Cost: 9900.746746	 Valid Acc: 0.7149308495625176 	Best Valid Acc: 0.717048
Epoch: 36 	Training Cost: 9893.552150	 Valid Acc: 0.7145074795371155 	Best Valid Acc: 0.717048
Epoch: 37 	Training Cost: 9888.326902	 Valid Acc: 0.7154953429297206 	Best Valid Acc: 0.717048
Epoch: 38 	Training Cost: 9883.385639	 Valid Acc: 0.7149308495625176 	Best Valid Acc: 0.717048
Epoch: 39 	Training Cost: 9878.034495	 Valid Acc: 0.7154953429297206 	Best Valid Acc: 0.717048
Epoch: 40 	Training Cost: 9872.655208	 Valid Acc: 0.7153542195879199 	Best Valid Acc: 0.717048
Epoch: 41 	Training Cost: 9863.639453	 Valid Acc: 0.7145074795371155 	Best Valid Acc: 0.717048
Epoch: 42 	Training Cost: 9862.342112	 Valid Acc: 0.7154953429297206 	Best Valid Acc: 0.717048
Epoch: 43 	Training Cost: 9856.448702	 Valid Acc: 0.7139429861699125 	Best Valid Acc: 0.717048
Epoch: 44 	Training Cost: 9851.626616	 Valid Acc: 0.7149308495625176 	Best Valid Acc: 0.717048
Epoch: 45 	Training Cost: 9848.484466	 Valid Acc: 0.715777589613322 	Best Valid Acc: 0.717048
Epoch: 46 	Training Cost: 9844.069390	 Valid Acc: 0.714225232853514 	Best Valid Acc: 0.717048
Epoch: 47 	Training Cost: 9837.520959	 Valid Acc: 0.7166243296641265 	Best Valid Acc: 0.717048
Epoch: 48 	Training Cost: 9833.138289	 Valid Acc: 0.7138018628281118 	Best Valid Acc: 0.717048
Epoch: 49 	Training Cost: 9830.818165	 Valid Acc: 0.713660739486311 	Best Valid Acc: 0.717048
Epoch: 50 	Training Cost: 9826.115232	 Valid Acc: 0.7154953429297206 	Best Valid Acc: 0.717048
Epoch: 51 	Training Cost: 9823.171213	 Valid Acc: 0.7146486028789162 	Best Valid Acc: 0.717048
Epoch: 52 	Training Cost: 9820.543734	 Valid Acc: 0.7147897262207169 	Best Valid Acc: 0.717048
Epoch: 53 	Training Cost: 9816.313558	 Valid Acc: 0.7166243296641265 	Best Valid Acc: 0.717048
Epoch: 54 	Training Cost: 9811.636166	 Valid Acc: 0.714225232853514 	Best Valid Acc: 0.717048
Epoch: 55 	Training Cost: 9809.336561	 Valid Acc: 0.7164832063223258 	Best Valid Acc: 0.717048
Epoch: 56 	Training Cost: 9806.628943	 Valid Acc: 0.7139429861699125 	Best Valid Acc: 0.717048
Epoch: 57 	Training Cost: 9803.562265	 Valid Acc: 0.7140841095117132 	Best Valid Acc: 0.717048
Epoch: 58 	Training Cost: 9799.529203	 Valid Acc: 0.7143663561953147 	Best Valid Acc: 0.717048
Epoch: 59 	Training Cost: 9793.870574	 Valid Acc: 0.7162009596387242 	Best Valid Acc: 0.717048
Epoch: 60 	Training Cost: 9794.362017	 Valid Acc: 0.715777589613322 	Best Valid Acc: 0.717048
Epoch: 61 	Training Cost: 9791.458629	 Valid Acc: 0.7162009596387242 	Best Valid Acc: 0.717048
Epoch: 62 	Training Cost: 9786.497138	 Valid Acc: 0.7159187129551228 	Best Valid Acc: 0.717048
Epoch: 63 	Training Cost: 9782.727826	 Valid Acc: 0.7169065763477279 	Best Valid Acc: 0.717048
Epoch: 64 	Training Cost: 9783.159015	 Valid Acc: 0.7160598362969235 	Best Valid Acc: 0.717048
Epoch: 65 	Training Cost: 9776.884189	 Valid Acc: 0.7152130962461191 	Best Valid Acc: 0.717048
Epoch: 66 	Training Cost: 9773.211003	 Valid Acc: 0.7170476996895286 	Best Valid Acc: 0.717048
Epoch: 67 	Training Cost: 9771.547962	 Valid Acc: 0.715777589613322 	Best Valid Acc: 0.717048
Epoch: 68 	Training Cost: 9766.984549	 Valid Acc: 0.7153542195879199 	Best Valid Acc: 0.717048
Epoch: 69 	Training Cost: 9763.007440	 Valid Acc: 0.7162009596387242 	Best Valid Acc: 0.717048
Epoch: 70 	Training Cost: 9761.343565	 Valid Acc: 0.7146486028789162 	Best Valid Acc: 0.717048
Epoch: 71 	Training Cost: 9761.876891	 Valid Acc: 0.7154953429297206 	Best Valid Acc: 0.717048
Epoch: 72 	Training Cost: 9756.880016	 Valid Acc: 0.7149308495625176 	Best Valid Acc: 0.717048
Epoch: 73 	Training Cost: 9750.767229	 Valid Acc: 0.7146486028789162 	Best Valid Acc: 0.717048
Epoch: 74 	Training Cost: 9751.327085	 Valid Acc: 0.7167654530059272 	Best Valid Acc: 0.717048
Epoch: 75 	Training Cost: 9748.165875	 Valid Acc: 0.7166243296641265 	Best Valid Acc: 0.717048
Epoch: 76 	Training Cost: 9744.014181	 Valid Acc: 0.7147897262207169 	Best Valid Acc: 0.717048
Epoch: 77 	Training Cost: 9739.661738	 Valid Acc: 0.7153542195879199 	Best Valid Acc: 0.717048
Epoch: 78 	Training Cost: 9738.965863	 Valid Acc: 0.7152130962461191 	Best Valid Acc: 0.717048
Epoch: 79 	Training Cost: 9734.290504	 Valid Acc: 0.715777589613322 	Best Valid Acc: 0.717048
Epoch: 80 	Training Cost: 9732.313882	 Valid Acc: 0.7146486028789162 	Best Valid Acc: 0.717048
Epoch: 81 	Training Cost: 9728.801080	 Valid Acc: 0.7167654530059272 	Best Valid Acc: 0.717048
Epoch: 82 	Training Cost: 9723.224493	 Valid Acc: 0.7150719729043183 	Best Valid Acc: 0.717048
Epoch: 83 	Training Cost: 9721.156175	 Valid Acc: 0.7154953429297206 	Best Valid Acc: 0.717048
Epoch: 84 	Training Cost: 9720.902397	 Valid Acc: 0.7170476996895286 	Best Valid Acc: 0.717048
Epoch: 85 	Training Cost: 9714.854103	 Valid Acc: 0.7152130962461191 	Best Valid Acc: 0.717048
Epoch: 86 	Training Cost: 9709.158596	 Valid Acc: 0.7150719729043183 	Best Valid Acc: 0.717048
Epoch: 87 	Training Cost: 9709.954358	 Valid Acc: 0.7164832063223258 	Best Valid Acc: 0.717048
Epoch: 88 	Training Cost: 9705.193436	 Valid Acc: 0.7150719729043183 	Best Valid Acc: 0.717048
Epoch: 89 	Training Cost: 9700.445642	 Valid Acc: 0.7147897262207169 	Best Valid Acc: 0.717048
Epoch: 90 	Training Cost: 9698.886961	 Valid Acc: 0.7145074795371155 	Best Valid Acc: 0.717048
Epoch: 91 	Training Cost: 9691.985111	 Valid Acc: 0.7153542195879199 	Best Valid Acc: 0.717048
Epoch: 92 	Training Cost: 9692.349050	 Valid Acc: 0.7146486028789162 	Best Valid Acc: 0.717048
Epoch: 93 	Training Cost: 9690.740025	 Valid Acc: 0.7150719729043183 	Best Valid Acc: 0.717048
Epoch: 94 	Training Cost: 9682.949590	 Valid Acc: 0.7169065763477279 	Best Valid Acc: 0.717048
Epoch: 95 	Training Cost: 9680.726913	 Valid Acc: 0.7135196161445103 	Best Valid Acc: 0.717048
Epoch: 96 	Training Cost: 9678.307925	 Valid Acc: 0.7154953429297206 	Best Valid Acc: 0.717048
Epoch: 97 	Training Cost: 9673.134074	 Valid Acc: 0.7167654530059272 	Best Valid Acc: 0.717048
Epoch: 98 	Training Cost: 9675.032794	 Valid Acc: 0.7138018628281118 	Best Valid Acc: 0.717048
Epoch: 99 	Training Cost: 9666.760316	 Valid Acc: 0.7149308495625176 	Best Valid Acc: 0.717048
Epoch: 100 	Training Cost: 9663.254864	 Valid Acc: 0.7152130962461191 	Best Valid Acc: 0.717048
lr=3e-05, lamb=0.001, num_epoch=100, test_acc=0.712108382726503
----------------------------------------------------------
lr=3e-05, lamb=0, best_valid_acc=0.7191645498165397
lr=3e-05, lamb=1e-05, best_valid_acc=0.7181766864239345
lr=3e-05, lamb=0.0001, best_valid_acc=0.7152130962461191
lr=3e-05, lamb=0.001, best_valid_acc=0.7170476996895286
