nn10.py, same as nn7.py, but add gender/age info
Tuning process for lr=1e-05
----------------------------------------------------------
lr=1e-05, lamb=0, num_epoch=100
Epoch: 1 	Training Cost: 13853.652110	 Valid Acc: 0.6371718882303133 	Best Valid Acc: 0.637172
Epoch: 2 	Training Cost: 12674.690825	 Valid Acc: 0.6608806096528366 	Best Valid Acc: 0.660881
Epoch: 3 	Training Cost: 11921.968244	 Valid Acc: 0.6754163138583121 	Best Valid Acc: 0.675416
Epoch: 4 	Training Cost: 11666.889030	 Valid Acc: 0.676545300592718 	Best Valid Acc: 0.676545
Epoch: 5 	Training Cost: 11554.070641	 Valid Acc: 0.6769686706181203 	Best Valid Acc: 0.676969
Epoch: 6 	Training Cost: 11491.482661	 Valid Acc: 0.6803556308213379 	Best Valid Acc: 0.680356
Epoch: 7 	Training Cost: 11453.070179	 Valid Acc: 0.6816257408975445 	Best Valid Acc: 0.681626
Epoch: 8 	Training Cost: 11428.011511	 Valid Acc: 0.6821902342647473 	Best Valid Acc: 0.682190
Epoch: 9 	Training Cost: 11410.700693	 Valid Acc: 0.683460344340954 	Best Valid Acc: 0.683460
Epoch: 10 	Training Cost: 11397.825275	 Valid Acc: 0.6836014676827548 	Best Valid Acc: 0.683601
Epoch: 11 	Training Cost: 11387.304951	 Valid Acc: 0.6833192209991532 	Best Valid Acc: 0.683601
Epoch: 12 	Training Cost: 11377.754347	 Valid Acc: 0.682895850973751 	Best Valid Acc: 0.683601
Epoch: 13 	Training Cost: 11367.648148	 Valid Acc: 0.682895850973751 	Best Valid Acc: 0.683601
Epoch: 14 	Training Cost: 11355.398294	 Valid Acc: 0.6821902342647473 	Best Valid Acc: 0.683601
Epoch: 15 	Training Cost: 11339.198834	 Valid Acc: 0.6814846175557437 	Best Valid Acc: 0.683601
Epoch: 16 	Training Cost: 11315.942406	 Valid Acc: 0.6824724809483489 	Best Valid Acc: 0.683601
Epoch: 17 	Training Cost: 11281.592543	 Valid Acc: 0.6833192209991532 	Best Valid Acc: 0.683601
Epoch: 18 	Training Cost: 11232.649009	 Valid Acc: 0.6827547276319503 	Best Valid Acc: 0.683601
Epoch: 19 	Training Cost: 11169.073755	 Valid Acc: 0.6802145074795372 	Best Valid Acc: 0.683601
Epoch: 20 	Training Cost: 11097.434584	 Valid Acc: 0.6819079875811459 	Best Valid Acc: 0.683601
Epoch: 21 	Training Cost: 11024.193478	 Valid Acc: 0.6854360711261642 	Best Valid Acc: 0.685436
Epoch: 22 	Training Cost: 10949.771488	 Valid Acc: 0.6872706745695738 	Best Valid Acc: 0.687271
Epoch: 23 	Training Cost: 10875.396305	 Valid Acc: 0.6913632514817951 	Best Valid Acc: 0.691363
Epoch: 24 	Training Cost: 10801.391335	 Valid Acc: 0.6948913350268134 	Best Valid Acc: 0.694891
Epoch: 25 	Training Cost: 10728.646255	 Valid Acc: 0.6960203217612193 	Best Valid Acc: 0.696020
Epoch: 26 	Training Cost: 10658.017725	 Valid Acc: 0.6974315551792266 	Best Valid Acc: 0.697432
Epoch: 27 	Training Cost: 10590.810845	 Valid Acc: 0.6972904318374259 	Best Valid Acc: 0.697432
Epoch: 28 	Training Cost: 10527.881690	 Valid Acc: 0.6972904318374259 	Best Valid Acc: 0.697432
Epoch: 29 	Training Cost: 10470.239810	 Valid Acc: 0.7001128986734406 	Best Valid Acc: 0.700113
Epoch: 30 	Training Cost: 10417.918676	 Valid Acc: 0.7013830087496472 	Best Valid Acc: 0.701383
Epoch: 31 	Training Cost: 10370.449577	 Valid Acc: 0.7015241320914479 	Best Valid Acc: 0.701524
Epoch: 32 	Training Cost: 10327.468813	 Valid Acc: 0.7009596387242449 	Best Valid Acc: 0.701524
Epoch: 33 	Training Cost: 10288.247884	 Valid Acc: 0.7019475021168501 	Best Valid Acc: 0.701948
Epoch: 34 	Training Cost: 10252.216674	 Valid Acc: 0.7003951453570421 	Best Valid Acc: 0.701948
Epoch: 35 	Training Cost: 10219.107430	 Valid Acc: 0.7022297488004516 	Best Valid Acc: 0.702230
Epoch: 36 	Training Cost: 10188.535489	 Valid Acc: 0.7036409822184589 	Best Valid Acc: 0.703641
Epoch: 37 	Training Cost: 10160.415162	 Valid Acc: 0.705193338978267 	Best Valid Acc: 0.705193
Epoch: 38 	Training Cost: 10134.412194	 Valid Acc: 0.7064634490544736 	Best Valid Acc: 0.706463
Epoch: 39 	Training Cost: 10110.330070	 Valid Acc: 0.7064634490544736 	Best Valid Acc: 0.706463
Epoch: 40 	Training Cost: 10088.120737	 Valid Acc: 0.7070279424216765 	Best Valid Acc: 0.707028
Epoch: 41 	Training Cost: 10067.525142	 Valid Acc: 0.7081569291560824 	Best Valid Acc: 0.708157
Epoch: 42 	Training Cost: 10048.319856	 Valid Acc: 0.7084391758396839 	Best Valid Acc: 0.708439
Epoch: 43 	Training Cost: 10030.287258	 Valid Acc: 0.7091447925486876 	Best Valid Acc: 0.709145
Epoch: 44 	Training Cost: 10013.190609	 Valid Acc: 0.709427039232289 	Best Valid Acc: 0.709427
Epoch: 45 	Training Cost: 9996.924868	 Valid Acc: 0.7102737792830934 	Best Valid Acc: 0.710274
Epoch: 46 	Training Cost: 9981.404173	 Valid Acc: 0.709991532599492 	Best Valid Acc: 0.710274
Epoch: 47 	Training Cost: 9966.607692	 Valid Acc: 0.7101326559412927 	Best Valid Acc: 0.710274
Epoch: 48 	Training Cost: 9952.413799	 Valid Acc: 0.7112616426756986 	Best Valid Acc: 0.711262
Epoch: 49 	Training Cost: 9938.813391	 Valid Acc: 0.712108382726503 	Best Valid Acc: 0.712108
Epoch: 50 	Training Cost: 9925.681164	 Valid Acc: 0.713660739486311 	Best Valid Acc: 0.713661
Epoch: 51 	Training Cost: 9913.071597	 Valid Acc: 0.7132373694609089 	Best Valid Acc: 0.713661
Epoch: 52 	Training Cost: 9900.873485	 Valid Acc: 0.7133784928027096 	Best Valid Acc: 0.713661
Epoch: 53 	Training Cost: 9889.090712	 Valid Acc: 0.7138018628281118 	Best Valid Acc: 0.713802
Epoch: 54 	Training Cost: 9877.697398	 Valid Acc: 0.7139429861699125 	Best Valid Acc: 0.713943
Epoch: 55 	Training Cost: 9866.573482	 Valid Acc: 0.713660739486311 	Best Valid Acc: 0.713943
Epoch: 56 	Training Cost: 9855.731838	 Valid Acc: 0.7135196161445103 	Best Valid Acc: 0.713943
Epoch: 57 	Training Cost: 9845.225859	 Valid Acc: 0.713660739486311 	Best Valid Acc: 0.713943
Epoch: 58 	Training Cost: 9834.926361	 Valid Acc: 0.7138018628281118 	Best Valid Acc: 0.713943
Epoch: 59 	Training Cost: 9824.898639	 Valid Acc: 0.7129551227773073 	Best Valid Acc: 0.713943
Epoch: 60 	Training Cost: 9815.105895	 Valid Acc: 0.7139429861699125 	Best Valid Acc: 0.713943
Epoch: 61 	Training Cost: 9805.559768	 Valid Acc: 0.7149308495625176 	Best Valid Acc: 0.714931
Epoch: 62 	Training Cost: 9796.214738	 Valid Acc: 0.7150719729043183 	Best Valid Acc: 0.715072
Epoch: 63 	Training Cost: 9786.974729	 Valid Acc: 0.7162009596387242 	Best Valid Acc: 0.716201
Epoch: 64 	Training Cost: 9777.882574	 Valid Acc: 0.7164832063223258 	Best Valid Acc: 0.716483
Epoch: 65 	Training Cost: 9768.868871	 Valid Acc: 0.7163420829805249 	Best Valid Acc: 0.716483
Epoch: 66 	Training Cost: 9759.958851	 Valid Acc: 0.7163420829805249 	Best Valid Acc: 0.716483
Epoch: 67 	Training Cost: 9751.238732	 Valid Acc: 0.7166243296641265 	Best Valid Acc: 0.716624
Epoch: 68 	Training Cost: 9742.652999	 Valid Acc: 0.7169065763477279 	Best Valid Acc: 0.716907
Epoch: 69 	Training Cost: 9734.257531	 Valid Acc: 0.7170476996895286 	Best Valid Acc: 0.717048
Epoch: 70 	Training Cost: 9726.002734	 Valid Acc: 0.7176121930567316 	Best Valid Acc: 0.717612
Epoch: 71 	Training Cost: 9717.898043	 Valid Acc: 0.7170476996895286 	Best Valid Acc: 0.717612
Epoch: 72 	Training Cost: 9710.033944	 Valid Acc: 0.7162009596387242 	Best Valid Acc: 0.717612
Epoch: 73 	Training Cost: 9702.372752	 Valid Acc: 0.7162009596387242 	Best Valid Acc: 0.717612
Epoch: 74 	Training Cost: 9694.849413	 Valid Acc: 0.7176121930567316 	Best Valid Acc: 0.717612
Epoch: 75 	Training Cost: 9687.508054	 Valid Acc: 0.7171888230313294 	Best Valid Acc: 0.717612
Epoch: 76 	Training Cost: 9680.287114	 Valid Acc: 0.7171888230313294 	Best Valid Acc: 0.717612
Epoch: 77 	Training Cost: 9673.249178	 Valid Acc: 0.7170476996895286 	Best Valid Acc: 0.717612
Epoch: 78 	Training Cost: 9666.423554	 Valid Acc: 0.7171888230313294 	Best Valid Acc: 0.717612
Epoch: 79 	Training Cost: 9659.778266	 Valid Acc: 0.7170476996895286 	Best Valid Acc: 0.717612
Epoch: 80 	Training Cost: 9653.294314	 Valid Acc: 0.7171888230313294 	Best Valid Acc: 0.717612
Epoch: 81 	Training Cost: 9646.924758	 Valid Acc: 0.7170476996895286 	Best Valid Acc: 0.717612
Epoch: 82 	Training Cost: 9640.812342	 Valid Acc: 0.7170476996895286 	Best Valid Acc: 0.717612
Epoch: 83 	Training Cost: 9634.771406	 Valid Acc: 0.7170476996895286 	Best Valid Acc: 0.717612
Epoch: 84 	Training Cost: 9628.887932	 Valid Acc: 0.7167654530059272 	Best Valid Acc: 0.717612
Epoch: 85 	Training Cost: 9623.080881	 Valid Acc: 0.715777589613322 	Best Valid Acc: 0.717612
Epoch: 86 	Training Cost: 9617.407176	 Valid Acc: 0.7154953429297206 	Best Valid Acc: 0.717612
Epoch: 87 	Training Cost: 9611.900187	 Valid Acc: 0.7152130962461191 	Best Valid Acc: 0.717612
Epoch: 88 	Training Cost: 9606.548694	 Valid Acc: 0.7149308495625176 	Best Valid Acc: 0.717612
Epoch: 89 	Training Cost: 9601.149490	 Valid Acc: 0.7143663561953147 	Best Valid Acc: 0.717612
Epoch: 90 	Training Cost: 9596.191025	 Valid Acc: 0.7146486028789162 	Best Valid Acc: 0.717612
Epoch: 91 	Training Cost: 9590.960564	 Valid Acc: 0.7152130962461191 	Best Valid Acc: 0.717612
Epoch: 92 	Training Cost: 9586.164632	 Valid Acc: 0.7145074795371155 	Best Valid Acc: 0.717612
Epoch: 93 	Training Cost: 9581.302206	 Valid Acc: 0.7146486028789162 	Best Valid Acc: 0.717612
Epoch: 94 	Training Cost: 9576.572391	 Valid Acc: 0.7139429861699125 	Best Valid Acc: 0.717612
Epoch: 95 	Training Cost: 9572.004142	 Valid Acc: 0.714225232853514 	Best Valid Acc: 0.717612
Epoch: 96 	Training Cost: 9567.244122	 Valid Acc: 0.7139429861699125 	Best Valid Acc: 0.717612
Epoch: 97 	Training Cost: 9562.820006	 Valid Acc: 0.7138018628281118 	Best Valid Acc: 0.717612
Epoch: 98 	Training Cost: 9558.501375	 Valid Acc: 0.7147897262207169 	Best Valid Acc: 0.717612
Epoch: 99 	Training Cost: 9553.966208	 Valid Acc: 0.714225232853514 	Best Valid Acc: 0.717612
Epoch: 100 	Training Cost: 9549.580018	 Valid Acc: 0.7147897262207169 	Best Valid Acc: 0.717612
lr=1e-05, lamb=0, num_epoch=100, test_acc=0.7087214225232854
----------------------------------------------------------
----------------------------------------------------------
lr=1e-05, lamb=1e-05, num_epoch=100
Epoch: 1 	Training Cost: 13892.348770	 Valid Acc: 0.6295512277730737 	Best Valid Acc: 0.629551
Epoch: 2 	Training Cost: 12717.788848	 Valid Acc: 0.6563646627152131 	Best Valid Acc: 0.656365
Epoch: 3 	Training Cost: 11904.701985	 Valid Acc: 0.6710414902624894 	Best Valid Acc: 0.671041
Epoch: 4 	Training Cost: 11648.301901	 Valid Acc: 0.6737228337567034 	Best Valid Acc: 0.673723
Epoch: 5 	Training Cost: 11537.320582	 Valid Acc: 0.6755574372001129 	Best Valid Acc: 0.675557
Epoch: 6 	Training Cost: 11476.842019	 Valid Acc: 0.6775331639853232 	Best Valid Acc: 0.677533
Epoch: 7 	Training Cost: 11440.664616	 Valid Acc: 0.6804967541631386 	Best Valid Acc: 0.680497
Epoch: 8 	Training Cost: 11417.561218	 Valid Acc: 0.681343494213943 	Best Valid Acc: 0.681343
Epoch: 9 	Training Cost: 11401.630152	 Valid Acc: 0.6819079875811459 	Best Valid Acc: 0.681908
Epoch: 10 	Training Cost: 11389.563814	 Valid Acc: 0.6817668642393452 	Best Valid Acc: 0.681908
Epoch: 11 	Training Cost: 11379.266263	 Valid Acc: 0.6816257408975445 	Best Valid Acc: 0.681908
Epoch: 12 	Training Cost: 11369.317215	 Valid Acc: 0.6816257408975445 	Best Valid Acc: 0.681908
Epoch: 13 	Training Cost: 11358.351109	 Valid Acc: 0.6819079875811459 	Best Valid Acc: 0.681908
Epoch: 14 	Training Cost: 11344.899014	 Valid Acc: 0.6820491109229466 	Best Valid Acc: 0.682049
Epoch: 15 	Training Cost: 11326.582201	 Valid Acc: 0.6830369743155518 	Best Valid Acc: 0.683037
Epoch: 16 	Training Cost: 11300.160365	 Valid Acc: 0.6837425910245555 	Best Valid Acc: 0.683743
Epoch: 17 	Training Cost: 11262.154521	 Valid Acc: 0.6821902342647473 	Best Valid Acc: 0.683743
Epoch: 18 	Training Cost: 11211.052795	 Valid Acc: 0.681343494213943 	Best Valid Acc: 0.683743
Epoch: 19 	Training Cost: 11148.673909	 Valid Acc: 0.6809201241885408 	Best Valid Acc: 0.683743
Epoch: 20 	Training Cost: 11079.364180	 Valid Acc: 0.683460344340954 	Best Valid Acc: 0.683743
Epoch: 21 	Training Cost: 11004.910932	 Valid Acc: 0.6852949477843635 	Best Valid Acc: 0.685295
Epoch: 22 	Training Cost: 10922.780696	 Valid Acc: 0.6878351679367768 	Best Valid Acc: 0.687835
Epoch: 23 	Training Cost: 10831.403562	 Valid Acc: 0.6917866215071973 	Best Valid Acc: 0.691787
Epoch: 24 	Training Cost: 10732.515974	 Valid Acc: 0.6951735817104149 	Best Valid Acc: 0.695174
Epoch: 25 	Training Cost: 10632.779324	 Valid Acc: 0.6984194185718318 	Best Valid Acc: 0.698419
Epoch: 26 	Training Cost: 10540.254998	 Valid Acc: 0.7015241320914479 	Best Valid Acc: 0.701524
Epoch: 27 	Training Cost: 10459.774941	 Valid Acc: 0.7009596387242449 	Best Valid Acc: 0.701524
Epoch: 28 	Training Cost: 10392.050833	 Valid Acc: 0.7013830087496472 	Best Valid Acc: 0.701524
Epoch: 29 	Training Cost: 10335.379370	 Valid Acc: 0.7037821055602597 	Best Valid Acc: 0.703782
Epoch: 30 	Training Cost: 10287.283600	 Valid Acc: 0.7034998588766582 	Best Valid Acc: 0.703782
Epoch: 31 	Training Cost: 10245.575865	 Valid Acc: 0.7053344623200677 	Best Valid Acc: 0.705334
Epoch: 32 	Training Cost: 10208.540278	 Valid Acc: 0.7060400790290714 	Best Valid Acc: 0.706040
Epoch: 33 	Training Cost: 10174.894902	 Valid Acc: 0.7063223257126728 	Best Valid Acc: 0.706322
Epoch: 34 	Training Cost: 10144.161454	 Valid Acc: 0.7061812023708721 	Best Valid Acc: 0.706322
Epoch: 35 	Training Cost: 10115.899520	 Valid Acc: 0.7056167090036692 	Best Valid Acc: 0.706322
Epoch: 36 	Training Cost: 10089.986050	 Valid Acc: 0.7075924357888794 	Best Valid Acc: 0.707592
Epoch: 37 	Training Cost: 10066.112793	 Valid Acc: 0.707310189105278 	Best Valid Acc: 0.707592
Epoch: 38 	Training Cost: 10043.997199	 Valid Acc: 0.709427039232289 	Best Valid Acc: 0.709427
Epoch: 39 	Training Cost: 10023.551115	 Valid Acc: 0.7097092859158904 	Best Valid Acc: 0.709709
Epoch: 40 	Training Cost: 10004.516348	 Valid Acc: 0.7106971493084956 	Best Valid Acc: 0.710697
Epoch: 41 	Training Cost: 9986.693034	 Valid Acc: 0.7106971493084956 	Best Valid Acc: 0.710697
Epoch: 42 	Training Cost: 9969.885118	 Valid Acc: 0.709991532599492 	Best Valid Acc: 0.710697
Epoch: 43 	Training Cost: 9954.019976	 Valid Acc: 0.7108382726502963 	Best Valid Acc: 0.710838
Epoch: 44 	Training Cost: 9938.952772	 Valid Acc: 0.712108382726503 	Best Valid Acc: 0.712108
Epoch: 45 	Training Cost: 9924.517998	 Valid Acc: 0.712108382726503 	Best Valid Acc: 0.712108
Epoch: 46 	Training Cost: 9910.683134	 Valid Acc: 0.7128139994355066 	Best Valid Acc: 0.712814
Epoch: 47 	Training Cost: 9897.426992	 Valid Acc: 0.7126728760937059 	Best Valid Acc: 0.712814
Epoch: 48 	Training Cost: 9884.596276	 Valid Acc: 0.714225232853514 	Best Valid Acc: 0.714225
Epoch: 49 	Training Cost: 9872.231282	 Valid Acc: 0.7147897262207169 	Best Valid Acc: 0.714790
Epoch: 50 	Training Cost: 9860.307575	 Valid Acc: 0.7152130962461191 	Best Valid Acc: 0.715213
Epoch: 51 	Training Cost: 9848.801347	 Valid Acc: 0.7145074795371155 	Best Valid Acc: 0.715213
Epoch: 52 	Training Cost: 9837.714528	 Valid Acc: 0.7160598362969235 	Best Valid Acc: 0.716060
Epoch: 53 	Training Cost: 9826.960032	 Valid Acc: 0.715777589613322 	Best Valid Acc: 0.716060
Epoch: 54 	Training Cost: 9816.505963	 Valid Acc: 0.7153542195879199 	Best Valid Acc: 0.716060
Epoch: 55 	Training Cost: 9806.292070	 Valid Acc: 0.7145074795371155 	Best Valid Acc: 0.716060
Epoch: 56 	Training Cost: 9796.336258	 Valid Acc: 0.7140841095117132 	Best Valid Acc: 0.716060
Epoch: 57 	Training Cost: 9786.602498	 Valid Acc: 0.714225232853514 	Best Valid Acc: 0.716060
Epoch: 58 	Training Cost: 9777.154253	 Valid Acc: 0.7139429861699125 	Best Valid Acc: 0.716060
Epoch: 59 	Training Cost: 9767.958109	 Valid Acc: 0.7140841095117132 	Best Valid Acc: 0.716060
Epoch: 60 	Training Cost: 9759.013695	 Valid Acc: 0.713096246119108 	Best Valid Acc: 0.716060
Epoch: 61 	Training Cost: 9750.415056	 Valid Acc: 0.7135196161445103 	Best Valid Acc: 0.716060
Epoch: 62 	Training Cost: 9742.009792	 Valid Acc: 0.7132373694609089 	Best Valid Acc: 0.716060
Epoch: 63 	Training Cost: 9733.843793	 Valid Acc: 0.713660739486311 	Best Valid Acc: 0.716060
Epoch: 64 	Training Cost: 9725.955560	 Valid Acc: 0.7139429861699125 	Best Valid Acc: 0.716060
Epoch: 65 	Training Cost: 9718.277813	 Valid Acc: 0.7138018628281118 	Best Valid Acc: 0.716060
Epoch: 66 	Training Cost: 9710.831492	 Valid Acc: 0.7139429861699125 	Best Valid Acc: 0.716060
Epoch: 67 	Training Cost: 9703.629705	 Valid Acc: 0.7149308495625176 	Best Valid Acc: 0.716060
Epoch: 68 	Training Cost: 9696.659233	 Valid Acc: 0.7153542195879199 	Best Valid Acc: 0.716060
Epoch: 69 	Training Cost: 9689.912912	 Valid Acc: 0.715777589613322 	Best Valid Acc: 0.716060
Epoch: 70 	Training Cost: 9683.449513	 Valid Acc: 0.7159187129551228 	Best Valid Acc: 0.716060
Epoch: 71 	Training Cost: 9677.224472	 Valid Acc: 0.7146486028789162 	Best Valid Acc: 0.716060
Epoch: 72 	Training Cost: 9671.295153	 Valid Acc: 0.7146486028789162 	Best Valid Acc: 0.716060
Epoch: 73 	Training Cost: 9665.580041	 Valid Acc: 0.7140841095117132 	Best Valid Acc: 0.716060
Epoch: 74 	Training Cost: 9660.155388	 Valid Acc: 0.7138018628281118 	Best Valid Acc: 0.716060
Epoch: 75 	Training Cost: 9655.025159	 Valid Acc: 0.7140841095117132 	Best Valid Acc: 0.716060
Epoch: 76 	Training Cost: 9650.055199	 Valid Acc: 0.7133784928027096 	Best Valid Acc: 0.716060
Epoch: 77 	Training Cost: 9645.372331	 Valid Acc: 0.714225232853514 	Best Valid Acc: 0.716060
Epoch: 78 	Training Cost: 9640.812567	 Valid Acc: 0.7149308495625176 	Best Valid Acc: 0.716060
Epoch: 79 	Training Cost: 9636.467343	 Valid Acc: 0.7152130962461191 	Best Valid Acc: 0.716060
Epoch: 80 	Training Cost: 9632.300626	 Valid Acc: 0.7160598362969235 	Best Valid Acc: 0.716060
Epoch: 81 	Training Cost: 9628.329783	 Valid Acc: 0.7147897262207169 	Best Valid Acc: 0.716060
Epoch: 82 	Training Cost: 9624.728606	 Valid Acc: 0.7154953429297206 	Best Valid Acc: 0.716060
Epoch: 83 	Training Cost: 9621.156232	 Valid Acc: 0.7149308495625176 	Best Valid Acc: 0.716060
Epoch: 84 	Training Cost: 9617.941050	 Valid Acc: 0.7156364662715213 	Best Valid Acc: 0.716060
Epoch: 85 	Training Cost: 9614.502524	 Valid Acc: 0.7164832063223258 	Best Valid Acc: 0.716483
Epoch: 86 	Training Cost: 9611.680953	 Valid Acc: 0.7159187129551228 	Best Valid Acc: 0.716483
Epoch: 87 	Training Cost: 9608.598425	 Valid Acc: 0.7159187129551228 	Best Valid Acc: 0.716483
Epoch: 88 	Training Cost: 9606.486521	 Valid Acc: 0.7153542195879199 	Best Valid Acc: 0.716483
Epoch: 89 	Training Cost: 9603.528870	 Valid Acc: 0.7163420829805249 	Best Valid Acc: 0.716483
Epoch: 90 	Training Cost: 9601.650218	 Valid Acc: 0.7149308495625176 	Best Valid Acc: 0.716483
Epoch: 91 	Training Cost: 9599.161091	 Valid Acc: 0.7160598362969235 	Best Valid Acc: 0.716483
Epoch: 92 	Training Cost: 9596.872351	 Valid Acc: 0.7135196161445103 	Best Valid Acc: 0.716483
Epoch: 93 	Training Cost: 9594.777796	 Valid Acc: 0.7162009596387242 	Best Valid Acc: 0.716483
Epoch: 94 	Training Cost: 9593.014657	 Valid Acc: 0.7146486028789162 	Best Valid Acc: 0.716483
Epoch: 95 	Training Cost: 9590.819704	 Valid Acc: 0.7149308495625176 	Best Valid Acc: 0.716483
Epoch: 96 	Training Cost: 9588.999270	 Valid Acc: 0.714225232853514 	Best Valid Acc: 0.716483
Epoch: 97 	Training Cost: 9587.011347	 Valid Acc: 0.7145074795371155 	Best Valid Acc: 0.716483
Epoch: 98 	Training Cost: 9584.979073	 Valid Acc: 0.7139429861699125 	Best Valid Acc: 0.716483
Epoch: 99 	Training Cost: 9583.004593	 Valid Acc: 0.713096246119108 	Best Valid Acc: 0.716483
Epoch: 100 	Training Cost: 9581.701163	 Valid Acc: 0.715777589613322 	Best Valid Acc: 0.716483
lr=1e-05, lamb=1e-05, num_epoch=100, test_acc=0.7104149026248942
----------------------------------------------------------
----------------------------------------------------------
lr=1e-05, lamb=0.0001, num_epoch=100
Epoch: 1 	Training Cost: 13759.074469	 Valid Acc: 0.6432401919277448 	Best Valid Acc: 0.643240
Epoch: 2 	Training Cost: 12507.433318	 Valid Acc: 0.6683601467682755 	Best Valid Acc: 0.668360
Epoch: 3 	Training Cost: 11864.317316	 Valid Acc: 0.6769686706181203 	Best Valid Acc: 0.676969
Epoch: 4 	Training Cost: 11653.672459	 Valid Acc: 0.6799322607959356 	Best Valid Acc: 0.679932
Epoch: 5 	Training Cost: 11555.087664	 Valid Acc: 0.6802145074795372 	Best Valid Acc: 0.680215
Epoch: 6 	Training Cost: 11499.158412	 Valid Acc: 0.6810612475303415 	Best Valid Acc: 0.681061
Epoch: 7 	Training Cost: 11464.662140	 Valid Acc: 0.6799322607959356 	Best Valid Acc: 0.681061
Epoch: 8 	Training Cost: 11442.076621	 Valid Acc: 0.6803556308213379 	Best Valid Acc: 0.681061
Epoch: 9 	Training Cost: 11426.286308	 Valid Acc: 0.6800733841377364 	Best Valid Acc: 0.681061
Epoch: 10 	Training Cost: 11414.053350	 Valid Acc: 0.6827547276319503 	Best Valid Acc: 0.682755
Epoch: 11 	Training Cost: 11403.459213	 Valid Acc: 0.6821902342647473 	Best Valid Acc: 0.682755
Epoch: 12 	Training Cost: 11392.714302	 Valid Acc: 0.6821902342647473 	Best Valid Acc: 0.682755
Epoch: 13 	Training Cost: 11380.198129	 Valid Acc: 0.6824724809483489 	Best Valid Acc: 0.682755
Epoch: 14 	Training Cost: 11363.543315	 Valid Acc: 0.6833192209991532 	Best Valid Acc: 0.683319
Epoch: 15 	Training Cost: 11339.297795	 Valid Acc: 0.6836014676827548 	Best Valid Acc: 0.683601
Epoch: 16 	Training Cost: 11303.703013	 Valid Acc: 0.6830369743155518 	Best Valid Acc: 0.683601
Epoch: 17 	Training Cost: 11253.465733	 Valid Acc: 0.6827547276319503 	Best Valid Acc: 0.683601
Epoch: 18 	Training Cost: 11189.701689	 Valid Acc: 0.6812023708721423 	Best Valid Acc: 0.683601
Epoch: 19 	Training Cost: 11117.567950	 Valid Acc: 0.6821902342647473 	Best Valid Acc: 0.683601
Epoch: 20 	Training Cost: 11040.620809	 Valid Acc: 0.6854360711261642 	Best Valid Acc: 0.685436
Epoch: 21 	Training Cost: 10956.798350	 Valid Acc: 0.6891052780129834 	Best Valid Acc: 0.689105
Epoch: 22 	Training Cost: 10861.751626	 Valid Acc: 0.6927744848998024 	Best Valid Acc: 0.692774
Epoch: 23 	Training Cost: 10756.508822	 Valid Acc: 0.6960203217612193 	Best Valid Acc: 0.696020
Epoch: 24 	Training Cost: 10651.006819	 Valid Acc: 0.6995484053062376 	Best Valid Acc: 0.699548
Epoch: 25 	Training Cost: 10555.735623	 Valid Acc: 0.7009596387242449 	Best Valid Acc: 0.700960
Epoch: 26 	Training Cost: 10474.965576	 Valid Acc: 0.7027942421676545 	Best Valid Acc: 0.702794
Epoch: 27 	Training Cost: 10408.139646	 Valid Acc: 0.7040643522438611 	Best Valid Acc: 0.704064
Epoch: 28 	Training Cost: 10352.637539	 Valid Acc: 0.7049110922946655 	Best Valid Acc: 0.704911
Epoch: 29 	Training Cost: 10305.670419	 Valid Acc: 0.7054755856618685 	Best Valid Acc: 0.705476
Epoch: 30 	Training Cost: 10264.858652	 Valid Acc: 0.7064634490544736 	Best Valid Acc: 0.706463
Epoch: 31 	Training Cost: 10228.583645	 Valid Acc: 0.7063223257126728 	Best Valid Acc: 0.706463
Epoch: 32 	Training Cost: 10195.584249	 Valid Acc: 0.7061812023708721 	Best Valid Acc: 0.706463
Epoch: 33 	Training Cost: 10165.337847	 Valid Acc: 0.7080158058142817 	Best Valid Acc: 0.708016
Epoch: 34 	Training Cost: 10137.615688	 Valid Acc: 0.707874682472481 	Best Valid Acc: 0.708016
Epoch: 35 	Training Cost: 10112.217843	 Valid Acc: 0.7092859158904883 	Best Valid Acc: 0.709286
Epoch: 36 	Training Cost: 10089.043992	 Valid Acc: 0.7090036692068868 	Best Valid Acc: 0.709286
Epoch: 37 	Training Cost: 10067.797026	 Valid Acc: 0.7098504092576913 	Best Valid Acc: 0.709850
Epoch: 38 	Training Cost: 10048.243514	 Valid Acc: 0.7104149026248942 	Best Valid Acc: 0.710415
Epoch: 39 	Training Cost: 10030.138218	 Valid Acc: 0.7114027660174993 	Best Valid Acc: 0.711403
Epoch: 40 	Training Cost: 10013.295103	 Valid Acc: 0.7114027660174993 	Best Valid Acc: 0.711403
Epoch: 41 	Training Cost: 9997.554207	 Valid Acc: 0.7106971493084956 	Best Valid Acc: 0.711403
Epoch: 42 	Training Cost: 9982.786430	 Valid Acc: 0.7111205193338979 	Best Valid Acc: 0.711403
Epoch: 43 	Training Cost: 9968.808690	 Valid Acc: 0.7109793959920971 	Best Valid Acc: 0.711403
Epoch: 44 	Training Cost: 9955.560874	 Valid Acc: 0.7114027660174993 	Best Valid Acc: 0.711403
Epoch: 45 	Training Cost: 9943.000516	 Valid Acc: 0.7123906294101044 	Best Valid Acc: 0.712391
Epoch: 46 	Training Cost: 9931.007320	 Valid Acc: 0.7125317527519052 	Best Valid Acc: 0.712532
Epoch: 47 	Training Cost: 9919.576398	 Valid Acc: 0.7138018628281118 	Best Valid Acc: 0.713802
Epoch: 48 	Training Cost: 9908.591542	 Valid Acc: 0.7138018628281118 	Best Valid Acc: 0.713802
Epoch: 49 	Training Cost: 9897.988907	 Valid Acc: 0.713096246119108 	Best Valid Acc: 0.713802
Epoch: 50 	Training Cost: 9887.778290	 Valid Acc: 0.7122495060683037 	Best Valid Acc: 0.713802
Epoch: 51 	Training Cost: 9877.912538	 Valid Acc: 0.7132373694609089 	Best Valid Acc: 0.713802
Epoch: 52 	Training Cost: 9868.363749	 Valid Acc: 0.7133784928027096 	Best Valid Acc: 0.713802
Epoch: 53 	Training Cost: 9859.054383	 Valid Acc: 0.7132373694609089 	Best Valid Acc: 0.713802
Epoch: 54 	Training Cost: 9849.961853	 Valid Acc: 0.7139429861699125 	Best Valid Acc: 0.713943
Epoch: 55 	Training Cost: 9841.068310	 Valid Acc: 0.7132373694609089 	Best Valid Acc: 0.713943
Epoch: 56 	Training Cost: 9832.346913	 Valid Acc: 0.7133784928027096 	Best Valid Acc: 0.713943
Epoch: 57 	Training Cost: 9823.764521	 Valid Acc: 0.7138018628281118 	Best Valid Acc: 0.713943
Epoch: 58 	Training Cost: 9815.354992	 Valid Acc: 0.7129551227773073 	Best Valid Acc: 0.713943
Epoch: 59 	Training Cost: 9807.159172	 Valid Acc: 0.7135196161445103 	Best Valid Acc: 0.713943
Epoch: 60 	Training Cost: 9799.144427	 Valid Acc: 0.7140841095117132 	Best Valid Acc: 0.714084
Epoch: 61 	Training Cost: 9791.344776	 Valid Acc: 0.7133784928027096 	Best Valid Acc: 0.714084
Epoch: 62 	Training Cost: 9783.708021	 Valid Acc: 0.7129551227773073 	Best Valid Acc: 0.714084
Epoch: 63 	Training Cost: 9776.231580	 Valid Acc: 0.7132373694609089 	Best Valid Acc: 0.714084
Epoch: 64 	Training Cost: 9768.930098	 Valid Acc: 0.7119672593847022 	Best Valid Acc: 0.714084
Epoch: 65 	Training Cost: 9761.769553	 Valid Acc: 0.7129551227773073 	Best Valid Acc: 0.714084
Epoch: 66 	Training Cost: 9754.726007	 Valid Acc: 0.7123906294101044 	Best Valid Acc: 0.714084
Epoch: 67 	Training Cost: 9747.806384	 Valid Acc: 0.7114027660174993 	Best Valid Acc: 0.714084
Epoch: 68 	Training Cost: 9741.051249	 Valid Acc: 0.7112616426756986 	Best Valid Acc: 0.714084
Epoch: 69 	Training Cost: 9734.429478	 Valid Acc: 0.7111205193338979 	Best Valid Acc: 0.714084
Epoch: 70 	Training Cost: 9727.939362	 Valid Acc: 0.7111205193338979 	Best Valid Acc: 0.714084
Epoch: 71 	Training Cost: 9721.735034	 Valid Acc: 0.712108382726503 	Best Valid Acc: 0.714084
Epoch: 72 	Training Cost: 9715.678457	 Valid Acc: 0.7122495060683037 	Best Valid Acc: 0.714084
Epoch: 73 	Training Cost: 9709.812269	 Valid Acc: 0.7133784928027096 	Best Valid Acc: 0.714084
Epoch: 74 	Training Cost: 9704.198394	 Valid Acc: 0.7132373694609089 	Best Valid Acc: 0.714084
Epoch: 75 	Training Cost: 9698.748788	 Valid Acc: 0.7128139994355066 	Best Valid Acc: 0.714084
Epoch: 76 	Training Cost: 9693.501558	 Valid Acc: 0.7128139994355066 	Best Valid Acc: 0.714084
Epoch: 77 	Training Cost: 9688.410449	 Valid Acc: 0.713096246119108 	Best Valid Acc: 0.714084
Epoch: 78 	Training Cost: 9683.516661	 Valid Acc: 0.7135196161445103 	Best Valid Acc: 0.714084
Epoch: 79 	Training Cost: 9678.791170	 Valid Acc: 0.713660739486311 	Best Valid Acc: 0.714084
Epoch: 80 	Training Cost: 9674.253280	 Valid Acc: 0.713660739486311 	Best Valid Acc: 0.714084
Epoch: 81 	Training Cost: 9669.830882	 Valid Acc: 0.7139429861699125 	Best Valid Acc: 0.714084
Epoch: 82 	Training Cost: 9665.580830	 Valid Acc: 0.7138018628281118 	Best Valid Acc: 0.714084
Epoch: 83 	Training Cost: 9661.522797	 Valid Acc: 0.7147897262207169 	Best Valid Acc: 0.714790
Epoch: 84 	Training Cost: 9657.665799	 Valid Acc: 0.7152130962461191 	Best Valid Acc: 0.715213
Epoch: 85 	Training Cost: 9653.839597	 Valid Acc: 0.7149308495625176 	Best Valid Acc: 0.715213
Epoch: 86 	Training Cost: 9650.450232	 Valid Acc: 0.7143663561953147 	Best Valid Acc: 0.715213
Epoch: 87 	Training Cost: 9646.894183	 Valid Acc: 0.7150719729043183 	Best Valid Acc: 0.715213
Epoch: 88 	Training Cost: 9643.833369	 Valid Acc: 0.7149308495625176 	Best Valid Acc: 0.715213
Epoch: 89 	Training Cost: 9640.918427	 Valid Acc: 0.7150719729043183 	Best Valid Acc: 0.715213
Epoch: 90 	Training Cost: 9637.893804	 Valid Acc: 0.7152130962461191 	Best Valid Acc: 0.715213
Epoch: 91 	Training Cost: 9635.576767	 Valid Acc: 0.7152130962461191 	Best Valid Acc: 0.715213
Epoch: 92 	Training Cost: 9632.224405	 Valid Acc: 0.7149308495625176 	Best Valid Acc: 0.715213
Epoch: 93 	Training Cost: 9629.989621	 Valid Acc: 0.7147897262207169 	Best Valid Acc: 0.715213
Epoch: 94 	Training Cost: 9627.640232	 Valid Acc: 0.7145074795371155 	Best Valid Acc: 0.715213
Epoch: 95 	Training Cost: 9625.462175	 Valid Acc: 0.7140841095117132 	Best Valid Acc: 0.715213
Epoch: 96 	Training Cost: 9623.351344	 Valid Acc: 0.713660739486311 	Best Valid Acc: 0.715213
Epoch: 97 	Training Cost: 9621.247213	 Valid Acc: 0.7138018628281118 	Best Valid Acc: 0.715213
Epoch: 98 	Training Cost: 9619.067280	 Valid Acc: 0.7152130962461191 	Best Valid Acc: 0.715213
Epoch: 99 	Training Cost: 9617.216747	 Valid Acc: 0.7143663561953147 	Best Valid Acc: 0.715213
Epoch: 100 	Training Cost: 9615.265891	 Valid Acc: 0.7146486028789162 	Best Valid Acc: 0.715213
lr=1e-05, lamb=0.0001, num_epoch=100, test_acc=0.7039232289020604
----------------------------------------------------------
----------------------------------------------------------
lr=1e-05, lamb=0.001, num_epoch=100
Epoch: 1 	Training Cost: 14304.654432	 Valid Acc: 0.6260231442280553 	Best Valid Acc: 0.626023
Epoch: 2 	Training Cost: 12986.331959	 Valid Acc: 0.65961049957663 	Best Valid Acc: 0.659610
Epoch: 3 	Training Cost: 12164.361997	 Valid Acc: 0.6696302568444821 	Best Valid Acc: 0.669630
Epoch: 4 	Training Cost: 11881.017892	 Valid Acc: 0.6756985605419137 	Best Valid Acc: 0.675699
Epoch: 5 	Training Cost: 11750.309449	 Valid Acc: 0.6772509173017217 	Best Valid Acc: 0.677251
Epoch: 6 	Training Cost: 11678.552171	 Valid Acc: 0.6809201241885408 	Best Valid Acc: 0.680920
Epoch: 7 	Training Cost: 11635.659424	 Valid Acc: 0.6816257408975445 	Best Valid Acc: 0.681626
Epoch: 8 	Training Cost: 11608.455506	 Valid Acc: 0.6820491109229466 	Best Valid Acc: 0.682049
Epoch: 9 	Training Cost: 11590.072401	 Valid Acc: 0.6824724809483489 	Best Valid Acc: 0.682472
Epoch: 10 	Training Cost: 11576.861547	 Valid Acc: 0.682895850973751 	Best Valid Acc: 0.682896
Epoch: 11 	Training Cost: 11566.146369	 Valid Acc: 0.6830369743155518 	Best Valid Acc: 0.683037
Epoch: 12 	Training Cost: 11556.636770	 Valid Acc: 0.683460344340954 	Best Valid Acc: 0.683460
Epoch: 13 	Training Cost: 11547.150267	 Valid Acc: 0.683460344340954 	Best Valid Acc: 0.683460
Epoch: 14 	Training Cost: 11536.969891	 Valid Acc: 0.683460344340954 	Best Valid Acc: 0.683460
Epoch: 15 	Training Cost: 11525.403434	 Valid Acc: 0.683460344340954 	Best Valid Acc: 0.683460
Epoch: 16 	Training Cost: 11511.541510	 Valid Acc: 0.6831780976573525 	Best Valid Acc: 0.683460
Epoch: 17 	Training Cost: 11494.489975	 Valid Acc: 0.6844482077335591 	Best Valid Acc: 0.684448
Epoch: 18 	Training Cost: 11473.257900	 Valid Acc: 0.6830369743155518 	Best Valid Acc: 0.684448
Epoch: 19 	Training Cost: 11446.560904	 Valid Acc: 0.6821902342647473 	Best Valid Acc: 0.684448
Epoch: 20 	Training Cost: 11412.863156	 Valid Acc: 0.6812023708721423 	Best Valid Acc: 0.684448
Epoch: 21 	Training Cost: 11372.020491	 Valid Acc: 0.6821902342647473 	Best Valid Acc: 0.684448
Epoch: 22 	Training Cost: 11324.311187	 Valid Acc: 0.6833192209991532 	Best Valid Acc: 0.684448
Epoch: 23 	Training Cost: 11269.891986	 Valid Acc: 0.6845893310753599 	Best Valid Acc: 0.684589
Epoch: 24 	Training Cost: 11207.721401	 Valid Acc: 0.6869884278859724 	Best Valid Acc: 0.686988
Epoch: 25 	Training Cost: 11137.455135	 Valid Acc: 0.6905165114309907 	Best Valid Acc: 0.690517
Epoch: 26 	Training Cost: 11058.001552	 Valid Acc: 0.6939034716342083 	Best Valid Acc: 0.693903
Epoch: 27 	Training Cost: 10970.077578	 Valid Acc: 0.6972904318374259 	Best Valid Acc: 0.697290
Epoch: 28 	Training Cost: 10878.209582	 Valid Acc: 0.6972904318374259 	Best Valid Acc: 0.697290
Epoch: 29 	Training Cost: 10788.320227	 Valid Acc: 0.6995484053062376 	Best Valid Acc: 0.699548
Epoch: 30 	Training Cost: 10705.869187	 Valid Acc: 0.7016652554332486 	Best Valid Acc: 0.701665
Epoch: 31 	Training Cost: 10633.495418	 Valid Acc: 0.7039232289020604 	Best Valid Acc: 0.703923
Epoch: 32 	Training Cost: 10571.332393	 Valid Acc: 0.7050522156364663 	Best Valid Acc: 0.705052
Epoch: 33 	Training Cost: 10517.956705	 Valid Acc: 0.7060400790290714 	Best Valid Acc: 0.706040
Epoch: 34 	Training Cost: 10471.780554	 Valid Acc: 0.7066045723962744 	Best Valid Acc: 0.706605
Epoch: 35 	Training Cost: 10430.985212	 Valid Acc: 0.7064634490544736 	Best Valid Acc: 0.706605
Epoch: 36 	Training Cost: 10394.576752	 Valid Acc: 0.7053344623200677 	Best Valid Acc: 0.706605
Epoch: 37 	Training Cost: 10361.801591	 Valid Acc: 0.7050522156364663 	Best Valid Acc: 0.706605
Epoch: 38 	Training Cost: 10332.237088	 Valid Acc: 0.7064634490544736 	Best Valid Acc: 0.706605
Epoch: 39 	Training Cost: 10305.584562	 Valid Acc: 0.7071690657634773 	Best Valid Acc: 0.707169
Epoch: 40 	Training Cost: 10281.467680	 Valid Acc: 0.7075924357888794 	Best Valid Acc: 0.707592
Epoch: 41 	Training Cost: 10259.601637	 Valid Acc: 0.707310189105278 	Best Valid Acc: 0.707592
Epoch: 42 	Training Cost: 10239.606663	 Valid Acc: 0.7063223257126728 	Best Valid Acc: 0.707592
Epoch: 43 	Training Cost: 10221.240873	 Valid Acc: 0.7071690657634773 	Best Valid Acc: 0.707592
Epoch: 44 	Training Cost: 10204.324985	 Valid Acc: 0.7077335591306803 	Best Valid Acc: 0.707734
Epoch: 45 	Training Cost: 10188.672447	 Valid Acc: 0.7080158058142817 	Best Valid Acc: 0.708016
Epoch: 46 	Training Cost: 10174.162892	 Valid Acc: 0.7091447925486876 	Best Valid Acc: 0.709145
Epoch: 47 	Training Cost: 10160.531422	 Valid Acc: 0.7114027660174993 	Best Valid Acc: 0.711403
Epoch: 48 	Training Cost: 10147.790764	 Valid Acc: 0.7109793959920971 	Best Valid Acc: 0.711403
Epoch: 49 	Training Cost: 10135.758886	 Valid Acc: 0.7114027660174993 	Best Valid Acc: 0.711403
Epoch: 50 	Training Cost: 10124.374794	 Valid Acc: 0.7123906294101044 	Best Valid Acc: 0.712391
Epoch: 51 	Training Cost: 10113.555190	 Valid Acc: 0.7128139994355066 	Best Valid Acc: 0.712814
Epoch: 52 	Training Cost: 10103.268008	 Valid Acc: 0.7129551227773073 	Best Valid Acc: 0.712955
Epoch: 53 	Training Cost: 10093.409531	 Valid Acc: 0.712108382726503 	Best Valid Acc: 0.712955
Epoch: 54 	Training Cost: 10083.929913	 Valid Acc: 0.7122495060683037 	Best Valid Acc: 0.712955
Epoch: 55 	Training Cost: 10074.818565	 Valid Acc: 0.7139429861699125 	Best Valid Acc: 0.713943
Epoch: 56 	Training Cost: 10065.972024	 Valid Acc: 0.7146486028789162 	Best Valid Acc: 0.714649
Epoch: 57 	Training Cost: 10057.440360	 Valid Acc: 0.7145074795371155 	Best Valid Acc: 0.714649
Epoch: 58 	Training Cost: 10049.119814	 Valid Acc: 0.7147897262207169 	Best Valid Acc: 0.714790
Epoch: 59 	Training Cost: 10041.049901	 Valid Acc: 0.714225232853514 	Best Valid Acc: 0.714790
Epoch: 60 	Training Cost: 10033.162967	 Valid Acc: 0.7147897262207169 	Best Valid Acc: 0.714790
Epoch: 61 	Training Cost: 10025.460251	 Valid Acc: 0.7143663561953147 	Best Valid Acc: 0.714790
Epoch: 62 	Training Cost: 10017.937784	 Valid Acc: 0.7133784928027096 	Best Valid Acc: 0.714790
Epoch: 63 	Training Cost: 10010.556199	 Valid Acc: 0.713660739486311 	Best Valid Acc: 0.714790
Epoch: 64 	Training Cost: 10003.313282	 Valid Acc: 0.714225232853514 	Best Valid Acc: 0.714790
Epoch: 65 	Training Cost: 9996.205081	 Valid Acc: 0.7139429861699125 	Best Valid Acc: 0.714790
Epoch: 66 	Training Cost: 9989.262527	 Valid Acc: 0.7145074795371155 	Best Valid Acc: 0.714790
Epoch: 67 	Training Cost: 9982.464102	 Valid Acc: 0.7143663561953147 	Best Valid Acc: 0.714790
Epoch: 68 	Training Cost: 9975.808670	 Valid Acc: 0.7143663561953147 	Best Valid Acc: 0.714790
Epoch: 69 	Training Cost: 9969.255071	 Valid Acc: 0.714225232853514 	Best Valid Acc: 0.714790
Epoch: 70 	Training Cost: 9962.838463	 Valid Acc: 0.714225232853514 	Best Valid Acc: 0.714790
Epoch: 71 	Training Cost: 9956.552836	 Valid Acc: 0.7156364662715213 	Best Valid Acc: 0.715636
Epoch: 72 	Training Cost: 9950.391247	 Valid Acc: 0.715777589613322 	Best Valid Acc: 0.715778
Epoch: 73 	Training Cost: 9944.293795	 Valid Acc: 0.7153542195879199 	Best Valid Acc: 0.715778
Epoch: 74 	Training Cost: 9938.333830	 Valid Acc: 0.7156364662715213 	Best Valid Acc: 0.715778
Epoch: 75 	Training Cost: 9932.443085	 Valid Acc: 0.7150719729043183 	Best Valid Acc: 0.715778
Epoch: 76 	Training Cost: 9926.701688	 Valid Acc: 0.7146486028789162 	Best Valid Acc: 0.715778
Epoch: 77 	Training Cost: 9921.094226	 Valid Acc: 0.713660739486311 	Best Valid Acc: 0.715778
Epoch: 78 	Training Cost: 9915.534837	 Valid Acc: 0.7138018628281118 	Best Valid Acc: 0.715778
Epoch: 79 	Training Cost: 9910.183652	 Valid Acc: 0.7139429861699125 	Best Valid Acc: 0.715778
Epoch: 80 	Training Cost: 9904.965824	 Valid Acc: 0.7143663561953147 	Best Valid Acc: 0.715778
Epoch: 81 	Training Cost: 9899.864164	 Valid Acc: 0.7145074795371155 	Best Valid Acc: 0.715778
Epoch: 82 	Training Cost: 9894.971325	 Valid Acc: 0.7147897262207169 	Best Valid Acc: 0.715778
Epoch: 83 	Training Cost: 9890.200250	 Valid Acc: 0.7150719729043183 	Best Valid Acc: 0.715778
Epoch: 84 	Training Cost: 9885.604414	 Valid Acc: 0.7150719729043183 	Best Valid Acc: 0.715778
Epoch: 85 	Training Cost: 9881.109673	 Valid Acc: 0.7159187129551228 	Best Valid Acc: 0.715919
Epoch: 86 	Training Cost: 9876.799344	 Valid Acc: 0.7156364662715213 	Best Valid Acc: 0.715919
Epoch: 87 	Training Cost: 9872.609388	 Valid Acc: 0.7152130962461191 	Best Valid Acc: 0.715919
Epoch: 88 	Training Cost: 9868.553907	 Valid Acc: 0.7153542195879199 	Best Valid Acc: 0.715919
Epoch: 89 	Training Cost: 9864.612378	 Valid Acc: 0.7150719729043183 	Best Valid Acc: 0.715919
Epoch: 90 	Training Cost: 9860.815182	 Valid Acc: 0.7150719729043183 	Best Valid Acc: 0.715919
Epoch: 91 	Training Cost: 9857.136978	 Valid Acc: 0.7150719729043183 	Best Valid Acc: 0.715919
Epoch: 92 	Training Cost: 9853.608029	 Valid Acc: 0.7152130962461191 	Best Valid Acc: 0.715919
Epoch: 93 	Training Cost: 9850.182543	 Valid Acc: 0.7146486028789162 	Best Valid Acc: 0.715919
Epoch: 94 	Training Cost: 9846.886491	 Valid Acc: 0.7143663561953147 	Best Valid Acc: 0.715919
Epoch: 95 	Training Cost: 9843.690217	 Valid Acc: 0.7147897262207169 	Best Valid Acc: 0.715919
Epoch: 96 	Training Cost: 9840.636266	 Valid Acc: 0.7146486028789162 	Best Valid Acc: 0.715919
Epoch: 97 	Training Cost: 9837.658280	 Valid Acc: 0.7152130962461191 	Best Valid Acc: 0.715919
Epoch: 98 	Training Cost: 9834.807731	 Valid Acc: 0.7149308495625176 	Best Valid Acc: 0.715919
Epoch: 99 	Training Cost: 9832.031513	 Valid Acc: 0.7154953429297206 	Best Valid Acc: 0.715919
Epoch: 100 	Training Cost: 9829.403581	 Valid Acc: 0.7146486028789162 	Best Valid Acc: 0.715919
lr=1e-05, lamb=0.001, num_epoch=100, test_acc=0.7084391758396839
----------------------------------------------------------
lr=1e-05, lamb=0, best_valid_acc=0.7176121930567316
lr=1e-05, lamb=1e-05, best_valid_acc=0.7164832063223258
lr=1e-05, lamb=0.0001, best_valid_acc=0.7152130962461191
lr=1e-05, lamb=0.001, best_valid_acc=0.7159187129551228
