nn7.py, same as nn4.py, but no question info
Tuning process for lr=1e-05
----------------------------------------------------------
lr=1e-05, lamb=0, num_epoch=200
Epoch: 1 	Training Cost: 13921.871022	 Valid Acc: 0.6261642675698561 	Best Valid Acc: 0.626164
Epoch: 2 	Training Cost: 12897.722493	 Valid Acc: 0.6531188258537962 	Best Valid Acc: 0.653119
Epoch: 3 	Training Cost: 11948.838755	 Valid Acc: 0.672876093705899 	Best Valid Acc: 0.672876
Epoch: 4 	Training Cost: 11659.286709	 Valid Acc: 0.6751340671747107 	Best Valid Acc: 0.675134
Epoch: 5 	Training Cost: 11535.772666	 Valid Acc: 0.6754163138583121 	Best Valid Acc: 0.675416
Epoch: 6 	Training Cost: 11464.695254	 Valid Acc: 0.676545300592718 	Best Valid Acc: 0.676545
Epoch: 7 	Training Cost: 11418.596146	 Valid Acc: 0.6782387806943269 	Best Valid Acc: 0.678239
Epoch: 8 	Training Cost: 11386.286768	 Valid Acc: 0.6796500141123342 	Best Valid Acc: 0.679650
Epoch: 9 	Training Cost: 11362.018026	 Valid Acc: 0.6797911374541349 	Best Valid Acc: 0.679791
Epoch: 10 	Training Cost: 11342.331573	 Valid Acc: 0.6806378775049393 	Best Valid Acc: 0.680638
Epoch: 11 	Training Cost: 11324.947817	 Valid Acc: 0.6804967541631386 	Best Valid Acc: 0.680638
Epoch: 12 	Training Cost: 11308.357605	 Valid Acc: 0.6823313576065482 	Best Valid Acc: 0.682331
Epoch: 13 	Training Cost: 11291.199189	 Valid Acc: 0.6823313576065482 	Best Valid Acc: 0.682331
Epoch: 14 	Training Cost: 11272.339703	 Valid Acc: 0.6824724809483489 	Best Valid Acc: 0.682472
Epoch: 15 	Training Cost: 11250.747503	 Valid Acc: 0.681343494213943 	Best Valid Acc: 0.682472
Epoch: 16 	Training Cost: 11224.880716	 Valid Acc: 0.6814846175557437 	Best Valid Acc: 0.682472
Epoch: 17 	Training Cost: 11192.859765	 Valid Acc: 0.6821902342647473 	Best Valid Acc: 0.682472
Epoch: 18 	Training Cost: 11153.761254	 Valid Acc: 0.6827547276319503 	Best Valid Acc: 0.682755
Epoch: 19 	Training Cost: 11108.178699	 Valid Acc: 0.6833192209991532 	Best Valid Acc: 0.683319
Epoch: 20 	Training Cost: 11059.448200	 Valid Acc: 0.6857183178097658 	Best Valid Acc: 0.685718
Epoch: 21 	Training Cost: 11010.705300	 Valid Acc: 0.6864239345187694 	Best Valid Acc: 0.686424
Epoch: 22 	Training Cost: 10964.284889	 Valid Acc: 0.6871295512277731 	Best Valid Acc: 0.687130
Epoch: 23 	Training Cost: 10919.345130	 Valid Acc: 0.6875529212531752 	Best Valid Acc: 0.687553
Epoch: 24 	Training Cost: 10873.372575	 Valid Acc: 0.6902342647473892 	Best Valid Acc: 0.690234
Epoch: 25 	Training Cost: 10825.686722	 Valid Acc: 0.6915043748235958 	Best Valid Acc: 0.691504
Epoch: 26 	Training Cost: 10774.879440	 Valid Acc: 0.6954558283940163 	Best Valid Acc: 0.695456
Epoch: 27 	Training Cost: 10718.767138	 Valid Acc: 0.6955969517358171 	Best Valid Acc: 0.695597
Epoch: 28 	Training Cost: 10656.687534	 Valid Acc: 0.6968670618120237 	Best Valid Acc: 0.696867
Epoch: 29 	Training Cost: 10589.679443	 Valid Acc: 0.7008185153824442 	Best Valid Acc: 0.700819
Epoch: 30 	Training Cost: 10520.112889	 Valid Acc: 0.7033587355348575 	Best Valid Acc: 0.703359
Epoch: 31 	Training Cost: 10451.594101	 Valid Acc: 0.7018063787750494 	Best Valid Acc: 0.703359
Epoch: 32 	Training Cost: 10387.755521	 Valid Acc: 0.7046288456110641 	Best Valid Acc: 0.704629
Epoch: 33 	Training Cost: 10329.440472	 Valid Acc: 0.7060400790290714 	Best Valid Acc: 0.706040
Epoch: 34 	Training Cost: 10276.894104	 Valid Acc: 0.7050522156364663 	Best Valid Acc: 0.706040
Epoch: 35 	Training Cost: 10230.086576	 Valid Acc: 0.7054755856618685 	Best Valid Acc: 0.706040
Epoch: 36 	Training Cost: 10188.340165	 Valid Acc: 0.7066045723962744 	Best Valid Acc: 0.706605
Epoch: 37 	Training Cost: 10150.851795	 Valid Acc: 0.7050522156364663 	Best Valid Acc: 0.706605
Epoch: 38 	Training Cost: 10117.132164	 Valid Acc: 0.7058989556872707 	Best Valid Acc: 0.706605
Epoch: 39 	Training Cost: 10086.567666	 Valid Acc: 0.70575783234547 	Best Valid Acc: 0.706605
Epoch: 40 	Training Cost: 10058.757771	 Valid Acc: 0.7058989556872707 	Best Valid Acc: 0.706605
Epoch: 41 	Training Cost: 10033.122272	 Valid Acc: 0.7056167090036692 	Best Valid Acc: 0.706605
Epoch: 42 	Training Cost: 10009.201711	 Valid Acc: 0.7063223257126728 	Best Valid Acc: 0.706605
Epoch: 43 	Training Cost: 9986.829548	 Valid Acc: 0.7074513124470787 	Best Valid Acc: 0.707451
Epoch: 44 	Training Cost: 9965.842289	 Valid Acc: 0.7087214225232854 	Best Valid Acc: 0.708721
Epoch: 45 	Training Cost: 9946.108283	 Valid Acc: 0.7085802991814846 	Best Valid Acc: 0.708721
Epoch: 46 	Training Cost: 9927.408256	 Valid Acc: 0.7097092859158904 	Best Valid Acc: 0.709709
Epoch: 47 	Training Cost: 9909.516348	 Valid Acc: 0.7095681625740897 	Best Valid Acc: 0.709709
Epoch: 48 	Training Cost: 9892.426903	 Valid Acc: 0.7111205193338979 	Best Valid Acc: 0.711121
Epoch: 49 	Training Cost: 9876.042605	 Valid Acc: 0.7118261360429015 	Best Valid Acc: 0.711826
Epoch: 50 	Training Cost: 9860.247232	 Valid Acc: 0.712108382726503 	Best Valid Acc: 0.712108
Epoch: 51 	Training Cost: 9844.994973	 Valid Acc: 0.7126728760937059 	Best Valid Acc: 0.712673
Epoch: 52 	Training Cost: 9830.273155	 Valid Acc: 0.7128139994355066 	Best Valid Acc: 0.712814
Epoch: 53 	Training Cost: 9815.956576	 Valid Acc: 0.7139429861699125 	Best Valid Acc: 0.713943
Epoch: 54 	Training Cost: 9801.996672	 Valid Acc: 0.7143663561953147 	Best Valid Acc: 0.714366
Epoch: 55 	Training Cost: 9788.418274	 Valid Acc: 0.7146486028789162 	Best Valid Acc: 0.714649
Epoch: 56 	Training Cost: 9775.181577	 Valid Acc: 0.7146486028789162 	Best Valid Acc: 0.714649
Epoch: 57 	Training Cost: 9762.333594	 Valid Acc: 0.7150719729043183 	Best Valid Acc: 0.715072
Epoch: 58 	Training Cost: 9749.838559	 Valid Acc: 0.7159187129551228 	Best Valid Acc: 0.715919
Epoch: 59 	Training Cost: 9737.683700	 Valid Acc: 0.715777589613322 	Best Valid Acc: 0.715919
Epoch: 60 	Training Cost: 9725.947883	 Valid Acc: 0.7160598362969235 	Best Valid Acc: 0.716060
Epoch: 61 	Training Cost: 9714.473381	 Valid Acc: 0.7167654530059272 	Best Valid Acc: 0.716765
Epoch: 62 	Training Cost: 9703.375058	 Valid Acc: 0.7164832063223258 	Best Valid Acc: 0.716765
Epoch: 63 	Training Cost: 9692.623504	 Valid Acc: 0.7169065763477279 	Best Valid Acc: 0.716907
Epoch: 64 	Training Cost: 9682.180126	 Valid Acc: 0.7154953429297206 	Best Valid Acc: 0.716907
Epoch: 65 	Training Cost: 9672.090088	 Valid Acc: 0.7160598362969235 	Best Valid Acc: 0.716907
Epoch: 66 	Training Cost: 9662.300258	 Valid Acc: 0.7163420829805249 	Best Valid Acc: 0.716907
Epoch: 67 	Training Cost: 9652.760048	 Valid Acc: 0.7164832063223258 	Best Valid Acc: 0.716907
Epoch: 68 	Training Cost: 9643.425312	 Valid Acc: 0.7162009596387242 	Best Valid Acc: 0.716907
Epoch: 69 	Training Cost: 9634.355638	 Valid Acc: 0.7167654530059272 	Best Valid Acc: 0.716907
Epoch: 70 	Training Cost: 9625.557207	 Valid Acc: 0.7163420829805249 	Best Valid Acc: 0.716907
Epoch: 71 	Training Cost: 9616.878536	 Valid Acc: 0.7160598362969235 	Best Valid Acc: 0.716907
Epoch: 72 	Training Cost: 9608.519119	 Valid Acc: 0.7163420829805249 	Best Valid Acc: 0.716907
Epoch: 73 	Training Cost: 9600.255015	 Valid Acc: 0.7166243296641265 	Best Valid Acc: 0.716907
Epoch: 74 	Training Cost: 9592.228127	 Valid Acc: 0.7166243296641265 	Best Valid Acc: 0.716907
Epoch: 75 	Training Cost: 9584.355655	 Valid Acc: 0.7163420829805249 	Best Valid Acc: 0.716907
Epoch: 76 	Training Cost: 9576.579314	 Valid Acc: 0.7162009596387242 	Best Valid Acc: 0.716907
Epoch: 77 	Training Cost: 9568.967170	 Valid Acc: 0.7162009596387242 	Best Valid Acc: 0.716907
Epoch: 78 	Training Cost: 9561.353347	 Valid Acc: 0.715777589613322 	Best Valid Acc: 0.716907
Epoch: 79 	Training Cost: 9553.820870	 Valid Acc: 0.7156364662715213 	Best Valid Acc: 0.716907
Epoch: 80 	Training Cost: 9546.292185	 Valid Acc: 0.7163420829805249 	Best Valid Acc: 0.716907
Epoch: 81 	Training Cost: 9538.740553	 Valid Acc: 0.7159187129551228 	Best Valid Acc: 0.716907
Epoch: 82 	Training Cost: 9531.185768	 Valid Acc: 0.7154953429297206 	Best Valid Acc: 0.716907
Epoch: 83 	Training Cost: 9523.358328	 Valid Acc: 0.7149308495625176 	Best Valid Acc: 0.716907
Epoch: 84 	Training Cost: 9515.525627	 Valid Acc: 0.7149308495625176 	Best Valid Acc: 0.716907
Epoch: 85 	Training Cost: 9507.281331	 Valid Acc: 0.7140841095117132 	Best Valid Acc: 0.716907
Epoch: 86 	Training Cost: 9498.738812	 Valid Acc: 0.7135196161445103 	Best Valid Acc: 0.716907
Epoch: 87 	Training Cost: 9489.865017	 Valid Acc: 0.7149308495625176 	Best Valid Acc: 0.716907
Epoch: 88 	Training Cost: 9480.510545	 Valid Acc: 0.7145074795371155 	Best Valid Acc: 0.716907
Epoch: 89 	Training Cost: 9470.393727	 Valid Acc: 0.7139429861699125 	Best Valid Acc: 0.716907
Epoch: 90 	Training Cost: 9459.634428	 Valid Acc: 0.7149308495625176 	Best Valid Acc: 0.716907
Epoch: 91 	Training Cost: 9448.110412	 Valid Acc: 0.7153542195879199 	Best Valid Acc: 0.716907
Epoch: 92 	Training Cost: 9435.901806	 Valid Acc: 0.7140841095117132 	Best Valid Acc: 0.716907
Epoch: 93 	Training Cost: 9422.926176	 Valid Acc: 0.7147897262207169 	Best Valid Acc: 0.716907
Epoch: 94 	Training Cost: 9409.759920	 Valid Acc: 0.713660739486311 	Best Valid Acc: 0.716907
Epoch: 95 	Training Cost: 9397.361917	 Valid Acc: 0.7140841095117132 	Best Valid Acc: 0.716907
Epoch: 96 	Training Cost: 9383.921015	 Valid Acc: 0.714225232853514 	Best Valid Acc: 0.716907
Epoch: 97 	Training Cost: 9371.834229	 Valid Acc: 0.7135196161445103 	Best Valid Acc: 0.716907
Epoch: 98 	Training Cost: 9360.201771	 Valid Acc: 0.7132373694609089 	Best Valid Acc: 0.716907
Epoch: 99 	Training Cost: 9349.288142	 Valid Acc: 0.7139429861699125 	Best Valid Acc: 0.716907
Epoch: 100 	Training Cost: 9338.453868	 Valid Acc: 0.713096246119108 	Best Valid Acc: 0.716907
Epoch: 101 	Training Cost: 9328.714640	 Valid Acc: 0.7139429861699125 	Best Valid Acc: 0.716907
Epoch: 102 	Training Cost: 9319.022540	 Valid Acc: 0.7119672593847022 	Best Valid Acc: 0.716907
Epoch: 103 	Training Cost: 9309.376087	 Valid Acc: 0.7126728760937059 	Best Valid Acc: 0.716907
Epoch: 104 	Training Cost: 9299.739986	 Valid Acc: 0.713096246119108 	Best Valid Acc: 0.716907
Epoch: 105 	Training Cost: 9290.642112	 Valid Acc: 0.7128139994355066 	Best Valid Acc: 0.716907
Epoch: 106 	Training Cost: 9281.562072	 Valid Acc: 0.7126728760937059 	Best Valid Acc: 0.716907
Epoch: 107 	Training Cost: 9272.805394	 Valid Acc: 0.7112616426756986 	Best Valid Acc: 0.716907
Epoch: 108 	Training Cost: 9264.029410	 Valid Acc: 0.713660739486311 	Best Valid Acc: 0.716907
Epoch: 109 	Training Cost: 9255.197885	 Valid Acc: 0.7115438893593 	Best Valid Acc: 0.716907
Epoch: 110 	Training Cost: 9246.135013	 Valid Acc: 0.7125317527519052 	Best Valid Acc: 0.716907
Epoch: 111 	Training Cost: 9237.068832	 Valid Acc: 0.7114027660174993 	Best Valid Acc: 0.716907
Epoch: 112 	Training Cost: 9228.507185	 Valid Acc: 0.7116850127011007 	Best Valid Acc: 0.716907
Epoch: 113 	Training Cost: 9219.458055	 Valid Acc: 0.7118261360429015 	Best Valid Acc: 0.716907
Epoch: 114 	Training Cost: 9210.191598	 Valid Acc: 0.7111205193338979 	Best Valid Acc: 0.716907
Epoch: 115 	Training Cost: 9201.593260	 Valid Acc: 0.7122495060683037 	Best Valid Acc: 0.716907
Epoch: 116 	Training Cost: 9191.813683	 Valid Acc: 0.7109793959920971 	Best Valid Acc: 0.716907
Epoch: 117 	Training Cost: 9182.914018	 Valid Acc: 0.7119672593847022 	Best Valid Acc: 0.716907
Epoch: 118 	Training Cost: 9174.097334	 Valid Acc: 0.7098504092576913 	Best Valid Acc: 0.716907
Epoch: 119 	Training Cost: 9164.649365	 Valid Acc: 0.7115438893593 	Best Valid Acc: 0.716907
Epoch: 120 	Training Cost: 9154.910935	 Valid Acc: 0.7104149026248942 	Best Valid Acc: 0.716907
Epoch: 121 	Training Cost: 9145.259331	 Valid Acc: 0.7101326559412927 	Best Valid Acc: 0.716907
Epoch: 122 	Training Cost: 9136.443082	 Valid Acc: 0.7108382726502963 	Best Valid Acc: 0.716907
Epoch: 123 	Training Cost: 9127.069157	 Valid Acc: 0.7104149026248942 	Best Valid Acc: 0.716907
Epoch: 124 	Training Cost: 9117.225986	 Valid Acc: 0.7098504092576913 	Best Valid Acc: 0.716907
Epoch: 125 	Training Cost: 9107.214010	 Valid Acc: 0.7091447925486876 	Best Valid Acc: 0.716907
Epoch: 126 	Training Cost: 9098.319904	 Valid Acc: 0.7087214225232854 	Best Valid Acc: 0.716907
Epoch: 127 	Training Cost: 9088.258642	 Valid Acc: 0.7090036692068868 	Best Valid Acc: 0.716907
Epoch: 128 	Training Cost: 9078.773904	 Valid Acc: 0.7091447925486876 	Best Valid Acc: 0.716907
Epoch: 129 	Training Cost: 9069.053442	 Valid Acc: 0.7085802991814846 	Best Valid Acc: 0.716907
Epoch: 130 	Training Cost: 9059.374718	 Valid Acc: 0.7087214225232854 	Best Valid Acc: 0.716907
Epoch: 131 	Training Cost: 9049.800046	 Valid Acc: 0.7088625458650861 	Best Valid Acc: 0.716907
Epoch: 132 	Training Cost: 9039.849978	 Valid Acc: 0.7068868190798758 	Best Valid Acc: 0.716907
Epoch: 133 	Training Cost: 9031.139566	 Valid Acc: 0.7063223257126728 	Best Valid Acc: 0.716907
Epoch: 134 	Training Cost: 9021.316602	 Valid Acc: 0.7066045723962744 	Best Valid Acc: 0.716907
Epoch: 135 	Training Cost: 9011.211715	 Valid Acc: 0.7077335591306803 	Best Valid Acc: 0.716907
Epoch: 136 	Training Cost: 9001.619431	 Valid Acc: 0.7058989556872707 	Best Valid Acc: 0.716907
Epoch: 137 	Training Cost: 8992.608271	 Valid Acc: 0.705193338978267 	Best Valid Acc: 0.716907
Epoch: 138 	Training Cost: 8982.629889	 Valid Acc: 0.7077335591306803 	Best Valid Acc: 0.716907
Epoch: 139 	Training Cost: 8974.333853	 Valid Acc: 0.7071690657634773 	Best Valid Acc: 0.716907
Epoch: 140 	Training Cost: 8965.153327	 Valid Acc: 0.7068868190798758 	Best Valid Acc: 0.716907
Epoch: 141 	Training Cost: 8955.554290	 Valid Acc: 0.707310189105278 	Best Valid Acc: 0.716907
Epoch: 142 	Training Cost: 8946.566003	 Valid Acc: 0.7060400790290714 	Best Valid Acc: 0.716907
Epoch: 143 	Training Cost: 8937.640492	 Valid Acc: 0.7071690657634773 	Best Valid Acc: 0.716907
Epoch: 144 	Training Cost: 8927.806397	 Valid Acc: 0.70575783234547 	Best Valid Acc: 0.716907
Epoch: 145 	Training Cost: 8919.684279	 Valid Acc: 0.7071690657634773 	Best Valid Acc: 0.716907
Epoch: 146 	Training Cost: 8910.767661	 Valid Acc: 0.7075924357888794 	Best Valid Acc: 0.716907
Epoch: 147 	Training Cost: 8901.199300	 Valid Acc: 0.7056167090036692 	Best Valid Acc: 0.716907
Epoch: 148 	Training Cost: 8893.185411	 Valid Acc: 0.7067456957380751 	Best Valid Acc: 0.716907
Epoch: 149 	Training Cost: 8884.222474	 Valid Acc: 0.7060400790290714 	Best Valid Acc: 0.716907
Epoch: 150 	Training Cost: 8875.837800	 Valid Acc: 0.7043465989274627 	Best Valid Acc: 0.716907
Epoch: 151 	Training Cost: 8866.379948	 Valid Acc: 0.7056167090036692 	Best Valid Acc: 0.716907
Epoch: 152 	Training Cost: 8858.634313	 Valid Acc: 0.7033587355348575 	Best Valid Acc: 0.716907
Epoch: 153 	Training Cost: 8850.459152	 Valid Acc: 0.7056167090036692 	Best Valid Acc: 0.716907
Epoch: 154 	Training Cost: 8842.060683	 Valid Acc: 0.7049110922946655 	Best Valid Acc: 0.716907
Epoch: 155 	Training Cost: 8834.191726	 Valid Acc: 0.705193338978267 	Best Valid Acc: 0.716907
Epoch: 156 	Training Cost: 8825.244591	 Valid Acc: 0.7050522156364663 	Best Valid Acc: 0.716907
Epoch: 157 	Training Cost: 8817.179275	 Valid Acc: 0.7050522156364663 	Best Valid Acc: 0.716907
Epoch: 158 	Training Cost: 8809.366766	 Valid Acc: 0.70575783234547 	Best Valid Acc: 0.716907
Epoch: 159 	Training Cost: 8801.637350	 Valid Acc: 0.7032176121930568 	Best Valid Acc: 0.716907
Epoch: 160 	Training Cost: 8792.880936	 Valid Acc: 0.7047699689528648 	Best Valid Acc: 0.716907
Epoch: 161 	Training Cost: 8784.706766	 Valid Acc: 0.7043465989274627 	Best Valid Acc: 0.716907
Epoch: 162 	Training Cost: 8777.723172	 Valid Acc: 0.7034998588766582 	Best Valid Acc: 0.716907
Epoch: 163 	Training Cost: 8768.819728	 Valid Acc: 0.703076488851256 	Best Valid Acc: 0.716907
Epoch: 164 	Training Cost: 8761.589562	 Valid Acc: 0.7047699689528648 	Best Valid Acc: 0.716907
Epoch: 165 	Training Cost: 8752.642776	 Valid Acc: 0.7027942421676545 	Best Valid Acc: 0.716907
Epoch: 166 	Training Cost: 8745.305007	 Valid Acc: 0.7036409822184589 	Best Valid Acc: 0.716907
Epoch: 167 	Training Cost: 8736.782873	 Valid Acc: 0.7034998588766582 	Best Valid Acc: 0.716907
Epoch: 168 	Training Cost: 8728.889416	 Valid Acc: 0.7034998588766582 	Best Valid Acc: 0.716907
Epoch: 169 	Training Cost: 8721.600195	 Valid Acc: 0.7044877222692634 	Best Valid Acc: 0.716907
Epoch: 170 	Training Cost: 8713.079522	 Valid Acc: 0.7025119954840531 	Best Valid Acc: 0.716907
Epoch: 171 	Training Cost: 8705.099647	 Valid Acc: 0.7046288456110641 	Best Valid Acc: 0.716907
Epoch: 172 	Training Cost: 8697.174057	 Valid Acc: 0.7032176121930568 	Best Valid Acc: 0.716907
Epoch: 173 	Training Cost: 8688.578722	 Valid Acc: 0.7043465989274627 	Best Valid Acc: 0.716907
Epoch: 174 	Training Cost: 8682.469458	 Valid Acc: 0.7050522156364663 	Best Valid Acc: 0.716907
Epoch: 175 	Training Cost: 8673.725006	 Valid Acc: 0.7043465989274627 	Best Valid Acc: 0.716907
Epoch: 176 	Training Cost: 8665.250975	 Valid Acc: 0.703076488851256 	Best Valid Acc: 0.716907
Epoch: 177 	Training Cost: 8658.011656	 Valid Acc: 0.7018063787750494 	Best Valid Acc: 0.716907
Epoch: 178 	Training Cost: 8649.391797	 Valid Acc: 0.7042054755856618 	Best Valid Acc: 0.716907
Epoch: 179 	Training Cost: 8640.580817	 Valid Acc: 0.7015241320914479 	Best Valid Acc: 0.716907
Epoch: 180 	Training Cost: 8632.527521	 Valid Acc: 0.7016652554332486 	Best Valid Acc: 0.716907
Epoch: 181 	Training Cost: 8625.284841	 Valid Acc: 0.703076488851256 	Best Valid Acc: 0.716907
Epoch: 182 	Training Cost: 8616.532496	 Valid Acc: 0.7023708721422524 	Best Valid Acc: 0.716907
Epoch: 183 	Training Cost: 8608.600205	 Valid Acc: 0.7016652554332486 	Best Valid Acc: 0.716907
Epoch: 184 	Training Cost: 8600.723147	 Valid Acc: 0.7013830087496472 	Best Valid Acc: 0.716907
Epoch: 185 	Training Cost: 8592.936904	 Valid Acc: 0.7016652554332486 	Best Valid Acc: 0.716907
Epoch: 186 	Training Cost: 8584.969421	 Valid Acc: 0.7008185153824442 	Best Valid Acc: 0.716907
Epoch: 187 	Training Cost: 8575.481845	 Valid Acc: 0.7006773920406435 	Best Valid Acc: 0.716907
Epoch: 188 	Training Cost: 8567.459718	 Valid Acc: 0.7013830087496472 	Best Valid Acc: 0.716907
Epoch: 189 	Training Cost: 8561.029277	 Valid Acc: 0.6992661586226362 	Best Valid Acc: 0.716907
Epoch: 190 	Training Cost: 8552.357335	 Valid Acc: 0.7019475021168501 	Best Valid Acc: 0.716907
Epoch: 191 	Training Cost: 8543.075019	 Valid Acc: 0.7001128986734406 	Best Valid Acc: 0.716907
Epoch: 192 	Training Cost: 8535.045996	 Valid Acc: 0.7002540220152413 	Best Valid Acc: 0.716907
Epoch: 193 	Training Cost: 8527.637707	 Valid Acc: 0.6995484053062376 	Best Valid Acc: 0.716907
Epoch: 194 	Training Cost: 8519.103849	 Valid Acc: 0.6995484053062376 	Best Valid Acc: 0.716907
Epoch: 195 	Training Cost: 8511.265508	 Valid Acc: 0.7008185153824442 	Best Valid Acc: 0.716907
Epoch: 196 	Training Cost: 8502.667002	 Valid Acc: 0.6989839119390348 	Best Valid Acc: 0.716907
Epoch: 197 	Training Cost: 8493.124421	 Valid Acc: 0.6992661586226362 	Best Valid Acc: 0.716907
Epoch: 198 	Training Cost: 8486.798551	 Valid Acc: 0.698278295230031 	Best Valid Acc: 0.716907
Epoch: 199 	Training Cost: 8478.052434	 Valid Acc: 0.6989839119390348 	Best Valid Acc: 0.716907
Epoch: 200 	Training Cost: 8468.818026	 Valid Acc: 0.6991250352808355 	Best Valid Acc: 0.716907
lr=1e-05, lamb=0, num_epoch=200, test_acc=0.6994072819644369
----------------------------------------------------------
----------------------------------------------------------
lr=1e-05, lamb=0.0001, num_epoch=200
Epoch: 1 	Training Cost: 13970.557581	 Valid Acc: 0.6065481230595541 	Best Valid Acc: 0.606548
Epoch: 2 	Training Cost: 12958.226666	 Valid Acc: 0.6648320632232572 	Best Valid Acc: 0.664832
Epoch: 3 	Training Cost: 11962.955148	 Valid Acc: 0.6720293536550945 	Best Valid Acc: 0.672029
Epoch: 4 	Training Cost: 11662.896332	 Valid Acc: 0.6752751905165114 	Best Valid Acc: 0.675275
Epoch: 5 	Training Cost: 11546.792206	 Valid Acc: 0.6785210273779283 	Best Valid Acc: 0.678521
Epoch: 6 	Training Cost: 11482.994817	 Valid Acc: 0.679226644086932 	Best Valid Acc: 0.679227
Epoch: 7 	Training Cost: 11441.915391	 Valid Acc: 0.678662150719729 	Best Valid Acc: 0.679227
Epoch: 8 	Training Cost: 11412.808925	 Valid Acc: 0.679226644086932 	Best Valid Acc: 0.679227
Epoch: 9 	Training Cost: 11390.639783	 Valid Acc: 0.6796500141123342 	Best Valid Acc: 0.679650
Epoch: 10 	Training Cost: 11372.328408	 Valid Acc: 0.68077900084674 	Best Valid Acc: 0.680779
Epoch: 11 	Training Cost: 11356.060416	 Valid Acc: 0.681343494213943 	Best Valid Acc: 0.681343
Epoch: 12 	Training Cost: 11340.343273	 Valid Acc: 0.6812023708721423 	Best Valid Acc: 0.681343
Epoch: 13 	Training Cost: 11324.068782	 Valid Acc: 0.6797911374541349 	Best Valid Acc: 0.681343
Epoch: 14 	Training Cost: 11306.310330	 Valid Acc: 0.6789443974033305 	Best Valid Acc: 0.681343
Epoch: 15 	Training Cost: 11285.965008	 Valid Acc: 0.6804967541631386 	Best Valid Acc: 0.681343
Epoch: 16 	Training Cost: 11261.836740	 Valid Acc: 0.6803556308213379 	Best Valid Acc: 0.681343
Epoch: 17 	Training Cost: 11232.757844	 Valid Acc: 0.6803556308213379 	Best Valid Acc: 0.681343
Epoch: 18 	Training Cost: 11197.729750	 Valid Acc: 0.6802145074795372 	Best Valid Acc: 0.681343
Epoch: 19 	Training Cost: 11156.784936	 Valid Acc: 0.6799322607959356 	Best Valid Acc: 0.681343
Epoch: 20 	Training Cost: 11111.602589	 Valid Acc: 0.6824724809483489 	Best Valid Acc: 0.682472
Epoch: 21 	Training Cost: 11064.219072	 Valid Acc: 0.6833192209991532 	Best Valid Acc: 0.683319
Epoch: 22 	Training Cost: 11015.266190	 Valid Acc: 0.6852949477843635 	Best Valid Acc: 0.685295
Epoch: 23 	Training Cost: 10963.065475	 Valid Acc: 0.6875529212531752 	Best Valid Acc: 0.687553
Epoch: 24 	Training Cost: 10904.097910	 Valid Acc: 0.6923511148744003 	Best Valid Acc: 0.692351
Epoch: 25 	Training Cost: 10835.006998	 Valid Acc: 0.6950324583686142 	Best Valid Acc: 0.695032
Epoch: 26 	Training Cost: 10754.103866	 Valid Acc: 0.6979960485464296 	Best Valid Acc: 0.697996
Epoch: 27 	Training Cost: 10663.992259	 Valid Acc: 0.6995484053062376 	Best Valid Acc: 0.699548
Epoch: 28 	Training Cost: 10571.693115	 Valid Acc: 0.7023708721422524 	Best Valid Acc: 0.702371
Epoch: 29 	Training Cost: 10485.263082	 Valid Acc: 0.7023708721422524 	Best Valid Acc: 0.702371
Epoch: 30 	Training Cost: 10409.494065	 Valid Acc: 0.7046288456110641 	Best Valid Acc: 0.704629
Epoch: 31 	Training Cost: 10345.110426	 Valid Acc: 0.7049110922946655 	Best Valid Acc: 0.704911
Epoch: 32 	Training Cost: 10290.572101	 Valid Acc: 0.7060400790290714 	Best Valid Acc: 0.706040
Epoch: 33 	Training Cost: 10243.481912	 Valid Acc: 0.7071690657634773 	Best Valid Acc: 0.707169
Epoch: 34 	Training Cost: 10202.202251	 Valid Acc: 0.7068868190798758 	Best Valid Acc: 0.707169
Epoch: 35 	Training Cost: 10165.587456	 Valid Acc: 0.7068868190798758 	Best Valid Acc: 0.707169
Epoch: 36 	Training Cost: 10132.861000	 Valid Acc: 0.7081569291560824 	Best Valid Acc: 0.708157
Epoch: 37 	Training Cost: 10103.413988	 Valid Acc: 0.7087214225232854 	Best Valid Acc: 0.708721
Epoch: 38 	Training Cost: 10076.906606	 Valid Acc: 0.7088625458650861 	Best Valid Acc: 0.708863
Epoch: 39 	Training Cost: 10052.815165	 Valid Acc: 0.7095681625740897 	Best Valid Acc: 0.709568
Epoch: 40 	Training Cost: 10030.736949	 Valid Acc: 0.7091447925486876 	Best Valid Acc: 0.709568
Epoch: 41 	Training Cost: 10010.394229	 Valid Acc: 0.7106971493084956 	Best Valid Acc: 0.710697
Epoch: 42 	Training Cost: 9991.474404	 Valid Acc: 0.7119672593847022 	Best Valid Acc: 0.711967
Epoch: 43 	Training Cost: 9973.805248	 Valid Acc: 0.7115438893593 	Best Valid Acc: 0.711967
Epoch: 44 	Training Cost: 9957.226577	 Valid Acc: 0.7119672593847022 	Best Valid Acc: 0.711967
Epoch: 45 	Training Cost: 9941.626014	 Valid Acc: 0.7123906294101044 	Best Valid Acc: 0.712391
Epoch: 46 	Training Cost: 9926.813933	 Valid Acc: 0.7128139994355066 	Best Valid Acc: 0.712814
Epoch: 47 	Training Cost: 9912.723732	 Valid Acc: 0.7128139994355066 	Best Valid Acc: 0.712814
Epoch: 48 	Training Cost: 9899.273388	 Valid Acc: 0.7123906294101044 	Best Valid Acc: 0.712814
Epoch: 49 	Training Cost: 9886.385613	 Valid Acc: 0.7138018628281118 	Best Valid Acc: 0.713802
Epoch: 50 	Training Cost: 9873.914363	 Valid Acc: 0.7149308495625176 	Best Valid Acc: 0.714931
Epoch: 51 	Training Cost: 9861.828837	 Valid Acc: 0.7150719729043183 	Best Valid Acc: 0.715072
Epoch: 52 	Training Cost: 9850.074328	 Valid Acc: 0.7152130962461191 	Best Valid Acc: 0.715213
Epoch: 53 	Training Cost: 9838.545175	 Valid Acc: 0.7149308495625176 	Best Valid Acc: 0.715213
Epoch: 54 	Training Cost: 9827.249757	 Valid Acc: 0.7152130962461191 	Best Valid Acc: 0.715213
Epoch: 55 	Training Cost: 9816.226653	 Valid Acc: 0.7156364662715213 	Best Valid Acc: 0.715636
Epoch: 56 	Training Cost: 9805.451410	 Valid Acc: 0.714225232853514 	Best Valid Acc: 0.715636
Epoch: 57 	Training Cost: 9794.940090	 Valid Acc: 0.7150719729043183 	Best Valid Acc: 0.715636
Epoch: 58 	Training Cost: 9784.744174	 Valid Acc: 0.7154953429297206 	Best Valid Acc: 0.715636
Epoch: 59 	Training Cost: 9774.869454	 Valid Acc: 0.7150719729043183 	Best Valid Acc: 0.715636
Epoch: 60 	Training Cost: 9765.321741	 Valid Acc: 0.7154953429297206 	Best Valid Acc: 0.715636
Epoch: 61 	Training Cost: 9756.046068	 Valid Acc: 0.714225232853514 	Best Valid Acc: 0.715636
Epoch: 62 	Training Cost: 9747.038943	 Valid Acc: 0.7147897262207169 	Best Valid Acc: 0.715636
Epoch: 63 	Training Cost: 9738.351799	 Valid Acc: 0.7146486028789162 	Best Valid Acc: 0.715636
Epoch: 64 	Training Cost: 9729.980869	 Valid Acc: 0.7146486028789162 	Best Valid Acc: 0.715636
Epoch: 65 	Training Cost: 9721.858531	 Valid Acc: 0.7146486028789162 	Best Valid Acc: 0.715636
Epoch: 66 	Training Cost: 9714.027596	 Valid Acc: 0.7145074795371155 	Best Valid Acc: 0.715636
Epoch: 67 	Training Cost: 9706.476655	 Valid Acc: 0.714225232853514 	Best Valid Acc: 0.715636
Epoch: 68 	Training Cost: 9699.160218	 Valid Acc: 0.7139429861699125 	Best Valid Acc: 0.715636
Epoch: 69 	Training Cost: 9692.072619	 Valid Acc: 0.713660739486311 	Best Valid Acc: 0.715636
Epoch: 70 	Training Cost: 9685.212422	 Valid Acc: 0.7140841095117132 	Best Valid Acc: 0.715636
Epoch: 71 	Training Cost: 9678.520962	 Valid Acc: 0.7145074795371155 	Best Valid Acc: 0.715636
Epoch: 72 	Training Cost: 9672.023497	 Valid Acc: 0.7146486028789162 	Best Valid Acc: 0.715636
Epoch: 73 	Training Cost: 9665.635755	 Valid Acc: 0.7146486028789162 	Best Valid Acc: 0.715636
Epoch: 74 	Training Cost: 9659.421459	 Valid Acc: 0.7140841095117132 	Best Valid Acc: 0.715636
Epoch: 75 	Training Cost: 9653.290959	 Valid Acc: 0.7133784928027096 	Best Valid Acc: 0.715636
Epoch: 76 	Training Cost: 9647.249231	 Valid Acc: 0.713660739486311 	Best Valid Acc: 0.715636
Epoch: 77 	Training Cost: 9641.259408	 Valid Acc: 0.713660739486311 	Best Valid Acc: 0.715636
Epoch: 78 	Training Cost: 9635.279829	 Valid Acc: 0.713660739486311 	Best Valid Acc: 0.715636
Epoch: 79 	Training Cost: 9629.221874	 Valid Acc: 0.7143663561953147 	Best Valid Acc: 0.715636
Epoch: 80 	Training Cost: 9623.088357	 Valid Acc: 0.714225232853514 	Best Valid Acc: 0.715636
Epoch: 81 	Training Cost: 9616.813986	 Valid Acc: 0.7133784928027096 	Best Valid Acc: 0.715636
Epoch: 82 	Training Cost: 9610.334762	 Valid Acc: 0.713660739486311 	Best Valid Acc: 0.715636
Epoch: 83 	Training Cost: 9603.514233	 Valid Acc: 0.7133784928027096 	Best Valid Acc: 0.715636
Epoch: 84 	Training Cost: 9596.345136	 Valid Acc: 0.7140841095117132 	Best Valid Acc: 0.715636
Epoch: 85 	Training Cost: 9588.561933	 Valid Acc: 0.7135196161445103 	Best Valid Acc: 0.715636
Epoch: 86 	Training Cost: 9580.168995	 Valid Acc: 0.7143663561953147 	Best Valid Acc: 0.715636
Epoch: 87 	Training Cost: 9571.013123	 Valid Acc: 0.7135196161445103 	Best Valid Acc: 0.715636
Epoch: 88 	Training Cost: 9560.871843	 Valid Acc: 0.7143663561953147 	Best Valid Acc: 0.715636
Epoch: 89 	Training Cost: 9549.931537	 Valid Acc: 0.7135196161445103 	Best Valid Acc: 0.715636
Epoch: 90 	Training Cost: 9538.382010	 Valid Acc: 0.7147897262207169 	Best Valid Acc: 0.715636
Epoch: 91 	Training Cost: 9526.399594	 Valid Acc: 0.7139429861699125 	Best Valid Acc: 0.715636
Epoch: 92 	Training Cost: 9514.262344	 Valid Acc: 0.7143663561953147 	Best Valid Acc: 0.715636
Epoch: 93 	Training Cost: 9502.925718	 Valid Acc: 0.7143663561953147 	Best Valid Acc: 0.715636
Epoch: 94 	Training Cost: 9491.783388	 Valid Acc: 0.713660739486311 	Best Valid Acc: 0.715636
Epoch: 95 	Training Cost: 9481.591844	 Valid Acc: 0.7135196161445103 	Best Valid Acc: 0.715636
Epoch: 96 	Training Cost: 9472.011335	 Valid Acc: 0.7145074795371155 	Best Valid Acc: 0.715636
Epoch: 97 	Training Cost: 9463.021711	 Valid Acc: 0.7138018628281118 	Best Valid Acc: 0.715636
Epoch: 98 	Training Cost: 9454.335720	 Valid Acc: 0.714225232853514 	Best Valid Acc: 0.715636
Epoch: 99 	Training Cost: 9446.325903	 Valid Acc: 0.7133784928027096 	Best Valid Acc: 0.715636
Epoch: 100 	Training Cost: 9438.238139	 Valid Acc: 0.7135196161445103 	Best Valid Acc: 0.715636
Epoch: 101 	Training Cost: 9430.663905	 Valid Acc: 0.713660739486311 	Best Valid Acc: 0.715636
Epoch: 102 	Training Cost: 9422.827149	 Valid Acc: 0.7138018628281118 	Best Valid Acc: 0.715636
Epoch: 103 	Training Cost: 9415.729354	 Valid Acc: 0.7132373694609089 	Best Valid Acc: 0.715636
Epoch: 104 	Training Cost: 9408.377930	 Valid Acc: 0.713660739486311 	Best Valid Acc: 0.715636
Epoch: 105 	Training Cost: 9401.398531	 Valid Acc: 0.7128139994355066 	Best Valid Acc: 0.715636
Epoch: 106 	Training Cost: 9394.204452	 Valid Acc: 0.7133784928027096 	Best Valid Acc: 0.715636
Epoch: 107 	Training Cost: 9386.959462	 Valid Acc: 0.7139429861699125 	Best Valid Acc: 0.715636
Epoch: 108 	Training Cost: 9379.599843	 Valid Acc: 0.7149308495625176 	Best Valid Acc: 0.715636
Epoch: 109 	Training Cost: 9372.345302	 Valid Acc: 0.7132373694609089 	Best Valid Acc: 0.715636
Epoch: 110 	Training Cost: 9365.069275	 Valid Acc: 0.713096246119108 	Best Valid Acc: 0.715636
Epoch: 111 	Training Cost: 9357.225478	 Valid Acc: 0.7128139994355066 	Best Valid Acc: 0.715636
Epoch: 112 	Training Cost: 9349.634897	 Valid Acc: 0.7135196161445103 	Best Valid Acc: 0.715636
Epoch: 113 	Training Cost: 9342.515791	 Valid Acc: 0.7129551227773073 	Best Valid Acc: 0.715636
Epoch: 114 	Training Cost: 9334.135342	 Valid Acc: 0.7116850127011007 	Best Valid Acc: 0.715636
Epoch: 115 	Training Cost: 9325.935775	 Valid Acc: 0.7122495060683037 	Best Valid Acc: 0.715636
Epoch: 116 	Training Cost: 9317.535769	 Valid Acc: 0.7111205193338979 	Best Valid Acc: 0.715636
Epoch: 117 	Training Cost: 9310.309906	 Valid Acc: 0.7111205193338979 	Best Valid Acc: 0.715636
Epoch: 118 	Training Cost: 9301.081395	 Valid Acc: 0.7106971493084956 	Best Valid Acc: 0.715636
Epoch: 119 	Training Cost: 9292.089327	 Valid Acc: 0.7104149026248942 	Best Valid Acc: 0.715636
Epoch: 120 	Training Cost: 9284.032741	 Valid Acc: 0.7104149026248942 	Best Valid Acc: 0.715636
Epoch: 121 	Training Cost: 9275.576106	 Valid Acc: 0.7106971493084956 	Best Valid Acc: 0.715636
Epoch: 122 	Training Cost: 9266.230570	 Valid Acc: 0.7119672593847022 	Best Valid Acc: 0.715636
Epoch: 123 	Training Cost: 9257.475909	 Valid Acc: 0.7102737792830934 	Best Valid Acc: 0.715636
Epoch: 124 	Training Cost: 9248.768587	 Valid Acc: 0.7106971493084956 	Best Valid Acc: 0.715636
Epoch: 125 	Training Cost: 9240.117377	 Valid Acc: 0.7090036692068868 	Best Valid Acc: 0.715636
Epoch: 126 	Training Cost: 9231.344131	 Valid Acc: 0.7105560259666949 	Best Valid Acc: 0.715636
Epoch: 127 	Training Cost: 9222.626081	 Valid Acc: 0.7102737792830934 	Best Valid Acc: 0.715636
Epoch: 128 	Training Cost: 9214.317257	 Valid Acc: 0.7097092859158904 	Best Valid Acc: 0.715636
Epoch: 129 	Training Cost: 9205.472912	 Valid Acc: 0.7111205193338979 	Best Valid Acc: 0.715636
Epoch: 130 	Training Cost: 9196.669576	 Valid Acc: 0.7087214225232854 	Best Valid Acc: 0.715636
Epoch: 131 	Training Cost: 9188.588090	 Valid Acc: 0.709991532599492 	Best Valid Acc: 0.715636
Epoch: 132 	Training Cost: 9180.684857	 Valid Acc: 0.7082980524978831 	Best Valid Acc: 0.715636
Epoch: 133 	Training Cost: 9172.483477	 Valid Acc: 0.709427039232289 	Best Valid Acc: 0.715636
Epoch: 134 	Training Cost: 9164.530096	 Valid Acc: 0.7091447925486876 	Best Valid Acc: 0.715636
Epoch: 135 	Training Cost: 9157.041536	 Valid Acc: 0.7085802991814846 	Best Valid Acc: 0.715636
Epoch: 136 	Training Cost: 9148.738413	 Valid Acc: 0.7085802991814846 	Best Valid Acc: 0.715636
Epoch: 137 	Training Cost: 9141.063847	 Valid Acc: 0.7080158058142817 	Best Valid Acc: 0.715636
Epoch: 138 	Training Cost: 9133.734101	 Valid Acc: 0.7075924357888794 	Best Valid Acc: 0.715636
Epoch: 139 	Training Cost: 9126.594208	 Valid Acc: 0.7058989556872707 	Best Valid Acc: 0.715636
Epoch: 140 	Training Cost: 9119.578699	 Valid Acc: 0.7084391758396839 	Best Valid Acc: 0.715636
Epoch: 141 	Training Cost: 9112.301495	 Valid Acc: 0.70575783234547 	Best Valid Acc: 0.715636
Epoch: 142 	Training Cost: 9105.807104	 Valid Acc: 0.7056167090036692 	Best Valid Acc: 0.715636
Epoch: 143 	Training Cost: 9098.403773	 Valid Acc: 0.7064634490544736 	Best Valid Acc: 0.715636
Epoch: 144 	Training Cost: 9091.932318	 Valid Acc: 0.7056167090036692 	Best Valid Acc: 0.715636
Epoch: 145 	Training Cost: 9085.739757	 Valid Acc: 0.7056167090036692 	Best Valid Acc: 0.715636
Epoch: 146 	Training Cost: 9079.010772	 Valid Acc: 0.7068868190798758 	Best Valid Acc: 0.715636
Epoch: 147 	Training Cost: 9072.753249	 Valid Acc: 0.7070279424216765 	Best Valid Acc: 0.715636
Epoch: 148 	Training Cost: 9066.076101	 Valid Acc: 0.7068868190798758 	Best Valid Acc: 0.715636
Epoch: 149 	Training Cost: 9060.076356	 Valid Acc: 0.70575783234547 	Best Valid Acc: 0.715636
Epoch: 150 	Training Cost: 9054.150489	 Valid Acc: 0.7074513124470787 	Best Valid Acc: 0.715636
Epoch: 151 	Training Cost: 9048.669657	 Valid Acc: 0.7063223257126728 	Best Valid Acc: 0.715636
Epoch: 152 	Training Cost: 9042.253862	 Valid Acc: 0.7077335591306803 	Best Valid Acc: 0.715636
Epoch: 153 	Training Cost: 9035.806282	 Valid Acc: 0.7066045723962744 	Best Valid Acc: 0.715636
Epoch: 154 	Training Cost: 9029.885575	 Valid Acc: 0.7071690657634773 	Best Valid Acc: 0.715636
Epoch: 155 	Training Cost: 9024.680918	 Valid Acc: 0.7056167090036692 	Best Valid Acc: 0.715636
Epoch: 156 	Training Cost: 9018.958058	 Valid Acc: 0.7063223257126728 	Best Valid Acc: 0.715636
Epoch: 157 	Training Cost: 9013.008610	 Valid Acc: 0.7054755856618685 	Best Valid Acc: 0.715636
Epoch: 158 	Training Cost: 9008.115857	 Valid Acc: 0.7053344623200677 	Best Valid Acc: 0.715636
Epoch: 159 	Training Cost: 9002.016463	 Valid Acc: 0.70575783234547 	Best Valid Acc: 0.715636
Epoch: 160 	Training Cost: 8996.512056	 Valid Acc: 0.7066045723962744 	Best Valid Acc: 0.715636
Epoch: 161 	Training Cost: 8991.375629	 Valid Acc: 0.7047699689528648 	Best Valid Acc: 0.715636
Epoch: 162 	Training Cost: 8985.962899	 Valid Acc: 0.7049110922946655 	Best Valid Acc: 0.715636
Epoch: 163 	Training Cost: 8980.201331	 Valid Acc: 0.7046288456110641 	Best Valid Acc: 0.715636
Epoch: 164 	Training Cost: 8975.086948	 Valid Acc: 0.7047699689528648 	Best Valid Acc: 0.715636
Epoch: 165 	Training Cost: 8969.750833	 Valid Acc: 0.7034998588766582 	Best Valid Acc: 0.715636
Epoch: 166 	Training Cost: 8964.447124	 Valid Acc: 0.7047699689528648 	Best Valid Acc: 0.715636
Epoch: 167 	Training Cost: 8958.978511	 Valid Acc: 0.7033587355348575 	Best Valid Acc: 0.715636
Epoch: 168 	Training Cost: 8953.635309	 Valid Acc: 0.7044877222692634 	Best Valid Acc: 0.715636
Epoch: 169 	Training Cost: 8948.747397	 Valid Acc: 0.7033587355348575 	Best Valid Acc: 0.715636
Epoch: 170 	Training Cost: 8943.699893	 Valid Acc: 0.7032176121930568 	Best Valid Acc: 0.715636
Epoch: 171 	Training Cost: 8938.151539	 Valid Acc: 0.703076488851256 	Best Valid Acc: 0.715636
Epoch: 172 	Training Cost: 8932.517184	 Valid Acc: 0.703076488851256 	Best Valid Acc: 0.715636
Epoch: 173 	Training Cost: 8927.413795	 Valid Acc: 0.7022297488004516 	Best Valid Acc: 0.715636
Epoch: 174 	Training Cost: 8922.831719	 Valid Acc: 0.7020886254586508 	Best Valid Acc: 0.715636
Epoch: 175 	Training Cost: 8917.228924	 Valid Acc: 0.7034998588766582 	Best Valid Acc: 0.715636
Epoch: 176 	Training Cost: 8912.253130	 Valid Acc: 0.7020886254586508 	Best Valid Acc: 0.715636
Epoch: 177 	Training Cost: 8906.751552	 Valid Acc: 0.7042054755856618 	Best Valid Acc: 0.715636
Epoch: 178 	Training Cost: 8901.749519	 Valid Acc: 0.703076488851256 	Best Valid Acc: 0.715636
Epoch: 179 	Training Cost: 8897.216981	 Valid Acc: 0.7018063787750494 	Best Valid Acc: 0.715636
Epoch: 180 	Training Cost: 8891.198663	 Valid Acc: 0.7009596387242449 	Best Valid Acc: 0.715636
Epoch: 181 	Training Cost: 8886.322577	 Valid Acc: 0.7022297488004516 	Best Valid Acc: 0.715636
Epoch: 182 	Training Cost: 8880.591927	 Valid Acc: 0.7002540220152413 	Best Valid Acc: 0.715636
Epoch: 183 	Training Cost: 8875.057771	 Valid Acc: 0.6992661586226362 	Best Valid Acc: 0.715636
Epoch: 184 	Training Cost: 8871.687996	 Valid Acc: 0.7018063787750494 	Best Valid Acc: 0.715636
Epoch: 185 	Training Cost: 8865.873530	 Valid Acc: 0.6989839119390348 	Best Valid Acc: 0.715636
Epoch: 186 	Training Cost: 8859.620478	 Valid Acc: 0.7009596387242449 	Best Valid Acc: 0.715636
Epoch: 187 	Training Cost: 8856.104833	 Valid Acc: 0.7018063787750494 	Best Valid Acc: 0.715636
Epoch: 188 	Training Cost: 8850.257447	 Valid Acc: 0.7002540220152413 	Best Valid Acc: 0.715636
Epoch: 189 	Training Cost: 8843.683785	 Valid Acc: 0.7006773920406435 	Best Valid Acc: 0.715636
Epoch: 190 	Training Cost: 8839.235988	 Valid Acc: 0.6999717753316399 	Best Valid Acc: 0.715636
Epoch: 191 	Training Cost: 8835.320097	 Valid Acc: 0.6989839119390348 	Best Valid Acc: 0.715636
Epoch: 192 	Training Cost: 8828.297418	 Valid Acc: 0.7008185153824442 	Best Valid Acc: 0.715636
Epoch: 193 	Training Cost: 8824.031496	 Valid Acc: 0.6991250352808355 	Best Valid Acc: 0.715636
Epoch: 194 	Training Cost: 8819.234955	 Valid Acc: 0.698842788597234 	Best Valid Acc: 0.715636
Epoch: 195 	Training Cost: 8813.184289	 Valid Acc: 0.6998306519898391 	Best Valid Acc: 0.715636
Epoch: 196 	Training Cost: 8809.834352	 Valid Acc: 0.6991250352808355 	Best Valid Acc: 0.715636
Epoch: 197 	Training Cost: 8804.156451	 Valid Acc: 0.6985605419136325 	Best Valid Acc: 0.715636
Epoch: 198 	Training Cost: 8799.404874	 Valid Acc: 0.6987016652554332 	Best Valid Acc: 0.715636
Epoch: 199 	Training Cost: 8794.667629	 Valid Acc: 0.6981371718882303 	Best Valid Acc: 0.715636
Epoch: 200 	Training Cost: 8789.414406	 Valid Acc: 0.6978549252046289 	Best Valid Acc: 0.715636
lr=1e-05, lamb=0.0001, num_epoch=200, test_acc=0.6929156082416031
----------------------------------------------------------
----------------------------------------------------------
lr=1e-05, lamb=0.001, num_epoch=200
Epoch: 1 	Training Cost: 14318.141945	 Valid Acc: 0.6247530341518487 	Best Valid Acc: 0.624753
Epoch: 2 	Training Cost: 13259.331267	 Valid Acc: 0.6669489133502682 	Best Valid Acc: 0.666949
Epoch: 3 	Training Cost: 12207.346231	 Valid Acc: 0.678662150719729 	Best Valid Acc: 0.678662
Epoch: 4 	Training Cost: 11881.467418	 Valid Acc: 0.6795088907705334 	Best Valid Acc: 0.679509
Epoch: 5 	Training Cost: 11746.381162	 Valid Acc: 0.6816257408975445 	Best Valid Acc: 0.681626
Epoch: 6 	Training Cost: 11668.900850	 Valid Acc: 0.6824724809483489 	Best Valid Acc: 0.682472
Epoch: 7 	Training Cost: 11618.231664	 Valid Acc: 0.6831780976573525 	Best Valid Acc: 0.683178
Epoch: 8 	Training Cost: 11583.087943	 Valid Acc: 0.6831780976573525 	Best Valid Acc: 0.683178
Epoch: 9 	Training Cost: 11557.199625	 Valid Acc: 0.6826136042901496 	Best Valid Acc: 0.683178
Epoch: 10 	Training Cost: 11536.743375	 Valid Acc: 0.6830369743155518 	Best Valid Acc: 0.683178
Epoch: 11 	Training Cost: 11519.098781	 Valid Acc: 0.6824724809483489 	Best Valid Acc: 0.683178
Epoch: 12 	Training Cost: 11502.667510	 Valid Acc: 0.6817668642393452 	Best Valid Acc: 0.683178
Epoch: 13 	Training Cost: 11486.471087	 Valid Acc: 0.6820491109229466 	Best Valid Acc: 0.683178
Epoch: 14 	Training Cost: 11469.875803	 Valid Acc: 0.6812023708721423 	Best Valid Acc: 0.683178
Epoch: 15 	Training Cost: 11452.144255	 Valid Acc: 0.681343494213943 	Best Valid Acc: 0.683178
Epoch: 16 	Training Cost: 11432.872733	 Valid Acc: 0.6816257408975445 	Best Valid Acc: 0.683178
Epoch: 17 	Training Cost: 11411.340418	 Valid Acc: 0.6806378775049393 	Best Valid Acc: 0.683178
Epoch: 18 	Training Cost: 11386.870881	 Valid Acc: 0.6803556308213379 	Best Valid Acc: 0.683178
Epoch: 19 	Training Cost: 11358.739942	 Valid Acc: 0.6803556308213379 	Best Valid Acc: 0.683178
Epoch: 20 	Training Cost: 11326.054693	 Valid Acc: 0.68077900084674 	Best Valid Acc: 0.683178
Epoch: 21 	Training Cost: 11288.424693	 Valid Acc: 0.6810612475303415 	Best Valid Acc: 0.683178
Epoch: 22 	Training Cost: 11246.384456	 Valid Acc: 0.6820491109229466 	Best Valid Acc: 0.683178
Epoch: 23 	Training Cost: 11201.549863	 Valid Acc: 0.6833192209991532 	Best Valid Acc: 0.683319
Epoch: 24 	Training Cost: 11155.364385	 Valid Acc: 0.6850127011007621 	Best Valid Acc: 0.685013
Epoch: 25 	Training Cost: 11107.195368	 Valid Acc: 0.6874117979113745 	Best Valid Acc: 0.687412
Epoch: 26 	Training Cost: 11054.877567	 Valid Acc: 0.6917866215071973 	Best Valid Acc: 0.691787
Epoch: 27 	Training Cost: 10995.834840	 Valid Acc: 0.6933389782670054 	Best Valid Acc: 0.693339
Epoch: 28 	Training Cost: 10928.224954	 Valid Acc: 0.6971493084956252 	Best Valid Acc: 0.697149
Epoch: 29 	Training Cost: 10852.272099	 Valid Acc: 0.6995484053062376 	Best Valid Acc: 0.699548
Epoch: 30 	Training Cost: 10770.981350	 Valid Acc: 0.7016652554332486 	Best Valid Acc: 0.701665
Epoch: 31 	Training Cost: 10689.608973	 Valid Acc: 0.7032176121930568 	Best Valid Acc: 0.703218
Epoch: 32 	Training Cost: 10613.564471	 Valid Acc: 0.7042054755856618 	Best Valid Acc: 0.704205
Epoch: 33 	Training Cost: 10546.231521	 Valid Acc: 0.7060400790290714 	Best Valid Acc: 0.706040
Epoch: 34 	Training Cost: 10488.275059	 Valid Acc: 0.7066045723962744 	Best Valid Acc: 0.706605
Epoch: 35 	Training Cost: 10438.774380	 Valid Acc: 0.7064634490544736 	Best Valid Acc: 0.706605
Epoch: 36 	Training Cost: 10396.041726	 Valid Acc: 0.7067456957380751 	Best Valid Acc: 0.706746
Epoch: 37 	Training Cost: 10358.792912	 Valid Acc: 0.7070279424216765 	Best Valid Acc: 0.707028
Epoch: 38 	Training Cost: 10326.024057	 Valid Acc: 0.707310189105278 	Best Valid Acc: 0.707310
Epoch: 39 	Training Cost: 10296.947590	 Valid Acc: 0.7075924357888794 	Best Valid Acc: 0.707592
Epoch: 40 	Training Cost: 10270.922912	 Valid Acc: 0.7074513124470787 	Best Valid Acc: 0.707592
Epoch: 41 	Training Cost: 10247.574238	 Valid Acc: 0.7081569291560824 	Best Valid Acc: 0.708157
Epoch: 42 	Training Cost: 10226.432601	 Valid Acc: 0.7080158058142817 	Best Valid Acc: 0.708157
Epoch: 43 	Training Cost: 10207.212691	 Valid Acc: 0.7087214225232854 	Best Valid Acc: 0.708721
Epoch: 44 	Training Cost: 10189.587422	 Valid Acc: 0.709991532599492 	Best Valid Acc: 0.709992
Epoch: 45 	Training Cost: 10173.411290	 Valid Acc: 0.7111205193338979 	Best Valid Acc: 0.711121
Epoch: 46 	Training Cost: 10158.442031	 Valid Acc: 0.7119672593847022 	Best Valid Acc: 0.711967
Epoch: 47 	Training Cost: 10144.498881	 Valid Acc: 0.7119672593847022 	Best Valid Acc: 0.711967
Epoch: 48 	Training Cost: 10131.479614	 Valid Acc: 0.7132373694609089 	Best Valid Acc: 0.713237
Epoch: 49 	Training Cost: 10119.176795	 Valid Acc: 0.7135196161445103 	Best Valid Acc: 0.713520
Epoch: 50 	Training Cost: 10107.515931	 Valid Acc: 0.7145074795371155 	Best Valid Acc: 0.714507
Epoch: 51 	Training Cost: 10096.421283	 Valid Acc: 0.7152130962461191 	Best Valid Acc: 0.715213
Epoch: 52 	Training Cost: 10085.829561	 Valid Acc: 0.715777589613322 	Best Valid Acc: 0.715778
Epoch: 53 	Training Cost: 10075.679155	 Valid Acc: 0.715777589613322 	Best Valid Acc: 0.715778
Epoch: 54 	Training Cost: 10065.865157	 Valid Acc: 0.7169065763477279 	Best Valid Acc: 0.716907
Epoch: 55 	Training Cost: 10056.392583	 Valid Acc: 0.715777589613322 	Best Valid Acc: 0.716907
Epoch: 56 	Training Cost: 10047.219903	 Valid Acc: 0.7154953429297206 	Best Valid Acc: 0.716907
Epoch: 57 	Training Cost: 10038.322582	 Valid Acc: 0.7150719729043183 	Best Valid Acc: 0.716907
Epoch: 58 	Training Cost: 10029.709159	 Valid Acc: 0.7147897262207169 	Best Valid Acc: 0.716907
Epoch: 59 	Training Cost: 10021.308041	 Valid Acc: 0.7154953429297206 	Best Valid Acc: 0.716907
Epoch: 60 	Training Cost: 10013.149477	 Valid Acc: 0.7153542195879199 	Best Valid Acc: 0.716907
Epoch: 61 	Training Cost: 10005.210755	 Valid Acc: 0.7156364662715213 	Best Valid Acc: 0.716907
Epoch: 62 	Training Cost: 9997.474362	 Valid Acc: 0.7154953429297206 	Best Valid Acc: 0.716907
Epoch: 63 	Training Cost: 9989.910592	 Valid Acc: 0.7149308495625176 	Best Valid Acc: 0.716907
Epoch: 64 	Training Cost: 9982.528793	 Valid Acc: 0.714225232853514 	Best Valid Acc: 0.716907
Epoch: 65 	Training Cost: 9975.318499	 Valid Acc: 0.7143663561953147 	Best Valid Acc: 0.716907
Epoch: 66 	Training Cost: 9968.247124	 Valid Acc: 0.7152130962461191 	Best Valid Acc: 0.716907
Epoch: 67 	Training Cost: 9961.347305	 Valid Acc: 0.7143663561953147 	Best Valid Acc: 0.716907
Epoch: 68 	Training Cost: 9954.559288	 Valid Acc: 0.7140841095117132 	Best Valid Acc: 0.716907
Epoch: 69 	Training Cost: 9947.927248	 Valid Acc: 0.714225232853514 	Best Valid Acc: 0.716907
Epoch: 70 	Training Cost: 9941.431405	 Valid Acc: 0.7133784928027096 	Best Valid Acc: 0.716907
Epoch: 71 	Training Cost: 9935.047561	 Valid Acc: 0.7146486028789162 	Best Valid Acc: 0.716907
Epoch: 72 	Training Cost: 9928.825648	 Valid Acc: 0.7153542195879199 	Best Valid Acc: 0.716907
Epoch: 73 	Training Cost: 9922.744967	 Valid Acc: 0.7147897262207169 	Best Valid Acc: 0.716907
Epoch: 74 	Training Cost: 9916.787371	 Valid Acc: 0.7149308495625176 	Best Valid Acc: 0.716907
Epoch: 75 	Training Cost: 9910.997887	 Valid Acc: 0.7146486028789162 	Best Valid Acc: 0.716907
Epoch: 76 	Training Cost: 9905.325194	 Valid Acc: 0.7140841095117132 	Best Valid Acc: 0.716907
Epoch: 77 	Training Cost: 9899.814037	 Valid Acc: 0.7145074795371155 	Best Valid Acc: 0.716907
Epoch: 78 	Training Cost: 9894.427847	 Valid Acc: 0.7140841095117132 	Best Valid Acc: 0.716907
Epoch: 79 	Training Cost: 9889.186934	 Valid Acc: 0.7147897262207169 	Best Valid Acc: 0.716907
Epoch: 80 	Training Cost: 9884.132975	 Valid Acc: 0.7149308495625176 	Best Valid Acc: 0.716907
Epoch: 81 	Training Cost: 9879.181594	 Valid Acc: 0.7150719729043183 	Best Valid Acc: 0.716907
Epoch: 82 	Training Cost: 9874.391458	 Valid Acc: 0.7152130962461191 	Best Valid Acc: 0.716907
Epoch: 83 	Training Cost: 9869.754518	 Valid Acc: 0.7153542195879199 	Best Valid Acc: 0.716907
Epoch: 84 	Training Cost: 9865.230914	 Valid Acc: 0.7153542195879199 	Best Valid Acc: 0.716907
Epoch: 85 	Training Cost: 9860.886088	 Valid Acc: 0.7156364662715213 	Best Valid Acc: 0.716907
Epoch: 86 	Training Cost: 9856.620116	 Valid Acc: 0.7160598362969235 	Best Valid Acc: 0.716907
Epoch: 87 	Training Cost: 9852.521080	 Valid Acc: 0.7160598362969235 	Best Valid Acc: 0.716907
Epoch: 88 	Training Cost: 9848.538391	 Valid Acc: 0.7162009596387242 	Best Valid Acc: 0.716907
Epoch: 89 	Training Cost: 9844.701400	 Valid Acc: 0.7160598362969235 	Best Valid Acc: 0.716907
Epoch: 90 	Training Cost: 9840.943844	 Valid Acc: 0.7160598362969235 	Best Valid Acc: 0.716907
Epoch: 91 	Training Cost: 9837.345064	 Valid Acc: 0.7156364662715213 	Best Valid Acc: 0.716907
Epoch: 92 	Training Cost: 9833.838213	 Valid Acc: 0.7159187129551228 	Best Valid Acc: 0.716907
Epoch: 93 	Training Cost: 9830.420782	 Valid Acc: 0.715777589613322 	Best Valid Acc: 0.716907
Epoch: 94 	Training Cost: 9827.108518	 Valid Acc: 0.7156364662715213 	Best Valid Acc: 0.716907
Epoch: 95 	Training Cost: 9823.872177	 Valid Acc: 0.7156364662715213 	Best Valid Acc: 0.716907
Epoch: 96 	Training Cost: 9820.764414	 Valid Acc: 0.7152130962461191 	Best Valid Acc: 0.716907
Epoch: 97 	Training Cost: 9817.669020	 Valid Acc: 0.7154953429297206 	Best Valid Acc: 0.716907
Epoch: 98 	Training Cost: 9814.697191	 Valid Acc: 0.7153542195879199 	Best Valid Acc: 0.716907
Epoch: 99 	Training Cost: 9811.759683	 Valid Acc: 0.7147897262207169 	Best Valid Acc: 0.716907
Epoch: 100 	Training Cost: 9808.959071	 Valid Acc: 0.7150719729043183 	Best Valid Acc: 0.716907
Epoch: 101 	Training Cost: 9806.244459	 Valid Acc: 0.7150719729043183 	Best Valid Acc: 0.716907
Epoch: 102 	Training Cost: 9803.662571	 Valid Acc: 0.7149308495625176 	Best Valid Acc: 0.716907
Epoch: 103 	Training Cost: 9801.222485	 Valid Acc: 0.7162009596387242 	Best Valid Acc: 0.716907
Epoch: 104 	Training Cost: 9798.558933	 Valid Acc: 0.7146486028789162 	Best Valid Acc: 0.716907
Epoch: 105 	Training Cost: 9796.086182	 Valid Acc: 0.7150719729043183 	Best Valid Acc: 0.716907
Epoch: 106 	Training Cost: 9793.543313	 Valid Acc: 0.7150719729043183 	Best Valid Acc: 0.716907
Epoch: 107 	Training Cost: 9790.964555	 Valid Acc: 0.7150719729043183 	Best Valid Acc: 0.716907
Epoch: 108 	Training Cost: 9788.547295	 Valid Acc: 0.7147897262207169 	Best Valid Acc: 0.716907
Epoch: 109 	Training Cost: 9786.153730	 Valid Acc: 0.7152130962461191 	Best Valid Acc: 0.716907
Epoch: 110 	Training Cost: 9783.827385	 Valid Acc: 0.7147897262207169 	Best Valid Acc: 0.716907
Epoch: 111 	Training Cost: 9781.247347	 Valid Acc: 0.7147897262207169 	Best Valid Acc: 0.716907
Epoch: 112 	Training Cost: 9778.862742	 Valid Acc: 0.7150719729043183 	Best Valid Acc: 0.716907
Epoch: 113 	Training Cost: 9776.284825	 Valid Acc: 0.7145074795371155 	Best Valid Acc: 0.716907
Epoch: 114 	Training Cost: 9773.949406	 Valid Acc: 0.7143663561953147 	Best Valid Acc: 0.716907
Epoch: 115 	Training Cost: 9771.256527	 Valid Acc: 0.7149308495625176 	Best Valid Acc: 0.716907
Epoch: 116 	Training Cost: 9768.584039	 Valid Acc: 0.7152130962461191 	Best Valid Acc: 0.716907
Epoch: 117 	Training Cost: 9766.121606	 Valid Acc: 0.7145074795371155 	Best Valid Acc: 0.716907
Epoch: 118 	Training Cost: 9763.461876	 Valid Acc: 0.7159187129551228 	Best Valid Acc: 0.716907
Epoch: 119 	Training Cost: 9760.462025	 Valid Acc: 0.7146486028789162 	Best Valid Acc: 0.716907
Epoch: 120 	Training Cost: 9757.517895	 Valid Acc: 0.7146486028789162 	Best Valid Acc: 0.716907
Epoch: 121 	Training Cost: 9754.581013	 Valid Acc: 0.7153542195879199 	Best Valid Acc: 0.716907
Epoch: 122 	Training Cost: 9751.588800	 Valid Acc: 0.714225232853514 	Best Valid Acc: 0.716907
Epoch: 123 	Training Cost: 9748.288801	 Valid Acc: 0.7147897262207169 	Best Valid Acc: 0.716907
Epoch: 124 	Training Cost: 9745.095792	 Valid Acc: 0.7140841095117132 	Best Valid Acc: 0.716907
Epoch: 125 	Training Cost: 9741.474700	 Valid Acc: 0.7139429861699125 	Best Valid Acc: 0.716907
Epoch: 126 	Training Cost: 9737.472863	 Valid Acc: 0.7153542195879199 	Best Valid Acc: 0.716907
Epoch: 127 	Training Cost: 9733.493892	 Valid Acc: 0.7138018628281118 	Best Valid Acc: 0.716907
Epoch: 128 	Training Cost: 9728.933551	 Valid Acc: 0.7138018628281118 	Best Valid Acc: 0.716907
Epoch: 129 	Training Cost: 9724.075131	 Valid Acc: 0.7138018628281118 	Best Valid Acc: 0.716907
Epoch: 130 	Training Cost: 9718.753610	 Valid Acc: 0.714225232853514 	Best Valid Acc: 0.716907
Epoch: 131 	Training Cost: 9713.009195	 Valid Acc: 0.7145074795371155 	Best Valid Acc: 0.716907
Epoch: 132 	Training Cost: 9706.676631	 Valid Acc: 0.7147897262207169 	Best Valid Acc: 0.716907
Epoch: 133 	Training Cost: 9699.755805	 Valid Acc: 0.7143663561953147 	Best Valid Acc: 0.716907
Epoch: 134 	Training Cost: 9692.086561	 Valid Acc: 0.7152130962461191 	Best Valid Acc: 0.716907
Epoch: 135 	Training Cost: 9684.412279	 Valid Acc: 0.7150719729043183 	Best Valid Acc: 0.716907
Epoch: 136 	Training Cost: 9675.669010	 Valid Acc: 0.715777589613322 	Best Valid Acc: 0.716907
Epoch: 137 	Training Cost: 9666.879615	 Valid Acc: 0.7166243296641265 	Best Valid Acc: 0.716907
Epoch: 138 	Training Cost: 9657.688422	 Valid Acc: 0.7152130962461191 	Best Valid Acc: 0.716907
Epoch: 139 	Training Cost: 9648.902381	 Valid Acc: 0.715777589613322 	Best Valid Acc: 0.716907
Epoch: 140 	Training Cost: 9640.027968	 Valid Acc: 0.7154953429297206 	Best Valid Acc: 0.716907
Epoch: 141 	Training Cost: 9631.601276	 Valid Acc: 0.7149308495625176 	Best Valid Acc: 0.716907
Epoch: 142 	Training Cost: 9623.379293	 Valid Acc: 0.7147897262207169 	Best Valid Acc: 0.716907
Epoch: 143 	Training Cost: 9615.618448	 Valid Acc: 0.7160598362969235 	Best Valid Acc: 0.716907
Epoch: 144 	Training Cost: 9608.111910	 Valid Acc: 0.7150719729043183 	Best Valid Acc: 0.716907
Epoch: 145 	Training Cost: 9600.997662	 Valid Acc: 0.715777589613322 	Best Valid Acc: 0.716907
Epoch: 146 	Training Cost: 9593.992145	 Valid Acc: 0.7145074795371155 	Best Valid Acc: 0.716907
Epoch: 147 	Training Cost: 9587.278181	 Valid Acc: 0.7149308495625176 	Best Valid Acc: 0.716907
Epoch: 148 	Training Cost: 9580.577153	 Valid Acc: 0.7145074795371155 	Best Valid Acc: 0.716907
Epoch: 149 	Training Cost: 9574.259853	 Valid Acc: 0.7147897262207169 	Best Valid Acc: 0.716907
Epoch: 150 	Training Cost: 9567.841704	 Valid Acc: 0.7152130962461191 	Best Valid Acc: 0.716907
Epoch: 151 	Training Cost: 9561.756068	 Valid Acc: 0.7164832063223258 	Best Valid Acc: 0.716907
Epoch: 152 	Training Cost: 9555.424093	 Valid Acc: 0.715777589613322 	Best Valid Acc: 0.716907
Epoch: 153 	Training Cost: 9549.542272	 Valid Acc: 0.7152130962461191 	Best Valid Acc: 0.716907
Epoch: 154 	Training Cost: 9543.150372	 Valid Acc: 0.7167654530059272 	Best Valid Acc: 0.716907
Epoch: 155 	Training Cost: 9537.320660	 Valid Acc: 0.7147897262207169 	Best Valid Acc: 0.716907
Epoch: 156 	Training Cost: 9531.024643	 Valid Acc: 0.7154953429297206 	Best Valid Acc: 0.716907
Epoch: 157 	Training Cost: 9525.159949	 Valid Acc: 0.7145074795371155 	Best Valid Acc: 0.716907
Epoch: 158 	Training Cost: 9518.579495	 Valid Acc: 0.7147897262207169 	Best Valid Acc: 0.716907
Epoch: 159 	Training Cost: 9512.815817	 Valid Acc: 0.7139429861699125 	Best Valid Acc: 0.716907
Epoch: 160 	Training Cost: 9506.253273	 Valid Acc: 0.7140841095117132 	Best Valid Acc: 0.716907
Epoch: 161 	Training Cost: 9500.418009	 Valid Acc: 0.714225232853514 	Best Valid Acc: 0.716907
Epoch: 162 	Training Cost: 9493.633449	 Valid Acc: 0.7138018628281118 	Best Valid Acc: 0.716907
Epoch: 163 	Training Cost: 9487.714109	 Valid Acc: 0.713660739486311 	Best Valid Acc: 0.716907
Epoch: 164 	Training Cost: 9480.975842	 Valid Acc: 0.7133784928027096 	Best Valid Acc: 0.716907
Epoch: 165 	Training Cost: 9474.475369	 Valid Acc: 0.7135196161445103 	Best Valid Acc: 0.716907
Epoch: 166 	Training Cost: 9467.824778	 Valid Acc: 0.7138018628281118 	Best Valid Acc: 0.716907
Epoch: 167 	Training Cost: 9460.840525	 Valid Acc: 0.7135196161445103 	Best Valid Acc: 0.716907
Epoch: 168 	Training Cost: 9454.497421	 Valid Acc: 0.713096246119108 	Best Valid Acc: 0.716907
Epoch: 169 	Training Cost: 9447.256202	 Valid Acc: 0.7128139994355066 	Best Valid Acc: 0.716907
Epoch: 170 	Training Cost: 9440.579425	 Valid Acc: 0.7132373694609089 	Best Valid Acc: 0.716907
Epoch: 171 	Training Cost: 9433.477281	 Valid Acc: 0.7135196161445103 	Best Valid Acc: 0.716907
Epoch: 172 	Training Cost: 9426.538687	 Valid Acc: 0.7133784928027096 	Best Valid Acc: 0.716907
Epoch: 173 	Training Cost: 9419.768085	 Valid Acc: 0.713096246119108 	Best Valid Acc: 0.716907
Epoch: 174 	Training Cost: 9412.208013	 Valid Acc: 0.7128139994355066 	Best Valid Acc: 0.716907
Epoch: 175 	Training Cost: 9405.516062	 Valid Acc: 0.7123906294101044 	Best Valid Acc: 0.716907
Epoch: 176 	Training Cost: 9398.096615	 Valid Acc: 0.7128139994355066 	Best Valid Acc: 0.716907
Epoch: 177 	Training Cost: 9391.097523	 Valid Acc: 0.7118261360429015 	Best Valid Acc: 0.716907
Epoch: 178 	Training Cost: 9383.931834	 Valid Acc: 0.7122495060683037 	Best Valid Acc: 0.716907
Epoch: 179 	Training Cost: 9376.948333	 Valid Acc: 0.7116850127011007 	Best Valid Acc: 0.716907
Epoch: 180 	Training Cost: 9369.790447	 Valid Acc: 0.7111205193338979 	Best Valid Acc: 0.716907
Epoch: 181 	Training Cost: 9362.811275	 Valid Acc: 0.712108382726503 	Best Valid Acc: 0.716907
Epoch: 182 	Training Cost: 9355.977325	 Valid Acc: 0.7104149026248942 	Best Valid Acc: 0.716907
Epoch: 183 	Training Cost: 9349.095960	 Valid Acc: 0.7109793959920971 	Best Valid Acc: 0.716907
Epoch: 184 	Training Cost: 9342.163122	 Valid Acc: 0.7098504092576913 	Best Valid Acc: 0.716907
Epoch: 185 	Training Cost: 9335.356237	 Valid Acc: 0.7108382726502963 	Best Valid Acc: 0.716907
Epoch: 186 	Training Cost: 9328.882712	 Valid Acc: 0.7095681625740897 	Best Valid Acc: 0.716907
Epoch: 187 	Training Cost: 9322.258517	 Valid Acc: 0.7102737792830934 	Best Valid Acc: 0.716907
Epoch: 188 	Training Cost: 9315.610721	 Valid Acc: 0.7080158058142817 	Best Valid Acc: 0.716907
Epoch: 189 	Training Cost: 9309.373022	 Valid Acc: 0.7091447925486876 	Best Valid Acc: 0.716907
Epoch: 190 	Training Cost: 9303.036499	 Valid Acc: 0.7070279424216765 	Best Valid Acc: 0.716907
Epoch: 191 	Training Cost: 9296.561703	 Valid Acc: 0.7075924357888794 	Best Valid Acc: 0.716907
Epoch: 192 	Training Cost: 9290.680594	 Valid Acc: 0.7071690657634773 	Best Valid Acc: 0.716907
Epoch: 193 	Training Cost: 9284.209530	 Valid Acc: 0.7054755856618685 	Best Valid Acc: 0.716907
Epoch: 194 	Training Cost: 9278.311197	 Valid Acc: 0.7066045723962744 	Best Valid Acc: 0.716907
Epoch: 195 	Training Cost: 9271.812755	 Valid Acc: 0.7063223257126728 	Best Valid Acc: 0.716907
Epoch: 196 	Training Cost: 9266.473548	 Valid Acc: 0.7067456957380751 	Best Valid Acc: 0.716907
Epoch: 197 	Training Cost: 9260.263818	 Valid Acc: 0.7053344623200677 	Best Valid Acc: 0.716907
Epoch: 198 	Training Cost: 9254.504783	 Valid Acc: 0.7056167090036692 	Best Valid Acc: 0.716907
Epoch: 199 	Training Cost: 9248.224065	 Valid Acc: 0.705193338978267 	Best Valid Acc: 0.716907
Epoch: 200 	Training Cost: 9242.929428	 Valid Acc: 0.7058989556872707 	Best Valid Acc: 0.716907
lr=1e-05, lamb=0.001, num_epoch=200, test_acc=0.7033587355348575
----------------------------------------------------------
lr=1e-05, lamb=0, best_valid_acc=([13921.871022343636, 12897.722492575645, 11948.838755011559, 11659.286709070206, 11535.772665858269, 11464.695254445076, 11418.596145749092, 11386.286767721176, 11362.018025636673, 11342.331572651863, 11324.947816550732, 11308.357605457306, 11291.199188828468, 11272.339702665806, 11250.74750328064, 11224.880715966225, 11192.859764873981, 11153.761253595352, 11108.178699433804, 11059.448199808598, 11010.705299913883, 10964.284888982773, 10919.345129668713, 10873.372574925423, 10825.6867223382, 10774.879440307617, 10718.767137944698, 10656.68753427267, 10589.67944252491, 10520.1128885746, 10451.594100773335, 10387.755520880222, 10329.44047176838, 10276.894104480743, 10230.086576282978, 10188.340164601803, 10150.851795077324, 10117.132163524628, 10086.567665666342, 10058.757770895958, 10033.122271746397, 10009.201711118221, 9986.829548239708, 9965.842289060354, 9946.108283340931, 9927.408256411552, 9909.51634812355, 9892.426903262734, 9876.042605251074, 9860.247231721878, 9844.994972765446, 9830.273155272007, 9815.956576168537, 9801.99667187035, 9788.418274074793, 9775.18157659471, 9762.333594441414, 9749.838558778167, 9737.683700054884, 9725.94788275659, 9714.473381251097, 9703.375057965517, 9692.6235043481, 9682.180126003921, 9672.090088136494, 9662.300258047879, 9652.760048419237, 9643.425312332809, 9634.355638094246, 9625.557206854224, 9616.878535792232, 9608.519118823111, 9600.255014933646, 9592.2281267941, 9584.355655431747, 9576.579313725233, 9568.967169970274, 9561.353346981108, 9553.82087021321, 9546.292185217142, 9538.740552857518, 9531.185768261552, 9523.35832798481, 9515.525626786053, 9507.281331315637, 9498.73881240189, 9489.865017253906, 9480.510545350611, 9470.393727187067, 9459.634428180754, 9448.110412087291, 9435.901805877686, 9422.92617579177, 9409.759919516742, 9397.361916825175, 9383.921015329659, 9371.834228940308, 9360.20177089423, 9349.288142032921, 9338.453868087381, 9328.714639801532, 9319.022540450096, 9309.37608685717, 9299.739985860884, 9290.64211208187, 9281.562071511522, 9272.805394239724, 9264.029410209507, 9255.197884913534, 9246.135013073683, 9237.068832084537, 9228.507185213268, 9219.458055242896, 9210.191598307341, 9201.593260230497, 9191.813683234155, 9182.914018305019, 9174.097334137186, 9164.64936466515, 9154.910934820771, 9145.259330667555, 9136.443082397804, 9127.069157131016, 9117.225986361504, 9107.214009964839, 9098.319904152304, 9088.258642042056, 9078.773904152215, 9069.053442349657, 9059.37471765466, 9049.800046475604, 9039.849978480488, 9031.139565607533, 9021.316602323204, 9011.211714539677, 9001.619430784136, 8992.608270743862, 8982.629889134318, 8974.33385290578, 8965.15332678333, 8955.554289638996, 8946.566003309563, 8937.640491850674, 8927.806396629661, 8919.68427862227, 8910.767660789192, 8901.199300475419, 8893.185410810634, 8884.222473902628, 8875.837799852714, 8866.379947859794, 8858.634312920272, 8850.459152393043, 8842.060683105141, 8834.191726369783, 8825.244591008872, 8817.179274870083, 8809.366766251624, 8801.637350343168, 8792.8809360601, 8784.70676557161, 8777.723171520978, 8768.819727696478, 8761.589561508968, 8752.642776072025, 8745.305007115006, 8736.782872714102, 8728.8894164823, 8721.600195258856, 8713.079521698877, 8705.099647212774, 8697.174057280645, 8688.578722417355, 8682.469458360225, 8673.725006047636, 8665.250974904746, 8658.011655524373, 8649.39179720357, 8640.580816719681, 8632.527521390468, 8625.28484092094, 8616.532496418804, 8608.600204512477, 8600.723146729171, 8592.936903703958, 8584.969421010464, 8575.48184462823, 8567.459718095139, 8561.02927734144, 8552.357334885746, 8543.075019089505, 8535.045996279456, 8527.63770700153, 8519.103848792613, 8511.265508319251, 8502.667001739144, 8493.124421487562, 8486.798550980166, 8478.052433651872, 8468.818025904708], [0.6261642675698561, 0.6531188258537962, 0.672876093705899, 0.6751340671747107, 0.6754163138583121, 0.676545300592718, 0.6782387806943269, 0.6796500141123342, 0.6797911374541349, 0.6806378775049393, 0.6804967541631386, 0.6823313576065482, 0.6823313576065482, 0.6824724809483489, 0.681343494213943, 0.6814846175557437, 0.6821902342647473, 0.6827547276319503, 0.6833192209991532, 0.6857183178097658, 0.6864239345187694, 0.6871295512277731, 0.6875529212531752, 0.6902342647473892, 0.6915043748235958, 0.6954558283940163, 0.6955969517358171, 0.6968670618120237, 0.7008185153824442, 0.7033587355348575, 0.7018063787750494, 0.7046288456110641, 0.7060400790290714, 0.7050522156364663, 0.7054755856618685, 0.7066045723962744, 0.7050522156364663, 0.7058989556872707, 0.70575783234547, 0.7058989556872707, 0.7056167090036692, 0.7063223257126728, 0.7074513124470787, 0.7087214225232854, 0.7085802991814846, 0.7097092859158904, 0.7095681625740897, 0.7111205193338979, 0.7118261360429015, 0.712108382726503, 0.7126728760937059, 0.7128139994355066, 0.7139429861699125, 0.7143663561953147, 0.7146486028789162, 0.7146486028789162, 0.7150719729043183, 0.7159187129551228, 0.715777589613322, 0.7160598362969235, 0.7167654530059272, 0.7164832063223258, 0.7169065763477279, 0.7154953429297206, 0.7160598362969235, 0.7163420829805249, 0.7164832063223258, 0.7162009596387242, 0.7167654530059272, 0.7163420829805249, 0.7160598362969235, 0.7163420829805249, 0.7166243296641265, 0.7166243296641265, 0.7163420829805249, 0.7162009596387242, 0.7162009596387242, 0.715777589613322, 0.7156364662715213, 0.7163420829805249, 0.7159187129551228, 0.7154953429297206, 0.7149308495625176, 0.7149308495625176, 0.7140841095117132, 0.7135196161445103, 0.7149308495625176, 0.7145074795371155, 0.7139429861699125, 0.7149308495625176, 0.7153542195879199, 0.7140841095117132, 0.7147897262207169, 0.713660739486311, 0.7140841095117132, 0.714225232853514, 0.7135196161445103, 0.7132373694609089, 0.7139429861699125, 0.713096246119108, 0.7139429861699125, 0.7119672593847022, 0.7126728760937059, 0.713096246119108, 0.7128139994355066, 0.7126728760937059, 0.7112616426756986, 0.713660739486311, 0.7115438893593, 0.7125317527519052, 0.7114027660174993, 0.7116850127011007, 0.7118261360429015, 0.7111205193338979, 0.7122495060683037, 0.7109793959920971, 0.7119672593847022, 0.7098504092576913, 0.7115438893593, 0.7104149026248942, 0.7101326559412927, 0.7108382726502963, 0.7104149026248942, 0.7098504092576913, 0.7091447925486876, 0.7087214225232854, 0.7090036692068868, 0.7091447925486876, 0.7085802991814846, 0.7087214225232854, 0.7088625458650861, 0.7068868190798758, 0.7063223257126728, 0.7066045723962744, 0.7077335591306803, 0.7058989556872707, 0.705193338978267, 0.7077335591306803, 0.7071690657634773, 0.7068868190798758, 0.707310189105278, 0.7060400790290714, 0.7071690657634773, 0.70575783234547, 0.7071690657634773, 0.7075924357888794, 0.7056167090036692, 0.7067456957380751, 0.7060400790290714, 0.7043465989274627, 0.7056167090036692, 0.7033587355348575, 0.7056167090036692, 0.7049110922946655, 0.705193338978267, 0.7050522156364663, 0.7050522156364663, 0.70575783234547, 0.7032176121930568, 0.7047699689528648, 0.7043465989274627, 0.7034998588766582, 0.703076488851256, 0.7047699689528648, 0.7027942421676545, 0.7036409822184589, 0.7034998588766582, 0.7034998588766582, 0.7044877222692634, 0.7025119954840531, 0.7046288456110641, 0.7032176121930568, 0.7043465989274627, 0.7050522156364663, 0.7043465989274627, 0.703076488851256, 0.7018063787750494, 0.7042054755856618, 0.7015241320914479, 0.7016652554332486, 0.703076488851256, 0.7023708721422524, 0.7016652554332486, 0.7013830087496472, 0.7016652554332486, 0.7008185153824442, 0.7006773920406435, 0.7013830087496472, 0.6992661586226362, 0.7019475021168501, 0.7001128986734406, 0.7002540220152413, 0.6995484053062376, 0.6995484053062376, 0.7008185153824442, 0.6989839119390348, 0.6992661586226362, 0.698278295230031, 0.6989839119390348, 0.6991250352808355])
lr=1e-05, lamb=0.0001, best_valid_acc=([13970.557581305504, 12958.226665854454, 11962.955148220062, 11662.896332383156, 11546.792205750942, 11482.994817137718, 11441.915391027927, 11412.808925390244, 11390.639783084393, 11372.32840847969, 11356.060415506363, 11340.343272686005, 11324.068782031536, 11306.310329794884, 11285.965008378029, 11261.836740076542, 11232.757844150066, 11197.729750156403, 11156.784935891628, 11111.60258936882, 11064.219071567059, 11015.266189575195, 10963.065474569798, 10904.097909748554, 10835.006998121738, 10754.103866159916, 10663.992259323597, 10571.693115472794, 10485.263081729412, 10409.494064509869, 10345.110425770283, 10290.572101473808, 10243.481911629438, 10202.20225122571, 10165.58745598793, 10132.861000359058, 10103.413987666368, 10076.906606465578, 10052.815165430307, 10030.736949384212, 10010.394228607416, 9991.474404096603, 9973.80524763465, 9957.226576685905, 9941.626013830304, 9926.813933044672, 9912.723731577396, 9899.273388445377, 9886.38561296463, 9873.914362818003, 9861.828837424517, 9850.074328243732, 9838.545175373554, 9827.249757394195, 9816.22665296495, 9805.451409608126, 9794.940089851618, 9784.744174003601, 9774.869454011321, 9765.32174089551, 9756.046068370342, 9747.038943365216, 9738.351798921824, 9729.980869472027, 9721.858531028032, 9714.027595683932, 9706.47665451467, 9699.160218194127, 9692.072619140148, 9685.21242159605, 9678.520961761475, 9672.023497499526, 9665.635754875839, 9659.421458892524, 9653.290959097445, 9647.249231487513, 9641.259408220649, 9635.279829345644, 9629.221873790026, 9623.088357143104, 9616.813986457884, 9610.33476214856, 9603.514233112335, 9596.345135830343, 9588.561932846904, 9580.168994888663, 9571.013123266399, 9560.87184329331, 9549.931537136436, 9538.382010042667, 9526.399593695998, 9514.2623436898, 9502.925718478858, 9491.783388197422, 9481.591843530536, 9472.011335477233, 9463.021711438894, 9454.335719771683, 9446.325903050601, 9438.238139152527, 9430.66390518099, 9422.827148921788, 9415.729354441166, 9408.377930127084, 9401.398531094193, 9394.204451918602, 9386.959462173283, 9379.599842898548, 9372.345301777124, 9365.069274775684, 9357.225477516651, 9349.63489729166, 9342.515790693462, 9334.135341785848, 9325.935774981976, 9317.535769224167, 9310.309906221926, 9301.081394724548, 9292.089327193797, 9284.03274127096, 9275.576105579734, 9266.230570055544, 9257.475909285247, 9248.768586754799, 9240.117377400398, 9231.344130575657, 9222.626080878079, 9214.317257478833, 9205.472911521792, 9196.669576257467, 9188.588089860976, 9180.684857301414, 9172.483477085829, 9164.530096359551, 9157.041536271572, 9148.738413117826, 9141.063847064972, 9133.734101437032, 9126.594208329916, 9119.578699491918, 9112.301494985819, 9105.807104468346, 9098.403772644699, 9091.932318255305, 9085.739756897092, 9079.010771676898, 9072.753249190748, 9066.076101325452, 9060.076356321573, 9054.15048854053, 9048.66965700686, 9042.25386184454, 9035.806281872094, 9029.88557511568, 9024.680918186903, 9018.958058208227, 9013.008609719574, 9008.115857206285, 9002.016463458538, 8996.512056455016, 8991.375628985465, 8985.962898775935, 8980.201331190765, 8975.086948253214, 8969.750832617283, 8964.447124153376, 8958.978510834277, 8953.635308802128, 8948.747396841645, 8943.699892938137, 8938.151539087296, 8932.517184071243, 8927.413794919848, 8922.831718549132, 8917.22892420739, 8912.253129549325, 8906.751552313566, 8901.74951852858, 8897.216981008649, 8891.198662728071, 8886.322576962411, 8880.591926775873, 8875.057770624757, 8871.687995523214, 8865.87353029102, 8859.620478067547, 8856.10483314097, 8850.25744715333, 8843.683784931898, 8839.23598781228, 8835.320096850395, 8828.297417595983, 8824.031496472657, 8819.234954990447, 8813.184288695455, 8809.834351807833, 8804.156450752169, 8799.404874343425, 8794.667629353702, 8789.414406210184], [0.6065481230595541, 0.6648320632232572, 0.6720293536550945, 0.6752751905165114, 0.6785210273779283, 0.679226644086932, 0.678662150719729, 0.679226644086932, 0.6796500141123342, 0.68077900084674, 0.681343494213943, 0.6812023708721423, 0.6797911374541349, 0.6789443974033305, 0.6804967541631386, 0.6803556308213379, 0.6803556308213379, 0.6802145074795372, 0.6799322607959356, 0.6824724809483489, 0.6833192209991532, 0.6852949477843635, 0.6875529212531752, 0.6923511148744003, 0.6950324583686142, 0.6979960485464296, 0.6995484053062376, 0.7023708721422524, 0.7023708721422524, 0.7046288456110641, 0.7049110922946655, 0.7060400790290714, 0.7071690657634773, 0.7068868190798758, 0.7068868190798758, 0.7081569291560824, 0.7087214225232854, 0.7088625458650861, 0.7095681625740897, 0.7091447925486876, 0.7106971493084956, 0.7119672593847022, 0.7115438893593, 0.7119672593847022, 0.7123906294101044, 0.7128139994355066, 0.7128139994355066, 0.7123906294101044, 0.7138018628281118, 0.7149308495625176, 0.7150719729043183, 0.7152130962461191, 0.7149308495625176, 0.7152130962461191, 0.7156364662715213, 0.714225232853514, 0.7150719729043183, 0.7154953429297206, 0.7150719729043183, 0.7154953429297206, 0.714225232853514, 0.7147897262207169, 0.7146486028789162, 0.7146486028789162, 0.7146486028789162, 0.7145074795371155, 0.714225232853514, 0.7139429861699125, 0.713660739486311, 0.7140841095117132, 0.7145074795371155, 0.7146486028789162, 0.7146486028789162, 0.7140841095117132, 0.7133784928027096, 0.713660739486311, 0.713660739486311, 0.713660739486311, 0.7143663561953147, 0.714225232853514, 0.7133784928027096, 0.713660739486311, 0.7133784928027096, 0.7140841095117132, 0.7135196161445103, 0.7143663561953147, 0.7135196161445103, 0.7143663561953147, 0.7135196161445103, 0.7147897262207169, 0.7139429861699125, 0.7143663561953147, 0.7143663561953147, 0.713660739486311, 0.7135196161445103, 0.7145074795371155, 0.7138018628281118, 0.714225232853514, 0.7133784928027096, 0.7135196161445103, 0.713660739486311, 0.7138018628281118, 0.7132373694609089, 0.713660739486311, 0.7128139994355066, 0.7133784928027096, 0.7139429861699125, 0.7149308495625176, 0.7132373694609089, 0.713096246119108, 0.7128139994355066, 0.7135196161445103, 0.7129551227773073, 0.7116850127011007, 0.7122495060683037, 0.7111205193338979, 0.7111205193338979, 0.7106971493084956, 0.7104149026248942, 0.7104149026248942, 0.7106971493084956, 0.7119672593847022, 0.7102737792830934, 0.7106971493084956, 0.7090036692068868, 0.7105560259666949, 0.7102737792830934, 0.7097092859158904, 0.7111205193338979, 0.7087214225232854, 0.709991532599492, 0.7082980524978831, 0.709427039232289, 0.7091447925486876, 0.7085802991814846, 0.7085802991814846, 0.7080158058142817, 0.7075924357888794, 0.7058989556872707, 0.7084391758396839, 0.70575783234547, 0.7056167090036692, 0.7064634490544736, 0.7056167090036692, 0.7056167090036692, 0.7068868190798758, 0.7070279424216765, 0.7068868190798758, 0.70575783234547, 0.7074513124470787, 0.7063223257126728, 0.7077335591306803, 0.7066045723962744, 0.7071690657634773, 0.7056167090036692, 0.7063223257126728, 0.7054755856618685, 0.7053344623200677, 0.70575783234547, 0.7066045723962744, 0.7047699689528648, 0.7049110922946655, 0.7046288456110641, 0.7047699689528648, 0.7034998588766582, 0.7047699689528648, 0.7033587355348575, 0.7044877222692634, 0.7033587355348575, 0.7032176121930568, 0.703076488851256, 0.703076488851256, 0.7022297488004516, 0.7020886254586508, 0.7034998588766582, 0.7020886254586508, 0.7042054755856618, 0.703076488851256, 0.7018063787750494, 0.7009596387242449, 0.7022297488004516, 0.7002540220152413, 0.6992661586226362, 0.7018063787750494, 0.6989839119390348, 0.7009596387242449, 0.7018063787750494, 0.7002540220152413, 0.7006773920406435, 0.6999717753316399, 0.6989839119390348, 0.7008185153824442, 0.6991250352808355, 0.698842788597234, 0.6998306519898391, 0.6991250352808355, 0.6985605419136325, 0.6987016652554332, 0.6981371718882303, 0.6978549252046289])
lr=1e-05, lamb=0.001, best_valid_acc=([14318.141945123672, 13259.331267237663, 12207.346231460571, 11881.467418313026, 11746.381161689758, 11668.900850176811, 11618.231663942337, 11583.087943196297, 11557.199624657631, 11536.74337542057, 11519.09878128767, 11502.66750973463, 11486.471086621284, 11469.875803411007, 11452.144254744053, 11432.87273323536, 11411.340417981148, 11386.87088137865, 11358.739942073822, 11326.054692864418, 11288.424692749977, 11246.384456396103, 11201.549862623215, 11155.364384710789, 11107.195367634296, 11054.877566576004, 10995.834840357304, 10928.224954247475, 10852.272098958492, 10770.98135048151, 10689.608973145485, 10613.564470946789, 10546.231520950794, 10488.275059044361, 10438.774380385876, 10396.041725635529, 10358.79291242361, 10326.024057328701, 10296.947589576244, 10270.922911673784, 10247.574238359928, 10226.43260127306, 10207.212690919638, 10189.587422281504, 10173.411290228367, 10158.442031264305, 10144.498880922794, 10131.4796141088, 10119.176795244217, 10107.515931069851, 10096.421283215284, 10085.82956057787, 10075.67915481329, 10065.865157216787, 10056.39258286357, 10047.219902545214, 10038.322582244873, 10029.709158793092, 10021.30804130435, 10013.149476900697, 10005.210755318403, 9997.474361985922, 9989.910592198372, 9982.528792619705, 9975.318498805165, 9968.24712409079, 9961.3473046422, 9954.559288069606, 9947.92724826932, 9941.431405290961, 9935.047560617328, 9928.82564842701, 9922.74496731162, 9916.78737090528, 9910.997886687517, 9905.325194433331, 9899.814037412405, 9894.427847355604, 9889.186933785677, 9884.132974892855, 9879.181593686342, 9874.391458332539, 9869.75451797247, 9865.230914145708, 9860.886088430882, 9856.620115906, 9852.521079838276, 9848.53839123249, 9844.70140004158, 9840.943844035268, 9837.34506368637, 9833.838212549686, 9830.420782089233, 9827.108518242836, 9823.872177138925, 9820.764414012432, 9817.669020041823, 9814.697190567851, 9811.759682685137, 9808.95907074213, 9806.244458705187, 9803.662571236491, 9801.222484841943, 9798.558932512999, 9796.086182177067, 9793.543312773108, 9790.964554920793, 9788.547294855118, 9786.153729617596, 9783.827385216951, 9781.24734723568, 9778.862742438912, 9776.284824982285, 9773.949405878782, 9771.256526961923, 9768.584039002657, 9766.12160590291, 9763.46187621355, 9760.462025374174, 9757.517895460129, 9754.581013172865, 9751.588800400496, 9748.288801193237, 9745.095791876316, 9741.474699944258, 9737.472863286734, 9733.493891656399, 9728.93355076015, 9724.075131297112, 9718.7536098212, 9713.009194731712, 9706.67663103342, 9699.755805283785, 9692.086560934782, 9684.412278532982, 9675.669009640813, 9666.879614934325, 9657.688421666622, 9648.902380675077, 9640.027967870235, 9631.601276010275, 9623.379292845726, 9615.618447512388, 9608.111910283566, 9600.997662350535, 9593.99214540422, 9587.278180643916, 9580.577153295279, 9574.259853452444, 9567.841703802347, 9561.75606803596, 9555.424092590809, 9549.54227232933, 9543.150371745229, 9537.320659667253, 9531.024643138051, 9525.159949332476, 9518.579495102167, 9512.815816521645, 9506.253273203969, 9500.418008878827, 9493.633448958397, 9487.71410933137, 9480.975842297077, 9474.475368589163, 9467.824778467417, 9460.840524598956, 9454.497420549393, 9447.256202101707, 9440.579425096512, 9433.477280557156, 9426.538687035441, 9419.768084704876, 9412.208012849092, 9405.51606194675, 9398.09661501646, 9391.0975227952, 9383.931834340096, 9376.948332980275, 9369.790447443724, 9362.811274856329, 9355.977324694395, 9349.09596028924, 9342.163122326136, 9335.356237471104, 9328.882711797953, 9322.25851675868, 9315.610720977187, 9309.373022049665, 9303.036499395967, 9296.56170335412, 9290.680594176054, 9284.209529548883, 9278.311196804047, 9271.81275473535, 9266.473548188806, 9260.26381841302, 9254.50478297472, 9248.224065259099, 9242.929427877069], [0.6247530341518487, 0.6669489133502682, 0.678662150719729, 0.6795088907705334, 0.6816257408975445, 0.6824724809483489, 0.6831780976573525, 0.6831780976573525, 0.6826136042901496, 0.6830369743155518, 0.6824724809483489, 0.6817668642393452, 0.6820491109229466, 0.6812023708721423, 0.681343494213943, 0.6816257408975445, 0.6806378775049393, 0.6803556308213379, 0.6803556308213379, 0.68077900084674, 0.6810612475303415, 0.6820491109229466, 0.6833192209991532, 0.6850127011007621, 0.6874117979113745, 0.6917866215071973, 0.6933389782670054, 0.6971493084956252, 0.6995484053062376, 0.7016652554332486, 0.7032176121930568, 0.7042054755856618, 0.7060400790290714, 0.7066045723962744, 0.7064634490544736, 0.7067456957380751, 0.7070279424216765, 0.707310189105278, 0.7075924357888794, 0.7074513124470787, 0.7081569291560824, 0.7080158058142817, 0.7087214225232854, 0.709991532599492, 0.7111205193338979, 0.7119672593847022, 0.7119672593847022, 0.7132373694609089, 0.7135196161445103, 0.7145074795371155, 0.7152130962461191, 0.715777589613322, 0.715777589613322, 0.7169065763477279, 0.715777589613322, 0.7154953429297206, 0.7150719729043183, 0.7147897262207169, 0.7154953429297206, 0.7153542195879199, 0.7156364662715213, 0.7154953429297206, 0.7149308495625176, 0.714225232853514, 0.7143663561953147, 0.7152130962461191, 0.7143663561953147, 0.7140841095117132, 0.714225232853514, 0.7133784928027096, 0.7146486028789162, 0.7153542195879199, 0.7147897262207169, 0.7149308495625176, 0.7146486028789162, 0.7140841095117132, 0.7145074795371155, 0.7140841095117132, 0.7147897262207169, 0.7149308495625176, 0.7150719729043183, 0.7152130962461191, 0.7153542195879199, 0.7153542195879199, 0.7156364662715213, 0.7160598362969235, 0.7160598362969235, 0.7162009596387242, 0.7160598362969235, 0.7160598362969235, 0.7156364662715213, 0.7159187129551228, 0.715777589613322, 0.7156364662715213, 0.7156364662715213, 0.7152130962461191, 0.7154953429297206, 0.7153542195879199, 0.7147897262207169, 0.7150719729043183, 0.7150719729043183, 0.7149308495625176, 0.7162009596387242, 0.7146486028789162, 0.7150719729043183, 0.7150719729043183, 0.7150719729043183, 0.7147897262207169, 0.7152130962461191, 0.7147897262207169, 0.7147897262207169, 0.7150719729043183, 0.7145074795371155, 0.7143663561953147, 0.7149308495625176, 0.7152130962461191, 0.7145074795371155, 0.7159187129551228, 0.7146486028789162, 0.7146486028789162, 0.7153542195879199, 0.714225232853514, 0.7147897262207169, 0.7140841095117132, 0.7139429861699125, 0.7153542195879199, 0.7138018628281118, 0.7138018628281118, 0.7138018628281118, 0.714225232853514, 0.7145074795371155, 0.7147897262207169, 0.7143663561953147, 0.7152130962461191, 0.7150719729043183, 0.715777589613322, 0.7166243296641265, 0.7152130962461191, 0.715777589613322, 0.7154953429297206, 0.7149308495625176, 0.7147897262207169, 0.7160598362969235, 0.7150719729043183, 0.715777589613322, 0.7145074795371155, 0.7149308495625176, 0.7145074795371155, 0.7147897262207169, 0.7152130962461191, 0.7164832063223258, 0.715777589613322, 0.7152130962461191, 0.7167654530059272, 0.7147897262207169, 0.7154953429297206, 0.7145074795371155, 0.7147897262207169, 0.7139429861699125, 0.7140841095117132, 0.714225232853514, 0.7138018628281118, 0.713660739486311, 0.7133784928027096, 0.7135196161445103, 0.7138018628281118, 0.7135196161445103, 0.713096246119108, 0.7128139994355066, 0.7132373694609089, 0.7135196161445103, 0.7133784928027096, 0.713096246119108, 0.7128139994355066, 0.7123906294101044, 0.7128139994355066, 0.7118261360429015, 0.7122495060683037, 0.7116850127011007, 0.7111205193338979, 0.712108382726503, 0.7104149026248942, 0.7109793959920971, 0.7098504092576913, 0.7108382726502963, 0.7095681625740897, 0.7102737792830934, 0.7080158058142817, 0.7091447925486876, 0.7070279424216765, 0.7075924357888794, 0.7071690657634773, 0.7054755856618685, 0.7066045723962744, 0.7063223257126728, 0.7067456957380751, 0.7053344623200677, 0.7056167090036692, 0.705193338978267, 0.7058989556872707])
