nn7.py, same as nn4.py, but no question info
Tuning process for lr=2e-05
----------------------------------------------------------
lr=2e-05, lamb=0, num_epoch=200
Epoch: 1 	Training Cost: 13431.893746	 Valid Acc: 0.6577758961332204 	Best Valid Acc: 0.657776
Epoch: 2 	Training Cost: 11816.115119	 Valid Acc: 0.6754163138583121 	Best Valid Acc: 0.675416
Epoch: 3 	Training Cost: 11518.069484	 Valid Acc: 0.6761219305673158 	Best Valid Acc: 0.676122
Epoch: 4 	Training Cost: 11424.582429	 Valid Acc: 0.6816257408975445 	Best Valid Acc: 0.681626
Epoch: 5 	Training Cost: 11374.530952	 Valid Acc: 0.6837425910245555 	Best Valid Acc: 0.683743
Epoch: 6 	Training Cost: 11336.279762	 Valid Acc: 0.6848715777589613 	Best Valid Acc: 0.684872
Epoch: 7 	Training Cost: 11295.079620	 Valid Acc: 0.682895850973751 	Best Valid Acc: 0.684872
Epoch: 8 	Training Cost: 11238.234500	 Valid Acc: 0.6817668642393452 	Best Valid Acc: 0.684872
Epoch: 9 	Training Cost: 11156.244675	 Valid Acc: 0.6850127011007621 	Best Valid Acc: 0.685013
Epoch: 10 	Training Cost: 11060.890148	 Valid Acc: 0.6855771944679651 	Best Valid Acc: 0.685577
Epoch: 11 	Training Cost: 10969.811353	 Valid Acc: 0.6865650578605701 	Best Valid Acc: 0.686565
Epoch: 12 	Training Cost: 10874.977713	 Valid Acc: 0.6936212249506069 	Best Valid Acc: 0.693621
Epoch: 13 	Training Cost: 10762.155899	 Valid Acc: 0.6963025684448207 	Best Valid Acc: 0.696303
Epoch: 14 	Training Cost: 10626.548261	 Valid Acc: 0.7009596387242449 	Best Valid Acc: 0.700960
Epoch: 15 	Training Cost: 10486.549862	 Valid Acc: 0.7044877222692634 	Best Valid Acc: 0.704488
Epoch: 16 	Training Cost: 10365.582214	 Valid Acc: 0.7047699689528648 	Best Valid Acc: 0.704770
Epoch: 17 	Training Cost: 10268.822172	 Valid Acc: 0.7056167090036692 	Best Valid Acc: 0.705617
Epoch: 18 	Training Cost: 10192.223090	 Valid Acc: 0.7054755856618685 	Best Valid Acc: 0.705617
Epoch: 19 	Training Cost: 10130.296323	 Valid Acc: 0.7066045723962744 	Best Valid Acc: 0.706605
Epoch: 20 	Training Cost: 10078.348586	 Valid Acc: 0.7066045723962744 	Best Valid Acc: 0.706605
Epoch: 21 	Training Cost: 10033.708307	 Valid Acc: 0.7075924357888794 	Best Valid Acc: 0.707592
Epoch: 22 	Training Cost: 9994.209714	 Valid Acc: 0.7081569291560824 	Best Valid Acc: 0.708157
Epoch: 23 	Training Cost: 9958.483382	 Valid Acc: 0.7108382726502963 	Best Valid Acc: 0.710838
Epoch: 24 	Training Cost: 9925.701447	 Valid Acc: 0.7116850127011007 	Best Valid Acc: 0.711685
Epoch: 25 	Training Cost: 9895.291438	 Valid Acc: 0.7128139994355066 	Best Valid Acc: 0.712814
Epoch: 26 	Training Cost: 9866.717755	 Valid Acc: 0.713660739486311 	Best Valid Acc: 0.713661
Epoch: 27 	Training Cost: 9839.698450	 Valid Acc: 0.7153542195879199 	Best Valid Acc: 0.715354
Epoch: 28 	Training Cost: 9813.850923	 Valid Acc: 0.7166243296641265 	Best Valid Acc: 0.716624
Epoch: 29 	Training Cost: 9789.343175	 Valid Acc: 0.7171888230313294 	Best Valid Acc: 0.717189
Epoch: 30 	Training Cost: 9766.254028	 Valid Acc: 0.7153542195879199 	Best Valid Acc: 0.717189
Epoch: 31 	Training Cost: 9744.548457	 Valid Acc: 0.7152130962461191 	Best Valid Acc: 0.717189
Epoch: 32 	Training Cost: 9724.069483	 Valid Acc: 0.7150719729043183 	Best Valid Acc: 0.717189
Epoch: 33 	Training Cost: 9704.735804	 Valid Acc: 0.7154953429297206 	Best Valid Acc: 0.717189
Epoch: 34 	Training Cost: 9686.389915	 Valid Acc: 0.7162009596387242 	Best Valid Acc: 0.717189
Epoch: 35 	Training Cost: 9668.737926	 Valid Acc: 0.7170476996895286 	Best Valid Acc: 0.717189
Epoch: 36 	Training Cost: 9651.585869	 Valid Acc: 0.7173299463731301 	Best Valid Acc: 0.717330
Epoch: 37 	Training Cost: 9634.872961	 Valid Acc: 0.7160598362969235 	Best Valid Acc: 0.717330
Epoch: 38 	Training Cost: 9618.338442	 Valid Acc: 0.7160598362969235 	Best Valid Acc: 0.717330
Epoch: 39 	Training Cost: 9601.752408	 Valid Acc: 0.7149308495625176 	Best Valid Acc: 0.717330
Epoch: 40 	Training Cost: 9584.413501	 Valid Acc: 0.7149308495625176 	Best Valid Acc: 0.717330
Epoch: 41 	Training Cost: 9565.808431	 Valid Acc: 0.7147897262207169 	Best Valid Acc: 0.717330
Epoch: 42 	Training Cost: 9546.478304	 Valid Acc: 0.7139429861699125 	Best Valid Acc: 0.717330
Epoch: 43 	Training Cost: 9525.284928	 Valid Acc: 0.7152130962461191 	Best Valid Acc: 0.717330
Epoch: 44 	Training Cost: 9502.773626	 Valid Acc: 0.7140841095117132 	Best Valid Acc: 0.717330
Epoch: 45 	Training Cost: 9478.715381	 Valid Acc: 0.7140841095117132 	Best Valid Acc: 0.717330
Epoch: 46 	Training Cost: 9456.123382	 Valid Acc: 0.7133784928027096 	Best Valid Acc: 0.717330
Epoch: 47 	Training Cost: 9435.039561	 Valid Acc: 0.7116850127011007 	Best Valid Acc: 0.717330
Epoch: 48 	Training Cost: 9415.376975	 Valid Acc: 0.712108382726503 	Best Valid Acc: 0.717330
Epoch: 49 	Training Cost: 9395.739648	 Valid Acc: 0.712108382726503 	Best Valid Acc: 0.717330
Epoch: 50 	Training Cost: 9379.401277	 Valid Acc: 0.7116850127011007 	Best Valid Acc: 0.717330
Epoch: 51 	Training Cost: 9361.444108	 Valid Acc: 0.7125317527519052 	Best Valid Acc: 0.717330
Epoch: 52 	Training Cost: 9344.816213	 Valid Acc: 0.7132373694609089 	Best Valid Acc: 0.717330
Epoch: 53 	Training Cost: 9327.426209	 Valid Acc: 0.7128139994355066 	Best Valid Acc: 0.717330
Epoch: 54 	Training Cost: 9310.051616	 Valid Acc: 0.7118261360429015 	Best Valid Acc: 0.717330
Epoch: 55 	Training Cost: 9291.629318	 Valid Acc: 0.7105560259666949 	Best Valid Acc: 0.717330
Epoch: 56 	Training Cost: 9275.036791	 Valid Acc: 0.7115438893593 	Best Valid Acc: 0.717330
Epoch: 57 	Training Cost: 9254.922901	 Valid Acc: 0.7104149026248942 	Best Valid Acc: 0.717330
Epoch: 58 	Training Cost: 9237.992664	 Valid Acc: 0.7082980524978831 	Best Valid Acc: 0.717330
Epoch: 59 	Training Cost: 9221.170168	 Valid Acc: 0.7066045723962744 	Best Valid Acc: 0.717330
Epoch: 60 	Training Cost: 9202.806802	 Valid Acc: 0.7068868190798758 	Best Valid Acc: 0.717330
Epoch: 61 	Training Cost: 9182.179043	 Valid Acc: 0.7066045723962744 	Best Valid Acc: 0.717330
Epoch: 62 	Training Cost: 9165.026182	 Valid Acc: 0.7077335591306803 	Best Valid Acc: 0.717330
Epoch: 63 	Training Cost: 9146.210075	 Valid Acc: 0.707310189105278 	Best Valid Acc: 0.717330
Epoch: 64 	Training Cost: 9128.262535	 Valid Acc: 0.7104149026248942 	Best Valid Acc: 0.717330
Epoch: 65 	Training Cost: 9111.579364	 Valid Acc: 0.7053344623200677 	Best Valid Acc: 0.717330
Epoch: 66 	Training Cost: 9093.128298	 Valid Acc: 0.7068868190798758 	Best Valid Acc: 0.717330
Epoch: 67 	Training Cost: 9074.783376	 Valid Acc: 0.7061812023708721 	Best Valid Acc: 0.717330
Epoch: 68 	Training Cost: 9056.417407	 Valid Acc: 0.7049110922946655 	Best Valid Acc: 0.717330
Epoch: 69 	Training Cost: 9041.447175	 Valid Acc: 0.7060400790290714 	Best Valid Acc: 0.717330
Epoch: 70 	Training Cost: 9022.202818	 Valid Acc: 0.7040643522438611 	Best Valid Acc: 0.717330
Epoch: 71 	Training Cost: 9005.480633	 Valid Acc: 0.7050522156364663 	Best Valid Acc: 0.717330
Epoch: 72 	Training Cost: 8990.544078	 Valid Acc: 0.7040643522438611 	Best Valid Acc: 0.717330
Epoch: 73 	Training Cost: 8973.838623	 Valid Acc: 0.7037821055602597 	Best Valid Acc: 0.717330
Epoch: 74 	Training Cost: 8956.850101	 Valid Acc: 0.7033587355348575 	Best Valid Acc: 0.717330
Epoch: 75 	Training Cost: 8941.444579	 Valid Acc: 0.7026531188258538 	Best Valid Acc: 0.717330
Epoch: 76 	Training Cost: 8925.568226	 Valid Acc: 0.7034998588766582 	Best Valid Acc: 0.717330
Epoch: 77 	Training Cost: 8907.999835	 Valid Acc: 0.7025119954840531 	Best Valid Acc: 0.717330
Epoch: 78 	Training Cost: 8892.673519	 Valid Acc: 0.7025119954840531 	Best Valid Acc: 0.717330
Epoch: 79 	Training Cost: 8878.927928	 Valid Acc: 0.7033587355348575 	Best Valid Acc: 0.717330
Epoch: 80 	Training Cost: 8862.263185	 Valid Acc: 0.7027942421676545 	Best Valid Acc: 0.717330
Epoch: 81 	Training Cost: 8847.441554	 Valid Acc: 0.7018063787750494 	Best Valid Acc: 0.717330
Epoch: 82 	Training Cost: 8832.877885	 Valid Acc: 0.7025119954840531 	Best Valid Acc: 0.717330
Epoch: 83 	Training Cost: 8817.426391	 Valid Acc: 0.6998306519898391 	Best Valid Acc: 0.717330
Epoch: 84 	Training Cost: 8802.434454	 Valid Acc: 0.6996895286480384 	Best Valid Acc: 0.717330
Epoch: 85 	Training Cost: 8786.507878	 Valid Acc: 0.7001128986734406 	Best Valid Acc: 0.717330
Epoch: 86 	Training Cost: 8771.966671	 Valid Acc: 0.7003951453570421 	Best Valid Acc: 0.717330
Epoch: 87 	Training Cost: 8758.287559	 Valid Acc: 0.7015241320914479 	Best Valid Acc: 0.717330
Epoch: 88 	Training Cost: 8742.079121	 Valid Acc: 0.7005362686988428 	Best Valid Acc: 0.717330
Epoch: 89 	Training Cost: 8728.482889	 Valid Acc: 0.6987016652554332 	Best Valid Acc: 0.717330
Epoch: 90 	Training Cost: 8711.995132	 Valid Acc: 0.6996895286480384 	Best Valid Acc: 0.717330
Epoch: 91 	Training Cost: 8697.325022	 Valid Acc: 0.7001128986734406 	Best Valid Acc: 0.717330
Epoch: 92 	Training Cost: 8682.408670	 Valid Acc: 0.7002540220152413 	Best Valid Acc: 0.717330
Epoch: 93 	Training Cost: 8668.031214	 Valid Acc: 0.7003951453570421 	Best Valid Acc: 0.717330
Epoch: 94 	Training Cost: 8653.412099	 Valid Acc: 0.6989839119390348 	Best Valid Acc: 0.717330
Epoch: 95 	Training Cost: 8638.537509	 Valid Acc: 0.6998306519898391 	Best Valid Acc: 0.717330
Epoch: 96 	Training Cost: 8624.390814	 Valid Acc: 0.6996895286480384 	Best Valid Acc: 0.717330
Epoch: 97 	Training Cost: 8607.637041	 Valid Acc: 0.6994072819644369 	Best Valid Acc: 0.717330
Epoch: 98 	Training Cost: 8593.250537	 Valid Acc: 0.7016652554332486 	Best Valid Acc: 0.717330
Epoch: 99 	Training Cost: 8581.099243	 Valid Acc: 0.6975726785210273 	Best Valid Acc: 0.717330
Epoch: 100 	Training Cost: 8564.773976	 Valid Acc: 0.6975726785210273 	Best Valid Acc: 0.717330
Epoch: 101 	Training Cost: 8550.699083	 Valid Acc: 0.6998306519898391 	Best Valid Acc: 0.717330
Epoch: 102 	Training Cost: 8535.584408	 Valid Acc: 0.6987016652554332 	Best Valid Acc: 0.717330
Epoch: 103 	Training Cost: 8520.139909	 Valid Acc: 0.696725938470223 	Best Valid Acc: 0.717330
Epoch: 104 	Training Cost: 8507.232211	 Valid Acc: 0.6965848151284222 	Best Valid Acc: 0.717330
Epoch: 105 	Training Cost: 8492.800704	 Valid Acc: 0.6968670618120237 	Best Valid Acc: 0.717330
Epoch: 106 	Training Cost: 8476.241260	 Valid Acc: 0.6960203217612193 	Best Valid Acc: 0.717330
Epoch: 107 	Training Cost: 8463.159718	 Valid Acc: 0.6972904318374259 	Best Valid Acc: 0.717330
Epoch: 108 	Training Cost: 8447.386891	 Valid Acc: 0.6977138018628282 	Best Valid Acc: 0.717330
Epoch: 109 	Training Cost: 8433.651883	 Valid Acc: 0.6954558283940163 	Best Valid Acc: 0.717330
Epoch: 110 	Training Cost: 8421.125507	 Valid Acc: 0.6954558283940163 	Best Valid Acc: 0.717330
Epoch: 111 	Training Cost: 8404.022502	 Valid Acc: 0.6960203217612193 	Best Valid Acc: 0.717330
Epoch: 112 	Training Cost: 8390.165665	 Valid Acc: 0.6958791984194186 	Best Valid Acc: 0.717330
Epoch: 113 	Training Cost: 8375.579287	 Valid Acc: 0.6960203217612193 	Best Valid Acc: 0.717330
Epoch: 114 	Training Cost: 8360.982890	 Valid Acc: 0.6964436917866215 	Best Valid Acc: 0.717330
Epoch: 115 	Training Cost: 8349.785357	 Valid Acc: 0.696725938470223 	Best Valid Acc: 0.717330
Epoch: 116 	Training Cost: 8337.443406	 Valid Acc: 0.6934801016088061 	Best Valid Acc: 0.717330
Epoch: 117 	Training Cost: 8320.846233	 Valid Acc: 0.696725938470223 	Best Valid Acc: 0.717330
Epoch: 118 	Training Cost: 8305.488291	 Valid Acc: 0.6953147050522156 	Best Valid Acc: 0.717330
Epoch: 119 	Training Cost: 8294.929625	 Valid Acc: 0.6957380750776179 	Best Valid Acc: 0.717330
Epoch: 120 	Training Cost: 8282.861940	 Valid Acc: 0.694609088343212 	Best Valid Acc: 0.717330
Epoch: 121 	Training Cost: 8266.634073	 Valid Acc: 0.6939034716342083 	Best Valid Acc: 0.717330
Epoch: 122 	Training Cost: 8250.709893	 Valid Acc: 0.6930567315834039 	Best Valid Acc: 0.717330
Epoch: 123 	Training Cost: 8239.222806	 Valid Acc: 0.6944679650014113 	Best Valid Acc: 0.717330
Epoch: 124 	Training Cost: 8226.616440	 Valid Acc: 0.6931978549252046 	Best Valid Acc: 0.717330
Epoch: 125 	Training Cost: 8212.896871	 Valid Acc: 0.6922099915325995 	Best Valid Acc: 0.717330
Epoch: 126 	Training Cost: 8199.208049	 Valid Acc: 0.692492238216201 	Best Valid Acc: 0.717330
Epoch: 127 	Training Cost: 8185.313203	 Valid Acc: 0.6930567315834039 	Best Valid Acc: 0.717330
Epoch: 128 	Training Cost: 8171.226601	 Valid Acc: 0.6931978549252046 	Best Valid Acc: 0.717330
Epoch: 129 	Training Cost: 8157.353816	 Valid Acc: 0.6902342647473892 	Best Valid Acc: 0.717330
Epoch: 130 	Training Cost: 8145.041241	 Valid Acc: 0.6934801016088061 	Best Valid Acc: 0.717330
Epoch: 131 	Training Cost: 8130.440554	 Valid Acc: 0.6902342647473892 	Best Valid Acc: 0.717330
Epoch: 132 	Training Cost: 8118.502449	 Valid Acc: 0.691927744848998 	Best Valid Acc: 0.717330
Epoch: 133 	Training Cost: 8101.913563	 Valid Acc: 0.6937623482924076 	Best Valid Acc: 0.717330
Epoch: 134 	Training Cost: 8083.318094	 Valid Acc: 0.6902342647473892 	Best Valid Acc: 0.717330
Epoch: 135 	Training Cost: 8072.895075	 Valid Acc: 0.6881174146203782 	Best Valid Acc: 0.717330
Epoch: 136 	Training Cost: 8053.541380	 Valid Acc: 0.6916454981653966 	Best Valid Acc: 0.717330
Epoch: 137 	Training Cost: 8038.831120	 Valid Acc: 0.6900931414055885 	Best Valid Acc: 0.717330
Epoch: 138 	Training Cost: 8022.516364	 Valid Acc: 0.6922099915325995 	Best Valid Acc: 0.717330
Epoch: 139 	Training Cost: 8003.808993	 Valid Acc: 0.6891052780129834 	Best Valid Acc: 0.717330
Epoch: 140 	Training Cost: 7983.020189	 Valid Acc: 0.6913632514817951 	Best Valid Acc: 0.717330
Epoch: 141 	Training Cost: 7962.322145	 Valid Acc: 0.6910810047981937 	Best Valid Acc: 0.717330
Epoch: 142 	Training Cost: 7942.061551	 Valid Acc: 0.6902342647473892 	Best Valid Acc: 0.717330
Epoch: 143 	Training Cost: 7922.869152	 Valid Acc: 0.69037538808919 	Best Valid Acc: 0.717330
Epoch: 144 	Training Cost: 7902.851913	 Valid Acc: 0.6885407846457804 	Best Valid Acc: 0.717330
Epoch: 145 	Training Cost: 7875.509421	 Valid Acc: 0.6874117979113745 	Best Valid Acc: 0.717330
Epoch: 146 	Training Cost: 7852.143981	 Valid Acc: 0.6905165114309907 	Best Valid Acc: 0.717330
Epoch: 147 	Training Cost: 7831.452707	 Valid Acc: 0.6896697713801863 	Best Valid Acc: 0.717330
Epoch: 148 	Training Cost: 7808.567311	 Valid Acc: 0.6892464013547841 	Best Valid Acc: 0.717330
Epoch: 149 	Training Cost: 7784.890108	 Valid Acc: 0.6881174146203782 	Best Valid Acc: 0.717330
Epoch: 150 	Training Cost: 7763.222489	 Valid Acc: 0.6871295512277731 	Best Valid Acc: 0.717330
Epoch: 151 	Training Cost: 7742.473364	 Valid Acc: 0.6857183178097658 	Best Valid Acc: 0.717330
Epoch: 152 	Training Cost: 7720.506572	 Valid Acc: 0.687694044594976 	Best Valid Acc: 0.717330
Epoch: 153 	Training Cost: 7700.359512	 Valid Acc: 0.6869884278859724 	Best Valid Acc: 0.717330
Epoch: 154 	Training Cost: 7677.254326	 Valid Acc: 0.6867061812023709 	Best Valid Acc: 0.717330
Epoch: 155 	Training Cost: 7657.045927	 Valid Acc: 0.6868473045441716 	Best Valid Acc: 0.717330
Epoch: 156 	Training Cost: 7638.457710	 Valid Acc: 0.6847304544171606 	Best Valid Acc: 0.717330
Epoch: 157 	Training Cost: 7615.223866	 Valid Acc: 0.6854360711261642 	Best Valid Acc: 0.717330
Epoch: 158 	Training Cost: 7597.442920	 Valid Acc: 0.6854360711261642 	Best Valid Acc: 0.717330
Epoch: 159 	Training Cost: 7580.152552	 Valid Acc: 0.6865650578605701 	Best Valid Acc: 0.717330
Epoch: 160 	Training Cost: 7558.156430	 Valid Acc: 0.6851538244425628 	Best Valid Acc: 0.717330
Epoch: 161 	Training Cost: 7540.544141	 Valid Acc: 0.683460344340954 	Best Valid Acc: 0.717330
Epoch: 162 	Training Cost: 7520.594173	 Valid Acc: 0.6861416878351679 	Best Valid Acc: 0.717330
Epoch: 163 	Training Cost: 7501.896704	 Valid Acc: 0.6836014676827548 	Best Valid Acc: 0.717330
Epoch: 164 	Training Cost: 7484.023768	 Valid Acc: 0.6831780976573525 	Best Valid Acc: 0.717330
Epoch: 165 	Training Cost: 7467.438083	 Valid Acc: 0.683460344340954 	Best Valid Acc: 0.717330
Epoch: 166 	Training Cost: 7446.501813	 Valid Acc: 0.6821902342647473 	Best Valid Acc: 0.717330
Epoch: 167 	Training Cost: 7431.617198	 Valid Acc: 0.6826136042901496 	Best Valid Acc: 0.717330
Epoch: 168 	Training Cost: 7413.341477	 Valid Acc: 0.6837425910245555 	Best Valid Acc: 0.717330
Epoch: 169 	Training Cost: 7393.745020	 Valid Acc: 0.6836014676827548 	Best Valid Acc: 0.717330
Epoch: 170 	Training Cost: 7381.916012	 Valid Acc: 0.6827547276319503 	Best Valid Acc: 0.717330
Epoch: 171 	Training Cost: 7360.798643	 Valid Acc: 0.6804967541631386 	Best Valid Acc: 0.717330
Epoch: 172 	Training Cost: 7342.557021	 Valid Acc: 0.6816257408975445 	Best Valid Acc: 0.717330
Epoch: 173 	Training Cost: 7327.191508	 Valid Acc: 0.68077900084674 	Best Valid Acc: 0.717330
Epoch: 174 	Training Cost: 7309.808145	 Valid Acc: 0.6814846175557437 	Best Valid Acc: 0.717330
Epoch: 175 	Training Cost: 7291.779642	 Valid Acc: 0.6797911374541349 	Best Valid Acc: 0.717330
Epoch: 176 	Training Cost: 7271.587683	 Valid Acc: 0.6809201241885408 	Best Valid Acc: 0.717330
Epoch: 177 	Training Cost: 7260.333541	 Valid Acc: 0.679226644086932 	Best Valid Acc: 0.717330
Epoch: 178 	Training Cost: 7241.419813	 Valid Acc: 0.6838837143663562 	Best Valid Acc: 0.717330
Epoch: 179 	Training Cost: 7227.578996	 Valid Acc: 0.6783799040361276 	Best Valid Acc: 0.717330
Epoch: 180 	Training Cost: 7208.275996	 Valid Acc: 0.6795088907705334 	Best Valid Acc: 0.717330
Epoch: 181 	Training Cost: 7186.649733	 Valid Acc: 0.6779565340107254 	Best Valid Acc: 0.717330
Epoch: 182 	Training Cost: 7177.723521	 Valid Acc: 0.6799322607959356 	Best Valid Acc: 0.717330
Epoch: 183 	Training Cost: 7161.826570	 Valid Acc: 0.6790855207451313 	Best Valid Acc: 0.717330
Epoch: 184 	Training Cost: 7140.264250	 Valid Acc: 0.6789443974033305 	Best Valid Acc: 0.717330
Epoch: 185 	Training Cost: 7123.819004	 Valid Acc: 0.6776742873271239 	Best Valid Acc: 0.717330
Epoch: 186 	Training Cost: 7111.764128	 Valid Acc: 0.6790855207451313 	Best Valid Acc: 0.717330
Epoch: 187 	Training Cost: 7091.661283	 Valid Acc: 0.6797911374541349 	Best Valid Acc: 0.717330
Epoch: 188 	Training Cost: 7075.731879	 Valid Acc: 0.6759808072255151 	Best Valid Acc: 0.717330
Epoch: 189 	Training Cost: 7060.789377	 Valid Acc: 0.6789443974033305 	Best Valid Acc: 0.717330
Epoch: 190 	Training Cost: 7043.797687	 Valid Acc: 0.6785210273779283 	Best Valid Acc: 0.717330
Epoch: 191 	Training Cost: 7027.562055	 Valid Acc: 0.678662150719729 	Best Valid Acc: 0.717330
Epoch: 192 	Training Cost: 7012.311762	 Valid Acc: 0.6797911374541349 	Best Valid Acc: 0.717330
Epoch: 193 	Training Cost: 6995.307495	 Valid Acc: 0.6772509173017217 	Best Valid Acc: 0.717330
Epoch: 194 	Training Cost: 6979.368056	 Valid Acc: 0.6785210273779283 	Best Valid Acc: 0.717330
Epoch: 195 	Training Cost: 6959.569590	 Valid Acc: 0.6782387806943269 	Best Valid Acc: 0.717330
Epoch: 196 	Training Cost: 6940.243011	 Valid Acc: 0.6773920406435224 	Best Valid Acc: 0.717330
Epoch: 197 	Training Cost: 6939.246353	 Valid Acc: 0.6793677674287327 	Best Valid Acc: 0.717330
Epoch: 198 	Training Cost: 6912.806983	 Valid Acc: 0.6800733841377364 	Best Valid Acc: 0.717330
Epoch: 199 	Training Cost: 6898.608618	 Valid Acc: 0.677109793959921 	Best Valid Acc: 0.717330
Epoch: 200 	Training Cost: 6879.732283	 Valid Acc: 0.6783799040361276 	Best Valid Acc: 0.717330
lr=2e-05, lamb=0, num_epoch=200, test_acc=0.68077900084674
----------------------------------------------------------
----------------------------------------------------------
lr=2e-05, lamb=0.0001, num_epoch=200
Epoch: 1 	Training Cost: 13470.204492	 Valid Acc: 0.6672311600338696 	Best Valid Acc: 0.667231
Epoch: 2 	Training Cost: 11812.675733	 Valid Acc: 0.6761219305673158 	Best Valid Acc: 0.676122
Epoch: 3 	Training Cost: 11531.300035	 Valid Acc: 0.6802145074795372 	Best Valid Acc: 0.680215
Epoch: 4 	Training Cost: 11447.437866	 Valid Acc: 0.6810612475303415 	Best Valid Acc: 0.681061
Epoch: 5 	Training Cost: 11400.807528	 Valid Acc: 0.6816257408975445 	Best Valid Acc: 0.681626
Epoch: 6 	Training Cost: 11363.915986	 Valid Acc: 0.6823313576065482 	Best Valid Acc: 0.682331
Epoch: 7 	Training Cost: 11322.898022	 Valid Acc: 0.6797911374541349 	Best Valid Acc: 0.682331
Epoch: 8 	Training Cost: 11267.119959	 Valid Acc: 0.6806378775049393 	Best Valid Acc: 0.682331
Epoch: 9 	Training Cost: 11189.122845	 Valid Acc: 0.6819079875811459 	Best Valid Acc: 0.682331
Epoch: 10 	Training Cost: 11096.954466	 Valid Acc: 0.6837425910245555 	Best Valid Acc: 0.683743
Epoch: 11 	Training Cost: 11002.937272	 Valid Acc: 0.6878351679367768 	Best Valid Acc: 0.687835
Epoch: 12 	Training Cost: 10891.752651	 Valid Acc: 0.6948913350268134 	Best Valid Acc: 0.694891
Epoch: 13 	Training Cost: 10743.610765	 Valid Acc: 0.6987016652554332 	Best Valid Acc: 0.698702
Epoch: 14 	Training Cost: 10574.145574	 Valid Acc: 0.7015241320914479 	Best Valid Acc: 0.701524
Epoch: 15 	Training Cost: 10427.540800	 Valid Acc: 0.7032176121930568 	Best Valid Acc: 0.703218
Epoch: 16 	Training Cost: 10317.506447	 Valid Acc: 0.7047699689528648 	Best Valid Acc: 0.704770
Epoch: 17 	Training Cost: 10234.134183	 Valid Acc: 0.7077335591306803 	Best Valid Acc: 0.707734
Epoch: 18 	Training Cost: 10168.495696	 Valid Acc: 0.7092859158904883 	Best Valid Acc: 0.709286
Epoch: 19 	Training Cost: 10115.304663	 Valid Acc: 0.7085802991814846 	Best Valid Acc: 0.709286
Epoch: 20 	Training Cost: 10071.155944	 Valid Acc: 0.709427039232289 	Best Valid Acc: 0.709427
Epoch: 21 	Training Cost: 10033.299894	 Valid Acc: 0.7097092859158904 	Best Valid Acc: 0.709709
Epoch: 22 	Training Cost: 9999.890350	 Valid Acc: 0.7106971493084956 	Best Valid Acc: 0.710697
Epoch: 23 	Training Cost: 9970.260174	 Valid Acc: 0.712108382726503 	Best Valid Acc: 0.712108
Epoch: 24 	Training Cost: 9943.351141	 Valid Acc: 0.7115438893593 	Best Valid Acc: 0.712108
Epoch: 25 	Training Cost: 9918.502324	 Valid Acc: 0.713096246119108 	Best Valid Acc: 0.713096
Epoch: 26 	Training Cost: 9895.166595	 Valid Acc: 0.7135196161445103 	Best Valid Acc: 0.713520
Epoch: 27 	Training Cost: 9872.942468	 Valid Acc: 0.7140841095117132 	Best Valid Acc: 0.714084
Epoch: 28 	Training Cost: 9851.606456	 Valid Acc: 0.7145074795371155 	Best Valid Acc: 0.714507
Epoch: 29 	Training Cost: 9830.981803	 Valid Acc: 0.7149308495625176 	Best Valid Acc: 0.714931
Epoch: 30 	Training Cost: 9811.331531	 Valid Acc: 0.7150719729043183 	Best Valid Acc: 0.715072
Epoch: 31 	Training Cost: 9792.697373	 Valid Acc: 0.7149308495625176 	Best Valid Acc: 0.715072
Epoch: 32 	Training Cost: 9775.034772	 Valid Acc: 0.7139429861699125 	Best Valid Acc: 0.715072
Epoch: 33 	Training Cost: 9758.417069	 Valid Acc: 0.7145074795371155 	Best Valid Acc: 0.715072
Epoch: 34 	Training Cost: 9742.648604	 Valid Acc: 0.7143663561953147 	Best Valid Acc: 0.715072
Epoch: 35 	Training Cost: 9727.571952	 Valid Acc: 0.7145074795371155 	Best Valid Acc: 0.715072
Epoch: 36 	Training Cost: 9712.952753	 Valid Acc: 0.7164832063223258 	Best Valid Acc: 0.716483
Epoch: 37 	Training Cost: 9698.658447	 Valid Acc: 0.7145074795371155 	Best Valid Acc: 0.716483
Epoch: 38 	Training Cost: 9684.575933	 Valid Acc: 0.714225232853514 	Best Valid Acc: 0.716483
Epoch: 39 	Training Cost: 9670.140379	 Valid Acc: 0.7147897262207169 	Best Valid Acc: 0.716483
Epoch: 40 	Training Cost: 9655.070752	 Valid Acc: 0.7147897262207169 	Best Valid Acc: 0.716483
Epoch: 41 	Training Cost: 9638.644337	 Valid Acc: 0.7143663561953147 	Best Valid Acc: 0.716483
Epoch: 42 	Training Cost: 9620.587681	 Valid Acc: 0.714225232853514 	Best Valid Acc: 0.716483
Epoch: 43 	Training Cost: 9600.341283	 Valid Acc: 0.7139429861699125 	Best Valid Acc: 0.716483
Epoch: 44 	Training Cost: 9578.517437	 Valid Acc: 0.7125317527519052 	Best Valid Acc: 0.716483
Epoch: 45 	Training Cost: 9557.804957	 Valid Acc: 0.7152130962461191 	Best Valid Acc: 0.716483
Epoch: 46 	Training Cost: 9536.043609	 Valid Acc: 0.713660739486311 	Best Valid Acc: 0.716483
Epoch: 47 	Training Cost: 9516.892219	 Valid Acc: 0.7149308495625176 	Best Valid Acc: 0.716483
Epoch: 48 	Training Cost: 9501.289393	 Valid Acc: 0.7149308495625176 	Best Valid Acc: 0.716483
Epoch: 49 	Training Cost: 9485.302684	 Valid Acc: 0.7138018628281118 	Best Valid Acc: 0.716483
Epoch: 50 	Training Cost: 9470.361415	 Valid Acc: 0.7126728760937059 	Best Valid Acc: 0.716483
Epoch: 51 	Training Cost: 9456.124161	 Valid Acc: 0.713660739486311 	Best Valid Acc: 0.716483
Epoch: 52 	Training Cost: 9442.162798	 Valid Acc: 0.713660739486311 	Best Valid Acc: 0.716483
Epoch: 53 	Training Cost: 9428.646925	 Valid Acc: 0.713660739486311 	Best Valid Acc: 0.716483
Epoch: 54 	Training Cost: 9413.790934	 Valid Acc: 0.7129551227773073 	Best Valid Acc: 0.716483
Epoch: 55 	Training Cost: 9400.783919	 Valid Acc: 0.713096246119108 	Best Valid Acc: 0.716483
Epoch: 56 	Training Cost: 9384.991759	 Valid Acc: 0.7126728760937059 	Best Valid Acc: 0.716483
Epoch: 57 	Training Cost: 9370.781149	 Valid Acc: 0.7126728760937059 	Best Valid Acc: 0.716483
Epoch: 58 	Training Cost: 9356.643199	 Valid Acc: 0.7112616426756986 	Best Valid Acc: 0.716483
Epoch: 59 	Training Cost: 9340.328345	 Valid Acc: 0.7123906294101044 	Best Valid Acc: 0.716483
Epoch: 60 	Training Cost: 9324.499581	 Valid Acc: 0.7097092859158904 	Best Valid Acc: 0.716483
Epoch: 61 	Training Cost: 9308.500139	 Valid Acc: 0.709991532599492 	Best Valid Acc: 0.716483
Epoch: 62 	Training Cost: 9292.988002	 Valid Acc: 0.709991532599492 	Best Valid Acc: 0.716483
Epoch: 63 	Training Cost: 9278.211092	 Valid Acc: 0.709991532599492 	Best Valid Acc: 0.716483
Epoch: 64 	Training Cost: 9262.137440	 Valid Acc: 0.7108382726502963 	Best Valid Acc: 0.716483
Epoch: 65 	Training Cost: 9246.062934	 Valid Acc: 0.7088625458650861 	Best Valid Acc: 0.716483
Epoch: 66 	Training Cost: 9232.533271	 Valid Acc: 0.7087214225232854 	Best Valid Acc: 0.716483
Epoch: 67 	Training Cost: 9216.590165	 Valid Acc: 0.709427039232289 	Best Valid Acc: 0.716483
Epoch: 68 	Training Cost: 9205.010021	 Valid Acc: 0.7077335591306803 	Best Valid Acc: 0.716483
Epoch: 69 	Training Cost: 9189.523867	 Valid Acc: 0.7080158058142817 	Best Valid Acc: 0.716483
Epoch: 70 	Training Cost: 9176.615298	 Valid Acc: 0.7058989556872707 	Best Valid Acc: 0.716483
Epoch: 71 	Training Cost: 9166.267392	 Valid Acc: 0.7070279424216765 	Best Valid Acc: 0.716483
Epoch: 72 	Training Cost: 9152.551471	 Valid Acc: 0.707310189105278 	Best Valid Acc: 0.716483
Epoch: 73 	Training Cost: 9140.240966	 Valid Acc: 0.7058989556872707 	Best Valid Acc: 0.716483
Epoch: 74 	Training Cost: 9128.359473	 Valid Acc: 0.7064634490544736 	Best Valid Acc: 0.716483
Epoch: 75 	Training Cost: 9118.692300	 Valid Acc: 0.7058989556872707 	Best Valid Acc: 0.716483
Epoch: 76 	Training Cost: 9104.613986	 Valid Acc: 0.7066045723962744 	Best Valid Acc: 0.716483
Epoch: 77 	Training Cost: 9094.960613	 Valid Acc: 0.7054755856618685 	Best Valid Acc: 0.716483
Epoch: 78 	Training Cost: 9085.026988	 Valid Acc: 0.7077335591306803 	Best Valid Acc: 0.716483
Epoch: 79 	Training Cost: 9073.259246	 Valid Acc: 0.7049110922946655 	Best Valid Acc: 0.716483
Epoch: 80 	Training Cost: 9060.720429	 Valid Acc: 0.7081569291560824 	Best Valid Acc: 0.716483
Epoch: 81 	Training Cost: 9051.151404	 Valid Acc: 0.705193338978267 	Best Valid Acc: 0.716483
Epoch: 82 	Training Cost: 9041.931604	 Valid Acc: 0.7053344623200677 	Best Valid Acc: 0.716483
Epoch: 83 	Training Cost: 9029.060260	 Valid Acc: 0.707310189105278 	Best Valid Acc: 0.716483
Epoch: 84 	Training Cost: 9022.728323	 Valid Acc: 0.7068868190798758 	Best Valid Acc: 0.716483
Epoch: 85 	Training Cost: 9013.276867	 Valid Acc: 0.7068868190798758 	Best Valid Acc: 0.716483
Epoch: 86 	Training Cost: 9000.165642	 Valid Acc: 0.7060400790290714 	Best Valid Acc: 0.716483
Epoch: 87 	Training Cost: 8988.804997	 Valid Acc: 0.7061812023708721 	Best Valid Acc: 0.716483
Epoch: 88 	Training Cost: 8981.604692	 Valid Acc: 0.7071690657634773 	Best Valid Acc: 0.716483
Epoch: 89 	Training Cost: 8970.264636	 Valid Acc: 0.7039232289020604 	Best Valid Acc: 0.716483
Epoch: 90 	Training Cost: 8959.172084	 Valid Acc: 0.7084391758396839 	Best Valid Acc: 0.716483
Epoch: 91 	Training Cost: 8951.029096	 Valid Acc: 0.7047699689528648 	Best Valid Acc: 0.716483
Epoch: 92 	Training Cost: 8940.221564	 Valid Acc: 0.7066045723962744 	Best Valid Acc: 0.716483
Epoch: 93 	Training Cost: 8929.485165	 Valid Acc: 0.7063223257126728 	Best Valid Acc: 0.716483
Epoch: 94 	Training Cost: 8921.048489	 Valid Acc: 0.7085802991814846 	Best Valid Acc: 0.716483
Epoch: 95 	Training Cost: 8909.038770	 Valid Acc: 0.70575783234547 	Best Valid Acc: 0.716483
Epoch: 96 	Training Cost: 8899.436218	 Valid Acc: 0.7070279424216765 	Best Valid Acc: 0.716483
Epoch: 97 	Training Cost: 8890.654111	 Valid Acc: 0.7047699689528648 	Best Valid Acc: 0.716483
Epoch: 98 	Training Cost: 8880.837689	 Valid Acc: 0.7054755856618685 	Best Valid Acc: 0.716483
Epoch: 99 	Training Cost: 8871.419629	 Valid Acc: 0.7043465989274627 	Best Valid Acc: 0.716483
Epoch: 100 	Training Cost: 8860.170726	 Valid Acc: 0.70575783234547 	Best Valid Acc: 0.716483
Epoch: 101 	Training Cost: 8850.920333	 Valid Acc: 0.7036409822184589 	Best Valid Acc: 0.716483
Epoch: 102 	Training Cost: 8842.647744	 Valid Acc: 0.7040643522438611 	Best Valid Acc: 0.716483
Epoch: 103 	Training Cost: 8830.106832	 Valid Acc: 0.7064634490544736 	Best Valid Acc: 0.716483
Epoch: 104 	Training Cost: 8822.666984	 Valid Acc: 0.7040643522438611 	Best Valid Acc: 0.716483
Epoch: 105 	Training Cost: 8813.374266	 Valid Acc: 0.7029353655094552 	Best Valid Acc: 0.716483
Epoch: 106 	Training Cost: 8800.518751	 Valid Acc: 0.7036409822184589 	Best Valid Acc: 0.716483
Epoch: 107 	Training Cost: 8793.352829	 Valid Acc: 0.7039232289020604 	Best Valid Acc: 0.716483
Epoch: 108 	Training Cost: 8784.773601	 Valid Acc: 0.7016652554332486 	Best Valid Acc: 0.716483
Epoch: 109 	Training Cost: 8773.150812	 Valid Acc: 0.7006773920406435 	Best Valid Acc: 0.716483
Epoch: 110 	Training Cost: 8765.900908	 Valid Acc: 0.7015241320914479 	Best Valid Acc: 0.716483
Epoch: 111 	Training Cost: 8754.212704	 Valid Acc: 0.7003951453570421 	Best Valid Acc: 0.716483
Epoch: 112 	Training Cost: 8745.085738	 Valid Acc: 0.7005362686988428 	Best Valid Acc: 0.716483
Epoch: 113 	Training Cost: 8737.244502	 Valid Acc: 0.6991250352808355 	Best Valid Acc: 0.716483
Epoch: 114 	Training Cost: 8728.217217	 Valid Acc: 0.7006773920406435 	Best Valid Acc: 0.716483
Epoch: 115 	Training Cost: 8717.875764	 Valid Acc: 0.6984194185718318 	Best Valid Acc: 0.716483
Epoch: 116 	Training Cost: 8708.343815	 Valid Acc: 0.6989839119390348 	Best Valid Acc: 0.716483
Epoch: 117 	Training Cost: 8700.393826	 Valid Acc: 0.6965848151284222 	Best Valid Acc: 0.716483
Epoch: 118 	Training Cost: 8692.147274	 Valid Acc: 0.7001128986734406 	Best Valid Acc: 0.716483
Epoch: 119 	Training Cost: 8680.182320	 Valid Acc: 0.696725938470223 	Best Valid Acc: 0.716483
Epoch: 120 	Training Cost: 8672.064891	 Valid Acc: 0.6972904318374259 	Best Valid Acc: 0.716483
Epoch: 121 	Training Cost: 8665.214216	 Valid Acc: 0.6968670618120237 	Best Valid Acc: 0.716483
Epoch: 122 	Training Cost: 8655.474116	 Valid Acc: 0.6981371718882303 	Best Valid Acc: 0.716483
Epoch: 123 	Training Cost: 8644.635731	 Valid Acc: 0.698278295230031 	Best Valid Acc: 0.716483
Epoch: 124 	Training Cost: 8636.137867	 Valid Acc: 0.7001128986734406 	Best Valid Acc: 0.716483
Epoch: 125 	Training Cost: 8625.573697	 Valid Acc: 0.6991250352808355 	Best Valid Acc: 0.716483
Epoch: 126 	Training Cost: 8619.857390	 Valid Acc: 0.6977138018628282 	Best Valid Acc: 0.716483
Epoch: 127 	Training Cost: 8608.892906	 Valid Acc: 0.6954558283940163 	Best Valid Acc: 0.716483
Epoch: 128 	Training Cost: 8599.673018	 Valid Acc: 0.6987016652554332 	Best Valid Acc: 0.716483
Epoch: 129 	Training Cost: 8591.983370	 Valid Acc: 0.6987016652554332 	Best Valid Acc: 0.716483
Epoch: 130 	Training Cost: 8584.173008	 Valid Acc: 0.6958791984194186 	Best Valid Acc: 0.716483
Epoch: 131 	Training Cost: 8572.423005	 Valid Acc: 0.6964436917866215 	Best Valid Acc: 0.716483
Epoch: 132 	Training Cost: 8565.822012	 Valid Acc: 0.6979960485464296 	Best Valid Acc: 0.716483
Epoch: 133 	Training Cost: 8557.679899	 Valid Acc: 0.6948913350268134 	Best Valid Acc: 0.716483
Epoch: 134 	Training Cost: 8546.809462	 Valid Acc: 0.6964436917866215 	Best Valid Acc: 0.716483
Epoch: 135 	Training Cost: 8537.405129	 Valid Acc: 0.6950324583686142 	Best Valid Acc: 0.716483
Epoch: 136 	Training Cost: 8531.796715	 Valid Acc: 0.69616144510302 	Best Valid Acc: 0.716483
Epoch: 137 	Training Cost: 8522.201200	 Valid Acc: 0.6929156082416031 	Best Valid Acc: 0.716483
Epoch: 138 	Training Cost: 8513.591442	 Valid Acc: 0.6974315551792266 	Best Valid Acc: 0.716483
Epoch: 139 	Training Cost: 8503.395315	 Valid Acc: 0.6931978549252046 	Best Valid Acc: 0.716483
Epoch: 140 	Training Cost: 8494.788124	 Valid Acc: 0.6963025684448207 	Best Valid Acc: 0.716483
Epoch: 141 	Training Cost: 8488.750059	 Valid Acc: 0.6934801016088061 	Best Valid Acc: 0.716483
Epoch: 142 	Training Cost: 8481.534505	 Valid Acc: 0.6965848151284222 	Best Valid Acc: 0.716483
Epoch: 143 	Training Cost: 8468.822962	 Valid Acc: 0.6913632514817951 	Best Valid Acc: 0.716483
Epoch: 144 	Training Cost: 8462.679963	 Valid Acc: 0.6916454981653966 	Best Valid Acc: 0.716483
Epoch: 145 	Training Cost: 8456.323198	 Valid Acc: 0.6937623482924076 	Best Valid Acc: 0.716483
Epoch: 146 	Training Cost: 8443.482607	 Valid Acc: 0.6933389782670054 	Best Valid Acc: 0.716483
Epoch: 147 	Training Cost: 8438.238437	 Valid Acc: 0.6933389782670054 	Best Valid Acc: 0.716483
Epoch: 148 	Training Cost: 8431.303964	 Valid Acc: 0.6915043748235958 	Best Valid Acc: 0.716483
Epoch: 149 	Training Cost: 8419.171812	 Valid Acc: 0.6907987581145921 	Best Valid Acc: 0.716483
Epoch: 150 	Training Cost: 8410.984749	 Valid Acc: 0.6947502116850127 	Best Valid Acc: 0.716483
Epoch: 151 	Training Cost: 8407.927731	 Valid Acc: 0.69037538808919 	Best Valid Acc: 0.716483
Epoch: 152 	Training Cost: 8394.158574	 Valid Acc: 0.69037538808919 	Best Valid Acc: 0.716483
Epoch: 153 	Training Cost: 8384.968815	 Valid Acc: 0.691927744848998 	Best Valid Acc: 0.716483
Epoch: 154 	Training Cost: 8377.818434	 Valid Acc: 0.6907987581145921 	Best Valid Acc: 0.716483
Epoch: 155 	Training Cost: 8370.398052	 Valid Acc: 0.6913632514817951 	Best Valid Acc: 0.716483
Epoch: 156 	Training Cost: 8363.330351	 Valid Acc: 0.689810894721987 	Best Valid Acc: 0.716483
Epoch: 157 	Training Cost: 8353.959860	 Valid Acc: 0.6885407846457804 	Best Valid Acc: 0.716483
Epoch: 158 	Training Cost: 8347.248247	 Valid Acc: 0.6878351679367768 	Best Valid Acc: 0.716483
Epoch: 159 	Training Cost: 8340.086333	 Valid Acc: 0.6899520180637877 	Best Valid Acc: 0.716483
Epoch: 160 	Training Cost: 8332.421186	 Valid Acc: 0.6885407846457804 	Best Valid Acc: 0.716483
Epoch: 161 	Training Cost: 8323.242812	 Valid Acc: 0.6891052780129834 	Best Valid Acc: 0.716483
Epoch: 162 	Training Cost: 8313.622522	 Valid Acc: 0.6879762912785775 	Best Valid Acc: 0.716483
Epoch: 163 	Training Cost: 8307.980700	 Valid Acc: 0.6892464013547841 	Best Valid Acc: 0.716483
Epoch: 164 	Training Cost: 8300.596990	 Valid Acc: 0.6864239345187694 	Best Valid Acc: 0.716483
Epoch: 165 	Training Cost: 8293.984171	 Valid Acc: 0.6860005644933672 	Best Valid Acc: 0.716483
Epoch: 166 	Training Cost: 8282.075831	 Valid Acc: 0.6851538244425628 	Best Valid Acc: 0.716483
Epoch: 167 	Training Cost: 8279.129862	 Valid Acc: 0.6854360711261642 	Best Valid Acc: 0.716483
Epoch: 168 	Training Cost: 8271.124653	 Valid Acc: 0.6861416878351679 	Best Valid Acc: 0.716483
Epoch: 169 	Training Cost: 8262.924135	 Valid Acc: 0.6857183178097658 	Best Valid Acc: 0.716483
Epoch: 170 	Training Cost: 8252.327517	 Valid Acc: 0.682895850973751 	Best Valid Acc: 0.716483
Epoch: 171 	Training Cost: 8250.906845	 Valid Acc: 0.6861416878351679 	Best Valid Acc: 0.716483
Epoch: 172 	Training Cost: 8237.404719	 Valid Acc: 0.6844482077335591 	Best Valid Acc: 0.716483
Epoch: 173 	Training Cost: 8231.697954	 Valid Acc: 0.6865650578605701 	Best Valid Acc: 0.716483
Epoch: 174 	Training Cost: 8231.599996	 Valid Acc: 0.682895850973751 	Best Valid Acc: 0.716483
Epoch: 175 	Training Cost: 8216.038777	 Valid Acc: 0.6864239345187694 	Best Valid Acc: 0.716483
Epoch: 176 	Training Cost: 8208.619770	 Valid Acc: 0.6833192209991532 	Best Valid Acc: 0.716483
Epoch: 177 	Training Cost: 8202.468814	 Valid Acc: 0.6840248377081569 	Best Valid Acc: 0.716483
Epoch: 178 	Training Cost: 8197.418909	 Valid Acc: 0.6848715777589613 	Best Valid Acc: 0.716483
Epoch: 179 	Training Cost: 8186.977632	 Valid Acc: 0.6844482077335591 	Best Valid Acc: 0.716483
Epoch: 180 	Training Cost: 8176.874765	 Valid Acc: 0.6826136042901496 	Best Valid Acc: 0.716483
Epoch: 181 	Training Cost: 8175.792878	 Valid Acc: 0.6862828111769687 	Best Valid Acc: 0.716483
Epoch: 182 	Training Cost: 8165.119088	 Valid Acc: 0.6823313576065482 	Best Valid Acc: 0.716483
Epoch: 183 	Training Cost: 8156.018825	 Valid Acc: 0.6848715777589613 	Best Valid Acc: 0.716483
Epoch: 184 	Training Cost: 8153.724101	 Valid Acc: 0.6831780976573525 	Best Valid Acc: 0.716483
Epoch: 185 	Training Cost: 8139.860735	 Valid Acc: 0.6831780976573525 	Best Valid Acc: 0.716483
Epoch: 186 	Training Cost: 8136.920138	 Valid Acc: 0.6824724809483489 	Best Valid Acc: 0.716483
Epoch: 187 	Training Cost: 8125.855873	 Valid Acc: 0.6836014676827548 	Best Valid Acc: 0.716483
Epoch: 188 	Training Cost: 8121.225662	 Valid Acc: 0.6816257408975445 	Best Valid Acc: 0.716483
Epoch: 189 	Training Cost: 8112.929887	 Valid Acc: 0.6826136042901496 	Best Valid Acc: 0.716483
Epoch: 190 	Training Cost: 8107.353417	 Valid Acc: 0.6847304544171606 	Best Valid Acc: 0.716483
Epoch: 191 	Training Cost: 8093.861293	 Valid Acc: 0.6851538244425628 	Best Valid Acc: 0.716483
Epoch: 192 	Training Cost: 8084.402530	 Valid Acc: 0.6847304544171606 	Best Valid Acc: 0.716483
Epoch: 193 	Training Cost: 8083.420465	 Valid Acc: 0.6862828111769687 	Best Valid Acc: 0.716483
Epoch: 194 	Training Cost: 8069.626712	 Valid Acc: 0.6838837143663562 	Best Valid Acc: 0.716483
Epoch: 195 	Training Cost: 8067.132106	 Valid Acc: 0.6843070843917584 	Best Valid Acc: 0.716483
Epoch: 196 	Training Cost: 8054.905530	 Valid Acc: 0.6816257408975445 	Best Valid Acc: 0.716483
Epoch: 197 	Training Cost: 8045.655328	 Valid Acc: 0.6874117979113745 	Best Valid Acc: 0.716483
Epoch: 198 	Training Cost: 8048.287836	 Valid Acc: 0.6844482077335591 	Best Valid Acc: 0.716483
Epoch: 199 	Training Cost: 8031.690759	 Valid Acc: 0.6855771944679651 	Best Valid Acc: 0.716483
Epoch: 200 	Training Cost: 8020.205357	 Valid Acc: 0.6851538244425628 	Best Valid Acc: 0.716483
lr=2e-05, lamb=0.0001, num_epoch=200, test_acc=0.6926333615580017
----------------------------------------------------------
----------------------------------------------------------
lr=2e-05, lamb=0.001, num_epoch=200
Epoch: 1 	Training Cost: 13792.956641	 Valid Acc: 0.6710414902624894 	Best Valid Acc: 0.671041
Epoch: 2 	Training Cost: 12041.870087	 Valid Acc: 0.6809201241885408 	Best Valid Acc: 0.680920
Epoch: 3 	Training Cost: 11723.379751	 Valid Acc: 0.6826136042901496 	Best Valid Acc: 0.682614
Epoch: 4 	Training Cost: 11623.515619	 Valid Acc: 0.6836014676827548 	Best Valid Acc: 0.683601
Epoch: 5 	Training Cost: 11568.231048	 Valid Acc: 0.6844482077335591 	Best Valid Acc: 0.684448
Epoch: 6 	Training Cost: 11525.543151	 Valid Acc: 0.6847304544171606 	Best Valid Acc: 0.684730
Epoch: 7 	Training Cost: 11484.269270	 Valid Acc: 0.6847304544171606 	Best Valid Acc: 0.684730
Epoch: 8 	Training Cost: 11436.208734	 Valid Acc: 0.682895850973751 	Best Valid Acc: 0.684730
Epoch: 9 	Training Cost: 11374.013890	 Valid Acc: 0.6809201241885408 	Best Valid Acc: 0.684730
Epoch: 10 	Training Cost: 11294.770072	 Valid Acc: 0.6816257408975445 	Best Valid Acc: 0.684730
Epoch: 11 	Training Cost: 11208.862336	 Valid Acc: 0.6850127011007621 	Best Valid Acc: 0.685013
Epoch: 12 	Training Cost: 11118.944234	 Valid Acc: 0.689810894721987 	Best Valid Acc: 0.689811
Epoch: 13 	Training Cost: 11005.158242	 Valid Acc: 0.6963025684448207 	Best Valid Acc: 0.696303
Epoch: 14 	Training Cost: 10853.636778	 Valid Acc: 0.7015241320914479 	Best Valid Acc: 0.701524
Epoch: 15 	Training Cost: 10690.935823	 Valid Acc: 0.7033587355348575 	Best Valid Acc: 0.703359
Epoch: 16 	Training Cost: 10558.460484	 Valid Acc: 0.7064634490544736 	Best Valid Acc: 0.706463
Epoch: 17 	Training Cost: 10461.627722	 Valid Acc: 0.7063223257126728 	Best Valid Acc: 0.706463
Epoch: 18 	Training Cost: 10389.046793	 Valid Acc: 0.7084391758396839 	Best Valid Acc: 0.708439
Epoch: 19 	Training Cost: 10332.302111	 Valid Acc: 0.7077335591306803 	Best Valid Acc: 0.708439
Epoch: 20 	Training Cost: 10286.316468	 Valid Acc: 0.7064634490544736 	Best Valid Acc: 0.708439
Epoch: 21 	Training Cost: 10248.330892	 Valid Acc: 0.7080158058142817 	Best Valid Acc: 0.708439
Epoch: 22 	Training Cost: 10216.318638	 Valid Acc: 0.7092859158904883 	Best Valid Acc: 0.709286
Epoch: 23 	Training Cost: 10188.928542	 Valid Acc: 0.7108382726502963 	Best Valid Acc: 0.710838
Epoch: 24 	Training Cost: 10164.998591	 Valid Acc: 0.7126728760937059 	Best Valid Acc: 0.712673
Epoch: 25 	Training Cost: 10143.642573	 Valid Acc: 0.714225232853514 	Best Valid Acc: 0.714225
Epoch: 26 	Training Cost: 10124.228359	 Valid Acc: 0.7159187129551228 	Best Valid Acc: 0.715919
Epoch: 27 	Training Cost: 10106.221829	 Valid Acc: 0.7154953429297206 	Best Valid Acc: 0.715919
Epoch: 28 	Training Cost: 10089.353793	 Valid Acc: 0.715777589613322 	Best Valid Acc: 0.715919
Epoch: 29 	Training Cost: 10073.349575	 Valid Acc: 0.7150719729043183 	Best Valid Acc: 0.715919
Epoch: 30 	Training Cost: 10058.152349	 Valid Acc: 0.7149308495625176 	Best Valid Acc: 0.715919
Epoch: 31 	Training Cost: 10043.564883	 Valid Acc: 0.714225232853514 	Best Valid Acc: 0.715919
Epoch: 32 	Training Cost: 10029.524711	 Valid Acc: 0.714225232853514 	Best Valid Acc: 0.715919
Epoch: 33 	Training Cost: 10016.112522	 Valid Acc: 0.713660739486311 	Best Valid Acc: 0.715919
Epoch: 34 	Training Cost: 10002.956043	 Valid Acc: 0.7147897262207169 	Best Valid Acc: 0.715919
Epoch: 35 	Training Cost: 9990.263780	 Valid Acc: 0.7149308495625176 	Best Valid Acc: 0.715919
Epoch: 36 	Training Cost: 9977.944026	 Valid Acc: 0.7154953429297206 	Best Valid Acc: 0.715919
Epoch: 37 	Training Cost: 9966.058862	 Valid Acc: 0.715777589613322 	Best Valid Acc: 0.715919
Epoch: 38 	Training Cost: 9954.544232	 Valid Acc: 0.7160598362969235 	Best Valid Acc: 0.716060
Epoch: 39 	Training Cost: 9943.471044	 Valid Acc: 0.7159187129551228 	Best Valid Acc: 0.716060
Epoch: 40 	Training Cost: 9932.892903	 Valid Acc: 0.7159187129551228 	Best Valid Acc: 0.716060
Epoch: 41 	Training Cost: 9922.661065	 Valid Acc: 0.7150719729043183 	Best Valid Acc: 0.716060
Epoch: 42 	Training Cost: 9912.912979	 Valid Acc: 0.715777589613322 	Best Valid Acc: 0.716060
Epoch: 43 	Training Cost: 9903.523326	 Valid Acc: 0.7160598362969235 	Best Valid Acc: 0.716060
Epoch: 44 	Training Cost: 9894.593882	 Valid Acc: 0.7156364662715213 	Best Valid Acc: 0.716060
Epoch: 45 	Training Cost: 9885.872113	 Valid Acc: 0.7163420829805249 	Best Valid Acc: 0.716342
Epoch: 46 	Training Cost: 9877.632757	 Valid Acc: 0.7169065763477279 	Best Valid Acc: 0.716907
Epoch: 47 	Training Cost: 9869.637206	 Valid Acc: 0.7162009596387242 	Best Valid Acc: 0.716907
Epoch: 48 	Training Cost: 9862.158328	 Valid Acc: 0.7160598362969235 	Best Valid Acc: 0.716907
Epoch: 49 	Training Cost: 9854.933868	 Valid Acc: 0.7152130962461191 	Best Valid Acc: 0.716907
Epoch: 50 	Training Cost: 9848.713837	 Valid Acc: 0.7156364662715213 	Best Valid Acc: 0.716907
Epoch: 51 	Training Cost: 9842.395477	 Valid Acc: 0.7149308495625176 	Best Valid Acc: 0.716907
Epoch: 52 	Training Cost: 9837.254655	 Valid Acc: 0.7153542195879199 	Best Valid Acc: 0.716907
Epoch: 53 	Training Cost: 9830.081999	 Valid Acc: 0.7156364662715213 	Best Valid Acc: 0.716907
Epoch: 54 	Training Cost: 9824.916500	 Valid Acc: 0.715777589613322 	Best Valid Acc: 0.716907
Epoch: 55 	Training Cost: 9818.613100	 Valid Acc: 0.7152130962461191 	Best Valid Acc: 0.716907
Epoch: 56 	Training Cost: 9812.706880	 Valid Acc: 0.7154953429297206 	Best Valid Acc: 0.716907
Epoch: 57 	Training Cost: 9806.696433	 Valid Acc: 0.7154953429297206 	Best Valid Acc: 0.716907
Epoch: 58 	Training Cost: 9799.504500	 Valid Acc: 0.7149308495625176 	Best Valid Acc: 0.716907
Epoch: 59 	Training Cost: 9793.595617	 Valid Acc: 0.7152130962461191 	Best Valid Acc: 0.716907
Epoch: 60 	Training Cost: 9785.273277	 Valid Acc: 0.7153542195879199 	Best Valid Acc: 0.716907
Epoch: 61 	Training Cost: 9777.632303	 Valid Acc: 0.7140841095117132 	Best Valid Acc: 0.716907
Epoch: 62 	Training Cost: 9769.336587	 Valid Acc: 0.7150719729043183 	Best Valid Acc: 0.716907
Epoch: 63 	Training Cost: 9758.735614	 Valid Acc: 0.7150719729043183 	Best Valid Acc: 0.716907
Epoch: 64 	Training Cost: 9748.271004	 Valid Acc: 0.7146486028789162 	Best Valid Acc: 0.716907
Epoch: 65 	Training Cost: 9735.632466	 Valid Acc: 0.7145074795371155 	Best Valid Acc: 0.716907
Epoch: 66 	Training Cost: 9721.756205	 Valid Acc: 0.7152130962461191 	Best Valid Acc: 0.716907
Epoch: 67 	Training Cost: 9706.105042	 Valid Acc: 0.7133784928027096 	Best Valid Acc: 0.716907
Epoch: 68 	Training Cost: 9691.167406	 Valid Acc: 0.7159187129551228 	Best Valid Acc: 0.716907
Epoch: 69 	Training Cost: 9676.678567	 Valid Acc: 0.7126728760937059 	Best Valid Acc: 0.716907
Epoch: 70 	Training Cost: 9662.768636	 Valid Acc: 0.7153542195879199 	Best Valid Acc: 0.716907
Epoch: 71 	Training Cost: 9649.133637	 Valid Acc: 0.7119672593847022 	Best Valid Acc: 0.716907
Epoch: 72 	Training Cost: 9636.819537	 Valid Acc: 0.7147897262207169 	Best Valid Acc: 0.716907
Epoch: 73 	Training Cost: 9624.948147	 Valid Acc: 0.7115438893593 	Best Valid Acc: 0.716907
Epoch: 74 	Training Cost: 9613.461273	 Valid Acc: 0.7140841095117132 	Best Valid Acc: 0.716907
Epoch: 75 	Training Cost: 9602.271318	 Valid Acc: 0.7116850127011007 	Best Valid Acc: 0.716907
Epoch: 76 	Training Cost: 9591.028521	 Valid Acc: 0.715777589613322 	Best Valid Acc: 0.716907
Epoch: 77 	Training Cost: 9579.594952	 Valid Acc: 0.7128139994355066 	Best Valid Acc: 0.716907
Epoch: 78 	Training Cost: 9568.096264	 Valid Acc: 0.7150719729043183 	Best Valid Acc: 0.716907
Epoch: 79 	Training Cost: 9555.824299	 Valid Acc: 0.7145074795371155 	Best Valid Acc: 0.716907
Epoch: 80 	Training Cost: 9544.607056	 Valid Acc: 0.714225232853514 	Best Valid Acc: 0.716907
Epoch: 81 	Training Cost: 9532.042908	 Valid Acc: 0.7140841095117132 	Best Valid Acc: 0.716907
Epoch: 82 	Training Cost: 9520.351165	 Valid Acc: 0.7126728760937059 	Best Valid Acc: 0.716907
Epoch: 83 	Training Cost: 9507.007927	 Valid Acc: 0.7132373694609089 	Best Valid Acc: 0.716907
Epoch: 84 	Training Cost: 9493.398464	 Valid Acc: 0.7145074795371155 	Best Valid Acc: 0.716907
Epoch: 85 	Training Cost: 9480.381050	 Valid Acc: 0.7125317527519052 	Best Valid Acc: 0.716907
Epoch: 86 	Training Cost: 9466.702872	 Valid Acc: 0.7132373694609089 	Best Valid Acc: 0.716907
Epoch: 87 	Training Cost: 9453.244399	 Valid Acc: 0.7108382726502963 	Best Valid Acc: 0.716907
Epoch: 88 	Training Cost: 9438.644138	 Valid Acc: 0.7111205193338979 	Best Valid Acc: 0.716907
Epoch: 89 	Training Cost: 9424.674427	 Valid Acc: 0.7129551227773073 	Best Valid Acc: 0.716907
Epoch: 90 	Training Cost: 9410.589296	 Valid Acc: 0.7118261360429015 	Best Valid Acc: 0.716907
Epoch: 91 	Training Cost: 9396.875171	 Valid Acc: 0.7119672593847022 	Best Valid Acc: 0.716907
Epoch: 92 	Training Cost: 9384.614673	 Valid Acc: 0.7109793959920971 	Best Valid Acc: 0.716907
Epoch: 93 	Training Cost: 9371.537572	 Valid Acc: 0.7088625458650861 	Best Valid Acc: 0.716907
Epoch: 94 	Training Cost: 9358.425868	 Valid Acc: 0.7081569291560824 	Best Valid Acc: 0.716907
Epoch: 95 	Training Cost: 9345.678557	 Valid Acc: 0.7084391758396839 	Best Valid Acc: 0.716907
Epoch: 96 	Training Cost: 9334.693861	 Valid Acc: 0.7060400790290714 	Best Valid Acc: 0.716907
Epoch: 97 	Training Cost: 9322.616584	 Valid Acc: 0.7070279424216765 	Best Valid Acc: 0.716907
Epoch: 98 	Training Cost: 9311.096639	 Valid Acc: 0.7047699689528648 	Best Valid Acc: 0.716907
Epoch: 99 	Training Cost: 9300.087688	 Valid Acc: 0.7058989556872707 	Best Valid Acc: 0.716907
Epoch: 100 	Training Cost: 9289.115537	 Valid Acc: 0.7060400790290714 	Best Valid Acc: 0.716907
Epoch: 101 	Training Cost: 9277.688606	 Valid Acc: 0.7087214225232854 	Best Valid Acc: 0.716907
Epoch: 102 	Training Cost: 9267.183215	 Valid Acc: 0.7058989556872707 	Best Valid Acc: 0.716907
Epoch: 103 	Training Cost: 9257.258044	 Valid Acc: 0.7071690657634773 	Best Valid Acc: 0.716907
Epoch: 104 	Training Cost: 9247.785513	 Valid Acc: 0.7077335591306803 	Best Valid Acc: 0.716907
Epoch: 105 	Training Cost: 9239.048816	 Valid Acc: 0.707874682472481 	Best Valid Acc: 0.716907
Epoch: 106 	Training Cost: 9226.854603	 Valid Acc: 0.7063223257126728 	Best Valid Acc: 0.716907
Epoch: 107 	Training Cost: 9218.148748	 Valid Acc: 0.707874682472481 	Best Valid Acc: 0.716907
Epoch: 108 	Training Cost: 9210.059981	 Valid Acc: 0.7058989556872707 	Best Valid Acc: 0.716907
Epoch: 109 	Training Cost: 9200.159544	 Valid Acc: 0.7067456957380751 	Best Valid Acc: 0.716907
Epoch: 110 	Training Cost: 9190.071957	 Valid Acc: 0.7061812023708721 	Best Valid Acc: 0.716907
Epoch: 111 	Training Cost: 9183.349834	 Valid Acc: 0.7054755856618685 	Best Valid Acc: 0.716907
Epoch: 112 	Training Cost: 9174.363801	 Valid Acc: 0.70575783234547 	Best Valid Acc: 0.716907
Epoch: 113 	Training Cost: 9163.838617	 Valid Acc: 0.7054755856618685 	Best Valid Acc: 0.716907
Epoch: 114 	Training Cost: 9155.097722	 Valid Acc: 0.7049110922946655 	Best Valid Acc: 0.716907
Epoch: 115 	Training Cost: 9146.204426	 Valid Acc: 0.7050522156364663 	Best Valid Acc: 0.716907
Epoch: 116 	Training Cost: 9139.077002	 Valid Acc: 0.7039232289020604 	Best Valid Acc: 0.716907
Epoch: 117 	Training Cost: 9130.517228	 Valid Acc: 0.7067456957380751 	Best Valid Acc: 0.716907
Epoch: 118 	Training Cost: 9122.068471	 Valid Acc: 0.7047699689528648 	Best Valid Acc: 0.716907
Epoch: 119 	Training Cost: 9112.966943	 Valid Acc: 0.7034998588766582 	Best Valid Acc: 0.716907
Epoch: 120 	Training Cost: 9105.244659	 Valid Acc: 0.7046288456110641 	Best Valid Acc: 0.716907
Epoch: 121 	Training Cost: 9097.394991	 Valid Acc: 0.7020886254586508 	Best Valid Acc: 0.716907
Epoch: 122 	Training Cost: 9089.816839	 Valid Acc: 0.7033587355348575 	Best Valid Acc: 0.716907
Epoch: 123 	Training Cost: 9083.234311	 Valid Acc: 0.7020886254586508 	Best Valid Acc: 0.716907
Epoch: 124 	Training Cost: 9074.702137	 Valid Acc: 0.7016652554332486 	Best Valid Acc: 0.716907
Epoch: 125 	Training Cost: 9066.685766	 Valid Acc: 0.7032176121930568 	Best Valid Acc: 0.716907
Epoch: 126 	Training Cost: 9059.879404	 Valid Acc: 0.7029353655094552 	Best Valid Acc: 0.716907
Epoch: 127 	Training Cost: 9052.813160	 Valid Acc: 0.7002540220152413 	Best Valid Acc: 0.716907
Epoch: 128 	Training Cost: 9044.325356	 Valid Acc: 0.7018063787750494 	Best Valid Acc: 0.716907
Epoch: 129 	Training Cost: 9035.982625	 Valid Acc: 0.7009596387242449 	Best Valid Acc: 0.716907
Epoch: 130 	Training Cost: 9030.701107	 Valid Acc: 0.6985605419136325 	Best Valid Acc: 0.716907
Epoch: 131 	Training Cost: 9024.296186	 Valid Acc: 0.7005362686988428 	Best Valid Acc: 0.716907
Epoch: 132 	Training Cost: 9015.408252	 Valid Acc: 0.6996895286480384 	Best Valid Acc: 0.716907
Epoch: 133 	Training Cost: 9010.906534	 Valid Acc: 0.7006773920406435 	Best Valid Acc: 0.716907
Epoch: 134 	Training Cost: 9002.896547	 Valid Acc: 0.6992661586226362 	Best Valid Acc: 0.716907
Epoch: 135 	Training Cost: 8995.948911	 Valid Acc: 0.7005362686988428 	Best Valid Acc: 0.716907
Epoch: 136 	Training Cost: 8988.726792	 Valid Acc: 0.6975726785210273 	Best Valid Acc: 0.716907
Epoch: 137 	Training Cost: 8981.754529	 Valid Acc: 0.6989839119390348 	Best Valid Acc: 0.716907
Epoch: 138 	Training Cost: 8975.699789	 Valid Acc: 0.6999717753316399 	Best Valid Acc: 0.716907
Epoch: 139 	Training Cost: 8968.885129	 Valid Acc: 0.698842788597234 	Best Valid Acc: 0.716907
Epoch: 140 	Training Cost: 8960.901118	 Valid Acc: 0.6999717753316399 	Best Valid Acc: 0.716907
Epoch: 141 	Training Cost: 8955.265112	 Valid Acc: 0.7006773920406435 	Best Valid Acc: 0.716907
Epoch: 142 	Training Cost: 8949.415780	 Valid Acc: 0.6995484053062376 	Best Valid Acc: 0.716907
Epoch: 143 	Training Cost: 8941.410201	 Valid Acc: 0.7012418854078465 	Best Valid Acc: 0.716907
Epoch: 144 	Training Cost: 8933.732289	 Valid Acc: 0.698842788597234 	Best Valid Acc: 0.716907
Epoch: 145 	Training Cost: 8928.630829	 Valid Acc: 0.6984194185718318 	Best Valid Acc: 0.716907
Epoch: 146 	Training Cost: 8921.881820	 Valid Acc: 0.6999717753316399 	Best Valid Acc: 0.716907
Epoch: 147 	Training Cost: 8914.100375	 Valid Acc: 0.6979960485464296 	Best Valid Acc: 0.716907
Epoch: 148 	Training Cost: 8909.156108	 Valid Acc: 0.6995484053062376 	Best Valid Acc: 0.716907
Epoch: 149 	Training Cost: 8904.598337	 Valid Acc: 0.698278295230031 	Best Valid Acc: 0.716907
Epoch: 150 	Training Cost: 8894.461816	 Valid Acc: 0.6977138018628282 	Best Valid Acc: 0.716907
Epoch: 151 	Training Cost: 8888.977448	 Valid Acc: 0.698842788597234 	Best Valid Acc: 0.716907
Epoch: 152 	Training Cost: 8883.210681	 Valid Acc: 0.6957380750776179 	Best Valid Acc: 0.716907
Epoch: 153 	Training Cost: 8878.551186	 Valid Acc: 0.6998306519898391 	Best Valid Acc: 0.716907
Epoch: 154 	Training Cost: 8868.043895	 Valid Acc: 0.6971493084956252 	Best Valid Acc: 0.716907
Epoch: 155 	Training Cost: 8862.773328	 Valid Acc: 0.6999717753316399 	Best Valid Acc: 0.716907
Epoch: 156 	Training Cost: 8856.306845	 Valid Acc: 0.6955969517358171 	Best Valid Acc: 0.716907
Epoch: 157 	Training Cost: 8854.439973	 Valid Acc: 0.7006773920406435 	Best Valid Acc: 0.716907
Epoch: 158 	Training Cost: 8847.233833	 Valid Acc: 0.6989839119390348 	Best Valid Acc: 0.716907
Epoch: 159 	Training Cost: 8838.307665	 Valid Acc: 0.6994072819644369 	Best Valid Acc: 0.716907
Epoch: 160 	Training Cost: 8832.698824	 Valid Acc: 0.6975726785210273 	Best Valid Acc: 0.716907
Epoch: 161 	Training Cost: 8826.653781	 Valid Acc: 0.6989839119390348 	Best Valid Acc: 0.716907
Epoch: 162 	Training Cost: 8819.980216	 Valid Acc: 0.6995484053062376 	Best Valid Acc: 0.716907
Epoch: 163 	Training Cost: 8814.486665	 Valid Acc: 0.6977138018628282 	Best Valid Acc: 0.716907
Epoch: 164 	Training Cost: 8809.149418	 Valid Acc: 0.6975726785210273 	Best Valid Acc: 0.716907
Epoch: 165 	Training Cost: 8802.221612	 Valid Acc: 0.6985605419136325 	Best Valid Acc: 0.716907
Epoch: 166 	Training Cost: 8796.563521	 Valid Acc: 0.698278295230031 	Best Valid Acc: 0.716907
Epoch: 167 	Training Cost: 8791.314867	 Valid Acc: 0.6978549252046289 	Best Valid Acc: 0.716907
Epoch: 168 	Training Cost: 8784.705861	 Valid Acc: 0.6979960485464296 	Best Valid Acc: 0.716907
Epoch: 169 	Training Cost: 8780.688980	 Valid Acc: 0.6978549252046289 	Best Valid Acc: 0.716907
Epoch: 170 	Training Cost: 8773.356466	 Valid Acc: 0.6974315551792266 	Best Valid Acc: 0.716907
Epoch: 171 	Training Cost: 8766.665959	 Valid Acc: 0.6971493084956252 	Best Valid Acc: 0.716907
Epoch: 172 	Training Cost: 8760.875902	 Valid Acc: 0.6968670618120237 	Best Valid Acc: 0.716907
Epoch: 173 	Training Cost: 8755.417837	 Valid Acc: 0.6970081851538245 	Best Valid Acc: 0.716907
Epoch: 174 	Training Cost: 8748.471070	 Valid Acc: 0.6992661586226362 	Best Valid Acc: 0.716907
Epoch: 175 	Training Cost: 8745.111237	 Valid Acc: 0.6991250352808355 	Best Valid Acc: 0.716907
Epoch: 176 	Training Cost: 8736.223958	 Valid Acc: 0.6987016652554332 	Best Valid Acc: 0.716907
Epoch: 177 	Training Cost: 8733.443279	 Valid Acc: 0.6981371718882303 	Best Valid Acc: 0.716907
Epoch: 178 	Training Cost: 8727.361652	 Valid Acc: 0.6965848151284222 	Best Valid Acc: 0.716907
Epoch: 179 	Training Cost: 8724.057852	 Valid Acc: 0.6978549252046289 	Best Valid Acc: 0.716907
Epoch: 180 	Training Cost: 8714.608299	 Valid Acc: 0.6964436917866215 	Best Valid Acc: 0.716907
Epoch: 181 	Training Cost: 8714.909914	 Valid Acc: 0.6984194185718318 	Best Valid Acc: 0.716907
Epoch: 182 	Training Cost: 8705.870302	 Valid Acc: 0.698278295230031 	Best Valid Acc: 0.716907
Epoch: 183 	Training Cost: 8700.375213	 Valid Acc: 0.6984194185718318 	Best Valid Acc: 0.716907
Epoch: 184 	Training Cost: 8693.784826	 Valid Acc: 0.6957380750776179 	Best Valid Acc: 0.716907
Epoch: 185 	Training Cost: 8691.207072	 Valid Acc: 0.6981371718882303 	Best Valid Acc: 0.716907
Epoch: 186 	Training Cost: 8682.616966	 Valid Acc: 0.6951735817104149 	Best Valid Acc: 0.716907
Epoch: 187 	Training Cost: 8680.142720	 Valid Acc: 0.6977138018628282 	Best Valid Acc: 0.716907
Epoch: 188 	Training Cost: 8676.375843	 Valid Acc: 0.6968670618120237 	Best Valid Acc: 0.716907
Epoch: 189 	Training Cost: 8666.597488	 Valid Acc: 0.6960203217612193 	Best Valid Acc: 0.716907
Epoch: 190 	Training Cost: 8665.000489	 Valid Acc: 0.698842788597234 	Best Valid Acc: 0.716907
Epoch: 191 	Training Cost: 8661.554380	 Valid Acc: 0.6948913350268134 	Best Valid Acc: 0.716907
Epoch: 192 	Training Cost: 8655.118041	 Valid Acc: 0.698278295230031 	Best Valid Acc: 0.716907
Epoch: 193 	Training Cost: 8648.563690	 Valid Acc: 0.69616144510302 	Best Valid Acc: 0.716907
Epoch: 194 	Training Cost: 8644.895820	 Valid Acc: 0.69616144510302 	Best Valid Acc: 0.716907
Epoch: 195 	Training Cost: 8639.484904	 Valid Acc: 0.6943268416596104 	Best Valid Acc: 0.716907
Epoch: 196 	Training Cost: 8632.862034	 Valid Acc: 0.6926333615580017 	Best Valid Acc: 0.716907
Epoch: 197 	Training Cost: 8630.405941	 Valid Acc: 0.6931978549252046 	Best Valid Acc: 0.716907
Epoch: 198 	Training Cost: 8626.195387	 Valid Acc: 0.6958791984194186 	Best Valid Acc: 0.716907
Epoch: 199 	Training Cost: 8619.353265	 Valid Acc: 0.6950324583686142 	Best Valid Acc: 0.716907
Epoch: 200 	Training Cost: 8616.960600	 Valid Acc: 0.6953147050522156 	Best Valid Acc: 0.716907
lr=2e-05, lamb=0.001, num_epoch=200, test_acc=0.6869884278859724
----------------------------------------------------------
lr=2e-05, lamb=0, best_valid_acc=([13431.893745779991, 11816.115118980408, 11518.069483876228, 11424.582429409027, 11374.530951797962, 11336.279762387276, 11295.079620063305, 11238.234499633312, 11156.244674742222, 11060.890148460865, 10969.811353087425, 10874.977713406086, 10762.155898809433, 10626.548260629177, 10486.549861550331, 10365.582213640213, 10268.822172164917, 10192.223090469837, 10130.296323120594, 10078.348586052656, 10033.708306908607, 9994.209714129567, 9958.483381867409, 9925.701447069645, 9895.291438281536, 9866.717755287886, 9839.698449581861, 9813.850922614336, 9789.343175053596, 9766.254028245807, 9744.548457480967, 9724.069483421743, 9704.735803760588, 9686.389914572239, 9668.737925767899, 9651.585868939757, 9634.872961200774, 9618.338442191482, 9601.752407744527, 9584.413501277566, 9565.808430537581, 9546.478303875774, 9525.284927546978, 9502.77362627536, 9478.715381219983, 9456.123381894082, 9435.039561383426, 9415.376975424588, 9395.739647712559, 9379.401277065277, 9361.444107789546, 9344.816212568432, 9327.426209386438, 9310.051615832373, 9291.629317943007, 9275.036791075021, 9254.922900971025, 9237.99266430363, 9221.170168109238, 9202.806801836938, 9182.179043380544, 9165.026182122529, 9146.210074799135, 9128.262535475194, 9111.579364309087, 9093.128297749907, 9074.783376425505, 9056.41740667075, 9041.447175076231, 9022.20281766355, 9005.480633335188, 8990.544077634811, 8973.838623216376, 8956.85010130331, 8941.444579191506, 8925.568225946277, 8907.999834656715, 8892.673519439995, 8878.927928376943, 8862.263185329735, 8847.441554103047, 8832.877885300666, 8817.426391359419, 8802.434453541413, 8786.507877850905, 8771.96667060256, 8758.287558635697, 8742.079121140763, 8728.482888581231, 8711.995132346638, 8697.325022214092, 8682.408670144156, 8668.03121404443, 8653.41209922731, 8638.537509156391, 8624.39081357047, 8607.637041285634, 8593.250536921434, 8581.099243364297, 8564.773975723423, 8550.699082557112, 8535.584408443421, 8520.13990919292, 8507.23221070692, 8492.800703814253, 8476.241260457784, 8463.15971814841, 8447.386891264468, 8433.651882993057, 8421.125507460907, 8404.022502081469, 8390.165665224195, 8375.579286824912, 8360.982890475541, 8349.785357408226, 8337.443405559286, 8320.84623320587, 8305.48829148151, 8294.929624605924, 8282.861939772964, 8266.634073233232, 8250.709892503917, 8239.222806317732, 8226.61644015275, 8212.89687080495, 8199.208048997447, 8185.3132032081485, 8171.226600555703, 8157.353816036135, 8145.041240617633, 8130.440553851426, 8118.502449404448, 8101.913563370705, 8083.318094247952, 8072.895074795932, 8053.5413801930845, 8038.831119760871, 8022.516364226118, 8003.808992780745, 7983.020189067349, 7962.322145480663, 7942.061550736427, 7922.86915236339, 7902.851913236082, 7875.5094209723175, 7852.1439812891185, 7831.452706582844, 7808.567311227322, 7784.890108440071, 7763.2224893420935, 7742.473364133388, 7720.50657152012, 7700.359512094408, 7677.254326062277, 7657.045927440748, 7638.457710467279, 7615.223865645006, 7597.442919993773, 7580.152551820502, 7558.156430285424, 7540.544140536338, 7520.5941725913435, 7501.896704370156, 7484.023768087849, 7467.438082659617, 7446.501812778413, 7431.617198193446, 7413.341476809233, 7393.745019798167, 7381.916012390517, 7360.798643451184, 7342.557021241635, 7327.19150848873, 7309.808145438321, 7291.779642409645, 7271.5876831440255, 7260.333540964872, 7241.4198131952435, 7227.578995665535, 7208.275995563716, 7186.64973310288, 7177.723521448672, 7161.826570474077, 7140.264250067063, 7123.819003540557, 7111.764128404204, 7091.661282786634, 7075.73187914677, 7060.789377131499, 7043.797686505597, 7027.5620551863685, 7012.311761689372, 6995.307495008223, 6979.368056457024, 6959.569590025116, 6940.243011116516, 6939.246352929622, 6912.806982637849, 6898.608617614023, 6879.732282801997], [0.6577758961332204, 0.6754163138583121, 0.6761219305673158, 0.6816257408975445, 0.6837425910245555, 0.6848715777589613, 0.682895850973751, 0.6817668642393452, 0.6850127011007621, 0.6855771944679651, 0.6865650578605701, 0.6936212249506069, 0.6963025684448207, 0.7009596387242449, 0.7044877222692634, 0.7047699689528648, 0.7056167090036692, 0.7054755856618685, 0.7066045723962744, 0.7066045723962744, 0.7075924357888794, 0.7081569291560824, 0.7108382726502963, 0.7116850127011007, 0.7128139994355066, 0.713660739486311, 0.7153542195879199, 0.7166243296641265, 0.7171888230313294, 0.7153542195879199, 0.7152130962461191, 0.7150719729043183, 0.7154953429297206, 0.7162009596387242, 0.7170476996895286, 0.7173299463731301, 0.7160598362969235, 0.7160598362969235, 0.7149308495625176, 0.7149308495625176, 0.7147897262207169, 0.7139429861699125, 0.7152130962461191, 0.7140841095117132, 0.7140841095117132, 0.7133784928027096, 0.7116850127011007, 0.712108382726503, 0.712108382726503, 0.7116850127011007, 0.7125317527519052, 0.7132373694609089, 0.7128139994355066, 0.7118261360429015, 0.7105560259666949, 0.7115438893593, 0.7104149026248942, 0.7082980524978831, 0.7066045723962744, 0.7068868190798758, 0.7066045723962744, 0.7077335591306803, 0.707310189105278, 0.7104149026248942, 0.7053344623200677, 0.7068868190798758, 0.7061812023708721, 0.7049110922946655, 0.7060400790290714, 0.7040643522438611, 0.7050522156364663, 0.7040643522438611, 0.7037821055602597, 0.7033587355348575, 0.7026531188258538, 0.7034998588766582, 0.7025119954840531, 0.7025119954840531, 0.7033587355348575, 0.7027942421676545, 0.7018063787750494, 0.7025119954840531, 0.6998306519898391, 0.6996895286480384, 0.7001128986734406, 0.7003951453570421, 0.7015241320914479, 0.7005362686988428, 0.6987016652554332, 0.6996895286480384, 0.7001128986734406, 0.7002540220152413, 0.7003951453570421, 0.6989839119390348, 0.6998306519898391, 0.6996895286480384, 0.6994072819644369, 0.7016652554332486, 0.6975726785210273, 0.6975726785210273, 0.6998306519898391, 0.6987016652554332, 0.696725938470223, 0.6965848151284222, 0.6968670618120237, 0.6960203217612193, 0.6972904318374259, 0.6977138018628282, 0.6954558283940163, 0.6954558283940163, 0.6960203217612193, 0.6958791984194186, 0.6960203217612193, 0.6964436917866215, 0.696725938470223, 0.6934801016088061, 0.696725938470223, 0.6953147050522156, 0.6957380750776179, 0.694609088343212, 0.6939034716342083, 0.6930567315834039, 0.6944679650014113, 0.6931978549252046, 0.6922099915325995, 0.692492238216201, 0.6930567315834039, 0.6931978549252046, 0.6902342647473892, 0.6934801016088061, 0.6902342647473892, 0.691927744848998, 0.6937623482924076, 0.6902342647473892, 0.6881174146203782, 0.6916454981653966, 0.6900931414055885, 0.6922099915325995, 0.6891052780129834, 0.6913632514817951, 0.6910810047981937, 0.6902342647473892, 0.69037538808919, 0.6885407846457804, 0.6874117979113745, 0.6905165114309907, 0.6896697713801863, 0.6892464013547841, 0.6881174146203782, 0.6871295512277731, 0.6857183178097658, 0.687694044594976, 0.6869884278859724, 0.6867061812023709, 0.6868473045441716, 0.6847304544171606, 0.6854360711261642, 0.6854360711261642, 0.6865650578605701, 0.6851538244425628, 0.683460344340954, 0.6861416878351679, 0.6836014676827548, 0.6831780976573525, 0.683460344340954, 0.6821902342647473, 0.6826136042901496, 0.6837425910245555, 0.6836014676827548, 0.6827547276319503, 0.6804967541631386, 0.6816257408975445, 0.68077900084674, 0.6814846175557437, 0.6797911374541349, 0.6809201241885408, 0.679226644086932, 0.6838837143663562, 0.6783799040361276, 0.6795088907705334, 0.6779565340107254, 0.6799322607959356, 0.6790855207451313, 0.6789443974033305, 0.6776742873271239, 0.6790855207451313, 0.6797911374541349, 0.6759808072255151, 0.6789443974033305, 0.6785210273779283, 0.678662150719729, 0.6797911374541349, 0.6772509173017217, 0.6785210273779283, 0.6782387806943269, 0.6773920406435224, 0.6793677674287327, 0.6800733841377364, 0.677109793959921, 0.6783799040361276])
lr=2e-05, lamb=0.0001, best_valid_acc=([13470.204492330551, 11812.675733327866, 11531.300035178661, 11447.437866449356, 11400.80752813816, 11363.915986418724, 11322.898022055626, 11267.11995869875, 11189.122844994068, 11096.954465568066, 11002.937271595001, 10891.752650916576, 10743.610764980316, 10574.145573854446, 10427.540799736977, 10317.506447464228, 10234.134183079004, 10168.495696395636, 10115.30466273427, 10071.155943721533, 10033.29989400506, 9999.890349537134, 9970.260174274445, 9943.351141050458, 9918.502324104309, 9895.166595384479, 9872.942468166351, 9851.606456324458, 9830.98180295527, 9811.331530690193, 9792.69737342, 9775.034772023559, 9758.417069420218, 9742.648604288697, 9727.571951955557, 9712.952752500772, 9698.658447310328, 9684.57593306899, 9670.140379324555, 9655.070751562715, 9638.644337207079, 9620.587681405246, 9600.341282881796, 9578.517436780035, 9557.80495749414, 9536.043609194458, 9516.892219170928, 9501.289392590523, 9485.302683509886, 9470.361414790154, 9456.124160990119, 9442.162798427045, 9428.646925158799, 9413.790933705866, 9400.783919334412, 9384.991758972406, 9370.781149379909, 9356.643199265003, 9340.328344732523, 9324.49958050996, 9308.500138878822, 9292.988001517951, 9278.211091734469, 9262.137439973652, 9246.062934041023, 9232.53327075392, 9216.590165153146, 9205.010020717978, 9189.52386662364, 9176.615298300982, 9166.26739154756, 9152.551471337676, 9140.240965940058, 9128.359473235905, 9118.692299589515, 9104.613986045122, 9094.96061276272, 9085.026988357306, 9073.259246386588, 9060.72042875737, 9051.151404280216, 9041.931603953242, 9029.060260005295, 9022.728322792798, 9013.276867125183, 9000.165641926229, 8988.80499670282, 8981.604692332447, 8970.264635652304, 8959.172083832324, 8951.029096055776, 8940.221564255655, 8929.485164806247, 8921.048489227891, 8909.038770012558, 8899.436217673123, 8890.654111340642, 8880.837689016014, 8871.419628575444, 8860.170725878328, 8850.920332595706, 8842.647743582726, 8830.106832362711, 8822.666983824223, 8813.374266263098, 8800.518751442432, 8793.352829497308, 8784.773600749671, 8773.150812275708, 8765.900908026844, 8754.212704084814, 8745.085738167167, 8737.244502361864, 8728.217216797173, 8717.875764101744, 8708.343815252185, 8700.393826447427, 8692.147273510695, 8680.182319577783, 8672.064890995622, 8665.214216496795, 8655.474115632474, 8644.63573135063, 8636.137866746634, 8625.573697134852, 8619.857389755547, 8608.892906211317, 8599.673018366098, 8591.983370494097, 8584.173007875681, 8572.423005159944, 8565.822012323886, 8557.679898999631, 8546.809462159872, 8537.4051287584, 8531.796714801341, 8522.201199799776, 8513.59144244343, 8503.395314857364, 8494.788124274462, 8488.750058818609, 8481.53450480476, 8468.822961829603, 8462.679962918162, 8456.32319764793, 8443.482606884092, 8438.238436952233, 8431.303964145482, 8419.171811632812, 8410.984749373049, 8407.927730619907, 8394.158574335277, 8384.96881487593, 8377.818433567882, 8370.398052375764, 8363.330350954086, 8353.959859732538, 8347.248246781528, 8340.086333200336, 8332.421185996383, 8323.242811642587, 8313.622522205114, 8307.980700016022, 8300.59698992595, 8293.98417051509, 8282.075830992311, 8279.129861671478, 8271.124653324485, 8262.924135003239, 8252.327517222613, 8250.906845126301, 8237.40471893549, 8231.69795382768, 8231.599995773286, 8216.038777396083, 8208.619769953191, 8202.46881410852, 8197.418908685446, 8186.977632388473, 8176.8747651949525, 8175.792877584696, 8165.119087968022, 8156.0188246667385, 8153.724101487547, 8139.860734920949, 8136.920137871057, 8125.85587298125, 8121.225662201643, 8112.929887473583, 8107.3534170128405, 8093.861293122172, 8084.402529571205, 8083.420464579016, 8069.626711513847, 8067.132105879486, 8054.905530326068, 8045.655328307301, 8048.2878360673785, 8031.690758630633, 8020.205356922001], [0.6672311600338696, 0.6761219305673158, 0.6802145074795372, 0.6810612475303415, 0.6816257408975445, 0.6823313576065482, 0.6797911374541349, 0.6806378775049393, 0.6819079875811459, 0.6837425910245555, 0.6878351679367768, 0.6948913350268134, 0.6987016652554332, 0.7015241320914479, 0.7032176121930568, 0.7047699689528648, 0.7077335591306803, 0.7092859158904883, 0.7085802991814846, 0.709427039232289, 0.7097092859158904, 0.7106971493084956, 0.712108382726503, 0.7115438893593, 0.713096246119108, 0.7135196161445103, 0.7140841095117132, 0.7145074795371155, 0.7149308495625176, 0.7150719729043183, 0.7149308495625176, 0.7139429861699125, 0.7145074795371155, 0.7143663561953147, 0.7145074795371155, 0.7164832063223258, 0.7145074795371155, 0.714225232853514, 0.7147897262207169, 0.7147897262207169, 0.7143663561953147, 0.714225232853514, 0.7139429861699125, 0.7125317527519052, 0.7152130962461191, 0.713660739486311, 0.7149308495625176, 0.7149308495625176, 0.7138018628281118, 0.7126728760937059, 0.713660739486311, 0.713660739486311, 0.713660739486311, 0.7129551227773073, 0.713096246119108, 0.7126728760937059, 0.7126728760937059, 0.7112616426756986, 0.7123906294101044, 0.7097092859158904, 0.709991532599492, 0.709991532599492, 0.709991532599492, 0.7108382726502963, 0.7088625458650861, 0.7087214225232854, 0.709427039232289, 0.7077335591306803, 0.7080158058142817, 0.7058989556872707, 0.7070279424216765, 0.707310189105278, 0.7058989556872707, 0.7064634490544736, 0.7058989556872707, 0.7066045723962744, 0.7054755856618685, 0.7077335591306803, 0.7049110922946655, 0.7081569291560824, 0.705193338978267, 0.7053344623200677, 0.707310189105278, 0.7068868190798758, 0.7068868190798758, 0.7060400790290714, 0.7061812023708721, 0.7071690657634773, 0.7039232289020604, 0.7084391758396839, 0.7047699689528648, 0.7066045723962744, 0.7063223257126728, 0.7085802991814846, 0.70575783234547, 0.7070279424216765, 0.7047699689528648, 0.7054755856618685, 0.7043465989274627, 0.70575783234547, 0.7036409822184589, 0.7040643522438611, 0.7064634490544736, 0.7040643522438611, 0.7029353655094552, 0.7036409822184589, 0.7039232289020604, 0.7016652554332486, 0.7006773920406435, 0.7015241320914479, 0.7003951453570421, 0.7005362686988428, 0.6991250352808355, 0.7006773920406435, 0.6984194185718318, 0.6989839119390348, 0.6965848151284222, 0.7001128986734406, 0.696725938470223, 0.6972904318374259, 0.6968670618120237, 0.6981371718882303, 0.698278295230031, 0.7001128986734406, 0.6991250352808355, 0.6977138018628282, 0.6954558283940163, 0.6987016652554332, 0.6987016652554332, 0.6958791984194186, 0.6964436917866215, 0.6979960485464296, 0.6948913350268134, 0.6964436917866215, 0.6950324583686142, 0.69616144510302, 0.6929156082416031, 0.6974315551792266, 0.6931978549252046, 0.6963025684448207, 0.6934801016088061, 0.6965848151284222, 0.6913632514817951, 0.6916454981653966, 0.6937623482924076, 0.6933389782670054, 0.6933389782670054, 0.6915043748235958, 0.6907987581145921, 0.6947502116850127, 0.69037538808919, 0.69037538808919, 0.691927744848998, 0.6907987581145921, 0.6913632514817951, 0.689810894721987, 0.6885407846457804, 0.6878351679367768, 0.6899520180637877, 0.6885407846457804, 0.6891052780129834, 0.6879762912785775, 0.6892464013547841, 0.6864239345187694, 0.6860005644933672, 0.6851538244425628, 0.6854360711261642, 0.6861416878351679, 0.6857183178097658, 0.682895850973751, 0.6861416878351679, 0.6844482077335591, 0.6865650578605701, 0.682895850973751, 0.6864239345187694, 0.6833192209991532, 0.6840248377081569, 0.6848715777589613, 0.6844482077335591, 0.6826136042901496, 0.6862828111769687, 0.6823313576065482, 0.6848715777589613, 0.6831780976573525, 0.6831780976573525, 0.6824724809483489, 0.6836014676827548, 0.6816257408975445, 0.6826136042901496, 0.6847304544171606, 0.6851538244425628, 0.6847304544171606, 0.6862828111769687, 0.6838837143663562, 0.6843070843917584, 0.6816257408975445, 0.6874117979113745, 0.6844482077335591, 0.6855771944679651, 0.6851538244425628])
lr=2e-05, lamb=0.001, best_valid_acc=([13792.956640720367, 12041.870087385178, 11723.379751205444, 11623.515619039536, 11568.231047928333, 11525.543151140213, 11484.26927047968, 11436.208734095097, 11374.013889551163, 11294.77007228136, 11208.86233574152, 11118.944234192371, 11005.158241808414, 10853.636777818203, 10690.93582302332, 10558.460484206676, 10461.627721905708, 10389.046793460846, 10332.302111208439, 10286.316468179226, 10248.330891609192, 10216.318638384342, 10188.928541660309, 10164.998590618372, 10143.642572522163, 10124.228359133005, 10106.221828520298, 10089.353793382645, 10073.349574685097, 10058.152348980308, 10043.564883202314, 10029.524711295962, 10016.112522393465, 10002.95604261756, 9990.263780131936, 9977.944026321173, 9966.05886220932, 9954.544232472777, 9943.471043989062, 9932.892902806401, 9922.661065340042, 9912.91297903657, 9903.523326128721, 9894.59388203919, 9885.872113466263, 9877.632757335901, 9869.637205556035, 9862.158327758312, 9854.933868080378, 9848.713837057352, 9842.3954770118, 9837.254655480385, 9830.081999316812, 9824.916500017047, 9818.613100066781, 9812.706879734993, 9806.69643330574, 9799.504499554634, 9793.595617175102, 9785.273276641965, 9777.63230317831, 9769.336586683989, 9758.735613569617, 9748.271003603935, 9735.632465690374, 9721.756204992533, 9706.105041638017, 9691.16740630567, 9676.678566977382, 9662.768635585904, 9649.133637204766, 9636.8195374012, 9624.948147371411, 9613.461273014545, 9602.271317526698, 9591.028521329165, 9579.594952464104, 9568.096263855696, 9555.824299111962, 9544.6070561558, 9532.042907908559, 9520.351165279746, 9507.00792683661, 9493.398464024067, 9480.381050124764, 9466.702872157097, 9453.244398772717, 9438.644137769938, 9424.674427405, 9410.589295983315, 9396.875171393156, 9384.614673107862, 9371.537572354078, 9358.425868421793, 9345.678557097912, 9334.693860962987, 9322.616583675146, 9311.096639186144, 9300.087687805295, 9289.115537434816, 9277.68860566616, 9267.18321543932, 9257.258044347167, 9247.785513401031, 9239.048815697432, 9226.85460318625, 9218.148748010397, 9210.05998069048, 9200.159543544054, 9190.071956679225, 9183.349833667278, 9174.36380110681, 9163.838617116213, 9155.097722098231, 9146.204426378012, 9139.077002167702, 9130.517227709293, 9122.068471074104, 9112.966943353415, 9105.244658604264, 9097.394990891218, 9089.816839158535, 9083.234311252832, 9074.702136993408, 9066.685766398907, 9059.879404321313, 9052.813159689307, 9044.325356021523, 9035.982624515891, 9030.701106831431, 9024.296185970306, 9015.408251792192, 9010.906533807516, 9002.896547153592, 8995.948910653591, 8988.726791650057, 8981.7545286268, 8975.699788540602, 8968.885128706694, 8960.901118040085, 8955.265111848712, 8949.415779963136, 8941.41020104289, 8933.732288703322, 8928.630828782916, 8921.88181951642, 8914.100374773145, 8909.156107917428, 8904.598336562514, 8894.461816340685, 8888.977448016405, 8883.210681319237, 8878.551186159253, 8868.043894678354, 8862.77332752943, 8856.30684503913, 8854.439972788095, 8847.23383256793, 8838.307664602995, 8832.698824226856, 8826.653780519962, 8819.980216056108, 8814.48666523397, 8809.149417728186, 8802.221611872315, 8796.563520610332, 8791.314866691828, 8784.705860614777, 8780.688980355859, 8773.356466069818, 8766.665958553553, 8760.87590199709, 8755.417837113142, 8748.471070095897, 8745.111237287521, 8736.223958089948, 8733.443278849125, 8727.361652448773, 8724.05785240233, 8714.608298942447, 8714.909914135933, 8705.870301932096, 8700.375212848186, 8693.78482554853, 8691.207072347403, 8682.616966456175, 8680.142720371485, 8676.375842645764, 8666.597487911582, 8665.000489413738, 8661.554379567504, 8655.118040665984, 8648.563690066338, 8644.89582040906, 8639.484904006124, 8632.862033605576, 8630.4059407413, 8626.195387110114, 8619.353264585137, 8616.960599914193], [0.6710414902624894, 0.6809201241885408, 0.6826136042901496, 0.6836014676827548, 0.6844482077335591, 0.6847304544171606, 0.6847304544171606, 0.682895850973751, 0.6809201241885408, 0.6816257408975445, 0.6850127011007621, 0.689810894721987, 0.6963025684448207, 0.7015241320914479, 0.7033587355348575, 0.7064634490544736, 0.7063223257126728, 0.7084391758396839, 0.7077335591306803, 0.7064634490544736, 0.7080158058142817, 0.7092859158904883, 0.7108382726502963, 0.7126728760937059, 0.714225232853514, 0.7159187129551228, 0.7154953429297206, 0.715777589613322, 0.7150719729043183, 0.7149308495625176, 0.714225232853514, 0.714225232853514, 0.713660739486311, 0.7147897262207169, 0.7149308495625176, 0.7154953429297206, 0.715777589613322, 0.7160598362969235, 0.7159187129551228, 0.7159187129551228, 0.7150719729043183, 0.715777589613322, 0.7160598362969235, 0.7156364662715213, 0.7163420829805249, 0.7169065763477279, 0.7162009596387242, 0.7160598362969235, 0.7152130962461191, 0.7156364662715213, 0.7149308495625176, 0.7153542195879199, 0.7156364662715213, 0.715777589613322, 0.7152130962461191, 0.7154953429297206, 0.7154953429297206, 0.7149308495625176, 0.7152130962461191, 0.7153542195879199, 0.7140841095117132, 0.7150719729043183, 0.7150719729043183, 0.7146486028789162, 0.7145074795371155, 0.7152130962461191, 0.7133784928027096, 0.7159187129551228, 0.7126728760937059, 0.7153542195879199, 0.7119672593847022, 0.7147897262207169, 0.7115438893593, 0.7140841095117132, 0.7116850127011007, 0.715777589613322, 0.7128139994355066, 0.7150719729043183, 0.7145074795371155, 0.714225232853514, 0.7140841095117132, 0.7126728760937059, 0.7132373694609089, 0.7145074795371155, 0.7125317527519052, 0.7132373694609089, 0.7108382726502963, 0.7111205193338979, 0.7129551227773073, 0.7118261360429015, 0.7119672593847022, 0.7109793959920971, 0.7088625458650861, 0.7081569291560824, 0.7084391758396839, 0.7060400790290714, 0.7070279424216765, 0.7047699689528648, 0.7058989556872707, 0.7060400790290714, 0.7087214225232854, 0.7058989556872707, 0.7071690657634773, 0.7077335591306803, 0.707874682472481, 0.7063223257126728, 0.707874682472481, 0.7058989556872707, 0.7067456957380751, 0.7061812023708721, 0.7054755856618685, 0.70575783234547, 0.7054755856618685, 0.7049110922946655, 0.7050522156364663, 0.7039232289020604, 0.7067456957380751, 0.7047699689528648, 0.7034998588766582, 0.7046288456110641, 0.7020886254586508, 0.7033587355348575, 0.7020886254586508, 0.7016652554332486, 0.7032176121930568, 0.7029353655094552, 0.7002540220152413, 0.7018063787750494, 0.7009596387242449, 0.6985605419136325, 0.7005362686988428, 0.6996895286480384, 0.7006773920406435, 0.6992661586226362, 0.7005362686988428, 0.6975726785210273, 0.6989839119390348, 0.6999717753316399, 0.698842788597234, 0.6999717753316399, 0.7006773920406435, 0.6995484053062376, 0.7012418854078465, 0.698842788597234, 0.6984194185718318, 0.6999717753316399, 0.6979960485464296, 0.6995484053062376, 0.698278295230031, 0.6977138018628282, 0.698842788597234, 0.6957380750776179, 0.6998306519898391, 0.6971493084956252, 0.6999717753316399, 0.6955969517358171, 0.7006773920406435, 0.6989839119390348, 0.6994072819644369, 0.6975726785210273, 0.6989839119390348, 0.6995484053062376, 0.6977138018628282, 0.6975726785210273, 0.6985605419136325, 0.698278295230031, 0.6978549252046289, 0.6979960485464296, 0.6978549252046289, 0.6974315551792266, 0.6971493084956252, 0.6968670618120237, 0.6970081851538245, 0.6992661586226362, 0.6991250352808355, 0.6987016652554332, 0.6981371718882303, 0.6965848151284222, 0.6978549252046289, 0.6964436917866215, 0.6984194185718318, 0.698278295230031, 0.6984194185718318, 0.6957380750776179, 0.6981371718882303, 0.6951735817104149, 0.6977138018628282, 0.6968670618120237, 0.6960203217612193, 0.698842788597234, 0.6948913350268134, 0.698278295230031, 0.69616144510302, 0.69616144510302, 0.6943268416596104, 0.6926333615580017, 0.6931978549252046, 0.6958791984194186, 0.6950324583686142, 0.6953147050522156])
