nn8.py, two encoders + one decoder
Tuning process for lr=1e-05
----------------------------------------------------------
lr=1e-05, lamb=0, num_epoch=200
Epoch: 1 	Training Cost: 13806.701408	 Valid Acc: 0.6552356759808072 	Best Valid Acc: 0.655236
Epoch: 2 	Training Cost: 12473.205038	 Valid Acc: 0.676545300592718 	Best Valid Acc: 0.676545
Epoch: 3 	Training Cost: 11754.410248	 Valid Acc: 0.6773920406435224 	Best Valid Acc: 0.677392
Epoch: 4 	Training Cost: 11555.794804	 Valid Acc: 0.6788032740615297 	Best Valid Acc: 0.678803
Epoch: 5 	Training Cost: 11476.619839	 Valid Acc: 0.679226644086932 	Best Valid Acc: 0.679227
Epoch: 6 	Training Cost: 11435.330287	 Valid Acc: 0.6819079875811459 	Best Valid Acc: 0.681908
Epoch: 7 	Training Cost: 11410.423496	 Valid Acc: 0.6820491109229466 	Best Valid Acc: 0.682049
Epoch: 8 	Training Cost: 11393.815234	 Valid Acc: 0.6821902342647473 	Best Valid Acc: 0.682190
Epoch: 9 	Training Cost: 11381.594046	 Valid Acc: 0.6833192209991532 	Best Valid Acc: 0.683319
Epoch: 10 	Training Cost: 11371.587570	 Valid Acc: 0.6833192209991532 	Best Valid Acc: 0.683319
Epoch: 11 	Training Cost: 11362.504101	 Valid Acc: 0.6837425910245555 	Best Valid Acc: 0.683743
Epoch: 12 	Training Cost: 11353.389600	 Valid Acc: 0.6840248377081569 	Best Valid Acc: 0.684025
Epoch: 13 	Training Cost: 11343.251448	 Valid Acc: 0.6840248377081569 	Best Valid Acc: 0.684025
Epoch: 14 	Training Cost: 11331.530063	 Valid Acc: 0.6840248377081569 	Best Valid Acc: 0.684025
Epoch: 15 	Training Cost: 11317.016129	 Valid Acc: 0.6837425910245555 	Best Valid Acc: 0.684025
Epoch: 16 	Training Cost: 11297.955133	 Valid Acc: 0.6831780976573525 	Best Valid Acc: 0.684025
Epoch: 17 	Training Cost: 11270.891090	 Valid Acc: 0.6819079875811459 	Best Valid Acc: 0.684025
Epoch: 18 	Training Cost: 11233.670615	 Valid Acc: 0.6821902342647473 	Best Valid Acc: 0.684025
Epoch: 19 	Training Cost: 11180.902733	 Valid Acc: 0.6819079875811459 	Best Valid Acc: 0.684025
Epoch: 20 	Training Cost: 11112.753479	 Valid Acc: 0.6837425910245555 	Best Valid Acc: 0.684025
Epoch: 21 	Training Cost: 11031.957169	 Valid Acc: 0.6858594411515665 	Best Valid Acc: 0.685859
Epoch: 22 	Training Cost: 10945.009265	 Valid Acc: 0.6899520180637877 	Best Valid Acc: 0.689952
Epoch: 23 	Training Cost: 10856.801268	 Valid Acc: 0.6926333615580017 	Best Valid Acc: 0.692633
Epoch: 24 	Training Cost: 10770.194859	 Valid Acc: 0.6947502116850127 	Best Valid Acc: 0.694750
Epoch: 25 	Training Cost: 10686.833485	 Valid Acc: 0.6977138018628282 	Best Valid Acc: 0.697714
Epoch: 26 	Training Cost: 10608.416639	 Valid Acc: 0.6999717753316399 	Best Valid Acc: 0.699972
Epoch: 27 	Training Cost: 10536.224362	 Valid Acc: 0.7013830087496472 	Best Valid Acc: 0.701383
Epoch: 28 	Training Cost: 10470.540682	 Valid Acc: 0.7033587355348575 	Best Valid Acc: 0.703359
Epoch: 29 	Training Cost: 10411.072057	 Valid Acc: 0.7050522156364663 	Best Valid Acc: 0.705052
Epoch: 30 	Training Cost: 10357.204319	 Valid Acc: 0.7047699689528648 	Best Valid Acc: 0.705052
Epoch: 31 	Training Cost: 10308.259468	 Valid Acc: 0.705193338978267 	Best Valid Acc: 0.705193
Epoch: 32 	Training Cost: 10263.523372	 Valid Acc: 0.7043465989274627 	Best Valid Acc: 0.705193
Epoch: 33 	Training Cost: 10222.510720	 Valid Acc: 0.7044877222692634 	Best Valid Acc: 0.705193
Epoch: 34 	Training Cost: 10184.821862	 Valid Acc: 0.705193338978267 	Best Valid Acc: 0.705193
Epoch: 35 	Training Cost: 10150.275360	 Valid Acc: 0.7047699689528648 	Best Valid Acc: 0.705193
Epoch: 36 	Training Cost: 10118.750627	 Valid Acc: 0.7053344623200677 	Best Valid Acc: 0.705334
Epoch: 37 	Training Cost: 10089.943967	 Valid Acc: 0.7056167090036692 	Best Valid Acc: 0.705617
Epoch: 38 	Training Cost: 10063.571165	 Valid Acc: 0.707310189105278 	Best Valid Acc: 0.707310
Epoch: 39 	Training Cost: 10039.337758	 Valid Acc: 0.7075924357888794 	Best Valid Acc: 0.707592
Epoch: 40 	Training Cost: 10016.937692	 Valid Acc: 0.7074513124470787 	Best Valid Acc: 0.707592
Epoch: 41 	Training Cost: 9996.162908	 Valid Acc: 0.707874682472481 	Best Valid Acc: 0.707875
Epoch: 42 	Training Cost: 9976.799767	 Valid Acc: 0.7082980524978831 	Best Valid Acc: 0.708298
Epoch: 43 	Training Cost: 9958.639574	 Valid Acc: 0.7088625458650861 	Best Valid Acc: 0.708863
Epoch: 44 	Training Cost: 9941.566234	 Valid Acc: 0.7087214225232854 	Best Valid Acc: 0.708863
Epoch: 45 	Training Cost: 9925.440841	 Valid Acc: 0.7098504092576913 	Best Valid Acc: 0.709850
Epoch: 46 	Training Cost: 9910.164587	 Valid Acc: 0.7106971493084956 	Best Valid Acc: 0.710697
Epoch: 47 	Training Cost: 9895.641595	 Valid Acc: 0.7111205193338979 	Best Valid Acc: 0.711121
Epoch: 48 	Training Cost: 9881.780743	 Valid Acc: 0.7114027660174993 	Best Valid Acc: 0.711403
Epoch: 49 	Training Cost: 9868.461157	 Valid Acc: 0.7115438893593 	Best Valid Acc: 0.711544
Epoch: 50 	Training Cost: 9855.664413	 Valid Acc: 0.7122495060683037 	Best Valid Acc: 0.712250
Epoch: 51 	Training Cost: 9843.294488	 Valid Acc: 0.7133784928027096 	Best Valid Acc: 0.713378
Epoch: 52 	Training Cost: 9831.283347	 Valid Acc: 0.7138018628281118 	Best Valid Acc: 0.713802
Epoch: 53 	Training Cost: 9819.612018	 Valid Acc: 0.7135196161445103 	Best Valid Acc: 0.713802
Epoch: 54 	Training Cost: 9808.222918	 Valid Acc: 0.714225232853514 	Best Valid Acc: 0.714225
Epoch: 55 	Training Cost: 9797.075768	 Valid Acc: 0.7140841095117132 	Best Valid Acc: 0.714225
Epoch: 56 	Training Cost: 9786.173389	 Valid Acc: 0.7146486028789162 	Best Valid Acc: 0.714649
Epoch: 57 	Training Cost: 9775.471859	 Valid Acc: 0.7147897262207169 	Best Valid Acc: 0.714790
Epoch: 58 	Training Cost: 9765.007781	 Valid Acc: 0.7146486028789162 	Best Valid Acc: 0.714790
Epoch: 59 	Training Cost: 9754.797870	 Valid Acc: 0.7140841095117132 	Best Valid Acc: 0.714790
Epoch: 60 	Training Cost: 9744.840726	 Valid Acc: 0.7138018628281118 	Best Valid Acc: 0.714790
Epoch: 61 	Training Cost: 9735.148132	 Valid Acc: 0.7132373694609089 	Best Valid Acc: 0.714790
Epoch: 62 	Training Cost: 9725.763227	 Valid Acc: 0.7128139994355066 	Best Valid Acc: 0.714790
Epoch: 63 	Training Cost: 9716.645008	 Valid Acc: 0.713096246119108 	Best Valid Acc: 0.714790
Epoch: 64 	Training Cost: 9707.794786	 Valid Acc: 0.7132373694609089 	Best Valid Acc: 0.714790
Epoch: 65 	Training Cost: 9699.159399	 Valid Acc: 0.7133784928027096 	Best Valid Acc: 0.714790
Epoch: 66 	Training Cost: 9690.738634	 Valid Acc: 0.7143663561953147 	Best Valid Acc: 0.714790
Epoch: 67 	Training Cost: 9682.549458	 Valid Acc: 0.7139429861699125 	Best Valid Acc: 0.714790
Epoch: 68 	Training Cost: 9674.588530	 Valid Acc: 0.7139429861699125 	Best Valid Acc: 0.714790
Epoch: 69 	Training Cost: 9666.876516	 Valid Acc: 0.7147897262207169 	Best Valid Acc: 0.714790
Epoch: 70 	Training Cost: 9659.423106	 Valid Acc: 0.7152130962461191 	Best Valid Acc: 0.715213
Epoch: 71 	Training Cost: 9652.265185	 Valid Acc: 0.715777589613322 	Best Valid Acc: 0.715778
Epoch: 72 	Training Cost: 9645.379479	 Valid Acc: 0.7154953429297206 	Best Valid Acc: 0.715778
Epoch: 73 	Training Cost: 9638.777742	 Valid Acc: 0.7145074795371155 	Best Valid Acc: 0.715778
Epoch: 74 	Training Cost: 9632.444412	 Valid Acc: 0.7147897262207169 	Best Valid Acc: 0.715778
Epoch: 75 	Training Cost: 9626.309791	 Valid Acc: 0.7139429861699125 	Best Valid Acc: 0.715778
Epoch: 76 	Training Cost: 9620.362240	 Valid Acc: 0.7139429861699125 	Best Valid Acc: 0.715778
Epoch: 77 	Training Cost: 9614.593865	 Valid Acc: 0.7139429861699125 	Best Valid Acc: 0.715778
Epoch: 78 	Training Cost: 9608.982174	 Valid Acc: 0.7132373694609089 	Best Valid Acc: 0.715778
Epoch: 79 	Training Cost: 9603.541526	 Valid Acc: 0.7126728760937059 	Best Valid Acc: 0.715778
Epoch: 80 	Training Cost: 9598.184539	 Valid Acc: 0.7125317527519052 	Best Valid Acc: 0.715778
Epoch: 81 	Training Cost: 9593.109936	 Valid Acc: 0.713096246119108 	Best Valid Acc: 0.715778
Epoch: 82 	Training Cost: 9588.210118	 Valid Acc: 0.7129551227773073 	Best Valid Acc: 0.715778
Epoch: 83 	Training Cost: 9583.467869	 Valid Acc: 0.713096246119108 	Best Valid Acc: 0.715778
Epoch: 84 	Training Cost: 9578.977505	 Valid Acc: 0.7123906294101044 	Best Valid Acc: 0.715778
Epoch: 85 	Training Cost: 9574.472646	 Valid Acc: 0.712108382726503 	Best Valid Acc: 0.715778
Epoch: 86 	Training Cost: 9570.288159	 Valid Acc: 0.7114027660174993 	Best Valid Acc: 0.715778
Epoch: 87 	Training Cost: 9566.039858	 Valid Acc: 0.7118261360429015 	Best Valid Acc: 0.715778
Epoch: 88 	Training Cost: 9562.101131	 Valid Acc: 0.7114027660174993 	Best Valid Acc: 0.715778
Epoch: 89 	Training Cost: 9558.229312	 Valid Acc: 0.7116850127011007 	Best Valid Acc: 0.715778
Epoch: 90 	Training Cost: 9554.450545	 Valid Acc: 0.7114027660174993 	Best Valid Acc: 0.715778
Epoch: 91 	Training Cost: 9550.904304	 Valid Acc: 0.7122495060683037 	Best Valid Acc: 0.715778
Epoch: 92 	Training Cost: 9547.331443	 Valid Acc: 0.7109793959920971 	Best Valid Acc: 0.715778
Epoch: 93 	Training Cost: 9544.151371	 Valid Acc: 0.7118261360429015 	Best Valid Acc: 0.715778
Epoch: 94 	Training Cost: 9540.667659	 Valid Acc: 0.7102737792830934 	Best Valid Acc: 0.715778
Epoch: 95 	Training Cost: 9537.850594	 Valid Acc: 0.7114027660174993 	Best Valid Acc: 0.715778
Epoch: 96 	Training Cost: 9534.590000	 Valid Acc: 0.7106971493084956 	Best Valid Acc: 0.715778
Epoch: 97 	Training Cost: 9531.866210	 Valid Acc: 0.7112616426756986 	Best Valid Acc: 0.715778
Epoch: 98 	Training Cost: 9528.811440	 Valid Acc: 0.7114027660174993 	Best Valid Acc: 0.715778
Epoch: 99 	Training Cost: 9526.214055	 Valid Acc: 0.7111205193338979 	Best Valid Acc: 0.715778
Epoch: 100 	Training Cost: 9523.359941	 Valid Acc: 0.7112616426756986 	Best Valid Acc: 0.715778
Epoch: 101 	Training Cost: 9520.959796	 Valid Acc: 0.7106971493084956 	Best Valid Acc: 0.715778
Epoch: 102 	Training Cost: 9518.315381	 Valid Acc: 0.7109793959920971 	Best Valid Acc: 0.715778
Epoch: 103 	Training Cost: 9515.859663	 Valid Acc: 0.712108382726503 	Best Valid Acc: 0.715778
Epoch: 104 	Training Cost: 9513.463039	 Valid Acc: 0.7123906294101044 	Best Valid Acc: 0.715778
Epoch: 105 	Training Cost: 9511.347625	 Valid Acc: 0.7112616426756986 	Best Valid Acc: 0.715778
Epoch: 106 	Training Cost: 9508.441830	 Valid Acc: 0.7119672593847022 	Best Valid Acc: 0.715778
Epoch: 107 	Training Cost: 9506.058681	 Valid Acc: 0.7109793959920971 	Best Valid Acc: 0.715778
Epoch: 108 	Training Cost: 9503.649545	 Valid Acc: 0.7122495060683037 	Best Valid Acc: 0.715778
Epoch: 109 	Training Cost: 9501.177639	 Valid Acc: 0.7118261360429015 	Best Valid Acc: 0.715778
Epoch: 110 	Training Cost: 9498.856285	 Valid Acc: 0.7119672593847022 	Best Valid Acc: 0.715778
Epoch: 111 	Training Cost: 9496.602136	 Valid Acc: 0.7123906294101044 	Best Valid Acc: 0.715778
Epoch: 112 	Training Cost: 9493.802439	 Valid Acc: 0.7118261360429015 	Best Valid Acc: 0.715778
Epoch: 113 	Training Cost: 9491.772122	 Valid Acc: 0.7116850127011007 	Best Valid Acc: 0.715778
Epoch: 114 	Training Cost: 9489.014950	 Valid Acc: 0.7111205193338979 	Best Valid Acc: 0.715778
Epoch: 115 	Training Cost: 9486.494132	 Valid Acc: 0.7128139994355066 	Best Valid Acc: 0.715778
Epoch: 116 	Training Cost: 9484.165201	 Valid Acc: 0.7114027660174993 	Best Valid Acc: 0.715778
Epoch: 117 	Training Cost: 9481.677618	 Valid Acc: 0.7128139994355066 	Best Valid Acc: 0.715778
Epoch: 118 	Training Cost: 9479.067705	 Valid Acc: 0.7115438893593 	Best Valid Acc: 0.715778
Epoch: 119 	Training Cost: 9476.780161	 Valid Acc: 0.7118261360429015 	Best Valid Acc: 0.715778
Epoch: 120 	Training Cost: 9474.283680	 Valid Acc: 0.713660739486311 	Best Valid Acc: 0.715778
Epoch: 121 	Training Cost: 9471.682955	 Valid Acc: 0.7118261360429015 	Best Valid Acc: 0.715778
Epoch: 122 	Training Cost: 9469.399088	 Valid Acc: 0.7126728760937059 	Best Valid Acc: 0.715778
Epoch: 123 	Training Cost: 9466.867505	 Valid Acc: 0.7115438893593 	Best Valid Acc: 0.715778
Epoch: 124 	Training Cost: 9464.147407	 Valid Acc: 0.7119672593847022 	Best Valid Acc: 0.715778
Epoch: 125 	Training Cost: 9461.421377	 Valid Acc: 0.7109793959920971 	Best Valid Acc: 0.715778
Epoch: 126 	Training Cost: 9458.908594	 Valid Acc: 0.7118261360429015 	Best Valid Acc: 0.715778
Epoch: 127 	Training Cost: 9456.501130	 Valid Acc: 0.7109793959920971 	Best Valid Acc: 0.715778
Epoch: 128 	Training Cost: 9453.767540	 Valid Acc: 0.7116850127011007 	Best Valid Acc: 0.715778
Epoch: 129 	Training Cost: 9450.775819	 Valid Acc: 0.7106971493084956 	Best Valid Acc: 0.715778
Epoch: 130 	Training Cost: 9448.091979	 Valid Acc: 0.7112616426756986 	Best Valid Acc: 0.715778
Epoch: 131 	Training Cost: 9445.735344	 Valid Acc: 0.7114027660174993 	Best Valid Acc: 0.715778
Epoch: 132 	Training Cost: 9442.494349	 Valid Acc: 0.7111205193338979 	Best Valid Acc: 0.715778
Epoch: 133 	Training Cost: 9439.297650	 Valid Acc: 0.709991532599492 	Best Valid Acc: 0.715778
Epoch: 134 	Training Cost: 9436.624171	 Valid Acc: 0.7105560259666949 	Best Valid Acc: 0.715778
Epoch: 135 	Training Cost: 9433.215498	 Valid Acc: 0.7106971493084956 	Best Valid Acc: 0.715778
Epoch: 136 	Training Cost: 9429.876790	 Valid Acc: 0.7106971493084956 	Best Valid Acc: 0.715778
Epoch: 137 	Training Cost: 9426.768449	 Valid Acc: 0.7106971493084956 	Best Valid Acc: 0.715778
Epoch: 138 	Training Cost: 9422.918685	 Valid Acc: 0.7105560259666949 	Best Valid Acc: 0.715778
Epoch: 139 	Training Cost: 9418.882470	 Valid Acc: 0.7116850127011007 	Best Valid Acc: 0.715778
Epoch: 140 	Training Cost: 9415.009660	 Valid Acc: 0.7091447925486876 	Best Valid Acc: 0.715778
Epoch: 141 	Training Cost: 9410.957266	 Valid Acc: 0.7114027660174993 	Best Valid Acc: 0.715778
Epoch: 142 	Training Cost: 9405.945626	 Valid Acc: 0.7105560259666949 	Best Valid Acc: 0.715778
Epoch: 143 	Training Cost: 9400.977697	 Valid Acc: 0.709991532599492 	Best Valid Acc: 0.715778
Epoch: 144 	Training Cost: 9395.526222	 Valid Acc: 0.7108382726502963 	Best Valid Acc: 0.715778
Epoch: 145 	Training Cost: 9389.146285	 Valid Acc: 0.7098504092576913 	Best Valid Acc: 0.715778
Epoch: 146 	Training Cost: 9382.457618	 Valid Acc: 0.7109793959920971 	Best Valid Acc: 0.715778
Epoch: 147 	Training Cost: 9375.129530	 Valid Acc: 0.712108382726503 	Best Valid Acc: 0.715778
Epoch: 148 	Training Cost: 9366.802129	 Valid Acc: 0.7112616426756986 	Best Valid Acc: 0.715778
Epoch: 149 	Training Cost: 9357.601763	 Valid Acc: 0.7115438893593 	Best Valid Acc: 0.715778
Epoch: 150 	Training Cost: 9347.322397	 Valid Acc: 0.7108382726502963 	Best Valid Acc: 0.715778
Epoch: 151 	Training Cost: 9335.825034	 Valid Acc: 0.7119672593847022 	Best Valid Acc: 0.715778
Epoch: 152 	Training Cost: 9322.944413	 Valid Acc: 0.7104149026248942 	Best Valid Acc: 0.715778
Epoch: 153 	Training Cost: 9309.399787	 Valid Acc: 0.709991532599492 	Best Valid Acc: 0.715778
Epoch: 154 	Training Cost: 9294.303968	 Valid Acc: 0.709427039232289 	Best Valid Acc: 0.715778
Epoch: 155 	Training Cost: 9278.427607	 Valid Acc: 0.7108382726502963 	Best Valid Acc: 0.715778
Epoch: 156 	Training Cost: 9261.665574	 Valid Acc: 0.709991532599492 	Best Valid Acc: 0.715778
Epoch: 157 	Training Cost: 9244.278232	 Valid Acc: 0.7106971493084956 	Best Valid Acc: 0.715778
Epoch: 158 	Training Cost: 9226.393823	 Valid Acc: 0.7105560259666949 	Best Valid Acc: 0.715778
Epoch: 159 	Training Cost: 9208.253750	 Valid Acc: 0.7111205193338979 	Best Valid Acc: 0.715778
Epoch: 160 	Training Cost: 9190.786856	 Valid Acc: 0.7114027660174993 	Best Valid Acc: 0.715778
Epoch: 161 	Training Cost: 9173.689332	 Valid Acc: 0.7111205193338979 	Best Valid Acc: 0.715778
Epoch: 162 	Training Cost: 9156.934901	 Valid Acc: 0.7108382726502963 	Best Valid Acc: 0.715778
Epoch: 163 	Training Cost: 9141.438668	 Valid Acc: 0.7119672593847022 	Best Valid Acc: 0.715778
Epoch: 164 	Training Cost: 9126.393111	 Valid Acc: 0.7098504092576913 	Best Valid Acc: 0.715778
Epoch: 165 	Training Cost: 9112.570835	 Valid Acc: 0.7105560259666949 	Best Valid Acc: 0.715778
Epoch: 166 	Training Cost: 9099.254096	 Valid Acc: 0.7101326559412927 	Best Valid Acc: 0.715778
Epoch: 167 	Training Cost: 9086.564040	 Valid Acc: 0.7101326559412927 	Best Valid Acc: 0.715778
Epoch: 168 	Training Cost: 9074.239828	 Valid Acc: 0.7085802991814846 	Best Valid Acc: 0.715778
Epoch: 169 	Training Cost: 9062.915946	 Valid Acc: 0.7101326559412927 	Best Valid Acc: 0.715778
Epoch: 170 	Training Cost: 9051.491926	 Valid Acc: 0.707874682472481 	Best Valid Acc: 0.715778
Epoch: 171 	Training Cost: 9040.827775	 Valid Acc: 0.7084391758396839 	Best Valid Acc: 0.715778
Epoch: 172 	Training Cost: 9030.364949	 Valid Acc: 0.707310189105278 	Best Valid Acc: 0.715778
Epoch: 173 	Training Cost: 9020.142895	 Valid Acc: 0.7068868190798758 	Best Valid Acc: 0.715778
Epoch: 174 	Training Cost: 9010.424207	 Valid Acc: 0.7067456957380751 	Best Valid Acc: 0.715778
Epoch: 175 	Training Cost: 9001.050542	 Valid Acc: 0.7064634490544736 	Best Valid Acc: 0.715778
Epoch: 176 	Training Cost: 8991.920720	 Valid Acc: 0.7058989556872707 	Best Valid Acc: 0.715778
Epoch: 177 	Training Cost: 8982.349108	 Valid Acc: 0.70575783234547 	Best Valid Acc: 0.715778
Epoch: 178 	Training Cost: 8973.291543	 Valid Acc: 0.7060400790290714 	Best Valid Acc: 0.715778
Epoch: 179 	Training Cost: 8964.690209	 Valid Acc: 0.7053344623200677 	Best Valid Acc: 0.715778
Epoch: 180 	Training Cost: 8956.355406	 Valid Acc: 0.7064634490544736 	Best Valid Acc: 0.715778
Epoch: 181 	Training Cost: 8947.701021	 Valid Acc: 0.7054755856618685 	Best Valid Acc: 0.715778
Epoch: 182 	Training Cost: 8939.339950	 Valid Acc: 0.7068868190798758 	Best Valid Acc: 0.715778
Epoch: 183 	Training Cost: 8931.254816	 Valid Acc: 0.70575783234547 	Best Valid Acc: 0.715778
Epoch: 184 	Training Cost: 8923.071083	 Valid Acc: 0.7061812023708721 	Best Valid Acc: 0.715778
Epoch: 185 	Training Cost: 8915.522079	 Valid Acc: 0.7067456957380751 	Best Valid Acc: 0.715778
Epoch: 186 	Training Cost: 8907.209274	 Valid Acc: 0.7063223257126728 	Best Valid Acc: 0.715778
Epoch: 187 	Training Cost: 8899.922376	 Valid Acc: 0.7067456957380751 	Best Valid Acc: 0.715778
Epoch: 188 	Training Cost: 8892.054037	 Valid Acc: 0.7063223257126728 	Best Valid Acc: 0.715778
Epoch: 189 	Training Cost: 8884.690819	 Valid Acc: 0.7066045723962744 	Best Valid Acc: 0.715778
Epoch: 190 	Training Cost: 8877.097849	 Valid Acc: 0.7068868190798758 	Best Valid Acc: 0.715778
Epoch: 191 	Training Cost: 8869.907258	 Valid Acc: 0.7046288456110641 	Best Valid Acc: 0.715778
Epoch: 192 	Training Cost: 8862.036833	 Valid Acc: 0.7058989556872707 	Best Valid Acc: 0.715778
Epoch: 193 	Training Cost: 8855.403386	 Valid Acc: 0.7042054755856618 	Best Valid Acc: 0.715778
Epoch: 194 	Training Cost: 8847.797876	 Valid Acc: 0.7050522156364663 	Best Valid Acc: 0.715778
Epoch: 195 	Training Cost: 8840.913435	 Valid Acc: 0.7037821055602597 	Best Valid Acc: 0.715778
Epoch: 196 	Training Cost: 8833.317695	 Valid Acc: 0.7044877222692634 	Best Valid Acc: 0.715778
Epoch: 197 	Training Cost: 8827.096651	 Valid Acc: 0.7044877222692634 	Best Valid Acc: 0.715778
Epoch: 198 	Training Cost: 8819.659649	 Valid Acc: 0.7037821055602597 	Best Valid Acc: 0.715778
Epoch: 199 	Training Cost: 8812.568123	 Valid Acc: 0.7044877222692634 	Best Valid Acc: 0.715778
Epoch: 200 	Training Cost: 8805.266088	 Valid Acc: 0.7036409822184589 	Best Valid Acc: 0.715778
lr=1e-05, lamb=0, num_epoch=200, test_acc=0.698842788597234
----------------------------------------------------------
----------------------------------------------------------
lr=1e-05, lamb=0.0001, num_epoch=200
Epoch: 1 	Training Cost: 13871.349959	 Valid Acc: 0.6301157211402766 	Best Valid Acc: 0.630116
Epoch: 2 	Training Cost: 12646.816562	 Valid Acc: 0.6686423934518769 	Best Valid Acc: 0.668642
Epoch: 3 	Training Cost: 11873.610336	 Valid Acc: 0.6769686706181203 	Best Valid Acc: 0.676969
Epoch: 4 	Training Cost: 11632.215500	 Valid Acc: 0.6797911374541349 	Best Valid Acc: 0.679791
Epoch: 5 	Training Cost: 11532.563440	 Valid Acc: 0.6804967541631386 	Best Valid Acc: 0.680497
Epoch: 6 	Training Cost: 11480.916945	 Valid Acc: 0.6817668642393452 	Best Valid Acc: 0.681767
Epoch: 7 	Training Cost: 11450.556885	 Valid Acc: 0.681343494213943 	Best Valid Acc: 0.681767
Epoch: 8 	Training Cost: 11430.979482	 Valid Acc: 0.6819079875811459 	Best Valid Acc: 0.681908
Epoch: 9 	Training Cost: 11417.232477	 Valid Acc: 0.6820491109229466 	Best Valid Acc: 0.682049
Epoch: 10 	Training Cost: 11406.617413	 Valid Acc: 0.6821902342647473 	Best Valid Acc: 0.682190
Epoch: 11 	Training Cost: 11397.486896	 Valid Acc: 0.682895850973751 	Best Valid Acc: 0.682896
Epoch: 12 	Training Cost: 11388.732363	 Valid Acc: 0.682895850973751 	Best Valid Acc: 0.682896
Epoch: 13 	Training Cost: 11379.473486	 Valid Acc: 0.6831780976573525 	Best Valid Acc: 0.683178
Epoch: 14 	Training Cost: 11368.834006	 Valid Acc: 0.6840248377081569 	Best Valid Acc: 0.684025
Epoch: 15 	Training Cost: 11355.691211	 Valid Acc: 0.6840248377081569 	Best Valid Acc: 0.684025
Epoch: 16 	Training Cost: 11338.284964	 Valid Acc: 0.6840248377081569 	Best Valid Acc: 0.684025
Epoch: 17 	Training Cost: 11314.590442	 Valid Acc: 0.6817668642393452 	Best Valid Acc: 0.684025
Epoch: 18 	Training Cost: 11281.683774	 Valid Acc: 0.6814846175557437 	Best Valid Acc: 0.684025
Epoch: 19 	Training Cost: 11237.020680	 Valid Acc: 0.6806378775049393 	Best Valid Acc: 0.684025
Epoch: 20 	Training Cost: 11179.799285	 Valid Acc: 0.6788032740615297 	Best Valid Acc: 0.684025
Epoch: 21 	Training Cost: 11113.311104	 Valid Acc: 0.6820491109229466 	Best Valid Acc: 0.684025
Epoch: 22 	Training Cost: 11044.414493	 Valid Acc: 0.6850127011007621 	Best Valid Acc: 0.685013
Epoch: 23 	Training Cost: 10976.234768	 Valid Acc: 0.6883996613039797 	Best Valid Acc: 0.688400
Epoch: 24 	Training Cost: 10906.442017	 Valid Acc: 0.6905165114309907 	Best Valid Acc: 0.690517
Epoch: 25 	Training Cost: 10834.500939	 Valid Acc: 0.691927744848998 	Best Valid Acc: 0.691928
Epoch: 26 	Training Cost: 10762.250814	 Valid Acc: 0.6939034716342083 	Best Valid Acc: 0.693903
Epoch: 27 	Training Cost: 10691.866421	 Valid Acc: 0.6937623482924076 	Best Valid Acc: 0.693903
Epoch: 28 	Training Cost: 10625.197580	 Valid Acc: 0.6947502116850127 	Best Valid Acc: 0.694750
Epoch: 29 	Training Cost: 10563.288509	 Valid Acc: 0.696725938470223 	Best Valid Acc: 0.696726
Epoch: 30 	Training Cost: 10505.946395	 Valid Acc: 0.6999717753316399 	Best Valid Acc: 0.699972
Epoch: 31 	Training Cost: 10452.789413	 Valid Acc: 0.7009596387242449 	Best Valid Acc: 0.700960
Epoch: 32 	Training Cost: 10403.592772	 Valid Acc: 0.7013830087496472 	Best Valid Acc: 0.701383
Epoch: 33 	Training Cost: 10357.937294	 Valid Acc: 0.7050522156364663 	Best Valid Acc: 0.705052
Epoch: 34 	Training Cost: 10315.662425	 Valid Acc: 0.705193338978267 	Best Valid Acc: 0.705193
Epoch: 35 	Training Cost: 10276.627356	 Valid Acc: 0.7044877222692634 	Best Valid Acc: 0.705193
Epoch: 36 	Training Cost: 10240.550779	 Valid Acc: 0.7058989556872707 	Best Valid Acc: 0.705899
Epoch: 37 	Training Cost: 10207.187861	 Valid Acc: 0.7060400790290714 	Best Valid Acc: 0.706040
Epoch: 38 	Training Cost: 10176.340838	 Valid Acc: 0.7060400790290714 	Best Valid Acc: 0.706040
Epoch: 39 	Training Cost: 10147.742589	 Valid Acc: 0.7043465989274627 	Best Valid Acc: 0.706040
Epoch: 40 	Training Cost: 10121.287800	 Valid Acc: 0.7060400790290714 	Best Valid Acc: 0.706040
Epoch: 41 	Training Cost: 10096.823816	 Valid Acc: 0.707310189105278 	Best Valid Acc: 0.707310
Epoch: 42 	Training Cost: 10074.028987	 Valid Acc: 0.7075924357888794 	Best Valid Acc: 0.707592
Epoch: 43 	Training Cost: 10052.692010	 Valid Acc: 0.7074513124470787 	Best Valid Acc: 0.707592
Epoch: 44 	Training Cost: 10032.668714	 Valid Acc: 0.707874682472481 	Best Valid Acc: 0.707875
Epoch: 45 	Training Cost: 10013.833537	 Valid Acc: 0.7090036692068868 	Best Valid Acc: 0.709004
Epoch: 46 	Training Cost: 9996.094234	 Valid Acc: 0.7087214225232854 	Best Valid Acc: 0.709004
Epoch: 47 	Training Cost: 9979.284934	 Valid Acc: 0.7092859158904883 	Best Valid Acc: 0.709286
Epoch: 48 	Training Cost: 9963.276712	 Valid Acc: 0.7091447925486876 	Best Valid Acc: 0.709286
Epoch: 49 	Training Cost: 9947.945326	 Valid Acc: 0.7098504092576913 	Best Valid Acc: 0.709850
Epoch: 50 	Training Cost: 9933.215306	 Valid Acc: 0.7101326559412927 	Best Valid Acc: 0.710133
Epoch: 51 	Training Cost: 9919.013557	 Valid Acc: 0.7106971493084956 	Best Valid Acc: 0.710697
Epoch: 52 	Training Cost: 9905.297344	 Valid Acc: 0.7111205193338979 	Best Valid Acc: 0.711121
Epoch: 53 	Training Cost: 9891.983623	 Valid Acc: 0.7118261360429015 	Best Valid Acc: 0.711826
Epoch: 54 	Training Cost: 9879.097074	 Valid Acc: 0.7122495060683037 	Best Valid Acc: 0.712250
Epoch: 55 	Training Cost: 9866.615498	 Valid Acc: 0.7123906294101044 	Best Valid Acc: 0.712391
Epoch: 56 	Training Cost: 9854.526919	 Valid Acc: 0.7129551227773073 	Best Valid Acc: 0.712955
Epoch: 57 	Training Cost: 9842.820259	 Valid Acc: 0.7129551227773073 	Best Valid Acc: 0.712955
Epoch: 58 	Training Cost: 9831.484520	 Valid Acc: 0.712108382726503 	Best Valid Acc: 0.712955
Epoch: 59 	Training Cost: 9820.484495	 Valid Acc: 0.7126728760937059 	Best Valid Acc: 0.712955
Epoch: 60 	Training Cost: 9809.829549	 Valid Acc: 0.7123906294101044 	Best Valid Acc: 0.712955
Epoch: 61 	Training Cost: 9799.471540	 Valid Acc: 0.712108382726503 	Best Valid Acc: 0.712955
Epoch: 62 	Training Cost: 9789.464796	 Valid Acc: 0.713096246119108 	Best Valid Acc: 0.713096
Epoch: 63 	Training Cost: 9779.824822	 Valid Acc: 0.7128139994355066 	Best Valid Acc: 0.713096
Epoch: 64 	Training Cost: 9770.524441	 Valid Acc: 0.7128139994355066 	Best Valid Acc: 0.713096
Epoch: 65 	Training Cost: 9761.558028	 Valid Acc: 0.7129551227773073 	Best Valid Acc: 0.713096
Epoch: 66 	Training Cost: 9752.886559	 Valid Acc: 0.7132373694609089 	Best Valid Acc: 0.713237
Epoch: 67 	Training Cost: 9744.499872	 Valid Acc: 0.713096246119108 	Best Valid Acc: 0.713237
Epoch: 68 	Training Cost: 9736.382901	 Valid Acc: 0.713096246119108 	Best Valid Acc: 0.713237
Epoch: 69 	Training Cost: 9728.503729	 Valid Acc: 0.713096246119108 	Best Valid Acc: 0.713237
Epoch: 70 	Training Cost: 9720.847559	 Valid Acc: 0.7126728760937059 	Best Valid Acc: 0.713237
Epoch: 71 	Training Cost: 9713.435430	 Valid Acc: 0.7133784928027096 	Best Valid Acc: 0.713378
Epoch: 72 	Training Cost: 9706.280856	 Valid Acc: 0.713660739486311 	Best Valid Acc: 0.713661
Epoch: 73 	Training Cost: 9699.296157	 Valid Acc: 0.7139429861699125 	Best Valid Acc: 0.713943
Epoch: 74 	Training Cost: 9692.548669	 Valid Acc: 0.7133784928027096 	Best Valid Acc: 0.713943
Epoch: 75 	Training Cost: 9685.950938	 Valid Acc: 0.7132373694609089 	Best Valid Acc: 0.713943
Epoch: 76 	Training Cost: 9679.582331	 Valid Acc: 0.7133784928027096 	Best Valid Acc: 0.713943
Epoch: 77 	Training Cost: 9673.414372	 Valid Acc: 0.7135196161445103 	Best Valid Acc: 0.713943
Epoch: 78 	Training Cost: 9667.483562	 Valid Acc: 0.7133784928027096 	Best Valid Acc: 0.713943
Epoch: 79 	Training Cost: 9661.762116	 Valid Acc: 0.713660739486311 	Best Valid Acc: 0.713943
Epoch: 80 	Training Cost: 9656.229212	 Valid Acc: 0.7140841095117132 	Best Valid Acc: 0.714084
Epoch: 81 	Training Cost: 9650.926935	 Valid Acc: 0.713660739486311 	Best Valid Acc: 0.714084
Epoch: 82 	Training Cost: 9645.780942	 Valid Acc: 0.7132373694609089 	Best Valid Acc: 0.714084
Epoch: 83 	Training Cost: 9640.830025	 Valid Acc: 0.713660739486311 	Best Valid Acc: 0.714084
Epoch: 84 	Training Cost: 9635.954382	 Valid Acc: 0.7133784928027096 	Best Valid Acc: 0.714084
Epoch: 85 	Training Cost: 9631.389578	 Valid Acc: 0.713660739486311 	Best Valid Acc: 0.714084
Epoch: 86 	Training Cost: 9626.801385	 Valid Acc: 0.713096246119108 	Best Valid Acc: 0.714084
Epoch: 87 	Training Cost: 9622.419452	 Valid Acc: 0.7125317527519052 	Best Valid Acc: 0.714084
Epoch: 88 	Training Cost: 9618.119161	 Valid Acc: 0.7122495060683037 	Best Valid Acc: 0.714084
Epoch: 89 	Training Cost: 9613.718122	 Valid Acc: 0.7118261360429015 	Best Valid Acc: 0.714084
Epoch: 90 	Training Cost: 9609.731987	 Valid Acc: 0.713096246119108 	Best Valid Acc: 0.714084
Epoch: 91 	Training Cost: 9605.781426	 Valid Acc: 0.7109793959920971 	Best Valid Acc: 0.714084
Epoch: 92 	Training Cost: 9602.012771	 Valid Acc: 0.7123906294101044 	Best Valid Acc: 0.714084
Epoch: 93 	Training Cost: 9598.537835	 Valid Acc: 0.7112616426756986 	Best Valid Acc: 0.714084
Epoch: 94 	Training Cost: 9594.633843	 Valid Acc: 0.712108382726503 	Best Valid Acc: 0.714084
Epoch: 95 	Training Cost: 9591.364157	 Valid Acc: 0.7128139994355066 	Best Valid Acc: 0.714084
Epoch: 96 	Training Cost: 9587.969667	 Valid Acc: 0.7111205193338979 	Best Valid Acc: 0.714084
Epoch: 97 	Training Cost: 9584.973370	 Valid Acc: 0.7119672593847022 	Best Valid Acc: 0.714084
Epoch: 98 	Training Cost: 9581.605001	 Valid Acc: 0.7125317527519052 	Best Valid Acc: 0.714084
Epoch: 99 	Training Cost: 9578.752570	 Valid Acc: 0.7125317527519052 	Best Valid Acc: 0.714084
Epoch: 100 	Training Cost: 9575.589617	 Valid Acc: 0.7115438893593 	Best Valid Acc: 0.714084
Epoch: 101 	Training Cost: 9573.167971	 Valid Acc: 0.7125317527519052 	Best Valid Acc: 0.714084
Epoch: 102 	Training Cost: 9570.353637	 Valid Acc: 0.7123906294101044 	Best Valid Acc: 0.714084
Epoch: 103 	Training Cost: 9567.710043	 Valid Acc: 0.7129551227773073 	Best Valid Acc: 0.714084
Epoch: 104 	Training Cost: 9565.378837	 Valid Acc: 0.713096246119108 	Best Valid Acc: 0.714084
Epoch: 105 	Training Cost: 9562.649034	 Valid Acc: 0.7125317527519052 	Best Valid Acc: 0.714084
Epoch: 106 	Training Cost: 9560.244556	 Valid Acc: 0.7125317527519052 	Best Valid Acc: 0.714084
Epoch: 107 	Training Cost: 9558.001811	 Valid Acc: 0.7123906294101044 	Best Valid Acc: 0.714084
Epoch: 108 	Training Cost: 9555.845653	 Valid Acc: 0.7125317527519052 	Best Valid Acc: 0.714084
Epoch: 109 	Training Cost: 9553.574047	 Valid Acc: 0.7111205193338979 	Best Valid Acc: 0.714084
Epoch: 110 	Training Cost: 9551.337430	 Valid Acc: 0.7122495060683037 	Best Valid Acc: 0.714084
Epoch: 111 	Training Cost: 9548.876813	 Valid Acc: 0.7119672593847022 	Best Valid Acc: 0.714084
Epoch: 112 	Training Cost: 9546.798652	 Valid Acc: 0.713096246119108 	Best Valid Acc: 0.714084
Epoch: 113 	Training Cost: 9544.813553	 Valid Acc: 0.7129551227773073 	Best Valid Acc: 0.714084
Epoch: 114 	Training Cost: 9542.424967	 Valid Acc: 0.713096246119108 	Best Valid Acc: 0.714084
Epoch: 115 	Training Cost: 9540.225996	 Valid Acc: 0.7128139994355066 	Best Valid Acc: 0.714084
Epoch: 116 	Training Cost: 9537.865841	 Valid Acc: 0.712108382726503 	Best Valid Acc: 0.714084
Epoch: 117 	Training Cost: 9535.959825	 Valid Acc: 0.7140841095117132 	Best Valid Acc: 0.714084
Epoch: 118 	Training Cost: 9533.482603	 Valid Acc: 0.7125317527519052 	Best Valid Acc: 0.714084
Epoch: 119 	Training Cost: 9531.568436	 Valid Acc: 0.7143663561953147 	Best Valid Acc: 0.714366
Epoch: 120 	Training Cost: 9529.020291	 Valid Acc: 0.7125317527519052 	Best Valid Acc: 0.714366
Epoch: 121 	Training Cost: 9526.960722	 Valid Acc: 0.713660739486311 	Best Valid Acc: 0.714366
Epoch: 122 	Training Cost: 9524.756588	 Valid Acc: 0.7123906294101044 	Best Valid Acc: 0.714366
Epoch: 123 	Training Cost: 9522.967748	 Valid Acc: 0.7128139994355066 	Best Valid Acc: 0.714366
Epoch: 124 	Training Cost: 9520.387134	 Valid Acc: 0.7115438893593 	Best Valid Acc: 0.714366
Epoch: 125 	Training Cost: 9518.125746	 Valid Acc: 0.7132373694609089 	Best Valid Acc: 0.714366
Epoch: 126 	Training Cost: 9516.067715	 Valid Acc: 0.7115438893593 	Best Valid Acc: 0.714366
Epoch: 127 	Training Cost: 9513.360455	 Valid Acc: 0.7126728760937059 	Best Valid Acc: 0.714366
Epoch: 128 	Training Cost: 9511.101768	 Valid Acc: 0.7119672593847022 	Best Valid Acc: 0.714366
Epoch: 129 	Training Cost: 9508.931211	 Valid Acc: 0.7114027660174993 	Best Valid Acc: 0.714366
Epoch: 130 	Training Cost: 9507.275786	 Valid Acc: 0.7106971493084956 	Best Valid Acc: 0.714366
Epoch: 131 	Training Cost: 9504.202690	 Valid Acc: 0.7119672593847022 	Best Valid Acc: 0.714366
Epoch: 132 	Training Cost: 9502.262730	 Valid Acc: 0.7112616426756986 	Best Valid Acc: 0.714366
Epoch: 133 	Training Cost: 9499.280356	 Valid Acc: 0.7112616426756986 	Best Valid Acc: 0.714366
Epoch: 134 	Training Cost: 9497.373733	 Valid Acc: 0.7125317527519052 	Best Valid Acc: 0.714366
Epoch: 135 	Training Cost: 9494.696138	 Valid Acc: 0.7111205193338979 	Best Valid Acc: 0.714366
Epoch: 136 	Training Cost: 9492.432294	 Valid Acc: 0.7116850127011007 	Best Valid Acc: 0.714366
Epoch: 137 	Training Cost: 9489.708300	 Valid Acc: 0.7118261360429015 	Best Valid Acc: 0.714366
Epoch: 138 	Training Cost: 9487.870292	 Valid Acc: 0.7108382726502963 	Best Valid Acc: 0.714366
Epoch: 139 	Training Cost: 9485.348869	 Valid Acc: 0.7112616426756986 	Best Valid Acc: 0.714366
Epoch: 140 	Training Cost: 9483.015023	 Valid Acc: 0.7109793959920971 	Best Valid Acc: 0.714366
Epoch: 141 	Training Cost: 9480.179153	 Valid Acc: 0.7115438893593 	Best Valid Acc: 0.714366
Epoch: 142 	Training Cost: 9477.896898	 Valid Acc: 0.7112616426756986 	Best Valid Acc: 0.714366
Epoch: 143 	Training Cost: 9475.247709	 Valid Acc: 0.7116850127011007 	Best Valid Acc: 0.714366
Epoch: 144 	Training Cost: 9472.562639	 Valid Acc: 0.7115438893593 	Best Valid Acc: 0.714366
Epoch: 145 	Training Cost: 9470.467062	 Valid Acc: 0.7116850127011007 	Best Valid Acc: 0.714366
Epoch: 146 	Training Cost: 9467.199782	 Valid Acc: 0.7122495060683037 	Best Valid Acc: 0.714366
Epoch: 147 	Training Cost: 9464.963562	 Valid Acc: 0.7118261360429015 	Best Valid Acc: 0.714366
Epoch: 148 	Training Cost: 9461.885015	 Valid Acc: 0.7114027660174993 	Best Valid Acc: 0.714366
Epoch: 149 	Training Cost: 9459.976536	 Valid Acc: 0.7122495060683037 	Best Valid Acc: 0.714366
Epoch: 150 	Training Cost: 9456.584624	 Valid Acc: 0.7105560259666949 	Best Valid Acc: 0.714366
Epoch: 151 	Training Cost: 9454.213336	 Valid Acc: 0.7116850127011007 	Best Valid Acc: 0.714366
Epoch: 152 	Training Cost: 9451.474430	 Valid Acc: 0.7116850127011007 	Best Valid Acc: 0.714366
Epoch: 153 	Training Cost: 9449.264323	 Valid Acc: 0.7101326559412927 	Best Valid Acc: 0.714366
Epoch: 154 	Training Cost: 9446.072733	 Valid Acc: 0.7123906294101044 	Best Valid Acc: 0.714366
Epoch: 155 	Training Cost: 9443.170504	 Valid Acc: 0.7097092859158904 	Best Valid Acc: 0.714366
Epoch: 156 	Training Cost: 9440.959430	 Valid Acc: 0.7132373694609089 	Best Valid Acc: 0.714366
Epoch: 157 	Training Cost: 9437.843846	 Valid Acc: 0.7106971493084956 	Best Valid Acc: 0.714366
Epoch: 158 	Training Cost: 9434.726718	 Valid Acc: 0.7115438893593 	Best Valid Acc: 0.714366
Epoch: 159 	Training Cost: 9432.355015	 Valid Acc: 0.7128139994355066 	Best Valid Acc: 0.714366
Epoch: 160 	Training Cost: 9429.366472	 Valid Acc: 0.7108382726502963 	Best Valid Acc: 0.714366
Epoch: 161 	Training Cost: 9426.346366	 Valid Acc: 0.7123906294101044 	Best Valid Acc: 0.714366
Epoch: 162 	Training Cost: 9423.008084	 Valid Acc: 0.7112616426756986 	Best Valid Acc: 0.714366
Epoch: 163 	Training Cost: 9420.570852	 Valid Acc: 0.7109793959920971 	Best Valid Acc: 0.714366
Epoch: 164 	Training Cost: 9417.726142	 Valid Acc: 0.7111205193338979 	Best Valid Acc: 0.714366
Epoch: 165 	Training Cost: 9414.208345	 Valid Acc: 0.7105560259666949 	Best Valid Acc: 0.714366
Epoch: 166 	Training Cost: 9411.185822	 Valid Acc: 0.7102737792830934 	Best Valid Acc: 0.714366
Epoch: 167 	Training Cost: 9408.028476	 Valid Acc: 0.7098504092576913 	Best Valid Acc: 0.714366
Epoch: 168 	Training Cost: 9405.376247	 Valid Acc: 0.709991532599492 	Best Valid Acc: 0.714366
Epoch: 169 	Training Cost: 9401.720659	 Valid Acc: 0.7098504092576913 	Best Valid Acc: 0.714366
Epoch: 170 	Training Cost: 9399.035653	 Valid Acc: 0.7098504092576913 	Best Valid Acc: 0.714366
Epoch: 171 	Training Cost: 9395.019218	 Valid Acc: 0.7106971493084956 	Best Valid Acc: 0.714366
Epoch: 172 	Training Cost: 9392.333221	 Valid Acc: 0.7109793959920971 	Best Valid Acc: 0.714366
Epoch: 173 	Training Cost: 9388.848632	 Valid Acc: 0.709991532599492 	Best Valid Acc: 0.714366
Epoch: 174 	Training Cost: 9385.759389	 Valid Acc: 0.7097092859158904 	Best Valid Acc: 0.714366
Epoch: 175 	Training Cost: 9382.208557	 Valid Acc: 0.709991532599492 	Best Valid Acc: 0.714366
Epoch: 176 	Training Cost: 9378.741633	 Valid Acc: 0.709991532599492 	Best Valid Acc: 0.714366
Epoch: 177 	Training Cost: 9375.340605	 Valid Acc: 0.7095681625740897 	Best Valid Acc: 0.714366
Epoch: 178 	Training Cost: 9372.456780	 Valid Acc: 0.7088625458650861 	Best Valid Acc: 0.714366
Epoch: 179 	Training Cost: 9368.695606	 Valid Acc: 0.709427039232289 	Best Valid Acc: 0.714366
Epoch: 180 	Training Cost: 9365.865027	 Valid Acc: 0.7105560259666949 	Best Valid Acc: 0.714366
Epoch: 181 	Training Cost: 9361.798891	 Valid Acc: 0.7091447925486876 	Best Valid Acc: 0.714366
Epoch: 182 	Training Cost: 9358.344233	 Valid Acc: 0.7097092859158904 	Best Valid Acc: 0.714366
Epoch: 183 	Training Cost: 9354.871605	 Valid Acc: 0.7095681625740897 	Best Valid Acc: 0.714366
Epoch: 184 	Training Cost: 9351.589899	 Valid Acc: 0.7090036692068868 	Best Valid Acc: 0.714366
Epoch: 185 	Training Cost: 9348.008734	 Valid Acc: 0.7102737792830934 	Best Valid Acc: 0.714366
Epoch: 186 	Training Cost: 9344.023167	 Valid Acc: 0.7084391758396839 	Best Valid Acc: 0.714366
Epoch: 187 	Training Cost: 9340.715942	 Valid Acc: 0.709427039232289 	Best Valid Acc: 0.714366
Epoch: 188 	Training Cost: 9337.168726	 Valid Acc: 0.7080158058142817 	Best Valid Acc: 0.714366
Epoch: 189 	Training Cost: 9333.917223	 Valid Acc: 0.7092859158904883 	Best Valid Acc: 0.714366
Epoch: 190 	Training Cost: 9329.693421	 Valid Acc: 0.7085802991814846 	Best Valid Acc: 0.714366
Epoch: 191 	Training Cost: 9326.335005	 Valid Acc: 0.709427039232289 	Best Valid Acc: 0.714366
Epoch: 192 	Training Cost: 9321.960418	 Valid Acc: 0.7085802991814846 	Best Valid Acc: 0.714366
Epoch: 193 	Training Cost: 9318.716279	 Valid Acc: 0.7088625458650861 	Best Valid Acc: 0.714366
Epoch: 194 	Training Cost: 9314.775795	 Valid Acc: 0.7081569291560824 	Best Valid Acc: 0.714366
Epoch: 195 	Training Cost: 9310.787212	 Valid Acc: 0.7075924357888794 	Best Valid Acc: 0.714366
Epoch: 196 	Training Cost: 9307.299899	 Valid Acc: 0.7087214225232854 	Best Valid Acc: 0.714366
Epoch: 197 	Training Cost: 9303.389367	 Valid Acc: 0.7077335591306803 	Best Valid Acc: 0.714366
Epoch: 198 	Training Cost: 9299.263626	 Valid Acc: 0.7080158058142817 	Best Valid Acc: 0.714366
Epoch: 199 	Training Cost: 9295.988105	 Valid Acc: 0.7081569291560824 	Best Valid Acc: 0.714366
Epoch: 200 	Training Cost: 9292.076710	 Valid Acc: 0.707310189105278 	Best Valid Acc: 0.714366
lr=1e-05, lamb=0.0001, num_epoch=200, test_acc=0.7058989556872707
----------------------------------------------------------
----------------------------------------------------------
lr=1e-05, lamb=0.001, num_epoch=200
Epoch: 1 	Training Cost: 14127.282495	 Valid Acc: 0.6368896415467118 	Best Valid Acc: 0.636890
Epoch: 2 	Training Cost: 12799.588071	 Valid Acc: 0.6731583403895004 	Best Valid Acc: 0.673158
Epoch: 3 	Training Cost: 12088.517548	 Valid Acc: 0.676545300592718 	Best Valid Acc: 0.676545
Epoch: 4 	Training Cost: 11862.576841	 Valid Acc: 0.6799322607959356 	Best Valid Acc: 0.679932
Epoch: 5 	Training Cost: 11757.846234	 Valid Acc: 0.681343494213943 	Best Valid Acc: 0.681343
Epoch: 6 	Training Cost: 11698.276773	 Valid Acc: 0.6804967541631386 	Best Valid Acc: 0.681343
Epoch: 7 	Training Cost: 11661.444402	 Valid Acc: 0.6831780976573525 	Best Valid Acc: 0.683178
Epoch: 8 	Training Cost: 11637.122709	 Valid Acc: 0.6826136042901496 	Best Valid Acc: 0.683178
Epoch: 9 	Training Cost: 11619.775123	 Valid Acc: 0.682895850973751 	Best Valid Acc: 0.683178
Epoch: 10 	Training Cost: 11606.185380	 Valid Acc: 0.6841659610499576 	Best Valid Acc: 0.684166
Epoch: 11 	Training Cost: 11594.504363	 Valid Acc: 0.6847304544171606 	Best Valid Acc: 0.684730
Epoch: 12 	Training Cost: 11583.545930	 Valid Acc: 0.6845893310753599 	Best Valid Acc: 0.684730
Epoch: 13 	Training Cost: 11572.351528	 Valid Acc: 0.6840248377081569 	Best Valid Acc: 0.684730
Epoch: 14 	Training Cost: 11560.229728	 Valid Acc: 0.6840248377081569 	Best Valid Acc: 0.684730
Epoch: 15 	Training Cost: 11546.412333	 Valid Acc: 0.6847304544171606 	Best Valid Acc: 0.684730
Epoch: 16 	Training Cost: 11530.100898	 Valid Acc: 0.6850127011007621 	Best Valid Acc: 0.685013
Epoch: 17 	Training Cost: 11510.307861	 Valid Acc: 0.6840248377081569 	Best Valid Acc: 0.685013
Epoch: 18 	Training Cost: 11485.817786	 Valid Acc: 0.6840248377081569 	Best Valid Acc: 0.685013
Epoch: 19 	Training Cost: 11455.216777	 Valid Acc: 0.6826136042901496 	Best Valid Acc: 0.685013
Epoch: 20 	Training Cost: 11417.209593	 Valid Acc: 0.683460344340954 	Best Valid Acc: 0.685013
Epoch: 21 	Training Cost: 11371.299828	 Valid Acc: 0.6847304544171606 	Best Valid Acc: 0.685013
Epoch: 22 	Training Cost: 11316.401679	 Valid Acc: 0.6847304544171606 	Best Valid Acc: 0.685013
Epoch: 23 	Training Cost: 11253.639456	 Valid Acc: 0.6864239345187694 	Best Valid Acc: 0.686424
Epoch: 24 	Training Cost: 11184.256062	 Valid Acc: 0.6899520180637877 	Best Valid Acc: 0.689952
Epoch: 25 	Training Cost: 11110.528397	 Valid Acc: 0.6939034716342083 	Best Valid Acc: 0.693903
Epoch: 26 	Training Cost: 11034.608580	 Valid Acc: 0.6950324583686142 	Best Valid Acc: 0.695032
Epoch: 27 	Training Cost: 10959.023842	 Valid Acc: 0.6984194185718318 	Best Valid Acc: 0.698419
Epoch: 28 	Training Cost: 10886.276985	 Valid Acc: 0.698842788597234 	Best Valid Acc: 0.698843
Epoch: 29 	Training Cost: 10817.926221	 Valid Acc: 0.7009596387242449 	Best Valid Acc: 0.700960
Epoch: 30 	Training Cost: 10754.824894	 Valid Acc: 0.7037821055602597 	Best Valid Acc: 0.703782
Epoch: 31 	Training Cost: 10696.971498	 Valid Acc: 0.7049110922946655 	Best Valid Acc: 0.704911
Epoch: 32 	Training Cost: 10644.006074	 Valid Acc: 0.7033587355348575 	Best Valid Acc: 0.704911
Epoch: 33 	Training Cost: 10595.392776	 Valid Acc: 0.7039232289020604 	Best Valid Acc: 0.704911
Epoch: 34 	Training Cost: 10550.757280	 Valid Acc: 0.7049110922946655 	Best Valid Acc: 0.704911
Epoch: 35 	Training Cost: 10509.612878	 Valid Acc: 0.7063223257126728 	Best Valid Acc: 0.706322
Epoch: 36 	Training Cost: 10471.587081	 Valid Acc: 0.7066045723962744 	Best Valid Acc: 0.706605
Epoch: 37 	Training Cost: 10436.518136	 Valid Acc: 0.7074513124470787 	Best Valid Acc: 0.707451
Epoch: 38 	Training Cost: 10404.231118	 Valid Acc: 0.707310189105278 	Best Valid Acc: 0.707451
Epoch: 39 	Training Cost: 10374.562712	 Valid Acc: 0.7064634490544736 	Best Valid Acc: 0.707451
Epoch: 40 	Training Cost: 10347.306868	 Valid Acc: 0.7066045723962744 	Best Valid Acc: 0.707451
Epoch: 41 	Training Cost: 10322.236066	 Valid Acc: 0.707874682472481 	Best Valid Acc: 0.707875
Epoch: 42 	Training Cost: 10299.078015	 Valid Acc: 0.7068868190798758 	Best Valid Acc: 0.707875
Epoch: 43 	Training Cost: 10277.620050	 Valid Acc: 0.7075924357888794 	Best Valid Acc: 0.707875
Epoch: 44 	Training Cost: 10257.672716	 Valid Acc: 0.707310189105278 	Best Valid Acc: 0.707875
Epoch: 45 	Training Cost: 10239.058961	 Valid Acc: 0.707874682472481 	Best Valid Acc: 0.707875
Epoch: 46 	Training Cost: 10221.604527	 Valid Acc: 0.7088625458650861 	Best Valid Acc: 0.708863
Epoch: 47 	Training Cost: 10205.184639	 Valid Acc: 0.7095681625740897 	Best Valid Acc: 0.709568
Epoch: 48 	Training Cost: 10189.721173	 Valid Acc: 0.7101326559412927 	Best Valid Acc: 0.710133
Epoch: 49 	Training Cost: 10175.047364	 Valid Acc: 0.7102737792830934 	Best Valid Acc: 0.710274
Epoch: 50 	Training Cost: 10161.101696	 Valid Acc: 0.7105560259666949 	Best Valid Acc: 0.710556
Epoch: 51 	Training Cost: 10147.800882	 Valid Acc: 0.7109793959920971 	Best Valid Acc: 0.710979
Epoch: 52 	Training Cost: 10135.085673	 Valid Acc: 0.7123906294101044 	Best Valid Acc: 0.712391
Epoch: 53 	Training Cost: 10122.893208	 Valid Acc: 0.7129551227773073 	Best Valid Acc: 0.712955
Epoch: 54 	Training Cost: 10111.162452	 Valid Acc: 0.7138018628281118 	Best Valid Acc: 0.713802
Epoch: 55 	Training Cost: 10099.859951	 Valid Acc: 0.7143663561953147 	Best Valid Acc: 0.714366
Epoch: 56 	Training Cost: 10088.945932	 Valid Acc: 0.7138018628281118 	Best Valid Acc: 0.714366
Epoch: 57 	Training Cost: 10078.349278	 Valid Acc: 0.7132373694609089 	Best Valid Acc: 0.714366
Epoch: 58 	Training Cost: 10068.094163	 Valid Acc: 0.7138018628281118 	Best Valid Acc: 0.714366
Epoch: 59 	Training Cost: 10058.147955	 Valid Acc: 0.714225232853514 	Best Valid Acc: 0.714366
Epoch: 60 	Training Cost: 10048.468013	 Valid Acc: 0.714225232853514 	Best Valid Acc: 0.714366
Epoch: 61 	Training Cost: 10039.038067	 Valid Acc: 0.7132373694609089 	Best Valid Acc: 0.714366
Epoch: 62 	Training Cost: 10029.861538	 Valid Acc: 0.714225232853514 	Best Valid Acc: 0.714366
Epoch: 63 	Training Cost: 10020.899101	 Valid Acc: 0.713660739486311 	Best Valid Acc: 0.714366
Epoch: 64 	Training Cost: 10012.203908	 Valid Acc: 0.713660739486311 	Best Valid Acc: 0.714366
Epoch: 65 	Training Cost: 10003.685958	 Valid Acc: 0.7135196161445103 	Best Valid Acc: 0.714366
Epoch: 66 	Training Cost: 9995.407876	 Valid Acc: 0.7135196161445103 	Best Valid Acc: 0.714366
Epoch: 67 	Training Cost: 9987.294527	 Valid Acc: 0.713660739486311 	Best Valid Acc: 0.714366
Epoch: 68 	Training Cost: 9979.389503	 Valid Acc: 0.7133784928027096 	Best Valid Acc: 0.714366
Epoch: 69 	Training Cost: 9971.660237	 Valid Acc: 0.7133784928027096 	Best Valid Acc: 0.714366
Epoch: 70 	Training Cost: 9964.113655	 Valid Acc: 0.7138018628281118 	Best Valid Acc: 0.714366
Epoch: 71 	Training Cost: 9956.773849	 Valid Acc: 0.7140841095117132 	Best Valid Acc: 0.714366
Epoch: 72 	Training Cost: 9949.541981	 Valid Acc: 0.7140841095117132 	Best Valid Acc: 0.714366
Epoch: 73 	Training Cost: 9942.512439	 Valid Acc: 0.7139429861699125 	Best Valid Acc: 0.714366
Epoch: 74 	Training Cost: 9935.607801	 Valid Acc: 0.7143663561953147 	Best Valid Acc: 0.714366
Epoch: 75 	Training Cost: 9928.882113	 Valid Acc: 0.7145074795371155 	Best Valid Acc: 0.714507
Epoch: 76 	Training Cost: 9922.301327	 Valid Acc: 0.7145074795371155 	Best Valid Acc: 0.714507
Epoch: 77 	Training Cost: 9915.885205	 Valid Acc: 0.7140841095117132 	Best Valid Acc: 0.714507
Epoch: 78 	Training Cost: 9909.621636	 Valid Acc: 0.713660739486311 	Best Valid Acc: 0.714507
Epoch: 79 	Training Cost: 9903.486508	 Valid Acc: 0.7140841095117132 	Best Valid Acc: 0.714507
Epoch: 80 	Training Cost: 9897.510146	 Valid Acc: 0.7147897262207169 	Best Valid Acc: 0.714790
Epoch: 81 	Training Cost: 9891.694270	 Valid Acc: 0.7150719729043183 	Best Valid Acc: 0.715072
Epoch: 82 	Training Cost: 9886.018341	 Valid Acc: 0.7152130962461191 	Best Valid Acc: 0.715213
Epoch: 83 	Training Cost: 9880.524012	 Valid Acc: 0.7152130962461191 	Best Valid Acc: 0.715213
Epoch: 84 	Training Cost: 9875.220248	 Valid Acc: 0.7153542195879199 	Best Valid Acc: 0.715354
Epoch: 85 	Training Cost: 9870.032553	 Valid Acc: 0.7153542195879199 	Best Valid Acc: 0.715354
Epoch: 86 	Training Cost: 9865.033438	 Valid Acc: 0.7143663561953147 	Best Valid Acc: 0.715354
Epoch: 87 	Training Cost: 9860.170512	 Valid Acc: 0.7147897262207169 	Best Valid Acc: 0.715354
Epoch: 88 	Training Cost: 9855.456424	 Valid Acc: 0.7150719729043183 	Best Valid Acc: 0.715354
Epoch: 89 	Training Cost: 9850.878408	 Valid Acc: 0.7147897262207169 	Best Valid Acc: 0.715354
Epoch: 90 	Training Cost: 9846.467790	 Valid Acc: 0.7146486028789162 	Best Valid Acc: 0.715354
Epoch: 91 	Training Cost: 9842.181366	 Valid Acc: 0.7145074795371155 	Best Valid Acc: 0.715354
Epoch: 92 	Training Cost: 9838.007374	 Valid Acc: 0.7139429861699125 	Best Valid Acc: 0.715354
Epoch: 93 	Training Cost: 9833.988586	 Valid Acc: 0.7143663561953147 	Best Valid Acc: 0.715354
Epoch: 94 	Training Cost: 9830.060812	 Valid Acc: 0.7143663561953147 	Best Valid Acc: 0.715354
Epoch: 95 	Training Cost: 9826.241862	 Valid Acc: 0.7135196161445103 	Best Valid Acc: 0.715354
Epoch: 96 	Training Cost: 9822.512188	 Valid Acc: 0.7132373694609089 	Best Valid Acc: 0.715354
Epoch: 97 	Training Cost: 9818.983308	 Valid Acc: 0.713096246119108 	Best Valid Acc: 0.715354
Epoch: 98 	Training Cost: 9815.417547	 Valid Acc: 0.7122495060683037 	Best Valid Acc: 0.715354
Epoch: 99 	Training Cost: 9812.175285	 Valid Acc: 0.712108382726503 	Best Valid Acc: 0.715354
Epoch: 100 	Training Cost: 9808.802548	 Valid Acc: 0.7123906294101044 	Best Valid Acc: 0.715354
Epoch: 101 	Training Cost: 9805.660496	 Valid Acc: 0.7118261360429015 	Best Valid Acc: 0.715354
Epoch: 102 	Training Cost: 9802.438173	 Valid Acc: 0.7119672593847022 	Best Valid Acc: 0.715354
Epoch: 103 	Training Cost: 9799.379425	 Valid Acc: 0.7122495060683037 	Best Valid Acc: 0.715354
Epoch: 104 	Training Cost: 9796.259339	 Valid Acc: 0.7114027660174993 	Best Valid Acc: 0.715354
Epoch: 105 	Training Cost: 9793.368306	 Valid Acc: 0.7126728760937059 	Best Valid Acc: 0.715354
Epoch: 106 	Training Cost: 9790.322986	 Valid Acc: 0.7119672593847022 	Best Valid Acc: 0.715354
Epoch: 107 	Training Cost: 9787.611581	 Valid Acc: 0.7125317527519052 	Best Valid Acc: 0.715354
Epoch: 108 	Training Cost: 9784.671895	 Valid Acc: 0.7112616426756986 	Best Valid Acc: 0.715354
Epoch: 109 	Training Cost: 9782.042728	 Valid Acc: 0.7125317527519052 	Best Valid Acc: 0.715354
Epoch: 110 	Training Cost: 9779.288015	 Valid Acc: 0.7114027660174993 	Best Valid Acc: 0.715354
Epoch: 111 	Training Cost: 9776.819333	 Valid Acc: 0.7122495060683037 	Best Valid Acc: 0.715354
Epoch: 112 	Training Cost: 9774.157182	 Valid Acc: 0.7114027660174993 	Best Valid Acc: 0.715354
Epoch: 113 	Training Cost: 9771.811789	 Valid Acc: 0.7125317527519052 	Best Valid Acc: 0.715354
Epoch: 114 	Training Cost: 9769.336527	 Valid Acc: 0.7119672593847022 	Best Valid Acc: 0.715354
Epoch: 115 	Training Cost: 9767.099332	 Valid Acc: 0.7135196161445103 	Best Valid Acc: 0.715354
Epoch: 116 	Training Cost: 9764.681428	 Valid Acc: 0.7125317527519052 	Best Valid Acc: 0.715354
Epoch: 117 	Training Cost: 9762.631908	 Valid Acc: 0.7133784928027096 	Best Valid Acc: 0.715354
Epoch: 118 	Training Cost: 9760.588573	 Valid Acc: 0.7129551227773073 	Best Valid Acc: 0.715354
Epoch: 119 	Training Cost: 9758.246076	 Valid Acc: 0.7132373694609089 	Best Valid Acc: 0.715354
Epoch: 120 	Training Cost: 9756.368476	 Valid Acc: 0.7112616426756986 	Best Valid Acc: 0.715354
Epoch: 121 	Training Cost: 9754.129421	 Valid Acc: 0.7119672593847022 	Best Valid Acc: 0.715354
Epoch: 122 	Training Cost: 9752.206045	 Valid Acc: 0.7129551227773073 	Best Valid Acc: 0.715354
Epoch: 123 	Training Cost: 9750.057066	 Valid Acc: 0.7115438893593 	Best Valid Acc: 0.715354
Epoch: 124 	Training Cost: 9748.113341	 Valid Acc: 0.7119672593847022 	Best Valid Acc: 0.715354
Epoch: 125 	Training Cost: 9746.098204	 Valid Acc: 0.7118261360429015 	Best Valid Acc: 0.715354
Epoch: 126 	Training Cost: 9744.200104	 Valid Acc: 0.7119672593847022 	Best Valid Acc: 0.715354
Epoch: 127 	Training Cost: 9742.167827	 Valid Acc: 0.7115438893593 	Best Valid Acc: 0.715354
Epoch: 128 	Training Cost: 9740.329461	 Valid Acc: 0.7112616426756986 	Best Valid Acc: 0.715354
Epoch: 129 	Training Cost: 9738.426045	 Valid Acc: 0.7118261360429015 	Best Valid Acc: 0.715354
Epoch: 130 	Training Cost: 9736.559716	 Valid Acc: 0.7106971493084956 	Best Valid Acc: 0.715354
Epoch: 131 	Training Cost: 9734.594799	 Valid Acc: 0.7118261360429015 	Best Valid Acc: 0.715354
Epoch: 132 	Training Cost: 9732.751555	 Valid Acc: 0.7111205193338979 	Best Valid Acc: 0.715354
Epoch: 133 	Training Cost: 9730.919594	 Valid Acc: 0.7119672593847022 	Best Valid Acc: 0.715354
Epoch: 134 	Training Cost: 9729.052683	 Valid Acc: 0.7104149026248942 	Best Valid Acc: 0.715354
Epoch: 135 	Training Cost: 9727.188188	 Valid Acc: 0.7116850127011007 	Best Valid Acc: 0.715354
Epoch: 136 	Training Cost: 9725.374476	 Valid Acc: 0.7105560259666949 	Best Valid Acc: 0.715354
Epoch: 137 	Training Cost: 9723.566479	 Valid Acc: 0.7109793959920971 	Best Valid Acc: 0.715354
Epoch: 138 	Training Cost: 9721.679893	 Valid Acc: 0.7109793959920971 	Best Valid Acc: 0.715354
Epoch: 139 	Training Cost: 9719.869372	 Valid Acc: 0.7105560259666949 	Best Valid Acc: 0.715354
Epoch: 140 	Training Cost: 9718.095258	 Valid Acc: 0.7112616426756986 	Best Valid Acc: 0.715354
Epoch: 141 	Training Cost: 9716.300986	 Valid Acc: 0.7108382726502963 	Best Valid Acc: 0.715354
Epoch: 142 	Training Cost: 9714.423055	 Valid Acc: 0.7112616426756986 	Best Valid Acc: 0.715354
Epoch: 143 	Training Cost: 9712.757113	 Valid Acc: 0.7111205193338979 	Best Valid Acc: 0.715354
Epoch: 144 	Training Cost: 9710.790449	 Valid Acc: 0.7106971493084956 	Best Valid Acc: 0.715354
Epoch: 145 	Training Cost: 9709.291442	 Valid Acc: 0.7109793959920971 	Best Valid Acc: 0.715354
Epoch: 146 	Training Cost: 9707.348226	 Valid Acc: 0.7115438893593 	Best Valid Acc: 0.715354
Epoch: 147 	Training Cost: 9705.687605	 Valid Acc: 0.7109793959920971 	Best Valid Acc: 0.715354
Epoch: 148 	Training Cost: 9703.746057	 Valid Acc: 0.7111205193338979 	Best Valid Acc: 0.715354
Epoch: 149 	Training Cost: 9702.241725	 Valid Acc: 0.7105560259666949 	Best Valid Acc: 0.715354
Epoch: 150 	Training Cost: 9700.293585	 Valid Acc: 0.7119672593847022 	Best Valid Acc: 0.715354
Epoch: 151 	Training Cost: 9698.536919	 Valid Acc: 0.7109793959920971 	Best Valid Acc: 0.715354
Epoch: 152 	Training Cost: 9696.740092	 Valid Acc: 0.712108382726503 	Best Valid Acc: 0.715354
Epoch: 153 	Training Cost: 9695.035755	 Valid Acc: 0.7105560259666949 	Best Valid Acc: 0.715354
Epoch: 154 	Training Cost: 9693.163006	 Valid Acc: 0.7118261360429015 	Best Valid Acc: 0.715354
Epoch: 155 	Training Cost: 9691.396264	 Valid Acc: 0.7116850127011007 	Best Valid Acc: 0.715354
Epoch: 156 	Training Cost: 9689.715744	 Valid Acc: 0.7105560259666949 	Best Valid Acc: 0.715354
Epoch: 157 	Training Cost: 9687.818382	 Valid Acc: 0.712108382726503 	Best Valid Acc: 0.715354
Epoch: 158 	Training Cost: 9685.959463	 Valid Acc: 0.7118261360429015 	Best Valid Acc: 0.715354
Epoch: 159 	Training Cost: 9684.334558	 Valid Acc: 0.7126728760937059 	Best Valid Acc: 0.715354
Epoch: 160 	Training Cost: 9682.339493	 Valid Acc: 0.7122495060683037 	Best Valid Acc: 0.715354
Epoch: 161 	Training Cost: 9680.751131	 Valid Acc: 0.7126728760937059 	Best Valid Acc: 0.715354
Epoch: 162 	Training Cost: 9678.752202	 Valid Acc: 0.7118261360429015 	Best Valid Acc: 0.715354
Epoch: 163 	Training Cost: 9677.035125	 Valid Acc: 0.712108382726503 	Best Valid Acc: 0.715354
Epoch: 164 	Training Cost: 9675.159440	 Valid Acc: 0.7118261360429015 	Best Valid Acc: 0.715354
Epoch: 165 	Training Cost: 9673.273122	 Valid Acc: 0.7119672593847022 	Best Valid Acc: 0.715354
Epoch: 166 	Training Cost: 9671.322046	 Valid Acc: 0.7119672593847022 	Best Valid Acc: 0.715354
Epoch: 167 	Training Cost: 9669.575441	 Valid Acc: 0.7118261360429015 	Best Valid Acc: 0.715354
Epoch: 168 	Training Cost: 9667.696150	 Valid Acc: 0.7118261360429015 	Best Valid Acc: 0.715354
Epoch: 169 	Training Cost: 9665.900784	 Valid Acc: 0.7132373694609089 	Best Valid Acc: 0.715354
Epoch: 170 	Training Cost: 9663.822826	 Valid Acc: 0.7115438893593 	Best Valid Acc: 0.715354
Epoch: 171 	Training Cost: 9662.199117	 Valid Acc: 0.7125317527519052 	Best Valid Acc: 0.715354
Epoch: 172 	Training Cost: 9660.135732	 Valid Acc: 0.7102737792830934 	Best Valid Acc: 0.715354
Epoch: 173 	Training Cost: 9658.184042	 Valid Acc: 0.712108382726503 	Best Valid Acc: 0.715354
Epoch: 174 	Training Cost: 9656.399126	 Valid Acc: 0.7111205193338979 	Best Valid Acc: 0.715354
Epoch: 175 	Training Cost: 9654.317530	 Valid Acc: 0.712108382726503 	Best Valid Acc: 0.715354
Epoch: 176 	Training Cost: 9652.270793	 Valid Acc: 0.7116850127011007 	Best Valid Acc: 0.715354
Epoch: 177 	Training Cost: 9650.275260	 Valid Acc: 0.7115438893593 	Best Valid Acc: 0.715354
Epoch: 178 	Training Cost: 9648.602779	 Valid Acc: 0.7112616426756986 	Best Valid Acc: 0.715354
Epoch: 179 	Training Cost: 9646.485240	 Valid Acc: 0.7116850127011007 	Best Valid Acc: 0.715354
Epoch: 180 	Training Cost: 9644.361304	 Valid Acc: 0.7114027660174993 	Best Valid Acc: 0.715354
Epoch: 181 	Training Cost: 9642.200439	 Valid Acc: 0.7119672593847022 	Best Valid Acc: 0.715354
Epoch: 182 	Training Cost: 9640.480793	 Valid Acc: 0.7118261360429015 	Best Valid Acc: 0.715354
Epoch: 183 	Training Cost: 9638.249796	 Valid Acc: 0.7126728760937059 	Best Valid Acc: 0.715354
Epoch: 184 	Training Cost: 9636.261727	 Valid Acc: 0.712108382726503 	Best Valid Acc: 0.715354
Epoch: 185 	Training Cost: 9634.073190	 Valid Acc: 0.7116850127011007 	Best Valid Acc: 0.715354
Epoch: 186 	Training Cost: 9631.921754	 Valid Acc: 0.7119672593847022 	Best Valid Acc: 0.715354
Epoch: 187 	Training Cost: 9629.765187	 Valid Acc: 0.7125317527519052 	Best Valid Acc: 0.715354
Epoch: 188 	Training Cost: 9627.856054	 Valid Acc: 0.7116850127011007 	Best Valid Acc: 0.715354
Epoch: 189 	Training Cost: 9625.444963	 Valid Acc: 0.7129551227773073 	Best Valid Acc: 0.715354
Epoch: 190 	Training Cost: 9623.610395	 Valid Acc: 0.712108382726503 	Best Valid Acc: 0.715354
Epoch: 191 	Training Cost: 9621.056022	 Valid Acc: 0.7118261360429015 	Best Valid Acc: 0.715354
Epoch: 192 	Training Cost: 9618.886362	 Valid Acc: 0.712108382726503 	Best Valid Acc: 0.715354
Epoch: 193 	Training Cost: 9616.412934	 Valid Acc: 0.7115438893593 	Best Valid Acc: 0.715354
Epoch: 194 	Training Cost: 9614.354541	 Valid Acc: 0.7116850127011007 	Best Valid Acc: 0.715354
Epoch: 195 	Training Cost: 9611.826397	 Valid Acc: 0.7108382726502963 	Best Valid Acc: 0.715354
Epoch: 196 	Training Cost: 9609.643526	 Valid Acc: 0.7118261360429015 	Best Valid Acc: 0.715354
Epoch: 197 	Training Cost: 9607.689135	 Valid Acc: 0.7112616426756986 	Best Valid Acc: 0.715354
Epoch: 198 	Training Cost: 9604.992186	 Valid Acc: 0.7114027660174993 	Best Valid Acc: 0.715354
Epoch: 199 	Training Cost: 9602.662931	 Valid Acc: 0.7114027660174993 	Best Valid Acc: 0.715354
Epoch: 200 	Training Cost: 9600.255913	 Valid Acc: 0.7106971493084956 	Best Valid Acc: 0.715354
lr=1e-05, lamb=0.001, num_epoch=200, test_acc=0.7109793959920971
----------------------------------------------------------
lr=1e-05, lamb=0, best_valid_acc=([13806.70140838623, 12473.205037653446, 11754.410247802734, 11555.79480445385, 11476.619838833809, 11435.330286502838, 11410.423495531082, 11393.815233647823, 11381.594045996666, 11371.587570309639, 11362.504101395607, 11353.389600455761, 11343.251447558403, 11331.530063033104, 11317.016128897667, 11297.95513278246, 11270.891089558601, 11233.670615136623, 11180.902733147144, 11112.753478705883, 11031.95716869831, 10945.00926476717, 10856.801267564297, 10770.194858670235, 10686.8334851861, 10608.416639447212, 10536.224362373352, 10470.540682375431, 10411.072057008743, 10357.204319298267, 10308.259467542171, 10263.523371636868, 10222.5107203722, 10184.821862488985, 10150.275360167027, 10118.750626564026, 10089.943966925144, 10063.571164637804, 10039.337757706642, 10016.937691748142, 9996.162907987833, 9976.799767494202, 9958.639574468136, 9941.566233843565, 9925.440841376781, 9910.164586603642, 9895.641595050693, 9881.780742645264, 9868.461156979203, 9855.664412766695, 9843.294488221407, 9831.283347040415, 9819.612017944455, 9808.222917601466, 9797.075767755508, 9786.173388749361, 9775.47185896337, 9765.007780969143, 9754.797870442271, 9744.840725839138, 9735.148131921887, 9725.763226807117, 9716.645007580519, 9707.794785946608, 9699.15939886868, 9690.738633662462, 9682.549458160996, 9674.588530018926, 9666.876516133547, 9659.423105686903, 9652.26518523693, 9645.379479169846, 9638.777742117643, 9632.444411963224, 9626.309790968895, 9620.36223988235, 9614.59386458993, 9608.98217368126, 9603.541526079178, 9598.184539422393, 9593.10993641615, 9588.21011838317, 9583.46786865592, 9578.977505102754, 9574.472645655274, 9570.288159102201, 9566.039858192205, 9562.101130589843, 9558.22931177169, 9554.450545080006, 9550.904304161668, 9547.331442639232, 9544.151371248066, 9540.667659200728, 9537.850593939424, 9534.590000152588, 9531.866210192442, 9528.81144028902, 9526.214054659009, 9523.35994142294, 9520.959796249866, 9518.315381407738, 9515.859662771225, 9513.463038556278, 9511.347625046968, 9508.44182960689, 9506.058681428432, 9503.649544686079, 9501.177638947964, 9498.856285303831, 9496.602135501802, 9493.80243897438, 9491.772122368217, 9489.014950454235, 9486.494132071733, 9484.165201485157, 9481.67761836946, 9479.067704588175, 9476.780160680413, 9474.283680200577, 9471.682954728603, 9469.399088256061, 9466.867504775524, 9464.147407107055, 9461.421377405524, 9458.908593967557, 9456.501130007207, 9453.767540283501, 9450.775818891823, 9448.091979287565, 9445.735343500972, 9442.49434863031, 9439.297650016844, 9436.624170921743, 9433.215498402715, 9429.876790434122, 9426.768449015915, 9422.918684780598, 9418.88247038424, 9415.009659707546, 9410.957266449928, 9405.945626221597, 9400.977697402239, 9395.526222214103, 9389.146284773946, 9382.457617886364, 9375.129529505968, 9366.802129283547, 9357.601763263345, 9347.322396725416, 9335.825033694506, 9322.944413371384, 9309.399787455797, 9294.303968310356, 9278.427606783807, 9261.665573775768, 9244.278231561184, 9226.393823355436, 9208.25374994427, 9190.786855846643, 9173.689332388341, 9156.934901311994, 9141.438668370247, 9126.393110655248, 9112.570835098624, 9099.254096344113, 9086.564039878547, 9074.23982834816, 9062.915946096182, 9051.491925932467, 9040.827774517238, 9030.364949308336, 9020.142894789577, 9010.424206726253, 9001.050541758537, 8991.920720137656, 8982.349107548594, 8973.291542813182, 8964.690208952874, 8956.355406358838, 8947.701021283865, 8939.339950241148, 8931.25481569022, 8923.071082599461, 8915.522078886628, 8907.2092743963, 8899.922375515103, 8892.05403721705, 8884.6908188276, 8877.097849026322, 8869.907258372754, 8862.036832828075, 8855.40338557586, 8847.797876469791, 8840.913435310125, 8833.317695301026, 8827.096650838852, 8819.659648902714, 8812.568122889847, 8805.266087941825], [0.6552356759808072, 0.676545300592718, 0.6773920406435224, 0.6788032740615297, 0.679226644086932, 0.6819079875811459, 0.6820491109229466, 0.6821902342647473, 0.6833192209991532, 0.6833192209991532, 0.6837425910245555, 0.6840248377081569, 0.6840248377081569, 0.6840248377081569, 0.6837425910245555, 0.6831780976573525, 0.6819079875811459, 0.6821902342647473, 0.6819079875811459, 0.6837425910245555, 0.6858594411515665, 0.6899520180637877, 0.6926333615580017, 0.6947502116850127, 0.6977138018628282, 0.6999717753316399, 0.7013830087496472, 0.7033587355348575, 0.7050522156364663, 0.7047699689528648, 0.705193338978267, 0.7043465989274627, 0.7044877222692634, 0.705193338978267, 0.7047699689528648, 0.7053344623200677, 0.7056167090036692, 0.707310189105278, 0.7075924357888794, 0.7074513124470787, 0.707874682472481, 0.7082980524978831, 0.7088625458650861, 0.7087214225232854, 0.7098504092576913, 0.7106971493084956, 0.7111205193338979, 0.7114027660174993, 0.7115438893593, 0.7122495060683037, 0.7133784928027096, 0.7138018628281118, 0.7135196161445103, 0.714225232853514, 0.7140841095117132, 0.7146486028789162, 0.7147897262207169, 0.7146486028789162, 0.7140841095117132, 0.7138018628281118, 0.7132373694609089, 0.7128139994355066, 0.713096246119108, 0.7132373694609089, 0.7133784928027096, 0.7143663561953147, 0.7139429861699125, 0.7139429861699125, 0.7147897262207169, 0.7152130962461191, 0.715777589613322, 0.7154953429297206, 0.7145074795371155, 0.7147897262207169, 0.7139429861699125, 0.7139429861699125, 0.7139429861699125, 0.7132373694609089, 0.7126728760937059, 0.7125317527519052, 0.713096246119108, 0.7129551227773073, 0.713096246119108, 0.7123906294101044, 0.712108382726503, 0.7114027660174993, 0.7118261360429015, 0.7114027660174993, 0.7116850127011007, 0.7114027660174993, 0.7122495060683037, 0.7109793959920971, 0.7118261360429015, 0.7102737792830934, 0.7114027660174993, 0.7106971493084956, 0.7112616426756986, 0.7114027660174993, 0.7111205193338979, 0.7112616426756986, 0.7106971493084956, 0.7109793959920971, 0.712108382726503, 0.7123906294101044, 0.7112616426756986, 0.7119672593847022, 0.7109793959920971, 0.7122495060683037, 0.7118261360429015, 0.7119672593847022, 0.7123906294101044, 0.7118261360429015, 0.7116850127011007, 0.7111205193338979, 0.7128139994355066, 0.7114027660174993, 0.7128139994355066, 0.7115438893593, 0.7118261360429015, 0.713660739486311, 0.7118261360429015, 0.7126728760937059, 0.7115438893593, 0.7119672593847022, 0.7109793959920971, 0.7118261360429015, 0.7109793959920971, 0.7116850127011007, 0.7106971493084956, 0.7112616426756986, 0.7114027660174993, 0.7111205193338979, 0.709991532599492, 0.7105560259666949, 0.7106971493084956, 0.7106971493084956, 0.7106971493084956, 0.7105560259666949, 0.7116850127011007, 0.7091447925486876, 0.7114027660174993, 0.7105560259666949, 0.709991532599492, 0.7108382726502963, 0.7098504092576913, 0.7109793959920971, 0.712108382726503, 0.7112616426756986, 0.7115438893593, 0.7108382726502963, 0.7119672593847022, 0.7104149026248942, 0.709991532599492, 0.709427039232289, 0.7108382726502963, 0.709991532599492, 0.7106971493084956, 0.7105560259666949, 0.7111205193338979, 0.7114027660174993, 0.7111205193338979, 0.7108382726502963, 0.7119672593847022, 0.7098504092576913, 0.7105560259666949, 0.7101326559412927, 0.7101326559412927, 0.7085802991814846, 0.7101326559412927, 0.707874682472481, 0.7084391758396839, 0.707310189105278, 0.7068868190798758, 0.7067456957380751, 0.7064634490544736, 0.7058989556872707, 0.70575783234547, 0.7060400790290714, 0.7053344623200677, 0.7064634490544736, 0.7054755856618685, 0.7068868190798758, 0.70575783234547, 0.7061812023708721, 0.7067456957380751, 0.7063223257126728, 0.7067456957380751, 0.7063223257126728, 0.7066045723962744, 0.7068868190798758, 0.7046288456110641, 0.7058989556872707, 0.7042054755856618, 0.7050522156364663, 0.7037821055602597, 0.7044877222692634, 0.7044877222692634, 0.7037821055602597, 0.7044877222692634, 0.7036409822184589])
lr=1e-05, lamb=0.0001, best_valid_acc=([13871.349958896637, 12646.816561937332, 11873.610335946083, 11632.215499639511, 11532.563439667225, 11480.916944921017, 11450.556885182858, 11430.979482471943, 11417.232477486134, 11406.617413163185, 11397.486896336079, 11388.732363164425, 11379.473486185074, 11368.834005713463, 11355.691210925579, 11338.284963905811, 11314.590441524982, 11281.683774471283, 11237.020679831505, 11179.799284756184, 11113.311103880405, 11044.414493143559, 10976.23476845026, 10906.442017376423, 10834.500939488411, 10762.250814318657, 10691.866420507431, 10625.19757950306, 10563.288509249687, 10505.946395158768, 10452.789412856102, 10403.592772185802, 10357.937294185162, 10315.662425279617, 10276.627355873585, 10240.55077946186, 10207.187861323357, 10176.340837597847, 10147.74258890748, 10121.287799835205, 10096.823816478252, 10074.028986811638, 10052.692010343075, 10032.668713569641, 10013.83353665471, 9996.094234108925, 9979.284933537245, 9963.276711851358, 9947.945326417685, 9933.215306252241, 9919.013556882739, 9905.297344326973, 9891.98362314701, 9879.097074210644, 9866.615497976542, 9854.526919424534, 9842.820259302855, 9831.484520360827, 9820.484495446086, 9809.829548820853, 9799.471540391445, 9789.464795768261, 9779.824822068214, 9770.524440824986, 9761.55802834034, 9752.886558905244, 9744.499872118235, 9736.382901400328, 9728.503728583455, 9720.84755924344, 9713.435429915786, 9706.280856460333, 9699.296157464385, 9692.548668727279, 9685.950938418508, 9679.582330584526, 9673.414371684194, 9667.483561873436, 9661.762116238475, 9656.229211568832, 9650.926935002208, 9645.780941814184, 9640.830024838448, 9635.95438233018, 9631.389578267932, 9626.80138450861, 9622.419451758265, 9618.119161084294, 9613.718121945858, 9609.73198749125, 9605.781425923109, 9602.012771397829, 9598.53783544898, 9594.633843421936, 9591.364156752825, 9587.969667434692, 9584.973370477557, 9581.605000987649, 9578.752570092678, 9575.589617311954, 9573.167970955372, 9570.353637486696, 9567.710043087602, 9565.378837138414, 9562.649034395814, 9560.244555562735, 9558.00181144476, 9555.845652908087, 9553.57404653728, 9551.33742953837, 9548.87681299448, 9546.798651963472, 9544.813552811742, 9542.42496651411, 9540.22599567473, 9537.865841388702, 9535.959824740887, 9533.482602648437, 9531.568435698748, 9529.020290859044, 9526.960722059011, 9524.756587870419, 9522.967748172581, 9520.387134060264, 9518.125746130943, 9516.067715398967, 9513.360455177724, 9511.101768001914, 9508.931211017072, 9507.275785684586, 9504.202690452337, 9502.2627299577, 9499.28035582602, 9497.373732678592, 9494.696138486266, 9492.43229444325, 9489.708299547434, 9487.870292186737, 9485.348868533969, 9483.01502327621, 9480.179152958095, 9477.89689835906, 9475.247708551586, 9472.562639027834, 9470.467061832547, 9467.199782080948, 9464.963562242687, 9461.885015234351, 9459.976536110044, 9456.584624178708, 9454.213335983455, 9451.47443009168, 9449.264322966337, 9446.07273312658, 9443.170504204929, 9440.959429979324, 9437.843845583498, 9434.7267177701, 9432.35501538217, 9429.366472281516, 9426.346366375685, 9423.00808377564, 9420.570852443576, 9417.726142257452, 9414.20834454149, 9411.185821920633, 9408.028475739062, 9405.376247443259, 9401.720659397542, 9399.035653054714, 9395.019218049943, 9392.333220988512, 9388.848632223904, 9385.759389258921, 9382.20855667442, 9378.741633147001, 9375.340604804456, 9372.456779807806, 9368.695606037974, 9365.865027412772, 9361.798890672624, 9358.344232991338, 9354.871605306864, 9351.589898966253, 9348.008734375238, 9344.023166544735, 9340.715942077339, 9337.168725892901, 9333.917223483324, 9329.693421043456, 9326.33500495553, 9321.960417501628, 9318.716278716922, 9314.775795437396, 9310.78721152246, 9307.299898579717, 9303.38936701417, 9299.263626463711, 9295.988105461001, 9292.076709836721], [0.6301157211402766, 0.6686423934518769, 0.6769686706181203, 0.6797911374541349, 0.6804967541631386, 0.6817668642393452, 0.681343494213943, 0.6819079875811459, 0.6820491109229466, 0.6821902342647473, 0.682895850973751, 0.682895850973751, 0.6831780976573525, 0.6840248377081569, 0.6840248377081569, 0.6840248377081569, 0.6817668642393452, 0.6814846175557437, 0.6806378775049393, 0.6788032740615297, 0.6820491109229466, 0.6850127011007621, 0.6883996613039797, 0.6905165114309907, 0.691927744848998, 0.6939034716342083, 0.6937623482924076, 0.6947502116850127, 0.696725938470223, 0.6999717753316399, 0.7009596387242449, 0.7013830087496472, 0.7050522156364663, 0.705193338978267, 0.7044877222692634, 0.7058989556872707, 0.7060400790290714, 0.7060400790290714, 0.7043465989274627, 0.7060400790290714, 0.707310189105278, 0.7075924357888794, 0.7074513124470787, 0.707874682472481, 0.7090036692068868, 0.7087214225232854, 0.7092859158904883, 0.7091447925486876, 0.7098504092576913, 0.7101326559412927, 0.7106971493084956, 0.7111205193338979, 0.7118261360429015, 0.7122495060683037, 0.7123906294101044, 0.7129551227773073, 0.7129551227773073, 0.712108382726503, 0.7126728760937059, 0.7123906294101044, 0.712108382726503, 0.713096246119108, 0.7128139994355066, 0.7128139994355066, 0.7129551227773073, 0.7132373694609089, 0.713096246119108, 0.713096246119108, 0.713096246119108, 0.7126728760937059, 0.7133784928027096, 0.713660739486311, 0.7139429861699125, 0.7133784928027096, 0.7132373694609089, 0.7133784928027096, 0.7135196161445103, 0.7133784928027096, 0.713660739486311, 0.7140841095117132, 0.713660739486311, 0.7132373694609089, 0.713660739486311, 0.7133784928027096, 0.713660739486311, 0.713096246119108, 0.7125317527519052, 0.7122495060683037, 0.7118261360429015, 0.713096246119108, 0.7109793959920971, 0.7123906294101044, 0.7112616426756986, 0.712108382726503, 0.7128139994355066, 0.7111205193338979, 0.7119672593847022, 0.7125317527519052, 0.7125317527519052, 0.7115438893593, 0.7125317527519052, 0.7123906294101044, 0.7129551227773073, 0.713096246119108, 0.7125317527519052, 0.7125317527519052, 0.7123906294101044, 0.7125317527519052, 0.7111205193338979, 0.7122495060683037, 0.7119672593847022, 0.713096246119108, 0.7129551227773073, 0.713096246119108, 0.7128139994355066, 0.712108382726503, 0.7140841095117132, 0.7125317527519052, 0.7143663561953147, 0.7125317527519052, 0.713660739486311, 0.7123906294101044, 0.7128139994355066, 0.7115438893593, 0.7132373694609089, 0.7115438893593, 0.7126728760937059, 0.7119672593847022, 0.7114027660174993, 0.7106971493084956, 0.7119672593847022, 0.7112616426756986, 0.7112616426756986, 0.7125317527519052, 0.7111205193338979, 0.7116850127011007, 0.7118261360429015, 0.7108382726502963, 0.7112616426756986, 0.7109793959920971, 0.7115438893593, 0.7112616426756986, 0.7116850127011007, 0.7115438893593, 0.7116850127011007, 0.7122495060683037, 0.7118261360429015, 0.7114027660174993, 0.7122495060683037, 0.7105560259666949, 0.7116850127011007, 0.7116850127011007, 0.7101326559412927, 0.7123906294101044, 0.7097092859158904, 0.7132373694609089, 0.7106971493084956, 0.7115438893593, 0.7128139994355066, 0.7108382726502963, 0.7123906294101044, 0.7112616426756986, 0.7109793959920971, 0.7111205193338979, 0.7105560259666949, 0.7102737792830934, 0.7098504092576913, 0.709991532599492, 0.7098504092576913, 0.7098504092576913, 0.7106971493084956, 0.7109793959920971, 0.709991532599492, 0.7097092859158904, 0.709991532599492, 0.709991532599492, 0.7095681625740897, 0.7088625458650861, 0.709427039232289, 0.7105560259666949, 0.7091447925486876, 0.7097092859158904, 0.7095681625740897, 0.7090036692068868, 0.7102737792830934, 0.7084391758396839, 0.709427039232289, 0.7080158058142817, 0.7092859158904883, 0.7085802991814846, 0.709427039232289, 0.7085802991814846, 0.7088625458650861, 0.7081569291560824, 0.7075924357888794, 0.7087214225232854, 0.7077335591306803, 0.7080158058142817, 0.7081569291560824, 0.707310189105278])
lr=1e-05, lamb=0.001, best_valid_acc=([14127.28249490261, 12799.588071346283, 12088.517547726631, 11862.576840639114, 11757.846234440804, 11698.27677321434, 11661.444402098656, 11637.122708678246, 11619.775123476982, 11606.185379624367, 11594.504363298416, 11583.545929729939, 11572.351527631283, 11560.229728341103, 11546.41233253479, 11530.100898206234, 11510.307860970497, 11485.81778639555, 11455.21677672863, 11417.2095926404, 11371.299828410149, 11316.401678800583, 11253.639455616474, 11184.256061911583, 11110.52839678526, 11034.608579933643, 10959.02384185791, 10886.276985228062, 10817.926220595837, 10754.82489401102, 10696.971498191357, 10644.006073832512, 10595.392776191235, 10550.75728046894, 10509.61287844181, 10471.587081253529, 10436.518136143684, 10404.231117665768, 10374.56271213293, 10347.306867718697, 10322.236065745354, 10299.078015089035, 10277.620050013065, 10257.672716259956, 10239.05896127224, 10221.604527294636, 10205.184638857841, 10189.72117343545, 10175.047364354134, 10161.101695716381, 10147.800881683826, 10135.085672855377, 10122.893207669258, 10111.162451803684, 10099.859951198101, 10088.945932209492, 10078.349277824163, 10068.094163060188, 10058.14795511961, 10048.468012601137, 10039.0380666852, 10029.861537754536, 10020.899100601673, 10012.203908324242, 10003.685958266258, 9995.407875835896, 9987.294527113438, 9979.389503240585, 9971.660236924887, 9964.113654971123, 9956.773849010468, 9949.54198050499, 9942.512438803911, 9935.607800841331, 9928.882112771273, 9922.301327168941, 9915.885205417871, 9909.621636301279, 9903.486508131027, 9897.510145545006, 9891.694269835949, 9886.01834076643, 9880.52401226759, 9875.22024795413, 9870.032553464174, 9865.0334379673, 9860.170512259007, 9855.45642375946, 9850.878408312798, 9846.46778985858, 9842.181365847588, 9838.00737440586, 9833.988586306572, 9830.060812234879, 9826.241861581802, 9822.512187808752, 9818.983307689428, 9815.417546510696, 9812.175285220146, 9808.802547574043, 9805.660496205091, 9802.438173130155, 9799.379424780607, 9796.259338527918, 9793.368306264281, 9790.322985649109, 9787.611581280828, 9784.67189526558, 9782.042727947235, 9779.28801470995, 9776.819333150983, 9774.1571816504, 9771.811789005995, 9769.33652690053, 9767.099331736565, 9764.681427806616, 9762.631907835603, 9760.588572651148, 9758.246076077223, 9756.368476331234, 9754.129420816898, 9752.20604519546, 9750.057066202164, 9748.113340616226, 9746.09820380807, 9744.20010356605, 9742.167827412486, 9740.329461351037, 9738.426044791937, 9736.559716045856, 9734.594798609614, 9732.751555010676, 9730.91959361732, 9729.052682638168, 9727.18818756938, 9725.374475702643, 9723.566479369998, 9721.679893136024, 9719.869371682405, 9718.095258027315, 9716.300986170769, 9714.423055499792, 9712.757113471627, 9710.790449172258, 9709.291441872716, 9707.34822550416, 9705.687605232, 9703.746056869626, 9702.241724967957, 9700.293584793806, 9698.536919116974, 9696.74009206891, 9695.03575527668, 9693.16300612688, 9691.396263659, 9689.71574407816, 9687.818382203579, 9685.959463134408, 9684.334557592869, 9682.339492723346, 9680.751130878925, 9678.752202063799, 9677.035124763846, 9675.159440487623, 9673.27312207222, 9671.32204630971, 9669.575441271067, 9667.696149557829, 9665.90078356862, 9663.822826489806, 9662.199117273092, 9660.13573217392, 9658.184042081237, 9656.399125784636, 9654.317530304193, 9652.270793229342, 9650.275260210037, 9648.602779254317, 9646.485239952803, 9644.361303836107, 9642.200438961387, 9640.480792969465, 9638.249796360731, 9636.261726915836, 9634.073189616203, 9631.921753585339, 9629.7651873976, 9627.856054484844, 9625.444962829351, 9623.610394522548, 9621.056021660566, 9618.886361658573, 9616.412933647633, 9614.354541242123, 9611.82639721036, 9609.643526405096, 9607.689135283232, 9604.992185786366, 9602.662930697203, 9600.255913287401], [0.6368896415467118, 0.6731583403895004, 0.676545300592718, 0.6799322607959356, 0.681343494213943, 0.6804967541631386, 0.6831780976573525, 0.6826136042901496, 0.682895850973751, 0.6841659610499576, 0.6847304544171606, 0.6845893310753599, 0.6840248377081569, 0.6840248377081569, 0.6847304544171606, 0.6850127011007621, 0.6840248377081569, 0.6840248377081569, 0.6826136042901496, 0.683460344340954, 0.6847304544171606, 0.6847304544171606, 0.6864239345187694, 0.6899520180637877, 0.6939034716342083, 0.6950324583686142, 0.6984194185718318, 0.698842788597234, 0.7009596387242449, 0.7037821055602597, 0.7049110922946655, 0.7033587355348575, 0.7039232289020604, 0.7049110922946655, 0.7063223257126728, 0.7066045723962744, 0.7074513124470787, 0.707310189105278, 0.7064634490544736, 0.7066045723962744, 0.707874682472481, 0.7068868190798758, 0.7075924357888794, 0.707310189105278, 0.707874682472481, 0.7088625458650861, 0.7095681625740897, 0.7101326559412927, 0.7102737792830934, 0.7105560259666949, 0.7109793959920971, 0.7123906294101044, 0.7129551227773073, 0.7138018628281118, 0.7143663561953147, 0.7138018628281118, 0.7132373694609089, 0.7138018628281118, 0.714225232853514, 0.714225232853514, 0.7132373694609089, 0.714225232853514, 0.713660739486311, 0.713660739486311, 0.7135196161445103, 0.7135196161445103, 0.713660739486311, 0.7133784928027096, 0.7133784928027096, 0.7138018628281118, 0.7140841095117132, 0.7140841095117132, 0.7139429861699125, 0.7143663561953147, 0.7145074795371155, 0.7145074795371155, 0.7140841095117132, 0.713660739486311, 0.7140841095117132, 0.7147897262207169, 0.7150719729043183, 0.7152130962461191, 0.7152130962461191, 0.7153542195879199, 0.7153542195879199, 0.7143663561953147, 0.7147897262207169, 0.7150719729043183, 0.7147897262207169, 0.7146486028789162, 0.7145074795371155, 0.7139429861699125, 0.7143663561953147, 0.7143663561953147, 0.7135196161445103, 0.7132373694609089, 0.713096246119108, 0.7122495060683037, 0.712108382726503, 0.7123906294101044, 0.7118261360429015, 0.7119672593847022, 0.7122495060683037, 0.7114027660174993, 0.7126728760937059, 0.7119672593847022, 0.7125317527519052, 0.7112616426756986, 0.7125317527519052, 0.7114027660174993, 0.7122495060683037, 0.7114027660174993, 0.7125317527519052, 0.7119672593847022, 0.7135196161445103, 0.7125317527519052, 0.7133784928027096, 0.7129551227773073, 0.7132373694609089, 0.7112616426756986, 0.7119672593847022, 0.7129551227773073, 0.7115438893593, 0.7119672593847022, 0.7118261360429015, 0.7119672593847022, 0.7115438893593, 0.7112616426756986, 0.7118261360429015, 0.7106971493084956, 0.7118261360429015, 0.7111205193338979, 0.7119672593847022, 0.7104149026248942, 0.7116850127011007, 0.7105560259666949, 0.7109793959920971, 0.7109793959920971, 0.7105560259666949, 0.7112616426756986, 0.7108382726502963, 0.7112616426756986, 0.7111205193338979, 0.7106971493084956, 0.7109793959920971, 0.7115438893593, 0.7109793959920971, 0.7111205193338979, 0.7105560259666949, 0.7119672593847022, 0.7109793959920971, 0.712108382726503, 0.7105560259666949, 0.7118261360429015, 0.7116850127011007, 0.7105560259666949, 0.712108382726503, 0.7118261360429015, 0.7126728760937059, 0.7122495060683037, 0.7126728760937059, 0.7118261360429015, 0.712108382726503, 0.7118261360429015, 0.7119672593847022, 0.7119672593847022, 0.7118261360429015, 0.7118261360429015, 0.7132373694609089, 0.7115438893593, 0.7125317527519052, 0.7102737792830934, 0.712108382726503, 0.7111205193338979, 0.712108382726503, 0.7116850127011007, 0.7115438893593, 0.7112616426756986, 0.7116850127011007, 0.7114027660174993, 0.7119672593847022, 0.7118261360429015, 0.7126728760937059, 0.712108382726503, 0.7116850127011007, 0.7119672593847022, 0.7125317527519052, 0.7116850127011007, 0.7129551227773073, 0.712108382726503, 0.7118261360429015, 0.712108382726503, 0.7115438893593, 0.7116850127011007, 0.7108382726502963, 0.7118261360429015, 0.7112616426756986, 0.7114027660174993, 0.7114027660174993, 0.7106971493084956])
