nn3.py, Model=1024,256,256+388
Tuning process for lr=3e-05
----------------------------------------------------------
lr=3e-05, lamb=0, num_epoch=200
Epoch: 1 	Training Cost: 12059.480523	 Valid Acc: 0.6803556308213379 	Best Valid Acc: 0.680356
Epoch: 2 	Training Cost: 11555.197350	 Valid Acc: 0.6819079875811459 	Best Valid Acc: 0.681908
Epoch: 3 	Training Cost: 11499.281689	 Valid Acc: 0.6830369743155518 	Best Valid Acc: 0.683037
Epoch: 4 	Training Cost: 11438.342394	 Valid Acc: 0.6845893310753599 	Best Valid Acc: 0.684589
Epoch: 5 	Training Cost: 11344.189747	 Valid Acc: 0.6858594411515665 	Best Valid Acc: 0.685859
Epoch: 6 	Training Cost: 11147.691819	 Valid Acc: 0.6930567315834039 	Best Valid Acc: 0.693057
Epoch: 7 	Training Cost: 10804.540059	 Valid Acc: 0.6968670618120237 	Best Valid Acc: 0.696867
Epoch: 8 	Training Cost: 10485.623083	 Valid Acc: 0.7015241320914479 	Best Valid Acc: 0.701524
Epoch: 9 	Training Cost: 10281.997276	 Valid Acc: 0.7054755856618685 	Best Valid Acc: 0.705476
Epoch: 10 	Training Cost: 10140.625800	 Valid Acc: 0.7070279424216765 	Best Valid Acc: 0.707028
Epoch: 11 	Training Cost: 10025.219790	 Valid Acc: 0.7092859158904883 	Best Valid Acc: 0.709286
Epoch: 12 	Training Cost: 9922.112545	 Valid Acc: 0.709427039232289 	Best Valid Acc: 0.709427
Epoch: 13 	Training Cost: 9824.310680	 Valid Acc: 0.7095681625740897 	Best Valid Acc: 0.709568
Epoch: 14 	Training Cost: 9729.524484	 Valid Acc: 0.707310189105278 	Best Valid Acc: 0.709568
Epoch: 15 	Training Cost: 9636.181809	 Valid Acc: 0.7063223257126728 	Best Valid Acc: 0.709568
Epoch: 16 	Training Cost: 9545.535525	 Valid Acc: 0.7063223257126728 	Best Valid Acc: 0.709568
Epoch: 17 	Training Cost: 9453.936144	 Valid Acc: 0.7081569291560824 	Best Valid Acc: 0.709568
Epoch: 18 	Training Cost: 9361.161434	 Valid Acc: 0.7077335591306803 	Best Valid Acc: 0.709568
Epoch: 19 	Training Cost: 9262.652938	 Valid Acc: 0.707874682472481 	Best Valid Acc: 0.709568
Epoch: 20 	Training Cost: 9155.968384	 Valid Acc: 0.707310189105278 	Best Valid Acc: 0.709568
Epoch: 21 	Training Cost: 9038.381915	 Valid Acc: 0.7077335591306803 	Best Valid Acc: 0.709568
Epoch: 22 	Training Cost: 8912.080747	 Valid Acc: 0.7042054755856618 	Best Valid Acc: 0.709568
Epoch: 23 	Training Cost: 8779.082998	 Valid Acc: 0.7027942421676545 	Best Valid Acc: 0.709568
Epoch: 24 	Training Cost: 8642.804355	 Valid Acc: 0.6996895286480384 	Best Valid Acc: 0.709568
Epoch: 25 	Training Cost: 8504.560156	 Valid Acc: 0.6971493084956252 	Best Valid Acc: 0.709568
Epoch: 26 	Training Cost: 8367.526929	 Valid Acc: 0.6953147050522156 	Best Valid Acc: 0.709568
Epoch: 27 	Training Cost: 8228.426032	 Valid Acc: 0.6958791984194186 	Best Valid Acc: 0.709568
Epoch: 28 	Training Cost: 8087.547981	 Valid Acc: 0.6936212249506069 	Best Valid Acc: 0.709568
Epoch: 29 	Training Cost: 7945.504597	 Valid Acc: 0.6909398814563928 	Best Valid Acc: 0.709568
Epoch: 30 	Training Cost: 7801.677395	 Valid Acc: 0.6878351679367768 	Best Valid Acc: 0.709568
Epoch: 31 	Training Cost: 7657.543727	 Valid Acc: 0.6891052780129834 	Best Valid Acc: 0.709568
Epoch: 32 	Training Cost: 7513.883118	 Valid Acc: 0.6885407846457804 	Best Valid Acc: 0.709568
Epoch: 33 	Training Cost: 7372.149927	 Valid Acc: 0.6862828111769687 	Best Valid Acc: 0.709568
Epoch: 34 	Training Cost: 7232.170838	 Valid Acc: 0.6855771944679651 	Best Valid Acc: 0.709568
Epoch: 35 	Training Cost: 7094.752247	 Valid Acc: 0.6837425910245555 	Best Valid Acc: 0.709568
Epoch: 36 	Training Cost: 6958.622389	 Valid Acc: 0.6810612475303415 	Best Valid Acc: 0.709568
Epoch: 37 	Training Cost: 6823.634015	 Valid Acc: 0.6796500141123342 	Best Valid Acc: 0.709568
Epoch: 38 	Training Cost: 6689.641137	 Valid Acc: 0.6780976573525261 	Best Valid Acc: 0.709568
Epoch: 39 	Training Cost: 6556.207052	 Valid Acc: 0.6768275472763196 	Best Valid Acc: 0.709568
Epoch: 40 	Training Cost: 6423.824681	 Valid Acc: 0.6766864239345187 	Best Valid Acc: 0.709568
Epoch: 41 	Training Cost: 6293.456052	 Valid Acc: 0.6762630539091166 	Best Valid Acc: 0.709568
Epoch: 42 	Training Cost: 6164.283004	 Valid Acc: 0.67499294383291 	Best Valid Acc: 0.709568
Epoch: 43 	Training Cost: 6037.505105	 Valid Acc: 0.6737228337567034 	Best Valid Acc: 0.709568
Epoch: 44 	Training Cost: 5912.246191	 Valid Acc: 0.6717471069714931 	Best Valid Acc: 0.709568
Epoch: 45 	Training Cost: 5789.375145	 Valid Acc: 0.6707592435788879 	Best Valid Acc: 0.709568
Epoch: 46 	Training Cost: 5668.078686	 Valid Acc: 0.6707592435788879 	Best Valid Acc: 0.709568
Epoch: 47 	Training Cost: 5549.748729	 Valid Acc: 0.6709003669206887 	Best Valid Acc: 0.709568
Epoch: 48 	Training Cost: 5433.849903	 Valid Acc: 0.6692068868190799 	Best Valid Acc: 0.709568
Epoch: 49 	Training Cost: 5321.045721	 Valid Acc: 0.6686423934518769 	Best Valid Acc: 0.709568
Epoch: 50 	Training Cost: 5211.375208	 Valid Acc: 0.668077900084674 	Best Valid Acc: 0.709568
Epoch: 51 	Training Cost: 5104.861434	 Valid Acc: 0.6661021732994638 	Best Valid Acc: 0.709568
Epoch: 52 	Training Cost: 5000.528430	 Valid Acc: 0.6641264465142535 	Best Valid Acc: 0.709568
Epoch: 53 	Training Cost: 4899.148551	 Valid Acc: 0.6624329664126446 	Best Valid Acc: 0.709568
Epoch: 54 	Training Cost: 4800.683581	 Valid Acc: 0.6621507197290432 	Best Valid Acc: 0.709568
Epoch: 55 	Training Cost: 4704.095149	 Valid Acc: 0.6635619531470506 	Best Valid Acc: 0.709568
Epoch: 56 	Training Cost: 4609.934682	 Valid Acc: 0.6634208298052497 	Best Valid Acc: 0.709568
Epoch: 57 	Training Cost: 4517.204844	 Valid Acc: 0.6629974597798476 	Best Valid Acc: 0.709568
Epoch: 58 	Training Cost: 4426.388336	 Valid Acc: 0.6639853231724527 	Best Valid Acc: 0.709568
Epoch: 59 	Training Cost: 4337.150274	 Valid Acc: 0.663279706463449 	Best Valid Acc: 0.709568
Epoch: 60 	Training Cost: 4249.299641	 Valid Acc: 0.6629974597798476 	Best Valid Acc: 0.709568
Epoch: 61 	Training Cost: 4162.762464	 Valid Acc: 0.6613039796782387 	Best Valid Acc: 0.709568
Epoch: 62 	Training Cost: 4077.337485	 Valid Acc: 0.6601749929438329 	Best Valid Acc: 0.709568
Epoch: 63 	Training Cost: 3992.839187	 Valid Acc: 0.6576347727914197 	Best Valid Acc: 0.709568
Epoch: 64 	Training Cost: 3909.406205	 Valid Acc: 0.657493649449619 	Best Valid Acc: 0.709568
Epoch: 65 	Training Cost: 3827.036396	 Valid Acc: 0.657493649449619 	Best Valid Acc: 0.709568
Epoch: 66 	Training Cost: 3745.779532	 Valid Acc: 0.6584815128422241 	Best Valid Acc: 0.709568
Epoch: 67 	Training Cost: 3664.983268	 Valid Acc: 0.6577758961332204 	Best Valid Acc: 0.709568
Epoch: 68 	Training Cost: 3585.146125	 Valid Acc: 0.6576347727914197 	Best Valid Acc: 0.709568
Epoch: 69 	Training Cost: 3506.262568	 Valid Acc: 0.6562235393734124 	Best Valid Acc: 0.709568
Epoch: 70 	Training Cost: 3428.293756	 Valid Acc: 0.6558001693480101 	Best Valid Acc: 0.709568
Epoch: 71 	Training Cost: 3351.265429	 Valid Acc: 0.6558001693480101 	Best Valid Acc: 0.709568
Epoch: 72 	Training Cost: 3275.109941	 Valid Acc: 0.6555179226644087 	Best Valid Acc: 0.709568
Epoch: 73 	Training Cost: 3199.938609	 Valid Acc: 0.6552356759808072 	Best Valid Acc: 0.709568
Epoch: 74 	Training Cost: 3125.919778	 Valid Acc: 0.655376799322608 	Best Valid Acc: 0.709568
Epoch: 75 	Training Cost: 3052.880510	 Valid Acc: 0.655376799322608 	Best Valid Acc: 0.709568
Epoch: 76 	Training Cost: 2980.791713	 Valid Acc: 0.6550945526390065 	Best Valid Acc: 0.709568
Epoch: 77 	Training Cost: 2910.185801	 Valid Acc: 0.6538244425627999 	Best Valid Acc: 0.709568
Epoch: 78 	Training Cost: 2840.609169	 Valid Acc: 0.6541066892464014 	Best Valid Acc: 0.709568
Epoch: 79 	Training Cost: 2772.399743	 Valid Acc: 0.6531188258537962 	Best Valid Acc: 0.709568
Epoch: 80 	Training Cost: 2705.566226	 Valid Acc: 0.6532599491955969 	Best Valid Acc: 0.709568
Epoch: 81 	Training Cost: 2639.843739	 Valid Acc: 0.6529777025119955 	Best Valid Acc: 0.709568
Epoch: 82 	Training Cost: 2575.253406	 Valid Acc: 0.6534010725373977 	Best Valid Acc: 0.709568
Epoch: 83 	Training Cost: 2511.980568	 Valid Acc: 0.6529777025119955 	Best Valid Acc: 0.709568
Epoch: 84 	Training Cost: 2450.040320	 Valid Acc: 0.6529777025119955 	Best Valid Acc: 0.709568
Epoch: 85 	Training Cost: 2389.241859	 Valid Acc: 0.6532599491955969 	Best Valid Acc: 0.709568
Epoch: 86 	Training Cost: 2329.655154	 Valid Acc: 0.6525543324865933 	Best Valid Acc: 0.709568
Epoch: 87 	Training Cost: 2271.220389	 Valid Acc: 0.6535421958791984 	Best Valid Acc: 0.709568
Epoch: 88 	Training Cost: 2213.641316	 Valid Acc: 0.6534010725373977 	Best Valid Acc: 0.709568
Epoch: 89 	Training Cost: 2157.353389	 Valid Acc: 0.6519898391193903 	Best Valid Acc: 0.709568
Epoch: 90 	Training Cost: 2101.954743	 Valid Acc: 0.6511430990685859 	Best Valid Acc: 0.709568
Epoch: 91 	Training Cost: 2047.674018	 Valid Acc: 0.6508608523849845 	Best Valid Acc: 0.709568
Epoch: 92 	Training Cost: 1994.445162	 Valid Acc: 0.650578605701383 	Best Valid Acc: 0.709568
Epoch: 93 	Training Cost: 1942.281431	 Valid Acc: 0.6504374823595823 	Best Valid Acc: 0.709568
Epoch: 94 	Training Cost: 1891.130997	 Valid Acc: 0.65001411233418 	Best Valid Acc: 0.709568
Epoch: 95 	Training Cost: 1841.788086	 Valid Acc: 0.6488851255997742 	Best Valid Acc: 0.709568
Epoch: 96 	Training Cost: 1793.775923	 Valid Acc: 0.6477561388653683 	Best Valid Acc: 0.709568
Epoch: 97 	Training Cost: 1747.016504	 Valid Acc: 0.6474738921817669 	Best Valid Acc: 0.709568
Epoch: 98 	Training Cost: 1701.632356	 Valid Acc: 0.6480383855489698 	Best Valid Acc: 0.709568
Epoch: 99 	Training Cost: 1656.841706	 Valid Acc: 0.6464860287891617 	Best Valid Acc: 0.709568
Epoch: 100 	Training Cost: 1614.094433	 Valid Acc: 0.6443691786621507 	Best Valid Acc: 0.709568
Epoch: 101 	Training Cost: 1571.746716	 Valid Acc: 0.6462037821055603 	Best Valid Acc: 0.709568
Epoch: 102 	Training Cost: 1530.563085	 Valid Acc: 0.6454981653965566 	Best Valid Acc: 0.709568
Epoch: 103 	Training Cost: 1490.856858	 Valid Acc: 0.6453570420547559 	Best Valid Acc: 0.709568
Epoch: 104 	Training Cost: 1451.384046	 Valid Acc: 0.643663561953147 	Best Valid Acc: 0.709568
Epoch: 105 	Training Cost: 1413.595927	 Valid Acc: 0.6432401919277448 	Best Valid Acc: 0.709568
Epoch: 106 	Training Cost: 1377.062502	 Valid Acc: 0.6429579452441434 	Best Valid Acc: 0.709568
Epoch: 107 	Training Cost: 1341.598187	 Valid Acc: 0.6430990685859441 	Best Valid Acc: 0.709568
Epoch: 108 	Training Cost: 1306.693596	 Valid Acc: 0.6428168219023427 	Best Valid Acc: 0.709568
Epoch: 109 	Training Cost: 1273.410100	 Valid Acc: 0.6429579452441434 	Best Valid Acc: 0.709568
Epoch: 110 	Training Cost: 1240.595469	 Valid Acc: 0.6406999717753317 	Best Valid Acc: 0.709568
Epoch: 111 	Training Cost: 1210.071104	 Valid Acc: 0.6422523285351397 	Best Valid Acc: 0.709568
Epoch: 112 	Training Cost: 1182.191902	 Valid Acc: 0.6401354784081287 	Best Valid Acc: 0.709568
Epoch: 113 	Training Cost: 1152.606747	 Valid Acc: 0.6412644651425345 	Best Valid Acc: 0.709568
Epoch: 114 	Training Cost: 1127.139882	 Valid Acc: 0.639994355066328 	Best Valid Acc: 0.709568
Epoch: 115 	Training Cost: 1101.276366	 Valid Acc: 0.6402766017499294 	Best Valid Acc: 0.709568
Epoch: 116 	Training Cost: 1077.387961	 Valid Acc: 0.6409822184589331 	Best Valid Acc: 0.709568
Epoch: 117 	Training Cost: 1055.908149	 Valid Acc: 0.6418289585097375 	Best Valid Acc: 0.709568
Epoch: 118 	Training Cost: 1033.293337	 Valid Acc: 0.6408410951171324 	Best Valid Acc: 0.709568
Epoch: 119 	Training Cost: 1013.164177	 Valid Acc: 0.6414055884843353 	Best Valid Acc: 0.709568
Epoch: 120 	Training Cost: 991.724925	 Valid Acc: 0.6415467118261361 	Best Valid Acc: 0.709568
Epoch: 121 	Training Cost: 973.079135	 Valid Acc: 0.642675698560542 	Best Valid Acc: 0.709568
Epoch: 122 	Training Cost: 953.440633	 Valid Acc: 0.6432401919277448 	Best Valid Acc: 0.709568
Epoch: 123 	Training Cost: 934.572218	 Valid Acc: 0.6423934518769404 	Best Valid Acc: 0.709568
Epoch: 124 	Training Cost: 917.492075	 Valid Acc: 0.6411233418007338 	Best Valid Acc: 0.709568
Epoch: 125 	Training Cost: 901.360569	 Valid Acc: 0.6398532317245272 	Best Valid Acc: 0.709568
Epoch: 126 	Training Cost: 886.401408	 Valid Acc: 0.6367485182049111 	Best Valid Acc: 0.709568
Epoch: 127 	Training Cost: 871.376236	 Valid Acc: 0.6384419983065199 	Best Valid Acc: 0.709568
Epoch: 128 	Training Cost: 857.807428	 Valid Acc: 0.6391476150155235 	Best Valid Acc: 0.709568
Epoch: 129 	Training Cost: 845.552763	 Valid Acc: 0.6388653683319221 	Best Valid Acc: 0.709568
Epoch: 130 	Training Cost: 832.418844	 Valid Acc: 0.6428168219023427 	Best Valid Acc: 0.709568
Epoch: 131 	Training Cost: 820.759391	 Valid Acc: 0.6383008749647192 	Best Valid Acc: 0.709568
Epoch: 132 	Training Cost: 811.684939	 Valid Acc: 0.6412644651425345 	Best Valid Acc: 0.709568
Epoch: 133 	Training Cost: 800.735497	 Valid Acc: 0.6387242449901214 	Best Valid Acc: 0.709568
Epoch: 134 	Training Cost: 792.386814	 Valid Acc: 0.6397121083827265 	Best Valid Acc: 0.709568
Epoch: 135 	Training Cost: 784.424810	 Valid Acc: 0.6416878351679368 	Best Valid Acc: 0.709568
Epoch: 136 	Training Cost: 776.968277	 Valid Acc: 0.6397121083827265 	Best Valid Acc: 0.709568
Epoch: 137 	Training Cost: 770.428353	 Valid Acc: 0.6408410951171324 	Best Valid Acc: 0.709568
Epoch: 138 	Training Cost: 764.794300	 Valid Acc: 0.6398532317245272 	Best Valid Acc: 0.709568
Epoch: 139 	Training Cost: 757.989612	 Valid Acc: 0.6395709850409258 	Best Valid Acc: 0.709568
Epoch: 140 	Training Cost: 751.351812	 Valid Acc: 0.6390064916737228 	Best Valid Acc: 0.709568
Epoch: 141 	Training Cost: 743.646004	 Valid Acc: 0.6377363815975162 	Best Valid Acc: 0.709568
Epoch: 142 	Training Cost: 738.472167	 Valid Acc: 0.6406999717753317 	Best Valid Acc: 0.709568
Epoch: 143 	Training Cost: 733.447325	 Valid Acc: 0.6388653683319221 	Best Valid Acc: 0.709568
Epoch: 144 	Training Cost: 728.775379	 Valid Acc: 0.6398532317245272 	Best Valid Acc: 0.709568
Epoch: 145 	Training Cost: 726.255341	 Valid Acc: 0.6383008749647192 	Best Valid Acc: 0.709568
Epoch: 146 	Training Cost: 722.103407	 Valid Acc: 0.6368896415467118 	Best Valid Acc: 0.709568
Epoch: 147 	Training Cost: 716.381644	 Valid Acc: 0.6377363815975162 	Best Valid Acc: 0.709568
Epoch: 148 	Training Cost: 712.873658	 Valid Acc: 0.6383008749647192 	Best Valid Acc: 0.709568
Epoch: 149 	Training Cost: 712.666048	 Valid Acc: 0.6384419983065199 	Best Valid Acc: 0.709568
Epoch: 150 	Training Cost: 706.550948	 Valid Acc: 0.6367485182049111 	Best Valid Acc: 0.709568
Epoch: 151 	Training Cost: 700.578391	 Valid Acc: 0.6373130115721141 	Best Valid Acc: 0.709568
Epoch: 152 	Training Cost: 695.645602	 Valid Acc: 0.6394298616991251 	Best Valid Acc: 0.709568
Epoch: 153 	Training Cost: 694.954003	 Valid Acc: 0.6377363815975162 	Best Valid Acc: 0.709568
Epoch: 154 	Training Cost: 694.388584	 Valid Acc: 0.6354784081287045 	Best Valid Acc: 0.709568
Epoch: 155 	Training Cost: 690.432335	 Valid Acc: 0.6361840248377082 	Best Valid Acc: 0.709568
Epoch: 156 	Training Cost: 686.568566	 Valid Acc: 0.6364662715213096 	Best Valid Acc: 0.709568
Epoch: 157 	Training Cost: 681.988451	 Valid Acc: 0.6373130115721141 	Best Valid Acc: 0.709568
Epoch: 158 	Training Cost: 678.886540	 Valid Acc: 0.6383008749647192 	Best Valid Acc: 0.709568
Epoch: 159 	Training Cost: 676.767105	 Valid Acc: 0.6363251481795089 	Best Valid Acc: 0.709568
Epoch: 160 	Training Cost: 676.416522	 Valid Acc: 0.635196161445103 	Best Valid Acc: 0.709568
Epoch: 161 	Training Cost: 675.598073	 Valid Acc: 0.6367485182049111 	Best Valid Acc: 0.709568
Epoch: 162 	Training Cost: 671.640903	 Valid Acc: 0.6350550381033023 	Best Valid Acc: 0.709568
Epoch: 163 	Training Cost: 668.068209	 Valid Acc: 0.6375952582557155 	Best Valid Acc: 0.709568
Epoch: 164 	Training Cost: 667.607439	 Valid Acc: 0.6359017781541066 	Best Valid Acc: 0.709568
Epoch: 165 	Training Cost: 665.101181	 Valid Acc: 0.6366073948631104 	Best Valid Acc: 0.709568
Epoch: 166 	Training Cost: 663.670272	 Valid Acc: 0.6384419983065199 	Best Valid Acc: 0.709568
Epoch: 167 	Training Cost: 661.111585	 Valid Acc: 0.6375952582557155 	Best Valid Acc: 0.709568
Epoch: 168 	Training Cost: 660.081450	 Valid Acc: 0.6367485182049111 	Best Valid Acc: 0.709568
Epoch: 169 	Training Cost: 657.241807	 Valid Acc: 0.6368896415467118 	Best Valid Acc: 0.709568
Epoch: 170 	Training Cost: 656.230386	 Valid Acc: 0.6359017781541066 	Best Valid Acc: 0.709568
Epoch: 171 	Training Cost: 656.636744	 Valid Acc: 0.6375952582557155 	Best Valid Acc: 0.709568
Epoch: 172 	Training Cost: 655.042203	 Valid Acc: 0.6380186282811177 	Best Valid Acc: 0.709568
Epoch: 173 	Training Cost: 654.688910	 Valid Acc: 0.6354784081287045 	Best Valid Acc: 0.709568
Epoch: 174 	Training Cost: 651.467293	 Valid Acc: 0.6354784081287045 	Best Valid Acc: 0.709568
Epoch: 175 	Training Cost: 652.236326	 Valid Acc: 0.6366073948631104 	Best Valid Acc: 0.709568
Epoch: 176 	Training Cost: 647.760304	 Valid Acc: 0.6370307648885125 	Best Valid Acc: 0.709568
Epoch: 177 	Training Cost: 646.454598	 Valid Acc: 0.6370307648885125 	Best Valid Acc: 0.709568
Epoch: 178 	Training Cost: 643.626982	 Valid Acc: 0.6335026813434942 	Best Valid Acc: 0.709568
Epoch: 179 	Training Cost: 641.640957	 Valid Acc: 0.6342082980524979 	Best Valid Acc: 0.709568
Epoch: 180 	Training Cost: 642.455984	 Valid Acc: 0.6347727914197008 	Best Valid Acc: 0.709568
Epoch: 181 	Training Cost: 640.812332	 Valid Acc: 0.6350550381033023 	Best Valid Acc: 0.709568
Epoch: 182 	Training Cost: 637.897242	 Valid Acc: 0.6366073948631104 	Best Valid Acc: 0.709568
Epoch: 183 	Training Cost: 635.921098	 Valid Acc: 0.6363251481795089 	Best Valid Acc: 0.709568
Epoch: 184 	Training Cost: 636.816676	 Valid Acc: 0.6361840248377082 	Best Valid Acc: 0.709568
Epoch: 185 	Training Cost: 636.065803	 Valid Acc: 0.6361840248377082 	Best Valid Acc: 0.709568
Epoch: 186 	Training Cost: 635.076662	 Valid Acc: 0.6350550381033023 	Best Valid Acc: 0.709568
Epoch: 187 	Training Cost: 632.797484	 Valid Acc: 0.6371718882303133 	Best Valid Acc: 0.709568
Epoch: 188 	Training Cost: 634.430452	 Valid Acc: 0.6340671747106972 	Best Valid Acc: 0.709568
Epoch: 189 	Training Cost: 632.571216	 Valid Acc: 0.6356195314705052 	Best Valid Acc: 0.709568
Epoch: 190 	Training Cost: 629.847986	 Valid Acc: 0.6342082980524979 	Best Valid Acc: 0.709568
Epoch: 191 	Training Cost: 630.136638	 Valid Acc: 0.6377363815975162 	Best Valid Acc: 0.709568
Epoch: 192 	Training Cost: 627.196013	 Valid Acc: 0.6366073948631104 	Best Valid Acc: 0.709568
Epoch: 193 	Training Cost: 625.053238	 Valid Acc: 0.6354784081287045 	Best Valid Acc: 0.709568
Epoch: 194 	Training Cost: 622.528244	 Valid Acc: 0.6357606548123059 	Best Valid Acc: 0.709568
Epoch: 195 	Training Cost: 622.152664	 Valid Acc: 0.6377363815975162 	Best Valid Acc: 0.709568
Epoch: 196 	Training Cost: 620.247783	 Valid Acc: 0.6375952582557155 	Best Valid Acc: 0.709568
Epoch: 197 	Training Cost: 619.624127	 Valid Acc: 0.6354784081287045 	Best Valid Acc: 0.709568
Epoch: 198 	Training Cost: 617.276236	 Valid Acc: 0.6375952582557155 	Best Valid Acc: 0.709568
Epoch: 199 	Training Cost: 616.780504	 Valid Acc: 0.6374541349139148 	Best Valid Acc: 0.709568
Epoch: 200 	Training Cost: 618.574726	 Valid Acc: 0.6360429014959075 	Best Valid Acc: 0.709568
lr=3e-05, lamb=0, num_epoch=200, test_acc=0.645780412080158
----------------------------------------------------------
----------------------------------------------------------
lr=3e-05, lamb=0.0001, num_epoch=200
Epoch: 1 	Training Cost: 12135.594819	 Valid Acc: 0.6804967541631386 	Best Valid Acc: 0.680497
Epoch: 2 	Training Cost: 11598.422885	 Valid Acc: 0.6816257408975445 	Best Valid Acc: 0.681626
Epoch: 3 	Training Cost: 11540.131620	 Valid Acc: 0.6802145074795372 	Best Valid Acc: 0.681626
Epoch: 4 	Training Cost: 11478.673144	 Valid Acc: 0.6819079875811459 	Best Valid Acc: 0.681908
Epoch: 5 	Training Cost: 11383.975941	 Valid Acc: 0.6840248377081569 	Best Valid Acc: 0.684025
Epoch: 6 	Training Cost: 11180.514771	 Valid Acc: 0.69037538808919 	Best Valid Acc: 0.690375
Epoch: 7 	Training Cost: 10841.430222	 Valid Acc: 0.7002540220152413 	Best Valid Acc: 0.700254
Epoch: 8 	Training Cost: 10547.174227	 Valid Acc: 0.7058989556872707 	Best Valid Acc: 0.705899
Epoch: 9 	Training Cost: 10360.164202	 Valid Acc: 0.7056167090036692 	Best Valid Acc: 0.705899
Epoch: 10 	Training Cost: 10233.808336	 Valid Acc: 0.7092859158904883 	Best Valid Acc: 0.709286
Epoch: 11 	Training Cost: 10132.548199	 Valid Acc: 0.709427039232289 	Best Valid Acc: 0.709427
Epoch: 12 	Training Cost: 10043.903119	 Valid Acc: 0.7106971493084956 	Best Valid Acc: 0.710697
Epoch: 13 	Training Cost: 9960.662267	 Valid Acc: 0.7102737792830934 	Best Valid Acc: 0.710697
Epoch: 14 	Training Cost: 9878.013994	 Valid Acc: 0.7118261360429015 	Best Valid Acc: 0.711826
Epoch: 15 	Training Cost: 9795.571461	 Valid Acc: 0.7125317527519052 	Best Valid Acc: 0.712532
Epoch: 16 	Training Cost: 9712.226520	 Valid Acc: 0.7104149026248942 	Best Valid Acc: 0.712532
Epoch: 17 	Training Cost: 9628.543504	 Valid Acc: 0.7081569291560824 	Best Valid Acc: 0.712532
Epoch: 18 	Training Cost: 9542.226587	 Valid Acc: 0.7074513124470787 	Best Valid Acc: 0.712532
Epoch: 19 	Training Cost: 9451.897439	 Valid Acc: 0.7087214225232854 	Best Valid Acc: 0.712532
Epoch: 20 	Training Cost: 9357.687764	 Valid Acc: 0.7066045723962744 	Best Valid Acc: 0.712532
Epoch: 21 	Training Cost: 9263.065959	 Valid Acc: 0.7066045723962744 	Best Valid Acc: 0.712532
Epoch: 22 	Training Cost: 9172.183726	 Valid Acc: 0.7040643522438611 	Best Valid Acc: 0.712532
Epoch: 23 	Training Cost: 9087.425831	 Valid Acc: 0.7044877222692634 	Best Valid Acc: 0.712532
Epoch: 24 	Training Cost: 9007.111426	 Valid Acc: 0.7058989556872707 	Best Valid Acc: 0.712532
Epoch: 25 	Training Cost: 8926.902300	 Valid Acc: 0.7040643522438611 	Best Valid Acc: 0.712532
Epoch: 26 	Training Cost: 8843.758308	 Valid Acc: 0.7044877222692634 	Best Valid Acc: 0.712532
Epoch: 27 	Training Cost: 8755.821736	 Valid Acc: 0.7053344623200677 	Best Valid Acc: 0.712532
Epoch: 28 	Training Cost: 8661.035626	 Valid Acc: 0.7013830087496472 	Best Valid Acc: 0.712532
Epoch: 29 	Training Cost: 8559.731155	 Valid Acc: 0.7012418854078465 	Best Valid Acc: 0.712532
Epoch: 30 	Training Cost: 8453.507596	 Valid Acc: 0.7002540220152413 	Best Valid Acc: 0.712532
Epoch: 31 	Training Cost: 8344.643546	 Valid Acc: 0.6979960485464296 	Best Valid Acc: 0.712532
Epoch: 32 	Training Cost: 8236.787643	 Valid Acc: 0.6968670618120237 	Best Valid Acc: 0.712532
Epoch: 33 	Training Cost: 8129.762599	 Valid Acc: 0.6926333615580017 	Best Valid Acc: 0.712532
Epoch: 34 	Training Cost: 8025.600399	 Valid Acc: 0.6929156082416031 	Best Valid Acc: 0.712532
Epoch: 35 	Training Cost: 7922.437631	 Valid Acc: 0.691927744848998 	Best Valid Acc: 0.712532
Epoch: 36 	Training Cost: 7820.591503	 Valid Acc: 0.6896697713801863 	Best Valid Acc: 0.712532
Epoch: 37 	Training Cost: 7718.566754	 Valid Acc: 0.6888230313293818 	Best Valid Acc: 0.712532
Epoch: 38 	Training Cost: 7617.052875	 Valid Acc: 0.6872706745695738 	Best Valid Acc: 0.712532
Epoch: 39 	Training Cost: 7514.980844	 Valid Acc: 0.6861416878351679 	Best Valid Acc: 0.712532
Epoch: 40 	Training Cost: 7412.806519	 Valid Acc: 0.6851538244425628 	Best Valid Acc: 0.712532
Epoch: 41 	Training Cost: 7310.825441	 Valid Acc: 0.6836014676827548 	Best Valid Acc: 0.712532
Epoch: 42 	Training Cost: 7209.132976	 Valid Acc: 0.6830369743155518 	Best Valid Acc: 0.712532
Epoch: 43 	Training Cost: 7107.909826	 Valid Acc: 0.6831780976573525 	Best Valid Acc: 0.712532
Epoch: 44 	Training Cost: 7007.607354	 Valid Acc: 0.6852949477843635 	Best Valid Acc: 0.712532
Epoch: 45 	Training Cost: 6909.103116	 Valid Acc: 0.6843070843917584 	Best Valid Acc: 0.712532
Epoch: 46 	Training Cost: 6812.293233	 Valid Acc: 0.6836014676827548 	Best Valid Acc: 0.712532
Epoch: 47 	Training Cost: 6717.553095	 Valid Acc: 0.6823313576065482 	Best Valid Acc: 0.712532
Epoch: 48 	Training Cost: 6624.601523	 Valid Acc: 0.6827547276319503 	Best Valid Acc: 0.712532
Epoch: 49 	Training Cost: 6532.605517	 Valid Acc: 0.6812023708721423 	Best Valid Acc: 0.712532
Epoch: 50 	Training Cost: 6441.790536	 Valid Acc: 0.6803556308213379 	Best Valid Acc: 0.712532
Epoch: 51 	Training Cost: 6352.625474	 Valid Acc: 0.6796500141123342 	Best Valid Acc: 0.712532
Epoch: 52 	Training Cost: 6264.755493	 Valid Acc: 0.6789443974033305 	Best Valid Acc: 0.712532
Epoch: 53 	Training Cost: 6178.136481	 Valid Acc: 0.6785210273779283 	Best Valid Acc: 0.712532
Epoch: 54 	Training Cost: 6092.883209	 Valid Acc: 0.6785210273779283 	Best Valid Acc: 0.712532
Epoch: 55 	Training Cost: 6008.514230	 Valid Acc: 0.6790855207451313 	Best Valid Acc: 0.712532
Epoch: 56 	Training Cost: 5925.303150	 Valid Acc: 0.6775331639853232 	Best Valid Acc: 0.712532
Epoch: 57 	Training Cost: 5843.901396	 Valid Acc: 0.6758396838837144 	Best Valid Acc: 0.712532
Epoch: 58 	Training Cost: 5763.138801	 Valid Acc: 0.6751340671747107 	Best Valid Acc: 0.712532
Epoch: 59 	Training Cost: 5683.561818	 Valid Acc: 0.6738639570985041 	Best Valid Acc: 0.712532
Epoch: 60 	Training Cost: 5604.791303	 Valid Acc: 0.6718882303132938 	Best Valid Acc: 0.712532
Epoch: 61 	Training Cost: 5526.567864	 Valid Acc: 0.6721704769968952 	Best Valid Acc: 0.712532
Epoch: 62 	Training Cost: 5449.442862	 Valid Acc: 0.6706181202370872 	Best Valid Acc: 0.712532
Epoch: 63 	Training Cost: 5372.776851	 Valid Acc: 0.6700536268698842 	Best Valid Acc: 0.712532
Epoch: 64 	Training Cost: 5296.891646	 Valid Acc: 0.6697713801862828 	Best Valid Acc: 0.712532
Epoch: 65 	Training Cost: 5221.655683	 Valid Acc: 0.6696302568444821 	Best Valid Acc: 0.712532
Epoch: 66 	Training Cost: 5147.156390	 Valid Acc: 0.6679367767428732 	Best Valid Acc: 0.712532
Epoch: 67 	Training Cost: 5073.240679	 Valid Acc: 0.6662432966412645 	Best Valid Acc: 0.712532
Epoch: 68 	Training Cost: 4999.891905	 Valid Acc: 0.6656788032740615 	Best Valid Acc: 0.712532
Epoch: 69 	Training Cost: 4927.753686	 Valid Acc: 0.66539655659046 	Best Valid Acc: 0.712532
Epoch: 70 	Training Cost: 4856.706804	 Valid Acc: 0.6642675698560542 	Best Valid Acc: 0.712532
Epoch: 71 	Training Cost: 4786.399743	 Valid Acc: 0.6645498165396556 	Best Valid Acc: 0.712532
Epoch: 72 	Training Cost: 4717.481023	 Valid Acc: 0.6655376799322608 	Best Valid Acc: 0.712532
Epoch: 73 	Training Cost: 4649.917296	 Valid Acc: 0.6648320632232572 	Best Valid Acc: 0.712532
Epoch: 74 	Training Cost: 4583.193317	 Valid Acc: 0.6646909398814564 	Best Valid Acc: 0.712532
Epoch: 75 	Training Cost: 4518.542000	 Valid Acc: 0.6635619531470506 	Best Valid Acc: 0.712532
Epoch: 76 	Training Cost: 4454.545373	 Valid Acc: 0.6646909398814564 	Best Valid Acc: 0.712532
Epoch: 77 	Training Cost: 4392.290908	 Valid Acc: 0.6646909398814564 	Best Valid Acc: 0.712532
Epoch: 78 	Training Cost: 4331.323874	 Valid Acc: 0.6641264465142535 	Best Valid Acc: 0.712532
Epoch: 79 	Training Cost: 4271.148272	 Valid Acc: 0.6641264465142535 	Best Valid Acc: 0.712532
Epoch: 80 	Training Cost: 4212.117465	 Valid Acc: 0.6629974597798476 	Best Valid Acc: 0.712532
Epoch: 81 	Training Cost: 4154.296917	 Valid Acc: 0.663844199830652 	Best Valid Acc: 0.712532
Epoch: 82 	Training Cost: 4097.105093	 Valid Acc: 0.6629974597798476 	Best Valid Acc: 0.712532
Epoch: 83 	Training Cost: 4041.076910	 Valid Acc: 0.6634208298052497 	Best Valid Acc: 0.712532
Epoch: 84 	Training Cost: 3985.671417	 Valid Acc: 0.6628563364380469 	Best Valid Acc: 0.712532
Epoch: 85 	Training Cost: 3930.951190	 Valid Acc: 0.6629974597798476 	Best Valid Acc: 0.712532
Epoch: 86 	Training Cost: 3877.156959	 Valid Acc: 0.6621507197290432 	Best Valid Acc: 0.712532
Epoch: 87 	Training Cost: 3824.055018	 Valid Acc: 0.6620095963872424 	Best Valid Acc: 0.712532
Epoch: 88 	Training Cost: 3771.654454	 Valid Acc: 0.6624329664126446 	Best Valid Acc: 0.712532
Epoch: 89 	Training Cost: 3719.665808	 Valid Acc: 0.6622918430708439 	Best Valid Acc: 0.712532
Epoch: 90 	Training Cost: 3668.884154	 Valid Acc: 0.661162856336438 	Best Valid Acc: 0.712532
Epoch: 91 	Training Cost: 3618.270532	 Valid Acc: 0.6620095963872424 	Best Valid Acc: 0.712532
Epoch: 92 	Training Cost: 3568.550343	 Valid Acc: 0.6615862263618403 	Best Valid Acc: 0.712532
Epoch: 93 	Training Cost: 3519.390362	 Valid Acc: 0.6621507197290432 	Best Valid Acc: 0.712532
Epoch: 94 	Training Cost: 3470.313506	 Valid Acc: 0.661727349703641 	Best Valid Acc: 0.712532
Epoch: 95 	Training Cost: 3422.440395	 Valid Acc: 0.6628563364380469 	Best Valid Acc: 0.712532
Epoch: 96 	Training Cost: 3374.530413	 Valid Acc: 0.6615862263618403 	Best Valid Acc: 0.712532
Epoch: 97 	Training Cost: 3327.579510	 Valid Acc: 0.661727349703641 	Best Valid Acc: 0.712532
Epoch: 98 	Training Cost: 3280.991948	 Valid Acc: 0.6610217329946373 	Best Valid Acc: 0.712532
Epoch: 99 	Training Cost: 3235.239812	 Valid Acc: 0.6614451030200396 	Best Valid Acc: 0.712532
Epoch: 100 	Training Cost: 3189.679795	 Valid Acc: 0.6605983629692351 	Best Valid Acc: 0.712532
Epoch: 101 	Training Cost: 3144.735766	 Valid Acc: 0.6614451030200396 	Best Valid Acc: 0.712532
Epoch: 102 	Training Cost: 3100.501037	 Valid Acc: 0.6601749929438329 	Best Valid Acc: 0.712532
Epoch: 103 	Training Cost: 3056.447362	 Valid Acc: 0.6601749929438329 	Best Valid Acc: 0.712532
Epoch: 104 	Training Cost: 3013.574646	 Valid Acc: 0.6587637595258256 	Best Valid Acc: 0.712532
Epoch: 105 	Training Cost: 2970.965862	 Valid Acc: 0.6603161162856337 	Best Valid Acc: 0.712532
Epoch: 106 	Training Cost: 2929.566304	 Valid Acc: 0.6577758961332204 	Best Valid Acc: 0.712532
Epoch: 107 	Training Cost: 2888.069904	 Valid Acc: 0.6604572396274344 	Best Valid Acc: 0.712532
Epoch: 108 	Training Cost: 2847.750017	 Valid Acc: 0.6589048828676263 	Best Valid Acc: 0.712532
Epoch: 109 	Training Cost: 2807.569346	 Valid Acc: 0.6600338696020321 	Best Valid Acc: 0.712532
Epoch: 110 	Training Cost: 2768.526189	 Valid Acc: 0.6583403895004234 	Best Valid Acc: 0.712532
Epoch: 111 	Training Cost: 2730.017415	 Valid Acc: 0.6591871295512278 	Best Valid Acc: 0.712532
Epoch: 112 	Training Cost: 2692.214194	 Valid Acc: 0.6581992661586227 	Best Valid Acc: 0.712532
Epoch: 113 	Training Cost: 2654.700428	 Valid Acc: 0.6597516229184307 	Best Valid Acc: 0.712532
Epoch: 114 	Training Cost: 2618.066658	 Valid Acc: 0.6583403895004234 	Best Valid Acc: 0.712532
Epoch: 115 	Training Cost: 2582.189569	 Valid Acc: 0.6591871295512278 	Best Valid Acc: 0.712532
Epoch: 116 	Training Cost: 2546.770289	 Valid Acc: 0.6591871295512278 	Best Valid Acc: 0.712532
Epoch: 117 	Training Cost: 2512.787738	 Valid Acc: 0.6594693762348293 	Best Valid Acc: 0.712532
Epoch: 118 	Training Cost: 2478.783922	 Valid Acc: 0.6573525261078182 	Best Valid Acc: 0.712532
Epoch: 119 	Training Cost: 2447.145365	 Valid Acc: 0.6589048828676263 	Best Valid Acc: 0.712532
Epoch: 120 	Training Cost: 2414.859700	 Valid Acc: 0.6586226361840248 	Best Valid Acc: 0.712532
Epoch: 121 	Training Cost: 2384.576844	 Valid Acc: 0.6591871295512278 	Best Valid Acc: 0.712532
Epoch: 122 	Training Cost: 2352.452467	 Valid Acc: 0.6579170194750211 	Best Valid Acc: 0.712532
Epoch: 123 	Training Cost: 2323.915237	 Valid Acc: 0.6584815128422241 	Best Valid Acc: 0.712532
Epoch: 124 	Training Cost: 2292.901059	 Valid Acc: 0.6583403895004234 	Best Valid Acc: 0.712532
Epoch: 125 	Training Cost: 2265.348185	 Valid Acc: 0.659046006209427 	Best Valid Acc: 0.712532
Epoch: 126 	Training Cost: 2236.083742	 Valid Acc: 0.6573525261078182 	Best Valid Acc: 0.712532
Epoch: 127 	Training Cost: 2209.307028	 Valid Acc: 0.657493649449619 	Best Valid Acc: 0.712532
Epoch: 128 	Training Cost: 2181.883103	 Valid Acc: 0.6573525261078182 	Best Valid Acc: 0.712532
Epoch: 129 	Training Cost: 2156.216141	 Valid Acc: 0.6566469093988145 	Best Valid Acc: 0.712532
Epoch: 130 	Training Cost: 2129.723908	 Valid Acc: 0.6563646627152131 	Best Valid Acc: 0.712532
Epoch: 131 	Training Cost: 2104.926104	 Valid Acc: 0.6563646627152131 	Best Valid Acc: 0.712532
Epoch: 132 	Training Cost: 2080.048292	 Valid Acc: 0.657493649449619 	Best Valid Acc: 0.712532
Epoch: 133 	Training Cost: 2054.395203	 Valid Acc: 0.6558001693480101 	Best Valid Acc: 0.712532
Epoch: 134 	Training Cost: 2031.592814	 Valid Acc: 0.6563646627152131 	Best Valid Acc: 0.712532
Epoch: 135 	Training Cost: 2008.990848	 Valid Acc: 0.6555179226644087 	Best Valid Acc: 0.712532
Epoch: 136 	Training Cost: 1990.195523	 Valid Acc: 0.6549534292972058 	Best Valid Acc: 0.712532
Epoch: 137 	Training Cost: 1966.977476	 Valid Acc: 0.6548123059554051 	Best Valid Acc: 0.712532
Epoch: 138 	Training Cost: 1948.952354	 Valid Acc: 0.6539655659046006 	Best Valid Acc: 0.712532
Epoch: 139 	Training Cost: 1927.303474	 Valid Acc: 0.6532599491955969 	Best Valid Acc: 0.712532
Epoch: 140 	Training Cost: 1910.506856	 Valid Acc: 0.6532599491955969 	Best Valid Acc: 0.712532
Epoch: 141 	Training Cost: 1891.162429	 Valid Acc: 0.6524132091447925 	Best Valid Acc: 0.712532
Epoch: 142 	Training Cost: 1875.340054	 Valid Acc: 0.6524132091447925 	Best Valid Acc: 0.712532
Epoch: 143 	Training Cost: 1857.204466	 Valid Acc: 0.6518487157775896 	Best Valid Acc: 0.712532
Epoch: 144 	Training Cost: 1843.051216	 Valid Acc: 0.6511430990685859 	Best Valid Acc: 0.712532
Epoch: 145 	Training Cost: 1826.505863	 Valid Acc: 0.650578605701383 	Best Valid Acc: 0.712532
Epoch: 146 	Training Cost: 1812.891125	 Valid Acc: 0.6508608523849845 	Best Valid Acc: 0.712532
Epoch: 147 	Training Cost: 1795.976797	 Valid Acc: 0.6497318656505786 	Best Valid Acc: 0.712532
Epoch: 148 	Training Cost: 1783.630803	 Valid Acc: 0.6510019757267852 	Best Valid Acc: 0.712532
Epoch: 149 	Training Cost: 1769.239175	 Valid Acc: 0.6502963590177815 	Best Valid Acc: 0.712532
Epoch: 150 	Training Cost: 1756.438923	 Valid Acc: 0.6521309624611911 	Best Valid Acc: 0.712532
Epoch: 151 	Training Cost: 1741.803411	 Valid Acc: 0.650578605701383 	Best Valid Acc: 0.712532
Epoch: 152 	Training Cost: 1730.629860	 Valid Acc: 0.6507197290431838 	Best Valid Acc: 0.712532
Epoch: 153 	Training Cost: 1717.990907	 Valid Acc: 0.6510019757267852 	Best Valid Acc: 0.712532
Epoch: 154 	Training Cost: 1707.474129	 Valid Acc: 0.6495907423087779 	Best Valid Acc: 0.712532
Epoch: 155 	Training Cost: 1695.271437	 Valid Acc: 0.6498729889923793 	Best Valid Acc: 0.712532
Epoch: 156 	Training Cost: 1685.459212	 Valid Acc: 0.6512842224103866 	Best Valid Acc: 0.712532
Epoch: 157 	Training Cost: 1673.982248	 Valid Acc: 0.6495907423087779 	Best Valid Acc: 0.712532
Epoch: 158 	Training Cost: 1665.126452	 Valid Acc: 0.6501552356759808 	Best Valid Acc: 0.712532
Epoch: 159 	Training Cost: 1655.723967	 Valid Acc: 0.6491673722833756 	Best Valid Acc: 0.712532
Epoch: 160 	Training Cost: 1646.204196	 Valid Acc: 0.6493084956251765 	Best Valid Acc: 0.712532
Epoch: 161 	Training Cost: 1636.840807	 Valid Acc: 0.6495907423087779 	Best Valid Acc: 0.712532
Epoch: 162 	Training Cost: 1627.107952	 Valid Acc: 0.6487440022579735 	Best Valid Acc: 0.712532
Epoch: 163 	Training Cost: 1618.239789	 Valid Acc: 0.648461755574372 	Best Valid Acc: 0.712532
Epoch: 164 	Training Cost: 1611.811377	 Valid Acc: 0.6480383855489698 	Best Valid Acc: 0.712532
Epoch: 165 	Training Cost: 1604.379962	 Valid Acc: 0.6473327688399662 	Best Valid Acc: 0.712532
Epoch: 166 	Training Cost: 1598.736936	 Valid Acc: 0.6459215354219587 	Best Valid Acc: 0.712532
Epoch: 167 	Training Cost: 1590.773796	 Valid Acc: 0.6470505221563647 	Best Valid Acc: 0.712532
Epoch: 168 	Training Cost: 1583.739004	 Valid Acc: 0.6466271521309624 	Best Valid Acc: 0.712532
Epoch: 169 	Training Cost: 1575.552473	 Valid Acc: 0.6464860287891617 	Best Valid Acc: 0.712532
Epoch: 170 	Training Cost: 1569.385011	 Valid Acc: 0.6474738921817669 	Best Valid Acc: 0.712532
Epoch: 171 	Training Cost: 1562.350740	 Valid Acc: 0.6477561388653683 	Best Valid Acc: 0.712532
Epoch: 172 	Training Cost: 1558.568825	 Valid Acc: 0.6466271521309624 	Best Valid Acc: 0.712532
Epoch: 173 	Training Cost: 1553.054611	 Valid Acc: 0.6466271521309624 	Best Valid Acc: 0.712532
Epoch: 174 	Training Cost: 1548.027705	 Valid Acc: 0.6473327688399662 	Best Valid Acc: 0.712532
Epoch: 175 	Training Cost: 1541.226158	 Valid Acc: 0.6476150155235676 	Best Valid Acc: 0.712532
Epoch: 176 	Training Cost: 1534.400680	 Valid Acc: 0.6476150155235676 	Best Valid Acc: 0.712532
Epoch: 177 	Training Cost: 1529.643611	 Valid Acc: 0.6460626587637596 	Best Valid Acc: 0.712532
Epoch: 178 	Training Cost: 1524.683776	 Valid Acc: 0.6469093988145639 	Best Valid Acc: 0.712532
Epoch: 179 	Training Cost: 1517.711316	 Valid Acc: 0.646344905447361 	Best Valid Acc: 0.712532
Epoch: 180 	Training Cost: 1513.172436	 Valid Acc: 0.6473327688399662 	Best Valid Acc: 0.712532
Epoch: 181 	Training Cost: 1507.804109	 Valid Acc: 0.645780412080158 	Best Valid Acc: 0.712532
Epoch: 182 	Training Cost: 1503.775992	 Valid Acc: 0.6480383855489698 	Best Valid Acc: 0.712532
Epoch: 183 	Training Cost: 1501.222923	 Valid Acc: 0.6464860287891617 	Best Valid Acc: 0.712532
Epoch: 184 	Training Cost: 1494.002626	 Valid Acc: 0.6476150155235676 	Best Valid Acc: 0.712532
Epoch: 185 	Training Cost: 1490.891251	 Valid Acc: 0.6462037821055603 	Best Valid Acc: 0.712532
Epoch: 186 	Training Cost: 1485.420975	 Valid Acc: 0.647897262207169 	Best Valid Acc: 0.712532
Epoch: 187 	Training Cost: 1483.616120	 Valid Acc: 0.6452159187129551 	Best Valid Acc: 0.712532
Epoch: 188 	Training Cost: 1478.674051	 Valid Acc: 0.645780412080158 	Best Valid Acc: 0.712532
Epoch: 189 	Training Cost: 1472.156029	 Valid Acc: 0.6454981653965566 	Best Valid Acc: 0.712532
Epoch: 190 	Training Cost: 1468.585522	 Valid Acc: 0.6446514253457521 	Best Valid Acc: 0.712532
Epoch: 191 	Training Cost: 1466.359542	 Valid Acc: 0.6456392887383573 	Best Valid Acc: 0.712532
Epoch: 192 	Training Cost: 1461.961482	 Valid Acc: 0.6466271521309624 	Best Valid Acc: 0.712532
Epoch: 193 	Training Cost: 1456.281657	 Valid Acc: 0.6452159187129551 	Best Valid Acc: 0.712532
Epoch: 194 	Training Cost: 1452.910550	 Valid Acc: 0.6462037821055603 	Best Valid Acc: 0.712532
Epoch: 195 	Training Cost: 1449.152724	 Valid Acc: 0.6440869319785493 	Best Valid Acc: 0.712532
Epoch: 196 	Training Cost: 1447.543748	 Valid Acc: 0.6445103020039514 	Best Valid Acc: 0.712532
Epoch: 197 	Training Cost: 1447.210368	 Valid Acc: 0.6456392887383573 	Best Valid Acc: 0.712532
Epoch: 198 	Training Cost: 1441.160303	 Valid Acc: 0.6439458086367486 	Best Valid Acc: 0.712532
Epoch: 199 	Training Cost: 1436.787663	 Valid Acc: 0.6446514253457521 	Best Valid Acc: 0.712532
Epoch: 200 	Training Cost: 1433.958542	 Valid Acc: 0.6452159187129551 	Best Valid Acc: 0.712532
lr=3e-05, lamb=0.0001, num_epoch=200, test_acc=0.6350550381033023
----------------------------------------------------------
----------------------------------------------------------
lr=3e-05, lamb=0.001, num_epoch=200
Epoch: 1 	Training Cost: 12550.981129	 Valid Acc: 0.678662150719729 	Best Valid Acc: 0.678662
Epoch: 2 	Training Cost: 11832.554308	 Valid Acc: 0.6800733841377364 	Best Valid Acc: 0.680073
Epoch: 3 	Training Cost: 11745.590531	 Valid Acc: 0.6799322607959356 	Best Valid Acc: 0.680073
Epoch: 4 	Training Cost: 11685.731998	 Valid Acc: 0.6800733841377364 	Best Valid Acc: 0.680073
Epoch: 5 	Training Cost: 11610.154462	 Valid Acc: 0.6824724809483489 	Best Valid Acc: 0.682472
Epoch: 6 	Training Cost: 11471.585680	 Valid Acc: 0.6855771944679651 	Best Valid Acc: 0.685577
Epoch: 7 	Training Cost: 11190.207118	 Valid Acc: 0.6999717753316399 	Best Valid Acc: 0.699972
Epoch: 8 	Training Cost: 10868.737352	 Valid Acc: 0.7033587355348575 	Best Valid Acc: 0.703359
Epoch: 9 	Training Cost: 10659.881011	 Valid Acc: 0.7074513124470787 	Best Valid Acc: 0.707451
Epoch: 10 	Training Cost: 10529.768323	 Valid Acc: 0.7068868190798758 	Best Valid Acc: 0.707451
Epoch: 11 	Training Cost: 10438.330018	 Valid Acc: 0.7081569291560824 	Best Valid Acc: 0.708157
Epoch: 12 	Training Cost: 10374.725836	 Valid Acc: 0.7064634490544736 	Best Valid Acc: 0.708157
Epoch: 13 	Training Cost: 10324.800064	 Valid Acc: 0.709427039232289 	Best Valid Acc: 0.709427
Epoch: 14 	Training Cost: 10285.895886	 Valid Acc: 0.7101326559412927 	Best Valid Acc: 0.710133
Epoch: 15 	Training Cost: 10254.878882	 Valid Acc: 0.7111205193338979 	Best Valid Acc: 0.711121
Epoch: 16 	Training Cost: 10230.183180	 Valid Acc: 0.7092859158904883 	Best Valid Acc: 0.711121
Epoch: 17 	Training Cost: 10208.448481	 Valid Acc: 0.7106971493084956 	Best Valid Acc: 0.711121
Epoch: 18 	Training Cost: 10186.436480	 Valid Acc: 0.7098504092576913 	Best Valid Acc: 0.711121
Epoch: 19 	Training Cost: 10166.711110	 Valid Acc: 0.7085802991814846 	Best Valid Acc: 0.711121
Epoch: 20 	Training Cost: 10152.667627	 Valid Acc: 0.7077335591306803 	Best Valid Acc: 0.711121
Epoch: 21 	Training Cost: 10137.181543	 Valid Acc: 0.7091447925486876 	Best Valid Acc: 0.711121
Epoch: 22 	Training Cost: 10123.398467	 Valid Acc: 0.7090036692068868 	Best Valid Acc: 0.711121
Epoch: 23 	Training Cost: 10107.636222	 Valid Acc: 0.707874682472481 	Best Valid Acc: 0.711121
Epoch: 24 	Training Cost: 10100.207521	 Valid Acc: 0.7092859158904883 	Best Valid Acc: 0.711121
Epoch: 25 	Training Cost: 10085.209402	 Valid Acc: 0.7092859158904883 	Best Valid Acc: 0.711121
Epoch: 26 	Training Cost: 10072.280959	 Valid Acc: 0.7082980524978831 	Best Valid Acc: 0.711121
Epoch: 27 	Training Cost: 10060.699039	 Valid Acc: 0.707874682472481 	Best Valid Acc: 0.711121
Epoch: 28 	Training Cost: 10049.583184	 Valid Acc: 0.707874682472481 	Best Valid Acc: 0.711121
Epoch: 29 	Training Cost: 10038.067603	 Valid Acc: 0.707310189105278 	Best Valid Acc: 0.711121
Epoch: 30 	Training Cost: 10028.602541	 Valid Acc: 0.7074513124470787 	Best Valid Acc: 0.711121
Epoch: 31 	Training Cost: 10019.248311	 Valid Acc: 0.707310189105278 	Best Valid Acc: 0.711121
Epoch: 32 	Training Cost: 10006.714854	 Valid Acc: 0.7068868190798758 	Best Valid Acc: 0.711121
Epoch: 33 	Training Cost: 9996.760737	 Valid Acc: 0.7058989556872707 	Best Valid Acc: 0.711121
Epoch: 34 	Training Cost: 9987.932140	 Valid Acc: 0.7063223257126728 	Best Valid Acc: 0.711121
Epoch: 35 	Training Cost: 9977.278302	 Valid Acc: 0.7066045723962744 	Best Valid Acc: 0.711121
Epoch: 36 	Training Cost: 9966.461526	 Valid Acc: 0.7064634490544736 	Best Valid Acc: 0.711121
Epoch: 37 	Training Cost: 9955.373572	 Valid Acc: 0.7056167090036692 	Best Valid Acc: 0.711121
Epoch: 38 	Training Cost: 9944.108541	 Valid Acc: 0.7053344623200677 	Best Valid Acc: 0.711121
Epoch: 39 	Training Cost: 9932.220940	 Valid Acc: 0.7050522156364663 	Best Valid Acc: 0.711121
Epoch: 40 	Training Cost: 9918.783896	 Valid Acc: 0.7050522156364663 	Best Valid Acc: 0.711121
Epoch: 41 	Training Cost: 9906.013030	 Valid Acc: 0.7053344623200677 	Best Valid Acc: 0.711121
Epoch: 42 	Training Cost: 9892.626952	 Valid Acc: 0.70575783234547 	Best Valid Acc: 0.711121
Epoch: 43 	Training Cost: 9877.495775	 Valid Acc: 0.7049110922946655 	Best Valid Acc: 0.711121
Epoch: 44 	Training Cost: 9862.757335	 Valid Acc: 0.7053344623200677 	Best Valid Acc: 0.711121
Epoch: 45 	Training Cost: 9846.710205	 Valid Acc: 0.7061812023708721 	Best Valid Acc: 0.711121
Epoch: 46 	Training Cost: 9828.866773	 Valid Acc: 0.7071690657634773 	Best Valid Acc: 0.711121
Epoch: 47 	Training Cost: 9807.763933	 Valid Acc: 0.7061812023708721 	Best Valid Acc: 0.711121
Epoch: 48 	Training Cost: 9784.900289	 Valid Acc: 0.707874682472481 	Best Valid Acc: 0.711121
Epoch: 49 	Training Cost: 9760.805040	 Valid Acc: 0.7081569291560824 	Best Valid Acc: 0.711121
Epoch: 50 	Training Cost: 9737.059719	 Valid Acc: 0.7088625458650861 	Best Valid Acc: 0.711121
Epoch: 51 	Training Cost: 9712.549384	 Valid Acc: 0.7082980524978831 	Best Valid Acc: 0.711121
Epoch: 52 	Training Cost: 9688.953210	 Valid Acc: 0.7064634490544736 	Best Valid Acc: 0.711121
Epoch: 53 	Training Cost: 9665.092398	 Valid Acc: 0.705193338978267 	Best Valid Acc: 0.711121
Epoch: 54 	Training Cost: 9644.105185	 Valid Acc: 0.7040643522438611 	Best Valid Acc: 0.711121
Epoch: 55 	Training Cost: 9623.109454	 Valid Acc: 0.7036409822184589 	Best Valid Acc: 0.711121
Epoch: 56 	Training Cost: 9603.398991	 Valid Acc: 0.7026531188258538 	Best Valid Acc: 0.711121
Epoch: 57 	Training Cost: 9583.872913	 Valid Acc: 0.7008185153824442 	Best Valid Acc: 0.711121
Epoch: 58 	Training Cost: 9566.880753	 Valid Acc: 0.7009596387242449 	Best Valid Acc: 0.711121
Epoch: 59 	Training Cost: 9549.217099	 Valid Acc: 0.7008185153824442 	Best Valid Acc: 0.711121
Epoch: 60 	Training Cost: 9532.425503	 Valid Acc: 0.6996895286480384 	Best Valid Acc: 0.711121
Epoch: 61 	Training Cost: 9517.198030	 Valid Acc: 0.6987016652554332 	Best Valid Acc: 0.711121
Epoch: 62 	Training Cost: 9502.084155	 Valid Acc: 0.6991250352808355 	Best Valid Acc: 0.711121
Epoch: 63 	Training Cost: 9488.636238	 Valid Acc: 0.698278295230031 	Best Valid Acc: 0.711121
Epoch: 64 	Training Cost: 9473.839460	 Valid Acc: 0.6984194185718318 	Best Valid Acc: 0.711121
Epoch: 65 	Training Cost: 9459.767040	 Valid Acc: 0.6987016652554332 	Best Valid Acc: 0.711121
Epoch: 66 	Training Cost: 9447.929464	 Valid Acc: 0.6978549252046289 	Best Valid Acc: 0.711121
Epoch: 67 	Training Cost: 9433.846747	 Valid Acc: 0.6977138018628282 	Best Valid Acc: 0.711121
Epoch: 68 	Training Cost: 9421.988498	 Valid Acc: 0.6964436917866215 	Best Valid Acc: 0.711121
Epoch: 69 	Training Cost: 9410.953410	 Valid Acc: 0.69616144510302 	Best Valid Acc: 0.711121
Epoch: 70 	Training Cost: 9398.981477	 Valid Acc: 0.6964436917866215 	Best Valid Acc: 0.711121
Epoch: 71 	Training Cost: 9387.183576	 Valid Acc: 0.6963025684448207 	Best Valid Acc: 0.711121
Epoch: 72 	Training Cost: 9376.676828	 Valid Acc: 0.69616144510302 	Best Valid Acc: 0.711121
Epoch: 73 	Training Cost: 9366.435818	 Valid Acc: 0.6951735817104149 	Best Valid Acc: 0.711121
Epoch: 74 	Training Cost: 9356.698437	 Valid Acc: 0.6958791984194186 	Best Valid Acc: 0.711121
Epoch: 75 	Training Cost: 9346.878596	 Valid Acc: 0.6957380750776179 	Best Valid Acc: 0.711121
Epoch: 76 	Training Cost: 9336.799505	 Valid Acc: 0.6948913350268134 	Best Valid Acc: 0.711121
Epoch: 77 	Training Cost: 9327.565192	 Valid Acc: 0.6934801016088061 	Best Valid Acc: 0.711121
Epoch: 78 	Training Cost: 9319.161327	 Valid Acc: 0.694044594976009 	Best Valid Acc: 0.711121
Epoch: 79 	Training Cost: 9310.616867	 Valid Acc: 0.6930567315834039 	Best Valid Acc: 0.711121
Epoch: 80 	Training Cost: 9302.545722	 Valid Acc: 0.694044594976009 	Best Valid Acc: 0.711121
Epoch: 81 	Training Cost: 9294.557215	 Valid Acc: 0.6936212249506069 	Best Valid Acc: 0.711121
Epoch: 82 	Training Cost: 9286.714025	 Valid Acc: 0.6931978549252046 	Best Valid Acc: 0.711121
Epoch: 83 	Training Cost: 9278.958650	 Valid Acc: 0.692492238216201 	Best Valid Acc: 0.711121
Epoch: 84 	Training Cost: 9271.523798	 Valid Acc: 0.6927744848998024 	Best Valid Acc: 0.711121
Epoch: 85 	Training Cost: 9264.813304	 Valid Acc: 0.6926333615580017 	Best Valid Acc: 0.711121
Epoch: 86 	Training Cost: 9257.724465	 Valid Acc: 0.6933389782670054 	Best Valid Acc: 0.711121
Epoch: 87 	Training Cost: 9250.650774	 Valid Acc: 0.6933389782670054 	Best Valid Acc: 0.711121
Epoch: 88 	Training Cost: 9243.218386	 Valid Acc: 0.6937623482924076 	Best Valid Acc: 0.711121
Epoch: 89 	Training Cost: 9236.991201	 Valid Acc: 0.6941857183178097 	Best Valid Acc: 0.711121
Epoch: 90 	Training Cost: 9230.568827	 Valid Acc: 0.6936212249506069 	Best Valid Acc: 0.711121
Epoch: 91 	Training Cost: 9223.989217	 Valid Acc: 0.6939034716342083 	Best Valid Acc: 0.711121
Epoch: 92 	Training Cost: 9217.874593	 Valid Acc: 0.6933389782670054 	Best Valid Acc: 0.711121
Epoch: 93 	Training Cost: 9211.728861	 Valid Acc: 0.6930567315834039 	Best Valid Acc: 0.711121
Epoch: 94 	Training Cost: 9206.316494	 Valid Acc: 0.6941857183178097 	Best Valid Acc: 0.711121
Epoch: 95 	Training Cost: 9200.345205	 Valid Acc: 0.6950324583686142 	Best Valid Acc: 0.711121
Epoch: 96 	Training Cost: 9194.821098	 Valid Acc: 0.6948913350268134 	Best Valid Acc: 0.711121
Epoch: 97 	Training Cost: 9190.386559	 Valid Acc: 0.6951735817104149 	Best Valid Acc: 0.711121
Epoch: 98 	Training Cost: 9184.480561	 Valid Acc: 0.6948913350268134 	Best Valid Acc: 0.711121
Epoch: 99 	Training Cost: 9178.916358	 Valid Acc: 0.694609088343212 	Best Valid Acc: 0.711121
Epoch: 100 	Training Cost: 9173.574880	 Valid Acc: 0.6937623482924076 	Best Valid Acc: 0.711121
Epoch: 101 	Training Cost: 9168.090586	 Valid Acc: 0.6937623482924076 	Best Valid Acc: 0.711121
Epoch: 102 	Training Cost: 9162.868179	 Valid Acc: 0.6934801016088061 	Best Valid Acc: 0.711121
Epoch: 103 	Training Cost: 9158.336077	 Valid Acc: 0.6930567315834039 	Best Valid Acc: 0.711121
Epoch: 104 	Training Cost: 9152.744116	 Valid Acc: 0.6927744848998024 	Best Valid Acc: 0.711121
Epoch: 105 	Training Cost: 9148.416898	 Valid Acc: 0.6926333615580017 	Best Valid Acc: 0.711121
Epoch: 106 	Training Cost: 9143.535913	 Valid Acc: 0.6920688681907987 	Best Valid Acc: 0.711121
Epoch: 107 	Training Cost: 9138.980936	 Valid Acc: 0.6922099915325995 	Best Valid Acc: 0.711121
Epoch: 108 	Training Cost: 9135.441093	 Valid Acc: 0.6917866215071973 	Best Valid Acc: 0.711121
Epoch: 109 	Training Cost: 9130.309323	 Valid Acc: 0.6910810047981937 	Best Valid Acc: 0.711121
Epoch: 110 	Training Cost: 9125.786777	 Valid Acc: 0.6916454981653966 	Best Valid Acc: 0.711121
Epoch: 111 	Training Cost: 9121.425993	 Valid Acc: 0.6912221281399944 	Best Valid Acc: 0.711121
Epoch: 112 	Training Cost: 9116.463002	 Valid Acc: 0.6912221281399944 	Best Valid Acc: 0.711121
Epoch: 113 	Training Cost: 9112.665913	 Valid Acc: 0.6912221281399944 	Best Valid Acc: 0.711121
Epoch: 114 	Training Cost: 9108.070584	 Valid Acc: 0.6909398814563928 	Best Valid Acc: 0.711121
Epoch: 115 	Training Cost: 9103.714039	 Valid Acc: 0.6906576347727914 	Best Valid Acc: 0.711121
Epoch: 116 	Training Cost: 9100.302322	 Valid Acc: 0.6905165114309907 	Best Valid Acc: 0.711121
Epoch: 117 	Training Cost: 9095.675466	 Valid Acc: 0.6900931414055885 	Best Valid Acc: 0.711121
Epoch: 118 	Training Cost: 9091.343915	 Valid Acc: 0.6910810047981937 	Best Valid Acc: 0.711121
Epoch: 119 	Training Cost: 9087.266815	 Valid Acc: 0.6905165114309907 	Best Valid Acc: 0.711121
Epoch: 120 	Training Cost: 9083.544654	 Valid Acc: 0.689810894721987 	Best Valid Acc: 0.711121
Epoch: 121 	Training Cost: 9079.087474	 Valid Acc: 0.6900931414055885 	Best Valid Acc: 0.711121
Epoch: 122 	Training Cost: 9075.663246	 Valid Acc: 0.6892464013547841 	Best Valid Acc: 0.711121
Epoch: 123 	Training Cost: 9071.838735	 Valid Acc: 0.6899520180637877 	Best Valid Acc: 0.711121
Epoch: 124 	Training Cost: 9066.778680	 Valid Acc: 0.6885407846457804 	Best Valid Acc: 0.711121
Epoch: 125 	Training Cost: 9063.694390	 Valid Acc: 0.688258537962179 	Best Valid Acc: 0.711121
Epoch: 126 	Training Cost: 9060.089338	 Valid Acc: 0.6895286480383855 	Best Valid Acc: 0.711121
Epoch: 127 	Training Cost: 9056.056789	 Valid Acc: 0.6891052780129834 	Best Valid Acc: 0.711121
Epoch: 128 	Training Cost: 9053.281479	 Valid Acc: 0.6883996613039797 	Best Valid Acc: 0.711121
Epoch: 129 	Training Cost: 9049.697952	 Valid Acc: 0.6891052780129834 	Best Valid Acc: 0.711121
Epoch: 130 	Training Cost: 9044.903480	 Valid Acc: 0.6891052780129834 	Best Valid Acc: 0.711121
Epoch: 131 	Training Cost: 9041.955652	 Valid Acc: 0.6893875246965848 	Best Valid Acc: 0.711121
Epoch: 132 	Training Cost: 9038.905055	 Valid Acc: 0.6889641546711827 	Best Valid Acc: 0.711121
Epoch: 133 	Training Cost: 9035.356609	 Valid Acc: 0.6879762912785775 	Best Valid Acc: 0.711121
Epoch: 134 	Training Cost: 9031.389236	 Valid Acc: 0.6878351679367768 	Best Valid Acc: 0.711121
Epoch: 135 	Training Cost: 9026.776405	 Valid Acc: 0.6883996613039797 	Best Valid Acc: 0.711121
Epoch: 136 	Training Cost: 9022.331828	 Valid Acc: 0.6883996613039797 	Best Valid Acc: 0.711121
Epoch: 137 	Training Cost: 9018.889293	 Valid Acc: 0.6885407846457804 	Best Valid Acc: 0.711121
Epoch: 138 	Training Cost: 9015.381037	 Valid Acc: 0.687694044594976 	Best Valid Acc: 0.711121
Epoch: 139 	Training Cost: 9012.072190	 Valid Acc: 0.6899520180637877 	Best Valid Acc: 0.711121
Epoch: 140 	Training Cost: 9005.694272	 Valid Acc: 0.6875529212531752 	Best Valid Acc: 0.711121
Epoch: 141 	Training Cost: 9003.467643	 Valid Acc: 0.6885407846457804 	Best Valid Acc: 0.711121
Epoch: 142 	Training Cost: 8999.297730	 Valid Acc: 0.6868473045441716 	Best Valid Acc: 0.711121
Epoch: 143 	Training Cost: 8995.126075	 Valid Acc: 0.6881174146203782 	Best Valid Acc: 0.711121
Epoch: 144 	Training Cost: 8991.140996	 Valid Acc: 0.6892464013547841 	Best Valid Acc: 0.711121
Epoch: 145 	Training Cost: 8987.072781	 Valid Acc: 0.687694044594976 	Best Valid Acc: 0.711121
Epoch: 146 	Training Cost: 8983.641052	 Valid Acc: 0.6883996613039797 	Best Valid Acc: 0.711121
Epoch: 147 	Training Cost: 8979.930163	 Valid Acc: 0.6879762912785775 	Best Valid Acc: 0.711121
Epoch: 148 	Training Cost: 8976.631848	 Valid Acc: 0.6883996613039797 	Best Valid Acc: 0.711121
Epoch: 149 	Training Cost: 8973.360181	 Valid Acc: 0.6888230313293818 	Best Valid Acc: 0.711121
Epoch: 150 	Training Cost: 8969.042744	 Valid Acc: 0.6881174146203782 	Best Valid Acc: 0.711121
Epoch: 151 	Training Cost: 8964.641081	 Valid Acc: 0.688258537962179 	Best Valid Acc: 0.711121
Epoch: 152 	Training Cost: 8961.919145	 Valid Acc: 0.6874117979113745 	Best Valid Acc: 0.711121
Epoch: 153 	Training Cost: 8957.532047	 Valid Acc: 0.6867061812023709 	Best Valid Acc: 0.711121
Epoch: 154 	Training Cost: 8954.705404	 Valid Acc: 0.688258537962179 	Best Valid Acc: 0.711121
Epoch: 155 	Training Cost: 8950.654730	 Valid Acc: 0.6871295512277731 	Best Valid Acc: 0.711121
Epoch: 156 	Training Cost: 8947.768970	 Valid Acc: 0.6868473045441716 	Best Valid Acc: 0.711121
Epoch: 157 	Training Cost: 8944.638660	 Valid Acc: 0.6862828111769687 	Best Valid Acc: 0.711121
Epoch: 158 	Training Cost: 8940.463342	 Valid Acc: 0.6878351679367768 	Best Valid Acc: 0.711121
Epoch: 159 	Training Cost: 8936.864414	 Valid Acc: 0.6867061812023709 	Best Valid Acc: 0.711121
Epoch: 160 	Training Cost: 8933.583159	 Valid Acc: 0.6861416878351679 	Best Valid Acc: 0.711121
Epoch: 161 	Training Cost: 8929.181342	 Valid Acc: 0.6868473045441716 	Best Valid Acc: 0.711121
Epoch: 162 	Training Cost: 8925.067254	 Valid Acc: 0.687694044594976 	Best Valid Acc: 0.711121
Epoch: 163 	Training Cost: 8920.818970	 Valid Acc: 0.6865650578605701 	Best Valid Acc: 0.711121
Epoch: 164 	Training Cost: 8917.536383	 Valid Acc: 0.6872706745695738 	Best Valid Acc: 0.711121
Epoch: 165 	Training Cost: 8912.373390	 Valid Acc: 0.6861416878351679 	Best Valid Acc: 0.711121
Epoch: 166 	Training Cost: 8906.869125	 Valid Acc: 0.6867061812023709 	Best Valid Acc: 0.711121
Epoch: 167 	Training Cost: 8901.757882	 Valid Acc: 0.6865650578605701 	Best Valid Acc: 0.711121
Epoch: 168 	Training Cost: 8897.786224	 Valid Acc: 0.6864239345187694 	Best Valid Acc: 0.711121
Epoch: 169 	Training Cost: 8890.913010	 Valid Acc: 0.6871295512277731 	Best Valid Acc: 0.711121
Epoch: 170 	Training Cost: 8884.250647	 Valid Acc: 0.6875529212531752 	Best Valid Acc: 0.711121
Epoch: 171 	Training Cost: 8876.634666	 Valid Acc: 0.6878351679367768 	Best Valid Acc: 0.711121
Epoch: 172 	Training Cost: 8868.533604	 Valid Acc: 0.6879762912785775 	Best Valid Acc: 0.711121
Epoch: 173 	Training Cost: 8859.553498	 Valid Acc: 0.6879762912785775 	Best Valid Acc: 0.711121
Epoch: 174 	Training Cost: 8848.613183	 Valid Acc: 0.6871295512277731 	Best Valid Acc: 0.711121
Epoch: 175 	Training Cost: 8836.392778	 Valid Acc: 0.6893875246965848 	Best Valid Acc: 0.711121
Epoch: 176 	Training Cost: 8821.707199	 Valid Acc: 0.6879762912785775 	Best Valid Acc: 0.711121
Epoch: 177 	Training Cost: 8807.505127	 Valid Acc: 0.6871295512277731 	Best Valid Acc: 0.711121
Epoch: 178 	Training Cost: 8792.554110	 Valid Acc: 0.6871295512277731 	Best Valid Acc: 0.711121
Epoch: 179 	Training Cost: 8775.163863	 Valid Acc: 0.6868473045441716 	Best Valid Acc: 0.711121
Epoch: 180 	Training Cost: 8758.151787	 Valid Acc: 0.6871295512277731 	Best Valid Acc: 0.711121
Epoch: 181 	Training Cost: 8740.674225	 Valid Acc: 0.6865650578605701 	Best Valid Acc: 0.711121
Epoch: 182 	Training Cost: 8724.619247	 Valid Acc: 0.6874117979113745 	Best Valid Acc: 0.711121
Epoch: 183 	Training Cost: 8708.154260	 Valid Acc: 0.6862828111769687 	Best Valid Acc: 0.711121
Epoch: 184 	Training Cost: 8693.234067	 Valid Acc: 0.6860005644933672 	Best Valid Acc: 0.711121
Epoch: 185 	Training Cost: 8677.906318	 Valid Acc: 0.6848715777589613 	Best Valid Acc: 0.711121
Epoch: 186 	Training Cost: 8664.085060	 Valid Acc: 0.6850127011007621 	Best Valid Acc: 0.711121
Epoch: 187 	Training Cost: 8649.646851	 Valid Acc: 0.6852949477843635 	Best Valid Acc: 0.711121
Epoch: 188 	Training Cost: 8637.088347	 Valid Acc: 0.6837425910245555 	Best Valid Acc: 0.711121
Epoch: 189 	Training Cost: 8622.752067	 Valid Acc: 0.6831780976573525 	Best Valid Acc: 0.711121
Epoch: 190 	Training Cost: 8610.270940	 Valid Acc: 0.6824724809483489 	Best Valid Acc: 0.711121
Epoch: 191 	Training Cost: 8598.005495	 Valid Acc: 0.6823313576065482 	Best Valid Acc: 0.711121
Epoch: 192 	Training Cost: 8584.849740	 Valid Acc: 0.683460344340954 	Best Valid Acc: 0.711121
Epoch: 193 	Training Cost: 8574.269266	 Valid Acc: 0.6833192209991532 	Best Valid Acc: 0.711121
Epoch: 194 	Training Cost: 8563.650644	 Valid Acc: 0.6821902342647473 	Best Valid Acc: 0.711121
Epoch: 195 	Training Cost: 8552.060639	 Valid Acc: 0.6814846175557437 	Best Valid Acc: 0.711121
Epoch: 196 	Training Cost: 8542.457295	 Valid Acc: 0.6809201241885408 	Best Valid Acc: 0.711121
Epoch: 197 	Training Cost: 8532.495733	 Valid Acc: 0.6809201241885408 	Best Valid Acc: 0.711121
Epoch: 198 	Training Cost: 8521.799196	 Valid Acc: 0.6804967541631386 	Best Valid Acc: 0.711121
Epoch: 199 	Training Cost: 8512.617172	 Valid Acc: 0.6804967541631386 	Best Valid Acc: 0.711121
Epoch: 200 	Training Cost: 8503.356261	 Valid Acc: 0.6810612475303415 	Best Valid Acc: 0.711121
lr=3e-05, lamb=0.001, num_epoch=200, test_acc=0.6838837143663562
----------------------------------------------------------
lr=3e-05, lamb=0, best_valid_acc=([12059.48052251339, 11555.197349607944, 11499.281689286232, 11438.342393875122, 11344.189747214317, 11147.691818594933, 10804.540058732033, 10485.6230828166, 10281.997276365757, 10140.625800311565, 10025.219789743423, 9922.112545013428, 9824.310680031776, 9729.524484097958, 9636.181809216738, 9545.535525247455, 9453.936143875122, 9361.161433637142, 9262.65293827653, 9155.968384109437, 9038.381915330887, 8912.080747202039, 8779.082997575402, 8642.804354786873, 8504.56015638262, 8367.526929050684, 8228.426031909883, 8087.547981232405, 7945.504597201943, 7801.677395027131, 7657.543726935983, 7513.883118387312, 7372.149926520884, 7232.170838285238, 7094.752246778458, 6958.622389025986, 6823.634014829993, 6689.641137287021, 6556.207051794976, 6423.824680894613, 6293.456051643938, 6164.283003650606, 6037.505105409771, 5912.2461907193065, 5789.375145494938, 5668.07868578285, 5549.748728595674, 5433.849903434515, 5321.045720618218, 5211.375207640231, 5104.861434452236, 5000.528429929167, 4899.148550774902, 4800.683580787852, 4704.095149114728, 4609.93468195945, 4517.204844053835, 4426.388335760683, 4337.150274176151, 4249.299641245976, 4162.762464122847, 4077.3374853515998, 3992.8391866674647, 3909.4062047246844, 3827.0363959036767, 3745.77953193523, 3664.9832682199776, 3585.1461251531728, 3506.2625677967444, 3428.2937556335237, 3351.26542931539, 3275.1099410490133, 3199.9386090482585, 3125.919778016163, 3052.8805100466125, 2980.791713052662, 2910.185800982057, 2840.609168806346, 2772.399742798647, 2705.566225578659, 2639.8437389497412, 2575.253406030126, 2511.9805680416757, 2450.0403202156303, 2389.24185867107, 2329.6551539400825, 2271.2203886259813, 2213.6413164829137, 2157.3533887088997, 2101.9547432472755, 2047.6740179311892, 1994.4451622523047, 1942.2814309467212, 1891.1309969066497, 1841.7880859430588, 1793.775922818335, 1747.0165041955916, 1701.632355656322, 1656.841706296309, 1614.0944328195292, 1571.7467160187407, 1530.5630850765901, 1490.8568575448353, 1451.384045549401, 1413.5959271150796, 1377.062502389991, 1341.598187341573, 1306.6935961687932, 1273.4100997137998, 1240.595469326347, 1210.0711037055246, 1182.191902489984, 1152.6067469874645, 1127.139881943814, 1101.2763659038637, 1077.3879614847667, 1055.9081487088226, 1033.2933373642852, 1013.1641770255624, 991.724925449156, 973.0791348358634, 953.4406334554562, 934.5722175570932, 917.4920747593143, 901.3605688280702, 886.4014077435777, 871.3762363972885, 857.8074279243775, 845.5527629636605, 832.4188444234521, 820.7593906707833, 811.6849385847564, 800.7354970672765, 792.3868138525926, 784.4248104577995, 776.968276973624, 770.4283534085102, 764.7942996998952, 757.9896115403585, 751.3518120374794, 743.646004211588, 738.4721665338442, 733.447324835086, 728.7753792549843, 726.2553405405955, 722.1034068032768, 716.3816437644508, 712.8736582030814, 712.6660479353438, 706.5509482020422, 700.5783909811458, 695.6456016027348, 694.9540026000118, 694.3885837832968, 690.4323350138632, 686.5685655982227, 681.9884513245989, 678.8865404077255, 676.767105082592, 676.4165221194871, 675.5980728758594, 671.6409027966164, 668.0682093014165, 667.6074386192543, 665.1011809823572, 663.6702715750417, 661.1115854533722, 660.0814501664371, 657.2418073118534, 656.2303863845027, 656.6367439113561, 655.0422026005447, 654.6889103131045, 651.4672932981848, 652.2363260236416, 647.7603040143447, 646.454597803639, 643.6269822148417, 641.6409569151047, 642.4559843156, 640.8123316231365, 637.8972418458045, 635.9210979367358, 636.81667613875, 636.0658030842062, 635.0766615455494, 632.7974844255103, 634.4304522665976, 632.5712162106815, 629.8479857268479, 630.1366384364782, 627.1960126875674, 625.0532375020423, 622.5282441032432, 622.1526639778783, 620.2477829399613, 619.6241270387675, 617.276236161423, 616.7805035152419, 618.574725526644], [0.6803556308213379, 0.6819079875811459, 0.6830369743155518, 0.6845893310753599, 0.6858594411515665, 0.6930567315834039, 0.6968670618120237, 0.7015241320914479, 0.7054755856618685, 0.7070279424216765, 0.7092859158904883, 0.709427039232289, 0.7095681625740897, 0.707310189105278, 0.7063223257126728, 0.7063223257126728, 0.7081569291560824, 0.7077335591306803, 0.707874682472481, 0.707310189105278, 0.7077335591306803, 0.7042054755856618, 0.7027942421676545, 0.6996895286480384, 0.6971493084956252, 0.6953147050522156, 0.6958791984194186, 0.6936212249506069, 0.6909398814563928, 0.6878351679367768, 0.6891052780129834, 0.6885407846457804, 0.6862828111769687, 0.6855771944679651, 0.6837425910245555, 0.6810612475303415, 0.6796500141123342, 0.6780976573525261, 0.6768275472763196, 0.6766864239345187, 0.6762630539091166, 0.67499294383291, 0.6737228337567034, 0.6717471069714931, 0.6707592435788879, 0.6707592435788879, 0.6709003669206887, 0.6692068868190799, 0.6686423934518769, 0.668077900084674, 0.6661021732994638, 0.6641264465142535, 0.6624329664126446, 0.6621507197290432, 0.6635619531470506, 0.6634208298052497, 0.6629974597798476, 0.6639853231724527, 0.663279706463449, 0.6629974597798476, 0.6613039796782387, 0.6601749929438329, 0.6576347727914197, 0.657493649449619, 0.657493649449619, 0.6584815128422241, 0.6577758961332204, 0.6576347727914197, 0.6562235393734124, 0.6558001693480101, 0.6558001693480101, 0.6555179226644087, 0.6552356759808072, 0.655376799322608, 0.655376799322608, 0.6550945526390065, 0.6538244425627999, 0.6541066892464014, 0.6531188258537962, 0.6532599491955969, 0.6529777025119955, 0.6534010725373977, 0.6529777025119955, 0.6529777025119955, 0.6532599491955969, 0.6525543324865933, 0.6535421958791984, 0.6534010725373977, 0.6519898391193903, 0.6511430990685859, 0.6508608523849845, 0.650578605701383, 0.6504374823595823, 0.65001411233418, 0.6488851255997742, 0.6477561388653683, 0.6474738921817669, 0.6480383855489698, 0.6464860287891617, 0.6443691786621507, 0.6462037821055603, 0.6454981653965566, 0.6453570420547559, 0.643663561953147, 0.6432401919277448, 0.6429579452441434, 0.6430990685859441, 0.6428168219023427, 0.6429579452441434, 0.6406999717753317, 0.6422523285351397, 0.6401354784081287, 0.6412644651425345, 0.639994355066328, 0.6402766017499294, 0.6409822184589331, 0.6418289585097375, 0.6408410951171324, 0.6414055884843353, 0.6415467118261361, 0.642675698560542, 0.6432401919277448, 0.6423934518769404, 0.6411233418007338, 0.6398532317245272, 0.6367485182049111, 0.6384419983065199, 0.6391476150155235, 0.6388653683319221, 0.6428168219023427, 0.6383008749647192, 0.6412644651425345, 0.6387242449901214, 0.6397121083827265, 0.6416878351679368, 0.6397121083827265, 0.6408410951171324, 0.6398532317245272, 0.6395709850409258, 0.6390064916737228, 0.6377363815975162, 0.6406999717753317, 0.6388653683319221, 0.6398532317245272, 0.6383008749647192, 0.6368896415467118, 0.6377363815975162, 0.6383008749647192, 0.6384419983065199, 0.6367485182049111, 0.6373130115721141, 0.6394298616991251, 0.6377363815975162, 0.6354784081287045, 0.6361840248377082, 0.6364662715213096, 0.6373130115721141, 0.6383008749647192, 0.6363251481795089, 0.635196161445103, 0.6367485182049111, 0.6350550381033023, 0.6375952582557155, 0.6359017781541066, 0.6366073948631104, 0.6384419983065199, 0.6375952582557155, 0.6367485182049111, 0.6368896415467118, 0.6359017781541066, 0.6375952582557155, 0.6380186282811177, 0.6354784081287045, 0.6354784081287045, 0.6366073948631104, 0.6370307648885125, 0.6370307648885125, 0.6335026813434942, 0.6342082980524979, 0.6347727914197008, 0.6350550381033023, 0.6366073948631104, 0.6363251481795089, 0.6361840248377082, 0.6361840248377082, 0.6350550381033023, 0.6371718882303133, 0.6340671747106972, 0.6356195314705052, 0.6342082980524979, 0.6377363815975162, 0.6366073948631104, 0.6354784081287045, 0.6357606548123059, 0.6377363815975162, 0.6375952582557155, 0.6354784081287045, 0.6375952582557155, 0.6374541349139148, 0.6360429014959075])
lr=3e-05, lamb=0.0001, best_valid_acc=([12135.594818532467, 11598.422884821892, 11540.13162046671, 11478.673143982887, 11383.975940644741, 11180.514770627022, 10841.430222392082, 10547.174226641655, 10360.16420185566, 10233.808336347342, 10132.548199027777, 10043.903119146824, 9960.662266850471, 9878.01399435103, 9795.571461260319, 9712.22652041912, 9628.543504059315, 9542.226586528122, 9451.897438943386, 9357.687763921916, 9263.065958626568, 9172.18372566253, 9087.425830975175, 9007.111426189542, 8926.902299769223, 8843.758307531476, 8755.82173550874, 8661.035625860095, 8559.73115490377, 8453.50759601593, 8344.643546402454, 8236.787642590702, 8129.762598611414, 8025.600399285555, 7922.437631338835, 7820.591502785683, 7718.566754333675, 7617.052874580026, 7514.98084422946, 7412.806518860161, 7310.825440518558, 7209.132976174355, 7107.909826487303, 7007.607353597879, 6909.103116355836, 6812.293233305216, 6717.553094565868, 6624.601523131132, 6532.605516888201, 6441.790535710752, 6352.625474303961, 6264.755492851138, 6178.136481292546, 6092.88320863992, 6008.514229975641, 5925.3031501844525, 5843.901396080852, 5763.138801306486, 5683.561818107963, 5604.791303448379, 5526.567864403129, 5449.442861646414, 5372.776850886643, 5296.891645804048, 5221.655682563782, 5147.156390272081, 5073.2406786084175, 4999.891905039549, 4927.753686018288, 4856.706804051995, 4786.399743124843, 4717.481022797525, 4649.917295880616, 4583.193317368627, 4518.541999898851, 4454.545372642577, 4392.290907509625, 4331.323873922229, 4271.148271687329, 4212.117464512587, 4154.296916916966, 4097.105093196034, 4041.0769096165895, 3985.6714169085026, 3930.951189637184, 3877.156959041953, 3824.055017963052, 3771.654454305768, 3719.665808469057, 3668.8841540664434, 3618.270531758666, 3568.5503425598145, 3519.3903621584177, 3470.3135061711073, 3422.4403946250677, 3374.5304129570723, 3327.579510137439, 3280.991947621107, 3235.239812090993, 3189.679795295, 3144.7357657402754, 3100.501036852598, 3056.4473617970943, 3013.574646368623, 2970.9658622592688, 2929.56630410254, 2888.0699042230844, 2847.7500172406435, 2807.5693462044, 2768.5261891782284, 2730.0174151211977, 2692.2141944617033, 2654.700427621603, 2618.066658079624, 2582.189569160342, 2546.7702894210815, 2512.787737622857, 2478.7839221805334, 2447.145365193486, 2414.8597000837326, 2384.5768437683582, 2352.452467009425, 2323.9152367562056, 2292.901059150696, 2265.34818521142, 2236.0837423354387, 2209.30702804029, 2181.883102968335, 2156.2161413878202, 2129.7239079922438, 2104.926103889942, 2080.0482923835516, 2054.3952025324106, 2031.5928137004375, 2008.9908477067947, 1990.1955228745937, 1966.9774762690067, 1948.952353939414, 1927.3034738898277, 1910.5068556070328, 1891.1624286472797, 1875.340054064989, 1857.2044664919376, 1843.051216006279, 1826.5058633387089, 1812.8911246061325, 1795.9767970889807, 1783.6308029592037, 1769.239174798131, 1756.4389226585627, 1741.803411051631, 1730.6298604160547, 1717.9909067898989, 1707.474129229784, 1695.2714365422726, 1685.4592124819756, 1673.9822476357222, 1665.1264519691467, 1655.7239670306444, 1646.2041957974434, 1636.840806528926, 1627.1079520136118, 1618.2397888600826, 1611.811376735568, 1604.3799617141485, 1598.7369357794523, 1590.773796454072, 1583.7390037477016, 1575.5524727255106, 1569.3850114792585, 1562.3507395088673, 1558.5688252449036, 1553.0546112656593, 1548.0277054160833, 1541.2261579185724, 1534.4006797522306, 1529.6436106562614, 1524.6837756633759, 1517.7113163173199, 1513.1724361628294, 1507.8041086643934, 1503.7759916484356, 1501.2229234874249, 1494.0026264935732, 1490.8912512212992, 1485.4209754914045, 1483.6161195784807, 1478.67405064404, 1472.1560294181108, 1468.5855223983526, 1466.3595423847437, 1461.9614815413952, 1456.281656831503, 1452.9105503112078, 1449.1527244150639, 1447.543747574091, 1447.2103675156832, 1441.1603027284145, 1436.787663191557, 1433.9585423618555], [0.6804967541631386, 0.6816257408975445, 0.6802145074795372, 0.6819079875811459, 0.6840248377081569, 0.69037538808919, 0.7002540220152413, 0.7058989556872707, 0.7056167090036692, 0.7092859158904883, 0.709427039232289, 0.7106971493084956, 0.7102737792830934, 0.7118261360429015, 0.7125317527519052, 0.7104149026248942, 0.7081569291560824, 0.7074513124470787, 0.7087214225232854, 0.7066045723962744, 0.7066045723962744, 0.7040643522438611, 0.7044877222692634, 0.7058989556872707, 0.7040643522438611, 0.7044877222692634, 0.7053344623200677, 0.7013830087496472, 0.7012418854078465, 0.7002540220152413, 0.6979960485464296, 0.6968670618120237, 0.6926333615580017, 0.6929156082416031, 0.691927744848998, 0.6896697713801863, 0.6888230313293818, 0.6872706745695738, 0.6861416878351679, 0.6851538244425628, 0.6836014676827548, 0.6830369743155518, 0.6831780976573525, 0.6852949477843635, 0.6843070843917584, 0.6836014676827548, 0.6823313576065482, 0.6827547276319503, 0.6812023708721423, 0.6803556308213379, 0.6796500141123342, 0.6789443974033305, 0.6785210273779283, 0.6785210273779283, 0.6790855207451313, 0.6775331639853232, 0.6758396838837144, 0.6751340671747107, 0.6738639570985041, 0.6718882303132938, 0.6721704769968952, 0.6706181202370872, 0.6700536268698842, 0.6697713801862828, 0.6696302568444821, 0.6679367767428732, 0.6662432966412645, 0.6656788032740615, 0.66539655659046, 0.6642675698560542, 0.6645498165396556, 0.6655376799322608, 0.6648320632232572, 0.6646909398814564, 0.6635619531470506, 0.6646909398814564, 0.6646909398814564, 0.6641264465142535, 0.6641264465142535, 0.6629974597798476, 0.663844199830652, 0.6629974597798476, 0.6634208298052497, 0.6628563364380469, 0.6629974597798476, 0.6621507197290432, 0.6620095963872424, 0.6624329664126446, 0.6622918430708439, 0.661162856336438, 0.6620095963872424, 0.6615862263618403, 0.6621507197290432, 0.661727349703641, 0.6628563364380469, 0.6615862263618403, 0.661727349703641, 0.6610217329946373, 0.6614451030200396, 0.6605983629692351, 0.6614451030200396, 0.6601749929438329, 0.6601749929438329, 0.6587637595258256, 0.6603161162856337, 0.6577758961332204, 0.6604572396274344, 0.6589048828676263, 0.6600338696020321, 0.6583403895004234, 0.6591871295512278, 0.6581992661586227, 0.6597516229184307, 0.6583403895004234, 0.6591871295512278, 0.6591871295512278, 0.6594693762348293, 0.6573525261078182, 0.6589048828676263, 0.6586226361840248, 0.6591871295512278, 0.6579170194750211, 0.6584815128422241, 0.6583403895004234, 0.659046006209427, 0.6573525261078182, 0.657493649449619, 0.6573525261078182, 0.6566469093988145, 0.6563646627152131, 0.6563646627152131, 0.657493649449619, 0.6558001693480101, 0.6563646627152131, 0.6555179226644087, 0.6549534292972058, 0.6548123059554051, 0.6539655659046006, 0.6532599491955969, 0.6532599491955969, 0.6524132091447925, 0.6524132091447925, 0.6518487157775896, 0.6511430990685859, 0.650578605701383, 0.6508608523849845, 0.6497318656505786, 0.6510019757267852, 0.6502963590177815, 0.6521309624611911, 0.650578605701383, 0.6507197290431838, 0.6510019757267852, 0.6495907423087779, 0.6498729889923793, 0.6512842224103866, 0.6495907423087779, 0.6501552356759808, 0.6491673722833756, 0.6493084956251765, 0.6495907423087779, 0.6487440022579735, 0.648461755574372, 0.6480383855489698, 0.6473327688399662, 0.6459215354219587, 0.6470505221563647, 0.6466271521309624, 0.6464860287891617, 0.6474738921817669, 0.6477561388653683, 0.6466271521309624, 0.6466271521309624, 0.6473327688399662, 0.6476150155235676, 0.6476150155235676, 0.6460626587637596, 0.6469093988145639, 0.646344905447361, 0.6473327688399662, 0.645780412080158, 0.6480383855489698, 0.6464860287891617, 0.6476150155235676, 0.6462037821055603, 0.647897262207169, 0.6452159187129551, 0.645780412080158, 0.6454981653965566, 0.6446514253457521, 0.6456392887383573, 0.6466271521309624, 0.6452159187129551, 0.6462037821055603, 0.6440869319785493, 0.6445103020039514, 0.6456392887383573, 0.6439458086367486, 0.6446514253457521, 0.6452159187129551])
lr=3e-05, lamb=0.001, best_valid_acc=([12550.981128931046, 11832.554307758808, 11745.590531349182, 11685.73199814558, 11610.15446203947, 11471.58567994833, 11190.207118332386, 10868.737352490425, 10659.881011128426, 10529.768322765827, 10438.330017507076, 10374.725836277008, 10324.800064265728, 10285.895885765553, 10254.878881543875, 10230.183179914951, 10208.448480784893, 10186.436480492353, 10166.711109548807, 10152.667627334595, 10137.181542873383, 10123.398466914892, 10107.636221766472, 10100.20752069354, 10085.209402039647, 10072.280958592892, 10060.69903922081, 10049.583184346557, 10038.06760314107, 10028.602540999651, 10019.248310983181, 10006.714853733778, 9996.76073679328, 9987.93213993311, 9977.278301656246, 9966.461525961757, 9955.373572006822, 9944.108540728688, 9932.22093988955, 9918.783896058798, 9906.013029843569, 9892.6269518435, 9877.495774507523, 9862.75733461976, 9846.710205063224, 9828.866772592068, 9807.76393289864, 9784.900289148092, 9760.805039703846, 9737.059718847275, 9712.549384459853, 9688.953210368752, 9665.092397511005, 9644.105185419321, 9623.109453588724, 9603.398990869522, 9583.872912585735, 9566.88075312972, 9549.21709895134, 9532.425503268838, 9517.198030173779, 9502.084155410528, 9488.636237591505, 9473.839459896088, 9459.767039611936, 9447.9294642061, 9433.84674692154, 9421.9884981215, 9410.953409671783, 9398.981477349997, 9387.18357604742, 9376.676828190684, 9366.435817956924, 9356.698437064886, 9346.878595933318, 9336.799504846334, 9327.565192088485, 9319.161327138543, 9310.616867169738, 9302.545721620321, 9294.55721525848, 9286.714025348425, 9278.958649814129, 9271.5237980932, 9264.813303515315, 9257.724464580417, 9250.650774076581, 9243.218386113644, 9236.991201162338, 9230.568827360868, 9223.989217042923, 9217.874593481421, 9211.728860601783, 9206.316493958235, 9200.345205157995, 9194.82109837234, 9190.386559382081, 9184.480560690165, 9178.91635838151, 9173.574880197644, 9168.090585961938, 9162.868178784847, 9158.336076900363, 9152.74411574006, 9148.416897654533, 9143.53591287136, 9138.980935916305, 9135.441093087196, 9130.30932328105, 9125.786777213216, 9121.425993278623, 9116.463001996279, 9112.66591309011, 9108.070583537221, 9103.714039459825, 9100.302322283387, 9095.67546582222, 9091.343915387988, 9087.266814649105, 9083.544654294848, 9079.087473928928, 9075.663245648146, 9071.838734596968, 9066.778680443764, 9063.694390147924, 9060.089337557554, 9056.056789159775, 9053.281479045749, 9049.697951689363, 9044.903480023146, 9041.955652102828, 9038.905055344105, 9035.356609299779, 9031.389235690236, 9026.776405155659, 9022.331827536225, 9018.88929323852, 9015.381037443876, 9012.07219016552, 9005.694271564484, 9003.467642992735, 8999.297730207443, 8995.126075059175, 8991.140995964408, 8987.072781398892, 8983.641052007675, 8979.930162787437, 8976.63184826076, 8973.36018063128, 8969.042743891478, 8964.6410805583, 8961.919145077467, 8957.532047361135, 8954.70540355146, 8950.654729619622, 8947.768969625235, 8944.638660162687, 8940.463342159986, 8936.864413678646, 8933.583158835769, 8929.181341961026, 8925.067254140973, 8920.818970307708, 8917.536382839084, 8912.373390436172, 8906.869124755263, 8901.757881760597, 8897.786223769188, 8890.91300971806, 8884.250647217035, 8876.63466566801, 8868.53360389173, 8859.553497821093, 8848.613183051348, 8836.392777621746, 8821.707199394703, 8807.505126833916, 8792.554109692574, 8775.163862735033, 8758.151787012815, 8740.674224585295, 8724.619247466326, 8708.154259592295, 8693.234067112207, 8677.906317979097, 8664.08506026864, 8649.646850585938, 8637.088347285986, 8622.752067416906, 8610.270940035582, 8598.005494832993, 8584.84974014759, 8574.269266366959, 8563.650644034147, 8552.060638785362, 8542.457295149565, 8532.495732843876, 8521.799196124077, 8512.617172420025, 8503.356260746717], [0.678662150719729, 0.6800733841377364, 0.6799322607959356, 0.6800733841377364, 0.6824724809483489, 0.6855771944679651, 0.6999717753316399, 0.7033587355348575, 0.7074513124470787, 0.7068868190798758, 0.7081569291560824, 0.7064634490544736, 0.709427039232289, 0.7101326559412927, 0.7111205193338979, 0.7092859158904883, 0.7106971493084956, 0.7098504092576913, 0.7085802991814846, 0.7077335591306803, 0.7091447925486876, 0.7090036692068868, 0.707874682472481, 0.7092859158904883, 0.7092859158904883, 0.7082980524978831, 0.707874682472481, 0.707874682472481, 0.707310189105278, 0.7074513124470787, 0.707310189105278, 0.7068868190798758, 0.7058989556872707, 0.7063223257126728, 0.7066045723962744, 0.7064634490544736, 0.7056167090036692, 0.7053344623200677, 0.7050522156364663, 0.7050522156364663, 0.7053344623200677, 0.70575783234547, 0.7049110922946655, 0.7053344623200677, 0.7061812023708721, 0.7071690657634773, 0.7061812023708721, 0.707874682472481, 0.7081569291560824, 0.7088625458650861, 0.7082980524978831, 0.7064634490544736, 0.705193338978267, 0.7040643522438611, 0.7036409822184589, 0.7026531188258538, 0.7008185153824442, 0.7009596387242449, 0.7008185153824442, 0.6996895286480384, 0.6987016652554332, 0.6991250352808355, 0.698278295230031, 0.6984194185718318, 0.6987016652554332, 0.6978549252046289, 0.6977138018628282, 0.6964436917866215, 0.69616144510302, 0.6964436917866215, 0.6963025684448207, 0.69616144510302, 0.6951735817104149, 0.6958791984194186, 0.6957380750776179, 0.6948913350268134, 0.6934801016088061, 0.694044594976009, 0.6930567315834039, 0.694044594976009, 0.6936212249506069, 0.6931978549252046, 0.692492238216201, 0.6927744848998024, 0.6926333615580017, 0.6933389782670054, 0.6933389782670054, 0.6937623482924076, 0.6941857183178097, 0.6936212249506069, 0.6939034716342083, 0.6933389782670054, 0.6930567315834039, 0.6941857183178097, 0.6950324583686142, 0.6948913350268134, 0.6951735817104149, 0.6948913350268134, 0.694609088343212, 0.6937623482924076, 0.6937623482924076, 0.6934801016088061, 0.6930567315834039, 0.6927744848998024, 0.6926333615580017, 0.6920688681907987, 0.6922099915325995, 0.6917866215071973, 0.6910810047981937, 0.6916454981653966, 0.6912221281399944, 0.6912221281399944, 0.6912221281399944, 0.6909398814563928, 0.6906576347727914, 0.6905165114309907, 0.6900931414055885, 0.6910810047981937, 0.6905165114309907, 0.689810894721987, 0.6900931414055885, 0.6892464013547841, 0.6899520180637877, 0.6885407846457804, 0.688258537962179, 0.6895286480383855, 0.6891052780129834, 0.6883996613039797, 0.6891052780129834, 0.6891052780129834, 0.6893875246965848, 0.6889641546711827, 0.6879762912785775, 0.6878351679367768, 0.6883996613039797, 0.6883996613039797, 0.6885407846457804, 0.687694044594976, 0.6899520180637877, 0.6875529212531752, 0.6885407846457804, 0.6868473045441716, 0.6881174146203782, 0.6892464013547841, 0.687694044594976, 0.6883996613039797, 0.6879762912785775, 0.6883996613039797, 0.6888230313293818, 0.6881174146203782, 0.688258537962179, 0.6874117979113745, 0.6867061812023709, 0.688258537962179, 0.6871295512277731, 0.6868473045441716, 0.6862828111769687, 0.6878351679367768, 0.6867061812023709, 0.6861416878351679, 0.6868473045441716, 0.687694044594976, 0.6865650578605701, 0.6872706745695738, 0.6861416878351679, 0.6867061812023709, 0.6865650578605701, 0.6864239345187694, 0.6871295512277731, 0.6875529212531752, 0.6878351679367768, 0.6879762912785775, 0.6879762912785775, 0.6871295512277731, 0.6893875246965848, 0.6879762912785775, 0.6871295512277731, 0.6871295512277731, 0.6868473045441716, 0.6871295512277731, 0.6865650578605701, 0.6874117979113745, 0.6862828111769687, 0.6860005644933672, 0.6848715777589613, 0.6850127011007621, 0.6852949477843635, 0.6837425910245555, 0.6831780976573525, 0.6824724809483489, 0.6823313576065482, 0.683460344340954, 0.6833192209991532, 0.6821902342647473, 0.6814846175557437, 0.6809201241885408, 0.6809201241885408, 0.6804967541631386, 0.6804967541631386, 0.6810612475303415])
